[0.272s] Invoking command in '/home/devpc/Desktop/quad_ws/src/quad': PYTHONPATH=/home/devpc/Desktop/quad_ws/install/quad/lib/python3.8/site-packages:${PYTHONPATH} /usr/bin/python3 setup.py egg_info --egg-base ../../build/quad build --build-base /home/devpc/Desktop/quad_ws/build/quad/build install --prefix /home/devpc/Desktop/quad_ws/install/quad --record /home/devpc/Desktop/quad_ws/build/quad/install.log --single-version-externally-managed
[0.499s] running egg_info
[0.499s] writing ../../build/quad/quad.egg-info/PKG-INFO
[0.500s] writing dependency_links to ../../build/quad/quad.egg-info/dependency_links.txt
[0.500s] writing entry points to ../../build/quad/quad.egg-info/entry_points.txt
[0.500s] writing requirements to ../../build/quad/quad.egg-info/requires.txt
[0.500s] writing top-level names to ../../build/quad/quad.egg-info/top_level.txt
[0.549s] reading manifest file '../../build/quad/quad.egg-info/SOURCES.txt'
[0.550s] writing manifest file '../../build/quad/quad.egg-info/SOURCES.txt'
[0.551s] running build
[0.551s] running build_py
[0.551s] running install
[0.552s] running install_lib
[0.553s] running install_data
[0.554s] copying quad/src/bezier_gait.py -> /home/devpc/Desktop/quad_ws/install/quad/lib/quad/src
[0.555s] running install_egg_info
[0.556s] removing '/home/devpc/Desktop/quad_ws/install/quad/lib/python3.8/site-packages/quad-0.0.1-py3.8.egg-info' (and everything under it)
[0.556s] Copying ../../build/quad/quad.egg-info to /home/devpc/Desktop/quad_ws/install/quad/lib/python3.8/site-packages/quad-0.0.1-py3.8.egg-info
[0.557s] running install_scripts
[0.573s] Installing motion_servos_calibration script to /home/devpc/Desktop/quad_ws/install/quad/lib/quad
[0.573s] Installing quad script to /home/devpc/Desktop/quad_ws/install/quad/lib/quad
[0.573s] writing list of installed files to '/home/devpc/Desktop/quad_ws/build/quad/install.log'
[0.593s] Invoked command in '/home/devpc/Desktop/quad_ws/src/quad' returned '0': PYTHONPATH=/home/devpc/Desktop/quad_ws/install/quad/lib/python3.8/site-packages:${PYTHONPATH} /usr/bin/python3 setup.py egg_info --egg-base ../../build/quad build --build-base /home/devpc/Desktop/quad_ws/build/quad/build install --prefix /home/devpc/Desktop/quad_ws/install/quad --record /home/devpc/Desktop/quad_ws/build/quad/install.log --single-version-externally-managed
