[  8%] Built target shape_msgs__rosidl_generator_c
[ 10%] Built target shape_msgs__cpp
[ 18%] Built target shape_msgs__rosidl_typesupport_c
[ 27%] Built target shape_msgs__rosidl_typesupport_microxrcedds_c
[ 36%] Built target shape_msgs__rosidl_typesupport_introspection_c
[ 44%] Built target shape_msgs__rosidl_typesupport_introspection_cpp
[ 53%] Built target shape_msgs__rosidl_typesupport_cpp
[ 62%] Built target shape_msgs__rosidl_typesupport_fastrtps_cpp
[ 71%] Built target shape_msgs__rosidl_typesupport_microxrcedds_cpp
[ 79%] Built target shape_msgs__rosidl_typesupport_fastrtps_c
[ 79%] Built target shape_msgs
[ 81%] Built target shape_msgs__py
[ 88%] Built target shape_msgs__python
[ 91%] Built target shape_msgs__rosidl_typesupport_fastrtps_c__pyext
[ 94%] Built target shape_msgs__rosidl_typesupport_introspection_c__pyext
[ 97%] Built target shape_msgs__rosidl_typesupport_microxrcedds_c__pyext
[100%] Built target shape_msgs__rosidl_typesupport_c__pyext
-- Install configuration: ""
-- Up-to-date: /home/devpc/Desktop/microros_ws/install/shape_msgs/share/ament_index/resource_index/rosidl_interfaces/shape_msgs
-- Up-to-date: /home/devpc/Desktop/microros_ws/install/shape_msgs/include/shape_msgs
-- Up-to-date: /home/devpc/Desktop/microros_ws/install/shape_msgs/include/shape_msgs/msg
-- Up-to-date: /home/devpc/Desktop/microros_ws/install/shape_msgs/include/shape_msgs/msg/mesh_triangle.h
-- Up-to-date: /home/devpc/Desktop/microros_ws/install/shape_msgs/include/shape_msgs/msg/plane.h
-- Up-to-date: /home/devpc/Desktop/microros_ws/install/shape_msgs/include/shape_msgs/msg/detail
-- Up-to-date: /home/devpc/Desktop/microros_ws/install/shape_msgs/include/shape_msgs/msg/detail/plane__functions.h
-- Up-to-date: /home/devpc/Desktop/microros_ws/install/shape_msgs/include/shape_msgs/msg/detail/plane__struct.h
-- Up-to-date: /home/devpc/Desktop/microros_ws/install/shape_msgs/include/shape_msgs/msg/detail/mesh_triangle__struct.h
-- Up-to-date: /home/devpc/Desktop/microros_ws/install/shape_msgs/include/shape_msgs/msg/detail/solid_primitive__type_support.h
-- Up-to-date: /home/devpc/Desktop/microros_ws/install/shape_msgs/include/shape_msgs/msg/detail/solid_primitive__functions.h
-- Up-to-date: /home/devpc/Desktop/microros_ws/install/shape_msgs/include/shape_msgs/msg/detail/mesh__functions.c
-- Up-to-date: /home/devpc/Desktop/microros_ws/install/shape_msgs/include/shape_msgs/msg/detail/mesh__functions.h
-- Up-to-date: /home/devpc/Desktop/microros_ws/install/shape_msgs/include/shape_msgs/msg/detail/solid_primitive__functions.c
-- Up-to-date: /home/devpc/Desktop/microros_ws/install/shape_msgs/include/shape_msgs/msg/detail/solid_primitive__struct.h
-- Up-to-date: /home/devpc/Desktop/microros_ws/install/shape_msgs/include/shape_msgs/msg/detail/mesh_triangle__functions.c
-- Up-to-date: /home/devpc/Desktop/microros_ws/install/shape_msgs/include/shape_msgs/msg/detail/plane__functions.c
-- Up-to-date: /home/devpc/Desktop/microros_ws/install/shape_msgs/include/shape_msgs/msg/detail/mesh_triangle__functions.h
-- Up-to-date: /home/devpc/Desktop/microros_ws/install/shape_msgs/include/shape_msgs/msg/detail/plane__type_support.h
-- Up-to-date: /home/devpc/Desktop/microros_ws/install/shape_msgs/include/shape_msgs/msg/detail/mesh__type_support.h
-- Up-to-date: /home/devpc/Desktop/microros_ws/install/shape_msgs/include/shape_msgs/msg/detail/mesh_triangle__type_support.h
-- Up-to-date: /home/devpc/Desktop/microros_ws/install/shape_msgs/include/shape_msgs/msg/detail/mesh__struct.h
-- Up-to-date: /home/devpc/Desktop/microros_ws/install/shape_msgs/include/shape_msgs/msg/solid_primitive.h
-- Up-to-date: /home/devpc/Desktop/microros_ws/install/shape_msgs/include/shape_msgs/msg/mesh.h
-- Up-to-date: /home/devpc/Desktop/microros_ws/install/shape_msgs/include/shape_msgs/msg/rosidl_generator_c__visibility_control.h
-- Up-to-date: /home/devpc/Desktop/microros_ws/install/shape_msgs/share/shape_msgs/environment/library_path.sh
-- Up-to-date: /home/devpc/Desktop/microros_ws/install/shape_msgs/share/shape_msgs/environment/library_path.dsv
-- Up-to-date: /home/devpc/Desktop/microros_ws/install/shape_msgs/lib/libshape_msgs__rosidl_generator_c.so
-- Up-to-date: /home/devpc/Desktop/microros_ws/install/shape_msgs/include/shape_msgs
-- Up-to-date: /home/devpc/Desktop/microros_ws/install/shape_msgs/include/shape_msgs/msg
-- Up-to-date: /home/devpc/Desktop/microros_ws/install/shape_msgs/include/shape_msgs/msg/detail
-- Up-to-date: /home/devpc/Desktop/microros_ws/install/shape_msgs/include/shape_msgs/msg/detail/plane__rosidl_typesupport_microxrcedds_c.h
-- Up-to-date: /home/devpc/Desktop/microros_ws/install/shape_msgs/include/shape_msgs/msg/detail/mesh__rosidl_typesupport_microxrcedds_c.h
-- Up-to-date: /home/devpc/Desktop/microros_ws/install/shape_msgs/include/shape_msgs/msg/detail/solid_primitive__rosidl_typesupport_microxrcedds_c.h
-- Up-to-date: /home/devpc/Desktop/microros_ws/install/shape_msgs/include/shape_msgs/msg/detail/microxrcedds
-- Up-to-date: /home/devpc/Desktop/microros_ws/install/shape_msgs/include/shape_msgs/msg/detail/mesh_triangle__rosidl_typesupport_microxrcedds_c.h
-- Up-to-date: /home/devpc/Desktop/microros_ws/install/shape_msgs/include/shape_msgs/msg/rosidl_typesupport_microxrcedds_c__visibility_control.h
-- Up-to-date: /home/devpc/Desktop/microros_ws/install/shape_msgs/lib/libshape_msgs__rosidl_typesupport_microxrcedds_c.so
-- Up-to-date: /home/devpc/Desktop/microros_ws/install/shape_msgs/include/shape_msgs
-- Up-to-date: /home/devpc/Desktop/microros_ws/install/shape_msgs/include/shape_msgs/msg
-- Up-to-date: /home/devpc/Desktop/microros_ws/install/shape_msgs/include/shape_msgs/msg/detail
-- Up-to-date: /home/devpc/Desktop/microros_ws/install/shape_msgs/include/shape_msgs/msg/detail/mesh__rosidl_typesupport_fastrtps_c.h
-- Up-to-date: /home/devpc/Desktop/microros_ws/install/shape_msgs/include/shape_msgs/msg/detail/solid_primitive__rosidl_typesupport_fastrtps_c.h
-- Up-to-date: /home/devpc/Desktop/microros_ws/install/shape_msgs/include/shape_msgs/msg/detail/mesh_triangle__rosidl_typesupport_fastrtps_c.h
-- Up-to-date: /home/devpc/Desktop/microros_ws/install/shape_msgs/include/shape_msgs/msg/detail/plane__rosidl_typesupport_fastrtps_c.h
-- Up-to-date: /home/devpc/Desktop/microros_ws/install/shape_msgs/include/shape_msgs/msg/rosidl_typesupport_fastrtps_c__visibility_control.h
-- Up-to-date: /home/devpc/Desktop/microros_ws/install/shape_msgs/lib/libshape_msgs__rosidl_typesupport_fastrtps_c.so
-- Up-to-date: /home/devpc/Desktop/microros_ws/install/shape_msgs/include/shape_msgs
-- Up-to-date: /home/devpc/Desktop/microros_ws/install/shape_msgs/include/shape_msgs/msg
-- Up-to-date: /home/devpc/Desktop/microros_ws/install/shape_msgs/include/shape_msgs/msg/detail
-- Up-to-date: /home/devpc/Desktop/microros_ws/install/shape_msgs/include/shape_msgs/msg/detail/plane__rosidl_typesupport_fastrtps_cpp.hpp
-- Up-to-date: /home/devpc/Desktop/microros_ws/install/shape_msgs/include/shape_msgs/msg/detail/solid_primitive__rosidl_typesupport_fastrtps_cpp.hpp
-- Up-to-date: /home/devpc/Desktop/microros_ws/install/shape_msgs/include/shape_msgs/msg/detail/mesh__rosidl_typesupport_fastrtps_cpp.hpp
-- Up-to-date: /home/devpc/Desktop/microros_ws/install/shape_msgs/include/shape_msgs/msg/detail/dds_fastrtps
-- Up-to-date: /home/devpc/Desktop/microros_ws/install/shape_msgs/include/shape_msgs/msg/detail/mesh_triangle__rosidl_typesupport_fastrtps_cpp.hpp
-- Up-to-date: /home/devpc/Desktop/microros_ws/install/shape_msgs/include/shape_msgs/msg/rosidl_typesupport_fastrtps_cpp__visibility_control.h
-- Up-to-date: /home/devpc/Desktop/microros_ws/install/shape_msgs/lib/libshape_msgs__rosidl_typesupport_fastrtps_cpp.so
-- Up-to-date: /home/devpc/Desktop/microros_ws/install/shape_msgs/include/shape_msgs
-- Up-to-date: /home/devpc/Desktop/microros_ws/install/shape_msgs/include/shape_msgs/msg
-- Up-to-date: /home/devpc/Desktop/microros_ws/install/shape_msgs/include/shape_msgs/msg/detail
-- Up-to-date: /home/devpc/Desktop/microros_ws/install/shape_msgs/include/shape_msgs/msg/detail/mesh_triangle__type_support.c
-- Up-to-date: /home/devpc/Desktop/microros_ws/install/shape_msgs/include/shape_msgs/msg/detail/plane__rosidl_typesupport_introspection_c.h
-- Up-to-date: /home/devpc/Desktop/microros_ws/install/shape_msgs/include/shape_msgs/msg/detail/mesh__type_support.c
-- Up-to-date: /home/devpc/Desktop/microros_ws/install/shape_msgs/include/shape_msgs/msg/detail/mesh_triangle__rosidl_typesupport_introspection_c.h
-- Up-to-date: /home/devpc/Desktop/microros_ws/install/shape_msgs/include/shape_msgs/msg/detail/solid_primitive__type_support.c
-- Up-to-date: /home/devpc/Desktop/microros_ws/install/shape_msgs/include/shape_msgs/msg/detail/mesh__rosidl_typesupport_introspection_c.h
-- Up-to-date: /home/devpc/Desktop/microros_ws/install/shape_msgs/include/shape_msgs/msg/detail/solid_primitive__rosidl_typesupport_introspection_c.h
-- Up-to-date: /home/devpc/Desktop/microros_ws/install/shape_msgs/include/shape_msgs/msg/detail/plane__type_support.c
-- Up-to-date: /home/devpc/Desktop/microros_ws/install/shape_msgs/include/shape_msgs/msg/rosidl_typesupport_introspection_c__visibility_control.h
-- Up-to-date: /home/devpc/Desktop/microros_ws/install/shape_msgs/lib/libshape_msgs__rosidl_typesupport_introspection_c.so
-- Up-to-date: /home/devpc/Desktop/microros_ws/install/shape_msgs/lib/libshape_msgs__rosidl_typesupport_c.so
-- Up-to-date: /home/devpc/Desktop/microros_ws/install/shape_msgs/include/shape_msgs
-- Up-to-date: /home/devpc/Desktop/microros_ws/install/shape_msgs/include/shape_msgs/msg
-- Up-to-date: /home/devpc/Desktop/microros_ws/install/shape_msgs/include/shape_msgs/msg/solid_primitive.hpp
-- Up-to-date: /home/devpc/Desktop/microros_ws/install/shape_msgs/include/shape_msgs/msg/mesh_triangle.hpp
-- Up-to-date: /home/devpc/Desktop/microros_ws/install/shape_msgs/include/shape_msgs/msg/detail
-- Up-to-date: /home/devpc/Desktop/microros_ws/install/shape_msgs/include/shape_msgs/msg/detail/mesh__builder.hpp
-- Up-to-date: /home/devpc/Desktop/microros_ws/install/shape_msgs/include/shape_msgs/msg/detail/plane__traits.hpp
-- Up-to-date: /home/devpc/Desktop/microros_ws/install/shape_msgs/include/shape_msgs/msg/detail/solid_primitive__builder.hpp
-- Up-to-date: /home/devpc/Desktop/microros_ws/install/shape_msgs/include/shape_msgs/msg/detail/plane__struct.hpp
-- Up-to-date: /home/devpc/Desktop/microros_ws/install/shape_msgs/include/shape_msgs/msg/detail/mesh__struct.hpp
-- Up-to-date: /home/devpc/Desktop/microros_ws/install/shape_msgs/include/shape_msgs/msg/detail/solid_primitive__traits.hpp
-- Up-to-date: /home/devpc/Desktop/microros_ws/install/shape_msgs/include/shape_msgs/msg/detail/mesh__traits.hpp
-- Up-to-date: /home/devpc/Desktop/microros_ws/install/shape_msgs/include/shape_msgs/msg/detail/solid_primitive__struct.hpp
-- Up-to-date: /home/devpc/Desktop/microros_ws/install/shape_msgs/include/shape_msgs/msg/detail/mesh_triangle__builder.hpp
-- Up-to-date: /home/devpc/Desktop/microros_ws/install/shape_msgs/include/shape_msgs/msg/detail/plane__builder.hpp
-- Up-to-date: /home/devpc/Desktop/microros_ws/install/shape_msgs/include/shape_msgs/msg/detail/mesh_triangle__struct.hpp
-- Up-to-date: /home/devpc/Desktop/microros_ws/install/shape_msgs/include/shape_msgs/msg/detail/mesh_triangle__traits.hpp
-- Up-to-date: /home/devpc/Desktop/microros_ws/install/shape_msgs/include/shape_msgs/msg/mesh.hpp
-- Up-to-date: /home/devpc/Desktop/microros_ws/install/shape_msgs/include/shape_msgs/msg/plane.hpp
-- Up-to-date: /home/devpc/Desktop/microros_ws/install/shape_msgs/include/shape_msgs
-- Up-to-date: /home/devpc/Desktop/microros_ws/install/shape_msgs/include/shape_msgs/msg
-- Up-to-date: /home/devpc/Desktop/microros_ws/install/shape_msgs/include/shape_msgs/msg/detail
-- Up-to-date: /home/devpc/Desktop/microros_ws/install/shape_msgs/include/shape_msgs/msg/detail/solid_primitive__rosidl_typesupport_microxrcedds_cpp.hpp
-- Up-to-date: /home/devpc/Desktop/microros_ws/install/shape_msgs/include/shape_msgs/msg/detail/mesh__rosidl_typesupport_microxrcedds_cpp.hpp
-- Up-to-date: /home/devpc/Desktop/microros_ws/install/shape_msgs/include/shape_msgs/msg/detail/microxrcedds
-- Up-to-date: /home/devpc/Desktop/microros_ws/install/shape_msgs/include/shape_msgs/msg/detail/microxrcedds/mesh__type_support_cpp.cpp
-- Up-to-date: /home/devpc/Desktop/microros_ws/install/shape_msgs/include/shape_msgs/msg/detail/microxrcedds/plane__type_support_cpp.cpp
-- Up-to-date: /home/devpc/Desktop/microros_ws/install/shape_msgs/include/shape_msgs/msg/detail/microxrcedds/solid_primitive__type_support_cpp.cpp
-- Up-to-date: /home/devpc/Desktop/microros_ws/install/shape_msgs/include/shape_msgs/msg/detail/microxrcedds/mesh_triangle__type_support_cpp.cpp
-- Up-to-date: /home/devpc/Desktop/microros_ws/install/shape_msgs/include/shape_msgs/msg/detail/plane__rosidl_typesupport_microxrcedds_cpp.hpp
-- Up-to-date: /home/devpc/Desktop/microros_ws/install/shape_msgs/include/shape_msgs/msg/detail/mesh_triangle__rosidl_typesupport_microxrcedds_cpp.hpp
-- Up-to-date: /home/devpc/Desktop/microros_ws/install/shape_msgs/include/shape_msgs/msg/rosidl_typesupport_microxrcedds_cpp__visibility_control.h
-- Up-to-date: /home/devpc/Desktop/microros_ws/install/shape_msgs/lib/libshape_msgs__rosidl_typesupport_microxrcedds_cpp.so
-- Up-to-date: /home/devpc/Desktop/microros_ws/install/shape_msgs/include/shape_msgs
-- Up-to-date: /home/devpc/Desktop/microros_ws/install/shape_msgs/include/shape_msgs/msg
-- Up-to-date: /home/devpc/Desktop/microros_ws/install/shape_msgs/include/shape_msgs/msg/detail
-- Up-to-date: /home/devpc/Desktop/microros_ws/install/shape_msgs/include/shape_msgs/msg/detail/mesh__rosidl_typesupport_introspection_cpp.hpp
-- Up-to-date: /home/devpc/Desktop/microros_ws/install/shape_msgs/include/shape_msgs/msg/detail/mesh_triangle__rosidl_typesupport_introspection_cpp.hpp
-- Up-to-date: /home/devpc/Desktop/microros_ws/install/shape_msgs/include/shape_msgs/msg/detail/plane__rosidl_typesupport_introspection_cpp.hpp
-- Up-to-date: /home/devpc/Desktop/microros_ws/install/shape_msgs/include/shape_msgs/msg/detail/solid_primitive__type_support.cpp
-- Up-to-date: /home/devpc/Desktop/microros_ws/install/shape_msgs/include/shape_msgs/msg/detail/plane__type_support.cpp
-- Up-to-date: /home/devpc/Desktop/microros_ws/install/shape_msgs/include/shape_msgs/msg/detail/solid_primitive__rosidl_typesupport_introspection_cpp.hpp
-- Up-to-date: /home/devpc/Desktop/microros_ws/install/shape_msgs/include/shape_msgs/msg/detail/mesh_triangle__type_support.cpp
-- Up-to-date: /home/devpc/Desktop/microros_ws/install/shape_msgs/include/shape_msgs/msg/detail/mesh__type_support.cpp
-- Up-to-date: /home/devpc/Desktop/microros_ws/install/shape_msgs/lib/libshape_msgs__rosidl_typesupport_introspection_cpp.so
-- Up-to-date: /home/devpc/Desktop/microros_ws/install/shape_msgs/lib/libshape_msgs__rosidl_typesupport_cpp.so
-- Up-to-date: /home/devpc/Desktop/microros_ws/install/shape_msgs/share/shape_msgs/environment/pythonpath.sh
-- Up-to-date: /home/devpc/Desktop/microros_ws/install/shape_msgs/share/shape_msgs/environment/pythonpath.dsv
-- Up-to-date: /home/devpc/Desktop/microros_ws/install/shape_msgs/lib/python3.8/site-packages/shape_msgs/__init__.py
-- Up-to-date: /home/devpc/Desktop/microros_ws/install/shape_msgs/lib/python3.8/site-packages/shape_msgs/msg
-- Up-to-date: /home/devpc/Desktop/microros_ws/install/shape_msgs/lib/python3.8/site-packages/shape_msgs/msg/_mesh_s.c
-- Up-to-date: /home/devpc/Desktop/microros_ws/install/shape_msgs/lib/python3.8/site-packages/shape_msgs/msg/_plane_s.c
-- Up-to-date: /home/devpc/Desktop/microros_ws/install/shape_msgs/lib/python3.8/site-packages/shape_msgs/msg/_mesh_triangle_s.c
-- Up-to-date: /home/devpc/Desktop/microros_ws/install/shape_msgs/lib/python3.8/site-packages/shape_msgs/msg/_mesh.py
-- Up-to-date: /home/devpc/Desktop/microros_ws/install/shape_msgs/lib/python3.8/site-packages/shape_msgs/msg/__init__.py
-- Up-to-date: /home/devpc/Desktop/microros_ws/install/shape_msgs/lib/python3.8/site-packages/shape_msgs/msg/_solid_primitive_s.c
-- Up-to-date: /home/devpc/Desktop/microros_ws/install/shape_msgs/lib/python3.8/site-packages/shape_msgs/msg/_mesh_triangle.py
-- Up-to-date: /home/devpc/Desktop/microros_ws/install/shape_msgs/lib/python3.8/site-packages/shape_msgs/msg/_plane.py
-- Up-to-date: /home/devpc/Desktop/microros_ws/install/shape_msgs/lib/python3.8/site-packages/shape_msgs/msg/_solid_primitive.py
-- Up-to-date: /home/devpc/Desktop/microros_ws/install/shape_msgs/lib/python3.8/site-packages/shape_msgs/shape_msgs_s__rosidl_typesupport_microxrcedds_c.cpython-38-x86_64-linux-gnu.so
-- Up-to-date: /home/devpc/Desktop/microros_ws/install/shape_msgs/lib/python3.8/site-packages/shape_msgs/shape_msgs_s__rosidl_typesupport_fastrtps_c.cpython-38-x86_64-linux-gnu.so
-- Up-to-date: /home/devpc/Desktop/microros_ws/install/shape_msgs/lib/python3.8/site-packages/shape_msgs/shape_msgs_s__rosidl_typesupport_introspection_c.cpython-38-x86_64-linux-gnu.so
-- Up-to-date: /home/devpc/Desktop/microros_ws/install/shape_msgs/lib/python3.8/site-packages/shape_msgs/shape_msgs_s__rosidl_typesupport_c.cpython-38-x86_64-linux-gnu.so
-- Up-to-date: /home/devpc/Desktop/microros_ws/install/shape_msgs/lib/libshape_msgs__python.so
-- Up-to-date: /home/devpc/Desktop/microros_ws/install/shape_msgs/share/shape_msgs/msg/Mesh.idl
-- Up-to-date: /home/devpc/Desktop/microros_ws/install/shape_msgs/share/shape_msgs/msg/MeshTriangle.idl
-- Up-to-date: /home/devpc/Desktop/microros_ws/install/shape_msgs/share/shape_msgs/msg/Plane.idl
-- Up-to-date: /home/devpc/Desktop/microros_ws/install/shape_msgs/share/shape_msgs/msg/SolidPrimitive.idl
-- Up-to-date: /home/devpc/Desktop/microros_ws/install/shape_msgs/share/shape_msgs/msg/Mesh.msg
-- Up-to-date: /home/devpc/Desktop/microros_ws/install/shape_msgs/share/shape_msgs/msg/MeshTriangle.msg
-- Up-to-date: /home/devpc/Desktop/microros_ws/install/shape_msgs/share/shape_msgs/msg/Plane.msg
-- Up-to-date: /home/devpc/Desktop/microros_ws/install/shape_msgs/share/shape_msgs/msg/SolidPrimitive.msg
-- Up-to-date: /home/devpc/Desktop/microros_ws/install/shape_msgs/share/ament_index/resource_index/package_run_dependencies/shape_msgs
-- Up-to-date: /home/devpc/Desktop/microros_ws/install/shape_msgs/share/ament_index/resource_index/parent_prefix_path/shape_msgs
-- Up-to-date: /home/devpc/Desktop/microros_ws/install/shape_msgs/share/shape_msgs/environment/ament_prefix_path.sh
-- Up-to-date: /home/devpc/Desktop/microros_ws/install/shape_msgs/share/shape_msgs/environment/ament_prefix_path.dsv
-- Up-to-date: /home/devpc/Desktop/microros_ws/install/shape_msgs/share/shape_msgs/environment/path.sh
-- Up-to-date: /home/devpc/Desktop/microros_ws/install/shape_msgs/share/shape_msgs/environment/path.dsv
-- Up-to-date: /home/devpc/Desktop/microros_ws/install/shape_msgs/share/shape_msgs/local_setup.bash
-- Up-to-date: /home/devpc/Desktop/microros_ws/install/shape_msgs/share/shape_msgs/local_setup.sh
-- Up-to-date: /home/devpc/Desktop/microros_ws/install/shape_msgs/share/shape_msgs/local_setup.zsh
-- Up-to-date: /home/devpc/Desktop/microros_ws/install/shape_msgs/share/shape_msgs/local_setup.dsv
-- Installing: /home/devpc/Desktop/microros_ws/install/shape_msgs/share/shape_msgs/package.dsv
-- Up-to-date: /home/devpc/Desktop/microros_ws/install/shape_msgs/share/ament_index/resource_index/packages/shape_msgs
-- Up-to-date: /home/devpc/Desktop/microros_ws/install/shape_msgs/share/shape_msgs/cmake/shape_msgs__rosidl_generator_cExport.cmake
-- Up-to-date: /home/devpc/Desktop/microros_ws/install/shape_msgs/share/shape_msgs/cmake/shape_msgs__rosidl_generator_cExport-noconfig.cmake
-- Up-to-date: /home/devpc/Desktop/microros_ws/install/shape_msgs/share/shape_msgs/cmake/shape_msgs__rosidl_typesupport_introspection_cExport.cmake
-- Up-to-date: /home/devpc/Desktop/microros_ws/install/shape_msgs/share/shape_msgs/cmake/shape_msgs__rosidl_typesupport_introspection_cExport-noconfig.cmake
-- Up-to-date: /home/devpc/Desktop/microros_ws/install/shape_msgs/share/shape_msgs/cmake/shape_msgs__rosidl_typesupport_cExport.cmake
-- Up-to-date: /home/devpc/Desktop/microros_ws/install/shape_msgs/share/shape_msgs/cmake/shape_msgs__rosidl_typesupport_cExport-noconfig.cmake
-- Up-to-date: /home/devpc/Desktop/microros_ws/install/shape_msgs/share/shape_msgs/cmake/shape_msgs__rosidl_generator_cppExport.cmake
-- Up-to-date: /home/devpc/Desktop/microros_ws/install/shape_msgs/share/shape_msgs/cmake/shape_msgs__rosidl_typesupport_introspection_cppExport.cmake
-- Up-to-date: /home/devpc/Desktop/microros_ws/install/shape_msgs/share/shape_msgs/cmake/shape_msgs__rosidl_typesupport_introspection_cppExport-noconfig.cmake
-- Up-to-date: /home/devpc/Desktop/microros_ws/install/shape_msgs/share/shape_msgs/cmake/shape_msgs__rosidl_typesupport_cppExport.cmake
-- Up-to-date: /home/devpc/Desktop/microros_ws/install/shape_msgs/share/shape_msgs/cmake/shape_msgs__rosidl_typesupport_cppExport-noconfig.cmake
-- Up-to-date: /home/devpc/Desktop/microros_ws/install/shape_msgs/share/shape_msgs/cmake/rosidl_cmake-extras.cmake
-- Up-to-date: /home/devpc/Desktop/microros_ws/install/shape_msgs/share/shape_msgs/cmake/ament_cmake_export_dependencies-extras.cmake
-- Up-to-date: /home/devpc/Desktop/microros_ws/install/shape_msgs/share/shape_msgs/cmake/ament_cmake_export_libraries-extras.cmake
-- Up-to-date: /home/devpc/Desktop/microros_ws/install/shape_msgs/share/shape_msgs/cmake/ament_cmake_export_targets-extras.cmake
-- Up-to-date: /home/devpc/Desktop/microros_ws/install/shape_msgs/share/shape_msgs/cmake/ament_cmake_export_include_directories-extras.cmake
-- Up-to-date: /home/devpc/Desktop/microros_ws/install/shape_msgs/share/shape_msgs/cmake/rosidl_cmake_export_typesupport_libraries-extras.cmake
-- Up-to-date: /home/devpc/Desktop/microros_ws/install/shape_msgs/share/shape_msgs/cmake/rosidl_cmake_export_typesupport_targets-extras.cmake
-- Up-to-date: /home/devpc/Desktop/microros_ws/install/shape_msgs/share/shape_msgs/cmake/shape_msgsConfig.cmake
-- Up-to-date: /home/devpc/Desktop/microros_ws/install/shape_msgs/share/shape_msgs/cmake/shape_msgsConfig-version.cmake
-- Up-to-date: /home/devpc/Desktop/microros_ws/install/shape_msgs/share/shape_msgs/package.xml
