[0.061s] Invoking command in '/home/devpc/Desktop/microros_ws/build/std_srvs': CMAKE_PREFIX_PATH=${CMAKE_PREFIX_PATH}:/home/devpc/Desktop/microros_ws/install/sensor_msgs_py:/home/devpc/Desktop/quad_ws/install/quad:/opt/ros/foxy /usr/bin/cmake --build /home/devpc/Desktop/microros_ws/build/std_srvs -- -j8 -l8
[0.175s] [  8%] Built target std_srvs__rosidl_generator_c
[0.188s] [ 10%] Built target std_srvs__cpp
[0.260s] [ 18%] Built target std_srvs__rosidl_typesupport_microxrcedds_c
[0.341s] [ 27%] Built target std_srvs__rosidl_typesupport_fastrtps_cpp
[0.348s] [ 35%] Built target std_srvs__rosidl_typesupport_introspection_cpp
[0.350s] [ 44%] Built target std_srvs__rosidl_typesupport_introspection_c
[0.373s] [ 52%] Built target std_srvs__rosidl_typesupport_c
[0.380s] [ 61%] Built target std_srvs__rosidl_typesupport_cpp
[0.396s] [ 69%] Built target std_srvs__rosidl_typesupport_microxrcedds_cpp
[0.413s] [ 77%] Built target std_srvs__rosidl_typesupport_fastrtps_c
[0.502s] [ 77%] Built target std_srvs
[0.504s] [ 79%] Built target std_srvs__py
[0.554s] [ 86%] Built target std_srvs__python
[0.652s] [ 89%] Built target std_srvs__rosidl_typesupport_c__pyext
[0.660s] [ 93%] Built target std_srvs__rosidl_typesupport_microxrcedds_c__pyext
[0.664s] [ 96%] Built target std_srvs__rosidl_typesupport_introspection_c__pyext
[0.674s] [100%] Built target std_srvs__rosidl_typesupport_fastrtps_c__pyext
[0.716s] Invoked command in '/home/devpc/Desktop/microros_ws/build/std_srvs' returned '0': CMAKE_PREFIX_PATH=${CMAKE_PREFIX_PATH}:/home/devpc/Desktop/microros_ws/install/sensor_msgs_py:/home/devpc/Desktop/quad_ws/install/quad:/opt/ros/foxy /usr/bin/cmake --build /home/devpc/Desktop/microros_ws/build/std_srvs -- -j8 -l8
[1.022s] Invoking command in '/home/devpc/Desktop/microros_ws/build/std_srvs': CMAKE_PREFIX_PATH=${CMAKE_PREFIX_PATH}:/home/devpc/Desktop/microros_ws/install/sensor_msgs_py:/home/devpc/Desktop/quad_ws/install/quad:/opt/ros/foxy /usr/bin/cmake --install /home/devpc/Desktop/microros_ws/build/std_srvs
[1.041s] -- Install configuration: ""
[1.053s] -- Up-to-date: /home/devpc/Desktop/microros_ws/install/std_srvs/share/ament_index/resource_index/rosidl_interfaces/std_srvs
[1.053s] -- Up-to-date: /home/devpc/Desktop/microros_ws/install/std_srvs/include/std_srvs
[1.053s] -- Up-to-date: /home/devpc/Desktop/microros_ws/install/std_srvs/include/std_srvs/msg
[1.053s] -- Up-to-date: /home/devpc/Desktop/microros_ws/install/std_srvs/include/std_srvs/msg/rosidl_generator_c__visibility_control.h
[1.053s] -- Up-to-date: /home/devpc/Desktop/microros_ws/install/std_srvs/include/std_srvs/srv
[1.054s] -- Up-to-date: /home/devpc/Desktop/microros_ws/install/std_srvs/include/std_srvs/srv/detail
[1.054s] -- Up-to-date: /home/devpc/Desktop/microros_ws/install/std_srvs/include/std_srvs/srv/detail/trigger__type_support.h
[1.054s] -- Up-to-date: /home/devpc/Desktop/microros_ws/install/std_srvs/include/std_srvs/srv/detail/set_bool__functions.h
[1.054s] -- Up-to-date: /home/devpc/Desktop/microros_ws/install/std_srvs/include/std_srvs/srv/detail/empty__struct.h
[1.054s] -- Up-to-date: /home/devpc/Desktop/microros_ws/install/std_srvs/include/std_srvs/srv/detail/empty__type_support.h
[1.054s] -- Up-to-date: /home/devpc/Desktop/microros_ws/install/std_srvs/include/std_srvs/srv/detail/set_bool__functions.c
[1.054s] -- Up-to-date: /home/devpc/Desktop/microros_ws/install/std_srvs/include/std_srvs/srv/detail/trigger__functions.c
[1.055s] -- Up-to-date: /home/devpc/Desktop/microros_ws/install/std_srvs/include/std_srvs/srv/detail/set_bool__struct.h
[1.055s] -- Up-to-date: /home/devpc/Desktop/microros_ws/install/std_srvs/include/std_srvs/srv/detail/empty__functions.c
[1.055s] -- Up-to-date: /home/devpc/Desktop/microros_ws/install/std_srvs/include/std_srvs/srv/detail/empty__functions.h
[1.055s] -- Up-to-date: /home/devpc/Desktop/microros_ws/install/std_srvs/include/std_srvs/srv/detail/set_bool__type_support.h
[1.055s] -- Up-to-date: /home/devpc/Desktop/microros_ws/install/std_srvs/include/std_srvs/srv/detail/trigger__struct.h
[1.056s] -- Up-to-date: /home/devpc/Desktop/microros_ws/install/std_srvs/include/std_srvs/srv/detail/trigger__functions.h
[1.056s] -- Up-to-date: /home/devpc/Desktop/microros_ws/install/std_srvs/include/std_srvs/srv/set_bool.h
[1.056s] -- Up-to-date: /home/devpc/Desktop/microros_ws/install/std_srvs/include/std_srvs/srv/empty.h
[1.056s] -- Up-to-date: /home/devpc/Desktop/microros_ws/install/std_srvs/include/std_srvs/srv/trigger.h
[1.056s] -- Up-to-date: /home/devpc/Desktop/microros_ws/install/std_srvs/share/std_srvs/environment/library_path.sh
[1.058s] -- Up-to-date: /home/devpc/Desktop/microros_ws/install/std_srvs/share/std_srvs/environment/library_path.dsv
[1.058s] -- Up-to-date: /home/devpc/Desktop/microros_ws/install/std_srvs/lib/libstd_srvs__rosidl_generator_c.so
[1.058s] -- Up-to-date: /home/devpc/Desktop/microros_ws/install/std_srvs/include/std_srvs
[1.059s] -- Up-to-date: /home/devpc/Desktop/microros_ws/install/std_srvs/include/std_srvs/msg
[1.059s] -- Up-to-date: /home/devpc/Desktop/microros_ws/install/std_srvs/include/std_srvs/msg/rosidl_typesupport_microxrcedds_c__visibility_control.h
[1.059s] -- Up-to-date: /home/devpc/Desktop/microros_ws/install/std_srvs/include/std_srvs/srv
[1.060s] -- Up-to-date: /home/devpc/Desktop/microros_ws/install/std_srvs/include/std_srvs/srv/detail
[1.060s] -- Up-to-date: /home/devpc/Desktop/microros_ws/install/std_srvs/include/std_srvs/srv/detail/trigger__rosidl_typesupport_microxrcedds_c.h
[1.060s] -- Up-to-date: /home/devpc/Desktop/microros_ws/install/std_srvs/include/std_srvs/srv/detail/empty__rosidl_typesupport_microxrcedds_c.h
[1.061s] -- Up-to-date: /home/devpc/Desktop/microros_ws/install/std_srvs/include/std_srvs/srv/detail/set_bool__rosidl_typesupport_microxrcedds_c.h
[1.061s] -- Up-to-date: /home/devpc/Desktop/microros_ws/install/std_srvs/include/std_srvs/srv/detail/microxrcedds
[1.061s] -- Up-to-date: /home/devpc/Desktop/microros_ws/install/std_srvs/lib/libstd_srvs__rosidl_typesupport_microxrcedds_c.so
[1.062s] -- Up-to-date: /home/devpc/Desktop/microros_ws/install/std_srvs/include/std_srvs
[1.063s] -- Up-to-date: /home/devpc/Desktop/microros_ws/install/std_srvs/include/std_srvs/msg
[1.063s] -- Up-to-date: /home/devpc/Desktop/microros_ws/install/std_srvs/include/std_srvs/msg/rosidl_typesupport_fastrtps_c__visibility_control.h
[1.063s] -- Up-to-date: /home/devpc/Desktop/microros_ws/install/std_srvs/include/std_srvs/srv
[1.063s] -- Up-to-date: /home/devpc/Desktop/microros_ws/install/std_srvs/include/std_srvs/srv/detail
[1.063s] -- Up-to-date: /home/devpc/Desktop/microros_ws/install/std_srvs/include/std_srvs/srv/detail/set_bool__rosidl_typesupport_fastrtps_c.h
[1.064s] -- Up-to-date: /home/devpc/Desktop/microros_ws/install/std_srvs/include/std_srvs/srv/detail/empty__rosidl_typesupport_fastrtps_c.h
[1.064s] -- Up-to-date: /home/devpc/Desktop/microros_ws/install/std_srvs/include/std_srvs/srv/detail/trigger__rosidl_typesupport_fastrtps_c.h
[1.064s] -- Up-to-date: /home/devpc/Desktop/microros_ws/install/std_srvs/lib/libstd_srvs__rosidl_typesupport_fastrtps_c.so
[1.064s] -- Up-to-date: /home/devpc/Desktop/microros_ws/install/std_srvs/include/std_srvs
[1.064s] -- Up-to-date: /home/devpc/Desktop/microros_ws/install/std_srvs/include/std_srvs/msg
[1.065s] -- Up-to-date: /home/devpc/Desktop/microros_ws/install/std_srvs/include/std_srvs/msg/rosidl_typesupport_fastrtps_cpp__visibility_control.h
[1.065s] -- Up-to-date: /home/devpc/Desktop/microros_ws/install/std_srvs/include/std_srvs/srv
[1.066s] -- Up-to-date: /home/devpc/Desktop/microros_ws/install/std_srvs/include/std_srvs/srv/detail
[1.066s] -- Up-to-date: /home/devpc/Desktop/microros_ws/install/std_srvs/include/std_srvs/srv/detail/set_bool__rosidl_typesupport_fastrtps_cpp.hpp
[1.067s] -- Up-to-date: /home/devpc/Desktop/microros_ws/install/std_srvs/include/std_srvs/srv/detail/empty__rosidl_typesupport_fastrtps_cpp.hpp
[1.067s] -- Up-to-date: /home/devpc/Desktop/microros_ws/install/std_srvs/include/std_srvs/srv/detail/dds_fastrtps
[1.067s] -- Up-to-date: /home/devpc/Desktop/microros_ws/install/std_srvs/include/std_srvs/srv/detail/trigger__rosidl_typesupport_fastrtps_cpp.hpp
[1.067s] -- Up-to-date: /home/devpc/Desktop/microros_ws/install/std_srvs/lib/libstd_srvs__rosidl_typesupport_fastrtps_cpp.so
[1.068s] -- Up-to-date: /home/devpc/Desktop/microros_ws/install/std_srvs/include/std_srvs
[1.068s] -- Up-to-date: /home/devpc/Desktop/microros_ws/install/std_srvs/include/std_srvs/msg
[1.068s] -- Up-to-date: /home/devpc/Desktop/microros_ws/install/std_srvs/include/std_srvs/msg/rosidl_typesupport_introspection_c__visibility_control.h
[1.068s] -- Up-to-date: /home/devpc/Desktop/microros_ws/install/std_srvs/include/std_srvs/srv
[1.069s] -- Up-to-date: /home/devpc/Desktop/microros_ws/install/std_srvs/include/std_srvs/srv/detail
[1.069s] -- Up-to-date: /home/devpc/Desktop/microros_ws/install/std_srvs/include/std_srvs/srv/detail/empty__rosidl_typesupport_introspection_c.h
[1.070s] -- Up-to-date: /home/devpc/Desktop/microros_ws/install/std_srvs/include/std_srvs/srv/detail/empty__type_support.c
[1.071s] -- Up-to-date: /home/devpc/Desktop/microros_ws/install/std_srvs/include/std_srvs/srv/detail/set_bool__type_support.c
[1.071s] -- Up-to-date: /home/devpc/Desktop/microros_ws/install/std_srvs/include/std_srvs/srv/detail/set_bool__rosidl_typesupport_introspection_c.h
[1.071s] -- Up-to-date: /home/devpc/Desktop/microros_ws/install/std_srvs/include/std_srvs/srv/detail/trigger__type_support.c
[1.072s] -- Up-to-date: /home/devpc/Desktop/microros_ws/install/std_srvs/include/std_srvs/srv/detail/trigger__rosidl_typesupport_introspection_c.h
[1.072s] -- Up-to-date: /home/devpc/Desktop/microros_ws/install/std_srvs/lib/libstd_srvs__rosidl_typesupport_introspection_c.so
[1.073s] -- Up-to-date: /home/devpc/Desktop/microros_ws/install/std_srvs/lib/libstd_srvs__rosidl_typesupport_c.so
[1.073s] -- Up-to-date: /home/devpc/Desktop/microros_ws/install/std_srvs/include/std_srvs
[1.074s] -- Up-to-date: /home/devpc/Desktop/microros_ws/install/std_srvs/include/std_srvs/srv
[1.074s] -- Up-to-date: /home/devpc/Desktop/microros_ws/install/std_srvs/include/std_srvs/srv/detail
[1.074s] -- Up-to-date: /home/devpc/Desktop/microros_ws/install/std_srvs/include/std_srvs/srv/detail/empty__builder.hpp
[1.074s] -- Up-to-date: /home/devpc/Desktop/microros_ws/install/std_srvs/include/std_srvs/srv/detail/trigger__traits.hpp
[1.075s] -- Up-to-date: /home/devpc/Desktop/microros_ws/install/std_srvs/include/std_srvs/srv/detail/empty__struct.hpp
[1.075s] -- Up-to-date: /home/devpc/Desktop/microros_ws/install/std_srvs/include/std_srvs/srv/detail/trigger__struct.hpp
[1.075s] -- Up-to-date: /home/devpc/Desktop/microros_ws/install/std_srvs/include/std_srvs/srv/detail/empty__traits.hpp
[1.076s] -- Up-to-date: /home/devpc/Desktop/microros_ws/install/std_srvs/include/std_srvs/srv/detail/set_bool__traits.hpp
[1.076s] -- Up-to-date: /home/devpc/Desktop/microros_ws/install/std_srvs/include/std_srvs/srv/detail/set_bool__struct.hpp
[1.078s] -- Up-to-date: /home/devpc/Desktop/microros_ws/install/std_srvs/include/std_srvs/srv/detail/set_bool__builder.hpp
[1.079s] -- Up-to-date: /home/devpc/Desktop/microros_ws/install/std_srvs/include/std_srvs/srv/detail/trigger__builder.hpp
[1.079s] -- Up-to-date: /home/devpc/Desktop/microros_ws/install/std_srvs/include/std_srvs/srv/set_bool.hpp
[1.079s] -- Up-to-date: /home/devpc/Desktop/microros_ws/install/std_srvs/include/std_srvs/srv/empty.hpp
[1.079s] -- Up-to-date: /home/devpc/Desktop/microros_ws/install/std_srvs/include/std_srvs/srv/trigger.hpp
[1.081s] -- Up-to-date: /home/devpc/Desktop/microros_ws/install/std_srvs/include/std_srvs
[1.081s] -- Up-to-date: /home/devpc/Desktop/microros_ws/install/std_srvs/include/std_srvs/msg
[1.081s] -- Up-to-date: /home/devpc/Desktop/microros_ws/install/std_srvs/include/std_srvs/msg/rosidl_typesupport_microxrcedds_cpp__visibility_control.h
[1.081s] -- Up-to-date: /home/devpc/Desktop/microros_ws/install/std_srvs/include/std_srvs/srv
[1.081s] -- Up-to-date: /home/devpc/Desktop/microros_ws/install/std_srvs/include/std_srvs/srv/detail
[1.082s] -- Up-to-date: /home/devpc/Desktop/microros_ws/install/std_srvs/include/std_srvs/srv/detail/set_bool__rosidl_typesupport_microxrcedds_cpp.hpp
[1.082s] -- Up-to-date: /home/devpc/Desktop/microros_ws/install/std_srvs/include/std_srvs/srv/detail/empty__rosidl_typesupport_microxrcedds_cpp.hpp
[1.082s] -- Up-to-date: /home/devpc/Desktop/microros_ws/install/std_srvs/include/std_srvs/srv/detail/microxrcedds
[1.082s] -- Up-to-date: /home/devpc/Desktop/microros_ws/install/std_srvs/include/std_srvs/srv/detail/microxrcedds/empty__type_support_cpp.cpp
[1.082s] -- Up-to-date: /home/devpc/Desktop/microros_ws/install/std_srvs/include/std_srvs/srv/detail/microxrcedds/set_bool__type_support_cpp.cpp
[1.082s] -- Up-to-date: /home/devpc/Desktop/microros_ws/install/std_srvs/include/std_srvs/srv/detail/microxrcedds/trigger__type_support_cpp.cpp
[1.082s] -- Up-to-date: /home/devpc/Desktop/microros_ws/install/std_srvs/include/std_srvs/srv/detail/trigger__rosidl_typesupport_microxrcedds_cpp.hpp
[1.082s] -- Up-to-date: /home/devpc/Desktop/microros_ws/install/std_srvs/lib/libstd_srvs__rosidl_typesupport_microxrcedds_cpp.so
[1.082s] -- Up-to-date: /home/devpc/Desktop/microros_ws/install/std_srvs/include/std_srvs
[1.082s] -- Up-to-date: /home/devpc/Desktop/microros_ws/install/std_srvs/include/std_srvs/srv
[1.082s] -- Up-to-date: /home/devpc/Desktop/microros_ws/install/std_srvs/include/std_srvs/srv/detail
[1.082s] -- Up-to-date: /home/devpc/Desktop/microros_ws/install/std_srvs/include/std_srvs/srv/detail/empty__type_support.cpp
[1.082s] -- Up-to-date: /home/devpc/Desktop/microros_ws/install/std_srvs/include/std_srvs/srv/detail/set_bool__rosidl_typesupport_introspection_cpp.hpp
[1.083s] -- Up-to-date: /home/devpc/Desktop/microros_ws/install/std_srvs/include/std_srvs/srv/detail/set_bool__type_support.cpp
[1.083s] -- Up-to-date: /home/devpc/Desktop/microros_ws/install/std_srvs/include/std_srvs/srv/detail/empty__rosidl_typesupport_introspection_cpp.hpp
[1.083s] -- Up-to-date: /home/devpc/Desktop/microros_ws/install/std_srvs/include/std_srvs/srv/detail/trigger__rosidl_typesupport_introspection_cpp.hpp
[1.083s] -- Up-to-date: /home/devpc/Desktop/microros_ws/install/std_srvs/include/std_srvs/srv/detail/trigger__type_support.cpp
[1.083s] -- Up-to-date: /home/devpc/Desktop/microros_ws/install/std_srvs/lib/libstd_srvs__rosidl_typesupport_introspection_cpp.so
[1.083s] -- Up-to-date: /home/devpc/Desktop/microros_ws/install/std_srvs/lib/libstd_srvs__rosidl_typesupport_cpp.so
[1.083s] -- Up-to-date: /home/devpc/Desktop/microros_ws/install/std_srvs/share/std_srvs/environment/pythonpath.sh
[1.083s] -- Up-to-date: /home/devpc/Desktop/microros_ws/install/std_srvs/share/std_srvs/environment/pythonpath.dsv
[1.083s] -- Up-to-date: /home/devpc/Desktop/microros_ws/install/std_srvs/lib/python3.8/site-packages/std_srvs/__init__.py
[1.102s] -- Up-to-date: /home/devpc/Desktop/microros_ws/install/std_srvs/lib/python3.8/site-packages/std_srvs/srv
[1.102s] -- Up-to-date: /home/devpc/Desktop/microros_ws/install/std_srvs/lib/python3.8/site-packages/std_srvs/srv/_empty.py
[1.102s] -- Up-to-date: /home/devpc/Desktop/microros_ws/install/std_srvs/lib/python3.8/site-packages/std_srvs/srv/_empty_s.c
[1.102s] -- Up-to-date: /home/devpc/Desktop/microros_ws/install/std_srvs/lib/python3.8/site-packages/std_srvs/srv/_set_bool_s.c
[1.103s] -- Up-to-date: /home/devpc/Desktop/microros_ws/install/std_srvs/lib/python3.8/site-packages/std_srvs/srv/__init__.py
[1.103s] -- Up-to-date: /home/devpc/Desktop/microros_ws/install/std_srvs/lib/python3.8/site-packages/std_srvs/srv/_set_bool.py
[1.103s] -- Up-to-date: /home/devpc/Desktop/microros_ws/install/std_srvs/lib/python3.8/site-packages/std_srvs/srv/_trigger.py
[1.104s] -- Up-to-date: /home/devpc/Desktop/microros_ws/install/std_srvs/lib/python3.8/site-packages/std_srvs/srv/_trigger_s.c
[1.104s] -- Up-to-date: /home/devpc/Desktop/microros_ws/install/std_srvs/lib/python3.8/site-packages/std_srvs/std_srvs_s__rosidl_typesupport_microxrcedds_c.cpython-38-x86_64-linux-gnu.so
[1.104s] -- Up-to-date: /home/devpc/Desktop/microros_ws/install/std_srvs/lib/python3.8/site-packages/std_srvs/std_srvs_s__rosidl_typesupport_fastrtps_c.cpython-38-x86_64-linux-gnu.so
[1.104s] -- Up-to-date: /home/devpc/Desktop/microros_ws/install/std_srvs/lib/python3.8/site-packages/std_srvs/std_srvs_s__rosidl_typesupport_introspection_c.cpython-38-x86_64-linux-gnu.so
[1.104s] -- Up-to-date: /home/devpc/Desktop/microros_ws/install/std_srvs/lib/python3.8/site-packages/std_srvs/std_srvs_s__rosidl_typesupport_c.cpython-38-x86_64-linux-gnu.so
[1.104s] -- Up-to-date: /home/devpc/Desktop/microros_ws/install/std_srvs/lib/libstd_srvs__python.so
[1.105s] -- Up-to-date: /home/devpc/Desktop/microros_ws/install/std_srvs/share/std_srvs/srv/Empty.idl
[1.106s] -- Up-to-date: /home/devpc/Desktop/microros_ws/install/std_srvs/share/std_srvs/srv/SetBool.idl
[1.106s] -- Up-to-date: /home/devpc/Desktop/microros_ws/install/std_srvs/share/std_srvs/srv/Trigger.idl
[1.107s] -- Up-to-date: /home/devpc/Desktop/microros_ws/install/std_srvs/share/std_srvs/srv/Empty.srv
[1.107s] -- Up-to-date: /home/devpc/Desktop/microros_ws/install/std_srvs/share/std_srvs/srv/Empty_Request.msg
[1.108s] -- Up-to-date: /home/devpc/Desktop/microros_ws/install/std_srvs/share/std_srvs/srv/Empty_Response.msg
[1.108s] -- Up-to-date: /home/devpc/Desktop/microros_ws/install/std_srvs/share/std_srvs/srv/SetBool.srv
[1.109s] -- Up-to-date: /home/devpc/Desktop/microros_ws/install/std_srvs/share/std_srvs/srv/SetBool_Request.msg
[1.109s] -- Up-to-date: /home/devpc/Desktop/microros_ws/install/std_srvs/share/std_srvs/srv/SetBool_Response.msg
[1.112s] -- Up-to-date: /home/devpc/Desktop/microros_ws/install/std_srvs/share/std_srvs/srv/Trigger.srv
[1.112s] -- Up-to-date: /home/devpc/Desktop/microros_ws/install/std_srvs/share/std_srvs/srv/Trigger_Request.msg
[1.112s] -- Up-to-date: /home/devpc/Desktop/microros_ws/install/std_srvs/share/std_srvs/srv/Trigger_Response.msg
[1.112s] -- Up-to-date: /home/devpc/Desktop/microros_ws/install/std_srvs/share/ament_index/resource_index/package_run_dependencies/std_srvs
[1.113s] -- Up-to-date: /home/devpc/Desktop/microros_ws/install/std_srvs/share/ament_index/resource_index/parent_prefix_path/std_srvs
[1.113s] -- Up-to-date: /home/devpc/Desktop/microros_ws/install/std_srvs/share/std_srvs/environment/ament_prefix_path.sh
[1.113s] -- Up-to-date: /home/devpc/Desktop/microros_ws/install/std_srvs/share/std_srvs/environment/ament_prefix_path.dsv
[1.113s] -- Up-to-date: /home/devpc/Desktop/microros_ws/install/std_srvs/share/std_srvs/environment/path.sh
[1.114s] -- Up-to-date: /home/devpc/Desktop/microros_ws/install/std_srvs/share/std_srvs/environment/path.dsv
[1.114s] -- Up-to-date: /home/devpc/Desktop/microros_ws/install/std_srvs/share/std_srvs/local_setup.bash
[1.114s] -- Up-to-date: /home/devpc/Desktop/microros_ws/install/std_srvs/share/std_srvs/local_setup.sh
[1.114s] -- Up-to-date: /home/devpc/Desktop/microros_ws/install/std_srvs/share/std_srvs/local_setup.zsh
[1.115s] -- Up-to-date: /home/devpc/Desktop/microros_ws/install/std_srvs/share/std_srvs/local_setup.dsv
[1.115s] -- Installing: /home/devpc/Desktop/microros_ws/install/std_srvs/share/std_srvs/package.dsv
[1.115s] -- Up-to-date: /home/devpc/Desktop/microros_ws/install/std_srvs/share/ament_index/resource_index/packages/std_srvs
[1.115s] -- Up-to-date: /home/devpc/Desktop/microros_ws/install/std_srvs/share/std_srvs/cmake/std_srvs__rosidl_generator_cExport.cmake
[1.116s] -- Up-to-date: /home/devpc/Desktop/microros_ws/install/std_srvs/share/std_srvs/cmake/std_srvs__rosidl_generator_cExport-noconfig.cmake
[1.116s] -- Up-to-date: /home/devpc/Desktop/microros_ws/install/std_srvs/share/std_srvs/cmake/std_srvs__rosidl_typesupport_introspection_cExport.cmake
[1.116s] -- Up-to-date: /home/devpc/Desktop/microros_ws/install/std_srvs/share/std_srvs/cmake/std_srvs__rosidl_typesupport_introspection_cExport-noconfig.cmake
[1.116s] -- Up-to-date: /home/devpc/Desktop/microros_ws/install/std_srvs/share/std_srvs/cmake/std_srvs__rosidl_typesupport_cExport.cmake
[1.116s] -- Up-to-date: /home/devpc/Desktop/microros_ws/install/std_srvs/share/std_srvs/cmake/std_srvs__rosidl_typesupport_cExport-noconfig.cmake
[1.116s] -- Up-to-date: /home/devpc/Desktop/microros_ws/install/std_srvs/share/std_srvs/cmake/std_srvs__rosidl_generator_cppExport.cmake
[1.117s] -- Up-to-date: /home/devpc/Desktop/microros_ws/install/std_srvs/share/std_srvs/cmake/std_srvs__rosidl_typesupport_introspection_cppExport.cmake
[1.118s] -- Up-to-date: /home/devpc/Desktop/microros_ws/install/std_srvs/share/std_srvs/cmake/std_srvs__rosidl_typesupport_introspection_cppExport-noconfig.cmake
[1.119s] -- Up-to-date: /home/devpc/Desktop/microros_ws/install/std_srvs/share/std_srvs/cmake/std_srvs__rosidl_typesupport_cppExport.cmake
[1.119s] -- Up-to-date: /home/devpc/Desktop/microros_ws/install/std_srvs/share/std_srvs/cmake/std_srvs__rosidl_typesupport_cppExport-noconfig.cmake
[1.119s] -- Up-to-date: /home/devpc/Desktop/microros_ws/install/std_srvs/share/std_srvs/cmake/rosidl_cmake-extras.cmake
[1.120s] -- Up-to-date: /home/devpc/Desktop/microros_ws/install/std_srvs/share/std_srvs/cmake/ament_cmake_export_dependencies-extras.cmake
[1.120s] -- Up-to-date: /home/devpc/Desktop/microros_ws/install/std_srvs/share/std_srvs/cmake/ament_cmake_export_libraries-extras.cmake
[1.120s] -- Up-to-date: /home/devpc/Desktop/microros_ws/install/std_srvs/share/std_srvs/cmake/ament_cmake_export_targets-extras.cmake
[1.120s] -- Up-to-date: /home/devpc/Desktop/microros_ws/install/std_srvs/share/std_srvs/cmake/ament_cmake_export_include_directories-extras.cmake
[1.120s] -- Up-to-date: /home/devpc/Desktop/microros_ws/install/std_srvs/share/std_srvs/cmake/rosidl_cmake_export_typesupport_libraries-extras.cmake
[1.120s] -- Up-to-date: /home/devpc/Desktop/microros_ws/install/std_srvs/share/std_srvs/cmake/rosidl_cmake_export_typesupport_targets-extras.cmake
[1.121s] -- Up-to-date: /home/devpc/Desktop/microros_ws/install/std_srvs/share/std_srvs/cmake/std_srvsConfig.cmake
[1.121s] -- Up-to-date: /home/devpc/Desktop/microros_ws/install/std_srvs/share/std_srvs/cmake/std_srvsConfig-version.cmake
[1.121s] -- Up-to-date: /home/devpc/Desktop/microros_ws/install/std_srvs/share/std_srvs/package.xml
[1.137s] Invoked command in '/home/devpc/Desktop/microros_ws/build/std_srvs' returned '0': CMAKE_PREFIX_PATH=${CMAKE_PREFIX_PATH}:/home/devpc/Desktop/microros_ws/install/sensor_msgs_py:/home/devpc/Desktop/quad_ws/install/quad:/opt/ros/foxy /usr/bin/cmake --install /home/devpc/Desktop/microros_ws/build/std_srvs
