Performing C++ SOURCE FILE Test CMAKE_HAVE_LIBC_PTHREAD failed with the following output:
Change Dir: /home/devpc/Desktop/microros_ws/build/micro_ros_demos_rclcpp/complex_msg_publisher/src/complex_msg_publisher-build/CMakeFiles/CMakeTmp

Run Build Command(s):/usr/bin/make cmTC_88a4c/fast && make[3]: Entering directory '/home/devpc/Desktop/microros_ws/build/micro_ros_demos_rclcpp/complex_msg_publisher/src/complex_msg_publisher-build/CMakeFiles/CMakeTmp'
/usr/bin/make -f CMakeFiles/cmTC_88a4c.dir/build.make CMakeFiles/cmTC_88a4c.dir/build
make[4]: Entering directory '/home/devpc/Desktop/microros_ws/build/micro_ros_demos_rclcpp/complex_msg_publisher/src/complex_msg_publisher-build/CMakeFiles/CMakeTmp'
Building CXX object CMakeFiles/cmTC_88a4c.dir/src.cxx.o
/usr/bin/c++    -DCMAKE_HAVE_LIBC_PTHREAD   -o CMakeFiles/cmTC_88a4c.dir/src.cxx.o -c /home/devpc/Desktop/microros_ws/build/micro_ros_demos_rclcpp/complex_msg_publisher/src/complex_msg_publisher-build/CMakeFiles/CMakeTmp/src.cxx
Linking CXX executable cmTC_88a4c
/usr/bin/cmake -E cmake_link_script CMakeFiles/cmTC_88a4c.dir/link.txt --verbose=1
/usr/bin/c++   -DCMAKE_HAVE_LIBC_PTHREAD    CMakeFiles/cmTC_88a4c.dir/src.cxx.o  -o cmTC_88a4c 
/usr/bin/ld: CMakeFiles/cmTC_88a4c.dir/src.cxx.o: in function `main':
src.cxx:(.text+0x46): undefined reference to `pthread_create'
/usr/bin/ld: src.cxx:(.text+0x52): undefined reference to `pthread_detach'
/usr/bin/ld: src.cxx:(.text+0x63): undefined reference to `pthread_join'
collect2: error: ld returned 1 exit status
make[4]: *** [CMakeFiles/cmTC_88a4c.dir/build.make:87: cmTC_88a4c] Error 1
make[4]: Leaving directory '/home/devpc/Desktop/microros_ws/build/micro_ros_demos_rclcpp/complex_msg_publisher/src/complex_msg_publisher-build/CMakeFiles/CMakeTmp'
make[3]: *** [Makefile:121: cmTC_88a4c/fast] Error 2
make[3]: Leaving directory '/home/devpc/Desktop/microros_ws/build/micro_ros_demos_rclcpp/complex_msg_publisher/src/complex_msg_publisher-build/CMakeFiles/CMakeTmp'


Source file was:
#include <pthread.h>

void* test_func(void* data)
{
  return data;
}

int main(void)
{
  pthread_t thread;
  pthread_create(&thread, NULL, test_func, NULL);
  pthread_detach(thread);
  pthread_join(thread, NULL);
  pthread_atfork(NULL, NULL, NULL);
  pthread_exit(NULL);

  return 0;
}

Determining if the function pthread_create exists in the pthreads failed with the following output:
Change Dir: /home/devpc/Desktop/microros_ws/build/micro_ros_demos_rclcpp/complex_msg_publisher/src/complex_msg_publisher-build/CMakeFiles/CMakeTmp

Run Build Command(s):/usr/bin/make cmTC_071e8/fast && make[3]: Entering directory '/home/devpc/Desktop/microros_ws/build/micro_ros_demos_rclcpp/complex_msg_publisher/src/complex_msg_publisher-build/CMakeFiles/CMakeTmp'
/usr/bin/make -f CMakeFiles/cmTC_071e8.dir/build.make CMakeFiles/cmTC_071e8.dir/build
make[4]: Entering directory '/home/devpc/Desktop/microros_ws/build/micro_ros_demos_rclcpp/complex_msg_publisher/src/complex_msg_publisher-build/CMakeFiles/CMakeTmp'
Building CXX object CMakeFiles/cmTC_071e8.dir/CheckFunctionExists.cxx.o
/usr/bin/c++    -DCHECK_FUNCTION_EXISTS=pthread_create   -o CMakeFiles/cmTC_071e8.dir/CheckFunctionExists.cxx.o -c /home/devpc/Desktop/microros_ws/build/micro_ros_demos_rclcpp/complex_msg_publisher/src/complex_msg_publisher-build/CMakeFiles/CheckLibraryExists/CheckFunctionExists.cxx
Linking CXX executable cmTC_071e8
/usr/bin/cmake -E cmake_link_script CMakeFiles/cmTC_071e8.dir/link.txt --verbose=1
/usr/bin/c++   -DCHECK_FUNCTION_EXISTS=pthread_create    CMakeFiles/cmTC_071e8.dir/CheckFunctionExists.cxx.o  -o cmTC_071e8  -lpthreads 
/usr/bin/ld: cannot find -lpthreads
collect2: error: ld returned 1 exit status
make[4]: *** [CMakeFiles/cmTC_071e8.dir/build.make:87: cmTC_071e8] Error 1
make[4]: Leaving directory '/home/devpc/Desktop/microros_ws/build/micro_ros_demos_rclcpp/complex_msg_publisher/src/complex_msg_publisher-build/CMakeFiles/CMakeTmp'
make[3]: *** [Makefile:121: cmTC_071e8/fast] Error 2
make[3]: Leaving directory '/home/devpc/Desktop/microros_ws/build/micro_ros_demos_rclcpp/complex_msg_publisher/src/complex_msg_publisher-build/CMakeFiles/CMakeTmp'



