[0.532s] Invoking command in '/home/devpc/Desktop/quad_ws/src/teleop': PYTHONPATH=/home/devpc/Desktop/quad_ws/install/teleop/lib/python3.8/site-packages:${PYTHONPATH} /usr/bin/python3 setup.py egg_info --egg-base ../../build/teleop build --build-base /home/devpc/Desktop/quad_ws/build/teleop/build install --prefix /home/devpc/Desktop/quad_ws/install/teleop --record /home/devpc/Desktop/quad_ws/build/teleop/install.log --single-version-externally-managed
[0.797s] running egg_info
[0.797s] writing ../../build/teleop/teleop.egg-info/PKG-INFO
[0.797s] writing dependency_links to ../../build/teleop/teleop.egg-info/dependency_links.txt
[0.798s] writing entry points to ../../build/teleop/teleop.egg-info/entry_points.txt
[0.798s] writing requirements to ../../build/teleop/teleop.egg-info/requires.txt
[0.798s] writing top-level names to ../../build/teleop/teleop.egg-info/top_level.txt
[0.838s] reading manifest file '../../build/teleop/teleop.egg-info/SOURCES.txt'
[0.839s] writing manifest file '../../build/teleop/teleop.egg-info/SOURCES.txt'
[0.839s] running build
[0.839s] running build_py
[0.839s] running install
[0.840s] running install_lib
[0.841s] running install_data
[0.841s] running install_egg_info
[0.843s] removing '/home/devpc/Desktop/quad_ws/install/teleop/lib/python3.8/site-packages/teleop-0.0.0-py3.8.egg-info' (and everything under it)
[0.843s] Copying ../../build/teleop/teleop.egg-info to /home/devpc/Desktop/quad_ws/install/teleop/lib/python3.8/site-packages/teleop-0.0.0-py3.8.egg-info
[0.844s] running install_scripts
[0.862s] Installing teleop script to /home/devpc/Desktop/quad_ws/install/teleop/lib/teleop
[0.863s] writing list of installed files to '/home/devpc/Desktop/quad_ws/build/teleop/install.log'
[0.884s] Invoked command in '/home/devpc/Desktop/quad_ws/src/teleop' returned '0': PYTHONPATH=/home/devpc/Desktop/quad_ws/install/teleop/lib/python3.8/site-packages:${PYTHONPATH} /usr/bin/python3 setup.py egg_info --egg-base ../../build/teleop build --build-base /home/devpc/Desktop/quad_ws/build/teleop/build install --prefix /home/devpc/Desktop/quad_ws/install/teleop --record /home/devpc/Desktop/quad_ws/build/teleop/install.log --single-version-externally-managed
