[0.016s] Invoking command in '/home/devpc/Desktop/microros_ws/build/composition_interfaces': AMENT_PREFIX_PATH=/home/devpc/Desktop/microros_ws/install/rcl_interfaces:/home/devpc/Desktop/microros_ws/install/builtin_interfaces:${AMENT_PREFIX_PATH} CMAKE_PREFIX_PATH=/home/devpc/Desktop/microros_ws/install/rcl_interfaces:/home/devpc/Desktop/microros_ws/install/builtin_interfaces:/home/devpc/Desktop/microros_ws/install/rosidl_typesupport_microxrcedds_cpp:/home/devpc/Desktop/microros_ws/install/rosidl_typesupport_microxrcedds_c:/home/devpc/Desktop/microros_ws/install/microcdr:/home/devpc/Desktop/microros_ws/install/micro_ros_agent:/home/devpc/Desktop/microros_ws/install/microxrcedds_agent:/home/devpc/Desktop/microros_ws/install/micro_ros_setup:/home/devpc/Desktop/microros_ws/install/micro_ros_msgs:/home/devpc/Desktop/quad_ws/install/quad_interfaces:/home/devpc/Desktop/quad_ws/install/quad:/opt/ros/foxy LD_LIBRARY_PATH=/home/devpc/Desktop/microros_ws/install/rcl_interfaces/lib:/home/devpc/Desktop/microros_ws/install/builtin_interfaces/lib:${LD_LIBRARY_PATH} PYTHONPATH=/home/devpc/Desktop/microros_ws/install/rcl_interfaces/lib/python3.8/site-packages:/home/devpc/Desktop/microros_ws/install/builtin_interfaces/lib/python3.8/site-packages:${PYTHONPATH} /usr/bin/cmake /home/devpc/Desktop/microros_ws/src/ros2/rcl_interfaces/composition_interfaces -DCMAKE_INSTALL_PREFIX=/home/devpc/Desktop/microros_ws/install/composition_interfaces
[0.072s] -- The C compiler identification is GNU 9.3.0
[0.129s] -- The CXX compiler identification is GNU 9.3.0
[0.137s] -- Check for working C compiler: /usr/bin/cc
[0.230s] -- Check for working C compiler: /usr/bin/cc -- works
[0.231s] -- Detecting C compiler ABI info
[0.317s] -- Detecting C compiler ABI info - done
[0.338s] -- Detecting C compile features
[0.338s] -- Detecting C compile features - done
[0.342s] -- Check for working CXX compiler: /usr/bin/c++
[0.439s] -- Check for working CXX compiler: /usr/bin/c++ -- works
[0.440s] -- Detecting CXX compiler ABI info
[0.511s] -- Detecting CXX compiler ABI info - done
[0.533s] -- Detecting CXX compile features
[0.534s] -- Detecting CXX compile features - done
[0.538s] -- Found ament_cmake: 0.9.8 (/opt/ros/foxy/share/ament_cmake/cmake)
[0.567s] -- Found PythonInterp: /usr/bin/python3 (found suitable version "3.8.10", minimum required is "3") 
[0.567s] -- Using PYTHON_EXECUTABLE: /usr/bin/python3
[0.847s] -- Found rosidl_default_generators: 1.0.1 (/opt/ros/foxy/share/rosidl_default_generators/cmake)
[0.856s] -- Using all available rosidl_typesupport_c: rosidl_typesupport_microxrcedds_c;rosidl_typesupport_fastrtps_c;rosidl_typesupport_introspection_c
[0.870s] -- Found rosidl_adapter: 1.2.1 (/opt/ros/foxy/share/rosidl_adapter/cmake)
[1.032s] -- Found OpenSSL: /usr/lib/x86_64-linux-gnu/libcrypto.so (found version "1.1.1f")  
[1.059s] -- Found FastRTPS: /opt/ros/foxy/include  
[1.136s] -- Using all available rosidl_typesupport_cpp: rosidl_typesupport_microxrcedds_cpp;rosidl_typesupport_fastrtps_cpp;rosidl_typesupport_introspection_cpp
[1.176s] -- Found rcl_interfaces: 1.0.0 (/home/devpc/Desktop/microros_ws/install/rcl_interfaces/share/rcl_interfaces/cmake)
[1.250s] -- Found PythonInterp: /usr/bin/python3 (found version "3.8.10") 
[1.424s] -- Found ament_cmake_cppcheck: 0.9.6 (/opt/ros/foxy/share/ament_cmake_cppcheck/cmake)
[1.427s] -- Found ament_cmake_cpplint: 0.9.6 (/opt/ros/foxy/share/ament_cmake_cpplint/cmake)
[1.429s] -- Found ament_cmake_uncrustify: 0.9.6 (/opt/ros/foxy/share/ament_cmake_uncrustify/cmake)
[1.432s] -- Found ament_cmake_ros: 0.9.2 (/opt/ros/foxy/share/ament_cmake_ros/cmake)
[1.617s] -- Using all available rosidl_typesupport_c: rosidl_typesupport_microxrcedds_c;rosidl_typesupport_fastrtps_c;rosidl_typesupport_introspection_c
[1.689s] -- Using all available rosidl_typesupport_cpp: rosidl_typesupport_microxrcedds_cpp;rosidl_typesupport_fastrtps_cpp;rosidl_typesupport_introspection_cpp
[1.715s] -- Found PythonInterp: /usr/bin/python3 (found suitable version "3.8.10", minimum required is "3.5") 
[1.718s] -- Found python_cmake_module: 0.8.1 (/opt/ros/foxy/share/python_cmake_module/cmake)
[1.749s] -- Found PythonLibs: /usr/lib/x86_64-linux-gnu/libpython3.8.so (found suitable version "3.8.10", minimum required is "3.5") 
[1.749s] -- Using PYTHON_EXECUTABLE: /usr/bin/python3
[1.749s] -- Using PYTHON_INCLUDE_DIRS: /usr/include/python3.8
[1.750s] -- Using PYTHON_LIBRARIES: /usr/lib/x86_64-linux-gnu/libpython3.8.so
[1.771s] -- Found PythonExtra: .so  
[1.881s] -- Found ament_cmake_flake8: 0.9.6 (/opt/ros/foxy/share/ament_cmake_flake8/cmake)
[1.885s] -- Found ament_cmake_pep257: 0.9.6 (/opt/ros/foxy/share/ament_cmake_pep257/cmake)
[1.902s] -- Configuring done
[1.983s] -- Generating done
[1.986s] -- Build files have been written to: /home/devpc/Desktop/microros_ws/build/composition_interfaces
[1.995s] Invoked command in '/home/devpc/Desktop/microros_ws/build/composition_interfaces' returned '0': AMENT_PREFIX_PATH=/home/devpc/Desktop/microros_ws/install/rcl_interfaces:/home/devpc/Desktop/microros_ws/install/builtin_interfaces:${AMENT_PREFIX_PATH} CMAKE_PREFIX_PATH=/home/devpc/Desktop/microros_ws/install/rcl_interfaces:/home/devpc/Desktop/microros_ws/install/builtin_interfaces:/home/devpc/Desktop/microros_ws/install/rosidl_typesupport_microxrcedds_cpp:/home/devpc/Desktop/microros_ws/install/rosidl_typesupport_microxrcedds_c:/home/devpc/Desktop/microros_ws/install/microcdr:/home/devpc/Desktop/microros_ws/install/micro_ros_agent:/home/devpc/Desktop/microros_ws/install/microxrcedds_agent:/home/devpc/Desktop/microros_ws/install/micro_ros_setup:/home/devpc/Desktop/microros_ws/install/micro_ros_msgs:/home/devpc/Desktop/quad_ws/install/quad_interfaces:/home/devpc/Desktop/quad_ws/install/quad:/opt/ros/foxy LD_LIBRARY_PATH=/home/devpc/Desktop/microros_ws/install/rcl_interfaces/lib:/home/devpc/Desktop/microros_ws/install/builtin_interfaces/lib:${LD_LIBRARY_PATH} PYTHONPATH=/home/devpc/Desktop/microros_ws/install/rcl_interfaces/lib/python3.8/site-packages:/home/devpc/Desktop/microros_ws/install/builtin_interfaces/lib/python3.8/site-packages:${PYTHONPATH} /usr/bin/cmake /home/devpc/Desktop/microros_ws/src/ros2/rcl_interfaces/composition_interfaces -DCMAKE_INSTALL_PREFIX=/home/devpc/Desktop/microros_ws/install/composition_interfaces
[1.998s] Invoking command in '/home/devpc/Desktop/microros_ws/build/composition_interfaces': AMENT_PREFIX_PATH=/home/devpc/Desktop/microros_ws/install/rcl_interfaces:/home/devpc/Desktop/microros_ws/install/builtin_interfaces:${AMENT_PREFIX_PATH} CMAKE_PREFIX_PATH=/home/devpc/Desktop/microros_ws/install/rcl_interfaces:/home/devpc/Desktop/microros_ws/install/builtin_interfaces:/home/devpc/Desktop/microros_ws/install/rosidl_typesupport_microxrcedds_cpp:/home/devpc/Desktop/microros_ws/install/rosidl_typesupport_microxrcedds_c:/home/devpc/Desktop/microros_ws/install/microcdr:/home/devpc/Desktop/microros_ws/install/micro_ros_agent:/home/devpc/Desktop/microros_ws/install/microxrcedds_agent:/home/devpc/Desktop/microros_ws/install/micro_ros_setup:/home/devpc/Desktop/microros_ws/install/micro_ros_msgs:/home/devpc/Desktop/quad_ws/install/quad_interfaces:/home/devpc/Desktop/quad_ws/install/quad:/opt/ros/foxy LD_LIBRARY_PATH=/home/devpc/Desktop/microros_ws/install/rcl_interfaces/lib:/home/devpc/Desktop/microros_ws/install/builtin_interfaces/lib:${LD_LIBRARY_PATH} PYTHONPATH=/home/devpc/Desktop/microros_ws/install/rcl_interfaces/lib/python3.8/site-packages:/home/devpc/Desktop/microros_ws/install/builtin_interfaces/lib/python3.8/site-packages:${PYTHONPATH} /usr/bin/cmake --build /home/devpc/Desktop/microros_ws/build/composition_interfaces -- -j8 -l8
[2.040s] [35m[1mScanning dependencies of target composition_interfaces__cpp[0m
[2.051s] [  1%] [34m[1mGenerating C++ code for ROS interfaces[0m
[2.703s] [  1%] Built target composition_interfaces__cpp
[2.713s] [  3%] [34m[1mGenerating C code for ROS interfaces[0m
[3.398s] [35m[1mScanning dependencies of target composition_interfaces__rosidl_generator_c[0m
[3.412s] [  5%] [32mBuilding C object CMakeFiles/composition_interfaces__rosidl_generator_c.dir/rosidl_generator_c/composition_interfaces/srv/detail/load_node__functions.c.o[0m
[3.456s] [  6%] [32mBuilding C object CMakeFiles/composition_interfaces__rosidl_generator_c.dir/rosidl_generator_c/composition_interfaces/srv/detail/unload_node__functions.c.o[0m
[3.505s] [  8%] [32mBuilding C object CMakeFiles/composition_interfaces__rosidl_generator_c.dir/rosidl_generator_c/composition_interfaces/srv/detail/list_nodes__functions.c.o[0m
[3.549s] [ 10%] [32m[1mLinking C shared library libcomposition_interfaces__rosidl_generator_c.so[0m
[3.584s] [ 10%] Built target composition_interfaces__rosidl_generator_c
[3.595s] [ 11%] [34m[1mGenerating C++ introspection for ROS interfaces[0m
[4.401s] [35m[1mScanning dependencies of target composition_interfaces__rosidl_typesupport_introspection_cpp[0m
[4.418s] [ 15%] [32mBuilding CXX object CMakeFiles/composition_interfaces__rosidl_typesupport_introspection_cpp.dir/rosidl_typesupport_introspection_cpp/composition_interfaces/srv/detail/list_nodes__type_support.cpp.o[0m
[4.418s] [ 15%] [32mBuilding CXX object CMakeFiles/composition_interfaces__rosidl_typesupport_introspection_cpp.dir/rosidl_typesupport_introspection_cpp/composition_interfaces/srv/detail/load_node__type_support.cpp.o[0m
[5.074s] [ 16%] [32mBuilding CXX object CMakeFiles/composition_interfaces__rosidl_typesupport_introspection_cpp.dir/rosidl_typesupport_introspection_cpp/composition_interfaces/srv/detail/unload_node__type_support.cpp.o[0m
[5.587s] [ 18%] [32m[1mLinking CXX shared library libcomposition_interfaces__rosidl_typesupport_introspection_cpp.so[0m
[5.723s] [ 18%] Built target composition_interfaces__rosidl_typesupport_introspection_cpp
[5.742s] [ 20%] [34m[1mGenerating C introspection for ROS interfaces[0m
[5.771s] [ 22%] [34m[1mGenerating C type support dispatch for ROS interfaces[0m
[6.713s] [35m[1mScanning dependencies of target composition_interfaces__rosidl_typesupport_c[0m
[6.771s] [ 23%] [32mBuilding CXX object CMakeFiles/composition_interfaces__rosidl_typesupport_c.dir/rosidl_typesupport_c/composition_interfaces/srv/list_nodes__type_support.cpp.o[0m
[6.775s] [ 25%] [32mBuilding CXX object CMakeFiles/composition_interfaces__rosidl_typesupport_c.dir/rosidl_typesupport_c/composition_interfaces/srv/load_node__type_support.cpp.o[0m
[6.843s] [35m[1mScanning dependencies of target composition_interfaces__rosidl_typesupport_introspection_c[0m
[6.872s] [ 27%] [32mBuilding CXX object CMakeFiles/composition_interfaces__rosidl_typesupport_c.dir/rosidl_typesupport_c/composition_interfaces/srv/unload_node__type_support.cpp.o[0m
[6.891s] [ 28%] [32mBuilding C object CMakeFiles/composition_interfaces__rosidl_typesupport_introspection_c.dir/rosidl_typesupport_introspection_c/composition_interfaces/srv/detail/load_node__type_support.c.o[0m
[6.903s] [ 30%] [32mBuilding C object CMakeFiles/composition_interfaces__rosidl_typesupport_introspection_c.dir/rosidl_typesupport_introspection_c/composition_interfaces/srv/detail/list_nodes__type_support.c.o[0m
[6.988s] [ 32%] [32m[1mLinking CXX shared library libcomposition_interfaces__rosidl_typesupport_c.so[0m
[7.001s] [ 33%] [32mBuilding C object CMakeFiles/composition_interfaces__rosidl_typesupport_introspection_c.dir/rosidl_typesupport_introspection_c/composition_interfaces/srv/detail/unload_node__type_support.c.o[0m
[7.057s] [ 33%] Built target composition_interfaces__rosidl_typesupport_c
[7.073s] [ 35%] [34m[1mGenerating C type support for eProsima Micro XRCE-DDS[0m
[7.103s] [ 37%] [32m[1mLinking C shared library libcomposition_interfaces__rosidl_typesupport_introspection_c.so[0m
[7.279s] [ 37%] Built target composition_interfaces__rosidl_typesupport_introspection_c
[7.343s] [ 38%] [34m[1mGenerating C++ type support for eProsima Fast-RTPS[0m
[8.232s] [35m[1mScanning dependencies of target composition_interfaces__rosidl_typesupport_microxrcedds_c[0m
[8.255s] [ 40%] [32mBuilding C object CMakeFiles/composition_interfaces__rosidl_typesupport_microxrcedds_c.dir/rosidl_typesupport_microxrcedds_c/composition_interfaces/srv/detail/microxrcedds/load_node__type_support_c.c.o[0m
[8.267s] [ 42%] [32mBuilding C object CMakeFiles/composition_interfaces__rosidl_typesupport_microxrcedds_c.dir/rosidl_typesupport_microxrcedds_c/composition_interfaces/srv/detail/microxrcedds/list_nodes__type_support_c.c.o[0m
[8.371s] [ 44%] [32mBuilding C object CMakeFiles/composition_interfaces__rosidl_typesupport_microxrcedds_c.dir/rosidl_typesupport_microxrcedds_c/composition_interfaces/srv/detail/microxrcedds/unload_node__type_support_c.c.o[0m
[8.493s] [ 45%] [32m[1mLinking C shared library libcomposition_interfaces__rosidl_typesupport_microxrcedds_c.so[0m
[8.656s] [ 45%] Built target composition_interfaces__rosidl_typesupport_microxrcedds_c
[8.660s] [35m[1mScanning dependencies of target composition_interfaces__rosidl_typesupport_fastrtps_cpp[0m
[8.697s] [ 47%] [34m[1mGenerating C++ type support dispatch for ROS interfaces[0m
[8.734s] [ 49%] [32mBuilding CXX object CMakeFiles/composition_interfaces__rosidl_typesupport_fastrtps_cpp.dir/rosidl_typesupport_fastrtps_cpp/composition_interfaces/srv/detail/dds_fastrtps/list_nodes__type_support.cpp.o[0m
[8.734s] [ 50%] [32mBuilding CXX object CMakeFiles/composition_interfaces__rosidl_typesupport_fastrtps_cpp.dir/rosidl_typesupport_fastrtps_cpp/composition_interfaces/srv/detail/dds_fastrtps/load_node__type_support.cpp.o[0m
[9.673s] [35m[1mScanning dependencies of target composition_interfaces__rosidl_typesupport_cpp[0m
[9.695s] [ 52%] [32mBuilding CXX object CMakeFiles/composition_interfaces__rosidl_typesupport_cpp.dir/rosidl_typesupport_cpp/composition_interfaces/srv/load_node__type_support.cpp.o[0m
[9.862s] [ 54%] [32mBuilding CXX object CMakeFiles/composition_interfaces__rosidl_typesupport_fastrtps_cpp.dir/rosidl_typesupport_fastrtps_cpp/composition_interfaces/srv/detail/dds_fastrtps/unload_node__type_support.cpp.o[0m
[10.105s] [ 55%] [32mBuilding CXX object CMakeFiles/composition_interfaces__rosidl_typesupport_cpp.dir/rosidl_typesupport_cpp/composition_interfaces/srv/unload_node__type_support.cpp.o[0m
[10.557s] [ 57%] [32m[1mLinking CXX shared library libcomposition_interfaces__rosidl_typesupport_fastrtps_cpp.so[0m
[10.587s] [ 59%] [32mBuilding CXX object CMakeFiles/composition_interfaces__rosidl_typesupport_cpp.dir/rosidl_typesupport_cpp/composition_interfaces/srv/list_nodes__type_support.cpp.o[0m
[10.709s] [ 59%] Built target composition_interfaces__rosidl_typesupport_fastrtps_cpp
[10.961s] [ 61%] [32m[1mLinking CXX shared library libcomposition_interfaces__rosidl_typesupport_cpp.so[0m
[11.018s] [ 61%] Built target composition_interfaces__rosidl_typesupport_cpp
[11.034s] [ 62%] [34m[1mGenerating C type support for eProsima Fast-RTPS[0m
[11.961s] [35m[1mScanning dependencies of target composition_interfaces__rosidl_typesupport_fastrtps_c[0m
[11.985s] [ 64%] [32mBuilding CXX object CMakeFiles/composition_interfaces__rosidl_typesupport_fastrtps_c.dir/rosidl_typesupport_fastrtps_c/composition_interfaces/srv/detail/load_node__type_support_c.cpp.o[0m
[12.626s] [ 66%] [32mBuilding CXX object CMakeFiles/composition_interfaces__rosidl_typesupport_fastrtps_c.dir/rosidl_typesupport_fastrtps_c/composition_interfaces/srv/detail/unload_node__type_support_c.cpp.o[0m
[13.230s] [ 67%] [32mBuilding CXX object CMakeFiles/composition_interfaces__rosidl_typesupport_fastrtps_c.dir/rosidl_typesupport_fastrtps_c/composition_interfaces/srv/detail/list_nodes__type_support_c.cpp.o[0m
[13.870s] [ 69%] [32m[1mLinking CXX shared library libcomposition_interfaces__rosidl_typesupport_fastrtps_c.so[0m
[14.010s] [ 69%] Built target composition_interfaces__rosidl_typesupport_fastrtps_c
[14.025s] [ 71%] [34m[1mGenerating C++ type support for eProsima Micro XRCE-DDS[0m
[15.165s] [35m[1mScanning dependencies of target composition_interfaces__rosidl_typesupport_microxrcedds_cpp[0m
[15.243s] [ 72%] [32mBuilding CXX object CMakeFiles/composition_interfaces__rosidl_typesupport_microxrcedds_cpp.dir/rosidl_typesupport_microxrcedds_cpp/composition_interfaces/srv/detail/microxrcedds/load_node__type_support_cpp.cpp.o[0m
[15.252s] [ 74%] [32mBuilding CXX object CMakeFiles/composition_interfaces__rosidl_typesupport_microxrcedds_cpp.dir/rosidl_typesupport_microxrcedds_cpp/composition_interfaces/srv/detail/microxrcedds/list_nodes__type_support_cpp.cpp.o[0m
[16.372s] [ 76%] [32mBuilding CXX object CMakeFiles/composition_interfaces__rosidl_typesupport_microxrcedds_cpp.dir/rosidl_typesupport_microxrcedds_cpp/composition_interfaces/srv/detail/microxrcedds/unload_node__type_support_cpp.cpp.o[0m
[17.484s] [ 77%] [32m[1mLinking CXX shared library libcomposition_interfaces__rosidl_typesupport_microxrcedds_cpp.so[0m
[17.803s] [ 77%] Built target composition_interfaces__rosidl_typesupport_microxrcedds_cpp
[17.863s] [35m[1mScanning dependencies of target composition_interfaces[0m
[17.914s] [ 77%] Built target composition_interfaces
[17.941s] [35m[1mScanning dependencies of target composition_interfaces__py[0m
[17.957s] [ 79%] [34m[1mGenerating Python code for ROS interfaces[0m
[20.654s] [ 79%] Built target composition_interfaces__py
[20.669s] [35m[1mScanning dependencies of target composition_interfaces__python[0m
[20.705s] [ 81%] [32mBuilding C object CMakeFiles/composition_interfaces__python.dir/rosidl_generator_py/composition_interfaces/srv/_load_node_s.c.o[0m
[20.904s] [ 83%] [32mBuilding C object CMakeFiles/composition_interfaces__python.dir/rosidl_generator_py/composition_interfaces/srv/_unload_node_s.c.o[0m
[21.059s] [ 84%] [32mBuilding C object CMakeFiles/composition_interfaces__python.dir/rosidl_generator_py/composition_interfaces/srv/_list_nodes_s.c.o[0m
[21.231s] [ 86%] [32m[1mLinking C shared library rosidl_generator_py/composition_interfaces/libcomposition_interfaces__python.so[0m
[21.295s] [ 86%] Built target composition_interfaces__python
[21.310s] [35m[1mScanning dependencies of target composition_interfaces__rosidl_typesupport_c__pyext[0m
[21.341s] [ 88%] [32mBuilding C object CMakeFiles/composition_interfaces__rosidl_typesupport_c__pyext.dir/rosidl_generator_py/composition_interfaces/_composition_interfaces_s.ep.rosidl_typesupport_c.c.o[0m
[21.492s] [ 89%] [32m[1mLinking C shared library rosidl_generator_py/composition_interfaces/composition_interfaces_s__rosidl_typesupport_c.cpython-38-x86_64-linux-gnu.so[0m
[21.546s] [ 89%] Built target composition_interfaces__rosidl_typesupport_c__pyext
[21.562s] [35m[1mScanning dependencies of target composition_interfaces__rosidl_typesupport_introspection_c__pyext[0m
[21.590s] [ 91%] [32mBuilding C object CMakeFiles/composition_interfaces__rosidl_typesupport_introspection_c__pyext.dir/rosidl_generator_py/composition_interfaces/_composition_interfaces_s.ep.rosidl_typesupport_introspection_c.c.o[0m
[21.771s] [ 93%] [32m[1mLinking C shared library rosidl_generator_py/composition_interfaces/composition_interfaces_s__rosidl_typesupport_introspection_c.cpython-38-x86_64-linux-gnu.so[0m
[21.828s] [ 93%] Built target composition_interfaces__rosidl_typesupport_introspection_c__pyext
[21.838s] [35m[1mScanning dependencies of target composition_interfaces__rosidl_typesupport_microxrcedds_c__pyext[0m
[21.859s] [ 94%] [32mBuilding C object CMakeFiles/composition_interfaces__rosidl_typesupport_microxrcedds_c__pyext.dir/rosidl_generator_py/composition_interfaces/_composition_interfaces_s.ep.rosidl_typesupport_microxrcedds_c.c.o[0m
[21.991s] [ 96%] [32m[1mLinking C shared library rosidl_generator_py/composition_interfaces/composition_interfaces_s__rosidl_typesupport_microxrcedds_c.cpython-38-x86_64-linux-gnu.so[0m
[22.049s] [ 96%] Built target composition_interfaces__rosidl_typesupport_microxrcedds_c__pyext
[22.065s] [35m[1mScanning dependencies of target composition_interfaces__rosidl_typesupport_fastrtps_c__pyext[0m
[22.096s] [ 98%] [32mBuilding C object CMakeFiles/composition_interfaces__rosidl_typesupport_fastrtps_c__pyext.dir/rosidl_generator_py/composition_interfaces/_composition_interfaces_s.ep.rosidl_typesupport_fastrtps_c.c.o[0m
[22.277s] [100%] [32m[1mLinking CXX shared library rosidl_generator_py/composition_interfaces/composition_interfaces_s__rosidl_typesupport_fastrtps_c.cpython-38-x86_64-linux-gnu.so[0m
[22.351s] [100%] Built target composition_interfaces__rosidl_typesupport_fastrtps_c__pyext
[22.362s] Invoked command in '/home/devpc/Desktop/microros_ws/build/composition_interfaces' returned '0': AMENT_PREFIX_PATH=/home/devpc/Desktop/microros_ws/install/rcl_interfaces:/home/devpc/Desktop/microros_ws/install/builtin_interfaces:${AMENT_PREFIX_PATH} CMAKE_PREFIX_PATH=/home/devpc/Desktop/microros_ws/install/rcl_interfaces:/home/devpc/Desktop/microros_ws/install/builtin_interfaces:/home/devpc/Desktop/microros_ws/install/rosidl_typesupport_microxrcedds_cpp:/home/devpc/Desktop/microros_ws/install/rosidl_typesupport_microxrcedds_c:/home/devpc/Desktop/microros_ws/install/microcdr:/home/devpc/Desktop/microros_ws/install/micro_ros_agent:/home/devpc/Desktop/microros_ws/install/microxrcedds_agent:/home/devpc/Desktop/microros_ws/install/micro_ros_setup:/home/devpc/Desktop/microros_ws/install/micro_ros_msgs:/home/devpc/Desktop/quad_ws/install/quad_interfaces:/home/devpc/Desktop/quad_ws/install/quad:/opt/ros/foxy LD_LIBRARY_PATH=/home/devpc/Desktop/microros_ws/install/rcl_interfaces/lib:/home/devpc/Desktop/microros_ws/install/builtin_interfaces/lib:${LD_LIBRARY_PATH} PYTHONPATH=/home/devpc/Desktop/microros_ws/install/rcl_interfaces/lib/python3.8/site-packages:/home/devpc/Desktop/microros_ws/install/builtin_interfaces/lib/python3.8/site-packages:${PYTHONPATH} /usr/bin/cmake --build /home/devpc/Desktop/microros_ws/build/composition_interfaces -- -j8 -l8
[22.450s] Invoking command in '/home/devpc/Desktop/microros_ws/build/composition_interfaces': AMENT_PREFIX_PATH=/home/devpc/Desktop/microros_ws/install/rcl_interfaces:/home/devpc/Desktop/microros_ws/install/builtin_interfaces:${AMENT_PREFIX_PATH} CMAKE_PREFIX_PATH=/home/devpc/Desktop/microros_ws/install/rcl_interfaces:/home/devpc/Desktop/microros_ws/install/builtin_interfaces:/home/devpc/Desktop/microros_ws/install/rosidl_typesupport_microxrcedds_cpp:/home/devpc/Desktop/microros_ws/install/rosidl_typesupport_microxrcedds_c:/home/devpc/Desktop/microros_ws/install/microcdr:/home/devpc/Desktop/microros_ws/install/micro_ros_agent:/home/devpc/Desktop/microros_ws/install/microxrcedds_agent:/home/devpc/Desktop/microros_ws/install/micro_ros_setup:/home/devpc/Desktop/microros_ws/install/micro_ros_msgs:/home/devpc/Desktop/quad_ws/install/quad_interfaces:/home/devpc/Desktop/quad_ws/install/quad:/opt/ros/foxy LD_LIBRARY_PATH=/home/devpc/Desktop/microros_ws/install/rcl_interfaces/lib:/home/devpc/Desktop/microros_ws/install/builtin_interfaces/lib:${LD_LIBRARY_PATH} PYTHONPATH=/home/devpc/Desktop/microros_ws/install/rcl_interfaces/lib/python3.8/site-packages:/home/devpc/Desktop/microros_ws/install/builtin_interfaces/lib/python3.8/site-packages:${PYTHONPATH} /usr/bin/cmake --install /home/devpc/Desktop/microros_ws/build/composition_interfaces
[22.462s] -- Install configuration: ""
[22.462s] -- Installing: /home/devpc/Desktop/microros_ws/install/composition_interfaces/share/ament_index/resource_index/rosidl_interfaces/composition_interfaces
[22.462s] -- Installing: /home/devpc/Desktop/microros_ws/install/composition_interfaces/include/composition_interfaces
[22.463s] -- Installing: /home/devpc/Desktop/microros_ws/install/composition_interfaces/include/composition_interfaces/msg
[22.463s] -- Installing: /home/devpc/Desktop/microros_ws/install/composition_interfaces/include/composition_interfaces/msg/rosidl_generator_c__visibility_control.h
[22.463s] -- Installing: /home/devpc/Desktop/microros_ws/install/composition_interfaces/include/composition_interfaces/srv
[22.463s] -- Installing: /home/devpc/Desktop/microros_ws/install/composition_interfaces/include/composition_interfaces/srv/list_nodes.h
[22.463s] -- Installing: /home/devpc/Desktop/microros_ws/install/composition_interfaces/include/composition_interfaces/srv/detail
[22.464s] -- Installing: /home/devpc/Desktop/microros_ws/install/composition_interfaces/include/composition_interfaces/srv/detail/load_node__type_support.h
[22.464s] -- Installing: /home/devpc/Desktop/microros_ws/install/composition_interfaces/include/composition_interfaces/srv/detail/list_nodes__functions.c
[22.464s] -- Installing: /home/devpc/Desktop/microros_ws/install/composition_interfaces/include/composition_interfaces/srv/detail/unload_node__struct.h
[22.464s] -- Installing: /home/devpc/Desktop/microros_ws/install/composition_interfaces/include/composition_interfaces/srv/detail/unload_node__type_support.h
[22.464s] -- Installing: /home/devpc/Desktop/microros_ws/install/composition_interfaces/include/composition_interfaces/srv/detail/list_nodes__type_support.h
[22.464s] -- Installing: /home/devpc/Desktop/microros_ws/install/composition_interfaces/include/composition_interfaces/srv/detail/list_nodes__struct.h
[22.465s] -- Installing: /home/devpc/Desktop/microros_ws/install/composition_interfaces/include/composition_interfaces/srv/detail/load_node__functions.c
[22.465s] -- Installing: /home/devpc/Desktop/microros_ws/install/composition_interfaces/include/composition_interfaces/srv/detail/load_node__struct.h
[22.465s] -- Installing: /home/devpc/Desktop/microros_ws/install/composition_interfaces/include/composition_interfaces/srv/detail/list_nodes__functions.h
[22.465s] -- Installing: /home/devpc/Desktop/microros_ws/install/composition_interfaces/include/composition_interfaces/srv/detail/load_node__functions.h
[22.465s] -- Installing: /home/devpc/Desktop/microros_ws/install/composition_interfaces/include/composition_interfaces/srv/detail/unload_node__functions.h
[22.465s] -- Installing: /home/devpc/Desktop/microros_ws/install/composition_interfaces/include/composition_interfaces/srv/detail/unload_node__functions.c
[22.465s] -- Installing: /home/devpc/Desktop/microros_ws/install/composition_interfaces/include/composition_interfaces/srv/load_node.h
[22.466s] -- Installing: /home/devpc/Desktop/microros_ws/install/composition_interfaces/include/composition_interfaces/srv/unload_node.h
[22.466s] -- Installing: /home/devpc/Desktop/microros_ws/install/composition_interfaces/share/composition_interfaces/environment/library_path.sh
[22.466s] -- Installing: /home/devpc/Desktop/microros_ws/install/composition_interfaces/share/composition_interfaces/environment/library_path.dsv
[22.466s] -- Installing: /home/devpc/Desktop/microros_ws/install/composition_interfaces/lib/libcomposition_interfaces__rosidl_generator_c.so
[22.466s] -- Set runtime path of "/home/devpc/Desktop/microros_ws/install/composition_interfaces/lib/libcomposition_interfaces__rosidl_generator_c.so" to ""
[22.467s] -- Up-to-date: /home/devpc/Desktop/microros_ws/install/composition_interfaces/include/composition_interfaces
[22.467s] -- Up-to-date: /home/devpc/Desktop/microros_ws/install/composition_interfaces/include/composition_interfaces/msg
[22.467s] -- Installing: /home/devpc/Desktop/microros_ws/install/composition_interfaces/include/composition_interfaces/msg/rosidl_typesupport_microxrcedds_c__visibility_control.h
[22.467s] -- Up-to-date: /home/devpc/Desktop/microros_ws/install/composition_interfaces/include/composition_interfaces/srv
[22.467s] -- Up-to-date: /home/devpc/Desktop/microros_ws/install/composition_interfaces/include/composition_interfaces/srv/detail
[22.468s] -- Installing: /home/devpc/Desktop/microros_ws/install/composition_interfaces/include/composition_interfaces/srv/detail/list_nodes__rosidl_typesupport_microxrcedds_c.h
[22.468s] -- Installing: /home/devpc/Desktop/microros_ws/install/composition_interfaces/include/composition_interfaces/srv/detail/unload_node__rosidl_typesupport_microxrcedds_c.h
[22.468s] -- Installing: /home/devpc/Desktop/microros_ws/install/composition_interfaces/include/composition_interfaces/srv/detail/load_node__rosidl_typesupport_microxrcedds_c.h
[22.468s] -- Installing: /home/devpc/Desktop/microros_ws/install/composition_interfaces/include/composition_interfaces/srv/detail/microxrcedds
[22.468s] -- Installing: /home/devpc/Desktop/microros_ws/install/composition_interfaces/lib/libcomposition_interfaces__rosidl_typesupport_microxrcedds_c.so
[22.468s] -- Set runtime path of "/home/devpc/Desktop/microros_ws/install/composition_interfaces/lib/libcomposition_interfaces__rosidl_typesupport_microxrcedds_c.so" to ""
[22.468s] -- Up-to-date: /home/devpc/Desktop/microros_ws/install/composition_interfaces/include/composition_interfaces
[22.469s] -- Up-to-date: /home/devpc/Desktop/microros_ws/install/composition_interfaces/include/composition_interfaces/msg
[22.469s] -- Installing: /home/devpc/Desktop/microros_ws/install/composition_interfaces/include/composition_interfaces/msg/rosidl_typesupport_fastrtps_c__visibility_control.h
[22.469s] -- Up-to-date: /home/devpc/Desktop/microros_ws/install/composition_interfaces/include/composition_interfaces/srv
[22.469s] -- Up-to-date: /home/devpc/Desktop/microros_ws/install/composition_interfaces/include/composition_interfaces/srv/detail
[22.470s] -- Installing: /home/devpc/Desktop/microros_ws/install/composition_interfaces/include/composition_interfaces/srv/detail/list_nodes__rosidl_typesupport_fastrtps_c.h
[22.470s] -- Installing: /home/devpc/Desktop/microros_ws/install/composition_interfaces/include/composition_interfaces/srv/detail/load_node__rosidl_typesupport_fastrtps_c.h
[22.470s] -- Installing: /home/devpc/Desktop/microros_ws/install/composition_interfaces/include/composition_interfaces/srv/detail/unload_node__rosidl_typesupport_fastrtps_c.h
[22.470s] -- Installing: /home/devpc/Desktop/microros_ws/install/composition_interfaces/lib/libcomposition_interfaces__rosidl_typesupport_fastrtps_c.so
[22.470s] -- Set runtime path of "/home/devpc/Desktop/microros_ws/install/composition_interfaces/lib/libcomposition_interfaces__rosidl_typesupport_fastrtps_c.so" to ""
[22.470s] -- Up-to-date: /home/devpc/Desktop/microros_ws/install/composition_interfaces/include/composition_interfaces
[22.470s] -- Up-to-date: /home/devpc/Desktop/microros_ws/install/composition_interfaces/include/composition_interfaces/msg
[22.471s] -- Installing: /home/devpc/Desktop/microros_ws/install/composition_interfaces/include/composition_interfaces/msg/rosidl_typesupport_fastrtps_cpp__visibility_control.h
[22.471s] -- Up-to-date: /home/devpc/Desktop/microros_ws/install/composition_interfaces/include/composition_interfaces/srv
[22.471s] -- Up-to-date: /home/devpc/Desktop/microros_ws/install/composition_interfaces/include/composition_interfaces/srv/detail
[22.471s] -- Installing: /home/devpc/Desktop/microros_ws/install/composition_interfaces/include/composition_interfaces/srv/detail/list_nodes__rosidl_typesupport_fastrtps_cpp.hpp
[22.472s] -- Installing: /home/devpc/Desktop/microros_ws/install/composition_interfaces/include/composition_interfaces/srv/detail/unload_node__rosidl_typesupport_fastrtps_cpp.hpp
[22.472s] -- Installing: /home/devpc/Desktop/microros_ws/install/composition_interfaces/include/composition_interfaces/srv/detail/load_node__rosidl_typesupport_fastrtps_cpp.hpp
[22.472s] -- Installing: /home/devpc/Desktop/microros_ws/install/composition_interfaces/include/composition_interfaces/srv/detail/dds_fastrtps
[22.472s] -- Installing: /home/devpc/Desktop/microros_ws/install/composition_interfaces/lib/libcomposition_interfaces__rosidl_typesupport_fastrtps_cpp.so
[22.472s] -- Set runtime path of "/home/devpc/Desktop/microros_ws/install/composition_interfaces/lib/libcomposition_interfaces__rosidl_typesupport_fastrtps_cpp.so" to ""
[22.472s] -- Up-to-date: /home/devpc/Desktop/microros_ws/install/composition_interfaces/include/composition_interfaces
[22.473s] -- Up-to-date: /home/devpc/Desktop/microros_ws/install/composition_interfaces/include/composition_interfaces/msg
[22.473s] -- Installing: /home/devpc/Desktop/microros_ws/install/composition_interfaces/include/composition_interfaces/msg/rosidl_typesupport_introspection_c__visibility_control.h
[22.473s] -- Up-to-date: /home/devpc/Desktop/microros_ws/install/composition_interfaces/include/composition_interfaces/srv
[22.473s] -- Up-to-date: /home/devpc/Desktop/microros_ws/install/composition_interfaces/include/composition_interfaces/srv/detail
[22.473s] -- Installing: /home/devpc/Desktop/microros_ws/install/composition_interfaces/include/composition_interfaces/srv/detail/load_node__rosidl_typesupport_introspection_c.h
[22.473s] -- Installing: /home/devpc/Desktop/microros_ws/install/composition_interfaces/include/composition_interfaces/srv/detail/unload_node__type_support.c
[22.474s] -- Installing: /home/devpc/Desktop/microros_ws/install/composition_interfaces/include/composition_interfaces/srv/detail/list_nodes__rosidl_typesupport_introspection_c.h
[22.474s] -- Installing: /home/devpc/Desktop/microros_ws/install/composition_interfaces/include/composition_interfaces/srv/detail/unload_node__rosidl_typesupport_introspection_c.h
[22.474s] -- Installing: /home/devpc/Desktop/microros_ws/install/composition_interfaces/include/composition_interfaces/srv/detail/load_node__type_support.c
[22.475s] -- Installing: /home/devpc/Desktop/microros_ws/install/composition_interfaces/include/composition_interfaces/srv/detail/list_nodes__type_support.c
[22.475s] -- Installing: /home/devpc/Desktop/microros_ws/install/composition_interfaces/lib/libcomposition_interfaces__rosidl_typesupport_introspection_c.so
[22.475s] -- Set runtime path of "/home/devpc/Desktop/microros_ws/install/composition_interfaces/lib/libcomposition_interfaces__rosidl_typesupport_introspection_c.so" to ""
[22.475s] -- Installing: /home/devpc/Desktop/microros_ws/install/composition_interfaces/lib/libcomposition_interfaces__rosidl_typesupport_c.so
[22.475s] -- Set runtime path of "/home/devpc/Desktop/microros_ws/install/composition_interfaces/lib/libcomposition_interfaces__rosidl_typesupport_c.so" to ""
[22.476s] -- Up-to-date: /home/devpc/Desktop/microros_ws/install/composition_interfaces/include/composition_interfaces
[22.476s] -- Up-to-date: /home/devpc/Desktop/microros_ws/install/composition_interfaces/include/composition_interfaces/srv
[22.476s] -- Installing: /home/devpc/Desktop/microros_ws/install/composition_interfaces/include/composition_interfaces/srv/unload_node.hpp
[22.476s] -- Up-to-date: /home/devpc/Desktop/microros_ws/install/composition_interfaces/include/composition_interfaces/srv/detail
[22.476s] -- Installing: /home/devpc/Desktop/microros_ws/install/composition_interfaces/include/composition_interfaces/srv/detail/list_nodes__builder.hpp
[22.476s] -- Installing: /home/devpc/Desktop/microros_ws/install/composition_interfaces/include/composition_interfaces/srv/detail/load_node__builder.hpp
[22.477s] -- Installing: /home/devpc/Desktop/microros_ws/install/composition_interfaces/include/composition_interfaces/srv/detail/load_node__traits.hpp
[22.477s] -- Installing: /home/devpc/Desktop/microros_ws/install/composition_interfaces/include/composition_interfaces/srv/detail/list_nodes__struct.hpp
[22.477s] -- Installing: /home/devpc/Desktop/microros_ws/install/composition_interfaces/include/composition_interfaces/srv/detail/load_node__struct.hpp
[22.477s] -- Installing: /home/devpc/Desktop/microros_ws/install/composition_interfaces/include/composition_interfaces/srv/detail/unload_node__builder.hpp
[22.477s] -- Installing: /home/devpc/Desktop/microros_ws/install/composition_interfaces/include/composition_interfaces/srv/detail/unload_node__traits.hpp
[22.477s] -- Installing: /home/devpc/Desktop/microros_ws/install/composition_interfaces/include/composition_interfaces/srv/detail/unload_node__struct.hpp
[22.478s] -- Installing: /home/devpc/Desktop/microros_ws/install/composition_interfaces/include/composition_interfaces/srv/detail/list_nodes__traits.hpp
[22.478s] -- Installing: /home/devpc/Desktop/microros_ws/install/composition_interfaces/include/composition_interfaces/srv/list_nodes.hpp
[22.478s] -- Installing: /home/devpc/Desktop/microros_ws/install/composition_interfaces/include/composition_interfaces/srv/load_node.hpp
[22.478s] -- Up-to-date: /home/devpc/Desktop/microros_ws/install/composition_interfaces/include/composition_interfaces
[22.478s] -- Up-to-date: /home/devpc/Desktop/microros_ws/install/composition_interfaces/include/composition_interfaces/msg
[22.479s] -- Installing: /home/devpc/Desktop/microros_ws/install/composition_interfaces/include/composition_interfaces/msg/rosidl_typesupport_microxrcedds_cpp__visibility_control.h
[22.479s] -- Up-to-date: /home/devpc/Desktop/microros_ws/install/composition_interfaces/include/composition_interfaces/srv
[22.479s] -- Up-to-date: /home/devpc/Desktop/microros_ws/install/composition_interfaces/include/composition_interfaces/srv/detail
[22.479s] -- Installing: /home/devpc/Desktop/microros_ws/install/composition_interfaces/include/composition_interfaces/srv/detail/unload_node__rosidl_typesupport_microxrcedds_cpp.hpp
[22.479s] -- Installing: /home/devpc/Desktop/microros_ws/install/composition_interfaces/include/composition_interfaces/srv/detail/load_node__rosidl_typesupport_microxrcedds_cpp.hpp
[22.479s] -- Up-to-date: /home/devpc/Desktop/microros_ws/install/composition_interfaces/include/composition_interfaces/srv/detail/microxrcedds
[22.479s] -- Installing: /home/devpc/Desktop/microros_ws/install/composition_interfaces/include/composition_interfaces/srv/detail/microxrcedds/load_node__type_support_cpp.cpp
[22.480s] -- Installing: /home/devpc/Desktop/microros_ws/install/composition_interfaces/include/composition_interfaces/srv/detail/microxrcedds/unload_node__type_support_cpp.cpp
[22.480s] -- Installing: /home/devpc/Desktop/microros_ws/install/composition_interfaces/include/composition_interfaces/srv/detail/microxrcedds/list_nodes__type_support_cpp.cpp
[22.480s] -- Installing: /home/devpc/Desktop/microros_ws/install/composition_interfaces/include/composition_interfaces/srv/detail/list_nodes__rosidl_typesupport_microxrcedds_cpp.hpp
[22.480s] -- Installing: /home/devpc/Desktop/microros_ws/install/composition_interfaces/lib/libcomposition_interfaces__rosidl_typesupport_microxrcedds_cpp.so
[22.480s] -- Set runtime path of "/home/devpc/Desktop/microros_ws/install/composition_interfaces/lib/libcomposition_interfaces__rosidl_typesupport_microxrcedds_cpp.so" to ""
[22.480s] -- Up-to-date: /home/devpc/Desktop/microros_ws/install/composition_interfaces/include/composition_interfaces
[22.481s] -- Up-to-date: /home/devpc/Desktop/microros_ws/install/composition_interfaces/include/composition_interfaces/srv
[22.481s] -- Up-to-date: /home/devpc/Desktop/microros_ws/install/composition_interfaces/include/composition_interfaces/srv/detail
[22.481s] -- Installing: /home/devpc/Desktop/microros_ws/install/composition_interfaces/include/composition_interfaces/srv/detail/list_nodes__rosidl_typesupport_introspection_cpp.hpp
[22.481s] -- Installing: /home/devpc/Desktop/microros_ws/install/composition_interfaces/include/composition_interfaces/srv/detail/unload_node__type_support.cpp
[22.481s] -- Installing: /home/devpc/Desktop/microros_ws/install/composition_interfaces/include/composition_interfaces/srv/detail/list_nodes__type_support.cpp
[22.481s] -- Installing: /home/devpc/Desktop/microros_ws/install/composition_interfaces/include/composition_interfaces/srv/detail/load_node__rosidl_typesupport_introspection_cpp.hpp
[22.481s] -- Installing: /home/devpc/Desktop/microros_ws/install/composition_interfaces/include/composition_interfaces/srv/detail/unload_node__rosidl_typesupport_introspection_cpp.hpp
[22.481s] -- Installing: /home/devpc/Desktop/microros_ws/install/composition_interfaces/include/composition_interfaces/srv/detail/load_node__type_support.cpp
[22.482s] -- Installing: /home/devpc/Desktop/microros_ws/install/composition_interfaces/lib/libcomposition_interfaces__rosidl_typesupport_introspection_cpp.so
[22.482s] -- Set runtime path of "/home/devpc/Desktop/microros_ws/install/composition_interfaces/lib/libcomposition_interfaces__rosidl_typesupport_introspection_cpp.so" to ""
[22.482s] -- Installing: /home/devpc/Desktop/microros_ws/install/composition_interfaces/lib/libcomposition_interfaces__rosidl_typesupport_cpp.so
[22.482s] -- Set runtime path of "/home/devpc/Desktop/microros_ws/install/composition_interfaces/lib/libcomposition_interfaces__rosidl_typesupport_cpp.so" to ""
[22.482s] -- Installing: /home/devpc/Desktop/microros_ws/install/composition_interfaces/share/composition_interfaces/environment/pythonpath.sh
[22.482s] -- Installing: /home/devpc/Desktop/microros_ws/install/composition_interfaces/share/composition_interfaces/environment/pythonpath.dsv
[22.482s] -- Installing: /home/devpc/Desktop/microros_ws/install/composition_interfaces/lib/python3.8/site-packages/composition_interfaces/__init__.py
[22.532s] Compiling '/home/devpc/Desktop/microros_ws/install/composition_interfaces/lib/python3.8/site-packages/composition_interfaces/__init__.py'...
[22.537s] -- Installing: /home/devpc/Desktop/microros_ws/install/composition_interfaces/lib/python3.8/site-packages/composition_interfaces/srv
[22.538s] -- Installing: /home/devpc/Desktop/microros_ws/install/composition_interfaces/lib/python3.8/site-packages/composition_interfaces/srv/__init__.py
[22.538s] -- Installing: /home/devpc/Desktop/microros_ws/install/composition_interfaces/lib/python3.8/site-packages/composition_interfaces/srv/_list_nodes.py
[22.538s] -- Installing: /home/devpc/Desktop/microros_ws/install/composition_interfaces/lib/python3.8/site-packages/composition_interfaces/srv/_unload_node.py
[22.538s] -- Installing: /home/devpc/Desktop/microros_ws/install/composition_interfaces/lib/python3.8/site-packages/composition_interfaces/srv/_load_node_s.c
[22.538s] -- Installing: /home/devpc/Desktop/microros_ws/install/composition_interfaces/lib/python3.8/site-packages/composition_interfaces/srv/_list_nodes_s.c
[22.538s] -- Installing: /home/devpc/Desktop/microros_ws/install/composition_interfaces/lib/python3.8/site-packages/composition_interfaces/srv/_unload_node_s.c
[22.538s] -- Installing: /home/devpc/Desktop/microros_ws/install/composition_interfaces/lib/python3.8/site-packages/composition_interfaces/srv/_load_node.py
[22.539s] -- Installing: /home/devpc/Desktop/microros_ws/install/composition_interfaces/lib/python3.8/site-packages/composition_interfaces/composition_interfaces_s__rosidl_typesupport_microxrcedds_c.cpython-38-x86_64-linux-gnu.so
[22.539s] -- Set runtime path of "/home/devpc/Desktop/microros_ws/install/composition_interfaces/lib/python3.8/site-packages/composition_interfaces/composition_interfaces_s__rosidl_typesupport_microxrcedds_c.cpython-38-x86_64-linux-gnu.so" to ""
[22.540s] -- Installing: /home/devpc/Desktop/microros_ws/install/composition_interfaces/lib/python3.8/site-packages/composition_interfaces/composition_interfaces_s__rosidl_typesupport_fastrtps_c.cpython-38-x86_64-linux-gnu.so
[22.541s] -- Set runtime path of "/home/devpc/Desktop/microros_ws/install/composition_interfaces/lib/python3.8/site-packages/composition_interfaces/composition_interfaces_s__rosidl_typesupport_fastrtps_c.cpython-38-x86_64-linux-gnu.so" to ""
[22.541s] -- Installing: /home/devpc/Desktop/microros_ws/install/composition_interfaces/lib/python3.8/site-packages/composition_interfaces/composition_interfaces_s__rosidl_typesupport_introspection_c.cpython-38-x86_64-linux-gnu.so
[22.542s] -- Set runtime path of "/home/devpc/Desktop/microros_ws/install/composition_interfaces/lib/python3.8/site-packages/composition_interfaces/composition_interfaces_s__rosidl_typesupport_introspection_c.cpython-38-x86_64-linux-gnu.so" to ""
[22.542s] -- Installing: /home/devpc/Desktop/microros_ws/install/composition_interfaces/lib/python3.8/site-packages/composition_interfaces/composition_interfaces_s__rosidl_typesupport_c.cpython-38-x86_64-linux-gnu.so
[22.543s] -- Set runtime path of "/home/devpc/Desktop/microros_ws/install/composition_interfaces/lib/python3.8/site-packages/composition_interfaces/composition_interfaces_s__rosidl_typesupport_c.cpython-38-x86_64-linux-gnu.so" to ""
[22.543s] -- Installing: /home/devpc/Desktop/microros_ws/install/composition_interfaces/lib/libcomposition_interfaces__python.so
[22.544s] -- Set runtime path of "/home/devpc/Desktop/microros_ws/install/composition_interfaces/lib/libcomposition_interfaces__python.so" to ""
[22.544s] -- Installing: /home/devpc/Desktop/microros_ws/install/composition_interfaces/share/composition_interfaces/srv/LoadNode.idl
[22.544s] -- Installing: /home/devpc/Desktop/microros_ws/install/composition_interfaces/share/composition_interfaces/srv/ListNodes.idl
[22.544s] -- Installing: /home/devpc/Desktop/microros_ws/install/composition_interfaces/share/composition_interfaces/srv/UnloadNode.idl
[22.544s] -- Installing: /home/devpc/Desktop/microros_ws/install/composition_interfaces/share/composition_interfaces/srv/LoadNode.srv
[22.545s] -- Installing: /home/devpc/Desktop/microros_ws/install/composition_interfaces/share/composition_interfaces/srv/LoadNode_Request.msg
[22.545s] -- Installing: /home/devpc/Desktop/microros_ws/install/composition_interfaces/share/composition_interfaces/srv/LoadNode_Response.msg
[22.545s] -- Installing: /home/devpc/Desktop/microros_ws/install/composition_interfaces/share/composition_interfaces/srv/ListNodes.srv
[22.545s] -- Installing: /home/devpc/Desktop/microros_ws/install/composition_interfaces/share/composition_interfaces/srv/ListNodes_Request.msg
[22.545s] -- Installing: /home/devpc/Desktop/microros_ws/install/composition_interfaces/share/composition_interfaces/srv/ListNodes_Response.msg
[22.545s] -- Installing: /home/devpc/Desktop/microros_ws/install/composition_interfaces/share/composition_interfaces/srv/UnloadNode.srv
[22.546s] -- Installing: /home/devpc/Desktop/microros_ws/install/composition_interfaces/share/composition_interfaces/srv/UnloadNode_Request.msg
[22.546s] -- Installing: /home/devpc/Desktop/microros_ws/install/composition_interfaces/share/composition_interfaces/srv/UnloadNode_Response.msg
[22.546s] -- Installing: /home/devpc/Desktop/microros_ws/install/composition_interfaces/share/ament_index/resource_index/package_run_dependencies/composition_interfaces
[22.546s] -- Installing: /home/devpc/Desktop/microros_ws/install/composition_interfaces/share/ament_index/resource_index/parent_prefix_path/composition_interfaces
[22.547s] -- Installing: /home/devpc/Desktop/microros_ws/install/composition_interfaces/share/composition_interfaces/environment/ament_prefix_path.sh
[22.547s] -- Installing: /home/devpc/Desktop/microros_ws/install/composition_interfaces/share/composition_interfaces/environment/ament_prefix_path.dsv
[22.547s] -- Installing: /home/devpc/Desktop/microros_ws/install/composition_interfaces/share/composition_interfaces/environment/path.sh
[22.547s] -- Installing: /home/devpc/Desktop/microros_ws/install/composition_interfaces/share/composition_interfaces/environment/path.dsv
[22.547s] -- Installing: /home/devpc/Desktop/microros_ws/install/composition_interfaces/share/composition_interfaces/local_setup.bash
[22.548s] -- Installing: /home/devpc/Desktop/microros_ws/install/composition_interfaces/share/composition_interfaces/local_setup.sh
[22.548s] -- Installing: /home/devpc/Desktop/microros_ws/install/composition_interfaces/share/composition_interfaces/local_setup.zsh
[22.548s] -- Installing: /home/devpc/Desktop/microros_ws/install/composition_interfaces/share/composition_interfaces/local_setup.dsv
[22.548s] -- Installing: /home/devpc/Desktop/microros_ws/install/composition_interfaces/share/composition_interfaces/package.dsv
[22.548s] -- Installing: /home/devpc/Desktop/microros_ws/install/composition_interfaces/share/ament_index/resource_index/packages/composition_interfaces
[22.549s] -- Installing: /home/devpc/Desktop/microros_ws/install/composition_interfaces/share/composition_interfaces/cmake/composition_interfaces__rosidl_generator_cExport.cmake
[22.549s] -- Installing: /home/devpc/Desktop/microros_ws/install/composition_interfaces/share/composition_interfaces/cmake/composition_interfaces__rosidl_generator_cExport-noconfig.cmake
[22.549s] -- Installing: /home/devpc/Desktop/microros_ws/install/composition_interfaces/share/composition_interfaces/cmake/composition_interfaces__rosidl_typesupport_introspection_cExport.cmake
[22.549s] -- Installing: /home/devpc/Desktop/microros_ws/install/composition_interfaces/share/composition_interfaces/cmake/composition_interfaces__rosidl_typesupport_introspection_cExport-noconfig.cmake
[22.550s] -- Installing: /home/devpc/Desktop/microros_ws/install/composition_interfaces/share/composition_interfaces/cmake/composition_interfaces__rosidl_typesupport_cExport.cmake
[22.550s] -- Installing: /home/devpc/Desktop/microros_ws/install/composition_interfaces/share/composition_interfaces/cmake/composition_interfaces__rosidl_typesupport_cExport-noconfig.cmake
[22.550s] -- Installing: /home/devpc/Desktop/microros_ws/install/composition_interfaces/share/composition_interfaces/cmake/composition_interfaces__rosidl_generator_cppExport.cmake
[22.550s] -- Installing: /home/devpc/Desktop/microros_ws/install/composition_interfaces/share/composition_interfaces/cmake/composition_interfaces__rosidl_typesupport_introspection_cppExport.cmake
[22.551s] -- Installing: /home/devpc/Desktop/microros_ws/install/composition_interfaces/share/composition_interfaces/cmake/composition_interfaces__rosidl_typesupport_introspection_cppExport-noconfig.cmake
[22.551s] -- Installing: /home/devpc/Desktop/microros_ws/install/composition_interfaces/share/composition_interfaces/cmake/composition_interfaces__rosidl_typesupport_cppExport.cmake
[22.551s] -- Installing: /home/devpc/Desktop/microros_ws/install/composition_interfaces/share/composition_interfaces/cmake/composition_interfaces__rosidl_typesupport_cppExport-noconfig.cmake
[22.551s] -- Installing: /home/devpc/Desktop/microros_ws/install/composition_interfaces/share/composition_interfaces/cmake/rosidl_cmake-extras.cmake
[22.552s] -- Installing: /home/devpc/Desktop/microros_ws/install/composition_interfaces/share/composition_interfaces/cmake/ament_cmake_export_dependencies-extras.cmake
[22.552s] -- Installing: /home/devpc/Desktop/microros_ws/install/composition_interfaces/share/composition_interfaces/cmake/ament_cmake_export_libraries-extras.cmake
[22.552s] -- Installing: /home/devpc/Desktop/microros_ws/install/composition_interfaces/share/composition_interfaces/cmake/ament_cmake_export_targets-extras.cmake
[22.552s] -- Installing: /home/devpc/Desktop/microros_ws/install/composition_interfaces/share/composition_interfaces/cmake/ament_cmake_export_include_directories-extras.cmake
[22.553s] -- Installing: /home/devpc/Desktop/microros_ws/install/composition_interfaces/share/composition_interfaces/cmake/rosidl_cmake_export_typesupport_libraries-extras.cmake
[22.553s] -- Installing: /home/devpc/Desktop/microros_ws/install/composition_interfaces/share/composition_interfaces/cmake/rosidl_cmake_export_typesupport_targets-extras.cmake
[22.553s] -- Installing: /home/devpc/Desktop/microros_ws/install/composition_interfaces/share/composition_interfaces/cmake/composition_interfacesConfig.cmake
[22.553s] -- Installing: /home/devpc/Desktop/microros_ws/install/composition_interfaces/share/composition_interfaces/cmake/composition_interfacesConfig-version.cmake
[22.553s] -- Installing: /home/devpc/Desktop/microros_ws/install/composition_interfaces/share/composition_interfaces/package.xml
[22.559s] Invoked command in '/home/devpc/Desktop/microros_ws/build/composition_interfaces' returned '0': AMENT_PREFIX_PATH=/home/devpc/Desktop/microros_ws/install/rcl_interfaces:/home/devpc/Desktop/microros_ws/install/builtin_interfaces:${AMENT_PREFIX_PATH} CMAKE_PREFIX_PATH=/home/devpc/Desktop/microros_ws/install/rcl_interfaces:/home/devpc/Desktop/microros_ws/install/builtin_interfaces:/home/devpc/Desktop/microros_ws/install/rosidl_typesupport_microxrcedds_cpp:/home/devpc/Desktop/microros_ws/install/rosidl_typesupport_microxrcedds_c:/home/devpc/Desktop/microros_ws/install/microcdr:/home/devpc/Desktop/microros_ws/install/micro_ros_agent:/home/devpc/Desktop/microros_ws/install/microxrcedds_agent:/home/devpc/Desktop/microros_ws/install/micro_ros_setup:/home/devpc/Desktop/microros_ws/install/micro_ros_msgs:/home/devpc/Desktop/quad_ws/install/quad_interfaces:/home/devpc/Desktop/quad_ws/install/quad:/opt/ros/foxy LD_LIBRARY_PATH=/home/devpc/Desktop/microros_ws/install/rcl_interfaces/lib:/home/devpc/Desktop/microros_ws/install/builtin_interfaces/lib:${LD_LIBRARY_PATH} PYTHONPATH=/home/devpc/Desktop/microros_ws/install/rcl_interfaces/lib/python3.8/site-packages:/home/devpc/Desktop/microros_ws/install/builtin_interfaces/lib/python3.8/site-packages:${PYTHONPATH} /usr/bin/cmake --install /home/devpc/Desktop/microros_ws/build/composition_interfaces
