[0.241s] Invoking command in '/home/devpc/Desktop/quad_ws/src/quad': PYTHONPATH=/home/devpc/Desktop/quad_ws/install/quad/lib/python3.8/site-packages:${PYTHONPATH} /usr/bin/python3 setup.py egg_info --egg-base ../../build/quad build --build-base /home/devpc/Desktop/quad_ws/build/quad/build install --prefix /home/devpc/Desktop/quad_ws/install/quad --record /home/devpc/Desktop/quad_ws/build/quad/install.log --single-version-externally-managed
[0.455s] running egg_info
[0.456s] writing ../../build/quad/quad.egg-info/PKG-INFO
[0.456s] writing dependency_links to ../../build/quad/quad.egg-info/dependency_links.txt
[0.456s] writing entry points to ../../build/quad/quad.egg-info/entry_points.txt
[0.457s] writing requirements to ../../build/quad/quad.egg-info/requires.txt
[0.457s] writing top-level names to ../../build/quad/quad.egg-info/top_level.txt
[0.502s] reading manifest file '../../build/quad/quad.egg-info/SOURCES.txt'
[0.503s] writing manifest file '../../build/quad/quad.egg-info/SOURCES.txt'
[0.504s] running build
[0.504s] running build_py
[0.504s] running install
[0.505s] running install_lib
[0.506s] running install_data
[0.506s] copying package.xml -> /home/devpc/Desktop/quad_ws/install/quad/share/quad
[0.507s] running install_egg_info
[0.508s] Copying ../../build/quad/quad.egg-info to /home/devpc/Desktop/quad_ws/install/quad/lib/python3.8/site-packages/quad-0.0.1-py3.8.egg-info
[0.509s] running install_scripts
[0.525s] Installing quad script to /home/devpc/Desktop/quad_ws/install/quad/lib/quad
[0.525s] writing list of installed files to '/home/devpc/Desktop/quad_ws/build/quad/install.log'
[0.576s] Invoked command in '/home/devpc/Desktop/quad_ws/src/quad' returned '0': PYTHONPATH=/home/devpc/Desktop/quad_ws/install/quad/lib/python3.8/site-packages:${PYTHONPATH} /usr/bin/python3 setup.py egg_info --egg-base ../../build/quad build --build-base /home/devpc/Desktop/quad_ws/build/quad/build install --prefix /home/devpc/Desktop/quad_ws/install/quad --record /home/devpc/Desktop/quad_ws/build/quad/install.log --single-version-externally-managed
