-- The C compiler identification is GNU 9.3.0
-- The CXX compiler identification is GNU 9.3.0
-- Check for working C compiler: /usr/bin/cc
-- Check for working C compiler: /usr/bin/cc -- works
-- Detecting C compiler ABI info
-- Detecting C compiler ABI info - done
-- Detecting C compile features
-- Detecting C compile features - done
-- Check for working CXX compiler: /usr/bin/c++
-- Check for working CXX compiler: /usr/bin/c++ -- works
-- Detecting CXX compiler ABI info
-- Detecting CXX compiler ABI info - done
-- Detecting CXX compile features
-- Detecting CXX compile features - done
-- Found ament_cmake_ros: 0.9.2 (/opt/ros/foxy/share/ament_cmake_ros/cmake)
-- Found PythonInterp: /usr/bin/python3 (found suitable version "3.8.10", minimum required is "3") 
-- Using PYTHON_EXECUTABLE: /usr/bin/python3
-- Found rcl: 1.1.11 (/opt/ros/foxy/share/rcl/cmake)
-- Using all available rosidl_typesupport_c: rosidl_typesupport_microxrcedds_c;rosidl_typesupport_fastrtps_c;rosidl_typesupport_introspection_c
-- Found rosidl_adapter: 1.2.1 (/opt/ros/foxy/share/rosidl_adapter/cmake)
-- Found OpenSSL: /usr/lib/x86_64-linux-gnu/libcrypto.so (found version "1.1.1f")  
-- Found FastRTPS: /opt/ros/foxy/include  
-- Using all available rosidl_typesupport_cpp: rosidl_typesupport_microxrcedds_cpp;rosidl_typesupport_fastrtps_cpp;rosidl_typesupport_introspection_cpp
-- Found rmw_implementation_cmake: 1.0.3 (/opt/ros/foxy/share/rmw_implementation_cmake/cmake)
-- Using RMW implementation 'rmw_fastrtps_cpp' as default
-- Looking for pthread.h
-- Looking for pthread.h - found
-- Performing Test CMAKE_HAVE_LIBC_PTHREAD
-- Performing Test CMAKE_HAVE_LIBC_PTHREAD - Failed
-- Looking for pthread_create in pthreads
-- Looking for pthread_create in pthreads - not found
-- Looking for pthread_create in pthread
-- Looking for pthread_create in pthread - found
-- Found Threads: TRUE  
-- Found std_msgs: 2.0.4 (/home/devpc/Desktop/microros_ws/install/std_msgs/share/std_msgs/cmake)
-- Found rcl version 1.1.11, which belongs to Foxy or later
-- Found ament_lint_auto: 0.9.6 (/opt/ros/foxy/share/ament_lint_auto/cmake)
-- Found example_interfaces: 0.9.1 (/home/devpc/Desktop/microros_ws/install/example_interfaces/share/example_interfaces/cmake)
-- Found gtest sources under '/opt/ros/foxy/src/gtest_vendor': C++ tests using 'Google Test' will be built
-- Check if compiler accepts -pthread
-- Check if compiler accepts -pthread - yes
-- Added test 'cppcheck' to perform static code analysis on C / C++ code
-- Configured cppcheck include dirs: $<BUILD_INTERFACE:/home/devpc/Desktop/microros_ws/src/uros/rclc/rclc/include>;$<BUILD_INTERFACE:/home/devpc/Desktop/microros_ws/src/uros/rclc/rclc/src>;/home/devpc/Desktop/microros_ws/src/uros/rclc/rclc/include;/home/devpc/Desktop/microros_ws/src/uros/rclc/rclc/src
-- Configured cppcheck exclude dirs and/or files: 
-- Added test 'cpplint' to check C / C++ code against the Google style
-- Configured cpplint exclude dirs and/or files: 
-- Added test 'lint_cmake' to check CMake code style
-- Added test 'uncrustify' to check C / C++ code style
-- Configured uncrustify additional arguments: 
-- Added test 'xmllint' to check XML markup files
-- Configuring done
-- Generating done
-- Build files have been written to: /home/devpc/Desktop/microros_ws/build/rclc
/usr/bin/cmake -S/home/devpc/Desktop/microros_ws/src/uros/rclc/rclc -B/home/devpc/Desktop/microros_ws/build/rclc --check-build-system CMakeFiles/Makefile.cmake 0
/usr/bin/cmake -E cmake_progress_start /home/devpc/Desktop/microros_ws/build/rclc/CMakeFiles /home/devpc/Desktop/microros_ws/build/rclc/CMakeFiles/progress.marks
/usr/bin/make -f CMakeFiles/Makefile2 all
make[1]: Entering directory '/home/devpc/Desktop/microros_ws/build/rclc'
/usr/bin/make -f CMakeFiles/rclc.dir/build.make CMakeFiles/rclc.dir/depend
/usr/bin/make -f gtest/CMakeFiles/gtest_main.dir/build.make gtest/CMakeFiles/gtest_main.dir/depend
/usr/bin/make -f gtest/CMakeFiles/gtest.dir/build.make gtest/CMakeFiles/gtest.dir/depend
make[2]: Entering directory '/home/devpc/Desktop/microros_ws/build/rclc'
cd /home/devpc/Desktop/microros_ws/build/rclc && /usr/bin/cmake -E cmake_depends "Unix Makefiles" /home/devpc/Desktop/microros_ws/src/uros/rclc/rclc /opt/ros/foxy/src/gtest_vendor /home/devpc/Desktop/microros_ws/build/rclc /home/devpc/Desktop/microros_ws/build/rclc/gtest /home/devpc/Desktop/microros_ws/build/rclc/gtest/CMakeFiles/gtest_main.dir/DependInfo.cmake --color=
make[2]: Entering directory '/home/devpc/Desktop/microros_ws/build/rclc'
cd /home/devpc/Desktop/microros_ws/build/rclc && /usr/bin/cmake -E cmake_depends "Unix Makefiles" /home/devpc/Desktop/microros_ws/src/uros/rclc/rclc /home/devpc/Desktop/microros_ws/src/uros/rclc/rclc /home/devpc/Desktop/microros_ws/build/rclc /home/devpc/Desktop/microros_ws/build/rclc /home/devpc/Desktop/microros_ws/build/rclc/CMakeFiles/rclc.dir/DependInfo.cmake --color=
make[2]: Entering directory '/home/devpc/Desktop/microros_ws/build/rclc'
cd /home/devpc/Desktop/microros_ws/build/rclc && /usr/bin/cmake -E cmake_depends "Unix Makefiles" /home/devpc/Desktop/microros_ws/src/uros/rclc/rclc /opt/ros/foxy/src/gtest_vendor /home/devpc/Desktop/microros_ws/build/rclc /home/devpc/Desktop/microros_ws/build/rclc/gtest /home/devpc/Desktop/microros_ws/build/rclc/gtest/CMakeFiles/gtest.dir/DependInfo.cmake --color=
[35m[1mScanning dependencies of target rclc[0m
[35m[1mScanning dependencies of target gtest[0m
[35m[1mScanning dependencies of target gtest_main[0m
make[2]: Leaving directory '/home/devpc/Desktop/microros_ws/build/rclc'
/usr/bin/make -f gtest/CMakeFiles/gtest_main.dir/build.make gtest/CMakeFiles/gtest_main.dir/build
make[2]: Leaving directory '/home/devpc/Desktop/microros_ws/build/rclc'
/usr/bin/make -f CMakeFiles/rclc.dir/build.make CMakeFiles/rclc.dir/build
make[2]: Entering directory '/home/devpc/Desktop/microros_ws/build/rclc'
make[2]: Entering directory '/home/devpc/Desktop/microros_ws/build/rclc'
make[2]: Leaving directory '/home/devpc/Desktop/microros_ws/build/rclc'
/usr/bin/make -f gtest/CMakeFiles/gtest.dir/build.make gtest/CMakeFiles/gtest.dir/build
make[2]: Entering directory '/home/devpc/Desktop/microros_ws/build/rclc'
[  4%] [32mBuilding CXX object gtest/CMakeFiles/gtest_main.dir/src/gtest_main.cc.o[0m
[  8%] [32mBuilding C object CMakeFiles/rclc.dir/src/rclc/publisher.c.o[0m
cd /home/devpc/Desktop/microros_ws/build/rclc/gtest && /usr/bin/c++  -DROS_PACKAGE_NAME=\"rclc\" -I/opt/ros/foxy/src/gtest_vendor/include -I/opt/ros/foxy/src/gtest_vendor/.  -Wall -Wextra -Wpedantic -std=gnu++14 -o CMakeFiles/gtest_main.dir/src/gtest_main.cc.o -c /opt/ros/foxy/src/gtest_vendor/src/gtest_main.cc
/usr/bin/cc -DDEFAULT_RMW_IMPLEMENTATION=rmw_fastrtps_cpp -DRCLC_BUILDING_LIBRARY -DRCUTILS_ENABLE_FAULT_INJECTION -DROS_PACKAGE_NAME=\"rclc\" -DSPDLOG_COMPILED_LIB -Drclc_EXPORTS -I/home/devpc/Desktop/microros_ws/src/uros/rclc/rclc/include -I/home/devpc/Desktop/microros_ws/src/uros/rclc/rclc/src -isystem /opt/ros/foxy/include -isystem /home/devpc/Desktop/microros_ws/install/builtin_interfaces/include -isystem /home/devpc/Desktop/microros_ws/install/microxrcedds_agent/include  -fPIC   -Wall -Wextra -Wpedantic -std=gnu11 -o CMakeFiles/rclc.dir/src/rclc/publisher.c.o   -c /home/devpc/Desktop/microros_ws/src/uros/rclc/rclc/src/rclc/publisher.c
[ 12%] [32mBuilding C object CMakeFiles/rclc.dir/src/rclc/subscription.c.o[0m
/usr/bin/cc -DDEFAULT_RMW_IMPLEMENTATION=rmw_fastrtps_cpp -DRCLC_BUILDING_LIBRARY -DRCUTILS_ENABLE_FAULT_INJECTION -DROS_PACKAGE_NAME=\"rclc\" -DSPDLOG_COMPILED_LIB -Drclc_EXPORTS -I/home/devpc/Desktop/microros_ws/src/uros/rclc/rclc/include -I/home/devpc/Desktop/microros_ws/src/uros/rclc/rclc/src -isystem /opt/ros/foxy/include -isystem /home/devpc/Desktop/microros_ws/install/builtin_interfaces/include -isystem /home/devpc/Desktop/microros_ws/install/microxrcedds_agent/include  -fPIC   -Wall -Wextra -Wpedantic -std=gnu11 -o CMakeFiles/rclc.dir/src/rclc/subscription.c.o   -c /home/devpc/Desktop/microros_ws/src/uros/rclc/rclc/src/rclc/subscription.c
[ 16%] [32mBuilding CXX object gtest/CMakeFiles/gtest.dir/src/gtest-all.cc.o[0m
cd /home/devpc/Desktop/microros_ws/build/rclc/gtest && /usr/bin/c++  -DROS_PACKAGE_NAME=\"rclc\" -I/opt/ros/foxy/src/gtest_vendor/include -I/opt/ros/foxy/src/gtest_vendor/.  -Wno-missing-field-initializers -Wall -Wextra -Wpedantic -std=gnu++14 -o CMakeFiles/gtest.dir/src/gtest-all.cc.o -c /opt/ros/foxy/src/gtest_vendor/src/gtest-all.cc
[ 20%] [32mBuilding C object CMakeFiles/rclc.dir/src/rclc/init.c.o[0m
/usr/bin/cc -DDEFAULT_RMW_IMPLEMENTATION=rmw_fastrtps_cpp -DRCLC_BUILDING_LIBRARY -DRCUTILS_ENABLE_FAULT_INJECTION -DROS_PACKAGE_NAME=\"rclc\" -DSPDLOG_COMPILED_LIB -Drclc_EXPORTS -I/home/devpc/Desktop/microros_ws/src/uros/rclc/rclc/include -I/home/devpc/Desktop/microros_ws/src/uros/rclc/rclc/src -isystem /opt/ros/foxy/include -isystem /home/devpc/Desktop/microros_ws/install/builtin_interfaces/include -isystem /home/devpc/Desktop/microros_ws/install/microxrcedds_agent/include  -fPIC   -Wall -Wextra -Wpedantic -std=gnu11 -o CMakeFiles/rclc.dir/src/rclc/init.c.o   -c /home/devpc/Desktop/microros_ws/src/uros/rclc/rclc/src/rclc/init.c
[ 24%] [32mBuilding C object CMakeFiles/rclc.dir/src/rclc/timer.c.o[0m
/usr/bin/cc -DDEFAULT_RMW_IMPLEMENTATION=rmw_fastrtps_cpp -DRCLC_BUILDING_LIBRARY -DRCUTILS_ENABLE_FAULT_INJECTION -DROS_PACKAGE_NAME=\"rclc\" -DSPDLOG_COMPILED_LIB -Drclc_EXPORTS -I/home/devpc/Desktop/microros_ws/src/uros/rclc/rclc/include -I/home/devpc/Desktop/microros_ws/src/uros/rclc/rclc/src -isystem /opt/ros/foxy/include -isystem /home/devpc/Desktop/microros_ws/install/builtin_interfaces/include -isystem /home/devpc/Desktop/microros_ws/install/microxrcedds_agent/include  -fPIC   -Wall -Wextra -Wpedantic -std=gnu11 -o CMakeFiles/rclc.dir/src/rclc/timer.c.o   -c /home/devpc/Desktop/microros_ws/src/uros/rclc/rclc/src/rclc/timer.c
[ 28%] [32mBuilding C object CMakeFiles/rclc.dir/src/rclc/service.c.o[0m
/usr/bin/cc -DDEFAULT_RMW_IMPLEMENTATION=rmw_fastrtps_cpp -DRCLC_BUILDING_LIBRARY -DRCUTILS_ENABLE_FAULT_INJECTION -DROS_PACKAGE_NAME=\"rclc\" -DSPDLOG_COMPILED_LIB -Drclc_EXPORTS -I/home/devpc/Desktop/microros_ws/src/uros/rclc/rclc/include -I/home/devpc/Desktop/microros_ws/src/uros/rclc/rclc/src -isystem /opt/ros/foxy/include -isystem /home/devpc/Desktop/microros_ws/install/builtin_interfaces/include -isystem /home/devpc/Desktop/microros_ws/install/microxrcedds_agent/include  -fPIC   -Wall -Wextra -Wpedantic -std=gnu11 -o CMakeFiles/rclc.dir/src/rclc/service.c.o   -c /home/devpc/Desktop/microros_ws/src/uros/rclc/rclc/src/rclc/service.c
[ 32%] [32mBuilding C object CMakeFiles/rclc.dir/src/rclc/executor_handle.c.o[0m
/usr/bin/cc -DDEFAULT_RMW_IMPLEMENTATION=rmw_fastrtps_cpp -DRCLC_BUILDING_LIBRARY -DRCUTILS_ENABLE_FAULT_INJECTION -DROS_PACKAGE_NAME=\"rclc\" -DSPDLOG_COMPILED_LIB -Drclc_EXPORTS -I/home/devpc/Desktop/microros_ws/src/uros/rclc/rclc/include -I/home/devpc/Desktop/microros_ws/src/uros/rclc/rclc/src -isystem /opt/ros/foxy/include -isystem /home/devpc/Desktop/microros_ws/install/builtin_interfaces/include -isystem /home/devpc/Desktop/microros_ws/install/microxrcedds_agent/include  -fPIC   -Wall -Wextra -Wpedantic -std=gnu11 -o CMakeFiles/rclc.dir/src/rclc/executor_handle.c.o   -c /home/devpc/Desktop/microros_ws/src/uros/rclc/rclc/src/rclc/executor_handle.c
[ 36%] [32mBuilding C object CMakeFiles/rclc.dir/src/rclc/executor.c.o[0m
/usr/bin/cc -DDEFAULT_RMW_IMPLEMENTATION=rmw_fastrtps_cpp -DRCLC_BUILDING_LIBRARY -DRCUTILS_ENABLE_FAULT_INJECTION -DROS_PACKAGE_NAME=\"rclc\" -DSPDLOG_COMPILED_LIB -Drclc_EXPORTS -I/home/devpc/Desktop/microros_ws/src/uros/rclc/rclc/include -I/home/devpc/Desktop/microros_ws/src/uros/rclc/rclc/src -isystem /opt/ros/foxy/include -isystem /home/devpc/Desktop/microros_ws/install/builtin_interfaces/include -isystem /home/devpc/Desktop/microros_ws/install/microxrcedds_agent/include  -fPIC   -Wall -Wextra -Wpedantic -std=gnu11 -o CMakeFiles/rclc.dir/src/rclc/executor.c.o   -c /home/devpc/Desktop/microros_ws/src/uros/rclc/rclc/src/rclc/executor.c
[ 40%] [32mBuilding C object CMakeFiles/rclc.dir/src/rclc/sleep.c.o[0m
/usr/bin/cc -DDEFAULT_RMW_IMPLEMENTATION=rmw_fastrtps_cpp -DRCLC_BUILDING_LIBRARY -DRCUTILS_ENABLE_FAULT_INJECTION -DROS_PACKAGE_NAME=\"rclc\" -DSPDLOG_COMPILED_LIB -Drclc_EXPORTS -I/home/devpc/Desktop/microros_ws/src/uros/rclc/rclc/include -I/home/devpc/Desktop/microros_ws/src/uros/rclc/rclc/src -isystem /opt/ros/foxy/include -isystem /home/devpc/Desktop/microros_ws/install/builtin_interfaces/include -isystem /home/devpc/Desktop/microros_ws/install/microxrcedds_agent/include  -fPIC   -Wall -Wextra -Wpedantic -std=gnu11 -o CMakeFiles/rclc.dir/src/rclc/sleep.c.o   -c /home/devpc/Desktop/microros_ws/src/uros/rclc/rclc/src/rclc/sleep.c
[ 44%] [32mBuilding C object CMakeFiles/rclc.dir/src/rclc/node.c.o[0m
/usr/bin/cc -DDEFAULT_RMW_IMPLEMENTATION=rmw_fastrtps_cpp -DRCLC_BUILDING_LIBRARY -DRCUTILS_ENABLE_FAULT_INJECTION -DROS_PACKAGE_NAME=\"rclc\" -DSPDLOG_COMPILED_LIB -Drclc_EXPORTS -I/home/devpc/Desktop/microros_ws/src/uros/rclc/rclc/include -I/home/devpc/Desktop/microros_ws/src/uros/rclc/rclc/src -isystem /opt/ros/foxy/include -isystem /home/devpc/Desktop/microros_ws/install/builtin_interfaces/include -isystem /home/devpc/Desktop/microros_ws/install/microxrcedds_agent/include  -fPIC   -Wall -Wextra -Wpedantic -std=gnu11 -o CMakeFiles/rclc.dir/src/rclc/node.c.o   -c /home/devpc/Desktop/microros_ws/src/uros/rclc/rclc/src/rclc/node.c
[ 48%] [32mBuilding C object CMakeFiles/rclc.dir/src/rclc/client.c.o[0m
/usr/bin/cc -DDEFAULT_RMW_IMPLEMENTATION=rmw_fastrtps_cpp -DRCLC_BUILDING_LIBRARY -DRCUTILS_ENABLE_FAULT_INJECTION -DROS_PACKAGE_NAME=\"rclc\" -DSPDLOG_COMPILED_LIB -Drclc_EXPORTS -I/home/devpc/Desktop/microros_ws/src/uros/rclc/rclc/include -I/home/devpc/Desktop/microros_ws/src/uros/rclc/rclc/src -isystem /opt/ros/foxy/include -isystem /home/devpc/Desktop/microros_ws/install/builtin_interfaces/include -isystem /home/devpc/Desktop/microros_ws/install/microxrcedds_agent/include  -fPIC   -Wall -Wextra -Wpedantic -std=gnu11 -o CMakeFiles/rclc.dir/src/rclc/client.c.o   -c /home/devpc/Desktop/microros_ws/src/uros/rclc/rclc/src/rclc/client.c
[ 52%] [32m[1mLinking CXX shared library librclc.so[0m
/usr/bin/cmake -E cmake_link_script CMakeFiles/rclc.dir/link.txt --verbose=1
/usr/bin/c++ -fPIC   -shared -Wl,-soname,librclc.so -o librclc.so CMakeFiles/rclc.dir/src/rclc/init.c.o CMakeFiles/rclc.dir/src/rclc/publisher.c.o CMakeFiles/rclc.dir/src/rclc/subscription.c.o CMakeFiles/rclc.dir/src/rclc/client.c.o CMakeFiles/rclc.dir/src/rclc/service.c.o CMakeFiles/rclc.dir/src/rclc/timer.c.o CMakeFiles/rclc.dir/src/rclc/node.c.o CMakeFiles/rclc.dir/src/rclc/executor_handle.c.o CMakeFiles/rclc.dir/src/rclc/executor.c.o CMakeFiles/rclc.dir/src/rclc/sleep.c.o  -Wl,-rpath,/home/devpc/Desktop/microros_ws/install/builtin_interfaces/lib:/opt/ros/foxy/lib: -lpthread /opt/ros/foxy/lib/librcl.so /opt/ros/foxy/lib/librosidl_runtime_c.so /opt/ros/foxy/lib/librcl_interfaces__rosidl_typesupport_introspection_c.so /opt/ros/foxy/lib/librcl_interfaces__rosidl_generator_c.so /opt/ros/foxy/lib/librcl_interfaces__rosidl_typesupport_c.so /opt/ros/foxy/lib/librcl_interfaces__rosidl_typesupport_introspection_cpp.so /opt/ros/foxy/lib/librcl_interfaces__rosidl_typesupport_cpp.so /home/devpc/Desktop/microros_ws/install/builtin_interfaces/lib/libbuiltin_interfaces__rosidl_typesupport_introspection_c.so /home/devpc/Desktop/microros_ws/install/builtin_interfaces/lib/libbuiltin_interfaces__rosidl_generator_c.so /home/devpc/Desktop/microros_ws/install/builtin_interfaces/lib/libbuiltin_interfaces__rosidl_typesupport_c.so /home/devpc/Desktop/microros_ws/install/builtin_interfaces/lib/libbuiltin_interfaces__rosidl_typesupport_introspection_cpp.so /opt/ros/foxy/lib/librosidl_typesupport_introspection_cpp.so /opt/ros/foxy/lib/librosidl_typesupport_introspection_c.so /home/devpc/Desktop/microros_ws/install/builtin_interfaces/lib/libbuiltin_interfaces__rosidl_typesupport_cpp.so /opt/ros/foxy/lib/librosidl_typesupport_cpp.so /opt/ros/foxy/lib/librosidl_typesupport_c.so /opt/ros/foxy/lib/librcl_yaml_param_parser.so /opt/ros/foxy/lib/libyaml.so /opt/ros/foxy/lib/librmw_implementation.so /opt/ros/foxy/lib/librmw.so /opt/ros/foxy/lib/librcl_logging_spdlog.so /opt/ros/foxy/lib/librcpputils.so /home/devpc/Desktop/microros_ws/install/microxrcedds_agent/lib/libspdlog.a -lpthread /opt/ros/foxy/lib/librosidl_runtime_c.so /opt/ros/foxy/lib/librcutils.so -ldl /opt/ros/foxy/lib/libtracetools.so 
make[2]: Leaving directory '/home/devpc/Desktop/microros_ws/build/rclc'
[ 52%] Built target rclc
[ 56%] [32m[1mLinking CXX static library libgtest_main.a[0m
cd /home/devpc/Desktop/microros_ws/build/rclc/gtest && /usr/bin/cmake -P CMakeFiles/gtest_main.dir/cmake_clean_target.cmake
cd /home/devpc/Desktop/microros_ws/build/rclc/gtest && /usr/bin/cmake -E cmake_link_script CMakeFiles/gtest_main.dir/link.txt --verbose=1
/usr/bin/ar qc libgtest_main.a  CMakeFiles/gtest_main.dir/src/gtest_main.cc.o
/usr/bin/ranlib libgtest_main.a
make[2]: Leaving directory '/home/devpc/Desktop/microros_ws/build/rclc'
[ 56%] Built target gtest_main
[ 60%] [32m[1mLinking CXX static library libgtest.a[0m
cd /home/devpc/Desktop/microros_ws/build/rclc/gtest && /usr/bin/cmake -P CMakeFiles/gtest.dir/cmake_clean_target.cmake
cd /home/devpc/Desktop/microros_ws/build/rclc/gtest && /usr/bin/cmake -E cmake_link_script CMakeFiles/gtest.dir/link.txt --verbose=1
/usr/bin/ar qc libgtest.a  CMakeFiles/gtest.dir/src/gtest-all.cc.o
/usr/bin/ranlib libgtest.a
make[2]: Leaving directory '/home/devpc/Desktop/microros_ws/build/rclc'
[ 60%] Built target gtest
/usr/bin/make -f CMakeFiles/rclc_test.dir/build.make CMakeFiles/rclc_test.dir/depend
make[2]: Entering directory '/home/devpc/Desktop/microros_ws/build/rclc'
cd /home/devpc/Desktop/microros_ws/build/rclc && /usr/bin/cmake -E cmake_depends "Unix Makefiles" /home/devpc/Desktop/microros_ws/src/uros/rclc/rclc /home/devpc/Desktop/microros_ws/src/uros/rclc/rclc /home/devpc/Desktop/microros_ws/build/rclc /home/devpc/Desktop/microros_ws/build/rclc /home/devpc/Desktop/microros_ws/build/rclc/CMakeFiles/rclc_test.dir/DependInfo.cmake --color=
[35m[1mScanning dependencies of target rclc_test[0m
make[2]: Leaving directory '/home/devpc/Desktop/microros_ws/build/rclc'
/usr/bin/make -f CMakeFiles/rclc_test.dir/build.make CMakeFiles/rclc_test.dir/build
make[2]: Entering directory '/home/devpc/Desktop/microros_ws/build/rclc'
[ 64%] [32mBuilding CXX object CMakeFiles/rclc_test.dir/test/rclc/test_init.cpp.o[0m
/usr/bin/c++  -DDEFAULT_RMW_IMPLEMENTATION=rmw_fastrtps_cpp -DRCUTILS_ENABLE_FAULT_INJECTION -DROS_PACKAGE_NAME=\"rclc\" -DSPDLOG_COMPILED_LIB -I/opt/ros/foxy/src/gtest_vendor/include -I/home/devpc/Desktop/microros_ws/src/uros/rclc/rclc/include -I/home/devpc/Desktop/microros_ws/src/uros/rclc/rclc/src -isystem /home/devpc/Desktop/microros_ws/install/test_msgs/include -isystem /home/devpc/Desktop/microros_ws/install/example_interfaces/include -isystem /home/devpc/Desktop/microros_ws/install/std_msgs/include -isystem /opt/ros/foxy/include -isystem /home/devpc/Desktop/microros_ws/install/builtin_interfaces/include -isystem /home/devpc/Desktop/microros_ws/install/microxrcedds_agent/include -isystem /home/devpc/Desktop/microros_ws/install/action_msgs/include -isystem /home/devpc/Desktop/microros_ws/install/unique_identifier_msgs/include  -Wall -Wextra -Wpedantic -std=gnu++14 -o CMakeFiles/rclc_test.dir/test/rclc/test_init.cpp.o -c /home/devpc/Desktop/microros_ws/src/uros/rclc/rclc/test/rclc/test_init.cpp
[ 68%] [32mBuilding CXX object CMakeFiles/rclc_test.dir/test/rclc/test_node.cpp.o[0m
/usr/bin/c++  -DDEFAULT_RMW_IMPLEMENTATION=rmw_fastrtps_cpp -DRCUTILS_ENABLE_FAULT_INJECTION -DROS_PACKAGE_NAME=\"rclc\" -DSPDLOG_COMPILED_LIB -I/opt/ros/foxy/src/gtest_vendor/include -I/home/devpc/Desktop/microros_ws/src/uros/rclc/rclc/include -I/home/devpc/Desktop/microros_ws/src/uros/rclc/rclc/src -isystem /home/devpc/Desktop/microros_ws/install/test_msgs/include -isystem /home/devpc/Desktop/microros_ws/install/example_interfaces/include -isystem /home/devpc/Desktop/microros_ws/install/std_msgs/include -isystem /opt/ros/foxy/include -isystem /home/devpc/Desktop/microros_ws/install/builtin_interfaces/include -isystem /home/devpc/Desktop/microros_ws/install/microxrcedds_agent/include -isystem /home/devpc/Desktop/microros_ws/install/action_msgs/include -isystem /home/devpc/Desktop/microros_ws/install/unique_identifier_msgs/include  -Wall -Wextra -Wpedantic -std=gnu++14 -o CMakeFiles/rclc_test.dir/test/rclc/test_node.cpp.o -c /home/devpc/Desktop/microros_ws/src/uros/rclc/rclc/test/rclc/test_node.cpp
[ 72%] [32mBuilding CXX object CMakeFiles/rclc_test.dir/test/rclc/test_executor_handle.cpp.o[0m
/usr/bin/c++  -DDEFAULT_RMW_IMPLEMENTATION=rmw_fastrtps_cpp -DRCUTILS_ENABLE_FAULT_INJECTION -DROS_PACKAGE_NAME=\"rclc\" -DSPDLOG_COMPILED_LIB -I/opt/ros/foxy/src/gtest_vendor/include -I/home/devpc/Desktop/microros_ws/src/uros/rclc/rclc/include -I/home/devpc/Desktop/microros_ws/src/uros/rclc/rclc/src -isystem /home/devpc/Desktop/microros_ws/install/test_msgs/include -isystem /home/devpc/Desktop/microros_ws/install/example_interfaces/include -isystem /home/devpc/Desktop/microros_ws/install/std_msgs/include -isystem /opt/ros/foxy/include -isystem /home/devpc/Desktop/microros_ws/install/builtin_interfaces/include -isystem /home/devpc/Desktop/microros_ws/install/microxrcedds_agent/include -isystem /home/devpc/Desktop/microros_ws/install/action_msgs/include -isystem /home/devpc/Desktop/microros_ws/install/unique_identifier_msgs/include  -Wall -Wextra -Wpedantic -std=gnu++14 -o CMakeFiles/rclc_test.dir/test/rclc/test_executor_handle.cpp.o -c /home/devpc/Desktop/microros_ws/src/uros/rclc/rclc/test/rclc/test_executor_handle.cpp
[ 76%] [32mBuilding CXX object CMakeFiles/rclc_test.dir/test/rclc/test_timer.cpp.o[0m
/usr/bin/c++  -DDEFAULT_RMW_IMPLEMENTATION=rmw_fastrtps_cpp -DRCUTILS_ENABLE_FAULT_INJECTION -DROS_PACKAGE_NAME=\"rclc\" -DSPDLOG_COMPILED_LIB -I/opt/ros/foxy/src/gtest_vendor/include -I/home/devpc/Desktop/microros_ws/src/uros/rclc/rclc/include -I/home/devpc/Desktop/microros_ws/src/uros/rclc/rclc/src -isystem /home/devpc/Desktop/microros_ws/install/test_msgs/include -isystem /home/devpc/Desktop/microros_ws/install/example_interfaces/include -isystem /home/devpc/Desktop/microros_ws/install/std_msgs/include -isystem /opt/ros/foxy/include -isystem /home/devpc/Desktop/microros_ws/install/builtin_interfaces/include -isystem /home/devpc/Desktop/microros_ws/install/microxrcedds_agent/include -isystem /home/devpc/Desktop/microros_ws/install/action_msgs/include -isystem /home/devpc/Desktop/microros_ws/install/unique_identifier_msgs/include  -Wall -Wextra -Wpedantic -std=gnu++14 -o CMakeFiles/rclc_test.dir/test/rclc/test_timer.cpp.o -c /home/devpc/Desktop/microros_ws/src/uros/rclc/rclc/test/rclc/test_timer.cpp
[ 80%] [32mBuilding CXX object CMakeFiles/rclc_test.dir/test/rclc/test_executor.cpp.o[0m
/usr/bin/c++  -DDEFAULT_RMW_IMPLEMENTATION=rmw_fastrtps_cpp -DRCUTILS_ENABLE_FAULT_INJECTION -DROS_PACKAGE_NAME=\"rclc\" -DSPDLOG_COMPILED_LIB -I/opt/ros/foxy/src/gtest_vendor/include -I/home/devpc/Desktop/microros_ws/src/uros/rclc/rclc/include -I/home/devpc/Desktop/microros_ws/src/uros/rclc/rclc/src -isystem /home/devpc/Desktop/microros_ws/install/test_msgs/include -isystem /home/devpc/Desktop/microros_ws/install/example_interfaces/include -isystem /home/devpc/Desktop/microros_ws/install/std_msgs/include -isystem /opt/ros/foxy/include -isystem /home/devpc/Desktop/microros_ws/install/builtin_interfaces/include -isystem /home/devpc/Desktop/microros_ws/install/microxrcedds_agent/include -isystem /home/devpc/Desktop/microros_ws/install/action_msgs/include -isystem /home/devpc/Desktop/microros_ws/install/unique_identifier_msgs/include  -Wall -Wextra -Wpedantic -std=gnu++14 -o CMakeFiles/rclc_test.dir/test/rclc/test_executor.cpp.o -c /home/devpc/Desktop/microros_ws/src/uros/rclc/rclc/test/rclc/test_executor.cpp
[ 84%] [32mBuilding CXX object CMakeFiles/rclc_test.dir/test/rclc/test_service.cpp.o[0m
/usr/bin/c++  -DDEFAULT_RMW_IMPLEMENTATION=rmw_fastrtps_cpp -DRCUTILS_ENABLE_FAULT_INJECTION -DROS_PACKAGE_NAME=\"rclc\" -DSPDLOG_COMPILED_LIB -I/opt/ros/foxy/src/gtest_vendor/include -I/home/devpc/Desktop/microros_ws/src/uros/rclc/rclc/include -I/home/devpc/Desktop/microros_ws/src/uros/rclc/rclc/src -isystem /home/devpc/Desktop/microros_ws/install/test_msgs/include -isystem /home/devpc/Desktop/microros_ws/install/example_interfaces/include -isystem /home/devpc/Desktop/microros_ws/install/std_msgs/include -isystem /opt/ros/foxy/include -isystem /home/devpc/Desktop/microros_ws/install/builtin_interfaces/include -isystem /home/devpc/Desktop/microros_ws/install/microxrcedds_agent/include -isystem /home/devpc/Desktop/microros_ws/install/action_msgs/include -isystem /home/devpc/Desktop/microros_ws/install/unique_identifier_msgs/include  -Wall -Wextra -Wpedantic -std=gnu++14 -o CMakeFiles/rclc_test.dir/test/rclc/test_service.cpp.o -c /home/devpc/Desktop/microros_ws/src/uros/rclc/rclc/test/rclc/test_service.cpp
[ 88%] [32mBuilding CXX object CMakeFiles/rclc_test.dir/test/rclc/test_client.cpp.o[0m
/usr/bin/c++  -DDEFAULT_RMW_IMPLEMENTATION=rmw_fastrtps_cpp -DRCUTILS_ENABLE_FAULT_INJECTION -DROS_PACKAGE_NAME=\"rclc\" -DSPDLOG_COMPILED_LIB -I/opt/ros/foxy/src/gtest_vendor/include -I/home/devpc/Desktop/microros_ws/src/uros/rclc/rclc/include -I/home/devpc/Desktop/microros_ws/src/uros/rclc/rclc/src -isystem /home/devpc/Desktop/microros_ws/install/test_msgs/include -isystem /home/devpc/Desktop/microros_ws/install/example_interfaces/include -isystem /home/devpc/Desktop/microros_ws/install/std_msgs/include -isystem /opt/ros/foxy/include -isystem /home/devpc/Desktop/microros_ws/install/builtin_interfaces/include -isystem /home/devpc/Desktop/microros_ws/install/microxrcedds_agent/include -isystem /home/devpc/Desktop/microros_ws/install/action_msgs/include -isystem /home/devpc/Desktop/microros_ws/install/unique_identifier_msgs/include  -Wall -Wextra -Wpedantic -std=gnu++14 -o CMakeFiles/rclc_test.dir/test/rclc/test_client.cpp.o -c /home/devpc/Desktop/microros_ws/src/uros/rclc/rclc/test/rclc/test_client.cpp
[ 92%] [32mBuilding CXX object CMakeFiles/rclc_test.dir/test/rclc/test_subscription.cpp.o[0m
/usr/bin/c++  -DDEFAULT_RMW_IMPLEMENTATION=rmw_fastrtps_cpp -DRCUTILS_ENABLE_FAULT_INJECTION -DROS_PACKAGE_NAME=\"rclc\" -DSPDLOG_COMPILED_LIB -I/opt/ros/foxy/src/gtest_vendor/include -I/home/devpc/Desktop/microros_ws/src/uros/rclc/rclc/include -I/home/devpc/Desktop/microros_ws/src/uros/rclc/rclc/src -isystem /home/devpc/Desktop/microros_ws/install/test_msgs/include -isystem /home/devpc/Desktop/microros_ws/install/example_interfaces/include -isystem /home/devpc/Desktop/microros_ws/install/std_msgs/include -isystem /opt/ros/foxy/include -isystem /home/devpc/Desktop/microros_ws/install/builtin_interfaces/include -isystem /home/devpc/Desktop/microros_ws/install/microxrcedds_agent/include -isystem /home/devpc/Desktop/microros_ws/install/action_msgs/include -isystem /home/devpc/Desktop/microros_ws/install/unique_identifier_msgs/include  -Wall -Wextra -Wpedantic -std=gnu++14 -o CMakeFiles/rclc_test.dir/test/rclc/test_subscription.cpp.o -c /home/devpc/Desktop/microros_ws/src/uros/rclc/rclc/test/rclc/test_subscription.cpp
[ 96%] [32mBuilding CXX object CMakeFiles/rclc_test.dir/test/rclc/test_publisher.cpp.o[0m
/usr/bin/c++  -DDEFAULT_RMW_IMPLEMENTATION=rmw_fastrtps_cpp -DRCUTILS_ENABLE_FAULT_INJECTION -DROS_PACKAGE_NAME=\"rclc\" -DSPDLOG_COMPILED_LIB -I/opt/ros/foxy/src/gtest_vendor/include -I/home/devpc/Desktop/microros_ws/src/uros/rclc/rclc/include -I/home/devpc/Desktop/microros_ws/src/uros/rclc/rclc/src -isystem /home/devpc/Desktop/microros_ws/install/test_msgs/include -isystem /home/devpc/Desktop/microros_ws/install/example_interfaces/include -isystem /home/devpc/Desktop/microros_ws/install/std_msgs/include -isystem /opt/ros/foxy/include -isystem /home/devpc/Desktop/microros_ws/install/builtin_interfaces/include -isystem /home/devpc/Desktop/microros_ws/install/microxrcedds_agent/include -isystem /home/devpc/Desktop/microros_ws/install/action_msgs/include -isystem /home/devpc/Desktop/microros_ws/install/unique_identifier_msgs/include  -Wall -Wextra -Wpedantic -std=gnu++14 -o CMakeFiles/rclc_test.dir/test/rclc/test_publisher.cpp.o -c /home/devpc/Desktop/microros_ws/src/uros/rclc/rclc/test/rclc/test_publisher.cpp
[100%] [32m[1mLinking CXX executable rclc_test[0m
/usr/bin/cmake -E cmake_link_script CMakeFiles/rclc_test.dir/link.txt --verbose=1
/usr/bin/c++     CMakeFiles/rclc_test.dir/test/rclc/test_init.cpp.o CMakeFiles/rclc_test.dir/test/rclc/test_node.cpp.o CMakeFiles/rclc_test.dir/test/rclc/test_publisher.cpp.o CMakeFiles/rclc_test.dir/test/rclc/test_subscription.cpp.o CMakeFiles/rclc_test.dir/test/rclc/test_client.cpp.o CMakeFiles/rclc_test.dir/test/rclc/test_service.cpp.o CMakeFiles/rclc_test.dir/test/rclc/test_timer.cpp.o CMakeFiles/rclc_test.dir/test/rclc/test_executor_handle.cpp.o CMakeFiles/rclc_test.dir/test/rclc/test_executor.cpp.o  -o rclc_test  -Wl,-rpath,/home/devpc/Desktop/microros_ws/build/rclc:/home/devpc/Desktop/microros_ws/install/std_msgs/lib:/home/devpc/Desktop/microros_ws/install/example_interfaces/lib:/home/devpc/Desktop/microros_ws/install/action_msgs/lib:/home/devpc/Desktop/microros_ws/install/builtin_interfaces/lib:/home/devpc/Desktop/microros_ws/install/unique_identifier_msgs/lib:/opt/ros/foxy/lib:/home/devpc/Desktop/microros_ws/install/test_msgs/lib gtest/libgtest_main.a gtest/libgtest.a librclc.so /opt/ros/foxy/lib/librcl.so /opt/ros/foxy/lib/libmemory_tools_interpose.so /home/devpc/Desktop/microros_ws/install/std_msgs/lib/libstd_msgs__rosidl_typesupport_introspection_c.so /home/devpc/Desktop/microros_ws/install/std_msgs/lib/libstd_msgs__rosidl_typesupport_c.so /home/devpc/Desktop/microros_ws/install/std_msgs/lib/libstd_msgs__rosidl_typesupport_introspection_cpp.so /home/devpc/Desktop/microros_ws/install/std_msgs/lib/libstd_msgs__rosidl_typesupport_cpp.so /home/devpc/Desktop/microros_ws/install/test_msgs/lib/libtest_msgs__rosidl_typesupport_introspection_c.so /home/devpc/Desktop/microros_ws/install/test_msgs/lib/libtest_msgs__rosidl_typesupport_c.so /home/devpc/Desktop/microros_ws/install/test_msgs/lib/libtest_msgs__rosidl_typesupport_introspection_cpp.so /home/devpc/Desktop/microros_ws/install/test_msgs/lib/libtest_msgs__rosidl_typesupport_cpp.so /home/devpc/Desktop/microros_ws/install/example_interfaces/lib/libexample_interfaces__rosidl_typesupport_introspection_c.so /home/devpc/Desktop/microros_ws/install/example_interfaces/lib/libexample_interfaces__rosidl_typesupport_c.so /home/devpc/Desktop/microros_ws/install/example_interfaces/lib/libexample_interfaces__rosidl_typesupport_introspection_cpp.so /home/devpc/Desktop/microros_ws/install/example_interfaces/lib/libexample_interfaces__rosidl_typesupport_cpp.so /opt/ros/foxy/lib/librosidl_runtime_c.so -pthread /opt/ros/foxy/lib/librcl_interfaces__rosidl_typesupport_introspection_c.so /opt/ros/foxy/lib/librcl_interfaces__rosidl_generator_c.so /opt/ros/foxy/lib/librcl_interfaces__rosidl_typesupport_c.so /opt/ros/foxy/lib/librcl_interfaces__rosidl_typesupport_introspection_cpp.so /opt/ros/foxy/lib/librcl_interfaces__rosidl_typesupport_cpp.so /opt/ros/foxy/lib/librcl_yaml_param_parser.so /opt/ros/foxy/lib/libyaml.so /opt/ros/foxy/lib/librmw_implementation.so /opt/ros/foxy/lib/librmw.so /opt/ros/foxy/lib/librcl_logging_spdlog.so /home/devpc/Desktop/microros_ws/install/microxrcedds_agent/lib/libspdlog.a /opt/ros/foxy/lib/libtracetools.so -lpthread /opt/ros/foxy/lib/libmemory_tools.so /usr/lib/x86_64-linux-gnu/libdl.so /home/devpc/Desktop/microros_ws/install/std_msgs/lib/libstd_msgs__rosidl_generator_c.so /home/devpc/Desktop/microros_ws/install/test_msgs/lib/libtest_msgs__rosidl_generator_c.so /home/devpc/Desktop/microros_ws/install/example_interfaces/lib/libexample_interfaces__rosidl_generator_c.so /home/devpc/Desktop/microros_ws/install/action_msgs/lib/libaction_msgs__rosidl_typesupport_introspection_c.so /home/devpc/Desktop/microros_ws/install/action_msgs/lib/libaction_msgs__rosidl_generator_c.so /home/devpc/Desktop/microros_ws/install/action_msgs/lib/libaction_msgs__rosidl_typesupport_c.so /home/devpc/Desktop/microros_ws/install/action_msgs/lib/libaction_msgs__rosidl_typesupport_introspection_cpp.so /home/devpc/Desktop/microros_ws/install/action_msgs/lib/libaction_msgs__rosidl_typesupport_cpp.so /home/devpc/Desktop/microros_ws/install/builtin_interfaces/lib/libbuiltin_interfaces__rosidl_typesupport_introspection_c.so /home/devpc/Desktop/microros_ws/install/builtin_interfaces/lib/libbuiltin_interfaces__rosidl_generator_c.so /home/devpc/Desktop/microros_ws/install/builtin_interfaces/lib/libbuiltin_interfaces__rosidl_typesupport_c.so /home/devpc/Desktop/microros_ws/install/builtin_interfaces/lib/libbuiltin_interfaces__rosidl_typesupport_introspection_cpp.so /home/devpc/Desktop/microros_ws/install/builtin_interfaces/lib/libbuiltin_interfaces__rosidl_typesupport_cpp.so /home/devpc/Desktop/microros_ws/install/unique_identifier_msgs/lib/libunique_identifier_msgs__rosidl_typesupport_introspection_c.so /home/devpc/Desktop/microros_ws/install/unique_identifier_msgs/lib/libunique_identifier_msgs__rosidl_generator_c.so /home/devpc/Desktop/microros_ws/install/unique_identifier_msgs/lib/libunique_identifier_msgs__rosidl_typesupport_c.so /home/devpc/Desktop/microros_ws/install/unique_identifier_msgs/lib/libunique_identifier_msgs__rosidl_typesupport_introspection_cpp.so /opt/ros/foxy/lib/librosidl_typesupport_introspection_cpp.so /opt/ros/foxy/lib/librosidl_typesupport_introspection_c.so /home/devpc/Desktop/microros_ws/install/unique_identifier_msgs/lib/libunique_identifier_msgs__rosidl_typesupport_cpp.so /opt/ros/foxy/lib/librosidl_typesupport_cpp.so /opt/ros/foxy/lib/librosidl_typesupport_c.so /opt/ros/foxy/lib/librosidl_runtime_c.so /opt/ros/foxy/lib/librcpputils.so /opt/ros/foxy/lib/librcutils.so -ldl 
make[2]: Leaving directory '/home/devpc/Desktop/microros_ws/build/rclc'
[100%] Built target rclc_test
make[1]: Leaving directory '/home/devpc/Desktop/microros_ws/build/rclc'
/usr/bin/cmake -E cmake_progress_start /home/devpc/Desktop/microros_ws/build/rclc/CMakeFiles 0
-- Install configuration: ""
-- Installing: /home/devpc/Desktop/microros_ws/install/rclc/lib/librclc.so
-- Set runtime path of "/home/devpc/Desktop/microros_ws/install/rclc/lib/librclc.so" to ""
-- Installing: /home/devpc/Desktop/microros_ws/install/rclc/include
-- Installing: /home/devpc/Desktop/microros_ws/install/rclc/include/rclc
-- Installing: /home/devpc/Desktop/microros_ws/install/rclc/include/rclc/publisher.h
-- Installing: /home/devpc/Desktop/microros_ws/install/rclc/include/rclc/types.h
-- Installing: /home/devpc/Desktop/microros_ws/install/rclc/include/rclc/service.h
-- Installing: /home/devpc/Desktop/microros_ws/install/rclc/include/rclc/init.h
-- Installing: /home/devpc/Desktop/microros_ws/install/rclc/include/rclc/timer.h
-- Installing: /home/devpc/Desktop/microros_ws/install/rclc/include/rclc/node.h
-- Installing: /home/devpc/Desktop/microros_ws/install/rclc/include/rclc/rclc.h
-- Installing: /home/devpc/Desktop/microros_ws/install/rclc/include/rclc/executor.h
-- Installing: /home/devpc/Desktop/microros_ws/install/rclc/include/rclc/executor_handle.h
-- Installing: /home/devpc/Desktop/microros_ws/install/rclc/include/rclc/visibility_control.h
-- Installing: /home/devpc/Desktop/microros_ws/install/rclc/include/rclc/subscription.h
-- Installing: /home/devpc/Desktop/microros_ws/install/rclc/include/rclc/sleep.h
-- Installing: /home/devpc/Desktop/microros_ws/install/rclc/include/rclc/client.h
-- Installing: /home/devpc/Desktop/microros_ws/install/rclc/share/rclc/environment/library_path.sh
-- Installing: /home/devpc/Desktop/microros_ws/install/rclc/share/rclc/environment/library_path.dsv
-- Installing: /home/devpc/Desktop/microros_ws/install/rclc/share/ament_index/resource_index/package_run_dependencies/rclc
-- Installing: /home/devpc/Desktop/microros_ws/install/rclc/share/ament_index/resource_index/parent_prefix_path/rclc
-- Installing: /home/devpc/Desktop/microros_ws/install/rclc/share/rclc/environment/ament_prefix_path.sh
-- Installing: /home/devpc/Desktop/microros_ws/install/rclc/share/rclc/environment/ament_prefix_path.dsv
-- Installing: /home/devpc/Desktop/microros_ws/install/rclc/share/rclc/environment/path.sh
-- Installing: /home/devpc/Desktop/microros_ws/install/rclc/share/rclc/environment/path.dsv
-- Installing: /home/devpc/Desktop/microros_ws/install/rclc/share/rclc/local_setup.bash
-- Installing: /home/devpc/Desktop/microros_ws/install/rclc/share/rclc/local_setup.sh
-- Installing: /home/devpc/Desktop/microros_ws/install/rclc/share/rclc/local_setup.zsh
-- Installing: /home/devpc/Desktop/microros_ws/install/rclc/share/rclc/local_setup.dsv
-- Installing: /home/devpc/Desktop/microros_ws/install/rclc/share/rclc/package.dsv
-- Installing: /home/devpc/Desktop/microros_ws/install/rclc/share/ament_index/resource_index/packages/rclc
-- Installing: /home/devpc/Desktop/microros_ws/install/rclc/share/rclc/cmake/rclcExport.cmake
-- Installing: /home/devpc/Desktop/microros_ws/install/rclc/share/rclc/cmake/rclcExport-noconfig.cmake
-- Installing: /home/devpc/Desktop/microros_ws/install/rclc/share/rclc/cmake/ament_cmake_export_include_directories-extras.cmake
-- Installing: /home/devpc/Desktop/microros_ws/install/rclc/share/rclc/cmake/ament_cmake_export_libraries-extras.cmake
-- Installing: /home/devpc/Desktop/microros_ws/install/rclc/share/rclc/cmake/ament_cmake_export_targets-extras.cmake
-- Installing: /home/devpc/Desktop/microros_ws/install/rclc/share/rclc/cmake/ament_cmake_export_dependencies-extras.cmake
-- Installing: /home/devpc/Desktop/microros_ws/install/rclc/share/rclc/cmake/rclcConfig.cmake
-- Installing: /home/devpc/Desktop/microros_ws/install/rclc/share/rclc/cmake/rclcConfig-version.cmake
-- Installing: /home/devpc/Desktop/microros_ws/install/rclc/share/rclc/package.xml
