[0.027s] Invoking command in '/home/devpc/Desktop/microros_ws/build/rclc': AMENT_PREFIX_PATH=/home/devpc/Desktop/microros_ws/install/test_msgs:/home/devpc/Desktop/microros_ws/install/example_interfaces:/home/devpc/Desktop/microros_ws/install/std_msgs:/home/devpc/Desktop/microros_ws/install/action_msgs:/home/devpc/Desktop/microros_ws/install/unique_identifier_msgs:/home/devpc/Desktop/microros_ws/install/builtin_interfaces:${AMENT_PREFIX_PATH} CMAKE_PREFIX_PATH=/home/devpc/Desktop/microros_ws/install/test_msgs:/home/devpc/Desktop/microros_ws/install/example_interfaces:/home/devpc/Desktop/microros_ws/install/std_msgs:/home/devpc/Desktop/microros_ws/install/action_msgs:/home/devpc/Desktop/microros_ws/install/unique_identifier_msgs:/home/devpc/Desktop/microros_ws/install/builtin_interfaces:/home/devpc/Desktop/microros_ws/install/rosidl_typesupport_microxrcedds_cpp:/home/devpc/Desktop/microros_ws/install/rosidl_typesupport_microxrcedds_c:/home/devpc/Desktop/microros_ws/install/microcdr:/home/devpc/Desktop/microros_ws/install/micro_ros_agent:/home/devpc/Desktop/microros_ws/install/microxrcedds_agent:/home/devpc/Desktop/microros_ws/install/micro_ros_setup:/home/devpc/Desktop/microros_ws/install/micro_ros_msgs:/home/devpc/Desktop/quad_ws/install/quad_interfaces:/home/devpc/Desktop/quad_ws/install/quad:/opt/ros/foxy LD_LIBRARY_PATH=/home/devpc/Desktop/microros_ws/install/test_msgs/lib:/home/devpc/Desktop/microros_ws/install/example_interfaces/lib:/home/devpc/Desktop/microros_ws/install/std_msgs/lib:/home/devpc/Desktop/microros_ws/install/action_msgs/lib:/home/devpc/Desktop/microros_ws/install/unique_identifier_msgs/lib:/home/devpc/Desktop/microros_ws/install/builtin_interfaces/lib:${LD_LIBRARY_PATH} PYTHONPATH=/home/devpc/Desktop/microros_ws/install/test_msgs/lib/python3.8/site-packages:/home/devpc/Desktop/microros_ws/install/example_interfaces/lib/python3.8/site-packages:/home/devpc/Desktop/microros_ws/install/std_msgs/lib/python3.8/site-packages:/home/devpc/Desktop/microros_ws/install/action_msgs/lib/python3.8/site-packages:/home/devpc/Desktop/microros_ws/install/unique_identifier_msgs/lib/python3.8/site-packages:/home/devpc/Desktop/microros_ws/install/builtin_interfaces/lib/python3.8/site-packages:${PYTHONPATH} /usr/bin/cmake /home/devpc/Desktop/microros_ws/src/uros/rclc/rclc -DCMAKE_INSTALL_PREFIX=/home/devpc/Desktop/microros_ws/install/rclc
[0.099s] -- The C compiler identification is GNU 9.3.0
[0.160s] -- The CXX compiler identification is GNU 9.3.0
[0.165s] -- Check for working C compiler: /usr/bin/cc
[0.234s] -- Check for working C compiler: /usr/bin/cc -- works
[0.235s] -- Detecting C compiler ABI info
[0.311s] -- Detecting C compiler ABI info - done
[0.323s] -- Detecting C compile features
[0.323s] -- Detecting C compile features - done
[0.326s] -- Check for working CXX compiler: /usr/bin/c++
[0.421s] -- Check for working CXX compiler: /usr/bin/c++ -- works
[0.423s] -- Detecting CXX compiler ABI info
[0.506s] -- Detecting CXX compiler ABI info - done
[0.525s] -- Detecting CXX compile features
[0.526s] -- Detecting CXX compile features - done
[0.530s] -- Found ament_cmake_ros: 0.9.2 (/opt/ros/foxy/share/ament_cmake_ros/cmake)
[0.572s] -- Found PythonInterp: /usr/bin/python3 (found suitable version "3.8.10", minimum required is "3") 
[0.572s] -- Using PYTHON_EXECUTABLE: /usr/bin/python3
[0.815s] -- Found rcl: 1.1.11 (/opt/ros/foxy/share/rcl/cmake)
[0.857s] -- Using all available rosidl_typesupport_c: rosidl_typesupport_microxrcedds_c;rosidl_typesupport_fastrtps_c;rosidl_typesupport_introspection_c
[0.867s] -- Found rosidl_adapter: 1.2.1 (/opt/ros/foxy/share/rosidl_adapter/cmake)
[0.961s] -- Found OpenSSL: /usr/lib/x86_64-linux-gnu/libcrypto.so (found version "1.1.1f")  
[0.990s] -- Found FastRTPS: /opt/ros/foxy/include  
[1.103s] -- Using all available rosidl_typesupport_cpp: rosidl_typesupport_microxrcedds_cpp;rosidl_typesupport_fastrtps_cpp;rosidl_typesupport_introspection_cpp
[1.234s] -- Found rmw_implementation_cmake: 1.0.3 (/opt/ros/foxy/share/rmw_implementation_cmake/cmake)
[1.238s] -- Using RMW implementation 'rmw_fastrtps_cpp' as default
[1.239s] -- Looking for pthread.h
[1.326s] -- Looking for pthread.h - found
[1.327s] -- Performing Test CMAKE_HAVE_LIBC_PTHREAD
[1.415s] -- Performing Test CMAKE_HAVE_LIBC_PTHREAD - Failed
[1.416s] -- Looking for pthread_create in pthreads
[1.484s] -- Looking for pthread_create in pthreads - not found
[1.484s] -- Looking for pthread_create in pthread
[1.573s] -- Looking for pthread_create in pthread - found
[1.575s] -- Found Threads: TRUE  
[1.611s] -- Found std_msgs: 2.0.4 (/home/devpc/Desktop/microros_ws/install/std_msgs/share/std_msgs/cmake)
[1.645s] -- Found rcl version 1.1.11, which belongs to Foxy or later
[1.655s] -- Found ament_lint_auto: 0.9.6 (/opt/ros/foxy/share/ament_lint_auto/cmake)
[1.664s] -- Found example_interfaces: 0.9.1 (/home/devpc/Desktop/microros_ws/install/example_interfaces/share/example_interfaces/cmake)
[2.078s] -- Found gtest sources under '/opt/ros/foxy/src/gtest_vendor': C++ tests using 'Google Test' will be built
[2.081s] -- Check if compiler accepts -pthread
[2.153s] -- Check if compiler accepts -pthread - yes
[2.172s] -- Added test 'cppcheck' to perform static code analysis on C / C++ code
[2.173s] -- Configured cppcheck include dirs: $<BUILD_INTERFACE:/home/devpc/Desktop/microros_ws/src/uros/rclc/rclc/include>;$<BUILD_INTERFACE:/home/devpc/Desktop/microros_ws/src/uros/rclc/rclc/src>;/home/devpc/Desktop/microros_ws/src/uros/rclc/rclc/include;/home/devpc/Desktop/microros_ws/src/uros/rclc/rclc/src
[2.173s] -- Configured cppcheck exclude dirs and/or files: 
[2.176s] -- Added test 'cpplint' to check C / C++ code against the Google style
[2.177s] -- Configured cpplint exclude dirs and/or files: 
[2.179s] -- Added test 'lint_cmake' to check CMake code style
[2.183s] -- Added test 'uncrustify' to check C / C++ code style
[2.183s] -- Configured uncrustify additional arguments: 
[2.184s] -- Added test 'xmllint' to check XML markup files
[2.192s] -- Configuring done
[2.220s] -- Generating done
[2.223s] -- Build files have been written to: /home/devpc/Desktop/microros_ws/build/rclc
[2.235s] Invoked command in '/home/devpc/Desktop/microros_ws/build/rclc' returned '0': AMENT_PREFIX_PATH=/home/devpc/Desktop/microros_ws/install/test_msgs:/home/devpc/Desktop/microros_ws/install/example_interfaces:/home/devpc/Desktop/microros_ws/install/std_msgs:/home/devpc/Desktop/microros_ws/install/action_msgs:/home/devpc/Desktop/microros_ws/install/unique_identifier_msgs:/home/devpc/Desktop/microros_ws/install/builtin_interfaces:${AMENT_PREFIX_PATH} CMAKE_PREFIX_PATH=/home/devpc/Desktop/microros_ws/install/test_msgs:/home/devpc/Desktop/microros_ws/install/example_interfaces:/home/devpc/Desktop/microros_ws/install/std_msgs:/home/devpc/Desktop/microros_ws/install/action_msgs:/home/devpc/Desktop/microros_ws/install/unique_identifier_msgs:/home/devpc/Desktop/microros_ws/install/builtin_interfaces:/home/devpc/Desktop/microros_ws/install/rosidl_typesupport_microxrcedds_cpp:/home/devpc/Desktop/microros_ws/install/rosidl_typesupport_microxrcedds_c:/home/devpc/Desktop/microros_ws/install/microcdr:/home/devpc/Desktop/microros_ws/install/micro_ros_agent:/home/devpc/Desktop/microros_ws/install/microxrcedds_agent:/home/devpc/Desktop/microros_ws/install/micro_ros_setup:/home/devpc/Desktop/microros_ws/install/micro_ros_msgs:/home/devpc/Desktop/quad_ws/install/quad_interfaces:/home/devpc/Desktop/quad_ws/install/quad:/opt/ros/foxy LD_LIBRARY_PATH=/home/devpc/Desktop/microros_ws/install/test_msgs/lib:/home/devpc/Desktop/microros_ws/install/example_interfaces/lib:/home/devpc/Desktop/microros_ws/install/std_msgs/lib:/home/devpc/Desktop/microros_ws/install/action_msgs/lib:/home/devpc/Desktop/microros_ws/install/unique_identifier_msgs/lib:/home/devpc/Desktop/microros_ws/install/builtin_interfaces/lib:${LD_LIBRARY_PATH} PYTHONPATH=/home/devpc/Desktop/microros_ws/install/test_msgs/lib/python3.8/site-packages:/home/devpc/Desktop/microros_ws/install/example_interfaces/lib/python3.8/site-packages:/home/devpc/Desktop/microros_ws/install/std_msgs/lib/python3.8/site-packages:/home/devpc/Desktop/microros_ws/install/action_msgs/lib/python3.8/site-packages:/home/devpc/Desktop/microros_ws/install/unique_identifier_msgs/lib/python3.8/site-packages:/home/devpc/Desktop/microros_ws/install/builtin_interfaces/lib/python3.8/site-packages:${PYTHONPATH} /usr/bin/cmake /home/devpc/Desktop/microros_ws/src/uros/rclc/rclc -DCMAKE_INSTALL_PREFIX=/home/devpc/Desktop/microros_ws/install/rclc
[2.238s] Invoking command in '/home/devpc/Desktop/microros_ws/build/rclc': AMENT_PREFIX_PATH=/home/devpc/Desktop/microros_ws/install/test_msgs:/home/devpc/Desktop/microros_ws/install/example_interfaces:/home/devpc/Desktop/microros_ws/install/std_msgs:/home/devpc/Desktop/microros_ws/install/action_msgs:/home/devpc/Desktop/microros_ws/install/unique_identifier_msgs:/home/devpc/Desktop/microros_ws/install/builtin_interfaces:${AMENT_PREFIX_PATH} CMAKE_PREFIX_PATH=/home/devpc/Desktop/microros_ws/install/test_msgs:/home/devpc/Desktop/microros_ws/install/example_interfaces:/home/devpc/Desktop/microros_ws/install/std_msgs:/home/devpc/Desktop/microros_ws/install/action_msgs:/home/devpc/Desktop/microros_ws/install/unique_identifier_msgs:/home/devpc/Desktop/microros_ws/install/builtin_interfaces:/home/devpc/Desktop/microros_ws/install/rosidl_typesupport_microxrcedds_cpp:/home/devpc/Desktop/microros_ws/install/rosidl_typesupport_microxrcedds_c:/home/devpc/Desktop/microros_ws/install/microcdr:/home/devpc/Desktop/microros_ws/install/micro_ros_agent:/home/devpc/Desktop/microros_ws/install/microxrcedds_agent:/home/devpc/Desktop/microros_ws/install/micro_ros_setup:/home/devpc/Desktop/microros_ws/install/micro_ros_msgs:/home/devpc/Desktop/quad_ws/install/quad_interfaces:/home/devpc/Desktop/quad_ws/install/quad:/opt/ros/foxy LD_LIBRARY_PATH=/home/devpc/Desktop/microros_ws/install/test_msgs/lib:/home/devpc/Desktop/microros_ws/install/example_interfaces/lib:/home/devpc/Desktop/microros_ws/install/std_msgs/lib:/home/devpc/Desktop/microros_ws/install/action_msgs/lib:/home/devpc/Desktop/microros_ws/install/unique_identifier_msgs/lib:/home/devpc/Desktop/microros_ws/install/builtin_interfaces/lib:${LD_LIBRARY_PATH} PYTHONPATH=/home/devpc/Desktop/microros_ws/install/test_msgs/lib/python3.8/site-packages:/home/devpc/Desktop/microros_ws/install/example_interfaces/lib/python3.8/site-packages:/home/devpc/Desktop/microros_ws/install/std_msgs/lib/python3.8/site-packages:/home/devpc/Desktop/microros_ws/install/action_msgs/lib/python3.8/site-packages:/home/devpc/Desktop/microros_ws/install/unique_identifier_msgs/lib/python3.8/site-packages:/home/devpc/Desktop/microros_ws/install/builtin_interfaces/lib/python3.8/site-packages:${PYTHONPATH} /usr/bin/cmake --build /home/devpc/Desktop/microros_ws/build/rclc -- -j8 -l8
[2.253s] /usr/bin/cmake -S/home/devpc/Desktop/microros_ws/src/uros/rclc/rclc -B/home/devpc/Desktop/microros_ws/build/rclc --check-build-system CMakeFiles/Makefile.cmake 0
[2.265s] /usr/bin/cmake -E cmake_progress_start /home/devpc/Desktop/microros_ws/build/rclc/CMakeFiles /home/devpc/Desktop/microros_ws/build/rclc/CMakeFiles/progress.marks
[2.273s] /usr/bin/make -f CMakeFiles/Makefile2 all
[2.274s] make[1]: Entering directory '/home/devpc/Desktop/microros_ws/build/rclc'
[2.274s] /usr/bin/make -f CMakeFiles/rclc.dir/build.make CMakeFiles/rclc.dir/depend
[2.274s] /usr/bin/make -f gtest/CMakeFiles/gtest_main.dir/build.make gtest/CMakeFiles/gtest_main.dir/depend
[2.274s] /usr/bin/make -f gtest/CMakeFiles/gtest.dir/build.make gtest/CMakeFiles/gtest.dir/depend
[2.275s] make[2]: Entering directory '/home/devpc/Desktop/microros_ws/build/rclc'
[2.276s] cd /home/devpc/Desktop/microros_ws/build/rclc && /usr/bin/cmake -E cmake_depends "Unix Makefiles" /home/devpc/Desktop/microros_ws/src/uros/rclc/rclc /opt/ros/foxy/src/gtest_vendor /home/devpc/Desktop/microros_ws/build/rclc /home/devpc/Desktop/microros_ws/build/rclc/gtest /home/devpc/Desktop/microros_ws/build/rclc/gtest/CMakeFiles/gtest_main.dir/DependInfo.cmake --color=
[2.276s] make[2]: Entering directory '/home/devpc/Desktop/microros_ws/build/rclc'
[2.276s] cd /home/devpc/Desktop/microros_ws/build/rclc && /usr/bin/cmake -E cmake_depends "Unix Makefiles" /home/devpc/Desktop/microros_ws/src/uros/rclc/rclc /home/devpc/Desktop/microros_ws/src/uros/rclc/rclc /home/devpc/Desktop/microros_ws/build/rclc /home/devpc/Desktop/microros_ws/build/rclc /home/devpc/Desktop/microros_ws/build/rclc/CMakeFiles/rclc.dir/DependInfo.cmake --color=
[2.276s] make[2]: Entering directory '/home/devpc/Desktop/microros_ws/build/rclc'
[2.276s] cd /home/devpc/Desktop/microros_ws/build/rclc && /usr/bin/cmake -E cmake_depends "Unix Makefiles" /home/devpc/Desktop/microros_ws/src/uros/rclc/rclc /opt/ros/foxy/src/gtest_vendor /home/devpc/Desktop/microros_ws/build/rclc /home/devpc/Desktop/microros_ws/build/rclc/gtest /home/devpc/Desktop/microros_ws/build/rclc/gtest/CMakeFiles/gtest.dir/DependInfo.cmake --color=
[2.284s] [35m[1mScanning dependencies of target rclc[0m
[2.288s] [35m[1mScanning dependencies of target gtest[0m
[2.288s] [35m[1mScanning dependencies of target gtest_main[0m
[2.295s] make[2]: Leaving directory '/home/devpc/Desktop/microros_ws/build/rclc'
[2.295s] /usr/bin/make -f gtest/CMakeFiles/gtest_main.dir/build.make gtest/CMakeFiles/gtest_main.dir/build
[2.295s] make[2]: Leaving directory '/home/devpc/Desktop/microros_ws/build/rclc'
[2.295s] /usr/bin/make -f CMakeFiles/rclc.dir/build.make CMakeFiles/rclc.dir/build
[2.297s] make[2]: Entering directory '/home/devpc/Desktop/microros_ws/build/rclc'
[2.298s] make[2]: Entering directory '/home/devpc/Desktop/microros_ws/build/rclc'
[2.299s] make[2]: Leaving directory '/home/devpc/Desktop/microros_ws/build/rclc'
[2.299s] /usr/bin/make -f gtest/CMakeFiles/gtest.dir/build.make gtest/CMakeFiles/gtest.dir/build
[2.301s] make[2]: Entering directory '/home/devpc/Desktop/microros_ws/build/rclc'
[2.310s] [  4%] [32mBuilding CXX object gtest/CMakeFiles/gtest_main.dir/src/gtest_main.cc.o[0m
[2.310s] [  8%] [32mBuilding C object CMakeFiles/rclc.dir/src/rclc/publisher.c.o[0m
[2.310s] cd /home/devpc/Desktop/microros_ws/build/rclc/gtest && /usr/bin/c++  -DROS_PACKAGE_NAME=\"rclc\" -I/opt/ros/foxy/src/gtest_vendor/include -I/opt/ros/foxy/src/gtest_vendor/.  -Wall -Wextra -Wpedantic -std=gnu++14 -o CMakeFiles/gtest_main.dir/src/gtest_main.cc.o -c /opt/ros/foxy/src/gtest_vendor/src/gtest_main.cc
[2.311s] /usr/bin/cc -DDEFAULT_RMW_IMPLEMENTATION=rmw_fastrtps_cpp -DRCLC_BUILDING_LIBRARY -DRCUTILS_ENABLE_FAULT_INJECTION -DROS_PACKAGE_NAME=\"rclc\" -DSPDLOG_COMPILED_LIB -Drclc_EXPORTS -I/home/devpc/Desktop/microros_ws/src/uros/rclc/rclc/include -I/home/devpc/Desktop/microros_ws/src/uros/rclc/rclc/src -isystem /opt/ros/foxy/include -isystem /home/devpc/Desktop/microros_ws/install/builtin_interfaces/include -isystem /home/devpc/Desktop/microros_ws/install/microxrcedds_agent/include  -fPIC   -Wall -Wextra -Wpedantic -std=gnu11 -o CMakeFiles/rclc.dir/src/rclc/publisher.c.o   -c /home/devpc/Desktop/microros_ws/src/uros/rclc/rclc/src/rclc/publisher.c
[2.315s] [ 12%] [32mBuilding C object CMakeFiles/rclc.dir/src/rclc/subscription.c.o[0m
[2.316s] /usr/bin/cc -DDEFAULT_RMW_IMPLEMENTATION=rmw_fastrtps_cpp -DRCLC_BUILDING_LIBRARY -DRCUTILS_ENABLE_FAULT_INJECTION -DROS_PACKAGE_NAME=\"rclc\" -DSPDLOG_COMPILED_LIB -Drclc_EXPORTS -I/home/devpc/Desktop/microros_ws/src/uros/rclc/rclc/include -I/home/devpc/Desktop/microros_ws/src/uros/rclc/rclc/src -isystem /opt/ros/foxy/include -isystem /home/devpc/Desktop/microros_ws/install/builtin_interfaces/include -isystem /home/devpc/Desktop/microros_ws/install/microxrcedds_agent/include  -fPIC   -Wall -Wextra -Wpedantic -std=gnu11 -o CMakeFiles/rclc.dir/src/rclc/subscription.c.o   -c /home/devpc/Desktop/microros_ws/src/uros/rclc/rclc/src/rclc/subscription.c
[2.322s] [ 16%] [32mBuilding CXX object gtest/CMakeFiles/gtest.dir/src/gtest-all.cc.o[0m
[2.323s] cd /home/devpc/Desktop/microros_ws/build/rclc/gtest && /usr/bin/c++  -DROS_PACKAGE_NAME=\"rclc\" -I/opt/ros/foxy/src/gtest_vendor/include -I/opt/ros/foxy/src/gtest_vendor/.  -Wno-missing-field-initializers -Wall -Wextra -Wpedantic -std=gnu++14 -o CMakeFiles/gtest.dir/src/gtest-all.cc.o -c /opt/ros/foxy/src/gtest_vendor/src/gtest-all.cc
[2.329s] [ 20%] [32mBuilding C object CMakeFiles/rclc.dir/src/rclc/init.c.o[0m
[2.330s] /usr/bin/cc -DDEFAULT_RMW_IMPLEMENTATION=rmw_fastrtps_cpp -DRCLC_BUILDING_LIBRARY -DRCUTILS_ENABLE_FAULT_INJECTION -DROS_PACKAGE_NAME=\"rclc\" -DSPDLOG_COMPILED_LIB -Drclc_EXPORTS -I/home/devpc/Desktop/microros_ws/src/uros/rclc/rclc/include -I/home/devpc/Desktop/microros_ws/src/uros/rclc/rclc/src -isystem /opt/ros/foxy/include -isystem /home/devpc/Desktop/microros_ws/install/builtin_interfaces/include -isystem /home/devpc/Desktop/microros_ws/install/microxrcedds_agent/include  -fPIC   -Wall -Wextra -Wpedantic -std=gnu11 -o CMakeFiles/rclc.dir/src/rclc/init.c.o   -c /home/devpc/Desktop/microros_ws/src/uros/rclc/rclc/src/rclc/init.c
[2.394s] [ 24%] [32mBuilding C object CMakeFiles/rclc.dir/src/rclc/timer.c.o[0m
[2.395s] /usr/bin/cc -DDEFAULT_RMW_IMPLEMENTATION=rmw_fastrtps_cpp -DRCLC_BUILDING_LIBRARY -DRCUTILS_ENABLE_FAULT_INJECTION -DROS_PACKAGE_NAME=\"rclc\" -DSPDLOG_COMPILED_LIB -Drclc_EXPORTS -I/home/devpc/Desktop/microros_ws/src/uros/rclc/rclc/include -I/home/devpc/Desktop/microros_ws/src/uros/rclc/rclc/src -isystem /opt/ros/foxy/include -isystem /home/devpc/Desktop/microros_ws/install/builtin_interfaces/include -isystem /home/devpc/Desktop/microros_ws/install/microxrcedds_agent/include  -fPIC   -Wall -Wextra -Wpedantic -std=gnu11 -o CMakeFiles/rclc.dir/src/rclc/timer.c.o   -c /home/devpc/Desktop/microros_ws/src/uros/rclc/rclc/src/rclc/timer.c
[2.416s] [ 28%] [32mBuilding C object CMakeFiles/rclc.dir/src/rclc/service.c.o[0m
[2.417s] /usr/bin/cc -DDEFAULT_RMW_IMPLEMENTATION=rmw_fastrtps_cpp -DRCLC_BUILDING_LIBRARY -DRCUTILS_ENABLE_FAULT_INJECTION -DROS_PACKAGE_NAME=\"rclc\" -DSPDLOG_COMPILED_LIB -Drclc_EXPORTS -I/home/devpc/Desktop/microros_ws/src/uros/rclc/rclc/include -I/home/devpc/Desktop/microros_ws/src/uros/rclc/rclc/src -isystem /opt/ros/foxy/include -isystem /home/devpc/Desktop/microros_ws/install/builtin_interfaces/include -isystem /home/devpc/Desktop/microros_ws/install/microxrcedds_agent/include  -fPIC   -Wall -Wextra -Wpedantic -std=gnu11 -o CMakeFiles/rclc.dir/src/rclc/service.c.o   -c /home/devpc/Desktop/microros_ws/src/uros/rclc/rclc/src/rclc/service.c
[2.465s] [ 32%] [32mBuilding C object CMakeFiles/rclc.dir/src/rclc/executor_handle.c.o[0m
[2.466s] /usr/bin/cc -DDEFAULT_RMW_IMPLEMENTATION=rmw_fastrtps_cpp -DRCLC_BUILDING_LIBRARY -DRCUTILS_ENABLE_FAULT_INJECTION -DROS_PACKAGE_NAME=\"rclc\" -DSPDLOG_COMPILED_LIB -Drclc_EXPORTS -I/home/devpc/Desktop/microros_ws/src/uros/rclc/rclc/include -I/home/devpc/Desktop/microros_ws/src/uros/rclc/rclc/src -isystem /opt/ros/foxy/include -isystem /home/devpc/Desktop/microros_ws/install/builtin_interfaces/include -isystem /home/devpc/Desktop/microros_ws/install/microxrcedds_agent/include  -fPIC   -Wall -Wextra -Wpedantic -std=gnu11 -o CMakeFiles/rclc.dir/src/rclc/executor_handle.c.o   -c /home/devpc/Desktop/microros_ws/src/uros/rclc/rclc/src/rclc/executor_handle.c
[2.519s] [ 36%] [32mBuilding C object CMakeFiles/rclc.dir/src/rclc/executor.c.o[0m
[2.531s] /usr/bin/cc -DDEFAULT_RMW_IMPLEMENTATION=rmw_fastrtps_cpp -DRCLC_BUILDING_LIBRARY -DRCUTILS_ENABLE_FAULT_INJECTION -DROS_PACKAGE_NAME=\"rclc\" -DSPDLOG_COMPILED_LIB -Drclc_EXPORTS -I/home/devpc/Desktop/microros_ws/src/uros/rclc/rclc/include -I/home/devpc/Desktop/microros_ws/src/uros/rclc/rclc/src -isystem /opt/ros/foxy/include -isystem /home/devpc/Desktop/microros_ws/install/builtin_interfaces/include -isystem /home/devpc/Desktop/microros_ws/install/microxrcedds_agent/include  -fPIC   -Wall -Wextra -Wpedantic -std=gnu11 -o CMakeFiles/rclc.dir/src/rclc/executor.c.o   -c /home/devpc/Desktop/microros_ws/src/uros/rclc/rclc/src/rclc/executor.c
[2.545s] [ 40%] [32mBuilding C object CMakeFiles/rclc.dir/src/rclc/sleep.c.o[0m
[2.549s] /usr/bin/cc -DDEFAULT_RMW_IMPLEMENTATION=rmw_fastrtps_cpp -DRCLC_BUILDING_LIBRARY -DRCUTILS_ENABLE_FAULT_INJECTION -DROS_PACKAGE_NAME=\"rclc\" -DSPDLOG_COMPILED_LIB -Drclc_EXPORTS -I/home/devpc/Desktop/microros_ws/src/uros/rclc/rclc/include -I/home/devpc/Desktop/microros_ws/src/uros/rclc/rclc/src -isystem /opt/ros/foxy/include -isystem /home/devpc/Desktop/microros_ws/install/builtin_interfaces/include -isystem /home/devpc/Desktop/microros_ws/install/microxrcedds_agent/include  -fPIC   -Wall -Wextra -Wpedantic -std=gnu11 -o CMakeFiles/rclc.dir/src/rclc/sleep.c.o   -c /home/devpc/Desktop/microros_ws/src/uros/rclc/rclc/src/rclc/sleep.c
[2.562s] [ 44%] [32mBuilding C object CMakeFiles/rclc.dir/src/rclc/node.c.o[0m
[2.563s] /usr/bin/cc -DDEFAULT_RMW_IMPLEMENTATION=rmw_fastrtps_cpp -DRCLC_BUILDING_LIBRARY -DRCUTILS_ENABLE_FAULT_INJECTION -DROS_PACKAGE_NAME=\"rclc\" -DSPDLOG_COMPILED_LIB -Drclc_EXPORTS -I/home/devpc/Desktop/microros_ws/src/uros/rclc/rclc/include -I/home/devpc/Desktop/microros_ws/src/uros/rclc/rclc/src -isystem /opt/ros/foxy/include -isystem /home/devpc/Desktop/microros_ws/install/builtin_interfaces/include -isystem /home/devpc/Desktop/microros_ws/install/microxrcedds_agent/include  -fPIC   -Wall -Wextra -Wpedantic -std=gnu11 -o CMakeFiles/rclc.dir/src/rclc/node.c.o   -c /home/devpc/Desktop/microros_ws/src/uros/rclc/rclc/src/rclc/node.c
[2.634s] [ 48%] [32mBuilding C object CMakeFiles/rclc.dir/src/rclc/client.c.o[0m
[2.635s] /usr/bin/cc -DDEFAULT_RMW_IMPLEMENTATION=rmw_fastrtps_cpp -DRCLC_BUILDING_LIBRARY -DRCUTILS_ENABLE_FAULT_INJECTION -DROS_PACKAGE_NAME=\"rclc\" -DSPDLOG_COMPILED_LIB -Drclc_EXPORTS -I/home/devpc/Desktop/microros_ws/src/uros/rclc/rclc/include -I/home/devpc/Desktop/microros_ws/src/uros/rclc/rclc/src -isystem /opt/ros/foxy/include -isystem /home/devpc/Desktop/microros_ws/install/builtin_interfaces/include -isystem /home/devpc/Desktop/microros_ws/install/microxrcedds_agent/include  -fPIC   -Wall -Wextra -Wpedantic -std=gnu11 -o CMakeFiles/rclc.dir/src/rclc/client.c.o   -c /home/devpc/Desktop/microros_ws/src/uros/rclc/rclc/src/rclc/client.c
[2.807s] [ 52%] [32m[1mLinking CXX shared library librclc.so[0m
[2.808s] /usr/bin/cmake -E cmake_link_script CMakeFiles/rclc.dir/link.txt --verbose=1
[2.819s] /usr/bin/c++ -fPIC   -shared -Wl,-soname,librclc.so -o librclc.so CMakeFiles/rclc.dir/src/rclc/init.c.o CMakeFiles/rclc.dir/src/rclc/publisher.c.o CMakeFiles/rclc.dir/src/rclc/subscription.c.o CMakeFiles/rclc.dir/src/rclc/client.c.o CMakeFiles/rclc.dir/src/rclc/service.c.o CMakeFiles/rclc.dir/src/rclc/timer.c.o CMakeFiles/rclc.dir/src/rclc/node.c.o CMakeFiles/rclc.dir/src/rclc/executor_handle.c.o CMakeFiles/rclc.dir/src/rclc/executor.c.o CMakeFiles/rclc.dir/src/rclc/sleep.c.o  -Wl,-rpath,/home/devpc/Desktop/microros_ws/install/builtin_interfaces/lib:/opt/ros/foxy/lib: -lpthread /opt/ros/foxy/lib/librcl.so /opt/ros/foxy/lib/librosidl_runtime_c.so /opt/ros/foxy/lib/librcl_interfaces__rosidl_typesupport_introspection_c.so /opt/ros/foxy/lib/librcl_interfaces__rosidl_generator_c.so /opt/ros/foxy/lib/librcl_interfaces__rosidl_typesupport_c.so /opt/ros/foxy/lib/librcl_interfaces__rosidl_typesupport_introspection_cpp.so /opt/ros/foxy/lib/librcl_interfaces__rosidl_typesupport_cpp.so /home/devpc/Desktop/microros_ws/install/builtin_interfaces/lib/libbuiltin_interfaces__rosidl_typesupport_introspection_c.so /home/devpc/Desktop/microros_ws/install/builtin_interfaces/lib/libbuiltin_interfaces__rosidl_generator_c.so /home/devpc/Desktop/microros_ws/install/builtin_interfaces/lib/libbuiltin_interfaces__rosidl_typesupport_c.so /home/devpc/Desktop/microros_ws/install/builtin_interfaces/lib/libbuiltin_interfaces__rosidl_typesupport_introspection_cpp.so /opt/ros/foxy/lib/librosidl_typesupport_introspection_cpp.so /opt/ros/foxy/lib/librosidl_typesupport_introspection_c.so /home/devpc/Desktop/microros_ws/install/builtin_interfaces/lib/libbuiltin_interfaces__rosidl_typesupport_cpp.so /opt/ros/foxy/lib/librosidl_typesupport_cpp.so /opt/ros/foxy/lib/librosidl_typesupport_c.so /opt/ros/foxy/lib/librcl_yaml_param_parser.so /opt/ros/foxy/lib/libyaml.so /opt/ros/foxy/lib/librmw_implementation.so /opt/ros/foxy/lib/librmw.so /opt/ros/foxy/lib/librcl_logging_spdlog.so /opt/ros/foxy/lib/librcpputils.so /home/devpc/Desktop/microros_ws/install/microxrcedds_agent/lib/libspdlog.a -lpthread /opt/ros/foxy/lib/librosidl_runtime_c.so /opt/ros/foxy/lib/librcutils.so -ldl /opt/ros/foxy/lib/libtracetools.so 
[2.881s] make[2]: Leaving directory '/home/devpc/Desktop/microros_ws/build/rclc'
[2.905s] [ 52%] Built target rclc
[3.469s] [ 56%] [32m[1mLinking CXX static library libgtest_main.a[0m
[3.470s] cd /home/devpc/Desktop/microros_ws/build/rclc/gtest && /usr/bin/cmake -P CMakeFiles/gtest_main.dir/cmake_clean_target.cmake
[3.485s] cd /home/devpc/Desktop/microros_ws/build/rclc/gtest && /usr/bin/cmake -E cmake_link_script CMakeFiles/gtest_main.dir/link.txt --verbose=1
[3.498s] /usr/bin/ar qc libgtest_main.a  CMakeFiles/gtest_main.dir/src/gtest_main.cc.o
[3.502s] /usr/bin/ranlib libgtest_main.a
[3.506s] make[2]: Leaving directory '/home/devpc/Desktop/microros_ws/build/rclc'
[3.520s] [ 56%] Built target gtest_main
[7.965s] [ 60%] [32m[1mLinking CXX static library libgtest.a[0m
[7.966s] cd /home/devpc/Desktop/microros_ws/build/rclc/gtest && /usr/bin/cmake -P CMakeFiles/gtest.dir/cmake_clean_target.cmake
[8.017s] cd /home/devpc/Desktop/microros_ws/build/rclc/gtest && /usr/bin/cmake -E cmake_link_script CMakeFiles/gtest.dir/link.txt --verbose=1
[8.076s] /usr/bin/ar qc libgtest.a  CMakeFiles/gtest.dir/src/gtest-all.cc.o
[8.120s] /usr/bin/ranlib libgtest.a
[8.155s] make[2]: Leaving directory '/home/devpc/Desktop/microros_ws/build/rclc'
[8.200s] [ 60%] Built target gtest
[8.201s] /usr/bin/make -f CMakeFiles/rclc_test.dir/build.make CMakeFiles/rclc_test.dir/depend
[8.223s] make[2]: Entering directory '/home/devpc/Desktop/microros_ws/build/rclc'
[8.223s] cd /home/devpc/Desktop/microros_ws/build/rclc && /usr/bin/cmake -E cmake_depends "Unix Makefiles" /home/devpc/Desktop/microros_ws/src/uros/rclc/rclc /home/devpc/Desktop/microros_ws/src/uros/rclc/rclc /home/devpc/Desktop/microros_ws/build/rclc /home/devpc/Desktop/microros_ws/build/rclc /home/devpc/Desktop/microros_ws/build/rclc/CMakeFiles/rclc_test.dir/DependInfo.cmake --color=
[8.259s] [35m[1mScanning dependencies of target rclc_test[0m
[8.304s] make[2]: Leaving directory '/home/devpc/Desktop/microros_ws/build/rclc'
[8.304s] /usr/bin/make -f CMakeFiles/rclc_test.dir/build.make CMakeFiles/rclc_test.dir/build
[8.310s] make[2]: Entering directory '/home/devpc/Desktop/microros_ws/build/rclc'
[8.342s] [ 64%] [32mBuilding CXX object CMakeFiles/rclc_test.dir/test/rclc/test_init.cpp.o[0m
[8.343s] /usr/bin/c++  -DDEFAULT_RMW_IMPLEMENTATION=rmw_fastrtps_cpp -DRCUTILS_ENABLE_FAULT_INJECTION -DROS_PACKAGE_NAME=\"rclc\" -DSPDLOG_COMPILED_LIB -I/opt/ros/foxy/src/gtest_vendor/include -I/home/devpc/Desktop/microros_ws/src/uros/rclc/rclc/include -I/home/devpc/Desktop/microros_ws/src/uros/rclc/rclc/src -isystem /home/devpc/Desktop/microros_ws/install/test_msgs/include -isystem /home/devpc/Desktop/microros_ws/install/example_interfaces/include -isystem /home/devpc/Desktop/microros_ws/install/std_msgs/include -isystem /opt/ros/foxy/include -isystem /home/devpc/Desktop/microros_ws/install/builtin_interfaces/include -isystem /home/devpc/Desktop/microros_ws/install/microxrcedds_agent/include -isystem /home/devpc/Desktop/microros_ws/install/action_msgs/include -isystem /home/devpc/Desktop/microros_ws/install/unique_identifier_msgs/include  -Wall -Wextra -Wpedantic -std=gnu++14 -o CMakeFiles/rclc_test.dir/test/rclc/test_init.cpp.o -c /home/devpc/Desktop/microros_ws/src/uros/rclc/rclc/test/rclc/test_init.cpp
[8.372s] [ 68%] [32mBuilding CXX object CMakeFiles/rclc_test.dir/test/rclc/test_node.cpp.o[0m
[8.373s] /usr/bin/c++  -DDEFAULT_RMW_IMPLEMENTATION=rmw_fastrtps_cpp -DRCUTILS_ENABLE_FAULT_INJECTION -DROS_PACKAGE_NAME=\"rclc\" -DSPDLOG_COMPILED_LIB -I/opt/ros/foxy/src/gtest_vendor/include -I/home/devpc/Desktop/microros_ws/src/uros/rclc/rclc/include -I/home/devpc/Desktop/microros_ws/src/uros/rclc/rclc/src -isystem /home/devpc/Desktop/microros_ws/install/test_msgs/include -isystem /home/devpc/Desktop/microros_ws/install/example_interfaces/include -isystem /home/devpc/Desktop/microros_ws/install/std_msgs/include -isystem /opt/ros/foxy/include -isystem /home/devpc/Desktop/microros_ws/install/builtin_interfaces/include -isystem /home/devpc/Desktop/microros_ws/install/microxrcedds_agent/include -isystem /home/devpc/Desktop/microros_ws/install/action_msgs/include -isystem /home/devpc/Desktop/microros_ws/install/unique_identifier_msgs/include  -Wall -Wextra -Wpedantic -std=gnu++14 -o CMakeFiles/rclc_test.dir/test/rclc/test_node.cpp.o -c /home/devpc/Desktop/microros_ws/src/uros/rclc/rclc/test/rclc/test_node.cpp
[9.431s] [ 72%] [32mBuilding CXX object CMakeFiles/rclc_test.dir/test/rclc/test_executor_handle.cpp.o[0m
[9.441s] /usr/bin/c++  -DDEFAULT_RMW_IMPLEMENTATION=rmw_fastrtps_cpp -DRCUTILS_ENABLE_FAULT_INJECTION -DROS_PACKAGE_NAME=\"rclc\" -DSPDLOG_COMPILED_LIB -I/opt/ros/foxy/src/gtest_vendor/include -I/home/devpc/Desktop/microros_ws/src/uros/rclc/rclc/include -I/home/devpc/Desktop/microros_ws/src/uros/rclc/rclc/src -isystem /home/devpc/Desktop/microros_ws/install/test_msgs/include -isystem /home/devpc/Desktop/microros_ws/install/example_interfaces/include -isystem /home/devpc/Desktop/microros_ws/install/std_msgs/include -isystem /opt/ros/foxy/include -isystem /home/devpc/Desktop/microros_ws/install/builtin_interfaces/include -isystem /home/devpc/Desktop/microros_ws/install/microxrcedds_agent/include -isystem /home/devpc/Desktop/microros_ws/install/action_msgs/include -isystem /home/devpc/Desktop/microros_ws/install/unique_identifier_msgs/include  -Wall -Wextra -Wpedantic -std=gnu++14 -o CMakeFiles/rclc_test.dir/test/rclc/test_executor_handle.cpp.o -c /home/devpc/Desktop/microros_ws/src/uros/rclc/rclc/test/rclc/test_executor_handle.cpp
[10.099s] [ 76%] [32mBuilding CXX object CMakeFiles/rclc_test.dir/test/rclc/test_timer.cpp.o[0m
[10.100s] /usr/bin/c++  -DDEFAULT_RMW_IMPLEMENTATION=rmw_fastrtps_cpp -DRCUTILS_ENABLE_FAULT_INJECTION -DROS_PACKAGE_NAME=\"rclc\" -DSPDLOG_COMPILED_LIB -I/opt/ros/foxy/src/gtest_vendor/include -I/home/devpc/Desktop/microros_ws/src/uros/rclc/rclc/include -I/home/devpc/Desktop/microros_ws/src/uros/rclc/rclc/src -isystem /home/devpc/Desktop/microros_ws/install/test_msgs/include -isystem /home/devpc/Desktop/microros_ws/install/example_interfaces/include -isystem /home/devpc/Desktop/microros_ws/install/std_msgs/include -isystem /opt/ros/foxy/include -isystem /home/devpc/Desktop/microros_ws/install/builtin_interfaces/include -isystem /home/devpc/Desktop/microros_ws/install/microxrcedds_agent/include -isystem /home/devpc/Desktop/microros_ws/install/action_msgs/include -isystem /home/devpc/Desktop/microros_ws/install/unique_identifier_msgs/include  -Wall -Wextra -Wpedantic -std=gnu++14 -o CMakeFiles/rclc_test.dir/test/rclc/test_timer.cpp.o -c /home/devpc/Desktop/microros_ws/src/uros/rclc/rclc/test/rclc/test_timer.cpp
[10.121s] [ 80%] [32mBuilding CXX object CMakeFiles/rclc_test.dir/test/rclc/test_executor.cpp.o[0m
[10.122s] /usr/bin/c++  -DDEFAULT_RMW_IMPLEMENTATION=rmw_fastrtps_cpp -DRCUTILS_ENABLE_FAULT_INJECTION -DROS_PACKAGE_NAME=\"rclc\" -DSPDLOG_COMPILED_LIB -I/opt/ros/foxy/src/gtest_vendor/include -I/home/devpc/Desktop/microros_ws/src/uros/rclc/rclc/include -I/home/devpc/Desktop/microros_ws/src/uros/rclc/rclc/src -isystem /home/devpc/Desktop/microros_ws/install/test_msgs/include -isystem /home/devpc/Desktop/microros_ws/install/example_interfaces/include -isystem /home/devpc/Desktop/microros_ws/install/std_msgs/include -isystem /opt/ros/foxy/include -isystem /home/devpc/Desktop/microros_ws/install/builtin_interfaces/include -isystem /home/devpc/Desktop/microros_ws/install/microxrcedds_agent/include -isystem /home/devpc/Desktop/microros_ws/install/action_msgs/include -isystem /home/devpc/Desktop/microros_ws/install/unique_identifier_msgs/include  -Wall -Wextra -Wpedantic -std=gnu++14 -o CMakeFiles/rclc_test.dir/test/rclc/test_executor.cpp.o -c /home/devpc/Desktop/microros_ws/src/uros/rclc/rclc/test/rclc/test_executor.cpp
[12.771s] [ 84%] [32mBuilding CXX object CMakeFiles/rclc_test.dir/test/rclc/test_service.cpp.o[0m
[12.772s] /usr/bin/c++  -DDEFAULT_RMW_IMPLEMENTATION=rmw_fastrtps_cpp -DRCUTILS_ENABLE_FAULT_INJECTION -DROS_PACKAGE_NAME=\"rclc\" -DSPDLOG_COMPILED_LIB -I/opt/ros/foxy/src/gtest_vendor/include -I/home/devpc/Desktop/microros_ws/src/uros/rclc/rclc/include -I/home/devpc/Desktop/microros_ws/src/uros/rclc/rclc/src -isystem /home/devpc/Desktop/microros_ws/install/test_msgs/include -isystem /home/devpc/Desktop/microros_ws/install/example_interfaces/include -isystem /home/devpc/Desktop/microros_ws/install/std_msgs/include -isystem /opt/ros/foxy/include -isystem /home/devpc/Desktop/microros_ws/install/builtin_interfaces/include -isystem /home/devpc/Desktop/microros_ws/install/microxrcedds_agent/include -isystem /home/devpc/Desktop/microros_ws/install/action_msgs/include -isystem /home/devpc/Desktop/microros_ws/install/unique_identifier_msgs/include  -Wall -Wextra -Wpedantic -std=gnu++14 -o CMakeFiles/rclc_test.dir/test/rclc/test_service.cpp.o -c /home/devpc/Desktop/microros_ws/src/uros/rclc/rclc/test/rclc/test_service.cpp
[13.870s] [ 88%] [32mBuilding CXX object CMakeFiles/rclc_test.dir/test/rclc/test_client.cpp.o[0m
[13.871s] /usr/bin/c++  -DDEFAULT_RMW_IMPLEMENTATION=rmw_fastrtps_cpp -DRCUTILS_ENABLE_FAULT_INJECTION -DROS_PACKAGE_NAME=\"rclc\" -DSPDLOG_COMPILED_LIB -I/opt/ros/foxy/src/gtest_vendor/include -I/home/devpc/Desktop/microros_ws/src/uros/rclc/rclc/include -I/home/devpc/Desktop/microros_ws/src/uros/rclc/rclc/src -isystem /home/devpc/Desktop/microros_ws/install/test_msgs/include -isystem /home/devpc/Desktop/microros_ws/install/example_interfaces/include -isystem /home/devpc/Desktop/microros_ws/install/std_msgs/include -isystem /opt/ros/foxy/include -isystem /home/devpc/Desktop/microros_ws/install/builtin_interfaces/include -isystem /home/devpc/Desktop/microros_ws/install/microxrcedds_agent/include -isystem /home/devpc/Desktop/microros_ws/install/action_msgs/include -isystem /home/devpc/Desktop/microros_ws/install/unique_identifier_msgs/include  -Wall -Wextra -Wpedantic -std=gnu++14 -o CMakeFiles/rclc_test.dir/test/rclc/test_client.cpp.o -c /home/devpc/Desktop/microros_ws/src/uros/rclc/rclc/test/rclc/test_client.cpp
[14.851s] [ 92%] [32mBuilding CXX object CMakeFiles/rclc_test.dir/test/rclc/test_subscription.cpp.o[0m
[14.852s] /usr/bin/c++  -DDEFAULT_RMW_IMPLEMENTATION=rmw_fastrtps_cpp -DRCUTILS_ENABLE_FAULT_INJECTION -DROS_PACKAGE_NAME=\"rclc\" -DSPDLOG_COMPILED_LIB -I/opt/ros/foxy/src/gtest_vendor/include -I/home/devpc/Desktop/microros_ws/src/uros/rclc/rclc/include -I/home/devpc/Desktop/microros_ws/src/uros/rclc/rclc/src -isystem /home/devpc/Desktop/microros_ws/install/test_msgs/include -isystem /home/devpc/Desktop/microros_ws/install/example_interfaces/include -isystem /home/devpc/Desktop/microros_ws/install/std_msgs/include -isystem /opt/ros/foxy/include -isystem /home/devpc/Desktop/microros_ws/install/builtin_interfaces/include -isystem /home/devpc/Desktop/microros_ws/install/microxrcedds_agent/include -isystem /home/devpc/Desktop/microros_ws/install/action_msgs/include -isystem /home/devpc/Desktop/microros_ws/install/unique_identifier_msgs/include  -Wall -Wextra -Wpedantic -std=gnu++14 -o CMakeFiles/rclc_test.dir/test/rclc/test_subscription.cpp.o -c /home/devpc/Desktop/microros_ws/src/uros/rclc/rclc/test/rclc/test_subscription.cpp
[15.762s] [ 96%] [32mBuilding CXX object CMakeFiles/rclc_test.dir/test/rclc/test_publisher.cpp.o[0m
[15.763s] /usr/bin/c++  -DDEFAULT_RMW_IMPLEMENTATION=rmw_fastrtps_cpp -DRCUTILS_ENABLE_FAULT_INJECTION -DROS_PACKAGE_NAME=\"rclc\" -DSPDLOG_COMPILED_LIB -I/opt/ros/foxy/src/gtest_vendor/include -I/home/devpc/Desktop/microros_ws/src/uros/rclc/rclc/include -I/home/devpc/Desktop/microros_ws/src/uros/rclc/rclc/src -isystem /home/devpc/Desktop/microros_ws/install/test_msgs/include -isystem /home/devpc/Desktop/microros_ws/install/example_interfaces/include -isystem /home/devpc/Desktop/microros_ws/install/std_msgs/include -isystem /opt/ros/foxy/include -isystem /home/devpc/Desktop/microros_ws/install/builtin_interfaces/include -isystem /home/devpc/Desktop/microros_ws/install/microxrcedds_agent/include -isystem /home/devpc/Desktop/microros_ws/install/action_msgs/include -isystem /home/devpc/Desktop/microros_ws/install/unique_identifier_msgs/include  -Wall -Wextra -Wpedantic -std=gnu++14 -o CMakeFiles/rclc_test.dir/test/rclc/test_publisher.cpp.o -c /home/devpc/Desktop/microros_ws/src/uros/rclc/rclc/test/rclc/test_publisher.cpp
[16.774s] [100%] [32m[1mLinking CXX executable rclc_test[0m
[16.775s] /usr/bin/cmake -E cmake_link_script CMakeFiles/rclc_test.dir/link.txt --verbose=1
[16.782s] /usr/bin/c++     CMakeFiles/rclc_test.dir/test/rclc/test_init.cpp.o CMakeFiles/rclc_test.dir/test/rclc/test_node.cpp.o CMakeFiles/rclc_test.dir/test/rclc/test_publisher.cpp.o CMakeFiles/rclc_test.dir/test/rclc/test_subscription.cpp.o CMakeFiles/rclc_test.dir/test/rclc/test_client.cpp.o CMakeFiles/rclc_test.dir/test/rclc/test_service.cpp.o CMakeFiles/rclc_test.dir/test/rclc/test_timer.cpp.o CMakeFiles/rclc_test.dir/test/rclc/test_executor_handle.cpp.o CMakeFiles/rclc_test.dir/test/rclc/test_executor.cpp.o  -o rclc_test  -Wl,-rpath,/home/devpc/Desktop/microros_ws/build/rclc:/home/devpc/Desktop/microros_ws/install/std_msgs/lib:/home/devpc/Desktop/microros_ws/install/example_interfaces/lib:/home/devpc/Desktop/microros_ws/install/action_msgs/lib:/home/devpc/Desktop/microros_ws/install/builtin_interfaces/lib:/home/devpc/Desktop/microros_ws/install/unique_identifier_msgs/lib:/opt/ros/foxy/lib:/home/devpc/Desktop/microros_ws/install/test_msgs/lib gtest/libgtest_main.a gtest/libgtest.a librclc.so /opt/ros/foxy/lib/librcl.so /opt/ros/foxy/lib/libmemory_tools_interpose.so /home/devpc/Desktop/microros_ws/install/std_msgs/lib/libstd_msgs__rosidl_typesupport_introspection_c.so /home/devpc/Desktop/microros_ws/install/std_msgs/lib/libstd_msgs__rosidl_typesupport_c.so /home/devpc/Desktop/microros_ws/install/std_msgs/lib/libstd_msgs__rosidl_typesupport_introspection_cpp.so /home/devpc/Desktop/microros_ws/install/std_msgs/lib/libstd_msgs__rosidl_typesupport_cpp.so /home/devpc/Desktop/microros_ws/install/test_msgs/lib/libtest_msgs__rosidl_typesupport_introspection_c.so /home/devpc/Desktop/microros_ws/install/test_msgs/lib/libtest_msgs__rosidl_typesupport_c.so /home/devpc/Desktop/microros_ws/install/test_msgs/lib/libtest_msgs__rosidl_typesupport_introspection_cpp.so /home/devpc/Desktop/microros_ws/install/test_msgs/lib/libtest_msgs__rosidl_typesupport_cpp.so /home/devpc/Desktop/microros_ws/install/example_interfaces/lib/libexample_interfaces__rosidl_typesupport_introspection_c.so /home/devpc/Desktop/microros_ws/install/example_interfaces/lib/libexample_interfaces__rosidl_typesupport_c.so /home/devpc/Desktop/microros_ws/install/example_interfaces/lib/libexample_interfaces__rosidl_typesupport_introspection_cpp.so /home/devpc/Desktop/microros_ws/install/example_interfaces/lib/libexample_interfaces__rosidl_typesupport_cpp.so /opt/ros/foxy/lib/librosidl_runtime_c.so -pthread /opt/ros/foxy/lib/librcl_interfaces__rosidl_typesupport_introspection_c.so /opt/ros/foxy/lib/librcl_interfaces__rosidl_generator_c.so /opt/ros/foxy/lib/librcl_interfaces__rosidl_typesupport_c.so /opt/ros/foxy/lib/librcl_interfaces__rosidl_typesupport_introspection_cpp.so /opt/ros/foxy/lib/librcl_interfaces__rosidl_typesupport_cpp.so /opt/ros/foxy/lib/librcl_yaml_param_parser.so /opt/ros/foxy/lib/libyaml.so /opt/ros/foxy/lib/librmw_implementation.so /opt/ros/foxy/lib/librmw.so /opt/ros/foxy/lib/librcl_logging_spdlog.so /home/devpc/Desktop/microros_ws/install/microxrcedds_agent/lib/libspdlog.a /opt/ros/foxy/lib/libtracetools.so -lpthread /opt/ros/foxy/lib/libmemory_tools.so /usr/lib/x86_64-linux-gnu/libdl.so /home/devpc/Desktop/microros_ws/install/std_msgs/lib/libstd_msgs__rosidl_generator_c.so /home/devpc/Desktop/microros_ws/install/test_msgs/lib/libtest_msgs__rosidl_generator_c.so /home/devpc/Desktop/microros_ws/install/example_interfaces/lib/libexample_interfaces__rosidl_generator_c.so /home/devpc/Desktop/microros_ws/install/action_msgs/lib/libaction_msgs__rosidl_typesupport_introspection_c.so /home/devpc/Desktop/microros_ws/install/action_msgs/lib/libaction_msgs__rosidl_generator_c.so /home/devpc/Desktop/microros_ws/install/action_msgs/lib/libaction_msgs__rosidl_typesupport_c.so /home/devpc/Desktop/microros_ws/install/action_msgs/lib/libaction_msgs__rosidl_typesupport_introspection_cpp.so /home/devpc/Desktop/microros_ws/install/action_msgs/lib/libaction_msgs__rosidl_typesupport_cpp.so /home/devpc/Desktop/microros_ws/install/builtin_interfaces/lib/libbuiltin_interfaces__rosidl_typesupport_introspection_c.so /home/devpc/Desktop/microros_ws/install/builtin_interfaces/lib/libbuiltin_interfaces__rosidl_generator_c.so /home/devpc/Desktop/microros_ws/install/builtin_interfaces/lib/libbuiltin_interfaces__rosidl_typesupport_c.so /home/devpc/Desktop/microros_ws/install/builtin_interfaces/lib/libbuiltin_interfaces__rosidl_typesupport_introspection_cpp.so /home/devpc/Desktop/microros_ws/install/builtin_interfaces/lib/libbuiltin_interfaces__rosidl_typesupport_cpp.so /home/devpc/Desktop/microros_ws/install/unique_identifier_msgs/lib/libunique_identifier_msgs__rosidl_typesupport_introspection_c.so /home/devpc/Desktop/microros_ws/install/unique_identifier_msgs/lib/libunique_identifier_msgs__rosidl_generator_c.so /home/devpc/Desktop/microros_ws/install/unique_identifier_msgs/lib/libunique_identifier_msgs__rosidl_typesupport_c.so /home/devpc/Desktop/microros_ws/install/unique_identifier_msgs/lib/libunique_identifier_msgs__rosidl_typesupport_introspection_cpp.so /opt/ros/foxy/lib/librosidl_typesupport_introspection_cpp.so /opt/ros/foxy/lib/librosidl_typesupport_introspection_c.so /home/devpc/Desktop/microros_ws/install/unique_identifier_msgs/lib/libunique_identifier_msgs__rosidl_typesupport_cpp.so /opt/ros/foxy/lib/librosidl_typesupport_cpp.so /opt/ros/foxy/lib/librosidl_typesupport_c.so /opt/ros/foxy/lib/librosidl_runtime_c.so /opt/ros/foxy/lib/librcpputils.so /opt/ros/foxy/lib/librcutils.so -ldl 
[16.956s] make[2]: Leaving directory '/home/devpc/Desktop/microros_ws/build/rclc'
[16.964s] [100%] Built target rclc_test
[16.965s] make[1]: Leaving directory '/home/devpc/Desktop/microros_ws/build/rclc'
[16.965s] /usr/bin/cmake -E cmake_progress_start /home/devpc/Desktop/microros_ws/build/rclc/CMakeFiles 0
[16.976s] Invoked command in '/home/devpc/Desktop/microros_ws/build/rclc' returned '0': AMENT_PREFIX_PATH=/home/devpc/Desktop/microros_ws/install/test_msgs:/home/devpc/Desktop/microros_ws/install/example_interfaces:/home/devpc/Desktop/microros_ws/install/std_msgs:/home/devpc/Desktop/microros_ws/install/action_msgs:/home/devpc/Desktop/microros_ws/install/unique_identifier_msgs:/home/devpc/Desktop/microros_ws/install/builtin_interfaces:${AMENT_PREFIX_PATH} CMAKE_PREFIX_PATH=/home/devpc/Desktop/microros_ws/install/test_msgs:/home/devpc/Desktop/microros_ws/install/example_interfaces:/home/devpc/Desktop/microros_ws/install/std_msgs:/home/devpc/Desktop/microros_ws/install/action_msgs:/home/devpc/Desktop/microros_ws/install/unique_identifier_msgs:/home/devpc/Desktop/microros_ws/install/builtin_interfaces:/home/devpc/Desktop/microros_ws/install/rosidl_typesupport_microxrcedds_cpp:/home/devpc/Desktop/microros_ws/install/rosidl_typesupport_microxrcedds_c:/home/devpc/Desktop/microros_ws/install/microcdr:/home/devpc/Desktop/microros_ws/install/micro_ros_agent:/home/devpc/Desktop/microros_ws/install/microxrcedds_agent:/home/devpc/Desktop/microros_ws/install/micro_ros_setup:/home/devpc/Desktop/microros_ws/install/micro_ros_msgs:/home/devpc/Desktop/quad_ws/install/quad_interfaces:/home/devpc/Desktop/quad_ws/install/quad:/opt/ros/foxy LD_LIBRARY_PATH=/home/devpc/Desktop/microros_ws/install/test_msgs/lib:/home/devpc/Desktop/microros_ws/install/example_interfaces/lib:/home/devpc/Desktop/microros_ws/install/std_msgs/lib:/home/devpc/Desktop/microros_ws/install/action_msgs/lib:/home/devpc/Desktop/microros_ws/install/unique_identifier_msgs/lib:/home/devpc/Desktop/microros_ws/install/builtin_interfaces/lib:${LD_LIBRARY_PATH} PYTHONPATH=/home/devpc/Desktop/microros_ws/install/test_msgs/lib/python3.8/site-packages:/home/devpc/Desktop/microros_ws/install/example_interfaces/lib/python3.8/site-packages:/home/devpc/Desktop/microros_ws/install/std_msgs/lib/python3.8/site-packages:/home/devpc/Desktop/microros_ws/install/action_msgs/lib/python3.8/site-packages:/home/devpc/Desktop/microros_ws/install/unique_identifier_msgs/lib/python3.8/site-packages:/home/devpc/Desktop/microros_ws/install/builtin_interfaces/lib/python3.8/site-packages:${PYTHONPATH} /usr/bin/cmake --build /home/devpc/Desktop/microros_ws/build/rclc -- -j8 -l8
[17.028s] Invoking command in '/home/devpc/Desktop/microros_ws/build/rclc': AMENT_PREFIX_PATH=/home/devpc/Desktop/microros_ws/install/test_msgs:/home/devpc/Desktop/microros_ws/install/example_interfaces:/home/devpc/Desktop/microros_ws/install/std_msgs:/home/devpc/Desktop/microros_ws/install/action_msgs:/home/devpc/Desktop/microros_ws/install/unique_identifier_msgs:/home/devpc/Desktop/microros_ws/install/builtin_interfaces:${AMENT_PREFIX_PATH} CMAKE_PREFIX_PATH=/home/devpc/Desktop/microros_ws/install/test_msgs:/home/devpc/Desktop/microros_ws/install/example_interfaces:/home/devpc/Desktop/microros_ws/install/std_msgs:/home/devpc/Desktop/microros_ws/install/action_msgs:/home/devpc/Desktop/microros_ws/install/unique_identifier_msgs:/home/devpc/Desktop/microros_ws/install/builtin_interfaces:/home/devpc/Desktop/microros_ws/install/rosidl_typesupport_microxrcedds_cpp:/home/devpc/Desktop/microros_ws/install/rosidl_typesupport_microxrcedds_c:/home/devpc/Desktop/microros_ws/install/microcdr:/home/devpc/Desktop/microros_ws/install/micro_ros_agent:/home/devpc/Desktop/microros_ws/install/microxrcedds_agent:/home/devpc/Desktop/microros_ws/install/micro_ros_setup:/home/devpc/Desktop/microros_ws/install/micro_ros_msgs:/home/devpc/Desktop/quad_ws/install/quad_interfaces:/home/devpc/Desktop/quad_ws/install/quad:/opt/ros/foxy LD_LIBRARY_PATH=/home/devpc/Desktop/microros_ws/install/test_msgs/lib:/home/devpc/Desktop/microros_ws/install/example_interfaces/lib:/home/devpc/Desktop/microros_ws/install/std_msgs/lib:/home/devpc/Desktop/microros_ws/install/action_msgs/lib:/home/devpc/Desktop/microros_ws/install/unique_identifier_msgs/lib:/home/devpc/Desktop/microros_ws/install/builtin_interfaces/lib:${LD_LIBRARY_PATH} PYTHONPATH=/home/devpc/Desktop/microros_ws/install/test_msgs/lib/python3.8/site-packages:/home/devpc/Desktop/microros_ws/install/example_interfaces/lib/python3.8/site-packages:/home/devpc/Desktop/microros_ws/install/std_msgs/lib/python3.8/site-packages:/home/devpc/Desktop/microros_ws/install/action_msgs/lib/python3.8/site-packages:/home/devpc/Desktop/microros_ws/install/unique_identifier_msgs/lib/python3.8/site-packages:/home/devpc/Desktop/microros_ws/install/builtin_interfaces/lib/python3.8/site-packages:${PYTHONPATH} /usr/bin/cmake --install /home/devpc/Desktop/microros_ws/build/rclc
[17.037s] -- Install configuration: ""
[17.037s] -- Installing: /home/devpc/Desktop/microros_ws/install/rclc/lib/librclc.so
[17.038s] -- Set runtime path of "/home/devpc/Desktop/microros_ws/install/rclc/lib/librclc.so" to ""
[17.038s] -- Installing: /home/devpc/Desktop/microros_ws/install/rclc/include
[17.038s] -- Installing: /home/devpc/Desktop/microros_ws/install/rclc/include/rclc
[17.038s] -- Installing: /home/devpc/Desktop/microros_ws/install/rclc/include/rclc/publisher.h
[17.039s] -- Installing: /home/devpc/Desktop/microros_ws/install/rclc/include/rclc/types.h
[17.039s] -- Installing: /home/devpc/Desktop/microros_ws/install/rclc/include/rclc/service.h
[17.039s] -- Installing: /home/devpc/Desktop/microros_ws/install/rclc/include/rclc/init.h
[17.039s] -- Installing: /home/devpc/Desktop/microros_ws/install/rclc/include/rclc/timer.h
[17.039s] -- Installing: /home/devpc/Desktop/microros_ws/install/rclc/include/rclc/node.h
[17.039s] -- Installing: /home/devpc/Desktop/microros_ws/install/rclc/include/rclc/rclc.h
[17.039s] -- Installing: /home/devpc/Desktop/microros_ws/install/rclc/include/rclc/executor.h
[17.040s] -- Installing: /home/devpc/Desktop/microros_ws/install/rclc/include/rclc/executor_handle.h
[17.040s] -- Installing: /home/devpc/Desktop/microros_ws/install/rclc/include/rclc/visibility_control.h
[17.040s] -- Installing: /home/devpc/Desktop/microros_ws/install/rclc/include/rclc/subscription.h
[17.040s] -- Installing: /home/devpc/Desktop/microros_ws/install/rclc/include/rclc/sleep.h
[17.040s] -- Installing: /home/devpc/Desktop/microros_ws/install/rclc/include/rclc/client.h
[17.040s] -- Installing: /home/devpc/Desktop/microros_ws/install/rclc/share/rclc/environment/library_path.sh
[17.041s] -- Installing: /home/devpc/Desktop/microros_ws/install/rclc/share/rclc/environment/library_path.dsv
[17.041s] -- Installing: /home/devpc/Desktop/microros_ws/install/rclc/share/ament_index/resource_index/package_run_dependencies/rclc
[17.041s] -- Installing: /home/devpc/Desktop/microros_ws/install/rclc/share/ament_index/resource_index/parent_prefix_path/rclc
[17.041s] -- Installing: /home/devpc/Desktop/microros_ws/install/rclc/share/rclc/environment/ament_prefix_path.sh
[17.041s] -- Installing: /home/devpc/Desktop/microros_ws/install/rclc/share/rclc/environment/ament_prefix_path.dsv
[17.041s] -- Installing: /home/devpc/Desktop/microros_ws/install/rclc/share/rclc/environment/path.sh
[17.042s] -- Installing: /home/devpc/Desktop/microros_ws/install/rclc/share/rclc/environment/path.dsv
[17.042s] -- Installing: /home/devpc/Desktop/microros_ws/install/rclc/share/rclc/local_setup.bash
[17.042s] -- Installing: /home/devpc/Desktop/microros_ws/install/rclc/share/rclc/local_setup.sh
[17.042s] -- Installing: /home/devpc/Desktop/microros_ws/install/rclc/share/rclc/local_setup.zsh
[17.042s] -- Installing: /home/devpc/Desktop/microros_ws/install/rclc/share/rclc/local_setup.dsv
[17.042s] -- Installing: /home/devpc/Desktop/microros_ws/install/rclc/share/rclc/package.dsv
[17.042s] -- Installing: /home/devpc/Desktop/microros_ws/install/rclc/share/ament_index/resource_index/packages/rclc
[17.043s] -- Installing: /home/devpc/Desktop/microros_ws/install/rclc/share/rclc/cmake/rclcExport.cmake
[17.043s] -- Installing: /home/devpc/Desktop/microros_ws/install/rclc/share/rclc/cmake/rclcExport-noconfig.cmake
[17.043s] -- Installing: /home/devpc/Desktop/microros_ws/install/rclc/share/rclc/cmake/ament_cmake_export_include_directories-extras.cmake
[17.043s] -- Installing: /home/devpc/Desktop/microros_ws/install/rclc/share/rclc/cmake/ament_cmake_export_libraries-extras.cmake
[17.043s] -- Installing: /home/devpc/Desktop/microros_ws/install/rclc/share/rclc/cmake/ament_cmake_export_targets-extras.cmake
[17.043s] -- Installing: /home/devpc/Desktop/microros_ws/install/rclc/share/rclc/cmake/ament_cmake_export_dependencies-extras.cmake
[17.044s] -- Installing: /home/devpc/Desktop/microros_ws/install/rclc/share/rclc/cmake/rclcConfig.cmake
[17.045s] -- Installing: /home/devpc/Desktop/microros_ws/install/rclc/share/rclc/cmake/rclcConfig-version.cmake
[17.046s] -- Installing: /home/devpc/Desktop/microros_ws/install/rclc/share/rclc/package.xml
[17.046s] Invoked command in '/home/devpc/Desktop/microros_ws/build/rclc' returned '0': AMENT_PREFIX_PATH=/home/devpc/Desktop/microros_ws/install/test_msgs:/home/devpc/Desktop/microros_ws/install/example_interfaces:/home/devpc/Desktop/microros_ws/install/std_msgs:/home/devpc/Desktop/microros_ws/install/action_msgs:/home/devpc/Desktop/microros_ws/install/unique_identifier_msgs:/home/devpc/Desktop/microros_ws/install/builtin_interfaces:${AMENT_PREFIX_PATH} CMAKE_PREFIX_PATH=/home/devpc/Desktop/microros_ws/install/test_msgs:/home/devpc/Desktop/microros_ws/install/example_interfaces:/home/devpc/Desktop/microros_ws/install/std_msgs:/home/devpc/Desktop/microros_ws/install/action_msgs:/home/devpc/Desktop/microros_ws/install/unique_identifier_msgs:/home/devpc/Desktop/microros_ws/install/builtin_interfaces:/home/devpc/Desktop/microros_ws/install/rosidl_typesupport_microxrcedds_cpp:/home/devpc/Desktop/microros_ws/install/rosidl_typesupport_microxrcedds_c:/home/devpc/Desktop/microros_ws/install/microcdr:/home/devpc/Desktop/microros_ws/install/micro_ros_agent:/home/devpc/Desktop/microros_ws/install/microxrcedds_agent:/home/devpc/Desktop/microros_ws/install/micro_ros_setup:/home/devpc/Desktop/microros_ws/install/micro_ros_msgs:/home/devpc/Desktop/quad_ws/install/quad_interfaces:/home/devpc/Desktop/quad_ws/install/quad:/opt/ros/foxy LD_LIBRARY_PATH=/home/devpc/Desktop/microros_ws/install/test_msgs/lib:/home/devpc/Desktop/microros_ws/install/example_interfaces/lib:/home/devpc/Desktop/microros_ws/install/std_msgs/lib:/home/devpc/Desktop/microros_ws/install/action_msgs/lib:/home/devpc/Desktop/microros_ws/install/unique_identifier_msgs/lib:/home/devpc/Desktop/microros_ws/install/builtin_interfaces/lib:${LD_LIBRARY_PATH} PYTHONPATH=/home/devpc/Desktop/microros_ws/install/test_msgs/lib/python3.8/site-packages:/home/devpc/Desktop/microros_ws/install/example_interfaces/lib/python3.8/site-packages:/home/devpc/Desktop/microros_ws/install/std_msgs/lib/python3.8/site-packages:/home/devpc/Desktop/microros_ws/install/action_msgs/lib/python3.8/site-packages:/home/devpc/Desktop/microros_ws/install/unique_identifier_msgs/lib/python3.8/site-packages:/home/devpc/Desktop/microros_ws/install/builtin_interfaces/lib/python3.8/site-packages:${PYTHONPATH} /usr/bin/cmake --install /home/devpc/Desktop/microros_ws/build/rclc
