[0.459s] Invoking command in '/home/devpc/Desktop/quad_ws/src/motion_servos_calibration': PYTHONPATH=/home/devpc/Desktop/quad_ws/install/motion_servos_calibration/lib/python3.8/site-packages:${PYTHONPATH} /usr/bin/python3 setup.py egg_info --egg-base ../../build/motion_servos_calibration build --build-base /home/devpc/Desktop/quad_ws/build/motion_servos_calibration/build install --prefix /home/devpc/Desktop/quad_ws/install/motion_servos_calibration --record /home/devpc/Desktop/quad_ws/build/motion_servos_calibration/install.log --single-version-externally-managed
[0.681s] running egg_info
[0.682s] writing ../../build/motion_servos_calibration/motion_servos_calibration.egg-info/PKG-INFO
[0.682s] writing dependency_links to ../../build/motion_servos_calibration/motion_servos_calibration.egg-info/dependency_links.txt
[0.682s] writing entry points to ../../build/motion_servos_calibration/motion_servos_calibration.egg-info/entry_points.txt
[0.682s] writing requirements to ../../build/motion_servos_calibration/motion_servos_calibration.egg-info/requires.txt
[0.682s] writing top-level names to ../../build/motion_servos_calibration/motion_servos_calibration.egg-info/top_level.txt
[0.722s] reading manifest file '../../build/motion_servos_calibration/motion_servos_calibration.egg-info/SOURCES.txt'
[0.723s] writing manifest file '../../build/motion_servos_calibration/motion_servos_calibration.egg-info/SOURCES.txt'
[0.723s] running build
[0.723s] running build_py
[0.724s] copying motion_servos_calibration/motion_servos_calibration.py -> /home/devpc/Desktop/quad_ws/build/motion_servos_calibration/build/lib/motion_servos_calibration
[0.724s] running install
[0.724s] running install_lib
[0.725s] copying /home/devpc/Desktop/quad_ws/build/motion_servos_calibration/build/lib/motion_servos_calibration/motion_servos_calibration.py -> /home/devpc/Desktop/quad_ws/install/motion_servos_calibration/lib/python3.8/site-packages/motion_servos_calibration
[0.726s] byte-compiling /home/devpc/Desktop/quad_ws/install/motion_servos_calibration/lib/python3.8/site-packages/motion_servos_calibration/motion_servos_calibration.py to motion_servos_calibration.cpython-38.pyc
[0.728s] running install_data
[0.728s] running install_egg_info
[0.730s] removing '/home/devpc/Desktop/quad_ws/install/motion_servos_calibration/lib/python3.8/site-packages/motion_servos_calibration-0.0.0-py3.8.egg-info' (and everything under it)
[0.730s] Copying ../../build/motion_servos_calibration/motion_servos_calibration.egg-info to /home/devpc/Desktop/quad_ws/install/motion_servos_calibration/lib/python3.8/site-packages/motion_servos_calibration-0.0.0-py3.8.egg-info
[0.731s] running install_scripts
[0.748s] Installing motion_servos_calibration script to /home/devpc/Desktop/quad_ws/install/motion_servos_calibration/lib/motion_servos_calibration
[0.750s] writing list of installed files to '/home/devpc/Desktop/quad_ws/build/motion_servos_calibration/install.log'
[0.779s] Invoked command in '/home/devpc/Desktop/quad_ws/src/motion_servos_calibration' returned '0': PYTHONPATH=/home/devpc/Desktop/quad_ws/install/motion_servos_calibration/lib/python3.8/site-packages:${PYTHONPATH} /usr/bin/python3 setup.py egg_info --egg-base ../../build/motion_servos_calibration build --build-base /home/devpc/Desktop/quad_ws/build/motion_servos_calibration/build install --prefix /home/devpc/Desktop/quad_ws/install/motion_servos_calibration --record /home/devpc/Desktop/quad_ws/build/motion_servos_calibration/install.log --single-version-externally-managed
