-- The C compiler identification is GNU 9.3.0
-- The CXX compiler identification is GNU 9.3.0
-- Check for working C compiler: /usr/bin/cc
-- Check for working C compiler: /usr/bin/cc -- works
-- Detecting C compiler ABI info
-- Detecting C compiler ABI info - done
-- Detecting C compile features
-- Detecting C compile features - done
-- Check for working CXX compiler: /usr/bin/c++
-- Check for working CXX compiler: /usr/bin/c++ -- works
-- Detecting CXX compiler ABI info
-- Detecting CXX compiler ABI info - done
-- Detecting CXX compile features
-- Detecting CXX compile features - done
-- Found ament_cmake: 0.9.8 (/opt/ros/foxy/share/ament_cmake/cmake)
-- Found PythonInterp: /usr/bin/python3 (found suitable version "3.8.10", minimum required is "3") 
-- Using PYTHON_EXECUTABLE: /usr/bin/python3
-- Configuring done
-- Generating done
-- Build files have been written to: /home/devpc/Desktop/microros_ws/build/micro_ros_demos_rclc
[35m[1mScanning dependencies of target fibonacci_action_server[0m
[35m[1mScanning dependencies of target fibonacci_action_client[0m
[35m[1mScanning dependencies of target configured_publisher[0m
[35m[1mScanning dependencies of target configured_subscriber[0m
[  1%] [34m[1mCreating directories for 'fibonacci_action_server'[0m
[  2%] [34m[1mCreating directories for 'fibonacci_action_client'[0m
[35m[1mScanning dependencies of target int32_subscriber[0m
[35m[1mScanning dependencies of target addtwoints_client[0m
[  3%] [34m[1mCreating directories for 'configured_publisher'[0m
[  3%] [34m[1mCreating directories for 'configured_subscriber'[0m
[  3%] [34m[1mCreating directories for 'int32_subscriber'[0m
[  3%] [34m[1mCreating directories for 'addtwoints_client'[0m
[  3%] [34m[1mNo download step for 'fibonacci_action_client'[0m
[  3%] [34m[1mNo download step for 'fibonacci_action_server'[0m
[  4%] [34m[1mNo download step for 'int32_subscriber'[0m
[  4%] [34m[1mNo download step for 'configured_publisher'[0m
[  4%] [34m[1mNo patch step for 'fibonacci_action_client'[0m
[  5%] [34m[1mNo download step for 'configured_subscriber'[0m
[  6%] [34m[1mNo download step for 'addtwoints_client'[0m
[  7%] [34m[1mNo patch step for 'fibonacci_action_server'[0m
[  8%] [34m[1mNo patch step for 'int32_subscriber'[0m
[  9%] [34m[1mNo patch step for 'configured_publisher'[0m
[ 10%] [34m[1mNo patch step for 'configured_subscriber'[0m
[ 11%] [34m[1mNo update step for 'fibonacci_action_client'[0m
[ 12%] [34m[1mNo patch step for 'addtwoints_client'[0m
[ 13%] [34m[1mNo update step for 'fibonacci_action_server'[0m
[ 14%] [34m[1mNo update step for 'configured_publisher'[0m
[ 14%] [34m[1mNo update step for 'int32_subscriber'[0m
[ 15%] [34m[1mPerforming configure step for 'fibonacci_action_client'[0m
[ 15%] [34m[1mNo update step for 'addtwoints_client'[0m
[ 15%] [34m[1mNo update step for 'configured_subscriber'[0m
loading initial cache file /home/devpc/Desktop/microros_ws/build/micro_ros_demos_rclc/fibonacci_action_client/tmp/fibonacci_action_client-cache-.cmake
[ 15%] [34m[1mPerforming configure step for 'fibonacci_action_server'[0m
[ 15%] [34m[1mPerforming configure step for 'configured_publisher'[0m
[ 16%] [34m[1mPerforming configure step for 'int32_subscriber'[0m
loading initial cache file /home/devpc/Desktop/microros_ws/build/micro_ros_demos_rclc/fibonacci_action_server/tmp/fibonacci_action_server-cache-.cmake
[ 16%] [34m[1mPerforming configure step for 'configured_subscriber'[0m
[ 16%] [34m[1mPerforming configure step for 'addtwoints_client'[0m
loading initial cache file /home/devpc/Desktop/microros_ws/build/micro_ros_demos_rclc/configuration_example/configured_publisher/tmp/configured_publisher-cache-.cmake
loading initial cache file /home/devpc/Desktop/microros_ws/build/micro_ros_demos_rclc/int32_subscriber/tmp/int32_subscriber-cache-.cmake
loading initial cache file /home/devpc/Desktop/microros_ws/build/micro_ros_demos_rclc/addtwoints_client/tmp/addtwoints_client-cache-.cmake
loading initial cache file /home/devpc/Desktop/microros_ws/build/micro_ros_demos_rclc/configuration_example/configured_subscriber/tmp/configured_subscriber-cache-.cmake
-- The C compiler identification is GNU 9.3.0
-- Check for working C compiler: /usr/bin/cc
[35m[1mScanning dependencies of target graph_visualizer[0m
[35m[1mScanning dependencies of target subscription_count[0m
-- The C compiler identification is GNU 9.3.0
-- Check for working C compiler: /usr/bin/cc
[ 17%] [34m[1mCreating directories for 'graph_visualizer'[0m
-- The C compiler identification is GNU 9.3.0
[ 17%] [34m[1mCreating directories for 'subscription_count'[0m
-- The C compiler identification is GNU 9.3.0
-- Check for working C compiler: /usr/bin/cc
-- Check for working C compiler: /usr/bin/cc
-- The C compiler identification is GNU 9.3.0
-- Check for working C compiler: /usr/bin/cc
-- The C compiler identification is GNU 9.3.0
-- Check for working C compiler: /usr/bin/cc
-- Check for working C compiler: /usr/bin/cc -- works
-- Detecting C compiler ABI info
[ 18%] [34m[1mNo download step for 'graph_visualizer'[0m
[ 19%] [34m[1mNo download step for 'subscription_count'[0m
-- Check for working C compiler: /usr/bin/cc -- works
-- Detecting C compiler ABI info
[ 20%] [34m[1mNo patch step for 'graph_visualizer'[0m
-- Check for working C compiler: /usr/bin/cc -- works
-- Detecting C compiler ABI info
-- Check for working C compiler: /usr/bin/cc -- works
-- Detecting C compiler ABI info
-- Check for working C compiler: /usr/bin/cc -- works
-- Check for working C compiler: /usr/bin/cc -- works
-- Detecting C compiler ABI info
-- Detecting C compiler ABI info
[ 20%] [34m[1mNo patch step for 'subscription_count'[0m
[ 20%] [34m[1mNo update step for 'graph_visualizer'[0m
-- Detecting C compiler ABI info - done
[ 21%] [34m[1mNo update step for 'subscription_count'[0m
-- Detecting C compile features
-- Detecting C compile features - done
-- Found ament_cmake: 0.9.8 (/opt/ros/foxy/share/ament_cmake/cmake)
[ 21%] [34m[1mPerforming configure step for 'graph_visualizer'[0m
-- Detecting C compiler ABI info - done
-- Detecting C compile features
-- Detecting C compile features - done
-- Found ament_cmake: 0.9.8 (/opt/ros/foxy/share/ament_cmake/cmake)
loading initial cache file /home/devpc/Desktop/microros_ws/build/micro_ros_demos_rclc/graph_introspection/graph_visualizer/tmp/graph_visualizer-cache-.cmake
-- Found PythonInterp: /usr/bin/python3 (found suitable version "3.8.10", minimum required is "3") 
-- Using PYTHON_EXECUTABLE: /usr/bin/python3
[ 22%] [34m[1mPerforming configure step for 'subscription_count'[0m
-- Detecting C compiler ABI info - done
loading initial cache file /home/devpc/Desktop/microros_ws/build/micro_ros_demos_rclc/graph_introspection/subscription_count/tmp/subscription_count-cache-.cmake
-- Detecting C compile features
-- Detecting C compiler ABI info - done
-- Detecting C compile features - done
-- Detecting C compiler ABI info - done
-- Found PythonInterp: /usr/bin/python3 (found suitable version "3.8.10", minimum required is "3") 
-- Using PYTHON_EXECUTABLE: /usr/bin/python3
-- Detecting C compiler ABI info - done
-- Found ament_cmake: 0.9.8 (/opt/ros/foxy/share/ament_cmake/cmake)
-- Detecting C compile features
-- Detecting C compile features - done
-- Found ament_cmake: 0.9.8 (/opt/ros/foxy/share/ament_cmake/cmake)
-- Detecting C compile features
-- Detecting C compile features - done
-- Detecting C compile features
-- Detecting C compile features - done
-- Found ament_cmake: 0.9.8 (/opt/ros/foxy/share/ament_cmake/cmake)
-- Found ament_cmake: 0.9.8 (/opt/ros/foxy/share/ament_cmake/cmake)
-- The C compiler identification is GNU 9.3.0
-- Check for working C compiler: /usr/bin/cc
-- Found PythonInterp: /usr/bin/python3 (found suitable version "3.8.10", minimum required is "3") 
-- Using PYTHON_EXECUTABLE: /usr/bin/python3
-- Found PythonInterp: /usr/bin/python3 (found suitable version "3.8.10", minimum required is "3") 
-- Using PYTHON_EXECUTABLE: /usr/bin/python3
-- Found PythonInterp: /usr/bin/python3 (found suitable version "3.8.10", minimum required is "3") 
-- Using PYTHON_EXECUTABLE: /usr/bin/python3
-- Found PythonInterp: /usr/bin/python3 (found suitable version "3.8.10", minimum required is "3") 
-- Using PYTHON_EXECUTABLE: /usr/bin/python3
-- The C compiler identification is GNU 9.3.0
-- Check for working C compiler: /usr/bin/cc
-- Check for working C compiler: /usr/bin/cc -- works
-- Detecting C compiler ABI info
-- Found rcl: 1.1.11 (/opt/ros/foxy/share/rcl/cmake)
-- Found rcl: 1.1.11 (/opt/ros/foxy/share/rcl/cmake)
-- Check for working C compiler: /usr/bin/cc -- works
-- Detecting C compiler ABI info
-- Using all available rosidl_typesupport_c: rosidl_typesupport_microxrcedds_c;rosidl_typesupport_fastrtps_c;rosidl_typesupport_introspection_c
-- Using all available rosidl_typesupport_c: rosidl_typesupport_microxrcedds_c;rosidl_typesupport_fastrtps_c;rosidl_typesupport_introspection_c
-- Found rcl: 1.1.11 (/opt/ros/foxy/share/rcl/cmake)
-- Found rosidl_adapter: 1.2.1 (/opt/ros/foxy/share/rosidl_adapter/cmake)
-- Found rosidl_adapter: 1.2.1 (/opt/ros/foxy/share/rosidl_adapter/cmake)
-- Detecting C compiler ABI info - done
-- Detecting C compile features
-- Detecting C compile features - done
-- Found ament_cmake: 0.9.8 (/opt/ros/foxy/share/ament_cmake/cmake)
-- Found PythonInterp: /usr/bin/python3 (found suitable version "3.8.10", minimum required is "3") 
-- Using PYTHON_EXECUTABLE: /usr/bin/python3
-- Using all available rosidl_typesupport_c: rosidl_typesupport_microxrcedds_c;rosidl_typesupport_fastrtps_c;rosidl_typesupport_introspection_c
-- Found rosidl_adapter: 1.2.1 (/opt/ros/foxy/share/rosidl_adapter/cmake)
-- Detecting C compiler ABI info - done
-- Found rcl: 1.1.11 (/opt/ros/foxy/share/rcl/cmake)
-- Detecting C compile features
-- Found rcl: 1.1.11 (/opt/ros/foxy/share/rcl/cmake)
-- Detecting C compile features - done
-- Found ament_cmake: 0.9.8 (/opt/ros/foxy/share/ament_cmake/cmake)
-- Found rcl: 1.1.11 (/opt/ros/foxy/share/rcl/cmake)
-- Found PythonInterp: /usr/bin/python3 (found suitable version "3.8.10", minimum required is "3") 
-- Using PYTHON_EXECUTABLE: /usr/bin/python3
-- Using all available rosidl_typesupport_c: rosidl_typesupport_microxrcedds_c;rosidl_typesupport_fastrtps_c;rosidl_typesupport_introspection_c
-- Found OpenSSL: /usr/lib/x86_64-linux-gnu/libcrypto.so (found version "1.1.1f")  
-- Found rosidl_adapter: 1.2.1 (/opt/ros/foxy/share/rosidl_adapter/cmake)
-- Using all available rosidl_typesupport_c: rosidl_typesupport_microxrcedds_c;rosidl_typesupport_fastrtps_c;rosidl_typesupport_introspection_c
-- Using all available rosidl_typesupport_c: rosidl_typesupport_microxrcedds_c;rosidl_typesupport_fastrtps_c;rosidl_typesupport_introspection_c
-- Found rosidl_adapter: 1.2.1 (/opt/ros/foxy/share/rosidl_adapter/cmake)
-- Found rosidl_adapter: 1.2.1 (/opt/ros/foxy/share/rosidl_adapter/cmake)
-- Found FastRTPS: /opt/ros/foxy/include  
-- Found OpenSSL: /usr/lib/x86_64-linux-gnu/libcrypto.so (found version "1.1.1f")  
-- Found rcl: 1.1.11 (/opt/ros/foxy/share/rcl/cmake)
-- Found FastRTPS: /opt/ros/foxy/include  
-- Using all available rosidl_typesupport_c: rosidl_typesupport_microxrcedds_c;rosidl_typesupport_fastrtps_c;rosidl_typesupport_introspection_c
-- Found rosidl_adapter: 1.2.1 (/opt/ros/foxy/share/rosidl_adapter/cmake)
-- Found OpenSSL: /usr/lib/x86_64-linux-gnu/libcrypto.so (found version "1.1.1f")  
-- Using all available rosidl_typesupport_cpp: rosidl_typesupport_microxrcedds_cpp;rosidl_typesupport_fastrtps_cpp;rosidl_typesupport_introspection_cpp
-- Found FastRTPS: /opt/ros/foxy/include  
-- Using all available rosidl_typesupport_cpp: rosidl_typesupport_microxrcedds_cpp;rosidl_typesupport_fastrtps_cpp;rosidl_typesupport_introspection_cpp
-- Found OpenSSL: /usr/lib/x86_64-linux-gnu/libcrypto.so (found version "1.1.1f")  
-- Found OpenSSL: /usr/lib/x86_64-linux-gnu/libcrypto.so (found version "1.1.1f")  
-- Found rcl: 1.1.11 (/opt/ros/foxy/share/rcl/cmake)
-- Found rmw_implementation_cmake: 1.0.3 (/opt/ros/foxy/share/rmw_implementation_cmake/cmake)
-- Found FastRTPS: /opt/ros/foxy/include  
-- Found OpenSSL: /usr/lib/x86_64-linux-gnu/libcrypto.so (found version "1.1.1f")  
-- Using RMW implementation 'rmw_fastrtps_cpp' as default
-- Looking for pthread.h
-- Found OpenSSL: /usr/lib/x86_64-linux-gnu/libcrypto.so (found version "1.1.1f")  
-- Found FastRTPS: /opt/ros/foxy/include  
-- Using all available rosidl_typesupport_cpp: rosidl_typesupport_microxrcedds_cpp;rosidl_typesupport_fastrtps_cpp;rosidl_typesupport_introspection_cpp
-- Found rmw_implementation_cmake: 1.0.3 (/opt/ros/foxy/share/rmw_implementation_cmake/cmake)
-- Using RMW implementation 'rmw_fastrtps_cpp' as default
-- Looking for pthread.h
-- Using all available rosidl_typesupport_c: rosidl_typesupport_microxrcedds_c;rosidl_typesupport_fastrtps_c;rosidl_typesupport_introspection_c
-- Found FastRTPS: /opt/ros/foxy/include  
-- Found FastRTPS: /opt/ros/foxy/include  
-- Found rosidl_adapter: 1.2.1 (/opt/ros/foxy/share/rosidl_adapter/cmake)
-- Using all available rosidl_typesupport_cpp: rosidl_typesupport_microxrcedds_cpp;rosidl_typesupport_fastrtps_cpp;rosidl_typesupport_introspection_cpp
-- Using all available rosidl_typesupport_cpp: rosidl_typesupport_microxrcedds_cpp;rosidl_typesupport_fastrtps_cpp;rosidl_typesupport_introspection_cpp
-- Found rmw_implementation_cmake: 1.0.3 (/opt/ros/foxy/share/rmw_implementation_cmake/cmake)
-- Looking for pthread.h - found
-- Performing Test CMAKE_HAVE_LIBC_PTHREAD
-- Using RMW implementation 'rmw_fastrtps_cpp' as default
-- Looking for pthread.h
-- Using all available rosidl_typesupport_cpp: rosidl_typesupport_microxrcedds_cpp;rosidl_typesupport_fastrtps_cpp;rosidl_typesupport_introspection_cpp
-- Using all available rosidl_typesupport_cpp: rosidl_typesupport_microxrcedds_cpp;rosidl_typesupport_fastrtps_cpp;rosidl_typesupport_introspection_cpp
-- Looking for pthread.h - found
-- Performing Test CMAKE_HAVE_LIBC_PTHREAD
-- Found rmw_implementation_cmake: 1.0.3 (/opt/ros/foxy/share/rmw_implementation_cmake/cmake)
-- Using RMW implementation 'rmw_fastrtps_cpp' as default
-- Looking for pthread.h
-- Found rmw_implementation_cmake: 1.0.3 (/opt/ros/foxy/share/rmw_implementation_cmake/cmake)
-- Using RMW implementation 'rmw_fastrtps_cpp' as default
-- Looking for pthread.h
-- Found rmw_implementation_cmake: 1.0.3 (/opt/ros/foxy/share/rmw_implementation_cmake/cmake)
-- Using RMW implementation 'rmw_fastrtps_cpp' as default
-- Looking for pthread.h
-- Found rmw_implementation_cmake: 1.0.3 (/opt/ros/foxy/share/rmw_implementation_cmake/cmake)
-- Found OpenSSL: /usr/lib/x86_64-linux-gnu/libcrypto.so (found version "1.1.1f")  
-- Using RMW implementation 'rmw_fastrtps_cpp' as default
-- Looking for pthread.h
-- Performing Test CMAKE_HAVE_LIBC_PTHREAD - Failed
-- Looking for pthread_create in pthreads
-- Looking for pthread.h - found
-- Performing Test CMAKE_HAVE_LIBC_PTHREAD - Failed
-- Looking for pthread_create in pthreads
-- Performing Test CMAKE_HAVE_LIBC_PTHREAD
-- Found FastRTPS: /opt/ros/foxy/include  
-- Looking for pthread.h - found
-- Performing Test CMAKE_HAVE_LIBC_PTHREAD
-- Looking for pthread.h - found
-- Performing Test CMAKE_HAVE_LIBC_PTHREAD
-- Looking for pthread_create in pthreads - not found
-- Looking for pthread_create in pthread
-- Looking for pthread.h - found
-- Performing Test CMAKE_HAVE_LIBC_PTHREAD
-- Looking for pthread_create in pthreads - not found
-- Looking for pthread_create in pthread
-- Performing Test CMAKE_HAVE_LIBC_PTHREAD - Failed
-- Looking for pthread_create in pthreads
-- Performing Test CMAKE_HAVE_LIBC_PTHREAD - Failed
-- Looking for pthread_create in pthreads
-- Using all available rosidl_typesupport_cpp: rosidl_typesupport_microxrcedds_cpp;rosidl_typesupport_fastrtps_cpp;rosidl_typesupport_introspection_cpp
-- Looking for pthread.h - found
-- Performing Test CMAKE_HAVE_LIBC_PTHREAD
-- Performing Test CMAKE_HAVE_LIBC_PTHREAD - Failed
-- Looking for pthread_create in pthreads
-- Looking for pthread_create in pthread - found
-- Found Threads: TRUE  
-- Looking for pthread_create in pthread - found
-- Found Threads: TRUE  
-- Performing Test CMAKE_HAVE_LIBC_PTHREAD - Failed
-- Looking for pthread_create in pthreads
-- Found rclc: 1.0.2 (/home/devpc/Desktop/microros_ws/install/rclc/share/rclc/cmake)
-- Found std_msgs: 2.0.4 (/home/devpc/Desktop/microros_ws/install/std_msgs/share/std_msgs/cmake)
-- Found rcl_action: 1.1.11 (/opt/ros/foxy/share/rcl_action/cmake)
-- Looking for pthread_create in pthreads - not found
-- Looking for pthread_create in pthread
-- Found rmw_implementation_cmake: 1.0.3 (/opt/ros/foxy/share/rmw_implementation_cmake/cmake)
-- Using RMW implementation 'rmw_fastrtps_cpp' as default
-- Looking for pthread.h
-- Found rmw_microxrcedds: 0.0.1 (/home/devpc/Desktop/microros_ws/install/rmw_microxrcedds/share/rmw_microxrcedds/cmake)
-- Looking for pthread_create in pthreads - not found
-- Looking for pthread_create in pthread
-- Configuring done
-- Performing Test CMAKE_HAVE_LIBC_PTHREAD - Failed
-- Looking for pthread_create in pthreads
-- Generating done
-- Looking for pthread_create in pthreads - not found
-- Looking for pthread_create in pthread
-- Build files have been written to: /home/devpc/Desktop/microros_ws/build/micro_ros_demos_rclc/configuration_example/configured_publisher/src/configured_publisher-build
[ 23%] [34m[1mPerforming build step for 'configured_publisher'[0m
-- Found example_interfaces: 0.9.1 (/home/devpc/Desktop/microros_ws/install/example_interfaces/share/example_interfaces/cmake)
-- Looking for pthread_create in pthreads - not found
-- Looking for pthread_create in pthread
-- Looking for pthread_create in pthreads - not found
-- Looking for pthread_create in pthread
-- Looking for pthread.h - found
-- Performing Test CMAKE_HAVE_LIBC_PTHREAD
-- Looking for pthread_create in pthread - found
-- Found Threads: TRUE  
[35m[1mScanning dependencies of target configured_publisher[0m
-- Looking for pthread_create in pthread - found
-- Found Threads: TRUE  
-- Looking for pthread_create in pthread - found
-- Found Threads: TRUE  
-- Found rcl_action: 1.1.11 (/opt/ros/foxy/share/rcl_action/cmake)
[ 50%] [32mBuilding C object CMakeFiles/configured_publisher.dir/main.c.o[0m
-- Found rclc: 1.0.2 (/home/devpc/Desktop/microros_ws/install/rclc/share/rclc/cmake)
-- Found example_interfaces: 0.9.1 (/home/devpc/Desktop/microros_ws/install/example_interfaces/share/example_interfaces/cmake)
-- Found rclc: 1.0.2 (/home/devpc/Desktop/microros_ws/install/rclc/share/rclc/cmake)
-- Found std_msgs: 2.0.4 (/home/devpc/Desktop/microros_ws/install/std_msgs/share/std_msgs/cmake)
-- Looking for pthread_create in pthread - found
-- Found Threads: TRUE  
-- Found rmw_microxrcedds: 0.0.1 (/home/devpc/Desktop/microros_ws/install/rmw_microxrcedds/share/rmw_microxrcedds/cmake)
-- Found rclc: 1.0.2 (/home/devpc/Desktop/microros_ws/install/rclc/share/rclc/cmake)
-- Configuring done
-- Configuring done
-- Generating done
-- Build files have been written to: /home/devpc/Desktop/microros_ws/build/micro_ros_demos_rclc/graph_introspection/graph_visualizer/src/graph_visualizer-build
-- Found std_msgs: 2.0.4 (/home/devpc/Desktop/microros_ws/install/std_msgs/share/std_msgs/cmake)
-- Found example_interfaces: 0.9.1 (/home/devpc/Desktop/microros_ws/install/example_interfaces/share/example_interfaces/cmake)
-- Generating done
-- Performing Test CMAKE_HAVE_LIBC_PTHREAD - Failed
-- Looking for pthread_create in pthreads
[100%] [32m[1mLinking C executable configured_publisher[0m
-- Build files have been written to: /home/devpc/Desktop/microros_ws/build/micro_ros_demos_rclc/fibonacci_action_client/src/fibonacci_action_client-build
-- Looking for pthread_create in pthread - found
-- Found Threads: TRUE  
[ 24%] [34m[1mPerforming build step for 'graph_visualizer'[0m
-- Found rmw_microxrcedds: 0.0.1 (/home/devpc/Desktop/microros_ws/install/rmw_microxrcedds/share/rmw_microxrcedds/cmake)
-- Found rclc: 1.0.2 (/home/devpc/Desktop/microros_ws/install/rclc/share/rclc/cmake)
-- Found std_msgs: 2.0.4 (/home/devpc/Desktop/microros_ws/install/std_msgs/share/std_msgs/cmake)
-- Configuring done
-- Configuring done
-- Generating done
-- Configuring done
-- Generating done
-- Build files have been written to: /home/devpc/Desktop/microros_ws/build/micro_ros_demos_rclc/addtwoints_client/src/addtwoints_client-build
-- Build files have been written to: /home/devpc/Desktop/microros_ws/build/micro_ros_demos_rclc/fibonacci_action_server/src/fibonacci_action_server-build
-- Generating done
[ 24%] [34m[1mPerforming build step for 'fibonacci_action_client'[0m
-- Build files have been written to: /home/devpc/Desktop/microros_ws/build/micro_ros_demos_rclc/configuration_example/configured_subscriber/src/configured_subscriber-build
-- Found rmw_microxrcedds: 0.0.1 (/home/devpc/Desktop/microros_ws/install/rmw_microxrcedds/share/rmw_microxrcedds/cmake)
-- Configuring done
[ 25%] [34m[1mPerforming build step for 'fibonacci_action_server'[0m
-- Generating done
-- Build files have been written to: /home/devpc/Desktop/microros_ws/build/micro_ros_demos_rclc/int32_subscriber/src/int32_subscriber-build
[ 26%] [34m[1mPerforming build step for 'configured_subscriber'[0m
[ 27%] [34m[1mPerforming build step for 'addtwoints_client'[0m
[100%] Built target configured_publisher
[35m[1mScanning dependencies of target fibonacci_action_client[0m
[35m[1mScanning dependencies of target graph_visualizer[0m
-- Looking for pthread_create in pthreads - not found
-- Looking for pthread_create in pthread
[ 27%] [34m[1mPerforming install step for 'configured_publisher'[0m
[ 27%] [34m[1mPerforming build step for 'int32_subscriber'[0m
[ 50%] [32mBuilding C object CMakeFiles/graph_visualizer.dir/main.c.o[0m
[35m[1mScanning dependencies of target fibonacci_action_server[0m
[ 50%] [32mBuilding C object CMakeFiles/fibonacci_action_client.dir/main.c.o[0m
[35m[1mScanning dependencies of target configured_subscriber[0m
[35m[1mScanning dependencies of target addtwoints_client[0m
[ 50%] [32mBuilding C object CMakeFiles/fibonacci_action_server.dir/main.c.o[0m
[ 50%] [32mBuilding C object CMakeFiles/configured_subscriber.dir/main.c.o[0m
[35m[1mScanning dependencies of target int32_subscriber[0m
[100%] Built target configured_publisher
[01m[K/home/devpc/Desktop/microros_ws/src/uros/micro-ROS-demos/rclc/fibonacci_action_server/main.c:[m[K In function ‘[01m[Kmain[m[K’:
[01m[K/home/devpc/Desktop/microros_ws/src/uros/micro-ROS-demos/rclc/fibonacci_action_server/main.c:87:5:[m[K [01;35m[Kwarning: [m[Kignoring return value of ‘[01m[Krcl_wait[m[K’, declared with attribute warn_unused_result [[01;35m[K-Wunused-result[m[K]
   87 |     [01;35m[Krcl_wait(&wait_set, RCL_MS_TO_NS(200))[m[K;
      |     [01;35m[K^~~~~~~~~~~~~~~~~~~~~~~~~~~~~~~~~~~~~~[m[K
[ 50%] [32mBuilding C object CMakeFiles/addtwoints_client.dir/main.c.o[0m
[100%] [32m[1mLinking C executable fibonacci_action_client[0m
[ 50%] [32mBuilding C object CMakeFiles/int32_subscriber.dir/main.c.o[0m
[36mInstall the project...[0m
-- Looking for pthread_create in pthread - found
-- Found Threads: TRUE  
-- Install configuration: ""
-- Installing: /home/devpc/Desktop/microros_ws/build/micro_ros_demos_rclc/temp_install/configured_publisher/configured_publisher
[100%] [32m[1mLinking C executable fibonacci_action_server[0m
-- Set runtime path of "/home/devpc/Desktop/microros_ws/build/micro_ros_demos_rclc/temp_install/configured_publisher/configured_publisher" to ""
[ 28%] [34m[1mCompleted 'configured_publisher'[0m
[100%] [32m[1mLinking C executable addtwoints_client[0m
-- Found rclc: 1.0.2 (/home/devpc/Desktop/microros_ws/install/rclc/share/rclc/cmake)
-- Found rmw_microxrcedds: 0.0.1 (/home/devpc/Desktop/microros_ws/install/rmw_microxrcedds/share/rmw_microxrcedds/cmake)
[100%] [32m[1mLinking C executable configured_subscriber[0m
[100%] [32m[1mLinking C executable graph_visualizer[0m
-- Configuring done
-- Generating done
-- Build files have been written to: /home/devpc/Desktop/microros_ws/build/micro_ros_demos_rclc/graph_introspection/subscription_count/src/subscription_count-build
[100%] Built target fibonacci_action_client
[100%] [32m[1mLinking C executable int32_subscriber[0m
[ 29%] [34m[1mPerforming install step for 'fibonacci_action_client'[0m
[ 29%] [34m[1mPerforming build step for 'subscription_count'[0m
[ 29%] Built target configured_publisher
[100%] Built target addtwoints_client
[100%] Built target graph_visualizer
[100%] Built target configured_subscriber
[ 30%] [34m[1mPerforming install step for 'addtwoints_client'[0m
[35m[1mScanning dependencies of target subscription_count[0m
[ 31%] [34m[1mPerforming install step for 'configured_subscriber'[0m
[ 31%] [34m[1mPerforming install step for 'graph_visualizer'[0m
[100%] Built target fibonacci_action_server
[100%] Built target int32_subscriber
[ 50%] [32mBuilding C object CMakeFiles/subscription_count.dir/main.c.o[0m
[100%] Built target fibonacci_action_client
[ 32%] [34m[1mPerforming install step for 'fibonacci_action_server'[0m
[ 32%] [34m[1mPerforming install step for 'int32_subscriber'[0m
[100%] Built target addtwoints_client
[36mInstall the project...[0m
-- Install configuration: ""
[36mInstall the project...[0m
-- Installing: /home/devpc/Desktop/microros_ws/build/micro_ros_demos_rclc/temp_install/fibonacci_action_client/fibonacci_action_client
-- Set runtime path of "/home/devpc/Desktop/microros_ws/build/micro_ros_demos_rclc/temp_install/fibonacci_action_client/fibonacci_action_client" to ""
[100%] Built target configured_subscriber
-- Install configuration: ""
-- Installing: /home/devpc/Desktop/microros_ws/build/micro_ros_demos_rclc/temp_install/addtwoints_client/addtwoints_client
-- Set runtime path of "/home/devpc/Desktop/microros_ws/build/micro_ros_demos_rclc/temp_install/addtwoints_client/addtwoints_client" to ""
[100%] [32m[1mLinking C executable subscription_count[0m
[ 32%] [34m[1mCompleted 'fibonacci_action_client'[0m
[100%] Built target graph_visualizer
[36mInstall the project...[0m
[100%] Built target fibonacci_action_server
[100%] Built target int32_subscriber
-- Install configuration: ""
-- Installing: /home/devpc/Desktop/microros_ws/build/micro_ros_demos_rclc/temp_install/configured_subscriber/configured_subscriber
-- Set runtime path of "/home/devpc/Desktop/microros_ws/build/micro_ros_demos_rclc/temp_install/configured_subscriber/configured_subscriber" to ""
[ 32%] Built target fibonacci_action_client
[ 32%] [34m[1mCompleted 'addtwoints_client'[0m
[36mInstall the project...[0m
[ 32%] [34m[1mCompleted 'configured_subscriber'[0m
[36mInstall the project...[0m
-- Install configuration: ""
-- Installing: /home/devpc/Desktop/microros_ws/build/micro_ros_demos_rclc/temp_install/graph_visualizer/graph_visualizer
-- Set runtime path of "/home/devpc/Desktop/microros_ws/build/micro_ros_demos_rclc/temp_install/graph_visualizer/graph_visualizer" to ""
[36mInstall the project...[0m
-- Install configuration: ""
-- Installing: /home/devpc/Desktop/microros_ws/build/micro_ros_demos_rclc/temp_install/fibonacci_action_server/fibonacci_action_server
-- Set runtime path of "/home/devpc/Desktop/microros_ws/build/micro_ros_demos_rclc/temp_install/fibonacci_action_server/fibonacci_action_server" to ""
-- Install configuration: ""
-- Installing: /home/devpc/Desktop/microros_ws/build/micro_ros_demos_rclc/temp_install/int32_subscriber/int32_subscriber
-- Set runtime path of "/home/devpc/Desktop/microros_ws/build/micro_ros_demos_rclc/temp_install/int32_subscriber/int32_subscriber" to ""
[ 32%] Built target configured_subscriber
[100%] Built target subscription_count
[ 33%] [34m[1mCompleted 'graph_visualizer'[0m
[ 33%] [34m[1mCompleted 'int32_subscriber'[0m
[ 33%] Built target addtwoints_client
[ 34%] [34m[1mCompleted 'fibonacci_action_server'[0m
[ 35%] [34m[1mPerforming install step for 'subscription_count'[0m
[ 35%] Built target graph_visualizer
[ 35%] Built target int32_subscriber
[ 35%] Built target fibonacci_action_server
[100%] Built target subscription_count
[36mInstall the project...[0m
-- Install configuration: ""
-- Installing: /home/devpc/Desktop/microros_ws/build/micro_ros_demos_rclc/temp_install/subscription_count/subscription_count
-- Set runtime path of "/home/devpc/Desktop/microros_ws/build/micro_ros_demos_rclc/temp_install/subscription_count/subscription_count" to ""
[ 35%] [34m[1mCompleted 'subscription_count'[0m
[ 35%] Built target subscription_count
[35m[1mScanning dependencies of target ping_uros_agent[0m
[ 35%] [34m[1mCreating directories for 'ping_uros_agent'[0m
[ 36%] [34m[1mNo download step for 'ping_uros_agent'[0m
[ 37%] [34m[1mNo patch step for 'ping_uros_agent'[0m
[ 37%] [34m[1mNo update step for 'ping_uros_agent'[0m
[ 37%] [34m[1mPerforming configure step for 'ping_uros_agent'[0m
loading initial cache file /home/devpc/Desktop/microros_ws/build/micro_ros_demos_rclc/ping_uros_agent/tmp/ping_uros_agent-cache-.cmake
-- The C compiler identification is GNU 9.3.0
-- Check for working C compiler: /usr/bin/cc
-- Check for working C compiler: /usr/bin/cc -- works
-- Detecting C compiler ABI info
-- Detecting C compiler ABI info - done
-- Detecting C compile features
-- Detecting C compile features - done
-- Found ament_cmake: 0.9.8 (/opt/ros/foxy/share/ament_cmake/cmake)
-- Found PythonInterp: /usr/bin/python3 (found suitable version "3.8.10", minimum required is "3") 
-- Using PYTHON_EXECUTABLE: /usr/bin/python3
-- Found rcl: 1.1.11 (/opt/ros/foxy/share/rcl/cmake)
-- Using all available rosidl_typesupport_c: rosidl_typesupport_microxrcedds_c;rosidl_typesupport_fastrtps_c;rosidl_typesupport_introspection_c
-- Found rosidl_adapter: 1.2.1 (/opt/ros/foxy/share/rosidl_adapter/cmake)
-- Found OpenSSL: /usr/lib/x86_64-linux-gnu/libcrypto.so (found version "1.1.1f")  
-- Found FastRTPS: /opt/ros/foxy/include  
-- Using all available rosidl_typesupport_cpp: rosidl_typesupport_microxrcedds_cpp;rosidl_typesupport_fastrtps_cpp;rosidl_typesupport_introspection_cpp
-- Found rmw_implementation_cmake: 1.0.3 (/opt/ros/foxy/share/rmw_implementation_cmake/cmake)
-- Using RMW implementation 'rmw_fastrtps_cpp' as default
-- Looking for pthread.h
-- Looking for pthread.h - found
-- Performing Test CMAKE_HAVE_LIBC_PTHREAD
-- Performing Test CMAKE_HAVE_LIBC_PTHREAD - Failed
-- Looking for pthread_create in pthreads
-- Looking for pthread_create in pthreads - not found
-- Looking for pthread_create in pthread
-- Looking for pthread_create in pthread - found
-- Found Threads: TRUE  
-- Found rclc: 1.0.2 (/home/devpc/Desktop/microros_ws/install/rclc/share/rclc/cmake)
-- Found rmw_microxrcedds: 0.0.1 (/home/devpc/Desktop/microros_ws/install/rmw_microxrcedds/share/rmw_microxrcedds/cmake)
-- Found std_msgs: 2.0.4 (/home/devpc/Desktop/microros_ws/install/std_msgs/share/std_msgs/cmake)
-- Configuring done
-- Generating done
-- Build files have been written to: /home/devpc/Desktop/microros_ws/build/micro_ros_demos_rclc/ping_uros_agent/src/ping_uros_agent-build
[ 38%] [34m[1mPerforming build step for 'ping_uros_agent'[0m
[35m[1mScanning dependencies of target ping_uros_agent[0m
[ 50%] [32mBuilding C object CMakeFiles/ping_uros_agent.dir/main.c.o[0m
[100%] [32m[1mLinking C executable ping_uros_agent[0m
[100%] Built target ping_uros_agent
[ 39%] [34m[1mPerforming install step for 'ping_uros_agent'[0m
[100%] Built target ping_uros_agent
[36mInstall the project...[0m
-- Install configuration: ""
-- Installing: /home/devpc/Desktop/microros_ws/build/micro_ros_demos_rclc/temp_install/ping_uros_agent/ping_uros_agent
-- Set runtime path of "/home/devpc/Desktop/microros_ws/build/micro_ros_demos_rclc/temp_install/ping_uros_agent/ping_uros_agent" to ""
[ 40%] [34m[1mCompleted 'ping_uros_agent'[0m
[ 40%] Built target ping_uros_agent
[35m[1mScanning dependencies of target fragmented_subscription[0m
[ 41%] [34m[1mCreating directories for 'fragmented_subscription'[0m
[ 41%] [34m[1mNo download step for 'fragmented_subscription'[0m
[ 41%] [34m[1mNo patch step for 'fragmented_subscription'[0m
[ 42%] [34m[1mNo update step for 'fragmented_subscription'[0m
[ 43%] [34m[1mPerforming configure step for 'fragmented_subscription'[0m
loading initial cache file /home/devpc/Desktop/microros_ws/build/micro_ros_demos_rclc/fragmented_subscription/tmp/fragmented_subscription-cache-.cmake
-- The C compiler identification is GNU 9.3.0
-- Check for working C compiler: /usr/bin/cc
-- Check for working C compiler: /usr/bin/cc -- works
-- Detecting C compiler ABI info
-- Detecting C compiler ABI info - done
-- Detecting C compile features
-- Detecting C compile features - done
-- Found ament_cmake: 0.9.8 (/opt/ros/foxy/share/ament_cmake/cmake)
-- Found PythonInterp: /usr/bin/python3 (found suitable version "3.8.10", minimum required is "3") 
-- Using PYTHON_EXECUTABLE: /usr/bin/python3
-- Found rcl: 1.1.11 (/opt/ros/foxy/share/rcl/cmake)
-- Using all available rosidl_typesupport_c: rosidl_typesupport_microxrcedds_c;rosidl_typesupport_fastrtps_c;rosidl_typesupport_introspection_c
-- Found rosidl_adapter: 1.2.1 (/opt/ros/foxy/share/rosidl_adapter/cmake)
-- Found OpenSSL: /usr/lib/x86_64-linux-gnu/libcrypto.so (found version "1.1.1f")  
-- Found FastRTPS: /opt/ros/foxy/include  
-- Using all available rosidl_typesupport_cpp: rosidl_typesupport_microxrcedds_cpp;rosidl_typesupport_fastrtps_cpp;rosidl_typesupport_introspection_cpp
-- Found rmw_implementation_cmake: 1.0.3 (/opt/ros/foxy/share/rmw_implementation_cmake/cmake)
-- Using RMW implementation 'rmw_fastrtps_cpp' as default
-- Looking for pthread.h
-- Looking for pthread.h - found
-- Performing Test CMAKE_HAVE_LIBC_PTHREAD
-- Performing Test CMAKE_HAVE_LIBC_PTHREAD - Failed
-- Looking for pthread_create in pthreads
-- Looking for pthread_create in pthreads - not found
-- Looking for pthread_create in pthread
-- Looking for pthread_create in pthread - found
-- Found Threads: TRUE  
-- Found rclc: 1.0.2 (/home/devpc/Desktop/microros_ws/install/rclc/share/rclc/cmake)
-- Found std_msgs: 2.0.4 (/home/devpc/Desktop/microros_ws/install/std_msgs/share/std_msgs/cmake)
-- Found rmw_microxrcedds: 0.0.1 (/home/devpc/Desktop/microros_ws/install/rmw_microxrcedds/share/rmw_microxrcedds/cmake)
-- Configuring done
-- Generating done
-- Build files have been written to: /home/devpc/Desktop/microros_ws/build/micro_ros_demos_rclc/fragmented_subscription/src/fragmented_subscription-build
[ 43%] [34m[1mPerforming build step for 'fragmented_subscription'[0m
[35m[1mScanning dependencies of target fragmented_subscription[0m
[ 50%] [32mBuilding C object CMakeFiles/fragmented_subscription.dir/main.c.o[0m
[100%] [32m[1mLinking C executable fragmented_subscription[0m
[100%] Built target fragmented_subscription
[ 43%] [34m[1mPerforming install step for 'fragmented_subscription'[0m
[100%] Built target fragmented_subscription
[36mInstall the project...[0m
-- Install configuration: ""
-- Installing: /home/devpc/Desktop/microros_ws/build/micro_ros_demos_rclc/temp_install/fragmented_subscription/fragmented_subscription
-- Set runtime path of "/home/devpc/Desktop/microros_ws/build/micro_ros_demos_rclc/temp_install/fragmented_subscription/fragmented_subscription" to ""
[ 44%] [34m[1mCompleted 'fragmented_subscription'[0m
[ 44%] Built target fragmented_subscription
[35m[1mScanning dependencies of target complex_msg_publisher[0m
[ 44%] [34m[1mCreating directories for 'complex_msg_publisher'[0m
[ 45%] [34m[1mNo download step for 'complex_msg_publisher'[0m
[ 46%] [34m[1mNo patch step for 'complex_msg_publisher'[0m
[ 46%] [34m[1mNo update step for 'complex_msg_publisher'[0m
[ 46%] [34m[1mPerforming configure step for 'complex_msg_publisher'[0m
loading initial cache file /home/devpc/Desktop/microros_ws/build/micro_ros_demos_rclc/complex_msg_publisher/tmp/complex_msg_publisher-cache-.cmake
-- The C compiler identification is GNU 9.3.0
-- Check for working C compiler: /usr/bin/cc
-- Check for working C compiler: /usr/bin/cc -- works
-- Detecting C compiler ABI info
-- Detecting C compiler ABI info - done
-- Detecting C compile features
-- Detecting C compile features - done
-- Found ament_cmake: 0.9.8 (/opt/ros/foxy/share/ament_cmake/cmake)
-- Found PythonInterp: /usr/bin/python3 (found suitable version "3.8.10", minimum required is "3") 
-- Using PYTHON_EXECUTABLE: /usr/bin/python3
-- Found rcl: 1.1.11 (/opt/ros/foxy/share/rcl/cmake)
-- Using all available rosidl_typesupport_c: rosidl_typesupport_microxrcedds_c;rosidl_typesupport_fastrtps_c;rosidl_typesupport_introspection_c
-- Found rosidl_adapter: 1.2.1 (/opt/ros/foxy/share/rosidl_adapter/cmake)
-- Found OpenSSL: /usr/lib/x86_64-linux-gnu/libcrypto.so (found version "1.1.1f")  
-- Found FastRTPS: /opt/ros/foxy/include  
-- Using all available rosidl_typesupport_cpp: rosidl_typesupport_microxrcedds_cpp;rosidl_typesupport_fastrtps_cpp;rosidl_typesupport_introspection_cpp
-- Found rmw_implementation_cmake: 1.0.3 (/opt/ros/foxy/share/rmw_implementation_cmake/cmake)
-- Using RMW implementation 'rmw_fastrtps_cpp' as default
-- Looking for pthread.h
-- Looking for pthread.h - found
-- Performing Test CMAKE_HAVE_LIBC_PTHREAD
-- Performing Test CMAKE_HAVE_LIBC_PTHREAD - Failed
-- Looking for pthread_create in pthreads
-- Looking for pthread_create in pthreads - not found
-- Looking for pthread_create in pthread
-- Looking for pthread_create in pthread - found
-- Found Threads: TRUE  
-- Found rclc: 1.0.2 (/home/devpc/Desktop/microros_ws/install/rclc/share/rclc/cmake)
-- Found complex_msgs: 1.0.0 (/home/devpc/Desktop/microros_ws/install/complex_msgs/share/complex_msgs/cmake)
-- Found rmw_microxrcedds: 0.0.1 (/home/devpc/Desktop/microros_ws/install/rmw_microxrcedds/share/rmw_microxrcedds/cmake)
-- Configuring done
-- Generating done
-- Build files have been written to: /home/devpc/Desktop/microros_ws/build/micro_ros_demos_rclc/complex_msg_publisher/src/complex_msg_publisher-build
[ 47%] [34m[1mPerforming build step for 'complex_msg_publisher'[0m
[35m[1mScanning dependencies of target complex_msg_publisher[0m
[ 50%] [32mBuilding C object CMakeFiles/complex_msg_publisher.dir/main.c.o[0m
[100%] [32m[1mLinking C executable complex_msg_publisher[0m
[100%] Built target complex_msg_publisher
[ 48%] [34m[1mPerforming install step for 'complex_msg_publisher'[0m
[100%] Built target complex_msg_publisher
[36mInstall the project...[0m
-- Install configuration: ""
-- Installing: /home/devpc/Desktop/microros_ws/build/micro_ros_demos_rclc/temp_install/complex_msg_publisher/complex_msg_publisher
-- Set runtime path of "/home/devpc/Desktop/microros_ws/build/micro_ros_demos_rclc/temp_install/complex_msg_publisher/complex_msg_publisher" to ""
[ 48%] [34m[1mCompleted 'complex_msg_publisher'[0m
[ 48%] Built target complex_msg_publisher
[35m[1mScanning dependencies of target ping_pong[0m
[ 49%] [34m[1mCreating directories for 'ping_pong'[0m
[ 49%] [34m[1mNo download step for 'ping_pong'[0m
[ 49%] [34m[1mNo patch step for 'ping_pong'[0m
[ 50%] [34m[1mNo update step for 'ping_pong'[0m
[ 51%] [34m[1mPerforming configure step for 'ping_pong'[0m
loading initial cache file /home/devpc/Desktop/microros_ws/build/micro_ros_demos_rclc/ping_pong/tmp/ping_pong-cache-.cmake
-- The C compiler identification is GNU 9.3.0
-- Check for working C compiler: /usr/bin/cc
-- Check for working C compiler: /usr/bin/cc -- works
-- Detecting C compiler ABI info
-- Detecting C compiler ABI info - done
-- Detecting C compile features
-- Detecting C compile features - done
-- Found ament_cmake: 0.9.8 (/opt/ros/foxy/share/ament_cmake/cmake)
-- Found PythonInterp: /usr/bin/python3 (found suitable version "3.8.10", minimum required is "3") 
-- Using PYTHON_EXECUTABLE: /usr/bin/python3
-- Found rcl: 1.1.11 (/opt/ros/foxy/share/rcl/cmake)
-- Using all available rosidl_typesupport_c: rosidl_typesupport_microxrcedds_c;rosidl_typesupport_fastrtps_c;rosidl_typesupport_introspection_c
-- Found rosidl_adapter: 1.2.1 (/opt/ros/foxy/share/rosidl_adapter/cmake)
-- Found OpenSSL: /usr/lib/x86_64-linux-gnu/libcrypto.so (found version "1.1.1f")  
-- Found FastRTPS: /opt/ros/foxy/include  
-- Using all available rosidl_typesupport_cpp: rosidl_typesupport_microxrcedds_cpp;rosidl_typesupport_fastrtps_cpp;rosidl_typesupport_introspection_cpp
-- Found rmw_implementation_cmake: 1.0.3 (/opt/ros/foxy/share/rmw_implementation_cmake/cmake)
-- Using RMW implementation 'rmw_fastrtps_cpp' as default
-- Looking for pthread.h
-- Looking for pthread.h - found
-- Performing Test CMAKE_HAVE_LIBC_PTHREAD
-- Performing Test CMAKE_HAVE_LIBC_PTHREAD - Failed
-- Looking for pthread_create in pthreads
-- Looking for pthread_create in pthreads - not found
-- Looking for pthread_create in pthread
-- Looking for pthread_create in pthread - found
-- Found Threads: TRUE  
-- Found rclc: 1.0.2 (/home/devpc/Desktop/microros_ws/install/rclc/share/rclc/cmake)
-- Found std_msgs: 2.0.4 (/home/devpc/Desktop/microros_ws/install/std_msgs/share/std_msgs/cmake)
-- Found rmw_microxrcedds: 0.0.1 (/home/devpc/Desktop/microros_ws/install/rmw_microxrcedds/share/rmw_microxrcedds/cmake)
-- Configuring done
-- Generating done
-- Build files have been written to: /home/devpc/Desktop/microros_ws/build/micro_ros_demos_rclc/ping_pong/src/ping_pong-build
[ 51%] [34m[1mPerforming build step for 'ping_pong'[0m
[35m[1mScanning dependencies of target ping_pong[0m
[ 50%] [32mBuilding C object CMakeFiles/ping_pong.dir/main.c.o[0m
[01m[K/home/devpc/Desktop/microros_ws/src/uros/micro-ROS-demos/rclc/ping_pong/main.c:[m[K In function ‘[01m[Kping_timer_callback[m[K’:
[01m[K/home/devpc/Desktop/microros_ws/src/uros/micro-ROS-demos/rclc/ping_pong/main.c:48:3:[m[K [01;35m[Kwarning: [m[Kignoring return value of ‘[01m[Krcl_publish[m[K’, declared with attribute warn_unused_result [[01;35m[K-Wunused-result[m[K]
   48 |   [01;35m[Krcl_publish(&ping_publisher, (const void*)&outcoming_ping, NULL)[m[K;
      |   [01;35m[K^~~~~~~~~~~~~~~~~~~~~~~~~~~~~~~~~~~~~~~~~~~~~~~~~~~~~~~~~~~~~~~~[m[K
[01m[K/home/devpc/Desktop/microros_ws/src/uros/micro-ROS-demos/rclc/ping_pong/main.c:[m[K In function ‘[01m[Kping_subscription_callback[m[K’:
[01m[K/home/devpc/Desktop/microros_ws/src/uros/micro-ROS-demos/rclc/ping_pong/main.c:60:3:[m[K [01;35m[Kwarning: [m[Kignoring return value of ‘[01m[Krcl_publish[m[K’, declared with attribute warn_unused_result [[01;35m[K-Wunused-result[m[K]
   60 |   [01;35m[Krcl_publish(&pong_publisher, (const void*)msg, NULL)[m[K;
      |   [01;35m[K^~~~~~~~~~~~~~~~~~~~~~~~~~~~~~~~~~~~~~~~~~~~~~~~~~~~[m[K
[100%] [32m[1mLinking C executable ping_pong[0m
[100%] Built target ping_pong
[ 51%] [34m[1mPerforming install step for 'ping_pong'[0m
[100%] Built target ping_pong
[36mInstall the project...[0m
-- Install configuration: ""
-- Installing: /home/devpc/Desktop/microros_ws/build/micro_ros_demos_rclc/temp_install/ping_pong/ping_pong
-- Set runtime path of "/home/devpc/Desktop/microros_ws/build/micro_ros_demos_rclc/temp_install/ping_pong/ping_pong" to ""
[ 52%] [34m[1mCompleted 'ping_pong'[0m
[ 52%] Built target ping_pong
[35m[1mScanning dependencies of target complex_msg_subscriber[0m
[ 53%] [34m[1mCreating directories for 'complex_msg_subscriber'[0m
[ 53%] [34m[1mNo download step for 'complex_msg_subscriber'[0m
[ 53%] [34m[1mNo patch step for 'complex_msg_subscriber'[0m
[ 54%] [34m[1mNo update step for 'complex_msg_subscriber'[0m
[ 55%] [34m[1mPerforming configure step for 'complex_msg_subscriber'[0m
loading initial cache file /home/devpc/Desktop/microros_ws/build/micro_ros_demos_rclc/complex_msg_subscriber/tmp/complex_msg_subscriber-cache-.cmake
-- The C compiler identification is GNU 9.3.0
-- Check for working C compiler: /usr/bin/cc
-- Check for working C compiler: /usr/bin/cc -- works
-- Detecting C compiler ABI info
-- Detecting C compiler ABI info - done
-- Detecting C compile features
-- Detecting C compile features - done
-- Found ament_cmake: 0.9.8 (/opt/ros/foxy/share/ament_cmake/cmake)
-- Found PythonInterp: /usr/bin/python3 (found suitable version "3.8.10", minimum required is "3") 
-- Using PYTHON_EXECUTABLE: /usr/bin/python3
-- Found rcl: 1.1.11 (/opt/ros/foxy/share/rcl/cmake)
-- Using all available rosidl_typesupport_c: rosidl_typesupport_microxrcedds_c;rosidl_typesupport_fastrtps_c;rosidl_typesupport_introspection_c
-- Found rosidl_adapter: 1.2.1 (/opt/ros/foxy/share/rosidl_adapter/cmake)
-- Found OpenSSL: /usr/lib/x86_64-linux-gnu/libcrypto.so (found version "1.1.1f")  
-- Found FastRTPS: /opt/ros/foxy/include  
-- Using all available rosidl_typesupport_cpp: rosidl_typesupport_microxrcedds_cpp;rosidl_typesupport_fastrtps_cpp;rosidl_typesupport_introspection_cpp
-- Found rmw_implementation_cmake: 1.0.3 (/opt/ros/foxy/share/rmw_implementation_cmake/cmake)
-- Using RMW implementation 'rmw_fastrtps_cpp' as default
-- Looking for pthread.h
-- Looking for pthread.h - found
-- Performing Test CMAKE_HAVE_LIBC_PTHREAD
-- Performing Test CMAKE_HAVE_LIBC_PTHREAD - Failed
-- Looking for pthread_create in pthreads
-- Looking for pthread_create in pthreads - not found
-- Looking for pthread_create in pthread
-- Looking for pthread_create in pthread - found
-- Found Threads: TRUE  
-- Found rclc: 1.0.2 (/home/devpc/Desktop/microros_ws/install/rclc/share/rclc/cmake)
-- Found complex_msgs: 1.0.0 (/home/devpc/Desktop/microros_ws/install/complex_msgs/share/complex_msgs/cmake)
-- Found rmw_microxrcedds: 0.0.1 (/home/devpc/Desktop/microros_ws/install/rmw_microxrcedds/share/rmw_microxrcedds/cmake)
-- Configuring done
-- Generating done
-- Build files have been written to: /home/devpc/Desktop/microros_ws/build/micro_ros_demos_rclc/complex_msg_subscriber/src/complex_msg_subscriber-build
[ 55%] [34m[1mPerforming build step for 'complex_msg_subscriber'[0m
[35m[1mScanning dependencies of target complex_msg_subscriber[0m
[ 50%] [32mBuilding C object CMakeFiles/complex_msg_subscriber.dir/main.c.o[0m
[100%] [32m[1mLinking C executable complex_msg_subscriber[0m
[100%] Built target complex_msg_subscriber
[ 56%] [34m[1mPerforming install step for 'complex_msg_subscriber'[0m
[100%] Built target complex_msg_subscriber
[36mInstall the project...[0m
-- Install configuration: ""
-- Installing: /home/devpc/Desktop/microros_ws/build/micro_ros_demos_rclc/temp_install/complex_msg_subscriber/complex_msg_subscriber
-- Set runtime path of "/home/devpc/Desktop/microros_ws/build/micro_ros_demos_rclc/temp_install/complex_msg_subscriber/complex_msg_subscriber" to ""
[ 56%] [34m[1mCompleted 'complex_msg_subscriber'[0m
[ 56%] Built target complex_msg_subscriber
[35m[1mScanning dependencies of target string_publisher[0m
[ 57%] [34m[1mCreating directories for 'string_publisher'[0m
[ 57%] [34m[1mNo download step for 'string_publisher'[0m
[ 57%] [34m[1mNo patch step for 'string_publisher'[0m
[ 58%] [34m[1mNo update step for 'string_publisher'[0m
[ 59%] [34m[1mPerforming configure step for 'string_publisher'[0m
loading initial cache file /home/devpc/Desktop/microros_ws/build/micro_ros_demos_rclc/string_publisher/tmp/string_publisher-cache-.cmake
-- The C compiler identification is GNU 9.3.0
-- Check for working C compiler: /usr/bin/cc
-- Check for working C compiler: /usr/bin/cc -- works
-- Detecting C compiler ABI info
-- Detecting C compiler ABI info - done
-- Detecting C compile features
-- Detecting C compile features - done
-- Found ament_cmake: 0.9.8 (/opt/ros/foxy/share/ament_cmake/cmake)
-- Found PythonInterp: /usr/bin/python3 (found suitable version "3.8.10", minimum required is "3") 
-- Using PYTHON_EXECUTABLE: /usr/bin/python3
-- Found rcl: 1.1.11 (/opt/ros/foxy/share/rcl/cmake)
-- Using all available rosidl_typesupport_c: rosidl_typesupport_microxrcedds_c;rosidl_typesupport_fastrtps_c;rosidl_typesupport_introspection_c
-- Found rosidl_adapter: 1.2.1 (/opt/ros/foxy/share/rosidl_adapter/cmake)
-- Found OpenSSL: /usr/lib/x86_64-linux-gnu/libcrypto.so (found version "1.1.1f")  
-- Found FastRTPS: /opt/ros/foxy/include  
-- Using all available rosidl_typesupport_cpp: rosidl_typesupport_microxrcedds_cpp;rosidl_typesupport_fastrtps_cpp;rosidl_typesupport_introspection_cpp
-- Found rmw_implementation_cmake: 1.0.3 (/opt/ros/foxy/share/rmw_implementation_cmake/cmake)
-- Using RMW implementation 'rmw_fastrtps_cpp' as default
-- Looking for pthread.h
-- Looking for pthread.h - found
-- Performing Test CMAKE_HAVE_LIBC_PTHREAD
-- Performing Test CMAKE_HAVE_LIBC_PTHREAD - Failed
-- Looking for pthread_create in pthreads
-- Looking for pthread_create in pthreads - not found
-- Looking for pthread_create in pthread
-- Looking for pthread_create in pthread - found
-- Found Threads: TRUE  
-- Found rclc: 1.0.2 (/home/devpc/Desktop/microros_ws/install/rclc/share/rclc/cmake)
-- Found std_msgs: 2.0.4 (/home/devpc/Desktop/microros_ws/install/std_msgs/share/std_msgs/cmake)
-- Found rmw_microxrcedds: 0.0.1 (/home/devpc/Desktop/microros_ws/install/rmw_microxrcedds/share/rmw_microxrcedds/cmake)
-- Configuring done
-- Generating done
-- Build files have been written to: /home/devpc/Desktop/microros_ws/build/micro_ros_demos_rclc/string_publisher/src/string_publisher-build
[ 59%] [34m[1mPerforming build step for 'string_publisher'[0m
[35m[1mScanning dependencies of target string_publisher[0m
[ 50%] [32mBuilding C object CMakeFiles/string_publisher.dir/main.c.o[0m
[100%] [32m[1mLinking C executable string_publisher[0m
[100%] Built target string_publisher
[ 59%] [34m[1mPerforming install step for 'string_publisher'[0m
[100%] Built target string_publisher
[36mInstall the project...[0m
-- Install configuration: ""
-- Installing: /home/devpc/Desktop/microros_ws/build/micro_ros_demos_rclc/temp_install/string_publisher/string_publisher
-- Set runtime path of "/home/devpc/Desktop/microros_ws/build/micro_ros_demos_rclc/temp_install/string_publisher/string_publisher" to ""
[ 60%] [34m[1mCompleted 'string_publisher'[0m
[ 60%] Built target string_publisher
[35m[1mScanning dependencies of target string_subscriber[0m
[ 60%] [34m[1mCreating directories for 'string_subscriber'[0m
[ 61%] [34m[1mNo download step for 'string_subscriber'[0m
[ 62%] [34m[1mNo patch step for 'string_subscriber'[0m
[ 62%] [34m[1mNo update step for 'string_subscriber'[0m
[ 62%] [34m[1mPerforming configure step for 'string_subscriber'[0m
loading initial cache file /home/devpc/Desktop/microros_ws/build/micro_ros_demos_rclc/string_subscriber/tmp/string_subscriber-cache-.cmake
-- The C compiler identification is GNU 9.3.0
-- Check for working C compiler: /usr/bin/cc
-- Check for working C compiler: /usr/bin/cc -- works
-- Detecting C compiler ABI info
-- Detecting C compiler ABI info - done
-- Detecting C compile features
-- Detecting C compile features - done
-- Found ament_cmake: 0.9.8 (/opt/ros/foxy/share/ament_cmake/cmake)
-- Found PythonInterp: /usr/bin/python3 (found suitable version "3.8.10", minimum required is "3") 
-- Using PYTHON_EXECUTABLE: /usr/bin/python3
-- Found rcl: 1.1.11 (/opt/ros/foxy/share/rcl/cmake)
-- Using all available rosidl_typesupport_c: rosidl_typesupport_microxrcedds_c;rosidl_typesupport_fastrtps_c;rosidl_typesupport_introspection_c
-- Found rosidl_adapter: 1.2.1 (/opt/ros/foxy/share/rosidl_adapter/cmake)
-- Found OpenSSL: /usr/lib/x86_64-linux-gnu/libcrypto.so (found version "1.1.1f")  
-- Found FastRTPS: /opt/ros/foxy/include  
-- Using all available rosidl_typesupport_cpp: rosidl_typesupport_microxrcedds_cpp;rosidl_typesupport_fastrtps_cpp;rosidl_typesupport_introspection_cpp
-- Found rmw_implementation_cmake: 1.0.3 (/opt/ros/foxy/share/rmw_implementation_cmake/cmake)
-- Using RMW implementation 'rmw_fastrtps_cpp' as default
-- Looking for pthread.h
-- Looking for pthread.h - found
-- Performing Test CMAKE_HAVE_LIBC_PTHREAD
-- Performing Test CMAKE_HAVE_LIBC_PTHREAD - Failed
-- Looking for pthread_create in pthreads
-- Looking for pthread_create in pthreads - not found
-- Looking for pthread_create in pthread
-- Looking for pthread_create in pthread - found
-- Found Threads: TRUE  
-- Found rclc: 1.0.2 (/home/devpc/Desktop/microros_ws/install/rclc/share/rclc/cmake)
-- Found std_msgs: 2.0.4 (/home/devpc/Desktop/microros_ws/install/std_msgs/share/std_msgs/cmake)
-- Found rmw_microxrcedds: 0.0.1 (/home/devpc/Desktop/microros_ws/install/rmw_microxrcedds/share/rmw_microxrcedds/cmake)
-- Configuring done
-- Generating done
-- Build files have been written to: /home/devpc/Desktop/microros_ws/build/micro_ros_demos_rclc/string_subscriber/src/string_subscriber-build
[ 63%] [34m[1mPerforming build step for 'string_subscriber'[0m
[35m[1mScanning dependencies of target string_subscriber[0m
[ 50%] [32mBuilding C object CMakeFiles/string_subscriber.dir/main.c.o[0m
[100%] [32m[1mLinking C executable string_subscriber[0m
[100%] Built target string_subscriber
[ 64%] [34m[1mPerforming install step for 'string_subscriber'[0m
[100%] Built target string_subscriber
[36mInstall the project...[0m
-- Install configuration: ""
-- Installing: /home/devpc/Desktop/microros_ws/build/micro_ros_demos_rclc/temp_install/string_subscriber/string_subscriber
-- Set runtime path of "/home/devpc/Desktop/microros_ws/build/micro_ros_demos_rclc/temp_install/string_subscriber/string_subscriber" to ""
[ 65%] [34m[1mCompleted 'string_subscriber'[0m
[ 65%] Built target string_subscriber
[35m[1mScanning dependencies of target autodiscover_agent[0m
[ 66%] [34m[1mCreating directories for 'autodiscover_agent'[0m
[ 66%] [34m[1mNo download step for 'autodiscover_agent'[0m
[ 66%] [34m[1mNo patch step for 'autodiscover_agent'[0m
[ 67%] [34m[1mNo update step for 'autodiscover_agent'[0m
[ 68%] [34m[1mPerforming configure step for 'autodiscover_agent'[0m
loading initial cache file /home/devpc/Desktop/microros_ws/build/micro_ros_demos_rclc/autodiscover_agent/tmp/autodiscover_agent-cache-.cmake
-- The C compiler identification is GNU 9.3.0
-- Check for working C compiler: /usr/bin/cc
-- Check for working C compiler: /usr/bin/cc -- works
-- Detecting C compiler ABI info
-- Detecting C compiler ABI info - done
-- Detecting C compile features
-- Detecting C compile features - done
-- Found ament_cmake: 0.9.8 (/opt/ros/foxy/share/ament_cmake/cmake)
-- Found PythonInterp: /usr/bin/python3 (found suitable version "3.8.10", minimum required is "3") 
-- Using PYTHON_EXECUTABLE: /usr/bin/python3
-- Found rcl: 1.1.11 (/opt/ros/foxy/share/rcl/cmake)
-- Using all available rosidl_typesupport_c: rosidl_typesupport_microxrcedds_c;rosidl_typesupport_fastrtps_c;rosidl_typesupport_introspection_c
-- Found rosidl_adapter: 1.2.1 (/opt/ros/foxy/share/rosidl_adapter/cmake)
-- Found OpenSSL: /usr/lib/x86_64-linux-gnu/libcrypto.so (found version "1.1.1f")  
-- Found FastRTPS: /opt/ros/foxy/include  
-- Using all available rosidl_typesupport_cpp: rosidl_typesupport_microxrcedds_cpp;rosidl_typesupport_fastrtps_cpp;rosidl_typesupport_introspection_cpp
-- Found rmw_implementation_cmake: 1.0.3 (/opt/ros/foxy/share/rmw_implementation_cmake/cmake)
-- Using RMW implementation 'rmw_fastrtps_cpp' as default
-- Looking for pthread.h
-- Looking for pthread.h - found
-- Performing Test CMAKE_HAVE_LIBC_PTHREAD
-- Performing Test CMAKE_HAVE_LIBC_PTHREAD - Failed
-- Looking for pthread_create in pthreads
-- Looking for pthread_create in pthreads - not found
-- Looking for pthread_create in pthread
-- Looking for pthread_create in pthread - found
-- Found Threads: TRUE  
-- Found rclc: 1.0.2 (/home/devpc/Desktop/microros_ws/install/rclc/share/rclc/cmake)
-- Found std_msgs: 2.0.4 (/home/devpc/Desktop/microros_ws/install/std_msgs/share/std_msgs/cmake)
-- Found rmw_microxrcedds: 0.0.1 (/home/devpc/Desktop/microros_ws/install/rmw_microxrcedds/share/rmw_microxrcedds/cmake)
-- Configuring done
-- Generating done
-- Build files have been written to: /home/devpc/Desktop/microros_ws/build/micro_ros_demos_rclc/autodiscover_agent/src/autodiscover_agent-build
[ 69%] [34m[1mPerforming build step for 'autodiscover_agent'[0m
[35m[1mScanning dependencies of target autodiscover_agent[0m
[ 50%] [32mBuilding C object CMakeFiles/autodiscover_agent.dir/main.c.o[0m
[100%] [32m[1mLinking C executable autodiscover_agent[0m
[100%] Built target autodiscover_agent
[ 69%] [34m[1mPerforming install step for 'autodiscover_agent'[0m
[100%] Built target autodiscover_agent
[36mInstall the project...[0m
-- Install configuration: ""
-- Installing: /home/devpc/Desktop/microros_ws/build/micro_ros_demos_rclc/temp_install/autodiscover_agent/autodiscover_agent
-- Set runtime path of "/home/devpc/Desktop/microros_ws/build/micro_ros_demos_rclc/temp_install/autodiscover_agent/autodiscover_agent" to ""
[ 70%] [34m[1mCompleted 'autodiscover_agent'[0m
[ 70%] Built target autodiscover_agent
[35m[1mScanning dependencies of target int32_publisher_subscriber[0m
[ 71%] [34m[1mCreating directories for 'int32_publisher_subscriber'[0m
[ 72%] [34m[1mNo download step for 'int32_publisher_subscriber'[0m
[ 73%] [34m[1mNo patch step for 'int32_publisher_subscriber'[0m
[ 73%] [34m[1mNo update step for 'int32_publisher_subscriber'[0m
[ 73%] [34m[1mPerforming configure step for 'int32_publisher_subscriber'[0m
loading initial cache file /home/devpc/Desktop/microros_ws/build/micro_ros_demos_rclc/int32_publisher_subscriber/tmp/int32_publisher_subscriber-cache-.cmake
-- The C compiler identification is GNU 9.3.0
-- Check for working C compiler: /usr/bin/cc
-- Check for working C compiler: /usr/bin/cc -- works
-- Detecting C compiler ABI info
-- Detecting C compiler ABI info - done
-- Detecting C compile features
-- Detecting C compile features - done
-- Found ament_cmake: 0.9.8 (/opt/ros/foxy/share/ament_cmake/cmake)
-- Found PythonInterp: /usr/bin/python3 (found suitable version "3.8.10", minimum required is "3") 
-- Using PYTHON_EXECUTABLE: /usr/bin/python3
-- Found rcl: 1.1.11 (/opt/ros/foxy/share/rcl/cmake)
-- Using all available rosidl_typesupport_c: rosidl_typesupport_microxrcedds_c;rosidl_typesupport_fastrtps_c;rosidl_typesupport_introspection_c
-- Found rosidl_adapter: 1.2.1 (/opt/ros/foxy/share/rosidl_adapter/cmake)
-- Found OpenSSL: /usr/lib/x86_64-linux-gnu/libcrypto.so (found version "1.1.1f")  
-- Found FastRTPS: /opt/ros/foxy/include  
-- Using all available rosidl_typesupport_cpp: rosidl_typesupport_microxrcedds_cpp;rosidl_typesupport_fastrtps_cpp;rosidl_typesupport_introspection_cpp
-- Found rmw_implementation_cmake: 1.0.3 (/opt/ros/foxy/share/rmw_implementation_cmake/cmake)
-- Using RMW implementation 'rmw_fastrtps_cpp' as default
-- Looking for pthread.h
-- Looking for pthread.h - found
-- Performing Test CMAKE_HAVE_LIBC_PTHREAD
-- Performing Test CMAKE_HAVE_LIBC_PTHREAD - Failed
-- Looking for pthread_create in pthreads
-- Looking for pthread_create in pthreads - not found
-- Looking for pthread_create in pthread
-- Looking for pthread_create in pthread - found
-- Found Threads: TRUE  
-- Found rclc: 1.0.2 (/home/devpc/Desktop/microros_ws/install/rclc/share/rclc/cmake)
-- Found std_msgs: 2.0.4 (/home/devpc/Desktop/microros_ws/install/std_msgs/share/std_msgs/cmake)
-- Found rmw_microxrcedds: 0.0.1 (/home/devpc/Desktop/microros_ws/install/rmw_microxrcedds/share/rmw_microxrcedds/cmake)
-- Configuring done
-- Generating done
-- Build files have been written to: /home/devpc/Desktop/microros_ws/build/micro_ros_demos_rclc/int32_publisher_subscriber/src/int32_publisher_subscriber-build
[ 74%] [34m[1mPerforming build step for 'int32_publisher_subscriber'[0m
[35m[1mScanning dependencies of target int32_publisher_subscriber[0m
[ 50%] [32mBuilding C object CMakeFiles/int32_publisher_subscriber.dir/main.c.o[0m
[100%] [32m[1mLinking C executable int32_publisher_subscriber[0m
[100%] Built target int32_publisher_subscriber
[ 74%] [34m[1mPerforming install step for 'int32_publisher_subscriber'[0m
[100%] Built target int32_publisher_subscriber
[36mInstall the project...[0m
-- Install configuration: ""
-- Installing: /home/devpc/Desktop/microros_ws/build/micro_ros_demos_rclc/temp_install/int32_publisher_subscriber/int32_publisher_subscriber
-- Set runtime path of "/home/devpc/Desktop/microros_ws/build/micro_ros_demos_rclc/temp_install/int32_publisher_subscriber/int32_publisher_subscriber" to ""
[ 75%] [34m[1mCompleted 'int32_publisher_subscriber'[0m
[ 75%] Built target int32_publisher_subscriber
[35m[1mScanning dependencies of target timer[0m
[ 76%] [34m[1mCreating directories for 'timer'[0m
[ 76%] [34m[1mNo download step for 'timer'[0m
[ 76%] [34m[1mNo patch step for 'timer'[0m
[ 77%] [34m[1mNo update step for 'timer'[0m
[ 78%] [34m[1mPerforming configure step for 'timer'[0m
loading initial cache file /home/devpc/Desktop/microros_ws/build/micro_ros_demos_rclc/timer/tmp/timer-cache-.cmake
-- The C compiler identification is GNU 9.3.0
-- Check for working C compiler: /usr/bin/cc
-- Check for working C compiler: /usr/bin/cc -- works
-- Detecting C compiler ABI info
-- Detecting C compiler ABI info - done
-- Detecting C compile features
-- Detecting C compile features - done
-- Found ament_cmake: 0.9.8 (/opt/ros/foxy/share/ament_cmake/cmake)
-- Found PythonInterp: /usr/bin/python3 (found suitable version "3.8.10", minimum required is "3") 
-- Using PYTHON_EXECUTABLE: /usr/bin/python3
-- Found rcl: 1.1.11 (/opt/ros/foxy/share/rcl/cmake)
-- Using all available rosidl_typesupport_c: rosidl_typesupport_microxrcedds_c;rosidl_typesupport_fastrtps_c;rosidl_typesupport_introspection_c
-- Found rosidl_adapter: 1.2.1 (/opt/ros/foxy/share/rosidl_adapter/cmake)
-- Found OpenSSL: /usr/lib/x86_64-linux-gnu/libcrypto.so (found version "1.1.1f")  
-- Found FastRTPS: /opt/ros/foxy/include  
-- Using all available rosidl_typesupport_cpp: rosidl_typesupport_microxrcedds_cpp;rosidl_typesupport_fastrtps_cpp;rosidl_typesupport_introspection_cpp
-- Found rmw_implementation_cmake: 1.0.3 (/opt/ros/foxy/share/rmw_implementation_cmake/cmake)
-- Using RMW implementation 'rmw_fastrtps_cpp' as default
-- Looking for pthread.h
-- Looking for pthread.h - found
-- Performing Test CMAKE_HAVE_LIBC_PTHREAD
-- Performing Test CMAKE_HAVE_LIBC_PTHREAD - Failed
-- Looking for pthread_create in pthreads
-- Looking for pthread_create in pthreads - not found
-- Looking for pthread_create in pthread
-- Looking for pthread_create in pthread - found
-- Found Threads: TRUE  
-- Found rclc: 1.0.2 (/home/devpc/Desktop/microros_ws/install/rclc/share/rclc/cmake)
-- Found std_msgs: 2.0.4 (/home/devpc/Desktop/microros_ws/install/std_msgs/share/std_msgs/cmake)
-- Found rmw_microxrcedds: 0.0.1 (/home/devpc/Desktop/microros_ws/install/rmw_microxrcedds/share/rmw_microxrcedds/cmake)
-- Configuring done
-- Generating done
-- Build files have been written to: /home/devpc/Desktop/microros_ws/build/micro_ros_demos_rclc/timer/src/timer-build
[ 79%] [34m[1mPerforming build step for 'timer'[0m
[35m[1mScanning dependencies of target timer[0m
[ 50%] [32mBuilding C object CMakeFiles/timer.dir/main.c.o[0m
[100%] [32m[1mLinking C executable timer[0m
[100%] Built target timer
[ 79%] [34m[1mPerforming install step for 'timer'[0m
[100%] Built target timer
[36mInstall the project...[0m
-- Install configuration: ""
-- Installing: /home/devpc/Desktop/microros_ws/build/micro_ros_demos_rclc/temp_install/timer/timer
-- Set runtime path of "/home/devpc/Desktop/microros_ws/build/micro_ros_demos_rclc/temp_install/timer/timer" to ""
[ 80%] [34m[1mCompleted 'timer'[0m
[ 80%] Built target timer
[35m[1mScanning dependencies of target int32_multinode[0m
[ 80%] [34m[1mCreating directories for 'int32_multinode'[0m
[ 81%] [34m[1mNo download step for 'int32_multinode'[0m
[ 82%] [34m[1mNo patch step for 'int32_multinode'[0m
[ 82%] [34m[1mNo update step for 'int32_multinode'[0m
[ 82%] [34m[1mPerforming configure step for 'int32_multinode'[0m
loading initial cache file /home/devpc/Desktop/microros_ws/build/micro_ros_demos_rclc/int32_multinode/tmp/int32_multinode-cache-.cmake
-- The C compiler identification is GNU 9.3.0
-- Check for working C compiler: /usr/bin/cc
-- Check for working C compiler: /usr/bin/cc -- works
-- Detecting C compiler ABI info
-- Detecting C compiler ABI info - done
-- Detecting C compile features
-- Detecting C compile features - done
-- Found ament_cmake: 0.9.8 (/opt/ros/foxy/share/ament_cmake/cmake)
-- Found PythonInterp: /usr/bin/python3 (found suitable version "3.8.10", minimum required is "3") 
-- Using PYTHON_EXECUTABLE: /usr/bin/python3
-- Found rcl: 1.1.11 (/opt/ros/foxy/share/rcl/cmake)
-- Using all available rosidl_typesupport_c: rosidl_typesupport_microxrcedds_c;rosidl_typesupport_fastrtps_c;rosidl_typesupport_introspection_c
-- Found rosidl_adapter: 1.2.1 (/opt/ros/foxy/share/rosidl_adapter/cmake)
-- Found OpenSSL: /usr/lib/x86_64-linux-gnu/libcrypto.so (found version "1.1.1f")  
-- Found FastRTPS: /opt/ros/foxy/include  
-- Using all available rosidl_typesupport_cpp: rosidl_typesupport_microxrcedds_cpp;rosidl_typesupport_fastrtps_cpp;rosidl_typesupport_introspection_cpp
-- Found rmw_implementation_cmake: 1.0.3 (/opt/ros/foxy/share/rmw_implementation_cmake/cmake)
-- Using RMW implementation 'rmw_fastrtps_cpp' as default
-- Looking for pthread.h
-- Looking for pthread.h - found
-- Performing Test CMAKE_HAVE_LIBC_PTHREAD
-- Performing Test CMAKE_HAVE_LIBC_PTHREAD - Failed
-- Looking for pthread_create in pthreads
-- Looking for pthread_create in pthreads - not found
-- Looking for pthread_create in pthread
-- Looking for pthread_create in pthread - found
-- Found Threads: TRUE  
-- Found rclc: 1.0.2 (/home/devpc/Desktop/microros_ws/install/rclc/share/rclc/cmake)
-- Found std_msgs: 2.0.4 (/home/devpc/Desktop/microros_ws/install/std_msgs/share/std_msgs/cmake)
-- Configuring done
-- Generating done
-- Build files have been written to: /home/devpc/Desktop/microros_ws/build/micro_ros_demos_rclc/int32_multinode/src/int32_multinode-build
[ 83%] [34m[1mPerforming build step for 'int32_multinode'[0m
[35m[1mScanning dependencies of target int32_multinode[0m
[ 50%] [32mBuilding C object CMakeFiles/int32_multinode.dir/main.c.o[0m
[100%] [32m[1mLinking C executable int32_multinode[0m
[100%] Built target int32_multinode
[ 84%] [34m[1mPerforming install step for 'int32_multinode'[0m
[100%] Built target int32_multinode
[36mInstall the project...[0m
-- Install configuration: ""
-- Installing: /home/devpc/Desktop/microros_ws/build/micro_ros_demos_rclc/temp_install/int32_multinode/int32_multinode
-- Set runtime path of "/home/devpc/Desktop/microros_ws/build/micro_ros_demos_rclc/temp_install/int32_multinode/int32_multinode" to ""
[ 84%] [34m[1mCompleted 'int32_multinode'[0m
[ 84%] Built target int32_multinode
[35m[1mScanning dependencies of target addtwoints_server[0m
[ 84%] [34m[1mCreating directories for 'addtwoints_server'[0m
[ 85%] [34m[1mNo download step for 'addtwoints_server'[0m
[ 85%] [34m[1mNo patch step for 'addtwoints_server'[0m
[ 86%] [34m[1mNo update step for 'addtwoints_server'[0m
[ 87%] [34m[1mPerforming configure step for 'addtwoints_server'[0m
loading initial cache file /home/devpc/Desktop/microros_ws/build/micro_ros_demos_rclc/addtwoints_server/tmp/addtwoints_server-cache-.cmake
-- The C compiler identification is GNU 9.3.0
-- Check for working C compiler: /usr/bin/cc
-- Check for working C compiler: /usr/bin/cc -- works
-- Detecting C compiler ABI info
-- Detecting C compiler ABI info - done
-- Detecting C compile features
-- Detecting C compile features - done
-- Found ament_cmake: 0.9.8 (/opt/ros/foxy/share/ament_cmake/cmake)
-- Found PythonInterp: /usr/bin/python3 (found suitable version "3.8.10", minimum required is "3") 
-- Using PYTHON_EXECUTABLE: /usr/bin/python3
-- Found rcl: 1.1.11 (/opt/ros/foxy/share/rcl/cmake)
-- Using all available rosidl_typesupport_c: rosidl_typesupport_microxrcedds_c;rosidl_typesupport_fastrtps_c;rosidl_typesupport_introspection_c
-- Found rosidl_adapter: 1.2.1 (/opt/ros/foxy/share/rosidl_adapter/cmake)
-- Found OpenSSL: /usr/lib/x86_64-linux-gnu/libcrypto.so (found version "1.1.1f")  
-- Found FastRTPS: /opt/ros/foxy/include  
-- Using all available rosidl_typesupport_cpp: rosidl_typesupport_microxrcedds_cpp;rosidl_typesupport_fastrtps_cpp;rosidl_typesupport_introspection_cpp
-- Found rmw_implementation_cmake: 1.0.3 (/opt/ros/foxy/share/rmw_implementation_cmake/cmake)
-- Using RMW implementation 'rmw_fastrtps_cpp' as default
-- Looking for pthread.h
-- Looking for pthread.h - found
-- Performing Test CMAKE_HAVE_LIBC_PTHREAD
-- Performing Test CMAKE_HAVE_LIBC_PTHREAD - Failed
-- Looking for pthread_create in pthreads
-- Looking for pthread_create in pthreads - not found
-- Looking for pthread_create in pthread
-- Looking for pthread_create in pthread - found
-- Found Threads: TRUE  
-- Found rclc: 1.0.2 (/home/devpc/Desktop/microros_ws/install/rclc/share/rclc/cmake)
-- Found example_interfaces: 0.9.1 (/home/devpc/Desktop/microros_ws/install/example_interfaces/share/example_interfaces/cmake)
-- Configuring done
-- Generating done
-- Build files have been written to: /home/devpc/Desktop/microros_ws/build/micro_ros_demos_rclc/addtwoints_server/src/addtwoints_server-build
[ 87%] [34m[1mPerforming build step for 'addtwoints_server'[0m
[35m[1mScanning dependencies of target addtwoints_server[0m
[ 50%] [32mBuilding C object CMakeFiles/addtwoints_server.dir/main.c.o[0m
[100%] [32m[1mLinking C executable addtwoints_server[0m
[100%] Built target addtwoints_server
[ 88%] [34m[1mPerforming install step for 'addtwoints_server'[0m
[100%] Built target addtwoints_server
[36mInstall the project...[0m
-- Install configuration: ""
-- Installing: /home/devpc/Desktop/microros_ws/build/micro_ros_demos_rclc/temp_install/addtwoints_server/addtwoints_server
-- Set runtime path of "/home/devpc/Desktop/microros_ws/build/micro_ros_demos_rclc/temp_install/addtwoints_server/addtwoints_server" to ""
[ 88%] [34m[1mCompleted 'addtwoints_server'[0m
[ 88%] Built target addtwoints_server
[35m[1mScanning dependencies of target fragmented_publication[0m
[ 88%] [34m[1mCreating directories for 'fragmented_publication'[0m
[ 89%] [34m[1mNo download step for 'fragmented_publication'[0m
[ 90%] [34m[1mNo patch step for 'fragmented_publication'[0m
[ 90%] [34m[1mNo update step for 'fragmented_publication'[0m
[ 90%] [34m[1mPerforming configure step for 'fragmented_publication'[0m
loading initial cache file /home/devpc/Desktop/microros_ws/build/micro_ros_demos_rclc/fragmented_publication/tmp/fragmented_publication-cache-.cmake
-- The C compiler identification is GNU 9.3.0
-- Check for working C compiler: /usr/bin/cc
-- Check for working C compiler: /usr/bin/cc -- works
-- Detecting C compiler ABI info
-- Detecting C compiler ABI info - done
-- Detecting C compile features
-- Detecting C compile features - done
-- Found ament_cmake: 0.9.8 (/opt/ros/foxy/share/ament_cmake/cmake)
-- Found PythonInterp: /usr/bin/python3 (found suitable version "3.8.10", minimum required is "3") 
-- Using PYTHON_EXECUTABLE: /usr/bin/python3
-- Found rcl: 1.1.11 (/opt/ros/foxy/share/rcl/cmake)
-- Using all available rosidl_typesupport_c: rosidl_typesupport_microxrcedds_c;rosidl_typesupport_fastrtps_c;rosidl_typesupport_introspection_c
-- Found rosidl_adapter: 1.2.1 (/opt/ros/foxy/share/rosidl_adapter/cmake)
-- Found OpenSSL: /usr/lib/x86_64-linux-gnu/libcrypto.so (found version "1.1.1f")  
-- Found FastRTPS: /opt/ros/foxy/include  
-- Using all available rosidl_typesupport_cpp: rosidl_typesupport_microxrcedds_cpp;rosidl_typesupport_fastrtps_cpp;rosidl_typesupport_introspection_cpp
-- Found rmw_implementation_cmake: 1.0.3 (/opt/ros/foxy/share/rmw_implementation_cmake/cmake)
-- Using RMW implementation 'rmw_fastrtps_cpp' as default
-- Looking for pthread.h
-- Looking for pthread.h - found
-- Performing Test CMAKE_HAVE_LIBC_PTHREAD
-- Performing Test CMAKE_HAVE_LIBC_PTHREAD - Failed
-- Looking for pthread_create in pthreads
-- Looking for pthread_create in pthreads - not found
-- Looking for pthread_create in pthread
-- Looking for pthread_create in pthread - found
-- Found Threads: TRUE  
-- Found rclc: 1.0.2 (/home/devpc/Desktop/microros_ws/install/rclc/share/rclc/cmake)
-- Found std_msgs: 2.0.4 (/home/devpc/Desktop/microros_ws/install/std_msgs/share/std_msgs/cmake)
-- Found rmw_microxrcedds: 0.0.1 (/home/devpc/Desktop/microros_ws/install/rmw_microxrcedds/share/rmw_microxrcedds/cmake)
-- Configuring done
-- Generating done
-- Build files have been written to: /home/devpc/Desktop/microros_ws/build/micro_ros_demos_rclc/fragmented_publication/src/fragmented_publication-build
[ 91%] [34m[1mPerforming build step for 'fragmented_publication'[0m
[35m[1mScanning dependencies of target fragmented_publication[0m
[ 50%] [32mBuilding C object CMakeFiles/fragmented_publication.dir/main.c.o[0m
[100%] [32m[1mLinking C executable fragmented_publication[0m
[100%] Built target fragmented_publication
[ 92%] [34m[1mPerforming install step for 'fragmented_publication'[0m
[100%] Built target fragmented_publication
[36mInstall the project...[0m
-- Install configuration: ""
-- Installing: /home/devpc/Desktop/microros_ws/build/micro_ros_demos_rclc/temp_install/fragmented_publication/fragmented_publication
-- Set runtime path of "/home/devpc/Desktop/microros_ws/build/micro_ros_demos_rclc/temp_install/fragmented_publication/fragmented_publication" to ""
[ 92%] [34m[1mCompleted 'fragmented_publication'[0m
[ 92%] Built target fragmented_publication
[35m[1mScanning dependencies of target publisher_count[0m
[ 92%] [34m[1mCreating directories for 'publisher_count'[0m
[ 93%] [34m[1mNo download step for 'publisher_count'[0m
[ 94%] [34m[1mNo patch step for 'publisher_count'[0m
[ 94%] [34m[1mNo update step for 'publisher_count'[0m
[ 95%] [34m[1mPerforming configure step for 'publisher_count'[0m
loading initial cache file /home/devpc/Desktop/microros_ws/build/micro_ros_demos_rclc/graph_introspection/publisher_count/tmp/publisher_count-cache-.cmake
-- The C compiler identification is GNU 9.3.0
-- Check for working C compiler: /usr/bin/cc
-- Check for working C compiler: /usr/bin/cc -- works
-- Detecting C compiler ABI info
-- Detecting C compiler ABI info - done
-- Detecting C compile features
-- Detecting C compile features - done
-- Found ament_cmake: 0.9.8 (/opt/ros/foxy/share/ament_cmake/cmake)
-- Found PythonInterp: /usr/bin/python3 (found suitable version "3.8.10", minimum required is "3") 
-- Using PYTHON_EXECUTABLE: /usr/bin/python3
-- Found rcl: 1.1.11 (/opt/ros/foxy/share/rcl/cmake)
-- Using all available rosidl_typesupport_c: rosidl_typesupport_microxrcedds_c;rosidl_typesupport_fastrtps_c;rosidl_typesupport_introspection_c
-- Found rosidl_adapter: 1.2.1 (/opt/ros/foxy/share/rosidl_adapter/cmake)
-- Found OpenSSL: /usr/lib/x86_64-linux-gnu/libcrypto.so (found version "1.1.1f")  
-- Found FastRTPS: /opt/ros/foxy/include  
-- Using all available rosidl_typesupport_cpp: rosidl_typesupport_microxrcedds_cpp;rosidl_typesupport_fastrtps_cpp;rosidl_typesupport_introspection_cpp
-- Found rmw_implementation_cmake: 1.0.3 (/opt/ros/foxy/share/rmw_implementation_cmake/cmake)
-- Using RMW implementation 'rmw_fastrtps_cpp' as default
-- Looking for pthread.h
-- Looking for pthread.h - found
-- Performing Test CMAKE_HAVE_LIBC_PTHREAD
-- Performing Test CMAKE_HAVE_LIBC_PTHREAD - Failed
-- Looking for pthread_create in pthreads
-- Looking for pthread_create in pthreads - not found
-- Looking for pthread_create in pthread
-- Looking for pthread_create in pthread - found
-- Found Threads: TRUE  
-- Found rclc: 1.0.2 (/home/devpc/Desktop/microros_ws/install/rclc/share/rclc/cmake)
-- Found rmw_microxrcedds: 0.0.1 (/home/devpc/Desktop/microros_ws/install/rmw_microxrcedds/share/rmw_microxrcedds/cmake)
-- Configuring done
-- Generating done
-- Build files have been written to: /home/devpc/Desktop/microros_ws/build/micro_ros_demos_rclc/graph_introspection/publisher_count/src/publisher_count-build
[ 95%] [34m[1mPerforming build step for 'publisher_count'[0m
[35m[1mScanning dependencies of target publisher_count[0m
[ 50%] [32mBuilding C object CMakeFiles/publisher_count.dir/main.c.o[0m
[100%] [32m[1mLinking C executable publisher_count[0m
[100%] Built target publisher_count
[ 96%] [34m[1mPerforming install step for 'publisher_count'[0m
[100%] Built target publisher_count
[36mInstall the project...[0m
-- Install configuration: ""
-- Installing: /home/devpc/Desktop/microros_ws/build/micro_ros_demos_rclc/temp_install/publisher_count/publisher_count
-- Set runtime path of "/home/devpc/Desktop/microros_ws/build/micro_ros_demos_rclc/temp_install/publisher_count/publisher_count" to ""
[ 96%] [34m[1mCompleted 'publisher_count'[0m
[ 96%] Built target publisher_count
[35m[1mScanning dependencies of target int32_publisher[0m
[ 97%] [34m[1mCreating directories for 'int32_publisher'[0m
[ 97%] [34m[1mNo download step for 'int32_publisher'[0m
[ 97%] [34m[1mNo patch step for 'int32_publisher'[0m
[ 98%] [34m[1mNo update step for 'int32_publisher'[0m
[ 99%] [34m[1mPerforming configure step for 'int32_publisher'[0m
loading initial cache file /home/devpc/Desktop/microros_ws/build/micro_ros_demos_rclc/int32_publisher/tmp/int32_publisher-cache-.cmake
-- The C compiler identification is GNU 9.3.0
-- Check for working C compiler: /usr/bin/cc
-- Check for working C compiler: /usr/bin/cc -- works
-- Detecting C compiler ABI info
-- Detecting C compiler ABI info - done
-- Detecting C compile features
-- Detecting C compile features - done
-- Found ament_cmake: 0.9.8 (/opt/ros/foxy/share/ament_cmake/cmake)
-- Found PythonInterp: /usr/bin/python3 (found suitable version "3.8.10", minimum required is "3") 
-- Using PYTHON_EXECUTABLE: /usr/bin/python3
-- Found rcl: 1.1.11 (/opt/ros/foxy/share/rcl/cmake)
-- Using all available rosidl_typesupport_c: rosidl_typesupport_microxrcedds_c;rosidl_typesupport_fastrtps_c;rosidl_typesupport_introspection_c
-- Found rosidl_adapter: 1.2.1 (/opt/ros/foxy/share/rosidl_adapter/cmake)
-- Found OpenSSL: /usr/lib/x86_64-linux-gnu/libcrypto.so (found version "1.1.1f")  
-- Found FastRTPS: /opt/ros/foxy/include  
-- Using all available rosidl_typesupport_cpp: rosidl_typesupport_microxrcedds_cpp;rosidl_typesupport_fastrtps_cpp;rosidl_typesupport_introspection_cpp
-- Found rmw_implementation_cmake: 1.0.3 (/opt/ros/foxy/share/rmw_implementation_cmake/cmake)
-- Using RMW implementation 'rmw_fastrtps_cpp' as default
-- Looking for pthread.h
-- Looking for pthread.h - found
-- Performing Test CMAKE_HAVE_LIBC_PTHREAD
-- Performing Test CMAKE_HAVE_LIBC_PTHREAD - Failed
-- Looking for pthread_create in pthreads
-- Looking for pthread_create in pthreads - not found
-- Looking for pthread_create in pthread
-- Looking for pthread_create in pthread - found
-- Found Threads: TRUE  
-- Found rclc: 1.0.2 (/home/devpc/Desktop/microros_ws/install/rclc/share/rclc/cmake)
-- Found std_msgs: 2.0.4 (/home/devpc/Desktop/microros_ws/install/std_msgs/share/std_msgs/cmake)
-- Found rmw_microxrcedds: 0.0.1 (/home/devpc/Desktop/microros_ws/install/rmw_microxrcedds/share/rmw_microxrcedds/cmake)
-- Configuring done
-- Generating done
-- Build files have been written to: /home/devpc/Desktop/microros_ws/build/micro_ros_demos_rclc/int32_publisher/src/int32_publisher-build
[ 99%] [34m[1mPerforming build step for 'int32_publisher'[0m
[35m[1mScanning dependencies of target int32_publisher[0m
[ 50%] [32mBuilding C object CMakeFiles/int32_publisher.dir/main.c.o[0m
[100%] [32m[1mLinking C executable int32_publisher[0m
[100%] Built target int32_publisher
[ 99%] [34m[1mPerforming install step for 'int32_publisher'[0m
[100%] Built target int32_publisher
[36mInstall the project...[0m
-- Install configuration: ""
-- Installing: /home/devpc/Desktop/microros_ws/build/micro_ros_demos_rclc/temp_install/int32_publisher/int32_publisher
-- Set runtime path of "/home/devpc/Desktop/microros_ws/build/micro_ros_demos_rclc/temp_install/int32_publisher/int32_publisher" to ""
[100%] [34m[1mCompleted 'int32_publisher'[0m
[100%] Built target int32_publisher
-- Install configuration: ""
-- Installing: /home/devpc/Desktop/microros_ws/install/micro_ros_demos_rclc/lib/micro_ros_demos_rclc
-- Installing: /home/devpc/Desktop/microros_ws/install/micro_ros_demos_rclc/lib/micro_ros_demos_rclc/int32_subscriber
-- Installing: /home/devpc/Desktop/microros_ws/install/micro_ros_demos_rclc/lib/micro_ros_demos_rclc/int32_subscriber/int32_subscriber
-- Installing: /home/devpc/Desktop/microros_ws/install/micro_ros_demos_rclc/lib/micro_ros_demos_rclc/complex_msg_publisher
-- Installing: /home/devpc/Desktop/microros_ws/install/micro_ros_demos_rclc/lib/micro_ros_demos_rclc/complex_msg_publisher/complex_msg_publisher
-- Installing: /home/devpc/Desktop/microros_ws/install/micro_ros_demos_rclc/lib/micro_ros_demos_rclc/publisher_count
-- Installing: /home/devpc/Desktop/microros_ws/install/micro_ros_demos_rclc/lib/micro_ros_demos_rclc/publisher_count/publisher_count
-- Installing: /home/devpc/Desktop/microros_ws/install/micro_ros_demos_rclc/lib/micro_ros_demos_rclc/string_subscriber
-- Installing: /home/devpc/Desktop/microros_ws/install/micro_ros_demos_rclc/lib/micro_ros_demos_rclc/string_subscriber/string_subscriber
-- Installing: /home/devpc/Desktop/microros_ws/install/micro_ros_demos_rclc/lib/micro_ros_demos_rclc/ping_uros_agent
-- Installing: /home/devpc/Desktop/microros_ws/install/micro_ros_demos_rclc/lib/micro_ros_demos_rclc/ping_uros_agent/ping_uros_agent
-- Installing: /home/devpc/Desktop/microros_ws/install/micro_ros_demos_rclc/lib/micro_ros_demos_rclc/ping_pong
-- Installing: /home/devpc/Desktop/microros_ws/install/micro_ros_demos_rclc/lib/micro_ros_demos_rclc/ping_pong/ping_pong
-- Installing: /home/devpc/Desktop/microros_ws/install/micro_ros_demos_rclc/lib/micro_ros_demos_rclc/graph_visualizer
-- Installing: /home/devpc/Desktop/microros_ws/install/micro_ros_demos_rclc/lib/micro_ros_demos_rclc/graph_visualizer/graph_visualizer
-- Installing: /home/devpc/Desktop/microros_ws/install/micro_ros_demos_rclc/lib/micro_ros_demos_rclc/string_publisher
-- Installing: /home/devpc/Desktop/microros_ws/install/micro_ros_demos_rclc/lib/micro_ros_demos_rclc/string_publisher/string_publisher
-- Installing: /home/devpc/Desktop/microros_ws/install/micro_ros_demos_rclc/lib/micro_ros_demos_rclc/autodiscover_agent
-- Installing: /home/devpc/Desktop/microros_ws/install/micro_ros_demos_rclc/lib/micro_ros_demos_rclc/autodiscover_agent/autodiscover_agent
-- Installing: /home/devpc/Desktop/microros_ws/install/micro_ros_demos_rclc/lib/micro_ros_demos_rclc/int32_publisher
-- Installing: /home/devpc/Desktop/microros_ws/install/micro_ros_demos_rclc/lib/micro_ros_demos_rclc/int32_publisher/int32_publisher
-- Installing: /home/devpc/Desktop/microros_ws/install/micro_ros_demos_rclc/lib/micro_ros_demos_rclc/fibonacci_action_server
-- Installing: /home/devpc/Desktop/microros_ws/install/micro_ros_demos_rclc/lib/micro_ros_demos_rclc/fibonacci_action_server/fibonacci_action_server
-- Installing: /home/devpc/Desktop/microros_ws/install/micro_ros_demos_rclc/lib/micro_ros_demos_rclc/addtwoints_client
-- Installing: /home/devpc/Desktop/microros_ws/install/micro_ros_demos_rclc/lib/micro_ros_demos_rclc/addtwoints_client/addtwoints_client
-- Installing: /home/devpc/Desktop/microros_ws/install/micro_ros_demos_rclc/lib/micro_ros_demos_rclc/int32_multinode
-- Installing: /home/devpc/Desktop/microros_ws/install/micro_ros_demos_rclc/lib/micro_ros_demos_rclc/int32_multinode/int32_multinode
-- Installing: /home/devpc/Desktop/microros_ws/install/micro_ros_demos_rclc/lib/micro_ros_demos_rclc/configured_publisher
-- Installing: /home/devpc/Desktop/microros_ws/install/micro_ros_demos_rclc/lib/micro_ros_demos_rclc/configured_publisher/configured_publisher
-- Installing: /home/devpc/Desktop/microros_ws/install/micro_ros_demos_rclc/lib/micro_ros_demos_rclc/fragmented_publication
-- Installing: /home/devpc/Desktop/microros_ws/install/micro_ros_demos_rclc/lib/micro_ros_demos_rclc/fragmented_publication/fragmented_publication
-- Installing: /home/devpc/Desktop/microros_ws/install/micro_ros_demos_rclc/lib/micro_ros_demos_rclc/int32_publisher_subscriber
-- Installing: /home/devpc/Desktop/microros_ws/install/micro_ros_demos_rclc/lib/micro_ros_demos_rclc/int32_publisher_subscriber/int32_publisher_subscriber
-- Installing: /home/devpc/Desktop/microros_ws/install/micro_ros_demos_rclc/lib/micro_ros_demos_rclc/addtwoints_server
-- Installing: /home/devpc/Desktop/microros_ws/install/micro_ros_demos_rclc/lib/micro_ros_demos_rclc/addtwoints_server/addtwoints_server
-- Installing: /home/devpc/Desktop/microros_ws/install/micro_ros_demos_rclc/lib/micro_ros_demos_rclc/subscription_count
-- Installing: /home/devpc/Desktop/microros_ws/install/micro_ros_demos_rclc/lib/micro_ros_demos_rclc/subscription_count/subscription_count
-- Installing: /home/devpc/Desktop/microros_ws/install/micro_ros_demos_rclc/lib/micro_ros_demos_rclc/complex_msg_subscriber
-- Installing: /home/devpc/Desktop/microros_ws/install/micro_ros_demos_rclc/lib/micro_ros_demos_rclc/complex_msg_subscriber/complex_msg_subscriber
-- Installing: /home/devpc/Desktop/microros_ws/install/micro_ros_demos_rclc/lib/micro_ros_demos_rclc/fragmented_subscription
-- Installing: /home/devpc/Desktop/microros_ws/install/micro_ros_demos_rclc/lib/micro_ros_demos_rclc/fragmented_subscription/fragmented_subscription
-- Installing: /home/devpc/Desktop/microros_ws/install/micro_ros_demos_rclc/lib/micro_ros_demos_rclc/fibonacci_action_client
-- Installing: /home/devpc/Desktop/microros_ws/install/micro_ros_demos_rclc/lib/micro_ros_demos_rclc/fibonacci_action_client/fibonacci_action_client
-- Installing: /home/devpc/Desktop/microros_ws/install/micro_ros_demos_rclc/lib/micro_ros_demos_rclc/configured_subscriber
-- Installing: /home/devpc/Desktop/microros_ws/install/micro_ros_demos_rclc/lib/micro_ros_demos_rclc/configured_subscriber/configured_subscriber
-- Installing: /home/devpc/Desktop/microros_ws/install/micro_ros_demos_rclc/lib/micro_ros_demos_rclc/timer
-- Installing: /home/devpc/Desktop/microros_ws/install/micro_ros_demos_rclc/lib/micro_ros_demos_rclc/timer/timer
-- Installing: /home/devpc/Desktop/microros_ws/install/micro_ros_demos_rclc/share/ament_index/resource_index/package_run_dependencies/micro_ros_demos_rclc
-- Installing: /home/devpc/Desktop/microros_ws/install/micro_ros_demos_rclc/share/ament_index/resource_index/parent_prefix_path/micro_ros_demos_rclc
-- Installing: /home/devpc/Desktop/microros_ws/install/micro_ros_demos_rclc/share/micro_ros_demos_rclc/environment/ament_prefix_path.sh
-- Installing: /home/devpc/Desktop/microros_ws/install/micro_ros_demos_rclc/share/micro_ros_demos_rclc/environment/ament_prefix_path.dsv
-- Installing: /home/devpc/Desktop/microros_ws/install/micro_ros_demos_rclc/share/micro_ros_demos_rclc/environment/path.sh
-- Installing: /home/devpc/Desktop/microros_ws/install/micro_ros_demos_rclc/share/micro_ros_demos_rclc/environment/path.dsv
-- Installing: /home/devpc/Desktop/microros_ws/install/micro_ros_demos_rclc/share/micro_ros_demos_rclc/local_setup.bash
-- Installing: /home/devpc/Desktop/microros_ws/install/micro_ros_demos_rclc/share/micro_ros_demos_rclc/local_setup.sh
-- Installing: /home/devpc/Desktop/microros_ws/install/micro_ros_demos_rclc/share/micro_ros_demos_rclc/local_setup.zsh
-- Installing: /home/devpc/Desktop/microros_ws/install/micro_ros_demos_rclc/share/micro_ros_demos_rclc/local_setup.dsv
-- Installing: /home/devpc/Desktop/microros_ws/install/micro_ros_demos_rclc/share/micro_ros_demos_rclc/package.dsv
-- Installing: /home/devpc/Desktop/microros_ws/install/micro_ros_demos_rclc/share/ament_index/resource_index/packages/micro_ros_demos_rclc
-- Installing: /home/devpc/Desktop/microros_ws/install/micro_ros_demos_rclc/share/micro_ros_demos_rclc/cmake/micro_ros_demos_rclcConfig.cmake
-- Installing: /home/devpc/Desktop/microros_ws/install/micro_ros_demos_rclc/share/micro_ros_demos_rclc/cmake/micro_ros_demos_rclcConfig-version.cmake
-- Installing: /home/devpc/Desktop/microros_ws/install/micro_ros_demos_rclc/share/micro_ros_demos_rclc/package.xml
