[0.706s] Invoking command in '/home/devpc/Desktop/quad_ws/src/quad': PYTHONPATH=/home/devpc/Desktop/quad_ws/install/quad/lib/python3.8/site-packages:${PYTHONPATH} /usr/bin/python3 setup.py egg_info --egg-base ../../build/quad build --build-base /home/devpc/Desktop/quad_ws/build/quad/build install --prefix /home/devpc/Desktop/quad_ws/install/quad --record /home/devpc/Desktop/quad_ws/build/quad/install.log --single-version-externally-managed
[0.979s] running egg_info
[0.979s] writing ../../build/quad/quad.egg-info/PKG-INFO
[0.980s] writing dependency_links to ../../build/quad/quad.egg-info/dependency_links.txt
[0.980s] writing entry points to ../../build/quad/quad.egg-info/entry_points.txt
[0.980s] writing requirements to ../../build/quad/quad.egg-info/requires.txt
[0.980s] writing top-level names to ../../build/quad/quad.egg-info/top_level.txt
[1.041s] reading manifest file '../../build/quad/quad.egg-info/SOURCES.txt'
[1.043s] writing manifest file '../../build/quad/quad.egg-info/SOURCES.txt'
[1.043s] running build
[1.043s] running build_py
[1.043s] running install
[1.044s] running install_lib
[1.046s] running install_data
[1.047s] running install_egg_info
[1.049s] removing '/home/devpc/Desktop/quad_ws/install/quad/lib/python3.8/site-packages/quad-0.0.1-py3.8.egg-info' (and everything under it)
[1.050s] Copying ../../build/quad/quad.egg-info to /home/devpc/Desktop/quad_ws/install/quad/lib/python3.8/site-packages/quad-0.0.1-py3.8.egg-info
[1.051s] running install_scripts
[1.075s] Installing motion_servos_calibration script to /home/devpc/Desktop/quad_ws/install/quad/lib/quad
[1.076s] Installing quad script to /home/devpc/Desktop/quad_ws/install/quad/lib/quad
[1.076s] writing list of installed files to '/home/devpc/Desktop/quad_ws/build/quad/install.log'
[1.102s] Invoked command in '/home/devpc/Desktop/quad_ws/src/quad' returned '0': PYTHONPATH=/home/devpc/Desktop/quad_ws/install/quad/lib/python3.8/site-packages:${PYTHONPATH} /usr/bin/python3 setup.py egg_info --egg-base ../../build/quad build --build-base /home/devpc/Desktop/quad_ws/build/quad/build install --prefix /home/devpc/Desktop/quad_ws/install/quad --record /home/devpc/Desktop/quad_ws/build/quad/install.log --single-version-externally-managed
