[0.070s] Invoking command in '/home/devpc/Desktop/microros_ws/build/unique_identifier_msgs': CMAKE_PREFIX_PATH=${CMAKE_PREFIX_PATH}:/home/devpc/Desktop/microros_ws/install/sensor_msgs_py:/home/devpc/Desktop/quad_ws/install/quad:/opt/ros/foxy /usr/bin/cmake --build /home/devpc/Desktop/microros_ws/build/unique_identifier_msgs -- -j8 -l8
[0.219s] [  2%] Built target unique_identifier_msgs__cpp
[0.220s] [ 10%] Built target unique_identifier_msgs__rosidl_generator_c
[0.342s] [ 17%] Built target unique_identifier_msgs__rosidl_typesupport_cpp
[0.342s] [ 25%] Built target unique_identifier_msgs__rosidl_typesupport_introspection_cpp
[0.357s] [ 33%] Built target unique_identifier_msgs__rosidl_typesupport_microxrcedds_c
[0.408s] [ 41%] Built target unique_identifier_msgs__rosidl_typesupport_introspection_c
[0.422s] [ 48%] Built target unique_identifier_msgs__rosidl_typesupport_c
[0.422s] [ 56%] Built target unique_identifier_msgs__rosidl_typesupport_fastrtps_cpp
[0.424s] [ 64%] Built target unique_identifier_msgs__rosidl_typesupport_microxrcedds_cpp
[0.467s] [ 71%] Built target unique_identifier_msgs__rosidl_typesupport_fastrtps_c
[0.530s] [ 71%] Built target unique_identifier_msgs
[0.551s] [ 74%] Built target unique_identifier_msgs__py
[0.608s] [ 79%] Built target unique_identifier_msgs__python
[0.700s] [ 84%] Built target unique_identifier_msgs__rosidl_typesupport_c__pyext
[0.717s] [ 89%] Built target unique_identifier_msgs__rosidl_typesupport_fastrtps_c__pyext
[0.724s] [ 94%] Built target unique_identifier_msgs__rosidl_typesupport_introspection_c__pyext
[0.732s] [100%] Built target unique_identifier_msgs__rosidl_typesupport_microxrcedds_c__pyext
[0.764s] Invoked command in '/home/devpc/Desktop/microros_ws/build/unique_identifier_msgs' returned '0': CMAKE_PREFIX_PATH=${CMAKE_PREFIX_PATH}:/home/devpc/Desktop/microros_ws/install/sensor_msgs_py:/home/devpc/Desktop/quad_ws/install/quad:/opt/ros/foxy /usr/bin/cmake --build /home/devpc/Desktop/microros_ws/build/unique_identifier_msgs -- -j8 -l8
[0.909s] Invoking command in '/home/devpc/Desktop/microros_ws/build/unique_identifier_msgs': CMAKE_PREFIX_PATH=${CMAKE_PREFIX_PATH}:/home/devpc/Desktop/microros_ws/install/sensor_msgs_py:/home/devpc/Desktop/quad_ws/install/quad:/opt/ros/foxy /usr/bin/cmake --install /home/devpc/Desktop/microros_ws/build/unique_identifier_msgs
[0.946s] -- Install configuration: ""
[0.948s] -- Up-to-date: /home/devpc/Desktop/microros_ws/install/unique_identifier_msgs/share/ament_index/resource_index/rosidl_interfaces/unique_identifier_msgs
[0.948s] -- Up-to-date: /home/devpc/Desktop/microros_ws/install/unique_identifier_msgs/include/unique_identifier_msgs
[0.948s] -- Up-to-date: /home/devpc/Desktop/microros_ws/install/unique_identifier_msgs/include/unique_identifier_msgs/msg
[0.948s] -- Up-to-date: /home/devpc/Desktop/microros_ws/install/unique_identifier_msgs/include/unique_identifier_msgs/msg/detail
[0.949s] -- Up-to-date: /home/devpc/Desktop/microros_ws/install/unique_identifier_msgs/include/unique_identifier_msgs/msg/detail/uuid__struct.h
[0.949s] -- Up-to-date: /home/devpc/Desktop/microros_ws/install/unique_identifier_msgs/include/unique_identifier_msgs/msg/detail/uuid__functions.h
[0.949s] -- Up-to-date: /home/devpc/Desktop/microros_ws/install/unique_identifier_msgs/include/unique_identifier_msgs/msg/detail/uuid__type_support.h
[0.949s] -- Up-to-date: /home/devpc/Desktop/microros_ws/install/unique_identifier_msgs/include/unique_identifier_msgs/msg/detail/uuid__functions.c
[0.949s] -- Up-to-date: /home/devpc/Desktop/microros_ws/install/unique_identifier_msgs/include/unique_identifier_msgs/msg/uuid.h
[0.949s] -- Up-to-date: /home/devpc/Desktop/microros_ws/install/unique_identifier_msgs/include/unique_identifier_msgs/msg/rosidl_generator_c__visibility_control.h
[0.949s] -- Up-to-date: /home/devpc/Desktop/microros_ws/install/unique_identifier_msgs/share/unique_identifier_msgs/environment/library_path.sh
[0.950s] -- Up-to-date: /home/devpc/Desktop/microros_ws/install/unique_identifier_msgs/share/unique_identifier_msgs/environment/library_path.dsv
[0.950s] -- Up-to-date: /home/devpc/Desktop/microros_ws/install/unique_identifier_msgs/lib/libunique_identifier_msgs__rosidl_generator_c.so
[0.950s] -- Up-to-date: /home/devpc/Desktop/microros_ws/install/unique_identifier_msgs/include/unique_identifier_msgs
[0.950s] -- Up-to-date: /home/devpc/Desktop/microros_ws/install/unique_identifier_msgs/include/unique_identifier_msgs/msg
[0.950s] -- Up-to-date: /home/devpc/Desktop/microros_ws/install/unique_identifier_msgs/include/unique_identifier_msgs/msg/detail
[0.950s] -- Up-to-date: /home/devpc/Desktop/microros_ws/install/unique_identifier_msgs/include/unique_identifier_msgs/msg/detail/uuid__rosidl_typesupport_microxrcedds_c.h
[0.950s] -- Up-to-date: /home/devpc/Desktop/microros_ws/install/unique_identifier_msgs/include/unique_identifier_msgs/msg/detail/microxrcedds
[0.950s] -- Up-to-date: /home/devpc/Desktop/microros_ws/install/unique_identifier_msgs/include/unique_identifier_msgs/msg/rosidl_typesupport_microxrcedds_c__visibility_control.h
[0.951s] -- Up-to-date: /home/devpc/Desktop/microros_ws/install/unique_identifier_msgs/lib/libunique_identifier_msgs__rosidl_typesupport_microxrcedds_c.so
[0.951s] -- Up-to-date: /home/devpc/Desktop/microros_ws/install/unique_identifier_msgs/include/unique_identifier_msgs
[0.951s] -- Up-to-date: /home/devpc/Desktop/microros_ws/install/unique_identifier_msgs/include/unique_identifier_msgs/msg
[0.951s] -- Up-to-date: /home/devpc/Desktop/microros_ws/install/unique_identifier_msgs/include/unique_identifier_msgs/msg/detail
[0.951s] -- Up-to-date: /home/devpc/Desktop/microros_ws/install/unique_identifier_msgs/include/unique_identifier_msgs/msg/detail/uuid__rosidl_typesupport_fastrtps_c.h
[0.951s] -- Up-to-date: /home/devpc/Desktop/microros_ws/install/unique_identifier_msgs/include/unique_identifier_msgs/msg/rosidl_typesupport_fastrtps_c__visibility_control.h
[0.951s] -- Up-to-date: /home/devpc/Desktop/microros_ws/install/unique_identifier_msgs/lib/libunique_identifier_msgs__rosidl_typesupport_fastrtps_c.so
[0.952s] -- Up-to-date: /home/devpc/Desktop/microros_ws/install/unique_identifier_msgs/include/unique_identifier_msgs
[0.952s] -- Up-to-date: /home/devpc/Desktop/microros_ws/install/unique_identifier_msgs/include/unique_identifier_msgs/msg
[0.952s] -- Up-to-date: /home/devpc/Desktop/microros_ws/install/unique_identifier_msgs/include/unique_identifier_msgs/msg/detail
[0.952s] -- Up-to-date: /home/devpc/Desktop/microros_ws/install/unique_identifier_msgs/include/unique_identifier_msgs/msg/detail/uuid__rosidl_typesupport_fastrtps_cpp.hpp
[0.952s] -- Up-to-date: /home/devpc/Desktop/microros_ws/install/unique_identifier_msgs/include/unique_identifier_msgs/msg/detail/dds_fastrtps
[0.952s] -- Up-to-date: /home/devpc/Desktop/microros_ws/install/unique_identifier_msgs/include/unique_identifier_msgs/msg/rosidl_typesupport_fastrtps_cpp__visibility_control.h
[0.952s] -- Up-to-date: /home/devpc/Desktop/microros_ws/install/unique_identifier_msgs/lib/libunique_identifier_msgs__rosidl_typesupport_fastrtps_cpp.so
[0.952s] -- Up-to-date: /home/devpc/Desktop/microros_ws/install/unique_identifier_msgs/include/unique_identifier_msgs
[0.953s] -- Up-to-date: /home/devpc/Desktop/microros_ws/install/unique_identifier_msgs/include/unique_identifier_msgs/msg
[0.953s] -- Up-to-date: /home/devpc/Desktop/microros_ws/install/unique_identifier_msgs/include/unique_identifier_msgs/msg/detail
[0.953s] -- Up-to-date: /home/devpc/Desktop/microros_ws/install/unique_identifier_msgs/include/unique_identifier_msgs/msg/detail/uuid__rosidl_typesupport_introspection_c.h
[0.953s] -- Up-to-date: /home/devpc/Desktop/microros_ws/install/unique_identifier_msgs/include/unique_identifier_msgs/msg/detail/uuid__type_support.c
[0.953s] -- Up-to-date: /home/devpc/Desktop/microros_ws/install/unique_identifier_msgs/include/unique_identifier_msgs/msg/rosidl_typesupport_introspection_c__visibility_control.h
[0.953s] -- Up-to-date: /home/devpc/Desktop/microros_ws/install/unique_identifier_msgs/lib/libunique_identifier_msgs__rosidl_typesupport_introspection_c.so
[0.953s] -- Up-to-date: /home/devpc/Desktop/microros_ws/install/unique_identifier_msgs/lib/libunique_identifier_msgs__rosidl_typesupport_c.so
[0.954s] -- Up-to-date: /home/devpc/Desktop/microros_ws/install/unique_identifier_msgs/include/unique_identifier_msgs
[0.954s] -- Up-to-date: /home/devpc/Desktop/microros_ws/install/unique_identifier_msgs/include/unique_identifier_msgs/msg
[0.954s] -- Up-to-date: /home/devpc/Desktop/microros_ws/install/unique_identifier_msgs/include/unique_identifier_msgs/msg/detail
[0.954s] -- Up-to-date: /home/devpc/Desktop/microros_ws/install/unique_identifier_msgs/include/unique_identifier_msgs/msg/detail/uuid__struct.hpp
[0.954s] -- Up-to-date: /home/devpc/Desktop/microros_ws/install/unique_identifier_msgs/include/unique_identifier_msgs/msg/detail/uuid__builder.hpp
[0.954s] -- Up-to-date: /home/devpc/Desktop/microros_ws/install/unique_identifier_msgs/include/unique_identifier_msgs/msg/detail/uuid__traits.hpp
[0.954s] -- Up-to-date: /home/devpc/Desktop/microros_ws/install/unique_identifier_msgs/include/unique_identifier_msgs/msg/uuid.hpp
[0.954s] -- Up-to-date: /home/devpc/Desktop/microros_ws/install/unique_identifier_msgs/include/unique_identifier_msgs
[0.955s] -- Up-to-date: /home/devpc/Desktop/microros_ws/install/unique_identifier_msgs/include/unique_identifier_msgs/msg
[0.955s] -- Up-to-date: /home/devpc/Desktop/microros_ws/install/unique_identifier_msgs/include/unique_identifier_msgs/msg/detail
[0.955s] -- Up-to-date: /home/devpc/Desktop/microros_ws/install/unique_identifier_msgs/include/unique_identifier_msgs/msg/detail/uuid__rosidl_typesupport_microxrcedds_cpp.hpp
[0.955s] -- Up-to-date: /home/devpc/Desktop/microros_ws/install/unique_identifier_msgs/include/unique_identifier_msgs/msg/detail/microxrcedds
[0.955s] -- Up-to-date: /home/devpc/Desktop/microros_ws/install/unique_identifier_msgs/include/unique_identifier_msgs/msg/detail/microxrcedds/uuid__type_support_cpp.cpp
[0.955s] -- Up-to-date: /home/devpc/Desktop/microros_ws/install/unique_identifier_msgs/include/unique_identifier_msgs/msg/rosidl_typesupport_microxrcedds_cpp__visibility_control.h
[0.955s] -- Up-to-date: /home/devpc/Desktop/microros_ws/install/unique_identifier_msgs/lib/libunique_identifier_msgs__rosidl_typesupport_microxrcedds_cpp.so
[0.955s] -- Up-to-date: /home/devpc/Desktop/microros_ws/install/unique_identifier_msgs/include/unique_identifier_msgs
[0.956s] -- Up-to-date: /home/devpc/Desktop/microros_ws/install/unique_identifier_msgs/include/unique_identifier_msgs/msg
[0.956s] -- Up-to-date: /home/devpc/Desktop/microros_ws/install/unique_identifier_msgs/include/unique_identifier_msgs/msg/detail
[0.956s] -- Up-to-date: /home/devpc/Desktop/microros_ws/install/unique_identifier_msgs/include/unique_identifier_msgs/msg/detail/uuid__rosidl_typesupport_introspection_cpp.hpp
[0.956s] -- Up-to-date: /home/devpc/Desktop/microros_ws/install/unique_identifier_msgs/include/unique_identifier_msgs/msg/detail/uuid__type_support.cpp
[0.956s] -- Up-to-date: /home/devpc/Desktop/microros_ws/install/unique_identifier_msgs/lib/libunique_identifier_msgs__rosidl_typesupport_introspection_cpp.so
[0.965s] -- Up-to-date: /home/devpc/Desktop/microros_ws/install/unique_identifier_msgs/lib/libunique_identifier_msgs__rosidl_typesupport_cpp.so
[0.965s] -- Up-to-date: /home/devpc/Desktop/microros_ws/install/unique_identifier_msgs/share/unique_identifier_msgs/environment/pythonpath.sh
[0.965s] -- Up-to-date: /home/devpc/Desktop/microros_ws/install/unique_identifier_msgs/share/unique_identifier_msgs/environment/pythonpath.dsv
[0.965s] -- Up-to-date: /home/devpc/Desktop/microros_ws/install/unique_identifier_msgs/lib/python3.8/site-packages/unique_identifier_msgs/__init__.py
[1.050s] -- Up-to-date: /home/devpc/Desktop/microros_ws/install/unique_identifier_msgs/lib/python3.8/site-packages/unique_identifier_msgs/msg
[1.050s] -- Up-to-date: /home/devpc/Desktop/microros_ws/install/unique_identifier_msgs/lib/python3.8/site-packages/unique_identifier_msgs/msg/_uuid.py
[1.050s] -- Up-to-date: /home/devpc/Desktop/microros_ws/install/unique_identifier_msgs/lib/python3.8/site-packages/unique_identifier_msgs/msg/__init__.py
[1.050s] -- Up-to-date: /home/devpc/Desktop/microros_ws/install/unique_identifier_msgs/lib/python3.8/site-packages/unique_identifier_msgs/msg/_uuid_s.c
[1.050s] -- Up-to-date: /home/devpc/Desktop/microros_ws/install/unique_identifier_msgs/lib/python3.8/site-packages/unique_identifier_msgs/unique_identifier_msgs_s__rosidl_typesupport_microxrcedds_c.cpython-38-x86_64-linux-gnu.so
[1.051s] -- Up-to-date: /home/devpc/Desktop/microros_ws/install/unique_identifier_msgs/lib/python3.8/site-packages/unique_identifier_msgs/unique_identifier_msgs_s__rosidl_typesupport_fastrtps_c.cpython-38-x86_64-linux-gnu.so
[1.051s] -- Up-to-date: /home/devpc/Desktop/microros_ws/install/unique_identifier_msgs/lib/python3.8/site-packages/unique_identifier_msgs/unique_identifier_msgs_s__rosidl_typesupport_introspection_c.cpython-38-x86_64-linux-gnu.so
[1.051s] -- Up-to-date: /home/devpc/Desktop/microros_ws/install/unique_identifier_msgs/lib/python3.8/site-packages/unique_identifier_msgs/unique_identifier_msgs_s__rosidl_typesupport_c.cpython-38-x86_64-linux-gnu.so
[1.051s] -- Up-to-date: /home/devpc/Desktop/microros_ws/install/unique_identifier_msgs/lib/libunique_identifier_msgs__python.so
[1.051s] -- Up-to-date: /home/devpc/Desktop/microros_ws/install/unique_identifier_msgs/share/unique_identifier_msgs/msg/UUID.idl
[1.051s] -- Up-to-date: /home/devpc/Desktop/microros_ws/install/unique_identifier_msgs/share/unique_identifier_msgs/msg/UUID.msg
[1.051s] -- Up-to-date: /home/devpc/Desktop/microros_ws/install/unique_identifier_msgs/share/ament_index/resource_index/package_run_dependencies/unique_identifier_msgs
[1.052s] -- Up-to-date: /home/devpc/Desktop/microros_ws/install/unique_identifier_msgs/share/ament_index/resource_index/parent_prefix_path/unique_identifier_msgs
[1.052s] -- Up-to-date: /home/devpc/Desktop/microros_ws/install/unique_identifier_msgs/share/unique_identifier_msgs/environment/ament_prefix_path.sh
[1.052s] -- Up-to-date: /home/devpc/Desktop/microros_ws/install/unique_identifier_msgs/share/unique_identifier_msgs/environment/ament_prefix_path.dsv
[1.052s] -- Up-to-date: /home/devpc/Desktop/microros_ws/install/unique_identifier_msgs/share/unique_identifier_msgs/environment/path.sh
[1.052s] -- Up-to-date: /home/devpc/Desktop/microros_ws/install/unique_identifier_msgs/share/unique_identifier_msgs/environment/path.dsv
[1.052s] -- Up-to-date: /home/devpc/Desktop/microros_ws/install/unique_identifier_msgs/share/unique_identifier_msgs/local_setup.bash
[1.052s] -- Up-to-date: /home/devpc/Desktop/microros_ws/install/unique_identifier_msgs/share/unique_identifier_msgs/local_setup.sh
[1.053s] -- Up-to-date: /home/devpc/Desktop/microros_ws/install/unique_identifier_msgs/share/unique_identifier_msgs/local_setup.zsh
[1.053s] -- Up-to-date: /home/devpc/Desktop/microros_ws/install/unique_identifier_msgs/share/unique_identifier_msgs/local_setup.dsv
[1.053s] -- Installing: /home/devpc/Desktop/microros_ws/install/unique_identifier_msgs/share/unique_identifier_msgs/package.dsv
[1.053s] -- Up-to-date: /home/devpc/Desktop/microros_ws/install/unique_identifier_msgs/share/ament_index/resource_index/packages/unique_identifier_msgs
[1.053s] -- Up-to-date: /home/devpc/Desktop/microros_ws/install/unique_identifier_msgs/share/unique_identifier_msgs/cmake/unique_identifier_msgs__rosidl_generator_cExport.cmake
[1.054s] -- Up-to-date: /home/devpc/Desktop/microros_ws/install/unique_identifier_msgs/share/unique_identifier_msgs/cmake/unique_identifier_msgs__rosidl_generator_cExport-noconfig.cmake
[1.054s] -- Up-to-date: /home/devpc/Desktop/microros_ws/install/unique_identifier_msgs/share/unique_identifier_msgs/cmake/unique_identifier_msgs__rosidl_typesupport_introspection_cExport.cmake
[1.054s] -- Up-to-date: /home/devpc/Desktop/microros_ws/install/unique_identifier_msgs/share/unique_identifier_msgs/cmake/unique_identifier_msgs__rosidl_typesupport_introspection_cExport-noconfig.cmake
[1.054s] -- Up-to-date: /home/devpc/Desktop/microros_ws/install/unique_identifier_msgs/share/unique_identifier_msgs/cmake/unique_identifier_msgs__rosidl_typesupport_cExport.cmake
[1.056s] -- Up-to-date: /home/devpc/Desktop/microros_ws/install/unique_identifier_msgs/share/unique_identifier_msgs/cmake/unique_identifier_msgs__rosidl_typesupport_cExport-noconfig.cmake
[1.056s] -- Up-to-date: /home/devpc/Desktop/microros_ws/install/unique_identifier_msgs/share/unique_identifier_msgs/cmake/unique_identifier_msgs__rosidl_generator_cppExport.cmake
[1.056s] -- Up-to-date: /home/devpc/Desktop/microros_ws/install/unique_identifier_msgs/share/unique_identifier_msgs/cmake/unique_identifier_msgs__rosidl_typesupport_introspection_cppExport.cmake
[1.057s] -- Up-to-date: /home/devpc/Desktop/microros_ws/install/unique_identifier_msgs/share/unique_identifier_msgs/cmake/unique_identifier_msgs__rosidl_typesupport_introspection_cppExport-noconfig.cmake
[1.057s] -- Up-to-date: /home/devpc/Desktop/microros_ws/install/unique_identifier_msgs/share/unique_identifier_msgs/cmake/unique_identifier_msgs__rosidl_typesupport_cppExport.cmake
[1.057s] -- Up-to-date: /home/devpc/Desktop/microros_ws/install/unique_identifier_msgs/share/unique_identifier_msgs/cmake/unique_identifier_msgs__rosidl_typesupport_cppExport-noconfig.cmake
[1.057s] -- Up-to-date: /home/devpc/Desktop/microros_ws/install/unique_identifier_msgs/share/unique_identifier_msgs/cmake/rosidl_cmake-extras.cmake
[1.058s] -- Up-to-date: /home/devpc/Desktop/microros_ws/install/unique_identifier_msgs/share/unique_identifier_msgs/cmake/ament_cmake_export_dependencies-extras.cmake
[1.058s] -- Up-to-date: /home/devpc/Desktop/microros_ws/install/unique_identifier_msgs/share/unique_identifier_msgs/cmake/ament_cmake_export_libraries-extras.cmake
[1.058s] -- Up-to-date: /home/devpc/Desktop/microros_ws/install/unique_identifier_msgs/share/unique_identifier_msgs/cmake/ament_cmake_export_targets-extras.cmake
[1.058s] -- Up-to-date: /home/devpc/Desktop/microros_ws/install/unique_identifier_msgs/share/unique_identifier_msgs/cmake/ament_cmake_export_include_directories-extras.cmake
[1.058s] -- Up-to-date: /home/devpc/Desktop/microros_ws/install/unique_identifier_msgs/share/unique_identifier_msgs/cmake/rosidl_cmake_export_typesupport_libraries-extras.cmake
[1.059s] -- Up-to-date: /home/devpc/Desktop/microros_ws/install/unique_identifier_msgs/share/unique_identifier_msgs/cmake/rosidl_cmake_export_typesupport_targets-extras.cmake
[1.059s] -- Up-to-date: /home/devpc/Desktop/microros_ws/install/unique_identifier_msgs/share/unique_identifier_msgs/cmake/unique_identifier_msgsConfig.cmake
[1.059s] -- Up-to-date: /home/devpc/Desktop/microros_ws/install/unique_identifier_msgs/share/unique_identifier_msgs/cmake/unique_identifier_msgsConfig-version.cmake
[1.060s] -- Up-to-date: /home/devpc/Desktop/microros_ws/install/unique_identifier_msgs/share/unique_identifier_msgs/package.xml
[1.060s] -- Up-to-date: /home/devpc/Desktop/microros_ws/install/unique_identifier_msgs/share/unique_identifier_msgs/mapping_rules.yaml
[1.111s] Invoked command in '/home/devpc/Desktop/microros_ws/build/unique_identifier_msgs' returned '0': CMAKE_PREFIX_PATH=${CMAKE_PREFIX_PATH}:/home/devpc/Desktop/microros_ws/install/sensor_msgs_py:/home/devpc/Desktop/quad_ws/install/quad:/opt/ros/foxy /usr/bin/cmake --install /home/devpc/Desktop/microros_ws/build/unique_identifier_msgs
