[0.020s] Invoking command in '/home/devpc/Desktop/microros_ws/build/micro_ros_msgs': CMAKE_PREFIX_PATH=${CMAKE_PREFIX_PATH}:/opt/ros/foxy /usr/bin/cmake --build /home/devpc/Desktop/microros_ws/build/micro_ros_msgs -- -j8 -l8
[0.067s] [  6%] Built target micro_ros_msgs__cpp
[0.067s] [ 12%] Built target micro_ros_msgs__rosidl_generator_c
[0.090s] [ 23%] Built target micro_ros_msgs__rosidl_typesupport_c
[0.091s] [ 34%] Built target micro_ros_msgs__rosidl_typesupport_introspection_cpp
[0.092s] [ 44%] Built target micro_ros_msgs__rosidl_typesupport_cpp
[0.092s] [ 55%] Built target micro_ros_msgs__rosidl_typesupport_introspection_c
[0.096s] [ 65%] Built target micro_ros_msgs__rosidl_typesupport_fastrtps_cpp
[0.118s] [ 76%] Built target micro_ros_msgs__rosidl_typesupport_fastrtps_c
[0.138s] [ 76%] Built target micro_ros_msgs
[0.156s] [ 78%] Built target micro_ros_msgs__py
[0.181s] [ 87%] Built target micro_ros_msgs__python
[0.205s] [ 91%] Built target micro_ros_msgs__rosidl_typesupport_introspection_c__pyext
[0.206s] [ 95%] Built target micro_ros_msgs__rosidl_typesupport_fastrtps_c__pyext
[0.206s] [100%] Built target micro_ros_msgs__rosidl_typesupport_c__pyext
[0.236s] Invoked command in '/home/devpc/Desktop/microros_ws/build/micro_ros_msgs' returned '0': CMAKE_PREFIX_PATH=${CMAKE_PREFIX_PATH}:/opt/ros/foxy /usr/bin/cmake --build /home/devpc/Desktop/microros_ws/build/micro_ros_msgs -- -j8 -l8
[0.277s] Invoking command in '/home/devpc/Desktop/microros_ws/build/micro_ros_msgs': CMAKE_PREFIX_PATH=${CMAKE_PREFIX_PATH}:/opt/ros/foxy /usr/bin/cmake --install /home/devpc/Desktop/microros_ws/build/micro_ros_msgs
[0.286s] -- Install configuration: ""
[0.286s] -- Up-to-date: /home/devpc/Desktop/microros_ws/install/micro_ros_msgs/share/ament_index/resource_index/rosidl_interfaces/micro_ros_msgs
[0.286s] -- Up-to-date: /home/devpc/Desktop/microros_ws/install/micro_ros_msgs/include/micro_ros_msgs
[0.287s] -- Up-to-date: /home/devpc/Desktop/microros_ws/install/micro_ros_msgs/include/micro_ros_msgs/msg
[0.287s] -- Up-to-date: /home/devpc/Desktop/microros_ws/install/micro_ros_msgs/include/micro_ros_msgs/msg/detail
[0.287s] -- Up-to-date: /home/devpc/Desktop/microros_ws/install/micro_ros_msgs/include/micro_ros_msgs/msg/detail/entity__functions.c
[0.287s] -- Up-to-date: /home/devpc/Desktop/microros_ws/install/micro_ros_msgs/include/micro_ros_msgs/msg/detail/entity__struct.h
[0.287s] -- Up-to-date: /home/devpc/Desktop/microros_ws/install/micro_ros_msgs/include/micro_ros_msgs/msg/detail/graph__functions.c
[0.287s] -- Up-to-date: /home/devpc/Desktop/microros_ws/install/micro_ros_msgs/include/micro_ros_msgs/msg/detail/node__struct.h
[0.287s] -- Up-to-date: /home/devpc/Desktop/microros_ws/install/micro_ros_msgs/include/micro_ros_msgs/msg/detail/entity__type_support.h
[0.287s] -- Up-to-date: /home/devpc/Desktop/microros_ws/install/micro_ros_msgs/include/micro_ros_msgs/msg/detail/graph__type_support.h
[0.288s] -- Up-to-date: /home/devpc/Desktop/microros_ws/install/micro_ros_msgs/include/micro_ros_msgs/msg/detail/node__type_support.h
[0.288s] -- Up-to-date: /home/devpc/Desktop/microros_ws/install/micro_ros_msgs/include/micro_ros_msgs/msg/detail/node__functions.h
[0.288s] -- Up-to-date: /home/devpc/Desktop/microros_ws/install/micro_ros_msgs/include/micro_ros_msgs/msg/detail/graph__functions.h
[0.288s] -- Up-to-date: /home/devpc/Desktop/microros_ws/install/micro_ros_msgs/include/micro_ros_msgs/msg/detail/node__functions.c
[0.288s] -- Up-to-date: /home/devpc/Desktop/microros_ws/install/micro_ros_msgs/include/micro_ros_msgs/msg/detail/entity__functions.h
[0.288s] -- Up-to-date: /home/devpc/Desktop/microros_ws/install/micro_ros_msgs/include/micro_ros_msgs/msg/detail/graph__struct.h
[0.288s] -- Up-to-date: /home/devpc/Desktop/microros_ws/install/micro_ros_msgs/include/micro_ros_msgs/msg/node.h
[0.288s] -- Up-to-date: /home/devpc/Desktop/microros_ws/install/micro_ros_msgs/include/micro_ros_msgs/msg/graph.h
[0.288s] -- Up-to-date: /home/devpc/Desktop/microros_ws/install/micro_ros_msgs/include/micro_ros_msgs/msg/entity.h
[0.288s] -- Up-to-date: /home/devpc/Desktop/microros_ws/install/micro_ros_msgs/include/micro_ros_msgs/msg/rosidl_generator_c__visibility_control.h
[0.289s] -- Up-to-date: /home/devpc/Desktop/microros_ws/install/micro_ros_msgs/share/micro_ros_msgs/environment/library_path.sh
[0.289s] -- Up-to-date: /home/devpc/Desktop/microros_ws/install/micro_ros_msgs/share/micro_ros_msgs/environment/library_path.dsv
[0.289s] -- Up-to-date: /home/devpc/Desktop/microros_ws/install/micro_ros_msgs/lib/libmicro_ros_msgs__rosidl_generator_c.so
[0.289s] -- Up-to-date: /home/devpc/Desktop/microros_ws/install/micro_ros_msgs/include/micro_ros_msgs
[0.289s] -- Up-to-date: /home/devpc/Desktop/microros_ws/install/micro_ros_msgs/include/micro_ros_msgs/msg
[0.289s] -- Up-to-date: /home/devpc/Desktop/microros_ws/install/micro_ros_msgs/include/micro_ros_msgs/msg/detail
[0.289s] -- Up-to-date: /home/devpc/Desktop/microros_ws/install/micro_ros_msgs/include/micro_ros_msgs/msg/detail/graph__rosidl_typesupport_fastrtps_c.h
[0.289s] -- Up-to-date: /home/devpc/Desktop/microros_ws/install/micro_ros_msgs/include/micro_ros_msgs/msg/detail/entity__rosidl_typesupport_fastrtps_c.h
[0.290s] -- Up-to-date: /home/devpc/Desktop/microros_ws/install/micro_ros_msgs/include/micro_ros_msgs/msg/detail/node__rosidl_typesupport_fastrtps_c.h
[0.290s] -- Up-to-date: /home/devpc/Desktop/microros_ws/install/micro_ros_msgs/include/micro_ros_msgs/msg/rosidl_typesupport_fastrtps_c__visibility_control.h
[0.290s] -- Up-to-date: /home/devpc/Desktop/microros_ws/install/micro_ros_msgs/lib/libmicro_ros_msgs__rosidl_typesupport_fastrtps_c.so
[0.290s] -- Up-to-date: /home/devpc/Desktop/microros_ws/install/micro_ros_msgs/include/micro_ros_msgs
[0.290s] -- Up-to-date: /home/devpc/Desktop/microros_ws/install/micro_ros_msgs/include/micro_ros_msgs/msg
[0.290s] -- Up-to-date: /home/devpc/Desktop/microros_ws/install/micro_ros_msgs/include/micro_ros_msgs/msg/detail
[0.290s] -- Up-to-date: /home/devpc/Desktop/microros_ws/install/micro_ros_msgs/include/micro_ros_msgs/msg/detail/node__rosidl_typesupport_fastrtps_cpp.hpp
[0.290s] -- Up-to-date: /home/devpc/Desktop/microros_ws/install/micro_ros_msgs/include/micro_ros_msgs/msg/detail/entity__rosidl_typesupport_fastrtps_cpp.hpp
[0.290s] -- Up-to-date: /home/devpc/Desktop/microros_ws/install/micro_ros_msgs/include/micro_ros_msgs/msg/detail/graph__rosidl_typesupport_fastrtps_cpp.hpp
[0.291s] -- Up-to-date: /home/devpc/Desktop/microros_ws/install/micro_ros_msgs/include/micro_ros_msgs/msg/detail/dds_fastrtps
[0.291s] -- Up-to-date: /home/devpc/Desktop/microros_ws/install/micro_ros_msgs/include/micro_ros_msgs/msg/rosidl_typesupport_fastrtps_cpp__visibility_control.h
[0.291s] -- Up-to-date: /home/devpc/Desktop/microros_ws/install/micro_ros_msgs/lib/libmicro_ros_msgs__rosidl_typesupport_fastrtps_cpp.so
[0.291s] -- Up-to-date: /home/devpc/Desktop/microros_ws/install/micro_ros_msgs/include/micro_ros_msgs
[0.291s] -- Up-to-date: /home/devpc/Desktop/microros_ws/install/micro_ros_msgs/include/micro_ros_msgs/msg
[0.291s] -- Up-to-date: /home/devpc/Desktop/microros_ws/install/micro_ros_msgs/include/micro_ros_msgs/msg/detail
[0.291s] -- Up-to-date: /home/devpc/Desktop/microros_ws/install/micro_ros_msgs/include/micro_ros_msgs/msg/detail/node__type_support.c
[0.291s] -- Up-to-date: /home/devpc/Desktop/microros_ws/install/micro_ros_msgs/include/micro_ros_msgs/msg/detail/node__rosidl_typesupport_introspection_c.h
[0.291s] -- Up-to-date: /home/devpc/Desktop/microros_ws/install/micro_ros_msgs/include/micro_ros_msgs/msg/detail/graph__type_support.c
[0.291s] -- Up-to-date: /home/devpc/Desktop/microros_ws/install/micro_ros_msgs/include/micro_ros_msgs/msg/detail/entity__type_support.c
[0.291s] -- Up-to-date: /home/devpc/Desktop/microros_ws/install/micro_ros_msgs/include/micro_ros_msgs/msg/detail/graph__rosidl_typesupport_introspection_c.h
[0.292s] -- Up-to-date: /home/devpc/Desktop/microros_ws/install/micro_ros_msgs/include/micro_ros_msgs/msg/detail/entity__rosidl_typesupport_introspection_c.h
[0.292s] -- Up-to-date: /home/devpc/Desktop/microros_ws/install/micro_ros_msgs/include/micro_ros_msgs/msg/rosidl_typesupport_introspection_c__visibility_control.h
[0.292s] -- Up-to-date: /home/devpc/Desktop/microros_ws/install/micro_ros_msgs/lib/libmicro_ros_msgs__rosidl_typesupport_introspection_c.so
[0.292s] -- Up-to-date: /home/devpc/Desktop/microros_ws/install/micro_ros_msgs/lib/libmicro_ros_msgs__rosidl_typesupport_c.so
[0.292s] -- Up-to-date: /home/devpc/Desktop/microros_ws/install/micro_ros_msgs/include/micro_ros_msgs
[0.292s] -- Up-to-date: /home/devpc/Desktop/microros_ws/install/micro_ros_msgs/include/micro_ros_msgs/msg
[0.292s] -- Up-to-date: /home/devpc/Desktop/microros_ws/install/micro_ros_msgs/include/micro_ros_msgs/msg/entity.hpp
[0.292s] -- Up-to-date: /home/devpc/Desktop/microros_ws/install/micro_ros_msgs/include/micro_ros_msgs/msg/detail
[0.292s] -- Up-to-date: /home/devpc/Desktop/microros_ws/install/micro_ros_msgs/include/micro_ros_msgs/msg/detail/entity__builder.hpp
[0.292s] -- Up-to-date: /home/devpc/Desktop/microros_ws/install/micro_ros_msgs/include/micro_ros_msgs/msg/detail/graph__struct.hpp
[0.292s] -- Up-to-date: /home/devpc/Desktop/microros_ws/install/micro_ros_msgs/include/micro_ros_msgs/msg/detail/node__struct.hpp
[0.293s] -- Up-to-date: /home/devpc/Desktop/microros_ws/install/micro_ros_msgs/include/micro_ros_msgs/msg/detail/graph__builder.hpp
[0.293s] -- Up-to-date: /home/devpc/Desktop/microros_ws/install/micro_ros_msgs/include/micro_ros_msgs/msg/detail/node__traits.hpp
[0.293s] -- Up-to-date: /home/devpc/Desktop/microros_ws/install/micro_ros_msgs/include/micro_ros_msgs/msg/detail/node__builder.hpp
[0.293s] -- Up-to-date: /home/devpc/Desktop/microros_ws/install/micro_ros_msgs/include/micro_ros_msgs/msg/detail/entity__struct.hpp
[0.293s] -- Up-to-date: /home/devpc/Desktop/microros_ws/install/micro_ros_msgs/include/micro_ros_msgs/msg/detail/graph__traits.hpp
[0.293s] -- Up-to-date: /home/devpc/Desktop/microros_ws/install/micro_ros_msgs/include/micro_ros_msgs/msg/detail/entity__traits.hpp
[0.293s] -- Up-to-date: /home/devpc/Desktop/microros_ws/install/micro_ros_msgs/include/micro_ros_msgs/msg/node.hpp
[0.293s] -- Up-to-date: /home/devpc/Desktop/microros_ws/install/micro_ros_msgs/include/micro_ros_msgs/msg/graph.hpp
[0.293s] -- Up-to-date: /home/devpc/Desktop/microros_ws/install/micro_ros_msgs/include/micro_ros_msgs
[0.293s] -- Up-to-date: /home/devpc/Desktop/microros_ws/install/micro_ros_msgs/include/micro_ros_msgs/msg
[0.294s] -- Up-to-date: /home/devpc/Desktop/microros_ws/install/micro_ros_msgs/include/micro_ros_msgs/msg/detail
[0.294s] -- Up-to-date: /home/devpc/Desktop/microros_ws/install/micro_ros_msgs/include/micro_ros_msgs/msg/detail/entity__rosidl_typesupport_introspection_cpp.hpp
[0.294s] -- Up-to-date: /home/devpc/Desktop/microros_ws/install/micro_ros_msgs/include/micro_ros_msgs/msg/detail/graph__rosidl_typesupport_introspection_cpp.hpp
[0.294s] -- Up-to-date: /home/devpc/Desktop/microros_ws/install/micro_ros_msgs/include/micro_ros_msgs/msg/detail/graph__type_support.cpp
[0.294s] -- Up-to-date: /home/devpc/Desktop/microros_ws/install/micro_ros_msgs/include/micro_ros_msgs/msg/detail/node__rosidl_typesupport_introspection_cpp.hpp
[0.294s] -- Up-to-date: /home/devpc/Desktop/microros_ws/install/micro_ros_msgs/include/micro_ros_msgs/msg/detail/entity__type_support.cpp
[0.294s] -- Up-to-date: /home/devpc/Desktop/microros_ws/install/micro_ros_msgs/include/micro_ros_msgs/msg/detail/node__type_support.cpp
[0.294s] -- Up-to-date: /home/devpc/Desktop/microros_ws/install/micro_ros_msgs/lib/libmicro_ros_msgs__rosidl_typesupport_introspection_cpp.so
[0.294s] -- Up-to-date: /home/devpc/Desktop/microros_ws/install/micro_ros_msgs/lib/libmicro_ros_msgs__rosidl_typesupport_cpp.so
[0.295s] -- Up-to-date: /home/devpc/Desktop/microros_ws/install/micro_ros_msgs/share/micro_ros_msgs/environment/pythonpath.sh
[0.295s] -- Up-to-date: /home/devpc/Desktop/microros_ws/install/micro_ros_msgs/share/micro_ros_msgs/environment/pythonpath.dsv
[0.295s] -- Up-to-date: /home/devpc/Desktop/microros_ws/install/micro_ros_msgs/lib/python3.8/site-packages/micro_ros_msgs/__init__.py
[0.328s] -- Up-to-date: /home/devpc/Desktop/microros_ws/install/micro_ros_msgs/lib/python3.8/site-packages/micro_ros_msgs/msg
[0.328s] -- Up-to-date: /home/devpc/Desktop/microros_ws/install/micro_ros_msgs/lib/python3.8/site-packages/micro_ros_msgs/msg/__init__.py
[0.328s] -- Up-to-date: /home/devpc/Desktop/microros_ws/install/micro_ros_msgs/lib/python3.8/site-packages/micro_ros_msgs/msg/_entity.py
[0.329s] -- Up-to-date: /home/devpc/Desktop/microros_ws/install/micro_ros_msgs/lib/python3.8/site-packages/micro_ros_msgs/msg/_entity_s.c
[0.329s] -- Up-to-date: /home/devpc/Desktop/microros_ws/install/micro_ros_msgs/lib/python3.8/site-packages/micro_ros_msgs/msg/_node.py
[0.329s] -- Up-to-date: /home/devpc/Desktop/microros_ws/install/micro_ros_msgs/lib/python3.8/site-packages/micro_ros_msgs/msg/_graph.py
[0.329s] -- Up-to-date: /home/devpc/Desktop/microros_ws/install/micro_ros_msgs/lib/python3.8/site-packages/micro_ros_msgs/msg/_graph_s.c
[0.329s] -- Up-to-date: /home/devpc/Desktop/microros_ws/install/micro_ros_msgs/lib/python3.8/site-packages/micro_ros_msgs/msg/_node_s.c
[0.329s] -- Up-to-date: /home/devpc/Desktop/microros_ws/install/micro_ros_msgs/lib/python3.8/site-packages/micro_ros_msgs/micro_ros_msgs_s__rosidl_typesupport_fastrtps_c.cpython-38-x86_64-linux-gnu.so
[0.330s] -- Up-to-date: /home/devpc/Desktop/microros_ws/install/micro_ros_msgs/lib/python3.8/site-packages/micro_ros_msgs/micro_ros_msgs_s__rosidl_typesupport_introspection_c.cpython-38-x86_64-linux-gnu.so
[0.330s] -- Up-to-date: /home/devpc/Desktop/microros_ws/install/micro_ros_msgs/lib/python3.8/site-packages/micro_ros_msgs/micro_ros_msgs_s__rosidl_typesupport_c.cpython-38-x86_64-linux-gnu.so
[0.330s] -- Up-to-date: /home/devpc/Desktop/microros_ws/install/micro_ros_msgs/lib/libmicro_ros_msgs__python.so
[0.331s] -- Up-to-date: /home/devpc/Desktop/microros_ws/install/micro_ros_msgs/share/micro_ros_msgs/msg/Graph.idl
[0.331s] -- Up-to-date: /home/devpc/Desktop/microros_ws/install/micro_ros_msgs/share/micro_ros_msgs/msg/Node.idl
[0.331s] -- Up-to-date: /home/devpc/Desktop/microros_ws/install/micro_ros_msgs/share/micro_ros_msgs/msg/Entity.idl
[0.331s] -- Up-to-date: /home/devpc/Desktop/microros_ws/install/micro_ros_msgs/share/micro_ros_msgs/msg/Graph.msg
[0.331s] -- Up-to-date: /home/devpc/Desktop/microros_ws/install/micro_ros_msgs/share/micro_ros_msgs/msg/Node.msg
[0.331s] -- Up-to-date: /home/devpc/Desktop/microros_ws/install/micro_ros_msgs/share/micro_ros_msgs/msg/Entity.msg
[0.332s] -- Up-to-date: /home/devpc/Desktop/microros_ws/install/micro_ros_msgs/share/ament_index/resource_index/package_run_dependencies/micro_ros_msgs
[0.332s] -- Up-to-date: /home/devpc/Desktop/microros_ws/install/micro_ros_msgs/share/ament_index/resource_index/parent_prefix_path/micro_ros_msgs
[0.332s] -- Up-to-date: /home/devpc/Desktop/microros_ws/install/micro_ros_msgs/share/micro_ros_msgs/environment/ament_prefix_path.sh
[0.332s] -- Up-to-date: /home/devpc/Desktop/microros_ws/install/micro_ros_msgs/share/micro_ros_msgs/environment/ament_prefix_path.dsv
[0.332s] -- Up-to-date: /home/devpc/Desktop/microros_ws/install/micro_ros_msgs/share/micro_ros_msgs/environment/path.sh
[0.332s] -- Up-to-date: /home/devpc/Desktop/microros_ws/install/micro_ros_msgs/share/micro_ros_msgs/environment/path.dsv
[0.332s] -- Up-to-date: /home/devpc/Desktop/microros_ws/install/micro_ros_msgs/share/micro_ros_msgs/local_setup.bash
[0.332s] -- Up-to-date: /home/devpc/Desktop/microros_ws/install/micro_ros_msgs/share/micro_ros_msgs/local_setup.sh
[0.332s] -- Up-to-date: /home/devpc/Desktop/microros_ws/install/micro_ros_msgs/share/micro_ros_msgs/local_setup.zsh
[0.333s] -- Up-to-date: /home/devpc/Desktop/microros_ws/install/micro_ros_msgs/share/micro_ros_msgs/local_setup.dsv
[0.333s] -- Installing: /home/devpc/Desktop/microros_ws/install/micro_ros_msgs/share/micro_ros_msgs/package.dsv
[0.333s] -- Up-to-date: /home/devpc/Desktop/microros_ws/install/micro_ros_msgs/share/ament_index/resource_index/packages/micro_ros_msgs
[0.333s] -- Up-to-date: /home/devpc/Desktop/microros_ws/install/micro_ros_msgs/share/micro_ros_msgs/cmake/micro_ros_msgs__rosidl_generator_cExport.cmake
[0.333s] -- Up-to-date: /home/devpc/Desktop/microros_ws/install/micro_ros_msgs/share/micro_ros_msgs/cmake/micro_ros_msgs__rosidl_generator_cExport-noconfig.cmake
[0.333s] -- Up-to-date: /home/devpc/Desktop/microros_ws/install/micro_ros_msgs/share/micro_ros_msgs/cmake/micro_ros_msgs__rosidl_typesupport_introspection_cExport.cmake
[0.333s] -- Up-to-date: /home/devpc/Desktop/microros_ws/install/micro_ros_msgs/share/micro_ros_msgs/cmake/micro_ros_msgs__rosidl_typesupport_introspection_cExport-noconfig.cmake
[0.333s] -- Up-to-date: /home/devpc/Desktop/microros_ws/install/micro_ros_msgs/share/micro_ros_msgs/cmake/micro_ros_msgs__rosidl_typesupport_cExport.cmake
[0.334s] -- Up-to-date: /home/devpc/Desktop/microros_ws/install/micro_ros_msgs/share/micro_ros_msgs/cmake/micro_ros_msgs__rosidl_typesupport_cExport-noconfig.cmake
[0.334s] -- Up-to-date: /home/devpc/Desktop/microros_ws/install/micro_ros_msgs/share/micro_ros_msgs/cmake/micro_ros_msgs__rosidl_generator_cppExport.cmake
[0.334s] -- Up-to-date: /home/devpc/Desktop/microros_ws/install/micro_ros_msgs/share/micro_ros_msgs/cmake/micro_ros_msgs__rosidl_typesupport_introspection_cppExport.cmake
[0.334s] -- Up-to-date: /home/devpc/Desktop/microros_ws/install/micro_ros_msgs/share/micro_ros_msgs/cmake/micro_ros_msgs__rosidl_typesupport_introspection_cppExport-noconfig.cmake
[0.334s] -- Up-to-date: /home/devpc/Desktop/microros_ws/install/micro_ros_msgs/share/micro_ros_msgs/cmake/micro_ros_msgs__rosidl_typesupport_cppExport.cmake
[0.334s] -- Up-to-date: /home/devpc/Desktop/microros_ws/install/micro_ros_msgs/share/micro_ros_msgs/cmake/micro_ros_msgs__rosidl_typesupport_cppExport-noconfig.cmake
[0.334s] -- Up-to-date: /home/devpc/Desktop/microros_ws/install/micro_ros_msgs/share/micro_ros_msgs/cmake/rosidl_cmake-extras.cmake
[0.334s] -- Up-to-date: /home/devpc/Desktop/microros_ws/install/micro_ros_msgs/share/micro_ros_msgs/cmake/ament_cmake_export_dependencies-extras.cmake
[0.335s] -- Up-to-date: /home/devpc/Desktop/microros_ws/install/micro_ros_msgs/share/micro_ros_msgs/cmake/ament_cmake_export_libraries-extras.cmake
[0.335s] -- Up-to-date: /home/devpc/Desktop/microros_ws/install/micro_ros_msgs/share/micro_ros_msgs/cmake/ament_cmake_export_targets-extras.cmake
[0.335s] -- Up-to-date: /home/devpc/Desktop/microros_ws/install/micro_ros_msgs/share/micro_ros_msgs/cmake/ament_cmake_export_include_directories-extras.cmake
[0.335s] -- Up-to-date: /home/devpc/Desktop/microros_ws/install/micro_ros_msgs/share/micro_ros_msgs/cmake/rosidl_cmake_export_typesupport_libraries-extras.cmake
[0.335s] -- Up-to-date: /home/devpc/Desktop/microros_ws/install/micro_ros_msgs/share/micro_ros_msgs/cmake/rosidl_cmake_export_typesupport_targets-extras.cmake
[0.335s] -- Up-to-date: /home/devpc/Desktop/microros_ws/install/micro_ros_msgs/share/micro_ros_msgs/cmake/micro_ros_msgsConfig.cmake
[0.335s] -- Up-to-date: /home/devpc/Desktop/microros_ws/install/micro_ros_msgs/share/micro_ros_msgs/cmake/micro_ros_msgsConfig-version.cmake
[0.335s] -- Up-to-date: /home/devpc/Desktop/microros_ws/install/micro_ros_msgs/share/micro_ros_msgs/package.xml
[0.338s] Invoked command in '/home/devpc/Desktop/microros_ws/build/micro_ros_msgs' returned '0': CMAKE_PREFIX_PATH=${CMAKE_PREFIX_PATH}:/opt/ros/foxy /usr/bin/cmake --install /home/devpc/Desktop/microros_ws/build/micro_ros_msgs
