[  1%] Built target drive_base_msgs__cpp
[ 10%] Built target drive_base_msgs__rosidl_generator_c
[ 18%] Built target drive_base_msgs__rosidl_typesupport_fastrtps_cpp
[ 27%] Built target drive_base_msgs__rosidl_typesupport_introspection_cpp
[ 36%] Built target drive_base_msgs__rosidl_typesupport_cpp
[ 44%] Built target drive_base_msgs__rosidl_typesupport_introspection_c
[ 53%] Built target drive_base_msgs__rosidl_typesupport_microxrcedds_c
[ 62%] Built target drive_base_msgs__rosidl_typesupport_c
[ 71%] Built target drive_base_msgs__rosidl_typesupport_microxrcedds_cpp
[ 79%] Built target drive_base_msgs__rosidl_typesupport_fastrtps_c
[ 79%] Built target drive_base_msgs
[ 81%] Built target drive_base_msgs__py
[ 88%] Built target drive_base_msgs__python
[ 91%] Built target drive_base_msgs__rosidl_typesupport_fastrtps_c__pyext
[ 94%] Built target drive_base_msgs__rosidl_typesupport_microxrcedds_c__pyext
[ 97%] Built target drive_base_msgs__rosidl_typesupport_introspection_c__pyext
[100%] Built target drive_base_msgs__rosidl_typesupport_c__pyext
-- Install configuration: ""
-- Up-to-date: /home/devpc/Desktop/microros_ws/install/drive_base_msgs/share/ament_index/resource_index/rosidl_interfaces/drive_base_msgs
-- Up-to-date: /home/devpc/Desktop/microros_ws/install/drive_base_msgs/include/drive_base_msgs
-- Up-to-date: /home/devpc/Desktop/microros_ws/install/drive_base_msgs/include/drive_base_msgs/msg
-- Up-to-date: /home/devpc/Desktop/microros_ws/install/drive_base_msgs/include/drive_base_msgs/msg/base_info.h
-- Up-to-date: /home/devpc/Desktop/microros_ws/install/drive_base_msgs/include/drive_base_msgs/msg/trv_command.h
-- Up-to-date: /home/devpc/Desktop/microros_ws/install/drive_base_msgs/include/drive_base_msgs/msg/command_status.h
-- Up-to-date: /home/devpc/Desktop/microros_ws/install/drive_base_msgs/include/drive_base_msgs/msg/detail
-- Up-to-date: /home/devpc/Desktop/microros_ws/install/drive_base_msgs/include/drive_base_msgs/msg/detail/command_header__struct.h
-- Up-to-date: /home/devpc/Desktop/microros_ws/install/drive_base_msgs/include/drive_base_msgs/msg/detail/command_header__type_support.h
-- Up-to-date: /home/devpc/Desktop/microros_ws/install/drive_base_msgs/include/drive_base_msgs/msg/detail/base_info__type_support.h
-- Up-to-date: /home/devpc/Desktop/microros_ws/install/drive_base_msgs/include/drive_base_msgs/msg/detail/trv_command__functions.c
-- Up-to-date: /home/devpc/Desktop/microros_ws/install/drive_base_msgs/include/drive_base_msgs/msg/detail/command_status__functions.c
-- Up-to-date: /home/devpc/Desktop/microros_ws/install/drive_base_msgs/include/drive_base_msgs/msg/detail/trv_command__struct.h
-- Up-to-date: /home/devpc/Desktop/microros_ws/install/drive_base_msgs/include/drive_base_msgs/msg/detail/base_info__functions.c
-- Up-to-date: /home/devpc/Desktop/microros_ws/install/drive_base_msgs/include/drive_base_msgs/msg/detail/command_header__functions.c
-- Up-to-date: /home/devpc/Desktop/microros_ws/install/drive_base_msgs/include/drive_base_msgs/msg/detail/command_status__struct.h
-- Up-to-date: /home/devpc/Desktop/microros_ws/install/drive_base_msgs/include/drive_base_msgs/msg/detail/trv_command__functions.h
-- Up-to-date: /home/devpc/Desktop/microros_ws/install/drive_base_msgs/include/drive_base_msgs/msg/detail/trv_command__type_support.h
-- Up-to-date: /home/devpc/Desktop/microros_ws/install/drive_base_msgs/include/drive_base_msgs/msg/detail/base_info__functions.h
-- Up-to-date: /home/devpc/Desktop/microros_ws/install/drive_base_msgs/include/drive_base_msgs/msg/detail/command_status__type_support.h
-- Up-to-date: /home/devpc/Desktop/microros_ws/install/drive_base_msgs/include/drive_base_msgs/msg/detail/command_status__functions.h
-- Up-to-date: /home/devpc/Desktop/microros_ws/install/drive_base_msgs/include/drive_base_msgs/msg/detail/base_info__struct.h
-- Up-to-date: /home/devpc/Desktop/microros_ws/install/drive_base_msgs/include/drive_base_msgs/msg/detail/command_header__functions.h
-- Up-to-date: /home/devpc/Desktop/microros_ws/install/drive_base_msgs/include/drive_base_msgs/msg/command_header.h
-- Up-to-date: /home/devpc/Desktop/microros_ws/install/drive_base_msgs/include/drive_base_msgs/msg/rosidl_generator_c__visibility_control.h
-- Up-to-date: /home/devpc/Desktop/microros_ws/install/drive_base_msgs/share/drive_base_msgs/environment/library_path.sh
-- Up-to-date: /home/devpc/Desktop/microros_ws/install/drive_base_msgs/share/drive_base_msgs/environment/library_path.dsv
-- Up-to-date: /home/devpc/Desktop/microros_ws/install/drive_base_msgs/lib/libdrive_base_msgs__rosidl_generator_c.so
-- Up-to-date: /home/devpc/Desktop/microros_ws/install/drive_base_msgs/include/drive_base_msgs
-- Up-to-date: /home/devpc/Desktop/microros_ws/install/drive_base_msgs/include/drive_base_msgs/msg
-- Up-to-date: /home/devpc/Desktop/microros_ws/install/drive_base_msgs/include/drive_base_msgs/msg/detail
-- Up-to-date: /home/devpc/Desktop/microros_ws/install/drive_base_msgs/include/drive_base_msgs/msg/detail/base_info__rosidl_typesupport_microxrcedds_c.h
-- Up-to-date: /home/devpc/Desktop/microros_ws/install/drive_base_msgs/include/drive_base_msgs/msg/detail/trv_command__rosidl_typesupport_microxrcedds_c.h
-- Up-to-date: /home/devpc/Desktop/microros_ws/install/drive_base_msgs/include/drive_base_msgs/msg/detail/command_header__rosidl_typesupport_microxrcedds_c.h
-- Up-to-date: /home/devpc/Desktop/microros_ws/install/drive_base_msgs/include/drive_base_msgs/msg/detail/command_status__rosidl_typesupport_microxrcedds_c.h
-- Up-to-date: /home/devpc/Desktop/microros_ws/install/drive_base_msgs/include/drive_base_msgs/msg/detail/microxrcedds
-- Up-to-date: /home/devpc/Desktop/microros_ws/install/drive_base_msgs/include/drive_base_msgs/msg/rosidl_typesupport_microxrcedds_c__visibility_control.h
-- Up-to-date: /home/devpc/Desktop/microros_ws/install/drive_base_msgs/lib/libdrive_base_msgs__rosidl_typesupport_microxrcedds_c.so
-- Up-to-date: /home/devpc/Desktop/microros_ws/install/drive_base_msgs/include/drive_base_msgs
-- Up-to-date: /home/devpc/Desktop/microros_ws/install/drive_base_msgs/include/drive_base_msgs/msg
-- Up-to-date: /home/devpc/Desktop/microros_ws/install/drive_base_msgs/include/drive_base_msgs/msg/detail
-- Up-to-date: /home/devpc/Desktop/microros_ws/install/drive_base_msgs/include/drive_base_msgs/msg/detail/base_info__rosidl_typesupport_fastrtps_c.h
-- Up-to-date: /home/devpc/Desktop/microros_ws/install/drive_base_msgs/include/drive_base_msgs/msg/detail/trv_command__rosidl_typesupport_fastrtps_c.h
-- Up-to-date: /home/devpc/Desktop/microros_ws/install/drive_base_msgs/include/drive_base_msgs/msg/detail/command_status__rosidl_typesupport_fastrtps_c.h
-- Up-to-date: /home/devpc/Desktop/microros_ws/install/drive_base_msgs/include/drive_base_msgs/msg/detail/command_header__rosidl_typesupport_fastrtps_c.h
-- Up-to-date: /home/devpc/Desktop/microros_ws/install/drive_base_msgs/include/drive_base_msgs/msg/rosidl_typesupport_fastrtps_c__visibility_control.h
-- Up-to-date: /home/devpc/Desktop/microros_ws/install/drive_base_msgs/lib/libdrive_base_msgs__rosidl_typesupport_fastrtps_c.so
-- Up-to-date: /home/devpc/Desktop/microros_ws/install/drive_base_msgs/include/drive_base_msgs
-- Up-to-date: /home/devpc/Desktop/microros_ws/install/drive_base_msgs/include/drive_base_msgs/msg
-- Up-to-date: /home/devpc/Desktop/microros_ws/install/drive_base_msgs/include/drive_base_msgs/msg/detail
-- Up-to-date: /home/devpc/Desktop/microros_ws/install/drive_base_msgs/include/drive_base_msgs/msg/detail/base_info__rosidl_typesupport_fastrtps_cpp.hpp
-- Up-to-date: /home/devpc/Desktop/microros_ws/install/drive_base_msgs/include/drive_base_msgs/msg/detail/command_header__rosidl_typesupport_fastrtps_cpp.hpp
-- Up-to-date: /home/devpc/Desktop/microros_ws/install/drive_base_msgs/include/drive_base_msgs/msg/detail/trv_command__rosidl_typesupport_fastrtps_cpp.hpp
-- Up-to-date: /home/devpc/Desktop/microros_ws/install/drive_base_msgs/include/drive_base_msgs/msg/detail/command_status__rosidl_typesupport_fastrtps_cpp.hpp
-- Up-to-date: /home/devpc/Desktop/microros_ws/install/drive_base_msgs/include/drive_base_msgs/msg/detail/dds_fastrtps
-- Up-to-date: /home/devpc/Desktop/microros_ws/install/drive_base_msgs/include/drive_base_msgs/msg/rosidl_typesupport_fastrtps_cpp__visibility_control.h
-- Up-to-date: /home/devpc/Desktop/microros_ws/install/drive_base_msgs/lib/libdrive_base_msgs__rosidl_typesupport_fastrtps_cpp.so
-- Up-to-date: /home/devpc/Desktop/microros_ws/install/drive_base_msgs/include/drive_base_msgs
-- Up-to-date: /home/devpc/Desktop/microros_ws/install/drive_base_msgs/include/drive_base_msgs/msg
-- Up-to-date: /home/devpc/Desktop/microros_ws/install/drive_base_msgs/include/drive_base_msgs/msg/detail
-- Up-to-date: /home/devpc/Desktop/microros_ws/install/drive_base_msgs/include/drive_base_msgs/msg/detail/command_header__type_support.c
-- Up-to-date: /home/devpc/Desktop/microros_ws/install/drive_base_msgs/include/drive_base_msgs/msg/detail/base_info__rosidl_typesupport_introspection_c.h
-- Up-to-date: /home/devpc/Desktop/microros_ws/install/drive_base_msgs/include/drive_base_msgs/msg/detail/trv_command__rosidl_typesupport_introspection_c.h
-- Up-to-date: /home/devpc/Desktop/microros_ws/install/drive_base_msgs/include/drive_base_msgs/msg/detail/base_info__type_support.c
-- Up-to-date: /home/devpc/Desktop/microros_ws/install/drive_base_msgs/include/drive_base_msgs/msg/detail/command_status__rosidl_typesupport_introspection_c.h
-- Up-to-date: /home/devpc/Desktop/microros_ws/install/drive_base_msgs/include/drive_base_msgs/msg/detail/command_header__rosidl_typesupport_introspection_c.h
-- Up-to-date: /home/devpc/Desktop/microros_ws/install/drive_base_msgs/include/drive_base_msgs/msg/detail/command_status__type_support.c
-- Up-to-date: /home/devpc/Desktop/microros_ws/install/drive_base_msgs/include/drive_base_msgs/msg/detail/trv_command__type_support.c
-- Up-to-date: /home/devpc/Desktop/microros_ws/install/drive_base_msgs/include/drive_base_msgs/msg/rosidl_typesupport_introspection_c__visibility_control.h
-- Up-to-date: /home/devpc/Desktop/microros_ws/install/drive_base_msgs/lib/libdrive_base_msgs__rosidl_typesupport_introspection_c.so
-- Up-to-date: /home/devpc/Desktop/microros_ws/install/drive_base_msgs/lib/libdrive_base_msgs__rosidl_typesupport_c.so
-- Up-to-date: /home/devpc/Desktop/microros_ws/install/drive_base_msgs/include/drive_base_msgs
-- Up-to-date: /home/devpc/Desktop/microros_ws/install/drive_base_msgs/include/drive_base_msgs/msg
-- Up-to-date: /home/devpc/Desktop/microros_ws/install/drive_base_msgs/include/drive_base_msgs/msg/detail
-- Up-to-date: /home/devpc/Desktop/microros_ws/install/drive_base_msgs/include/drive_base_msgs/msg/detail/command_header__struct.hpp
-- Up-to-date: /home/devpc/Desktop/microros_ws/install/drive_base_msgs/include/drive_base_msgs/msg/detail/command_header__traits.hpp
-- Up-to-date: /home/devpc/Desktop/microros_ws/install/drive_base_msgs/include/drive_base_msgs/msg/detail/trv_command__builder.hpp
-- Up-to-date: /home/devpc/Desktop/microros_ws/install/drive_base_msgs/include/drive_base_msgs/msg/detail/base_info__struct.hpp
-- Up-to-date: /home/devpc/Desktop/microros_ws/install/drive_base_msgs/include/drive_base_msgs/msg/detail/command_status__traits.hpp
-- Up-to-date: /home/devpc/Desktop/microros_ws/install/drive_base_msgs/include/drive_base_msgs/msg/detail/command_status__struct.hpp
-- Up-to-date: /home/devpc/Desktop/microros_ws/install/drive_base_msgs/include/drive_base_msgs/msg/detail/command_status__builder.hpp
-- Up-to-date: /home/devpc/Desktop/microros_ws/install/drive_base_msgs/include/drive_base_msgs/msg/detail/trv_command__struct.hpp
-- Up-to-date: /home/devpc/Desktop/microros_ws/install/drive_base_msgs/include/drive_base_msgs/msg/detail/command_header__builder.hpp
-- Up-to-date: /home/devpc/Desktop/microros_ws/install/drive_base_msgs/include/drive_base_msgs/msg/detail/trv_command__traits.hpp
-- Up-to-date: /home/devpc/Desktop/microros_ws/install/drive_base_msgs/include/drive_base_msgs/msg/detail/base_info__builder.hpp
-- Up-to-date: /home/devpc/Desktop/microros_ws/install/drive_base_msgs/include/drive_base_msgs/msg/detail/base_info__traits.hpp
-- Up-to-date: /home/devpc/Desktop/microros_ws/install/drive_base_msgs/include/drive_base_msgs/msg/command_header.hpp
-- Up-to-date: /home/devpc/Desktop/microros_ws/install/drive_base_msgs/include/drive_base_msgs/msg/base_info.hpp
-- Up-to-date: /home/devpc/Desktop/microros_ws/install/drive_base_msgs/include/drive_base_msgs/msg/trv_command.hpp
-- Up-to-date: /home/devpc/Desktop/microros_ws/install/drive_base_msgs/include/drive_base_msgs/msg/command_status.hpp
-- Up-to-date: /home/devpc/Desktop/microros_ws/install/drive_base_msgs/include/drive_base_msgs
-- Up-to-date: /home/devpc/Desktop/microros_ws/install/drive_base_msgs/include/drive_base_msgs/msg
-- Up-to-date: /home/devpc/Desktop/microros_ws/install/drive_base_msgs/include/drive_base_msgs/msg/detail
-- Up-to-date: /home/devpc/Desktop/microros_ws/install/drive_base_msgs/include/drive_base_msgs/msg/detail/command_status__rosidl_typesupport_microxrcedds_cpp.hpp
-- Up-to-date: /home/devpc/Desktop/microros_ws/install/drive_base_msgs/include/drive_base_msgs/msg/detail/base_info__rosidl_typesupport_microxrcedds_cpp.hpp
-- Up-to-date: /home/devpc/Desktop/microros_ws/install/drive_base_msgs/include/drive_base_msgs/msg/detail/command_header__rosidl_typesupport_microxrcedds_cpp.hpp
-- Up-to-date: /home/devpc/Desktop/microros_ws/install/drive_base_msgs/include/drive_base_msgs/msg/detail/trv_command__rosidl_typesupport_microxrcedds_cpp.hpp
-- Up-to-date: /home/devpc/Desktop/microros_ws/install/drive_base_msgs/include/drive_base_msgs/msg/detail/microxrcedds
-- Up-to-date: /home/devpc/Desktop/microros_ws/install/drive_base_msgs/include/drive_base_msgs/msg/detail/microxrcedds/trv_command__type_support_cpp.cpp
-- Up-to-date: /home/devpc/Desktop/microros_ws/install/drive_base_msgs/include/drive_base_msgs/msg/detail/microxrcedds/command_status__type_support_cpp.cpp
-- Up-to-date: /home/devpc/Desktop/microros_ws/install/drive_base_msgs/include/drive_base_msgs/msg/detail/microxrcedds/base_info__type_support_cpp.cpp
-- Up-to-date: /home/devpc/Desktop/microros_ws/install/drive_base_msgs/include/drive_base_msgs/msg/detail/microxrcedds/command_header__type_support_cpp.cpp
-- Up-to-date: /home/devpc/Desktop/microros_ws/install/drive_base_msgs/include/drive_base_msgs/msg/rosidl_typesupport_microxrcedds_cpp__visibility_control.h
-- Up-to-date: /home/devpc/Desktop/microros_ws/install/drive_base_msgs/lib/libdrive_base_msgs__rosidl_typesupport_microxrcedds_cpp.so
-- Up-to-date: /home/devpc/Desktop/microros_ws/install/drive_base_msgs/include/drive_base_msgs
-- Up-to-date: /home/devpc/Desktop/microros_ws/install/drive_base_msgs/include/drive_base_msgs/msg
-- Up-to-date: /home/devpc/Desktop/microros_ws/install/drive_base_msgs/include/drive_base_msgs/msg/detail
-- Up-to-date: /home/devpc/Desktop/microros_ws/install/drive_base_msgs/include/drive_base_msgs/msg/detail/base_info__rosidl_typesupport_introspection_cpp.hpp
-- Up-to-date: /home/devpc/Desktop/microros_ws/install/drive_base_msgs/include/drive_base_msgs/msg/detail/command_status__rosidl_typesupport_introspection_cpp.hpp
-- Up-to-date: /home/devpc/Desktop/microros_ws/install/drive_base_msgs/include/drive_base_msgs/msg/detail/command_status__type_support.cpp
-- Up-to-date: /home/devpc/Desktop/microros_ws/install/drive_base_msgs/include/drive_base_msgs/msg/detail/base_info__type_support.cpp
-- Up-to-date: /home/devpc/Desktop/microros_ws/install/drive_base_msgs/include/drive_base_msgs/msg/detail/command_header__type_support.cpp
-- Up-to-date: /home/devpc/Desktop/microros_ws/install/drive_base_msgs/include/drive_base_msgs/msg/detail/command_header__rosidl_typesupport_introspection_cpp.hpp
-- Up-to-date: /home/devpc/Desktop/microros_ws/install/drive_base_msgs/include/drive_base_msgs/msg/detail/trv_command__type_support.cpp
-- Up-to-date: /home/devpc/Desktop/microros_ws/install/drive_base_msgs/include/drive_base_msgs/msg/detail/trv_command__rosidl_typesupport_introspection_cpp.hpp
-- Up-to-date: /home/devpc/Desktop/microros_ws/install/drive_base_msgs/lib/libdrive_base_msgs__rosidl_typesupport_introspection_cpp.so
-- Up-to-date: /home/devpc/Desktop/microros_ws/install/drive_base_msgs/lib/libdrive_base_msgs__rosidl_typesupport_cpp.so
-- Up-to-date: /home/devpc/Desktop/microros_ws/install/drive_base_msgs/share/drive_base_msgs/environment/pythonpath.sh
-- Up-to-date: /home/devpc/Desktop/microros_ws/install/drive_base_msgs/share/drive_base_msgs/environment/pythonpath.dsv
-- Up-to-date: /home/devpc/Desktop/microros_ws/install/drive_base_msgs/lib/python3.8/site-packages/drive_base_msgs/__init__.py
-- Up-to-date: /home/devpc/Desktop/microros_ws/install/drive_base_msgs/lib/python3.8/site-packages/drive_base_msgs/msg
-- Up-to-date: /home/devpc/Desktop/microros_ws/install/drive_base_msgs/lib/python3.8/site-packages/drive_base_msgs/msg/_command_status.py
-- Up-to-date: /home/devpc/Desktop/microros_ws/install/drive_base_msgs/lib/python3.8/site-packages/drive_base_msgs/msg/__init__.py
-- Up-to-date: /home/devpc/Desktop/microros_ws/install/drive_base_msgs/lib/python3.8/site-packages/drive_base_msgs/msg/_command_header.py
-- Up-to-date: /home/devpc/Desktop/microros_ws/install/drive_base_msgs/lib/python3.8/site-packages/drive_base_msgs/msg/_trv_command.py
-- Up-to-date: /home/devpc/Desktop/microros_ws/install/drive_base_msgs/lib/python3.8/site-packages/drive_base_msgs/msg/_base_info_s.c
-- Up-to-date: /home/devpc/Desktop/microros_ws/install/drive_base_msgs/lib/python3.8/site-packages/drive_base_msgs/msg/_command_status_s.c
-- Up-to-date: /home/devpc/Desktop/microros_ws/install/drive_base_msgs/lib/python3.8/site-packages/drive_base_msgs/msg/_base_info.py
-- Up-to-date: /home/devpc/Desktop/microros_ws/install/drive_base_msgs/lib/python3.8/site-packages/drive_base_msgs/msg/_trv_command_s.c
-- Up-to-date: /home/devpc/Desktop/microros_ws/install/drive_base_msgs/lib/python3.8/site-packages/drive_base_msgs/msg/_command_header_s.c
-- Up-to-date: /home/devpc/Desktop/microros_ws/install/drive_base_msgs/lib/python3.8/site-packages/drive_base_msgs/drive_base_msgs_s__rosidl_typesupport_microxrcedds_c.cpython-38-x86_64-linux-gnu.so
-- Up-to-date: /home/devpc/Desktop/microros_ws/install/drive_base_msgs/lib/python3.8/site-packages/drive_base_msgs/drive_base_msgs_s__rosidl_typesupport_fastrtps_c.cpython-38-x86_64-linux-gnu.so
-- Up-to-date: /home/devpc/Desktop/microros_ws/install/drive_base_msgs/lib/python3.8/site-packages/drive_base_msgs/drive_base_msgs_s__rosidl_typesupport_introspection_c.cpython-38-x86_64-linux-gnu.so
-- Up-to-date: /home/devpc/Desktop/microros_ws/install/drive_base_msgs/lib/python3.8/site-packages/drive_base_msgs/drive_base_msgs_s__rosidl_typesupport_c.cpython-38-x86_64-linux-gnu.so
-- Up-to-date: /home/devpc/Desktop/microros_ws/install/drive_base_msgs/lib/libdrive_base_msgs__python.so
-- Up-to-date: /home/devpc/Desktop/microros_ws/install/drive_base_msgs/share/drive_base_msgs/msg/CommandHeader.idl
-- Up-to-date: /home/devpc/Desktop/microros_ws/install/drive_base_msgs/share/drive_base_msgs/msg/BaseInfo.idl
-- Up-to-date: /home/devpc/Desktop/microros_ws/install/drive_base_msgs/share/drive_base_msgs/msg/CommandStatus.idl
-- Up-to-date: /home/devpc/Desktop/microros_ws/install/drive_base_msgs/share/drive_base_msgs/msg/TRVCommand.idl
-- Up-to-date: /home/devpc/Desktop/microros_ws/install/drive_base_msgs/share/drive_base_msgs/msg/CommandHeader.msg
-- Up-to-date: /home/devpc/Desktop/microros_ws/install/drive_base_msgs/share/drive_base_msgs/msg/BaseInfo.msg
-- Up-to-date: /home/devpc/Desktop/microros_ws/install/drive_base_msgs/share/drive_base_msgs/msg/CommandStatus.msg
-- Up-to-date: /home/devpc/Desktop/microros_ws/install/drive_base_msgs/share/drive_base_msgs/msg/TRVCommand.msg
-- Up-to-date: /home/devpc/Desktop/microros_ws/install/drive_base_msgs/share/ament_index/resource_index/package_run_dependencies/drive_base_msgs
-- Up-to-date: /home/devpc/Desktop/microros_ws/install/drive_base_msgs/share/ament_index/resource_index/parent_prefix_path/drive_base_msgs
-- Up-to-date: /home/devpc/Desktop/microros_ws/install/drive_base_msgs/share/drive_base_msgs/environment/ament_prefix_path.sh
-- Up-to-date: /home/devpc/Desktop/microros_ws/install/drive_base_msgs/share/drive_base_msgs/environment/ament_prefix_path.dsv
-- Up-to-date: /home/devpc/Desktop/microros_ws/install/drive_base_msgs/share/drive_base_msgs/environment/path.sh
-- Up-to-date: /home/devpc/Desktop/microros_ws/install/drive_base_msgs/share/drive_base_msgs/environment/path.dsv
-- Up-to-date: /home/devpc/Desktop/microros_ws/install/drive_base_msgs/share/drive_base_msgs/local_setup.bash
-- Up-to-date: /home/devpc/Desktop/microros_ws/install/drive_base_msgs/share/drive_base_msgs/local_setup.sh
-- Up-to-date: /home/devpc/Desktop/microros_ws/install/drive_base_msgs/share/drive_base_msgs/local_setup.zsh
-- Up-to-date: /home/devpc/Desktop/microros_ws/install/drive_base_msgs/share/drive_base_msgs/local_setup.dsv
-- Installing: /home/devpc/Desktop/microros_ws/install/drive_base_msgs/share/drive_base_msgs/package.dsv
-- Up-to-date: /home/devpc/Desktop/microros_ws/install/drive_base_msgs/share/ament_index/resource_index/packages/drive_base_msgs
-- Up-to-date: /home/devpc/Desktop/microros_ws/install/drive_base_msgs/share/drive_base_msgs/cmake/drive_base_msgs__rosidl_generator_cExport.cmake
-- Up-to-date: /home/devpc/Desktop/microros_ws/install/drive_base_msgs/share/drive_base_msgs/cmake/drive_base_msgs__rosidl_generator_cExport-noconfig.cmake
-- Up-to-date: /home/devpc/Desktop/microros_ws/install/drive_base_msgs/share/drive_base_msgs/cmake/drive_base_msgs__rosidl_typesupport_introspection_cExport.cmake
-- Up-to-date: /home/devpc/Desktop/microros_ws/install/drive_base_msgs/share/drive_base_msgs/cmake/drive_base_msgs__rosidl_typesupport_introspection_cExport-noconfig.cmake
-- Up-to-date: /home/devpc/Desktop/microros_ws/install/drive_base_msgs/share/drive_base_msgs/cmake/drive_base_msgs__rosidl_typesupport_cExport.cmake
-- Up-to-date: /home/devpc/Desktop/microros_ws/install/drive_base_msgs/share/drive_base_msgs/cmake/drive_base_msgs__rosidl_typesupport_cExport-noconfig.cmake
-- Up-to-date: /home/devpc/Desktop/microros_ws/install/drive_base_msgs/share/drive_base_msgs/cmake/drive_base_msgs__rosidl_generator_cppExport.cmake
-- Up-to-date: /home/devpc/Desktop/microros_ws/install/drive_base_msgs/share/drive_base_msgs/cmake/drive_base_msgs__rosidl_typesupport_introspection_cppExport.cmake
-- Up-to-date: /home/devpc/Desktop/microros_ws/install/drive_base_msgs/share/drive_base_msgs/cmake/drive_base_msgs__rosidl_typesupport_introspection_cppExport-noconfig.cmake
-- Up-to-date: /home/devpc/Desktop/microros_ws/install/drive_base_msgs/share/drive_base_msgs/cmake/drive_base_msgs__rosidl_typesupport_cppExport.cmake
-- Up-to-date: /home/devpc/Desktop/microros_ws/install/drive_base_msgs/share/drive_base_msgs/cmake/drive_base_msgs__rosidl_typesupport_cppExport-noconfig.cmake
-- Up-to-date: /home/devpc/Desktop/microros_ws/install/drive_base_msgs/share/drive_base_msgs/cmake/rosidl_cmake-extras.cmake
-- Up-to-date: /home/devpc/Desktop/microros_ws/install/drive_base_msgs/share/drive_base_msgs/cmake/ament_cmake_export_dependencies-extras.cmake
-- Up-to-date: /home/devpc/Desktop/microros_ws/install/drive_base_msgs/share/drive_base_msgs/cmake/ament_cmake_export_libraries-extras.cmake
-- Up-to-date: /home/devpc/Desktop/microros_ws/install/drive_base_msgs/share/drive_base_msgs/cmake/ament_cmake_export_targets-extras.cmake
-- Up-to-date: /home/devpc/Desktop/microros_ws/install/drive_base_msgs/share/drive_base_msgs/cmake/ament_cmake_export_include_directories-extras.cmake
-- Up-to-date: /home/devpc/Desktop/microros_ws/install/drive_base_msgs/share/drive_base_msgs/cmake/rosidl_cmake_export_typesupport_libraries-extras.cmake
-- Up-to-date: /home/devpc/Desktop/microros_ws/install/drive_base_msgs/share/drive_base_msgs/cmake/rosidl_cmake_export_typesupport_targets-extras.cmake
-- Up-to-date: /home/devpc/Desktop/microros_ws/install/drive_base_msgs/share/drive_base_msgs/cmake/drive_base_msgsConfig.cmake
-- Up-to-date: /home/devpc/Desktop/microros_ws/install/drive_base_msgs/share/drive_base_msgs/cmake/drive_base_msgsConfig-version.cmake
-- Up-to-date: /home/devpc/Desktop/microros_ws/install/drive_base_msgs/share/drive_base_msgs/package.xml
