[0.009s] Invoking command in '/home/devpc/Desktop/microros_ws/build/rosidl_typesupport_microxrcedds_c': CMAKE_PREFIX_PATH=/home/devpc/Desktop/microros_ws/install/microcdr:/home/devpc/Desktop/microros_ws/install/micro_ros_agent:/home/devpc/Desktop/microros_ws/install/microxrcedds_agent:/home/devpc/Desktop/microros_ws/install/micro_ros_setup:/home/devpc/Desktop/microros_ws/install/micro_ros_msgs:/home/devpc/Desktop/quad_ws/install/quad_interfaces:/home/devpc/Desktop/quad_ws/install/quad:/opt/ros/foxy LD_LIBRARY_PATH=/home/devpc/Desktop/microros_ws/install/microcdr/lib:${LD_LIBRARY_PATH} /usr/bin/cmake --build /home/devpc/Desktop/microros_ws/build/rosidl_typesupport_microxrcedds_c -- -j8 -l8
[0.052s] [100%] Built target rosidl_typesupport_microxrcedds_c
[0.063s] Invoked command in '/home/devpc/Desktop/microros_ws/build/rosidl_typesupport_microxrcedds_c' returned '0': CMAKE_PREFIX_PATH=/home/devpc/Desktop/microros_ws/install/microcdr:/home/devpc/Desktop/microros_ws/install/micro_ros_agent:/home/devpc/Desktop/microros_ws/install/microxrcedds_agent:/home/devpc/Desktop/microros_ws/install/micro_ros_setup:/home/devpc/Desktop/microros_ws/install/micro_ros_msgs:/home/devpc/Desktop/quad_ws/install/quad_interfaces:/home/devpc/Desktop/quad_ws/install/quad:/opt/ros/foxy LD_LIBRARY_PATH=/home/devpc/Desktop/microros_ws/install/microcdr/lib:${LD_LIBRARY_PATH} /usr/bin/cmake --build /home/devpc/Desktop/microros_ws/build/rosidl_typesupport_microxrcedds_c -- -j8 -l8
[0.084s] Invoking command in '/home/devpc/Desktop/microros_ws/build/rosidl_typesupport_microxrcedds_c': CMAKE_PREFIX_PATH=/home/devpc/Desktop/microros_ws/install/microcdr:/home/devpc/Desktop/microros_ws/install/micro_ros_agent:/home/devpc/Desktop/microros_ws/install/microxrcedds_agent:/home/devpc/Desktop/microros_ws/install/micro_ros_setup:/home/devpc/Desktop/microros_ws/install/micro_ros_msgs:/home/devpc/Desktop/quad_ws/install/quad_interfaces:/home/devpc/Desktop/quad_ws/install/quad:/opt/ros/foxy LD_LIBRARY_PATH=/home/devpc/Desktop/microros_ws/install/microcdr/lib:${LD_LIBRARY_PATH} /usr/bin/cmake --install /home/devpc/Desktop/microros_ws/build/rosidl_typesupport_microxrcedds_c
[0.093s] -- Install configuration: ""
[0.093s] -- Up-to-date: /home/devpc/Desktop/microros_ws/install/rosidl_typesupport_microxrcedds_c/share/rosidl_typesupport_microxrcedds_c/environment/pythonpath.sh
[0.093s] -- Up-to-date: /home/devpc/Desktop/microros_ws/install/rosidl_typesupport_microxrcedds_c/share/rosidl_typesupport_microxrcedds_c/environment/pythonpath.dsv
[0.093s] -- Up-to-date: /home/devpc/Desktop/microros_ws/install/rosidl_typesupport_microxrcedds_c/lib/python3.8/site-packages/rosidl_typesupport_microxrcedds_c
[0.093s] -- Up-to-date: /home/devpc/Desktop/microros_ws/install/rosidl_typesupport_microxrcedds_c/lib/python3.8/site-packages/rosidl_typesupport_microxrcedds_c/__init__.py
[0.119s] Listing '/home/devpc/Desktop/microros_ws/install/rosidl_typesupport_microxrcedds_c/lib/python3.8/site-packages/rosidl_typesupport_microxrcedds_c'...
[0.123s] -- Up-to-date: /home/devpc/Desktop/microros_ws/install/rosidl_typesupport_microxrcedds_c/share/rosidl_typesupport_microxrcedds_c/environment/library_path.sh
[0.123s] -- Up-to-date: /home/devpc/Desktop/microros_ws/install/rosidl_typesupport_microxrcedds_c/share/rosidl_typesupport_microxrcedds_c/environment/library_path.dsv
[0.124s] -- Up-to-date: /home/devpc/Desktop/microros_ws/install/rosidl_typesupport_microxrcedds_c/share/ament_index/resource_index/rosidl_typesupport_c/rosidl_typesupport_microxrcedds_c
[0.124s] -- Up-to-date: /home/devpc/Desktop/microros_ws/install/rosidl_typesupport_microxrcedds_c/share/ament_index/resource_index/package_run_dependencies/rosidl_typesupport_microxrcedds_c
[0.124s] -- Up-to-date: /home/devpc/Desktop/microros_ws/install/rosidl_typesupport_microxrcedds_c/share/ament_index/resource_index/parent_prefix_path/rosidl_typesupport_microxrcedds_c
[0.124s] -- Up-to-date: /home/devpc/Desktop/microros_ws/install/rosidl_typesupport_microxrcedds_c/share/rosidl_typesupport_microxrcedds_c/environment/ament_prefix_path.sh
[0.124s] -- Up-to-date: /home/devpc/Desktop/microros_ws/install/rosidl_typesupport_microxrcedds_c/share/rosidl_typesupport_microxrcedds_c/environment/ament_prefix_path.dsv
[0.125s] -- Up-to-date: /home/devpc/Desktop/microros_ws/install/rosidl_typesupport_microxrcedds_c/share/rosidl_typesupport_microxrcedds_c/environment/path.sh
[0.125s] -- Up-to-date: /home/devpc/Desktop/microros_ws/install/rosidl_typesupport_microxrcedds_c/share/rosidl_typesupport_microxrcedds_c/environment/path.dsv
[0.125s] -- Up-to-date: /home/devpc/Desktop/microros_ws/install/rosidl_typesupport_microxrcedds_c/share/rosidl_typesupport_microxrcedds_c/local_setup.bash
[0.126s] -- Up-to-date: /home/devpc/Desktop/microros_ws/install/rosidl_typesupport_microxrcedds_c/share/rosidl_typesupport_microxrcedds_c/local_setup.sh
[0.126s] -- Up-to-date: /home/devpc/Desktop/microros_ws/install/rosidl_typesupport_microxrcedds_c/share/rosidl_typesupport_microxrcedds_c/local_setup.zsh
[0.126s] -- Up-to-date: /home/devpc/Desktop/microros_ws/install/rosidl_typesupport_microxrcedds_c/share/rosidl_typesupport_microxrcedds_c/local_setup.dsv
[0.127s] -- Installing: /home/devpc/Desktop/microros_ws/install/rosidl_typesupport_microxrcedds_c/share/rosidl_typesupport_microxrcedds_c/package.dsv
[0.127s] -- Up-to-date: /home/devpc/Desktop/microros_ws/install/rosidl_typesupport_microxrcedds_c/share/ament_index/resource_index/packages/rosidl_typesupport_microxrcedds_c
[0.127s] -- Up-to-date: /home/devpc/Desktop/microros_ws/install/rosidl_typesupport_microxrcedds_c/share/rosidl_typesupport_microxrcedds_c/cmake/rosidl_typesupport_microxrcedds_cExport.cmake
[0.127s] -- Up-to-date: /home/devpc/Desktop/microros_ws/install/rosidl_typesupport_microxrcedds_c/share/rosidl_typesupport_microxrcedds_c/cmake/rosidl_typesupport_microxrcedds_cExport-noconfig.cmake
[0.127s] -- Up-to-date: /home/devpc/Desktop/microros_ws/install/rosidl_typesupport_microxrcedds_c/share/rosidl_typesupport_microxrcedds_c/cmake/rosidl_typesupport_microxrcedds_c-extras.cmake
[0.128s] -- Up-to-date: /home/devpc/Desktop/microros_ws/install/rosidl_typesupport_microxrcedds_c/share/rosidl_typesupport_microxrcedds_c/cmake/ament_cmake_export_dependencies-extras.cmake
[0.128s] -- Up-to-date: /home/devpc/Desktop/microros_ws/install/rosidl_typesupport_microxrcedds_c/share/rosidl_typesupport_microxrcedds_c/cmake/ament_cmake_export_include_directories-extras.cmake
[0.128s] -- Up-to-date: /home/devpc/Desktop/microros_ws/install/rosidl_typesupport_microxrcedds_c/share/rosidl_typesupport_microxrcedds_c/cmake/ament_cmake_export_libraries-extras.cmake
[0.128s] -- Up-to-date: /home/devpc/Desktop/microros_ws/install/rosidl_typesupport_microxrcedds_c/share/rosidl_typesupport_microxrcedds_c/cmake/ament_cmake_export_targets-extras.cmake
[0.128s] -- Up-to-date: /home/devpc/Desktop/microros_ws/install/rosidl_typesupport_microxrcedds_c/share/rosidl_typesupport_microxrcedds_c/cmake/rosidl_typesupport_microxrcedds_cConfig.cmake
[0.129s] -- Up-to-date: /home/devpc/Desktop/microros_ws/install/rosidl_typesupport_microxrcedds_c/share/rosidl_typesupport_microxrcedds_c/cmake/rosidl_typesupport_microxrcedds_cConfig-version.cmake
[0.129s] -- Up-to-date: /home/devpc/Desktop/microros_ws/install/rosidl_typesupport_microxrcedds_c/share/rosidl_typesupport_microxrcedds_c/package.xml
[0.129s] -- Up-to-date: /home/devpc/Desktop/microros_ws/install/rosidl_typesupport_microxrcedds_c/lib/rosidl_typesupport_microxrcedds_c/rosidl_typesupport_microxrcedds_c
[0.129s] -- Up-to-date: /home/devpc/Desktop/microros_ws/install/rosidl_typesupport_microxrcedds_c/share/rosidl_typesupport_microxrcedds_c/cmake
[0.129s] -- Up-to-date: /home/devpc/Desktop/microros_ws/install/rosidl_typesupport_microxrcedds_c/share/rosidl_typesupport_microxrcedds_c/cmake/rosidl_typesupport_microxrcedds_c_generate_interfaces.cmake
[0.129s] -- Up-to-date: /home/devpc/Desktop/microros_ws/install/rosidl_typesupport_microxrcedds_c/share/rosidl_typesupport_microxrcedds_c/resource
[0.129s] -- Up-to-date: /home/devpc/Desktop/microros_ws/install/rosidl_typesupport_microxrcedds_c/share/rosidl_typesupport_microxrcedds_c/resource/idl__type_support_c.c.em
[0.130s] -- Up-to-date: /home/devpc/Desktop/microros_ws/install/rosidl_typesupport_microxrcedds_c/share/rosidl_typesupport_microxrcedds_c/resource/srv__type_support_c.c.em
[0.130s] -- Up-to-date: /home/devpc/Desktop/microros_ws/install/rosidl_typesupport_microxrcedds_c/share/rosidl_typesupport_microxrcedds_c/resource/msg__rosidl_typesupport_microxrcedds_c.h.em
[0.131s] -- Up-to-date: /home/devpc/Desktop/microros_ws/install/rosidl_typesupport_microxrcedds_c/share/rosidl_typesupport_microxrcedds_c/resource/srv__rosidl_typesupport_microxrcedds_c.h.em
[0.134s] -- Up-to-date: /home/devpc/Desktop/microros_ws/install/rosidl_typesupport_microxrcedds_c/share/rosidl_typesupport_microxrcedds_c/resource/rosidl_typesupport_microxrcedds_c__visibility_control.h.in
[0.134s] -- Up-to-date: /home/devpc/Desktop/microros_ws/install/rosidl_typesupport_microxrcedds_c/share/rosidl_typesupport_microxrcedds_c/resource/msg__type_support_c.c.em
[0.134s] -- Up-to-date: /home/devpc/Desktop/microros_ws/install/rosidl_typesupport_microxrcedds_c/share/rosidl_typesupport_microxrcedds_c/resource/idl__rosidl_typesupport_microxrcedds_c.h.em
[0.134s] -- Up-to-date: /home/devpc/Desktop/microros_ws/install/rosidl_typesupport_microxrcedds_c/include
[0.135s] -- Up-to-date: /home/devpc/Desktop/microros_ws/install/rosidl_typesupport_microxrcedds_c/include/rosidl_typesupport_microxrcedds_c
[0.135s] -- Up-to-date: /home/devpc/Desktop/microros_ws/install/rosidl_typesupport_microxrcedds_c/include/rosidl_typesupport_microxrcedds_c/service_type_support.h
[0.135s] -- Up-to-date: /home/devpc/Desktop/microros_ws/install/rosidl_typesupport_microxrcedds_c/include/rosidl_typesupport_microxrcedds_c/deserialize_buffer_utility.h
[0.135s] -- Up-to-date: /home/devpc/Desktop/microros_ws/install/rosidl_typesupport_microxrcedds_c/include/rosidl_typesupport_microxrcedds_c/identifier.h
[0.135s] -- Up-to-date: /home/devpc/Desktop/microros_ws/install/rosidl_typesupport_microxrcedds_c/include/rosidl_typesupport_microxrcedds_c/message_type_support.h
[0.135s] -- Up-to-date: /home/devpc/Desktop/microros_ws/install/rosidl_typesupport_microxrcedds_c/include/rosidl_typesupport_microxrcedds_c/visibility_control.h
[0.135s] -- Up-to-date: /home/devpc/Desktop/microros_ws/install/rosidl_typesupport_microxrcedds_c/lib/librosidl_typesupport_microxrcedds_c.so
[0.136s] Invoked command in '/home/devpc/Desktop/microros_ws/build/rosidl_typesupport_microxrcedds_c' returned '0': CMAKE_PREFIX_PATH=/home/devpc/Desktop/microros_ws/install/microcdr:/home/devpc/Desktop/microros_ws/install/micro_ros_agent:/home/devpc/Desktop/microros_ws/install/microxrcedds_agent:/home/devpc/Desktop/microros_ws/install/micro_ros_setup:/home/devpc/Desktop/microros_ws/install/micro_ros_msgs:/home/devpc/Desktop/quad_ws/install/quad_interfaces:/home/devpc/Desktop/quad_ws/install/quad:/opt/ros/foxy LD_LIBRARY_PATH=/home/devpc/Desktop/microros_ws/install/microcdr/lib:${LD_LIBRARY_PATH} /usr/bin/cmake --install /home/devpc/Desktop/microros_ws/build/rosidl_typesupport_microxrcedds_c
