[0.792s] Invoking command in '/home/devpc/Desktop/quad_ws/src/joystick_ros2': PYTHONPATH=/home/devpc/Desktop/quad_ws/install/joystick_ros2/lib/python3.8/site-packages:${PYTHONPATH} /usr/bin/python3 setup.py egg_info --egg-base ../../build/joystick_ros2 build --build-base /home/devpc/Desktop/quad_ws/build/joystick_ros2/build install --prefix /home/devpc/Desktop/quad_ws/install/joystick_ros2 --record /home/devpc/Desktop/quad_ws/build/joystick_ros2/install.log --single-version-externally-managed
[1.119s] running egg_info
[1.120s] writing ../../build/joystick_ros2/joystick_ros2.egg-info/PKG-INFO
[1.120s] writing dependency_links to ../../build/joystick_ros2/joystick_ros2.egg-info/dependency_links.txt
[1.121s] writing entry points to ../../build/joystick_ros2/joystick_ros2.egg-info/entry_points.txt
[1.121s] writing requirements to ../../build/joystick_ros2/joystick_ros2.egg-info/requires.txt
[1.121s] writing top-level names to ../../build/joystick_ros2/joystick_ros2.egg-info/top_level.txt
[1.163s] reading manifest file '../../build/joystick_ros2/joystick_ros2.egg-info/SOURCES.txt'
[1.164s] writing manifest file '../../build/joystick_ros2/joystick_ros2.egg-info/SOURCES.txt'
[1.164s] running build
[1.164s] running build_py
[1.164s] running install
[1.165s] running install_lib
[1.167s] running install_data
[1.167s] running install_egg_info
[1.169s] removing '/home/devpc/Desktop/quad_ws/install/joystick_ros2/lib/python3.8/site-packages/joystick_ros2-0.0.1-py3.8.egg-info' (and everything under it)
[1.169s] Copying ../../build/joystick_ros2/joystick_ros2.egg-info to /home/devpc/Desktop/quad_ws/install/joystick_ros2/lib/python3.8/site-packages/joystick_ros2-0.0.1-py3.8.egg-info
[1.170s] running install_scripts
[1.188s] Installing joystick_ros2 script to /home/devpc/Desktop/quad_ws/install/joystick_ros2/lib/joystick_ros2
[1.189s] writing list of installed files to '/home/devpc/Desktop/quad_ws/build/joystick_ros2/install.log'
[1.219s] Invoked command in '/home/devpc/Desktop/quad_ws/src/joystick_ros2' returned '0': PYTHONPATH=/home/devpc/Desktop/quad_ws/install/joystick_ros2/lib/python3.8/site-packages:${PYTHONPATH} /usr/bin/python3 setup.py egg_info --egg-base ../../build/joystick_ros2 build --build-base /home/devpc/Desktop/quad_ws/build/joystick_ros2/build install --prefix /home/devpc/Desktop/quad_ws/install/joystick_ros2 --record /home/devpc/Desktop/quad_ws/build/joystick_ros2/install.log --single-version-externally-managed
