[0.544s] Invoking command in '/home/devpc/Desktop/quad_ws/src/quad': PYTHONPATH=/home/devpc/Desktop/quad_ws/install/quad/lib/python3.8/site-packages:${PYTHONPATH} /usr/bin/python3 setup.py egg_info --egg-base ../../build/quad build --build-base /home/devpc/Desktop/quad_ws/build/quad/build install --prefix /home/devpc/Desktop/quad_ws/install/quad --record /home/devpc/Desktop/quad_ws/build/quad/install.log --single-version-externally-managed
[0.877s] running egg_info
[0.877s] writing ../../build/quad/quad.egg-info/PKG-INFO
[0.877s] writing dependency_links to ../../build/quad/quad.egg-info/dependency_links.txt
[0.878s] writing entry points to ../../build/quad/quad.egg-info/entry_points.txt
[0.878s] writing requirements to ../../build/quad/quad.egg-info/requires.txt
[0.878s] writing top-level names to ../../build/quad/quad.egg-info/top_level.txt
[0.914s] reading manifest file '../../build/quad/quad.egg-info/SOURCES.txt'
[0.915s] writing manifest file '../../build/quad/quad.egg-info/SOURCES.txt'
[0.916s] running build
[0.916s] running build_py
[0.916s] running install
[0.917s] running install_lib
[0.919s] running install_data
[0.919s] creating /home/devpc/Desktop/quad_ws/install/quad/share/quad/urdf
[0.919s] running install_egg_info
[0.921s] removing '/home/devpc/Desktop/quad_ws/install/quad/lib/python3.8/site-packages/quad-0.0.1-py3.8.egg-info' (and everything under it)
[0.921s] Copying ../../build/quad/quad.egg-info to /home/devpc/Desktop/quad_ws/install/quad/lib/python3.8/site-packages/quad-0.0.1-py3.8.egg-info
[0.922s] running install_scripts
[0.939s] Installing motion_servos_calibration script to /home/devpc/Desktop/quad_ws/install/quad/lib/quad
[0.939s] Installing quad script to /home/devpc/Desktop/quad_ws/install/quad/lib/quad
[0.939s] writing list of installed files to '/home/devpc/Desktop/quad_ws/build/quad/install.log'
[0.967s] Invoked command in '/home/devpc/Desktop/quad_ws/src/quad' returned '0': PYTHONPATH=/home/devpc/Desktop/quad_ws/install/quad/lib/python3.8/site-packages:${PYTHONPATH} /usr/bin/python3 setup.py egg_info --egg-base ../../build/quad build --build-base /home/devpc/Desktop/quad_ws/build/quad/build install --prefix /home/devpc/Desktop/quad_ws/install/quad --record /home/devpc/Desktop/quad_ws/build/quad/install.log --single-version-externally-managed
