[0.773s] Invoking command in '/home/devpc/Desktop/quad_ws/src/teleop': PYTHONPATH=/home/devpc/Desktop/quad_ws/install/teleop/lib/python3.8/site-packages:${PYTHONPATH} /usr/bin/python3 setup.py egg_info --egg-base ../../build/teleop build --build-base /home/devpc/Desktop/quad_ws/build/teleop/build install --prefix /home/devpc/Desktop/quad_ws/install/teleop --record /home/devpc/Desktop/quad_ws/build/teleop/install.log --single-version-externally-managed
[1.093s] running egg_info
[1.094s] writing ../../build/teleop/teleop.egg-info/PKG-INFO
[1.094s] writing dependency_links to ../../build/teleop/teleop.egg-info/dependency_links.txt
[1.094s] writing entry points to ../../build/teleop/teleop.egg-info/entry_points.txt
[1.095s] writing requirements to ../../build/teleop/teleop.egg-info/requires.txt
[1.095s] writing top-level names to ../../build/teleop/teleop.egg-info/top_level.txt
[1.141s] reading manifest file '../../build/teleop/teleop.egg-info/SOURCES.txt'
[1.142s] writing manifest file '../../build/teleop/teleop.egg-info/SOURCES.txt'
[1.142s] running build
[1.142s] running build_py
[1.142s] running install
[1.143s] running install_lib
[1.146s] running install_data
[1.146s] running install_egg_info
[1.148s] removing '/home/devpc/Desktop/quad_ws/install/teleop/lib/python3.8/site-packages/teleop-0.0.0-py3.8.egg-info' (and everything under it)
[1.149s] Copying ../../build/teleop/teleop.egg-info to /home/devpc/Desktop/quad_ws/install/teleop/lib/python3.8/site-packages/teleop-0.0.0-py3.8.egg-info
[1.150s] running install_scripts
[1.173s] Installing teleop script to /home/devpc/Desktop/quad_ws/install/teleop/lib/teleop
[1.173s] writing list of installed files to '/home/devpc/Desktop/quad_ws/build/teleop/install.log'
