-- The C compiler identification is GNU 9.3.0
-- The CXX compiler identification is GNU 9.3.0
-- Check for working C compiler: /usr/bin/cc
-- Check for working C compiler: /usr/bin/cc -- works
-- Detecting C compiler ABI info
-- Detecting C compiler ABI info - done
-- Detecting C compile features
-- Detecting C compile features - done
-- Check for working CXX compiler: /usr/bin/c++
-- Check for working CXX compiler: /usr/bin/c++ -- works
-- Detecting CXX compiler ABI info
-- Detecting CXX compiler ABI info - done
-- Detecting CXX compile features
-- Detecting CXX compile features - done
-- Found ament_cmake: 0.9.8 (/opt/ros/foxy/share/ament_cmake/cmake)
-- Found PythonInterp: /usr/bin/python3 (found suitable version "3.8.10", minimum required is "3") 
-- Using PYTHON_EXECUTABLE: /usr/bin/python3
-- Found rosidl_default_generators: 1.0.1 (/opt/ros/foxy/share/rosidl_default_generators/cmake)
-- Using all available rosidl_typesupport_c: rosidl_typesupport_microxrcedds_c;rosidl_typesupport_fastrtps_c;rosidl_typesupport_introspection_c
-- Found rosidl_adapter: 1.2.1 (/opt/ros/foxy/share/rosidl_adapter/cmake)
-- Found OpenSSL: /usr/lib/x86_64-linux-gnu/libcrypto.so (found version "1.1.1f")  
-- Found FastRTPS: /opt/ros/foxy/include  
-- Using all available rosidl_typesupport_cpp: rosidl_typesupport_microxrcedds_cpp;rosidl_typesupport_fastrtps_cpp;rosidl_typesupport_introspection_cpp
-- Found PythonInterp: /usr/bin/python3 (found version "3.8.10") 
-- Found ament_cmake_cppcheck: 0.9.6 (/opt/ros/foxy/share/ament_cmake_cppcheck/cmake)
-- Found ament_cmake_cpplint: 0.9.6 (/opt/ros/foxy/share/ament_cmake_cpplint/cmake)
-- Found ament_cmake_uncrustify: 0.9.6 (/opt/ros/foxy/share/ament_cmake_uncrustify/cmake)
-- Found ament_cmake_ros: 0.9.2 (/opt/ros/foxy/share/ament_cmake_ros/cmake)
-- Using all available rosidl_typesupport_c: rosidl_typesupport_microxrcedds_c;rosidl_typesupport_fastrtps_c;rosidl_typesupport_introspection_c
-- Using all available rosidl_typesupport_cpp: rosidl_typesupport_microxrcedds_cpp;rosidl_typesupport_fastrtps_cpp;rosidl_typesupport_introspection_cpp
-- Found PythonInterp: /usr/bin/python3 (found suitable version "3.8.10", minimum required is "3.5") 
-- Found python_cmake_module: 0.8.1 (/opt/ros/foxy/share/python_cmake_module/cmake)
-- Found PythonLibs: /usr/lib/x86_64-linux-gnu/libpython3.8.so (found suitable version "3.8.10", minimum required is "3.5") 
-- Using PYTHON_EXECUTABLE: /usr/bin/python3
-- Using PYTHON_INCLUDE_DIRS: /usr/include/python3.8
-- Using PYTHON_LIBRARIES: /usr/lib/x86_64-linux-gnu/libpython3.8.so
-- Found PythonExtra: .so  
-- Found ament_cmake_flake8: 0.9.6 (/opt/ros/foxy/share/ament_cmake_flake8/cmake)
-- Found ament_cmake_pep257: 0.9.6 (/opt/ros/foxy/share/ament_cmake_pep257/cmake)
-- Configuring done
-- Generating done
-- Build files have been written to: /home/devpc/Desktop/microros_ws/build/std_srvs
[35m[1mScanning dependencies of target std_srvs__cpp[0m
[  1%] [34m[1mGenerating C code for ROS interfaces[0m
[  3%] [34m[1mGenerating C++ code for ROS interfaces[0m
[35m[1mScanning dependencies of target std_srvs__rosidl_generator_c[0m
[  5%] [32mBuilding C object CMakeFiles/std_srvs__rosidl_generator_c.dir/rosidl_generator_c/std_srvs/srv/detail/empty__functions.c.o[0m
[  6%] [32mBuilding C object CMakeFiles/std_srvs__rosidl_generator_c.dir/rosidl_generator_c/std_srvs/srv/detail/set_bool__functions.c.o[0m
[  8%] [32mBuilding C object CMakeFiles/std_srvs__rosidl_generator_c.dir/rosidl_generator_c/std_srvs/srv/detail/trigger__functions.c.o[0m
[ 10%] [32m[1mLinking C shared library libstd_srvs__rosidl_generator_c.so[0m
[ 10%] Built target std_srvs__cpp
[ 10%] Built target std_srvs__rosidl_generator_c
[ 11%] [34m[1mGenerating C++ type support for eProsima Micro XRCE-DDS[0m
[ 13%] [34m[1mGenerating C++ type support dispatch for ROS interfaces[0m
[ 15%] [34m[1mGenerating C++ type support for eProsima Fast-RTPS[0m
[ 16%] [34m[1mGenerating C++ introspection for ROS interfaces[0m
[35m[1mScanning dependencies of target std_srvs__rosidl_typesupport_cpp[0m
[ 18%] [32mBuilding CXX object CMakeFiles/std_srvs__rosidl_typesupport_cpp.dir/rosidl_typesupport_cpp/std_srvs/srv/empty__type_support.cpp.o[0m
[ 20%] [32mBuilding CXX object CMakeFiles/std_srvs__rosidl_typesupport_cpp.dir/rosidl_typesupport_cpp/std_srvs/srv/set_bool__type_support.cpp.o[0m
[ 22%] [32mBuilding CXX object CMakeFiles/std_srvs__rosidl_typesupport_cpp.dir/rosidl_typesupport_cpp/std_srvs/srv/trigger__type_support.cpp.o[0m
[35m[1mScanning dependencies of target std_srvs__rosidl_typesupport_fastrtps_cpp[0m
[ 23%] [32mBuilding CXX object CMakeFiles/std_srvs__rosidl_typesupport_fastrtps_cpp.dir/rosidl_typesupport_fastrtps_cpp/std_srvs/srv/detail/dds_fastrtps/empty__type_support.cpp.o[0m
[ 25%] [32mBuilding CXX object CMakeFiles/std_srvs__rosidl_typesupport_fastrtps_cpp.dir/rosidl_typesupport_fastrtps_cpp/std_srvs/srv/detail/dds_fastrtps/trigger__type_support.cpp.o[0m
[ 27%] [32mBuilding CXX object CMakeFiles/std_srvs__rosidl_typesupport_fastrtps_cpp.dir/rosidl_typesupport_fastrtps_cpp/std_srvs/srv/detail/dds_fastrtps/set_bool__type_support.cpp.o[0m
[35m[1mScanning dependencies of target std_srvs__rosidl_typesupport_introspection_cpp[0m
[ 28%] [32mBuilding CXX object CMakeFiles/std_srvs__rosidl_typesupport_introspection_cpp.dir/rosidl_typesupport_introspection_cpp/std_srvs/srv/detail/empty__type_support.cpp.o[0m
[35m[1mScanning dependencies of target std_srvs__rosidl_typesupport_microxrcedds_cpp[0m
[ 30%] [32mBuilding CXX object CMakeFiles/std_srvs__rosidl_typesupport_microxrcedds_cpp.dir/rosidl_typesupport_microxrcedds_cpp/std_srvs/srv/detail/microxrcedds/empty__type_support_cpp.cpp.o[0m
[ 32%] [32mBuilding CXX object CMakeFiles/std_srvs__rosidl_typesupport_introspection_cpp.dir/rosidl_typesupport_introspection_cpp/std_srvs/srv/detail/set_bool__type_support.cpp.o[0m
[ 33%] [32mBuilding CXX object CMakeFiles/std_srvs__rosidl_typesupport_microxrcedds_cpp.dir/rosidl_typesupport_microxrcedds_cpp/std_srvs/srv/detail/microxrcedds/set_bool__type_support_cpp.cpp.o[0m
[ 35%] [32m[1mLinking CXX shared library libstd_srvs__rosidl_typesupport_cpp.so[0m
[ 37%] [32mBuilding CXX object CMakeFiles/std_srvs__rosidl_typesupport_microxrcedds_cpp.dir/rosidl_typesupport_microxrcedds_cpp/std_srvs/srv/detail/microxrcedds/trigger__type_support_cpp.cpp.o[0m
[ 37%] Built target std_srvs__rosidl_typesupport_cpp
[ 38%] [32mBuilding CXX object CMakeFiles/std_srvs__rosidl_typesupport_introspection_cpp.dir/rosidl_typesupport_introspection_cpp/std_srvs/srv/detail/trigger__type_support.cpp.o[0m
[ 40%] [34m[1mGenerating C type support dispatch for ROS interfaces[0m
[ 42%] [32m[1mLinking CXX shared library libstd_srvs__rosidl_typesupport_fastrtps_cpp.so[0m
[ 44%] [34m[1mGenerating C type support for eProsima Micro XRCE-DDS[0m
[ 44%] Built target std_srvs__rosidl_typesupport_fastrtps_cpp
[ 45%] [34m[1mGenerating C introspection for ROS interfaces[0m
[ 47%] [34m[1mGenerating C type support for eProsima Fast-RTPS[0m
[ 49%] [32m[1mLinking CXX shared library libstd_srvs__rosidl_typesupport_introspection_cpp.so[0m
[ 50%] [32m[1mLinking CXX shared library libstd_srvs__rosidl_typesupport_microxrcedds_cpp.so[0m
[ 50%] Built target std_srvs__rosidl_typesupport_introspection_cpp
[35m[1mScanning dependencies of target std_srvs__rosidl_typesupport_c[0m
[ 50%] Built target std_srvs__rosidl_typesupport_microxrcedds_cpp
[ 52%] [32mBuilding CXX object CMakeFiles/std_srvs__rosidl_typesupport_c.dir/rosidl_typesupport_c/std_srvs/srv/empty__type_support.cpp.o[0m
[ 54%] [32mBuilding CXX object CMakeFiles/std_srvs__rosidl_typesupport_c.dir/rosidl_typesupport_c/std_srvs/srv/trigger__type_support.cpp.o[0m
[ 55%] [32mBuilding CXX object CMakeFiles/std_srvs__rosidl_typesupport_c.dir/rosidl_typesupport_c/std_srvs/srv/set_bool__type_support.cpp.o[0m
[ 57%] [32m[1mLinking CXX shared library libstd_srvs__rosidl_typesupport_c.so[0m
[35m[1mScanning dependencies of target std_srvs__rosidl_typesupport_microxrcedds_c[0m
[ 57%] Built target std_srvs__rosidl_typesupport_c
[ 59%] [32mBuilding C object CMakeFiles/std_srvs__rosidl_typesupport_microxrcedds_c.dir/rosidl_typesupport_microxrcedds_c/std_srvs/srv/detail/microxrcedds/set_bool__type_support_c.c.o[0m
[ 61%] [32mBuilding C object CMakeFiles/std_srvs__rosidl_typesupport_microxrcedds_c.dir/rosidl_typesupport_microxrcedds_c/std_srvs/srv/detail/microxrcedds/empty__type_support_c.c.o[0m
[ 62%] [32mBuilding C object CMakeFiles/std_srvs__rosidl_typesupport_microxrcedds_c.dir/rosidl_typesupport_microxrcedds_c/std_srvs/srv/detail/microxrcedds/trigger__type_support_c.c.o[0m
[35m[1mScanning dependencies of target std_srvs__rosidl_typesupport_introspection_c[0m
[ 64%] [32mBuilding C object CMakeFiles/std_srvs__rosidl_typesupport_introspection_c.dir/rosidl_typesupport_introspection_c/std_srvs/srv/detail/empty__type_support.c.o[0m
[ 66%] [32m[1mLinking C shared library libstd_srvs__rosidl_typesupport_microxrcedds_c.so[0m
[ 67%] [32mBuilding C object CMakeFiles/std_srvs__rosidl_typesupport_introspection_c.dir/rosidl_typesupport_introspection_c/std_srvs/srv/detail/trigger__type_support.c.o[0m
[ 69%] [32mBuilding C object CMakeFiles/std_srvs__rosidl_typesupport_introspection_c.dir/rosidl_typesupport_introspection_c/std_srvs/srv/detail/set_bool__type_support.c.o[0m
[ 69%] Built target std_srvs__rosidl_typesupport_microxrcedds_c
[ 71%] [32m[1mLinking C shared library libstd_srvs__rosidl_typesupport_introspection_c.so[0m
[35m[1mScanning dependencies of target std_srvs__rosidl_typesupport_fastrtps_c[0m
[ 71%] Built target std_srvs__rosidl_typesupport_introspection_c
[ 72%] [32mBuilding CXX object CMakeFiles/std_srvs__rosidl_typesupport_fastrtps_c.dir/rosidl_typesupport_fastrtps_c/std_srvs/srv/detail/empty__type_support_c.cpp.o[0m
[ 74%] [32mBuilding CXX object CMakeFiles/std_srvs__rosidl_typesupport_fastrtps_c.dir/rosidl_typesupport_fastrtps_c/std_srvs/srv/detail/set_bool__type_support_c.cpp.o[0m
[ 76%] [32mBuilding CXX object CMakeFiles/std_srvs__rosidl_typesupport_fastrtps_c.dir/rosidl_typesupport_fastrtps_c/std_srvs/srv/detail/trigger__type_support_c.cpp.o[0m
[ 77%] [32m[1mLinking CXX shared library libstd_srvs__rosidl_typesupport_fastrtps_c.so[0m
[ 77%] Built target std_srvs__rosidl_typesupport_fastrtps_c
[35m[1mScanning dependencies of target std_srvs[0m
[ 77%] Built target std_srvs
[35m[1mScanning dependencies of target std_srvs__py[0m
[ 79%] [34m[1mGenerating Python code for ROS interfaces[0m
[ 79%] Built target std_srvs__py
[35m[1mScanning dependencies of target std_srvs__python[0m
[ 81%] [32mBuilding C object CMakeFiles/std_srvs__python.dir/rosidl_generator_py/std_srvs/srv/_set_bool_s.c.o[0m
[ 83%] [32mBuilding C object CMakeFiles/std_srvs__python.dir/rosidl_generator_py/std_srvs/srv/_empty_s.c.o[0m
[ 84%] [32mBuilding C object CMakeFiles/std_srvs__python.dir/rosidl_generator_py/std_srvs/srv/_trigger_s.c.o[0m
[ 86%] [32m[1mLinking C shared library rosidl_generator_py/std_srvs/libstd_srvs__python.so[0m
[ 86%] Built target std_srvs__python
[35m[1mScanning dependencies of target std_srvs__rosidl_typesupport_microxrcedds_c__pyext[0m
[35m[1mScanning dependencies of target std_srvs__rosidl_typesupport_fastrtps_c__pyext[0m
[35m[1mScanning dependencies of target std_srvs__rosidl_typesupport_c__pyext[0m
[35m[1mScanning dependencies of target std_srvs__rosidl_typesupport_introspection_c__pyext[0m
[ 88%] [32mBuilding C object CMakeFiles/std_srvs__rosidl_typesupport_microxrcedds_c__pyext.dir/rosidl_generator_py/std_srvs/_std_srvs_s.ep.rosidl_typesupport_microxrcedds_c.c.o[0m
[ 89%] [32mBuilding C object CMakeFiles/std_srvs__rosidl_typesupport_c__pyext.dir/rosidl_generator_py/std_srvs/_std_srvs_s.ep.rosidl_typesupport_c.c.o[0m
[ 91%] [32mBuilding C object CMakeFiles/std_srvs__rosidl_typesupport_fastrtps_c__pyext.dir/rosidl_generator_py/std_srvs/_std_srvs_s.ep.rosidl_typesupport_fastrtps_c.c.o[0m
[ 93%] [32mBuilding C object CMakeFiles/std_srvs__rosidl_typesupport_introspection_c__pyext.dir/rosidl_generator_py/std_srvs/_std_srvs_s.ep.rosidl_typesupport_introspection_c.c.o[0m
[ 94%] [32m[1mLinking C shared library rosidl_generator_py/std_srvs/std_srvs_s__rosidl_typesupport_microxrcedds_c.cpython-38-x86_64-linux-gnu.so[0m
[ 96%] [32m[1mLinking C shared library rosidl_generator_py/std_srvs/std_srvs_s__rosidl_typesupport_c.cpython-38-x86_64-linux-gnu.so[0m
[ 96%] Built target std_srvs__rosidl_typesupport_microxrcedds_c__pyext
[ 98%] [32m[1mLinking CXX shared library rosidl_generator_py/std_srvs/std_srvs_s__rosidl_typesupport_fastrtps_c.cpython-38-x86_64-linux-gnu.so[0m
[ 98%] Built target std_srvs__rosidl_typesupport_c__pyext
[100%] [32m[1mLinking C shared library rosidl_generator_py/std_srvs/std_srvs_s__rosidl_typesupport_introspection_c.cpython-38-x86_64-linux-gnu.so[0m
[100%] Built target std_srvs__rosidl_typesupport_introspection_c__pyext
[100%] Built target std_srvs__rosidl_typesupport_fastrtps_c__pyext
-- Install configuration: ""
-- Installing: /home/devpc/Desktop/microros_ws/install/std_srvs/share/ament_index/resource_index/rosidl_interfaces/std_srvs
-- Installing: /home/devpc/Desktop/microros_ws/install/std_srvs/include/std_srvs
-- Installing: /home/devpc/Desktop/microros_ws/install/std_srvs/include/std_srvs/msg
-- Installing: /home/devpc/Desktop/microros_ws/install/std_srvs/include/std_srvs/msg/rosidl_generator_c__visibility_control.h
-- Installing: /home/devpc/Desktop/microros_ws/install/std_srvs/include/std_srvs/srv
-- Installing: /home/devpc/Desktop/microros_ws/install/std_srvs/include/std_srvs/srv/detail
-- Installing: /home/devpc/Desktop/microros_ws/install/std_srvs/include/std_srvs/srv/detail/trigger__type_support.h
-- Installing: /home/devpc/Desktop/microros_ws/install/std_srvs/include/std_srvs/srv/detail/set_bool__functions.h
-- Installing: /home/devpc/Desktop/microros_ws/install/std_srvs/include/std_srvs/srv/detail/empty__struct.h
-- Installing: /home/devpc/Desktop/microros_ws/install/std_srvs/include/std_srvs/srv/detail/empty__type_support.h
-- Installing: /home/devpc/Desktop/microros_ws/install/std_srvs/include/std_srvs/srv/detail/set_bool__functions.c
-- Installing: /home/devpc/Desktop/microros_ws/install/std_srvs/include/std_srvs/srv/detail/trigger__functions.c
-- Installing: /home/devpc/Desktop/microros_ws/install/std_srvs/include/std_srvs/srv/detail/set_bool__struct.h
-- Installing: /home/devpc/Desktop/microros_ws/install/std_srvs/include/std_srvs/srv/detail/empty__functions.c
-- Installing: /home/devpc/Desktop/microros_ws/install/std_srvs/include/std_srvs/srv/detail/empty__functions.h
-- Installing: /home/devpc/Desktop/microros_ws/install/std_srvs/include/std_srvs/srv/detail/set_bool__type_support.h
-- Installing: /home/devpc/Desktop/microros_ws/install/std_srvs/include/std_srvs/srv/detail/trigger__struct.h
-- Installing: /home/devpc/Desktop/microros_ws/install/std_srvs/include/std_srvs/srv/detail/trigger__functions.h
-- Installing: /home/devpc/Desktop/microros_ws/install/std_srvs/include/std_srvs/srv/set_bool.h
-- Installing: /home/devpc/Desktop/microros_ws/install/std_srvs/include/std_srvs/srv/empty.h
-- Installing: /home/devpc/Desktop/microros_ws/install/std_srvs/include/std_srvs/srv/trigger.h
-- Installing: /home/devpc/Desktop/microros_ws/install/std_srvs/share/std_srvs/environment/library_path.sh
-- Installing: /home/devpc/Desktop/microros_ws/install/std_srvs/share/std_srvs/environment/library_path.dsv
-- Installing: /home/devpc/Desktop/microros_ws/install/std_srvs/lib/libstd_srvs__rosidl_generator_c.so
-- Set runtime path of "/home/devpc/Desktop/microros_ws/install/std_srvs/lib/libstd_srvs__rosidl_generator_c.so" to ""
-- Up-to-date: /home/devpc/Desktop/microros_ws/install/std_srvs/include/std_srvs
-- Up-to-date: /home/devpc/Desktop/microros_ws/install/std_srvs/include/std_srvs/msg
-- Installing: /home/devpc/Desktop/microros_ws/install/std_srvs/include/std_srvs/msg/rosidl_typesupport_microxrcedds_c__visibility_control.h
-- Up-to-date: /home/devpc/Desktop/microros_ws/install/std_srvs/include/std_srvs/srv
-- Up-to-date: /home/devpc/Desktop/microros_ws/install/std_srvs/include/std_srvs/srv/detail
-- Installing: /home/devpc/Desktop/microros_ws/install/std_srvs/include/std_srvs/srv/detail/trigger__rosidl_typesupport_microxrcedds_c.h
-- Installing: /home/devpc/Desktop/microros_ws/install/std_srvs/include/std_srvs/srv/detail/empty__rosidl_typesupport_microxrcedds_c.h
-- Installing: /home/devpc/Desktop/microros_ws/install/std_srvs/include/std_srvs/srv/detail/set_bool__rosidl_typesupport_microxrcedds_c.h
-- Installing: /home/devpc/Desktop/microros_ws/install/std_srvs/include/std_srvs/srv/detail/microxrcedds
-- Installing: /home/devpc/Desktop/microros_ws/install/std_srvs/lib/libstd_srvs__rosidl_typesupport_microxrcedds_c.so
-- Set runtime path of "/home/devpc/Desktop/microros_ws/install/std_srvs/lib/libstd_srvs__rosidl_typesupport_microxrcedds_c.so" to ""
-- Up-to-date: /home/devpc/Desktop/microros_ws/install/std_srvs/include/std_srvs
-- Up-to-date: /home/devpc/Desktop/microros_ws/install/std_srvs/include/std_srvs/msg
-- Installing: /home/devpc/Desktop/microros_ws/install/std_srvs/include/std_srvs/msg/rosidl_typesupport_fastrtps_c__visibility_control.h
-- Up-to-date: /home/devpc/Desktop/microros_ws/install/std_srvs/include/std_srvs/srv
-- Up-to-date: /home/devpc/Desktop/microros_ws/install/std_srvs/include/std_srvs/srv/detail
-- Installing: /home/devpc/Desktop/microros_ws/install/std_srvs/include/std_srvs/srv/detail/set_bool__rosidl_typesupport_fastrtps_c.h
-- Installing: /home/devpc/Desktop/microros_ws/install/std_srvs/include/std_srvs/srv/detail/empty__rosidl_typesupport_fastrtps_c.h
-- Installing: /home/devpc/Desktop/microros_ws/install/std_srvs/include/std_srvs/srv/detail/trigger__rosidl_typesupport_fastrtps_c.h
-- Installing: /home/devpc/Desktop/microros_ws/install/std_srvs/lib/libstd_srvs__rosidl_typesupport_fastrtps_c.so
-- Set runtime path of "/home/devpc/Desktop/microros_ws/install/std_srvs/lib/libstd_srvs__rosidl_typesupport_fastrtps_c.so" to ""
-- Up-to-date: /home/devpc/Desktop/microros_ws/install/std_srvs/include/std_srvs
-- Up-to-date: /home/devpc/Desktop/microros_ws/install/std_srvs/include/std_srvs/msg
-- Installing: /home/devpc/Desktop/microros_ws/install/std_srvs/include/std_srvs/msg/rosidl_typesupport_fastrtps_cpp__visibility_control.h
-- Up-to-date: /home/devpc/Desktop/microros_ws/install/std_srvs/include/std_srvs/srv
-- Up-to-date: /home/devpc/Desktop/microros_ws/install/std_srvs/include/std_srvs/srv/detail
-- Installing: /home/devpc/Desktop/microros_ws/install/std_srvs/include/std_srvs/srv/detail/set_bool__rosidl_typesupport_fastrtps_cpp.hpp
-- Installing: /home/devpc/Desktop/microros_ws/install/std_srvs/include/std_srvs/srv/detail/empty__rosidl_typesupport_fastrtps_cpp.hpp
-- Installing: /home/devpc/Desktop/microros_ws/install/std_srvs/include/std_srvs/srv/detail/dds_fastrtps
-- Installing: /home/devpc/Desktop/microros_ws/install/std_srvs/include/std_srvs/srv/detail/trigger__rosidl_typesupport_fastrtps_cpp.hpp
-- Installing: /home/devpc/Desktop/microros_ws/install/std_srvs/lib/libstd_srvs__rosidl_typesupport_fastrtps_cpp.so
-- Set runtime path of "/home/devpc/Desktop/microros_ws/install/std_srvs/lib/libstd_srvs__rosidl_typesupport_fastrtps_cpp.so" to ""
-- Up-to-date: /home/devpc/Desktop/microros_ws/install/std_srvs/include/std_srvs
-- Up-to-date: /home/devpc/Desktop/microros_ws/install/std_srvs/include/std_srvs/msg
-- Installing: /home/devpc/Desktop/microros_ws/install/std_srvs/include/std_srvs/msg/rosidl_typesupport_introspection_c__visibility_control.h
-- Up-to-date: /home/devpc/Desktop/microros_ws/install/std_srvs/include/std_srvs/srv
-- Up-to-date: /home/devpc/Desktop/microros_ws/install/std_srvs/include/std_srvs/srv/detail
-- Installing: /home/devpc/Desktop/microros_ws/install/std_srvs/include/std_srvs/srv/detail/empty__rosidl_typesupport_introspection_c.h
-- Installing: /home/devpc/Desktop/microros_ws/install/std_srvs/include/std_srvs/srv/detail/empty__type_support.c
-- Installing: /home/devpc/Desktop/microros_ws/install/std_srvs/include/std_srvs/srv/detail/set_bool__type_support.c
-- Installing: /home/devpc/Desktop/microros_ws/install/std_srvs/include/std_srvs/srv/detail/set_bool__rosidl_typesupport_introspection_c.h
-- Installing: /home/devpc/Desktop/microros_ws/install/std_srvs/include/std_srvs/srv/detail/trigger__type_support.c
-- Installing: /home/devpc/Desktop/microros_ws/install/std_srvs/include/std_srvs/srv/detail/trigger__rosidl_typesupport_introspection_c.h
-- Installing: /home/devpc/Desktop/microros_ws/install/std_srvs/lib/libstd_srvs__rosidl_typesupport_introspection_c.so
-- Set runtime path of "/home/devpc/Desktop/microros_ws/install/std_srvs/lib/libstd_srvs__rosidl_typesupport_introspection_c.so" to ""
-- Installing: /home/devpc/Desktop/microros_ws/install/std_srvs/lib/libstd_srvs__rosidl_typesupport_c.so
-- Set runtime path of "/home/devpc/Desktop/microros_ws/install/std_srvs/lib/libstd_srvs__rosidl_typesupport_c.so" to ""
-- Up-to-date: /home/devpc/Desktop/microros_ws/install/std_srvs/include/std_srvs
-- Up-to-date: /home/devpc/Desktop/microros_ws/install/std_srvs/include/std_srvs/srv
-- Up-to-date: /home/devpc/Desktop/microros_ws/install/std_srvs/include/std_srvs/srv/detail
-- Installing: /home/devpc/Desktop/microros_ws/install/std_srvs/include/std_srvs/srv/detail/empty__builder.hpp
-- Installing: /home/devpc/Desktop/microros_ws/install/std_srvs/include/std_srvs/srv/detail/trigger__traits.hpp
-- Installing: /home/devpc/Desktop/microros_ws/install/std_srvs/include/std_srvs/srv/detail/empty__struct.hpp
-- Installing: /home/devpc/Desktop/microros_ws/install/std_srvs/include/std_srvs/srv/detail/trigger__struct.hpp
-- Installing: /home/devpc/Desktop/microros_ws/install/std_srvs/include/std_srvs/srv/detail/empty__traits.hpp
-- Installing: /home/devpc/Desktop/microros_ws/install/std_srvs/include/std_srvs/srv/detail/set_bool__traits.hpp
-- Installing: /home/devpc/Desktop/microros_ws/install/std_srvs/include/std_srvs/srv/detail/set_bool__struct.hpp
-- Installing: /home/devpc/Desktop/microros_ws/install/std_srvs/include/std_srvs/srv/detail/set_bool__builder.hpp
-- Installing: /home/devpc/Desktop/microros_ws/install/std_srvs/include/std_srvs/srv/detail/trigger__builder.hpp
-- Installing: /home/devpc/Desktop/microros_ws/install/std_srvs/include/std_srvs/srv/set_bool.hpp
-- Installing: /home/devpc/Desktop/microros_ws/install/std_srvs/include/std_srvs/srv/empty.hpp
-- Installing: /home/devpc/Desktop/microros_ws/install/std_srvs/include/std_srvs/srv/trigger.hpp
-- Up-to-date: /home/devpc/Desktop/microros_ws/install/std_srvs/include/std_srvs
-- Up-to-date: /home/devpc/Desktop/microros_ws/install/std_srvs/include/std_srvs/msg
-- Installing: /home/devpc/Desktop/microros_ws/install/std_srvs/include/std_srvs/msg/rosidl_typesupport_microxrcedds_cpp__visibility_control.h
-- Up-to-date: /home/devpc/Desktop/microros_ws/install/std_srvs/include/std_srvs/srv
-- Up-to-date: /home/devpc/Desktop/microros_ws/install/std_srvs/include/std_srvs/srv/detail
-- Installing: /home/devpc/Desktop/microros_ws/install/std_srvs/include/std_srvs/srv/detail/set_bool__rosidl_typesupport_microxrcedds_cpp.hpp
-- Installing: /home/devpc/Desktop/microros_ws/install/std_srvs/include/std_srvs/srv/detail/empty__rosidl_typesupport_microxrcedds_cpp.hpp
-- Up-to-date: /home/devpc/Desktop/microros_ws/install/std_srvs/include/std_srvs/srv/detail/microxrcedds
-- Installing: /home/devpc/Desktop/microros_ws/install/std_srvs/include/std_srvs/srv/detail/microxrcedds/empty__type_support_cpp.cpp
-- Installing: /home/devpc/Desktop/microros_ws/install/std_srvs/include/std_srvs/srv/detail/microxrcedds/set_bool__type_support_cpp.cpp
-- Installing: /home/devpc/Desktop/microros_ws/install/std_srvs/include/std_srvs/srv/detail/microxrcedds/trigger__type_support_cpp.cpp
-- Installing: /home/devpc/Desktop/microros_ws/install/std_srvs/include/std_srvs/srv/detail/trigger__rosidl_typesupport_microxrcedds_cpp.hpp
-- Installing: /home/devpc/Desktop/microros_ws/install/std_srvs/lib/libstd_srvs__rosidl_typesupport_microxrcedds_cpp.so
-- Set runtime path of "/home/devpc/Desktop/microros_ws/install/std_srvs/lib/libstd_srvs__rosidl_typesupport_microxrcedds_cpp.so" to ""
-- Up-to-date: /home/devpc/Desktop/microros_ws/install/std_srvs/include/std_srvs
-- Up-to-date: /home/devpc/Desktop/microros_ws/install/std_srvs/include/std_srvs/srv
-- Up-to-date: /home/devpc/Desktop/microros_ws/install/std_srvs/include/std_srvs/srv/detail
-- Installing: /home/devpc/Desktop/microros_ws/install/std_srvs/include/std_srvs/srv/detail/empty__type_support.cpp
-- Installing: /home/devpc/Desktop/microros_ws/install/std_srvs/include/std_srvs/srv/detail/set_bool__rosidl_typesupport_introspection_cpp.hpp
-- Installing: /home/devpc/Desktop/microros_ws/install/std_srvs/include/std_srvs/srv/detail/set_bool__type_support.cpp
-- Installing: /home/devpc/Desktop/microros_ws/install/std_srvs/include/std_srvs/srv/detail/empty__rosidl_typesupport_introspection_cpp.hpp
-- Installing: /home/devpc/Desktop/microros_ws/install/std_srvs/include/std_srvs/srv/detail/trigger__rosidl_typesupport_introspection_cpp.hpp
-- Installing: /home/devpc/Desktop/microros_ws/install/std_srvs/include/std_srvs/srv/detail/trigger__type_support.cpp
-- Installing: /home/devpc/Desktop/microros_ws/install/std_srvs/lib/libstd_srvs__rosidl_typesupport_introspection_cpp.so
-- Set runtime path of "/home/devpc/Desktop/microros_ws/install/std_srvs/lib/libstd_srvs__rosidl_typesupport_introspection_cpp.so" to ""
-- Installing: /home/devpc/Desktop/microros_ws/install/std_srvs/lib/libstd_srvs__rosidl_typesupport_cpp.so
-- Set runtime path of "/home/devpc/Desktop/microros_ws/install/std_srvs/lib/libstd_srvs__rosidl_typesupport_cpp.so" to ""
-- Installing: /home/devpc/Desktop/microros_ws/install/std_srvs/share/std_srvs/environment/pythonpath.sh
-- Installing: /home/devpc/Desktop/microros_ws/install/std_srvs/share/std_srvs/environment/pythonpath.dsv
-- Installing: /home/devpc/Desktop/microros_ws/install/std_srvs/lib/python3.8/site-packages/std_srvs/__init__.py
Compiling '/home/devpc/Desktop/microros_ws/install/std_srvs/lib/python3.8/site-packages/std_srvs/__init__.py'...
-- Installing: /home/devpc/Desktop/microros_ws/install/std_srvs/lib/python3.8/site-packages/std_srvs/srv
-- Installing: /home/devpc/Desktop/microros_ws/install/std_srvs/lib/python3.8/site-packages/std_srvs/srv/_empty.py
-- Installing: /home/devpc/Desktop/microros_ws/install/std_srvs/lib/python3.8/site-packages/std_srvs/srv/_empty_s.c
-- Installing: /home/devpc/Desktop/microros_ws/install/std_srvs/lib/python3.8/site-packages/std_srvs/srv/_set_bool_s.c
-- Installing: /home/devpc/Desktop/microros_ws/install/std_srvs/lib/python3.8/site-packages/std_srvs/srv/__init__.py
-- Installing: /home/devpc/Desktop/microros_ws/install/std_srvs/lib/python3.8/site-packages/std_srvs/srv/_set_bool.py
-- Installing: /home/devpc/Desktop/microros_ws/install/std_srvs/lib/python3.8/site-packages/std_srvs/srv/_trigger.py
-- Installing: /home/devpc/Desktop/microros_ws/install/std_srvs/lib/python3.8/site-packages/std_srvs/srv/_trigger_s.c
-- Installing: /home/devpc/Desktop/microros_ws/install/std_srvs/lib/python3.8/site-packages/std_srvs/std_srvs_s__rosidl_typesupport_microxrcedds_c.cpython-38-x86_64-linux-gnu.so
-- Set runtime path of "/home/devpc/Desktop/microros_ws/install/std_srvs/lib/python3.8/site-packages/std_srvs/std_srvs_s__rosidl_typesupport_microxrcedds_c.cpython-38-x86_64-linux-gnu.so" to ""
-- Installing: /home/devpc/Desktop/microros_ws/install/std_srvs/lib/python3.8/site-packages/std_srvs/std_srvs_s__rosidl_typesupport_fastrtps_c.cpython-38-x86_64-linux-gnu.so
-- Set runtime path of "/home/devpc/Desktop/microros_ws/install/std_srvs/lib/python3.8/site-packages/std_srvs/std_srvs_s__rosidl_typesupport_fastrtps_c.cpython-38-x86_64-linux-gnu.so" to ""
-- Installing: /home/devpc/Desktop/microros_ws/install/std_srvs/lib/python3.8/site-packages/std_srvs/std_srvs_s__rosidl_typesupport_introspection_c.cpython-38-x86_64-linux-gnu.so
-- Set runtime path of "/home/devpc/Desktop/microros_ws/install/std_srvs/lib/python3.8/site-packages/std_srvs/std_srvs_s__rosidl_typesupport_introspection_c.cpython-38-x86_64-linux-gnu.so" to ""
-- Installing: /home/devpc/Desktop/microros_ws/install/std_srvs/lib/python3.8/site-packages/std_srvs/std_srvs_s__rosidl_typesupport_c.cpython-38-x86_64-linux-gnu.so
-- Set runtime path of "/home/devpc/Desktop/microros_ws/install/std_srvs/lib/python3.8/site-packages/std_srvs/std_srvs_s__rosidl_typesupport_c.cpython-38-x86_64-linux-gnu.so" to ""
-- Installing: /home/devpc/Desktop/microros_ws/install/std_srvs/lib/libstd_srvs__python.so
-- Set runtime path of "/home/devpc/Desktop/microros_ws/install/std_srvs/lib/libstd_srvs__python.so" to ""
-- Installing: /home/devpc/Desktop/microros_ws/install/std_srvs/share/std_srvs/srv/Empty.idl
-- Installing: /home/devpc/Desktop/microros_ws/install/std_srvs/share/std_srvs/srv/SetBool.idl
-- Installing: /home/devpc/Desktop/microros_ws/install/std_srvs/share/std_srvs/srv/Trigger.idl
-- Installing: /home/devpc/Desktop/microros_ws/install/std_srvs/share/std_srvs/srv/Empty.srv
-- Installing: /home/devpc/Desktop/microros_ws/install/std_srvs/share/std_srvs/srv/Empty_Request.msg
-- Installing: /home/devpc/Desktop/microros_ws/install/std_srvs/share/std_srvs/srv/Empty_Response.msg
-- Installing: /home/devpc/Desktop/microros_ws/install/std_srvs/share/std_srvs/srv/SetBool.srv
-- Installing: /home/devpc/Desktop/microros_ws/install/std_srvs/share/std_srvs/srv/SetBool_Request.msg
-- Installing: /home/devpc/Desktop/microros_ws/install/std_srvs/share/std_srvs/srv/SetBool_Response.msg
-- Installing: /home/devpc/Desktop/microros_ws/install/std_srvs/share/std_srvs/srv/Trigger.srv
-- Installing: /home/devpc/Desktop/microros_ws/install/std_srvs/share/std_srvs/srv/Trigger_Request.msg
-- Installing: /home/devpc/Desktop/microros_ws/install/std_srvs/share/std_srvs/srv/Trigger_Response.msg
-- Installing: /home/devpc/Desktop/microros_ws/install/std_srvs/share/ament_index/resource_index/package_run_dependencies/std_srvs
-- Installing: /home/devpc/Desktop/microros_ws/install/std_srvs/share/ament_index/resource_index/parent_prefix_path/std_srvs
-- Installing: /home/devpc/Desktop/microros_ws/install/std_srvs/share/std_srvs/environment/ament_prefix_path.sh
-- Installing: /home/devpc/Desktop/microros_ws/install/std_srvs/share/std_srvs/environment/ament_prefix_path.dsv
-- Installing: /home/devpc/Desktop/microros_ws/install/std_srvs/share/std_srvs/environment/path.sh
-- Installing: /home/devpc/Desktop/microros_ws/install/std_srvs/share/std_srvs/environment/path.dsv
-- Installing: /home/devpc/Desktop/microros_ws/install/std_srvs/share/std_srvs/local_setup.bash
-- Installing: /home/devpc/Desktop/microros_ws/install/std_srvs/share/std_srvs/local_setup.sh
-- Installing: /home/devpc/Desktop/microros_ws/install/std_srvs/share/std_srvs/local_setup.zsh
-- Installing: /home/devpc/Desktop/microros_ws/install/std_srvs/share/std_srvs/local_setup.dsv
-- Installing: /home/devpc/Desktop/microros_ws/install/std_srvs/share/std_srvs/package.dsv
-- Installing: /home/devpc/Desktop/microros_ws/install/std_srvs/share/ament_index/resource_index/packages/std_srvs
-- Installing: /home/devpc/Desktop/microros_ws/install/std_srvs/share/std_srvs/cmake/std_srvs__rosidl_generator_cExport.cmake
-- Installing: /home/devpc/Desktop/microros_ws/install/std_srvs/share/std_srvs/cmake/std_srvs__rosidl_generator_cExport-noconfig.cmake
-- Installing: /home/devpc/Desktop/microros_ws/install/std_srvs/share/std_srvs/cmake/std_srvs__rosidl_typesupport_introspection_cExport.cmake
-- Installing: /home/devpc/Desktop/microros_ws/install/std_srvs/share/std_srvs/cmake/std_srvs__rosidl_typesupport_introspection_cExport-noconfig.cmake
-- Installing: /home/devpc/Desktop/microros_ws/install/std_srvs/share/std_srvs/cmake/std_srvs__rosidl_typesupport_cExport.cmake
-- Installing: /home/devpc/Desktop/microros_ws/install/std_srvs/share/std_srvs/cmake/std_srvs__rosidl_typesupport_cExport-noconfig.cmake
-- Installing: /home/devpc/Desktop/microros_ws/install/std_srvs/share/std_srvs/cmake/std_srvs__rosidl_generator_cppExport.cmake
-- Installing: /home/devpc/Desktop/microros_ws/install/std_srvs/share/std_srvs/cmake/std_srvs__rosidl_typesupport_introspection_cppExport.cmake
-- Installing: /home/devpc/Desktop/microros_ws/install/std_srvs/share/std_srvs/cmake/std_srvs__rosidl_typesupport_introspection_cppExport-noconfig.cmake
-- Installing: /home/devpc/Desktop/microros_ws/install/std_srvs/share/std_srvs/cmake/std_srvs__rosidl_typesupport_cppExport.cmake
-- Installing: /home/devpc/Desktop/microros_ws/install/std_srvs/share/std_srvs/cmake/std_srvs__rosidl_typesupport_cppExport-noconfig.cmake
-- Installing: /home/devpc/Desktop/microros_ws/install/std_srvs/share/std_srvs/cmake/rosidl_cmake-extras.cmake
-- Installing: /home/devpc/Desktop/microros_ws/install/std_srvs/share/std_srvs/cmake/ament_cmake_export_dependencies-extras.cmake
-- Installing: /home/devpc/Desktop/microros_ws/install/std_srvs/share/std_srvs/cmake/ament_cmake_export_libraries-extras.cmake
-- Installing: /home/devpc/Desktop/microros_ws/install/std_srvs/share/std_srvs/cmake/ament_cmake_export_targets-extras.cmake
-- Installing: /home/devpc/Desktop/microros_ws/install/std_srvs/share/std_srvs/cmake/ament_cmake_export_include_directories-extras.cmake
-- Installing: /home/devpc/Desktop/microros_ws/install/std_srvs/share/std_srvs/cmake/rosidl_cmake_export_typesupport_libraries-extras.cmake
-- Installing: /home/devpc/Desktop/microros_ws/install/std_srvs/share/std_srvs/cmake/rosidl_cmake_export_typesupport_targets-extras.cmake
-- Installing: /home/devpc/Desktop/microros_ws/install/std_srvs/share/std_srvs/cmake/std_srvsConfig.cmake
-- Installing: /home/devpc/Desktop/microros_ws/install/std_srvs/share/std_srvs/cmake/std_srvsConfig-version.cmake
-- Installing: /home/devpc/Desktop/microros_ws/install/std_srvs/share/std_srvs/package.xml
