running egg_info
writing ../../build/joystick_ros2/joystick_ros2.egg-info/PKG-INFO
writing dependency_links to ../../build/joystick_ros2/joystick_ros2.egg-info/dependency_links.txt
writing entry points to ../../build/joystick_ros2/joystick_ros2.egg-info/entry_points.txt
writing requirements to ../../build/joystick_ros2/joystick_ros2.egg-info/requires.txt
writing top-level names to ../../build/joystick_ros2/joystick_ros2.egg-info/top_level.txt
reading manifest file '../../build/joystick_ros2/joystick_ros2.egg-info/SOURCES.txt'
writing manifest file '../../build/joystick_ros2/joystick_ros2.egg-info/SOURCES.txt'
running build
running build_py
copying joystick_ros2.py -> /home/devpc/Desktop/quad_ws/build/joystick_ros2/build/lib
running install
running install_lib
copying /home/devpc/Desktop/quad_ws/build/joystick_ros2/build/lib/joystick_ros2.py -> /home/devpc/Desktop/quad_ws/install/joystick_ros2/lib/python3.8/site-packages
byte-compiling /home/devpc/Desktop/quad_ws/install/joystick_ros2/lib/python3.8/site-packages/joystick_ros2.py to joystick_ros2.cpython-38.pyc
running install_data
running install_egg_info
removing '/home/devpc/Desktop/quad_ws/install/joystick_ros2/lib/python3.8/site-packages/joystick_ros2-0.0.1-py3.8.egg-info' (and everything under it)
Copying ../../build/joystick_ros2/joystick_ros2.egg-info to /home/devpc/Desktop/quad_ws/install/joystick_ros2/lib/python3.8/site-packages/joystick_ros2-0.0.1-py3.8.egg-info
running install_scripts
Installing joystick_ros2 script to /home/devpc/Desktop/quad_ws/install/joystick_ros2/lib/joystick_ros2
writing list of installed files to '/home/devpc/Desktop/quad_ws/build/joystick_ros2/install.log'
