[0.240s] Invoking command in '/home/devpc/Desktop/quad_ws/src/quad': PYTHONPATH=/home/devpc/Desktop/quad_ws/install/quad/lib/python3.8/site-packages:${PYTHONPATH} /usr/bin/python3 setup.py egg_info --egg-base ../../build/quad build --build-base /home/devpc/Desktop/quad_ws/build/quad/build install --prefix /home/devpc/Desktop/quad_ws/install/quad --record /home/devpc/Desktop/quad_ws/build/quad/install.log --single-version-externally-managed
[0.445s] running egg_info
[0.445s] writing ../../build/quad/quad.egg-info/PKG-INFO
[0.445s] writing dependency_links to ../../build/quad/quad.egg-info/dependency_links.txt
[0.446s] writing entry points to ../../build/quad/quad.egg-info/entry_points.txt
[0.446s] writing requirements to ../../build/quad/quad.egg-info/requires.txt
[0.446s] writing top-level names to ../../build/quad/quad.egg-info/top_level.txt
[0.483s] reading manifest file '../../build/quad/quad.egg-info/SOURCES.txt'
[0.483s] writing manifest file '../../build/quad/quad.egg-info/SOURCES.txt'
[0.484s] running build
[0.484s] running build_py
[0.484s] copying quad/quad.py -> /home/devpc/Desktop/quad_ws/build/quad/build/lib/quad
[0.484s] running install
[0.485s] running install_lib
[0.485s] copying /home/devpc/Desktop/quad_ws/build/quad/build/lib/quad/quad.py -> /home/devpc/Desktop/quad_ws/install/quad/lib/python3.8/site-packages/quad
[0.486s] byte-compiling /home/devpc/Desktop/quad_ws/install/quad/lib/python3.8/site-packages/quad/quad.py to quad.cpython-38.pyc
[0.487s] running install_data
[0.487s]   File "/home/devpc/Desktop/quad_ws/install/quad/lib/python3.8/site-packages/quad/quad.py", line 20
[0.487s]     self.toggle = !self.toggle
[0.487s]                   ^
[0.488s] SyntaxError: invalid syntax
[0.488s] 
[0.488s] running install_egg_info
[0.489s] removing '/home/devpc/Desktop/quad_ws/install/quad/lib/python3.8/site-packages/quad-0.0.0-py3.8.egg-info' (and everything under it)
[0.489s] Copying ../../build/quad/quad.egg-info to /home/devpc/Desktop/quad_ws/install/quad/lib/python3.8/site-packages/quad-0.0.0-py3.8.egg-info
[0.490s] running install_scripts
[0.511s] Installing quad script to /home/devpc/Desktop/quad_ws/install/quad/lib/quad
[0.511s] writing list of installed files to '/home/devpc/Desktop/quad_ws/build/quad/install.log'
[0.531s] Invoked command in '/home/devpc/Desktop/quad_ws/src/quad' returned '0': PYTHONPATH=/home/devpc/Desktop/quad_ws/install/quad/lib/python3.8/site-packages:${PYTHONPATH} /usr/bin/python3 setup.py egg_info --egg-base ../../build/quad build --build-base /home/devpc/Desktop/quad_ws/build/quad/build install --prefix /home/devpc/Desktop/quad_ws/install/quad --record /home/devpc/Desktop/quad_ws/build/quad/install.log --single-version-externally-managed
