[0.471s] Invoking command in '/home/devpc/Desktop/quad_ws/src/quad': PYTHONPATH=/home/devpc/Desktop/quad_ws/install/quad/lib/python3.8/site-packages:${PYTHONPATH} /usr/bin/python3 setup.py egg_info --egg-base ../../build/quad build --build-base /home/devpc/Desktop/quad_ws/build/quad/build install --prefix /home/devpc/Desktop/quad_ws/install/quad --record /home/devpc/Desktop/quad_ws/build/quad/install.log --single-version-externally-managed
[0.700s] running egg_info
[0.700s] writing ../../build/quad/quad.egg-info/PKG-INFO
[0.700s] writing dependency_links to ../../build/quad/quad.egg-info/dependency_links.txt
[0.700s] writing entry points to ../../build/quad/quad.egg-info/entry_points.txt
[0.701s] writing requirements to ../../build/quad/quad.egg-info/requires.txt
[0.701s] writing top-level names to ../../build/quad/quad.egg-info/top_level.txt
[0.750s] reading manifest file '../../build/quad/quad.egg-info/SOURCES.txt'
[0.751s] writing manifest file '../../build/quad/quad.egg-info/SOURCES.txt'
[0.751s] running build
[0.751s] running build_py
[0.751s] copying quad/motion_servos_calibration.py -> /home/devpc/Desktop/quad_ws/build/quad/build/lib/quad
[0.751s] running install
[0.752s] running install_lib
[0.754s] copying /home/devpc/Desktop/quad_ws/build/quad/build/lib/quad/motion_servos_calibration.py -> /home/devpc/Desktop/quad_ws/install/quad/lib/python3.8/site-packages/quad
[0.756s] byte-compiling /home/devpc/Desktop/quad_ws/install/quad/lib/python3.8/site-packages/quad/motion_servos_calibration.py to motion_servos_calibration.cpython-38.pyc
[0.757s] running install_data
[0.758s] running install_egg_info
[0.759s] removing '/home/devpc/Desktop/quad_ws/install/quad/lib/python3.8/site-packages/quad-0.0.1-py3.8.egg-info' (and everything under it)
[0.759s] Copying ../../build/quad/quad.egg-info to /home/devpc/Desktop/quad_ws/install/quad/lib/python3.8/site-packages/quad-0.0.1-py3.8.egg-info
[0.760s] running install_scripts
[0.803s] Installing motion_servos_calibration script to /home/devpc/Desktop/quad_ws/install/quad/lib/quad
[0.803s] Installing quad script to /home/devpc/Desktop/quad_ws/install/quad/lib/quad
[0.803s] writing list of installed files to '/home/devpc/Desktop/quad_ws/build/quad/install.log'
[0.806s] Invoked command in '/home/devpc/Desktop/quad_ws/src/quad' returned '0': PYTHONPATH=/home/devpc/Desktop/quad_ws/install/quad/lib/python3.8/site-packages:${PYTHONPATH} /usr/bin/python3 setup.py egg_info --egg-base ../../build/quad build --build-base /home/devpc/Desktop/quad_ws/build/quad/build install --prefix /home/devpc/Desktop/quad_ws/install/quad --record /home/devpc/Desktop/quad_ws/build/quad/install.log --single-version-externally-managed
