[0.752s] Invoking command in '/home/devpc/Desktop/quad_ws/src/teleop': PYTHONPATH=/home/devpc/Desktop/quad_ws/install/teleop/lib/python3.8/site-packages:${PYTHONPATH} /usr/bin/python3 setup.py egg_info --egg-base ../../build/teleop build --build-base /home/devpc/Desktop/quad_ws/build/teleop/build install --prefix /home/devpc/Desktop/quad_ws/install/teleop --record /home/devpc/Desktop/quad_ws/build/teleop/install.log --single-version-externally-managed
[1.039s] running egg_info
[1.039s] writing ../../build/teleop/teleop.egg-info/PKG-INFO
[1.040s] writing dependency_links to ../../build/teleop/teleop.egg-info/dependency_links.txt
[1.040s] writing entry points to ../../build/teleop/teleop.egg-info/entry_points.txt
[1.040s] writing requirements to ../../build/teleop/teleop.egg-info/requires.txt
[1.040s] writing top-level names to ../../build/teleop/teleop.egg-info/top_level.txt
[1.104s] reading manifest file '../../build/teleop/teleop.egg-info/SOURCES.txt'
[1.106s] writing manifest file '../../build/teleop/teleop.egg-info/SOURCES.txt'
[1.106s] running build
[1.106s] running build_py
[1.106s] running install
[1.108s] running install_lib
[1.110s] running install_data
[1.111s] running install_egg_info
[1.116s] removing '/home/devpc/Desktop/quad_ws/install/teleop/lib/python3.8/site-packages/teleop-0.0.0-py3.8.egg-info' (and everything under it)
[1.116s] Copying ../../build/teleop/teleop.egg-info to /home/devpc/Desktop/quad_ws/install/teleop/lib/python3.8/site-packages/teleop-0.0.0-py3.8.egg-info
[1.116s] running install_scripts
[1.141s] Installing teleop script to /home/devpc/Desktop/quad_ws/install/teleop/lib/teleop
[1.141s] writing list of installed files to '/home/devpc/Desktop/quad_ws/build/teleop/install.log'
[1.171s] Invoked command in '/home/devpc/Desktop/quad_ws/src/teleop' returned '0': PYTHONPATH=/home/devpc/Desktop/quad_ws/install/teleop/lib/python3.8/site-packages:${PYTHONPATH} /usr/bin/python3 setup.py egg_info --egg-base ../../build/teleop build --build-base /home/devpc/Desktop/quad_ws/build/teleop/build install --prefix /home/devpc/Desktop/quad_ws/install/teleop --record /home/devpc/Desktop/quad_ws/build/teleop/install.log --single-version-externally-managed
