[0.795s] Invoking command in '/home/devpc/Desktop/quad_ws/src/quad': PYTHONPATH=/home/devpc/Desktop/quad_ws/install/quad/lib/python3.8/site-packages:${PYTHONPATH} /usr/bin/python3 setup.py egg_info --egg-base ../../build/quad build --build-base /home/devpc/Desktop/quad_ws/build/quad/build install --prefix /home/devpc/Desktop/quad_ws/install/quad --record /home/devpc/Desktop/quad_ws/build/quad/install.log --single-version-externally-managed
[1.123s] running egg_info
[1.123s] writing ../../build/quad/quad.egg-info/PKG-INFO
[1.124s] writing dependency_links to ../../build/quad/quad.egg-info/dependency_links.txt
[1.124s] writing entry points to ../../build/quad/quad.egg-info/entry_points.txt
[1.124s] writing requirements to ../../build/quad/quad.egg-info/requires.txt
[1.124s] writing top-level names to ../../build/quad/quad.egg-info/top_level.txt
[1.176s] reading manifest file '../../build/quad/quad.egg-info/SOURCES.txt'
[1.177s] writing manifest file '../../build/quad/quad.egg-info/SOURCES.txt'
[1.178s] running build
[1.178s] running build_py
[1.178s] running install
[1.179s] running install_lib
[1.180s] running install_data
[1.181s] creating /home/devpc/Desktop/quad_ws/install/quad/share/quad/src
[1.181s] copying quad/src/gui_param_control.py -> /home/devpc/Desktop/quad_ws/install/quad/share/quad/src
[1.181s] copying quad/src/gym_env.py -> /home/devpc/Desktop/quad_ws/install/quad/share/quad/src
[1.181s] copying quad/src/env_randomizer.py -> /home/devpc/Desktop/quad_ws/install/quad/share/quad/src
[1.181s] error: can't copy 'quad/src/__pycache__': doesn't exist or not a regular file
[1.206s] Invoked command in '/home/devpc/Desktop/quad_ws/src/quad' returned '1': PYTHONPATH=/home/devpc/Desktop/quad_ws/install/quad/lib/python3.8/site-packages:${PYTHONPATH} /usr/bin/python3 setup.py egg_info --egg-base ../../build/quad build --build-base /home/devpc/Desktop/quad_ws/build/quad/build install --prefix /home/devpc/Desktop/quad_ws/install/quad --record /home/devpc/Desktop/quad_ws/build/quad/install.log --single-version-externally-managed
