[0.220s] Invoking command in '/home/devpc/Desktop/quad_ws/build/quad_interfaces': CMAKE_PREFIX_PATH=${CMAKE_PREFIX_PATH}:/home/devpc/Desktop/quad_ws/install/quad:/opt/ros/foxy /usr/bin/cmake --build /home/devpc/Desktop/quad_ws/build/quad_interfaces -- -j8 -l8
[0.267s] [  9%] Built target quad_interfaces__cpp
[0.267s] [ 12%] Built target quad_interfaces__rosidl_generator_c
[0.288s] [ 22%] Built target quad_interfaces__rosidl_typesupport_cpp
[0.289s] [ 32%] Built target quad_interfaces__rosidl_typesupport_introspection_c
[0.291s] [ 61%] Built target quad_interfaces__rosidl_typesupport_introspection_cpp
[0.291s] [ 61%] Built target quad_interfaces__rosidl_typesupport_c
[0.292s] [ 61%] Built target quad_interfaces__rosidl_typesupport_fastrtps_cpp
[0.313s] [ 70%] Built target quad_interfaces__rosidl_typesupport_fastrtps_c
[0.329s] [ 70%] Built target quad_interfaces
[0.347s] [ 74%] Built target quad_interfaces__py
[0.368s] [ 80%] Built target quad_interfaces__python
[0.389s] [ 87%] Built target quad_interfaces__rosidl_typesupport_introspection_c__pyext
[0.391s] [100%] Built target quad_interfaces__rosidl_typesupport_c__pyext
[0.392s] [100%] Built target quad_interfaces__rosidl_typesupport_fastrtps_c__pyext
[0.401s] Invoked command in '/home/devpc/Desktop/quad_ws/build/quad_interfaces' returned '0': CMAKE_PREFIX_PATH=${CMAKE_PREFIX_PATH}:/home/devpc/Desktop/quad_ws/install/quad:/opt/ros/foxy /usr/bin/cmake --build /home/devpc/Desktop/quad_ws/build/quad_interfaces -- -j8 -l8
[0.446s] Invoking command in '/home/devpc/Desktop/quad_ws/build/quad_interfaces': CMAKE_PREFIX_PATH=${CMAKE_PREFIX_PATH}:/home/devpc/Desktop/quad_ws/install/quad:/opt/ros/foxy /usr/bin/cmake --install /home/devpc/Desktop/quad_ws/build/quad_interfaces
[0.453s] -- Install configuration: ""
[0.454s] -- Up-to-date: /home/devpc/Desktop/quad_ws/install/quad_interfaces/share/ament_index/resource_index/rosidl_interfaces/quad_interfaces
[0.454s] -- Up-to-date: /home/devpc/Desktop/quad_ws/install/quad_interfaces/include/quad_interfaces
[0.454s] -- Up-to-date: /home/devpc/Desktop/quad_ws/install/quad_interfaces/include/quad_interfaces/msg
[0.454s] -- Up-to-date: /home/devpc/Desktop/quad_ws/install/quad_interfaces/include/quad_interfaces/msg/detail
[0.454s] -- Up-to-date: /home/devpc/Desktop/quad_ws/install/quad_interfaces/include/quad_interfaces/msg/detail/motion_servos__functions.h
[0.454s] -- Up-to-date: /home/devpc/Desktop/quad_ws/install/quad_interfaces/include/quad_interfaces/msg/detail/motion_servos__functions.c
[0.454s] -- Up-to-date: /home/devpc/Desktop/quad_ws/install/quad_interfaces/include/quad_interfaces/msg/detail/motion_servos__type_support.h
[0.454s] -- Up-to-date: /home/devpc/Desktop/quad_ws/install/quad_interfaces/include/quad_interfaces/msg/detail/motion_servos__struct.h
[0.454s] -- Up-to-date: /home/devpc/Desktop/quad_ws/install/quad_interfaces/include/quad_interfaces/msg/motion_servos.h
[0.454s] -- Up-to-date: /home/devpc/Desktop/quad_ws/install/quad_interfaces/include/quad_interfaces/msg/rosidl_generator_c__visibility_control.h
[0.455s] -- Up-to-date: /home/devpc/Desktop/quad_ws/install/quad_interfaces/share/quad_interfaces/environment/library_path.sh
[0.455s] -- Up-to-date: /home/devpc/Desktop/quad_ws/install/quad_interfaces/share/quad_interfaces/environment/library_path.dsv
[0.455s] -- Up-to-date: /home/devpc/Desktop/quad_ws/install/quad_interfaces/lib/libquad_interfaces__rosidl_generator_c.so
[0.455s] -- Up-to-date: /home/devpc/Desktop/quad_ws/install/quad_interfaces/include/quad_interfaces
[0.455s] -- Up-to-date: /home/devpc/Desktop/quad_ws/install/quad_interfaces/include/quad_interfaces/msg
[0.455s] -- Up-to-date: /home/devpc/Desktop/quad_ws/install/quad_interfaces/include/quad_interfaces/msg/detail
[0.455s] -- Up-to-date: /home/devpc/Desktop/quad_ws/install/quad_interfaces/include/quad_interfaces/msg/detail/motion_servos__rosidl_typesupport_fastrtps_c.h
[0.455s] -- Up-to-date: /home/devpc/Desktop/quad_ws/install/quad_interfaces/include/quad_interfaces/msg/rosidl_typesupport_fastrtps_c__visibility_control.h
[0.455s] -- Up-to-date: /home/devpc/Desktop/quad_ws/install/quad_interfaces/lib/libquad_interfaces__rosidl_typesupport_fastrtps_c.so
[0.455s] -- Up-to-date: /home/devpc/Desktop/quad_ws/install/quad_interfaces/include/quad_interfaces
[0.455s] -- Up-to-date: /home/devpc/Desktop/quad_ws/install/quad_interfaces/include/quad_interfaces/msg
[0.456s] -- Up-to-date: /home/devpc/Desktop/quad_ws/install/quad_interfaces/include/quad_interfaces/msg/detail
[0.456s] -- Up-to-date: /home/devpc/Desktop/quad_ws/install/quad_interfaces/include/quad_interfaces/msg/detail/motion_servos__rosidl_typesupport_fastrtps_cpp.hpp
[0.456s] -- Up-to-date: /home/devpc/Desktop/quad_ws/install/quad_interfaces/include/quad_interfaces/msg/detail/dds_fastrtps
[0.456s] -- Up-to-date: /home/devpc/Desktop/quad_ws/install/quad_interfaces/include/quad_interfaces/msg/rosidl_typesupport_fastrtps_cpp__visibility_control.h
[0.456s] -- Up-to-date: /home/devpc/Desktop/quad_ws/install/quad_interfaces/lib/libquad_interfaces__rosidl_typesupport_fastrtps_cpp.so
[0.456s] -- Up-to-date: /home/devpc/Desktop/quad_ws/install/quad_interfaces/include/quad_interfaces
[0.456s] -- Up-to-date: /home/devpc/Desktop/quad_ws/install/quad_interfaces/include/quad_interfaces/msg
[0.456s] -- Up-to-date: /home/devpc/Desktop/quad_ws/install/quad_interfaces/include/quad_interfaces/msg/detail
[0.456s] -- Up-to-date: /home/devpc/Desktop/quad_ws/install/quad_interfaces/include/quad_interfaces/msg/detail/motion_servos__type_support.c
[0.456s] -- Up-to-date: /home/devpc/Desktop/quad_ws/install/quad_interfaces/include/quad_interfaces/msg/detail/motion_servos__rosidl_typesupport_introspection_c.h
[0.457s] -- Up-to-date: /home/devpc/Desktop/quad_ws/install/quad_interfaces/include/quad_interfaces/msg/rosidl_typesupport_introspection_c__visibility_control.h
[0.457s] -- Up-to-date: /home/devpc/Desktop/quad_ws/install/quad_interfaces/lib/libquad_interfaces__rosidl_typesupport_introspection_c.so
[0.457s] -- Up-to-date: /home/devpc/Desktop/quad_ws/install/quad_interfaces/lib/libquad_interfaces__rosidl_typesupport_c.so
[0.457s] -- Up-to-date: /home/devpc/Desktop/quad_ws/install/quad_interfaces/include/quad_interfaces
[0.457s] -- Up-to-date: /home/devpc/Desktop/quad_ws/install/quad_interfaces/include/quad_interfaces/msg
[0.457s] -- Up-to-date: /home/devpc/Desktop/quad_ws/install/quad_interfaces/include/quad_interfaces/msg/motion_servos.hpp
[0.457s] -- Up-to-date: /home/devpc/Desktop/quad_ws/install/quad_interfaces/include/quad_interfaces/msg/detail
[0.457s] -- Up-to-date: /home/devpc/Desktop/quad_ws/install/quad_interfaces/include/quad_interfaces/msg/detail/motion_servos__struct.hpp
[0.457s] -- Up-to-date: /home/devpc/Desktop/quad_ws/install/quad_interfaces/include/quad_interfaces/msg/detail/motion_servos__builder.hpp
[0.457s] -- Up-to-date: /home/devpc/Desktop/quad_ws/install/quad_interfaces/include/quad_interfaces/msg/detail/motion_servos__traits.hpp
[0.457s] -- Up-to-date: /home/devpc/Desktop/quad_ws/install/quad_interfaces/include/quad_interfaces
[0.457s] -- Up-to-date: /home/devpc/Desktop/quad_ws/install/quad_interfaces/include/quad_interfaces/msg
[0.458s] -- Up-to-date: /home/devpc/Desktop/quad_ws/install/quad_interfaces/include/quad_interfaces/msg/detail
[0.458s] -- Up-to-date: /home/devpc/Desktop/quad_ws/install/quad_interfaces/include/quad_interfaces/msg/detail/motion_servos__rosidl_typesupport_introspection_cpp.hpp
[0.458s] -- Up-to-date: /home/devpc/Desktop/quad_ws/install/quad_interfaces/include/quad_interfaces/msg/detail/motion_servos__type_support.cpp
[0.458s] -- Up-to-date: /home/devpc/Desktop/quad_ws/install/quad_interfaces/lib/libquad_interfaces__rosidl_typesupport_introspection_cpp.so
[0.458s] -- Up-to-date: /home/devpc/Desktop/quad_ws/install/quad_interfaces/lib/libquad_interfaces__rosidl_typesupport_cpp.so
[0.458s] -- Up-to-date: /home/devpc/Desktop/quad_ws/install/quad_interfaces/share/quad_interfaces/environment/pythonpath.sh
[0.458s] -- Up-to-date: /home/devpc/Desktop/quad_ws/install/quad_interfaces/share/quad_interfaces/environment/pythonpath.dsv
[0.458s] -- Up-to-date: /home/devpc/Desktop/quad_ws/install/quad_interfaces/lib/python3.8/site-packages/quad_interfaces/__init__.py
[0.486s] -- Up-to-date: /home/devpc/Desktop/quad_ws/install/quad_interfaces/lib/python3.8/site-packages/quad_interfaces/msg
[0.486s] -- Up-to-date: /home/devpc/Desktop/quad_ws/install/quad_interfaces/lib/python3.8/site-packages/quad_interfaces/msg/_motion_servos_s.c
[0.486s] -- Up-to-date: /home/devpc/Desktop/quad_ws/install/quad_interfaces/lib/python3.8/site-packages/quad_interfaces/msg/_motion_servos.py
[0.486s] -- Up-to-date: /home/devpc/Desktop/quad_ws/install/quad_interfaces/lib/python3.8/site-packages/quad_interfaces/msg/__init__.py
[0.486s] -- Up-to-date: /home/devpc/Desktop/quad_ws/install/quad_interfaces/lib/python3.8/site-packages/quad_interfaces/quad_interfaces_s__rosidl_typesupport_fastrtps_c.cpython-38-x86_64-linux-gnu.so
[0.487s] -- Up-to-date: /home/devpc/Desktop/quad_ws/install/quad_interfaces/lib/python3.8/site-packages/quad_interfaces/quad_interfaces_s__rosidl_typesupport_introspection_c.cpython-38-x86_64-linux-gnu.so
[0.488s] -- Up-to-date: /home/devpc/Desktop/quad_ws/install/quad_interfaces/lib/python3.8/site-packages/quad_interfaces/quad_interfaces_s__rosidl_typesupport_c.cpython-38-x86_64-linux-gnu.so
[0.488s] -- Up-to-date: /home/devpc/Desktop/quad_ws/install/quad_interfaces/lib/libquad_interfaces__python.so
[0.488s] -- Up-to-date: /home/devpc/Desktop/quad_ws/install/quad_interfaces/share/quad_interfaces/msg/MotionServos.idl
[0.488s] -- Up-to-date: /home/devpc/Desktop/quad_ws/install/quad_interfaces/share/quad_interfaces/msg/MotionServos.msg
[0.489s] -- Up-to-date: /home/devpc/Desktop/quad_ws/install/quad_interfaces/share/ament_index/resource_index/package_run_dependencies/quad_interfaces
[0.489s] -- Up-to-date: /home/devpc/Desktop/quad_ws/install/quad_interfaces/share/ament_index/resource_index/parent_prefix_path/quad_interfaces
[0.489s] -- Up-to-date: /home/devpc/Desktop/quad_ws/install/quad_interfaces/share/quad_interfaces/environment/ament_prefix_path.sh
[0.489s] -- Up-to-date: /home/devpc/Desktop/quad_ws/install/quad_interfaces/share/quad_interfaces/environment/ament_prefix_path.dsv
[0.489s] -- Up-to-date: /home/devpc/Desktop/quad_ws/install/quad_interfaces/share/quad_interfaces/environment/path.sh
[0.489s] -- Up-to-date: /home/devpc/Desktop/quad_ws/install/quad_interfaces/share/quad_interfaces/environment/path.dsv
[0.489s] -- Up-to-date: /home/devpc/Desktop/quad_ws/install/quad_interfaces/share/quad_interfaces/local_setup.bash
[0.489s] -- Up-to-date: /home/devpc/Desktop/quad_ws/install/quad_interfaces/share/quad_interfaces/local_setup.sh
[0.489s] -- Up-to-date: /home/devpc/Desktop/quad_ws/install/quad_interfaces/share/quad_interfaces/local_setup.zsh
[0.490s] -- Up-to-date: /home/devpc/Desktop/quad_ws/install/quad_interfaces/share/quad_interfaces/local_setup.dsv
[0.490s] -- Installing: /home/devpc/Desktop/quad_ws/install/quad_interfaces/share/quad_interfaces/package.dsv
[0.490s] -- Up-to-date: /home/devpc/Desktop/quad_ws/install/quad_interfaces/share/ament_index/resource_index/packages/quad_interfaces
[0.490s] -- Up-to-date: /home/devpc/Desktop/quad_ws/install/quad_interfaces/share/quad_interfaces/cmake/quad_interfaces__rosidl_generator_cExport.cmake
[0.490s] -- Up-to-date: /home/devpc/Desktop/quad_ws/install/quad_interfaces/share/quad_interfaces/cmake/quad_interfaces__rosidl_generator_cExport-noconfig.cmake
[0.490s] -- Up-to-date: /home/devpc/Desktop/quad_ws/install/quad_interfaces/share/quad_interfaces/cmake/quad_interfaces__rosidl_typesupport_introspection_cExport.cmake
[0.490s] -- Up-to-date: /home/devpc/Desktop/quad_ws/install/quad_interfaces/share/quad_interfaces/cmake/quad_interfaces__rosidl_typesupport_introspection_cExport-noconfig.cmake
[0.491s] -- Up-to-date: /home/devpc/Desktop/quad_ws/install/quad_interfaces/share/quad_interfaces/cmake/quad_interfaces__rosidl_typesupport_cExport.cmake
[0.491s] -- Up-to-date: /home/devpc/Desktop/quad_ws/install/quad_interfaces/share/quad_interfaces/cmake/quad_interfaces__rosidl_typesupport_cExport-noconfig.cmake
[0.491s] -- Up-to-date: /home/devpc/Desktop/quad_ws/install/quad_interfaces/share/quad_interfaces/cmake/quad_interfaces__rosidl_generator_cppExport.cmake
[0.491s] -- Up-to-date: /home/devpc/Desktop/quad_ws/install/quad_interfaces/share/quad_interfaces/cmake/quad_interfaces__rosidl_typesupport_introspection_cppExport.cmake
[0.491s] -- Up-to-date: /home/devpc/Desktop/quad_ws/install/quad_interfaces/share/quad_interfaces/cmake/quad_interfaces__rosidl_typesupport_introspection_cppExport-noconfig.cmake
[0.491s] -- Up-to-date: /home/devpc/Desktop/quad_ws/install/quad_interfaces/share/quad_interfaces/cmake/quad_interfaces__rosidl_typesupport_cppExport.cmake
[0.491s] -- Up-to-date: /home/devpc/Desktop/quad_ws/install/quad_interfaces/share/quad_interfaces/cmake/quad_interfaces__rosidl_typesupport_cppExport-noconfig.cmake
[0.491s] -- Up-to-date: /home/devpc/Desktop/quad_ws/install/quad_interfaces/share/quad_interfaces/cmake/rosidl_cmake-extras.cmake
[0.492s] -- Up-to-date: /home/devpc/Desktop/quad_ws/install/quad_interfaces/share/quad_interfaces/cmake/ament_cmake_export_dependencies-extras.cmake
[0.492s] -- Up-to-date: /home/devpc/Desktop/quad_ws/install/quad_interfaces/share/quad_interfaces/cmake/ament_cmake_export_libraries-extras.cmake
[0.492s] -- Up-to-date: /home/devpc/Desktop/quad_ws/install/quad_interfaces/share/quad_interfaces/cmake/ament_cmake_export_targets-extras.cmake
[0.492s] -- Up-to-date: /home/devpc/Desktop/quad_ws/install/quad_interfaces/share/quad_interfaces/cmake/ament_cmake_export_include_directories-extras.cmake
[0.492s] -- Up-to-date: /home/devpc/Desktop/quad_ws/install/quad_interfaces/share/quad_interfaces/cmake/rosidl_cmake_export_typesupport_libraries-extras.cmake
[0.492s] -- Up-to-date: /home/devpc/Desktop/quad_ws/install/quad_interfaces/share/quad_interfaces/cmake/rosidl_cmake_export_typesupport_targets-extras.cmake
[0.492s] -- Up-to-date: /home/devpc/Desktop/quad_ws/install/quad_interfaces/share/quad_interfaces/cmake/quad_interfacesConfig.cmake
[0.492s] -- Up-to-date: /home/devpc/Desktop/quad_ws/install/quad_interfaces/share/quad_interfaces/cmake/quad_interfacesConfig-version.cmake
[0.492s] -- Up-to-date: /home/devpc/Desktop/quad_ws/install/quad_interfaces/share/quad_interfaces/package.xml
[0.494s] Invoked command in '/home/devpc/Desktop/quad_ws/build/quad_interfaces' returned '0': CMAKE_PREFIX_PATH=${CMAKE_PREFIX_PATH}:/home/devpc/Desktop/quad_ws/install/quad:/opt/ros/foxy /usr/bin/cmake --install /home/devpc/Desktop/quad_ws/build/quad_interfaces
