-- The C compiler identification is GNU 9.3.0
-- The CXX compiler identification is GNU 9.3.0
-- Check for working C compiler: /usr/bin/cc
-- Check for working C compiler: /usr/bin/cc -- works
-- Detecting C compiler ABI info
-- Detecting C compiler ABI info - done
-- Detecting C compile features
-- Detecting C compile features - done
-- Check for working CXX compiler: /usr/bin/c++
-- Check for working CXX compiler: /usr/bin/c++ -- works
-- Detecting CXX compiler ABI info
-- Detecting CXX compiler ABI info - done
-- Detecting CXX compile features
-- Detecting CXX compile features - done
-- Found ament_cmake: 0.9.8 (/opt/ros/foxy/share/ament_cmake/cmake)
-- Found PythonInterp: /usr/bin/python3 (found suitable version "3.8.10", minimum required is "3") 
-- Using PYTHON_EXECUTABLE: /usr/bin/python3
-- Found ament_lint_auto: 0.9.6 (/opt/ros/foxy/share/ament_lint_auto/cmake)
-- Configuring done
-- Generating done
-- Build files have been written to: /home/devpc/Desktop/quad_ws/build/xacro
-- Install configuration: ""
-- Installing: /home/devpc/Desktop/quad_ws/install/xacro/share/xacro/environment/completion.bash
-- Installing: /home/devpc/Desktop/quad_ws/install/xacro/share/xacro/environment/pythonpath.sh
-- Installing: /home/devpc/Desktop/quad_ws/install/xacro/share/xacro/environment/pythonpath.dsv
-- Installing: /home/devpc/Desktop/quad_ws/install/xacro/lib/python3.8/site-packages/xacro
-- Installing: /home/devpc/Desktop/quad_ws/install/xacro/lib/python3.8/site-packages/xacro/substitution_args.py
-- Installing: /home/devpc/Desktop/quad_ws/install/xacro/lib/python3.8/site-packages/xacro/__init__.py
-- Installing: /home/devpc/Desktop/quad_ws/install/xacro/lib/python3.8/site-packages/xacro/xmlutils.py
-- Installing: /home/devpc/Desktop/quad_ws/install/xacro/lib/python3.8/site-packages/xacro/cli.py
-- Installing: /home/devpc/Desktop/quad_ws/install/xacro/lib/python3.8/site-packages/xacro/color.py
Listing '/home/devpc/Desktop/quad_ws/install/xacro/lib/python3.8/site-packages/xacro'...
Compiling '/home/devpc/Desktop/quad_ws/install/xacro/lib/python3.8/site-packages/xacro/__init__.py'...
Compiling '/home/devpc/Desktop/quad_ws/install/xacro/lib/python3.8/site-packages/xacro/cli.py'...
Compiling '/home/devpc/Desktop/quad_ws/install/xacro/lib/python3.8/site-packages/xacro/color.py'...
Compiling '/home/devpc/Desktop/quad_ws/install/xacro/lib/python3.8/site-packages/xacro/substitution_args.py'...
Compiling '/home/devpc/Desktop/quad_ws/install/xacro/lib/python3.8/site-packages/xacro/xmlutils.py'...
-- Installing: /home/devpc/Desktop/quad_ws/install/xacro/bin/xacro
-- Installing: /home/devpc/Desktop/quad_ws/install/xacro/lib/xacro/xacro
-- Installing: /home/devpc/Desktop/quad_ws/install/xacro/share/ament_index/resource_index/package_run_dependencies/xacro
-- Installing: /home/devpc/Desktop/quad_ws/install/xacro/share/ament_index/resource_index/parent_prefix_path/xacro
-- Installing: /home/devpc/Desktop/quad_ws/install/xacro/share/xacro/environment/ament_prefix_path.sh
-- Installing: /home/devpc/Desktop/quad_ws/install/xacro/share/xacro/environment/ament_prefix_path.dsv
-- Installing: /home/devpc/Desktop/quad_ws/install/xacro/share/xacro/environment/path.sh
-- Installing: /home/devpc/Desktop/quad_ws/install/xacro/share/xacro/environment/path.dsv
-- Installing: /home/devpc/Desktop/quad_ws/install/xacro/share/xacro/local_setup.bash
-- Installing: /home/devpc/Desktop/quad_ws/install/xacro/share/xacro/local_setup.sh
-- Installing: /home/devpc/Desktop/quad_ws/install/xacro/share/xacro/local_setup.zsh
-- Installing: /home/devpc/Desktop/quad_ws/install/xacro/share/xacro/local_setup.dsv
-- Installing: /home/devpc/Desktop/quad_ws/install/xacro/share/xacro/package.dsv
-- Installing: /home/devpc/Desktop/quad_ws/install/xacro/share/ament_index/resource_index/packages/xacro
-- Installing: /home/devpc/Desktop/quad_ws/install/xacro/share/xacro/cmake/xacro-extras.cmake
-- Installing: /home/devpc/Desktop/quad_ws/install/xacro/share/xacro/cmake/xacroConfig.cmake
-- Installing: /home/devpc/Desktop/quad_ws/install/xacro/share/xacro/cmake/xacroConfig-version.cmake
-- Installing: /home/devpc/Desktop/quad_ws/install/xacro/share/xacro/package.xml
