[0.542s] Invoking command in '/home/devpc/Desktop/quad_ws/build/xacro': CMAKE_PREFIX_PATH=${CMAKE_PREFIX_PATH}:/home/devpc/Desktop/quad_ws/install/teleop_twist_keyboard:/home/devpc/Desktop/quad_ws/install/teleop:/home/devpc/Desktop/quad_ws/install/quad:/home/devpc/Desktop/quad_ws/install/motion_servos_calibration:/opt/ros/foxy /usr/bin/cmake /home/devpc/Desktop/quad_ws/src/xacro-ros2 -DCMAKE_INSTALL_PREFIX=/home/devpc/Desktop/quad_ws/install/xacro
[0.600s] -- The C compiler identification is GNU 9.3.0
[0.653s] -- The CXX compiler identification is GNU 9.3.0
[0.658s] -- Check for working C compiler: /usr/bin/cc
[0.744s] -- Check for working C compiler: /usr/bin/cc -- works
[0.746s] -- Detecting C compiler ABI info
[0.826s] -- Detecting C compiler ABI info - done
[0.847s] -- Detecting C compile features
[0.848s] -- Detecting C compile features - done
[0.851s] -- Check for working CXX compiler: /usr/bin/c++
[0.935s] -- Check for working CXX compiler: /usr/bin/c++ -- works
[0.936s] -- Detecting CXX compiler ABI info
[1.026s] -- Detecting CXX compiler ABI info - done
[1.048s] -- Detecting CXX compile features
[1.049s] -- Detecting CXX compile features - done
[1.053s] -- Found ament_cmake: 0.9.8 (/opt/ros/foxy/share/ament_cmake/cmake)
[1.077s] -- Found PythonInterp: /usr/bin/python3 (found suitable version "3.8.10", minimum required is "3") 
[1.077s] -- Using PYTHON_EXECUTABLE: /usr/bin/python3
[1.315s] -- Found ament_lint_auto: 0.9.6 (/opt/ros/foxy/share/ament_lint_auto/cmake)
[1.872s] -- Configuring done
[1.874s] -- Generating done
[1.875s] -- Build files have been written to: /home/devpc/Desktop/quad_ws/build/xacro
[1.879s] Invoked command in '/home/devpc/Desktop/quad_ws/build/xacro' returned '0': CMAKE_PREFIX_PATH=${CMAKE_PREFIX_PATH}:/home/devpc/Desktop/quad_ws/install/teleop_twist_keyboard:/home/devpc/Desktop/quad_ws/install/teleop:/home/devpc/Desktop/quad_ws/install/quad:/home/devpc/Desktop/quad_ws/install/motion_servos_calibration:/opt/ros/foxy /usr/bin/cmake /home/devpc/Desktop/quad_ws/src/xacro-ros2 -DCMAKE_INSTALL_PREFIX=/home/devpc/Desktop/quad_ws/install/xacro
[1.882s] Invoking command in '/home/devpc/Desktop/quad_ws/build/xacro': CMAKE_PREFIX_PATH=${CMAKE_PREFIX_PATH}:/home/devpc/Desktop/quad_ws/install/teleop_twist_keyboard:/home/devpc/Desktop/quad_ws/install/teleop:/home/devpc/Desktop/quad_ws/install/quad:/home/devpc/Desktop/quad_ws/install/motion_servos_calibration:/opt/ros/foxy /usr/bin/cmake --build /home/devpc/Desktop/quad_ws/build/xacro -- -j8 -l8
[1.914s] Invoked command in '/home/devpc/Desktop/quad_ws/build/xacro' returned '0': CMAKE_PREFIX_PATH=${CMAKE_PREFIX_PATH}:/home/devpc/Desktop/quad_ws/install/teleop_twist_keyboard:/home/devpc/Desktop/quad_ws/install/teleop:/home/devpc/Desktop/quad_ws/install/quad:/home/devpc/Desktop/quad_ws/install/motion_servos_calibration:/opt/ros/foxy /usr/bin/cmake --build /home/devpc/Desktop/quad_ws/build/xacro -- -j8 -l8
[1.932s] Invoking command in '/home/devpc/Desktop/quad_ws/build/xacro': CMAKE_PREFIX_PATH=${CMAKE_PREFIX_PATH}:/home/devpc/Desktop/quad_ws/install/teleop_twist_keyboard:/home/devpc/Desktop/quad_ws/install/teleop:/home/devpc/Desktop/quad_ws/install/quad:/home/devpc/Desktop/quad_ws/install/motion_servos_calibration:/opt/ros/foxy /usr/bin/cmake --install /home/devpc/Desktop/quad_ws/build/xacro
[1.941s] -- Install configuration: ""
[1.941s] -- Installing: /home/devpc/Desktop/quad_ws/install/xacro/share/xacro/environment/completion.bash
[1.941s] -- Installing: /home/devpc/Desktop/quad_ws/install/xacro/share/xacro/environment/pythonpath.sh
[1.941s] -- Installing: /home/devpc/Desktop/quad_ws/install/xacro/share/xacro/environment/pythonpath.dsv
[1.942s] -- Installing: /home/devpc/Desktop/quad_ws/install/xacro/lib/python3.8/site-packages/xacro
[1.942s] -- Installing: /home/devpc/Desktop/quad_ws/install/xacro/lib/python3.8/site-packages/xacro/substitution_args.py
[1.942s] -- Installing: /home/devpc/Desktop/quad_ws/install/xacro/lib/python3.8/site-packages/xacro/__init__.py
[1.942s] -- Installing: /home/devpc/Desktop/quad_ws/install/xacro/lib/python3.8/site-packages/xacro/xmlutils.py
[1.942s] -- Installing: /home/devpc/Desktop/quad_ws/install/xacro/lib/python3.8/site-packages/xacro/cli.py
[1.942s] -- Installing: /home/devpc/Desktop/quad_ws/install/xacro/lib/python3.8/site-packages/xacro/color.py
[1.978s] Listing '/home/devpc/Desktop/quad_ws/install/xacro/lib/python3.8/site-packages/xacro'...
[1.978s] Compiling '/home/devpc/Desktop/quad_ws/install/xacro/lib/python3.8/site-packages/xacro/__init__.py'...
[1.978s] Compiling '/home/devpc/Desktop/quad_ws/install/xacro/lib/python3.8/site-packages/xacro/cli.py'...
[1.978s] Compiling '/home/devpc/Desktop/quad_ws/install/xacro/lib/python3.8/site-packages/xacro/color.py'...
[1.978s] Compiling '/home/devpc/Desktop/quad_ws/install/xacro/lib/python3.8/site-packages/xacro/substitution_args.py'...
[1.978s] Compiling '/home/devpc/Desktop/quad_ws/install/xacro/lib/python3.8/site-packages/xacro/xmlutils.py'...
[1.981s] -- Installing: /home/devpc/Desktop/quad_ws/install/xacro/bin/xacro
[1.981s] -- Installing: /home/devpc/Desktop/quad_ws/install/xacro/lib/xacro/xacro
[1.982s] -- Installing: /home/devpc/Desktop/quad_ws/install/xacro/share/ament_index/resource_index/package_run_dependencies/xacro
[1.982s] -- Installing: /home/devpc/Desktop/quad_ws/install/xacro/share/ament_index/resource_index/parent_prefix_path/xacro
[1.982s] -- Installing: /home/devpc/Desktop/quad_ws/install/xacro/share/xacro/environment/ament_prefix_path.sh
[1.982s] -- Installing: /home/devpc/Desktop/quad_ws/install/xacro/share/xacro/environment/ament_prefix_path.dsv
[1.982s] -- Installing: /home/devpc/Desktop/quad_ws/install/xacro/share/xacro/environment/path.sh
[1.983s] -- Installing: /home/devpc/Desktop/quad_ws/install/xacro/share/xacro/environment/path.dsv
[1.983s] -- Installing: /home/devpc/Desktop/quad_ws/install/xacro/share/xacro/local_setup.bash
[1.983s] -- Installing: /home/devpc/Desktop/quad_ws/install/xacro/share/xacro/local_setup.sh
[1.983s] -- Installing: /home/devpc/Desktop/quad_ws/install/xacro/share/xacro/local_setup.zsh
[1.983s] -- Installing: /home/devpc/Desktop/quad_ws/install/xacro/share/xacro/local_setup.dsv
[1.983s] -- Installing: /home/devpc/Desktop/quad_ws/install/xacro/share/xacro/package.dsv
[1.984s] -- Installing: /home/devpc/Desktop/quad_ws/install/xacro/share/ament_index/resource_index/packages/xacro
[1.984s] -- Installing: /home/devpc/Desktop/quad_ws/install/xacro/share/xacro/cmake/xacro-extras.cmake
[1.984s] -- Installing: /home/devpc/Desktop/quad_ws/install/xacro/share/xacro/cmake/xacroConfig.cmake
[1.984s] -- Installing: /home/devpc/Desktop/quad_ws/install/xacro/share/xacro/cmake/xacroConfig-version.cmake
[1.984s] -- Installing: /home/devpc/Desktop/quad_ws/install/xacro/share/xacro/package.xml
[1.987s] Invoked command in '/home/devpc/Desktop/quad_ws/build/xacro' returned '0': CMAKE_PREFIX_PATH=${CMAKE_PREFIX_PATH}:/home/devpc/Desktop/quad_ws/install/teleop_twist_keyboard:/home/devpc/Desktop/quad_ws/install/teleop:/home/devpc/Desktop/quad_ws/install/quad:/home/devpc/Desktop/quad_ws/install/motion_servos_calibration:/opt/ros/foxy /usr/bin/cmake --install /home/devpc/Desktop/quad_ws/build/xacro
