running egg_info
writing ../../build/teleop/teleop.egg-info/PKG-INFO
writing dependency_links to ../../build/teleop/teleop.egg-info/dependency_links.txt
writing entry points to ../../build/teleop/teleop.egg-info/entry_points.txt
writing requirements to ../../build/teleop/teleop.egg-info/requires.txt
writing top-level names to ../../build/teleop/teleop.egg-info/top_level.txt
reading manifest file '../../build/teleop/teleop.egg-info/SOURCES.txt'
writing manifest file '../../build/teleop/teleop.egg-info/SOURCES.txt'
running build
running build_py
copying teleop/__init__.py -> /home/devpc/Desktop/quad_ws/build/teleop/build/lib/teleop
copying teleop/teleop.py -> /home/devpc/Desktop/quad_ws/build/teleop/build/lib/teleop
running install
running install_lib
copying /home/devpc/Desktop/quad_ws/build/teleop/build/lib/teleop/__init__.py -> /home/devpc/Desktop/quad_ws/install/teleop/lib/python3.8/site-packages/teleop
copying /home/devpc/Desktop/quad_ws/build/teleop/build/lib/teleop/teleop.py -> /home/devpc/Desktop/quad_ws/install/teleop/lib/python3.8/site-packages/teleop
byte-compiling /home/devpc/Desktop/quad_ws/install/teleop/lib/python3.8/site-packages/teleop/__init__.py to __init__.cpython-38.pyc
byte-compiling /home/devpc/Desktop/quad_ws/install/teleop/lib/python3.8/site-packages/teleop/teleop.py to teleop.cpython-38.pyc
running install_data
copying resource/teleop -> /home/devpc/Desktop/quad_ws/install/teleop/share/ament_index/resource_index/packages
copying package.xml -> /home/devpc/Desktop/quad_ws/install/teleop/share/teleop
running install_egg_info
removing '/home/devpc/Desktop/quad_ws/install/teleop/lib/python3.8/site-packages/teleop-0.0.0-py3.8.egg-info' (and everything under it)
Copying ../../build/teleop/teleop.egg-info to /home/devpc/Desktop/quad_ws/install/teleop/lib/python3.8/site-packages/teleop-0.0.0-py3.8.egg-info
running install_scripts
Installing teleop script to /home/devpc/Desktop/quad_ws/install/teleop/lib/teleop
writing list of installed files to '/home/devpc/Desktop/quad_ws/build/teleop/install.log'
