[0.746s] Invoking command in '/home/devpc/Desktop/quad_ws/src/teleop': PYTHONPATH=/home/devpc/Desktop/quad_ws/install/teleop/lib/python3.8/site-packages:${PYTHONPATH} /usr/bin/python3 setup.py egg_info --egg-base ../../build/teleop build --build-base /home/devpc/Desktop/quad_ws/build/teleop/build install --prefix /home/devpc/Desktop/quad_ws/install/teleop --record /home/devpc/Desktop/quad_ws/build/teleop/install.log --single-version-externally-managed
[1.001s] running egg_info
[1.001s] writing ../../build/teleop/teleop.egg-info/PKG-INFO
[1.001s] writing dependency_links to ../../build/teleop/teleop.egg-info/dependency_links.txt
[1.002s] writing entry points to ../../build/teleop/teleop.egg-info/entry_points.txt
[1.002s] writing requirements to ../../build/teleop/teleop.egg-info/requires.txt
[1.002s] writing top-level names to ../../build/teleop/teleop.egg-info/top_level.txt
[1.052s] reading manifest file '../../build/teleop/teleop.egg-info/SOURCES.txt'
[1.053s] writing manifest file '../../build/teleop/teleop.egg-info/SOURCES.txt'
[1.054s] running build
[1.054s] running build_py
[1.054s] copying teleop/__init__.py -> /home/devpc/Desktop/quad_ws/build/teleop/build/lib/teleop
[1.054s] copying teleop/teleop.py -> /home/devpc/Desktop/quad_ws/build/teleop/build/lib/teleop
[1.054s] running install
[1.055s] running install_lib
[1.056s] copying /home/devpc/Desktop/quad_ws/build/teleop/build/lib/teleop/__init__.py -> /home/devpc/Desktop/quad_ws/install/teleop/lib/python3.8/site-packages/teleop
[1.057s] copying /home/devpc/Desktop/quad_ws/build/teleop/build/lib/teleop/teleop.py -> /home/devpc/Desktop/quad_ws/install/teleop/lib/python3.8/site-packages/teleop
[1.057s] byte-compiling /home/devpc/Desktop/quad_ws/install/teleop/lib/python3.8/site-packages/teleop/__init__.py to __init__.cpython-38.pyc
[1.059s] byte-compiling /home/devpc/Desktop/quad_ws/install/teleop/lib/python3.8/site-packages/teleop/teleop.py to teleop.cpython-38.pyc
[1.060s] running install_data
[1.061s] copying resource/teleop -> /home/devpc/Desktop/quad_ws/install/teleop/share/ament_index/resource_index/packages
[1.061s] copying package.xml -> /home/devpc/Desktop/quad_ws/install/teleop/share/teleop
[1.061s] running install_egg_info
[1.066s] removing '/home/devpc/Desktop/quad_ws/install/teleop/lib/python3.8/site-packages/teleop-0.0.0-py3.8.egg-info' (and everything under it)
[1.067s] Copying ../../build/teleop/teleop.egg-info to /home/devpc/Desktop/quad_ws/install/teleop/lib/python3.8/site-packages/teleop-0.0.0-py3.8.egg-info
[1.067s] running install_scripts
[1.091s] Installing teleop script to /home/devpc/Desktop/quad_ws/install/teleop/lib/teleop
[1.091s] writing list of installed files to '/home/devpc/Desktop/quad_ws/build/teleop/install.log'
[1.147s] Invoked command in '/home/devpc/Desktop/quad_ws/src/teleop' returned '0': PYTHONPATH=/home/devpc/Desktop/quad_ws/install/teleop/lib/python3.8/site-packages:${PYTHONPATH} /usr/bin/python3 setup.py egg_info --egg-base ../../build/teleop build --build-base /home/devpc/Desktop/quad_ws/build/teleop/build install --prefix /home/devpc/Desktop/quad_ws/install/teleop --record /home/devpc/Desktop/quad_ws/build/teleop/install.log --single-version-externally-managed
