running egg_info
creating ../build/teleop_twist_keyboard/teleop_twist_keyboard.egg-info
writing ../build/teleop_twist_keyboard/teleop_twist_keyboard.egg-info/PKG-INFO
writing dependency_links to ../build/teleop_twist_keyboard/teleop_twist_keyboard.egg-info/dependency_links.txt
writing entry points to ../build/teleop_twist_keyboard/teleop_twist_keyboard.egg-info/entry_points.txt
writing requirements to ../build/teleop_twist_keyboard/teleop_twist_keyboard.egg-info/requires.txt
writing top-level names to ../build/teleop_twist_keyboard/teleop_twist_keyboard.egg-info/top_level.txt
writing manifest file '../build/teleop_twist_keyboard/teleop_twist_keyboard.egg-info/SOURCES.txt'
reading manifest file '../build/teleop_twist_keyboard/teleop_twist_keyboard.egg-info/SOURCES.txt'
writing manifest file '../build/teleop_twist_keyboard/teleop_twist_keyboard.egg-info/SOURCES.txt'
running build
running build_py
creating /home/devpc/Desktop/quad_ws/src/build/teleop_twist_keyboard/build
creating /home/devpc/Desktop/quad_ws/src/build/teleop_twist_keyboard/build/lib
copying teleop_twist_keyboard.py -> /home/devpc/Desktop/quad_ws/src/build/teleop_twist_keyboard/build/lib
running install
running install_lib
copying /home/devpc/Desktop/quad_ws/src/build/teleop_twist_keyboard/build/lib/teleop_twist_keyboard.py -> /home/devpc/Desktop/quad_ws/src/install/teleop_twist_keyboard/lib/python3.8/site-packages
byte-compiling /home/devpc/Desktop/quad_ws/src/install/teleop_twist_keyboard/lib/python3.8/site-packages/teleop_twist_keyboard.py to teleop_twist_keyboard.cpython-38.pyc
running install_data
creating /home/devpc/Desktop/quad_ws/src/install/teleop_twist_keyboard/share/ament_index
creating /home/devpc/Desktop/quad_ws/src/install/teleop_twist_keyboard/share/ament_index/resource_index
creating /home/devpc/Desktop/quad_ws/src/install/teleop_twist_keyboard/share/ament_index/resource_index/packages
copying resource/teleop_twist_keyboard -> /home/devpc/Desktop/quad_ws/src/install/teleop_twist_keyboard/share/ament_index/resource_index/packages
copying package.xml -> /home/devpc/Desktop/quad_ws/src/install/teleop_twist_keyboard/share/teleop_twist_keyboard
running install_egg_info
Copying ../build/teleop_twist_keyboard/teleop_twist_keyboard.egg-info to /home/devpc/Desktop/quad_ws/src/install/teleop_twist_keyboard/lib/python3.8/site-packages/teleop_twist_keyboard-2.3.2-py3.8.egg-info
running install_scripts
Installing teleop_twist_keyboard script to /home/devpc/Desktop/quad_ws/src/install/teleop_twist_keyboard/lib/teleop_twist_keyboard
writing list of installed files to '/home/devpc/Desktop/quad_ws/src/build/teleop_twist_keyboard/install.log'
