[0.224s] Invoking command in '/home/devpc/Desktop/quad_ws/build/quad_interfaces': CMAKE_PREFIX_PATH=${CMAKE_PREFIX_PATH}:/home/devpc/Desktop/quad_ws/install/quad:/opt/ros/foxy /usr/bin/cmake --build /home/devpc/Desktop/quad_ws/build/quad_interfaces -- -j8 -l8
[0.252s] -- Found ament_cmake: 0.9.8 (/opt/ros/foxy/share/ament_cmake/cmake)
[0.271s] -- Using PYTHON_EXECUTABLE: /usr/bin/python3
[0.448s] -- Found ament_lint_auto: 0.9.6 (/opt/ros/foxy/share/ament_lint_auto/cmake)
[0.506s] -- Found rosidl_default_generators: 1.0.1 (/opt/ros/foxy/share/rosidl_default_generators/cmake)
[0.509s] -- Using all available rosidl_typesupport_c: rosidl_typesupport_fastrtps_c;rosidl_typesupport_introspection_c
[0.513s] -- Found rosidl_adapter: 1.2.1 (/opt/ros/foxy/share/rosidl_adapter/cmake)
[0.646s] -- Using all available rosidl_typesupport_cpp: rosidl_typesupport_fastrtps_cpp;rosidl_typesupport_introspection_cpp
[0.693s] -- Found PythonInterp: /usr/bin/python3 (found version "3.8.10") 
[0.774s] -- Found ament_cmake_ros: 0.9.2 (/opt/ros/foxy/share/ament_cmake_ros/cmake)
[0.885s] -- Using all available rosidl_typesupport_c: rosidl_typesupport_fastrtps_c;rosidl_typesupport_introspection_c
[0.898s] -- Using all available rosidl_typesupport_cpp: rosidl_typesupport_fastrtps_cpp;rosidl_typesupport_introspection_cpp
[0.921s] -- Found PythonInterp: /usr/bin/python3 (found suitable version "3.8.10", minimum required is "3.5") 
[0.921s] -- Found python_cmake_module: 0.8.1 (/opt/ros/foxy/share/python_cmake_module/cmake)
[0.943s] -- Using PYTHON_EXECUTABLE: /usr/bin/python3
[0.943s] -- Using PYTHON_INCLUDE_DIRS: /usr/include/python3.8
[0.943s] -- Using PYTHON_LIBRARIES: /usr/lib/x86_64-linux-gnu/libpython3.8.so
[0.961s] -- Added test 'copyright' to check source files copyright and LICENSE
[0.962s] -- Added test 'lint_cmake' to check CMake code style
[0.963s] -- Added test 'xmllint' to check XML markup files
[0.969s] -- Configuring done
[1.007s] -- Generating done
[1.010s] -- Build files have been written to: /home/devpc/Desktop/quad_ws/build/quad_interfaces
[1.033s] [  1%] [34m[1mGenerating C code for ROS interfaces[0m
[1.033s] [35m[1mScanning dependencies of target quad_interfaces__cpp[0m
[1.045s] [  3%] [34m[1mGenerating C++ code for ROS interfaces[0m
[1.511s] [  3%] Built target quad_interfaces__cpp
[1.522s] [  4%] [34m[1mGenerating C++ type support for eProsima Fast-RTPS[0m
[1.524s] [  7%] [34m[1mGenerating C++ introspection for ROS interfaces[0m
[1.524s] [  7%] [34m[1mGenerating C++ type support dispatch for ROS interfaces[0m
[1.525s] [35m[1mScanning dependencies of target quad_interfaces__rosidl_generator_c[0m
[1.537s] [  9%] [32mBuilding C object CMakeFiles/quad_interfaces__rosidl_generator_c.dir/rosidl_generator_c/quad_interfaces/msg/detail/motion_servos_parameters__functions.c.o[0m
[1.538s] [ 11%] [32mBuilding C object CMakeFiles/quad_interfaces__rosidl_generator_c.dir/rosidl_generator_c/quad_interfaces/msg/detail/motion_servos__functions.c.o[0m
[1.539s] [ 12%] [32mBuilding C object CMakeFiles/quad_interfaces__rosidl_generator_c.dir/rosidl_generator_c/quad_interfaces/msg/detail/emergency_stop__functions.c.o[0m
[1.549s] [ 14%] [32mBuilding C object CMakeFiles/quad_interfaces__rosidl_generator_c.dir/rosidl_generator_c/quad_interfaces/msg/detail/aux_servos_parameters__functions.c.o[0m
[1.554s] [ 15%] [32mBuilding C object CMakeFiles/quad_interfaces__rosidl_generator_c.dir/rosidl_generator_c/quad_interfaces/msg/detail/aux_servos__functions.c.o[0m
[1.634s] [ 17%] [32m[1mLinking C shared library libquad_interfaces__rosidl_generator_c.so[0m
[1.667s] [ 17%] Built target quad_interfaces__rosidl_generator_c
[1.677s] [ 20%] [34m[1mGenerating C introspection for ROS interfaces[0m
[1.677s] [ 20%] [34m[1mGenerating C type support dispatch for ROS interfaces[0m
[1.911s] [35m[1mScanning dependencies of target quad_interfaces__rosidl_typesupport_cpp[0m
[1.924s] [ 22%] [32mBuilding CXX object CMakeFiles/quad_interfaces__rosidl_typesupport_cpp.dir/rosidl_typesupport_cpp/quad_interfaces/msg/motion_servos__type_support.cpp.o[0m
[1.925s] [ 23%] [32mBuilding CXX object CMakeFiles/quad_interfaces__rosidl_typesupport_cpp.dir/rosidl_typesupport_cpp/quad_interfaces/msg/aux_servos__type_support.cpp.o[0m
[1.925s] [ 25%] [32mBuilding CXX object CMakeFiles/quad_interfaces__rosidl_typesupport_cpp.dir/rosidl_typesupport_cpp/quad_interfaces/msg/motion_servos_parameters__type_support.cpp.o[0m
[1.930s] [ 26%] [32mBuilding CXX object CMakeFiles/quad_interfaces__rosidl_typesupport_cpp.dir/rosidl_typesupport_cpp/quad_interfaces/msg/emergency_stop__type_support.cpp.o[0m
[2.131s] [35m[1mScanning dependencies of target quad_interfaces__rosidl_typesupport_introspection_cpp[0m
[2.175s] [ 28%] [32mBuilding CXX object CMakeFiles/quad_interfaces__rosidl_typesupport_introspection_cpp.dir/rosidl_typesupport_introspection_cpp/quad_interfaces/msg/detail/motion_servos__type_support.cpp.o[0m
[2.180s] [35m[1mScanning dependencies of target quad_interfaces__rosidl_typesupport_fastrtps_cpp[0m
[2.234s] [ 30%] [32mBuilding CXX object CMakeFiles/quad_interfaces__rosidl_typesupport_fastrtps_cpp.dir/rosidl_typesupport_fastrtps_cpp/quad_interfaces/msg/detail/dds_fastrtps/motion_servos__type_support.cpp.o[0m
[2.246s] [35m[1mScanning dependencies of target quad_interfaces__rosidl_typesupport_c[0m
[2.270s] [ 31%] [32mBuilding CXX object CMakeFiles/quad_interfaces__rosidl_typesupport_c.dir/rosidl_typesupport_c/quad_interfaces/msg/motion_servos__type_support.cpp.o[0m
[2.329s] [ 33%] [32mBuilding CXX object CMakeFiles/quad_interfaces__rosidl_typesupport_c.dir/rosidl_typesupport_c/quad_interfaces/msg/motion_servos_parameters__type_support.cpp.o[0m
[2.375s] [35m[1mScanning dependencies of target quad_interfaces__rosidl_typesupport_introspection_c[0m
[2.399s] [ 34%] [32mBuilding CXX object CMakeFiles/quad_interfaces__rosidl_typesupport_c.dir/rosidl_typesupport_c/quad_interfaces/msg/emergency_stop__type_support.cpp.o[0m
[2.402s] [ 36%] [32mBuilding C object CMakeFiles/quad_interfaces__rosidl_typesupport_introspection_c.dir/rosidl_typesupport_introspection_c/quad_interfaces/msg/detail/motion_servos__type_support.c.o[0m
[2.421s] [ 38%] [32mBuilding C object CMakeFiles/quad_interfaces__rosidl_typesupport_introspection_c.dir/rosidl_typesupport_introspection_c/quad_interfaces/msg/detail/motion_servos_parameters__type_support.c.o[0m
[2.423s] [ 39%] [32mBuilding CXX object CMakeFiles/quad_interfaces__rosidl_typesupport_fastrtps_cpp.dir/rosidl_typesupport_fastrtps_cpp/quad_interfaces/msg/detail/dds_fastrtps/motion_servos_parameters__type_support.cpp.o[0m
[2.440s] [ 42%] [32mBuilding CXX object CMakeFiles/quad_interfaces__rosidl_typesupport_c.dir/rosidl_typesupport_c/quad_interfaces/msg/aux_servos__type_support.cpp.o[0m
[2.443s] [ 44%] [32mBuilding CXX object CMakeFiles/quad_interfaces__rosidl_typesupport_fastrtps_cpp.dir/rosidl_typesupport_fastrtps_cpp/quad_interfaces/msg/detail/dds_fastrtps/aux_servos__type_support.cpp.o[0m
[2.444s] [ 44%] [32mBuilding CXX object CMakeFiles/quad_interfaces__rosidl_typesupport_fastrtps_cpp.dir/rosidl_typesupport_fastrtps_cpp/quad_interfaces/msg/detail/dds_fastrtps/emergency_stop__type_support.cpp.o[0m
[2.461s] [ 46%] [32mBuilding CXX object CMakeFiles/quad_interfaces__rosidl_typesupport_cpp.dir/rosidl_typesupport_cpp/quad_interfaces/msg/aux_servos_parameters__type_support.cpp.o[0m
[2.465s] [ 47%] [32mBuilding C object CMakeFiles/quad_interfaces__rosidl_typesupport_introspection_c.dir/rosidl_typesupport_introspection_c/quad_interfaces/msg/detail/emergency_stop__type_support.c.o[0m
[2.486s] [ 49%] [32mBuilding CXX object CMakeFiles/quad_interfaces__rosidl_typesupport_c.dir/rosidl_typesupport_c/quad_interfaces/msg/aux_servos_parameters__type_support.cpp.o[0m
[2.509s] [ 50%] [32mBuilding C object CMakeFiles/quad_interfaces__rosidl_typesupport_introspection_c.dir/rosidl_typesupport_introspection_c/quad_interfaces/msg/detail/aux_servos__type_support.c.o[0m
[2.529s] [ 52%] [32m[1mLinking CXX shared library libquad_interfaces__rosidl_typesupport_c.so[0m
[2.556s] [ 53%] [32mBuilding C object CMakeFiles/quad_interfaces__rosidl_typesupport_introspection_c.dir/rosidl_typesupport_introspection_c/quad_interfaces/msg/detail/aux_servos_parameters__type_support.c.o[0m
[2.586s] [ 53%] Built target quad_interfaces__rosidl_typesupport_c
[2.603s] [ 57%] [32mBuilding CXX object CMakeFiles/quad_interfaces__rosidl_typesupport_fastrtps_cpp.dir/rosidl_typesupport_fastrtps_cpp/quad_interfaces/msg/detail/dds_fastrtps/aux_servos_parameters__type_support.cpp.o[0m
[2.603s] [ 57%] [32m[1mLinking C shared library libquad_interfaces__rosidl_typesupport_introspection_c.so[0m
[2.652s] [ 57%] Built target quad_interfaces__rosidl_typesupport_introspection_c
[2.663s] [ 58%] [32mBuilding CXX object CMakeFiles/quad_interfaces__rosidl_typesupport_introspection_cpp.dir/rosidl_typesupport_introspection_cpp/quad_interfaces/msg/detail/motion_servos_parameters__type_support.cpp.o[0m
[2.724s] [ 60%] [32mBuilding CXX object CMakeFiles/quad_interfaces__rosidl_typesupport_introspection_cpp.dir/rosidl_typesupport_introspection_cpp/quad_interfaces/msg/detail/emergency_stop__type_support.cpp.o[0m
[2.971s] [ 61%] [32m[1mLinking CXX shared library libquad_interfaces__rosidl_typesupport_cpp.so[0m
[3.025s] [ 61%] Built target quad_interfaces__rosidl_typesupport_cpp
[3.037s] [ 63%] [32mBuilding CXX object CMakeFiles/quad_interfaces__rosidl_typesupport_introspection_cpp.dir/rosidl_typesupport_introspection_cpp/quad_interfaces/msg/detail/aux_servos__type_support.cpp.o[0m
[3.107s] [ 65%] [32mBuilding CXX object CMakeFiles/quad_interfaces__rosidl_typesupport_introspection_cpp.dir/rosidl_typesupport_introspection_cpp/quad_interfaces/msg/detail/aux_servos_parameters__type_support.cpp.o[0m
[3.324s] [ 66%] [32m[1mLinking CXX shared library libquad_interfaces__rosidl_typesupport_fastrtps_cpp.so[0m
[3.406s] [ 66%] Built target quad_interfaces__rosidl_typesupport_fastrtps_cpp
[3.415s] [ 68%] [34m[1mGenerating C type support for eProsima Fast-RTPS[0m
[3.494s] [ 69%] [32m[1mLinking CXX shared library libquad_interfaces__rosidl_typesupport_introspection_cpp.so[0m
[3.557s] [ 69%] Built target quad_interfaces__rosidl_typesupport_introspection_cpp
[3.810s] [35m[1mScanning dependencies of target quad_interfaces__rosidl_typesupport_fastrtps_c[0m
[3.827s] [ 73%] [32mBuilding CXX object CMakeFiles/quad_interfaces__rosidl_typesupport_fastrtps_c.dir/rosidl_typesupport_fastrtps_c/quad_interfaces/msg/detail/motion_servos_parameters__type_support_c.cpp.o[0m
[3.827s] [ 73%] [32mBuilding CXX object CMakeFiles/quad_interfaces__rosidl_typesupport_fastrtps_c.dir/rosidl_typesupport_fastrtps_c/quad_interfaces/msg/detail/aux_servos__type_support_c.cpp.o[0m
[3.827s] [ 74%] [32mBuilding CXX object CMakeFiles/quad_interfaces__rosidl_typesupport_fastrtps_c.dir/rosidl_typesupport_fastrtps_c/quad_interfaces/msg/detail/emergency_stop__type_support_c.cpp.o[0m
[3.829s] [ 76%] [32mBuilding CXX object CMakeFiles/quad_interfaces__rosidl_typesupport_fastrtps_c.dir/rosidl_typesupport_fastrtps_c/quad_interfaces/msg/detail/motion_servos__type_support_c.cpp.o[0m
[3.829s] [ 77%] [32mBuilding CXX object CMakeFiles/quad_interfaces__rosidl_typesupport_fastrtps_c.dir/rosidl_typesupport_fastrtps_c/quad_interfaces/msg/detail/aux_servos_parameters__type_support_c.cpp.o[0m
[4.365s] [ 79%] [32m[1mLinking CXX shared library libquad_interfaces__rosidl_typesupport_fastrtps_c.so[0m
[4.441s] [ 79%] Built target quad_interfaces__rosidl_typesupport_fastrtps_c
[4.458s] [ 79%] Built target quad_interfaces
[4.466s] [35m[1mScanning dependencies of target quad_interfaces__py[0m
[4.475s] [ 80%] [34m[1mGenerating Python code for ROS interfaces[0m
[5.248s] [ 80%] Built target quad_interfaces__py
[5.258s] [35m[1mScanning dependencies of target quad_interfaces__python[0m
[5.279s] [ 82%] [32mBuilding C object CMakeFiles/quad_interfaces__python.dir/rosidl_generator_py/quad_interfaces/msg/_motion_servos_parameters_s.c.o[0m
[5.280s] [ 84%] [32mBuilding C object CMakeFiles/quad_interfaces__python.dir/rosidl_generator_py/quad_interfaces/msg/_aux_servos_s.c.o[0m
[5.281s] [ 87%] [32mBuilding C object CMakeFiles/quad_interfaces__python.dir/rosidl_generator_py/quad_interfaces/msg/_motion_servos_s.c.o[0m
[5.281s] [ 87%] [32mBuilding C object CMakeFiles/quad_interfaces__python.dir/rosidl_generator_py/quad_interfaces/msg/_emergency_stop_s.c.o[0m
[5.282s] [ 88%] [32mBuilding C object CMakeFiles/quad_interfaces__python.dir/rosidl_generator_py/quad_interfaces/msg/_aux_servos_parameters_s.c.o[0m
[5.428s] [ 90%] [32m[1mLinking C shared library rosidl_generator_py/quad_interfaces/libquad_interfaces__python.so[0m
[5.465s] [ 90%] Built target quad_interfaces__python
[5.477s] [35m[1mScanning dependencies of target quad_interfaces__rosidl_typesupport_fastrtps_c__pyext[0m
[5.478s] [35m[1mScanning dependencies of target quad_interfaces__rosidl_typesupport_introspection_c__pyext[0m
[5.478s] [35m[1mScanning dependencies of target quad_interfaces__rosidl_typesupport_c__pyext[0m
[5.496s] [ 92%] [32mBuilding C object CMakeFiles/quad_interfaces__rosidl_typesupport_c__pyext.dir/rosidl_generator_py/quad_interfaces/_quad_interfaces_s.ep.rosidl_typesupport_c.c.o[0m
[5.498s] [ 93%] [32mBuilding C object CMakeFiles/quad_interfaces__rosidl_typesupport_introspection_c__pyext.dir/rosidl_generator_py/quad_interfaces/_quad_interfaces_s.ep.rosidl_typesupport_introspection_c.c.o[0m
[5.506s] [ 95%] [32mBuilding C object CMakeFiles/quad_interfaces__rosidl_typesupport_fastrtps_c__pyext.dir/rosidl_generator_py/quad_interfaces/_quad_interfaces_s.ep.rosidl_typesupport_fastrtps_c.c.o[0m
[5.609s] [ 98%] [32m[1mLinking CXX shared library rosidl_generator_py/quad_interfaces/quad_interfaces_s__rosidl_typesupport_fastrtps_c.cpython-38-x86_64-linux-gnu.so[0m
[5.609s] [ 98%] [32m[1mLinking C shared library rosidl_generator_py/quad_interfaces/quad_interfaces_s__rosidl_typesupport_introspection_c.cpython-38-x86_64-linux-gnu.so[0m
[5.615s] [100%] [32m[1mLinking C shared library rosidl_generator_py/quad_interfaces/quad_interfaces_s__rosidl_typesupport_c.cpython-38-x86_64-linux-gnu.so[0m
[5.642s] [100%] Built target quad_interfaces__rosidl_typesupport_introspection_c__pyext
[5.649s] [100%] Built target quad_interfaces__rosidl_typesupport_c__pyext
[5.671s] [100%] Built target quad_interfaces__rosidl_typesupport_fastrtps_c__pyext
[5.682s] Invoked command in '/home/devpc/Desktop/quad_ws/build/quad_interfaces' returned '0': CMAKE_PREFIX_PATH=${CMAKE_PREFIX_PATH}:/home/devpc/Desktop/quad_ws/install/quad:/opt/ros/foxy /usr/bin/cmake --build /home/devpc/Desktop/quad_ws/build/quad_interfaces -- -j8 -l8
[5.767s] Invoking command in '/home/devpc/Desktop/quad_ws/build/quad_interfaces': CMAKE_PREFIX_PATH=${CMAKE_PREFIX_PATH}:/home/devpc/Desktop/quad_ws/install/quad:/opt/ros/foxy /usr/bin/cmake --install /home/devpc/Desktop/quad_ws/build/quad_interfaces
[5.775s] -- Install configuration: ""
[5.775s] -- Installing: /home/devpc/Desktop/quad_ws/install/quad_interfaces/share/ament_index/resource_index/rosidl_interfaces/quad_interfaces
[5.775s] -- Up-to-date: /home/devpc/Desktop/quad_ws/install/quad_interfaces/include/quad_interfaces
[5.775s] -- Up-to-date: /home/devpc/Desktop/quad_ws/install/quad_interfaces/include/quad_interfaces/msg
[5.775s] -- Installing: /home/devpc/Desktop/quad_ws/install/quad_interfaces/include/quad_interfaces/msg/aux_servos_parameters.h
[5.776s] -- Installing: /home/devpc/Desktop/quad_ws/install/quad_interfaces/include/quad_interfaces/msg/emergency_stop.h
[5.776s] -- Up-to-date: /home/devpc/Desktop/quad_ws/install/quad_interfaces/include/quad_interfaces/msg/detail
[5.776s] -- Installing: /home/devpc/Desktop/quad_ws/install/quad_interfaces/include/quad_interfaces/msg/detail/emergency_stop__functions.h
[5.776s] -- Installing: /home/devpc/Desktop/quad_ws/install/quad_interfaces/include/quad_interfaces/msg/detail/motion_servos_parameters__type_support.h
[5.776s] -- Up-to-date: /home/devpc/Desktop/quad_ws/install/quad_interfaces/include/quad_interfaces/msg/detail/motion_servos_calibration__type_support.h
[5.776s] -- Installing: /home/devpc/Desktop/quad_ws/install/quad_interfaces/include/quad_interfaces/msg/detail/motion_servos__functions.h
[5.777s] -- Up-to-date: /home/devpc/Desktop/quad_ws/install/quad_interfaces/include/quad_interfaces/msg/detail/aux_servos_calibration__type_support.h
[5.777s] -- Installing: /home/devpc/Desktop/quad_ws/install/quad_interfaces/include/quad_interfaces/msg/detail/aux_servos_parameters__functions.c
[5.777s] -- Installing: /home/devpc/Desktop/quad_ws/install/quad_interfaces/include/quad_interfaces/msg/detail/aux_servos__functions.c
[5.777s] -- Installing: /home/devpc/Desktop/quad_ws/install/quad_interfaces/include/quad_interfaces/msg/detail/motion_servos__functions.c
[5.777s] -- Installing: /home/devpc/Desktop/quad_ws/install/quad_interfaces/include/quad_interfaces/msg/detail/motion_servos_parameters__functions.h
[5.778s] -- Installing: /home/devpc/Desktop/quad_ws/install/quad_interfaces/include/quad_interfaces/msg/detail/aux_servos_parameters__type_support.h
[5.778s] -- Installing: /home/devpc/Desktop/quad_ws/install/quad_interfaces/include/quad_interfaces/msg/detail/aux_servos__functions.h
[5.778s] -- Installing: /home/devpc/Desktop/quad_ws/install/quad_interfaces/include/quad_interfaces/msg/detail/emergency_stop__functions.c
[5.778s] -- Installing: /home/devpc/Desktop/quad_ws/install/quad_interfaces/include/quad_interfaces/msg/detail/motion_servos__type_support.h
[5.778s] -- Up-to-date: /home/devpc/Desktop/quad_ws/install/quad_interfaces/include/quad_interfaces/msg/detail/motion_servos_calibration__functions.h
[5.778s] -- Installing: /home/devpc/Desktop/quad_ws/install/quad_interfaces/include/quad_interfaces/msg/detail/aux_servos_parameters__functions.h
[5.779s] -- Installing: /home/devpc/Desktop/quad_ws/install/quad_interfaces/include/quad_interfaces/msg/detail/aux_servos__struct.h
[5.779s] -- Installing: /home/devpc/Desktop/quad_ws/install/quad_interfaces/include/quad_interfaces/msg/detail/aux_servos_parameters__struct.h
[5.779s] -- Up-to-date: /home/devpc/Desktop/quad_ws/install/quad_interfaces/include/quad_interfaces/msg/detail/aux_servos_calibration__struct.h
[5.779s] -- Up-to-date: /home/devpc/Desktop/quad_ws/install/quad_interfaces/include/quad_interfaces/msg/detail/motion_servos_calibration__struct.h
[5.779s] -- Installing: /home/devpc/Desktop/quad_ws/install/quad_interfaces/include/quad_interfaces/msg/detail/motion_servos_parameters__functions.c
[5.779s] -- Up-to-date: /home/devpc/Desktop/quad_ws/install/quad_interfaces/include/quad_interfaces/msg/detail/motion_servos_calibration__functions.c
[5.779s] -- Installing: /home/devpc/Desktop/quad_ws/install/quad_interfaces/include/quad_interfaces/msg/detail/motion_servos_parameters__struct.h
[5.780s] -- Up-to-date: /home/devpc/Desktop/quad_ws/install/quad_interfaces/include/quad_interfaces/msg/detail/aux_servos_calibration__functions.c
[5.780s] -- Installing: /home/devpc/Desktop/quad_ws/install/quad_interfaces/include/quad_interfaces/msg/detail/motion_servos__struct.h
[5.780s] -- Installing: /home/devpc/Desktop/quad_ws/install/quad_interfaces/include/quad_interfaces/msg/detail/emergency_stop__struct.h
[5.780s] -- Up-to-date: /home/devpc/Desktop/quad_ws/install/quad_interfaces/include/quad_interfaces/msg/detail/aux_servos_calibration__functions.h
[5.780s] -- Installing: /home/devpc/Desktop/quad_ws/install/quad_interfaces/include/quad_interfaces/msg/detail/aux_servos__type_support.h
[5.780s] -- Installing: /home/devpc/Desktop/quad_ws/install/quad_interfaces/include/quad_interfaces/msg/detail/emergency_stop__type_support.h
[5.781s] -- Installing: /home/devpc/Desktop/quad_ws/install/quad_interfaces/include/quad_interfaces/msg/motion_servos.h
[5.781s] -- Up-to-date: /home/devpc/Desktop/quad_ws/install/quad_interfaces/include/quad_interfaces/msg/motion_servos_calibration.h
[5.781s] -- Installing: /home/devpc/Desktop/quad_ws/install/quad_interfaces/include/quad_interfaces/msg/motion_servos_parameters.h
[5.781s] -- Up-to-date: /home/devpc/Desktop/quad_ws/install/quad_interfaces/include/quad_interfaces/msg/aux_servos_calibration.h
[5.781s] -- Up-to-date: /home/devpc/Desktop/quad_ws/install/quad_interfaces/include/quad_interfaces/msg/rosidl_generator_c__visibility_control.h
[5.781s] -- Installing: /home/devpc/Desktop/quad_ws/install/quad_interfaces/include/quad_interfaces/msg/aux_servos.h
[5.781s] -- Up-to-date: /home/devpc/Desktop/quad_ws/install/quad_interfaces/share/quad_interfaces/environment/library_path.sh
[5.781s] -- Installing: /home/devpc/Desktop/quad_ws/install/quad_interfaces/share/quad_interfaces/environment/library_path.dsv
[5.782s] -- Installing: /home/devpc/Desktop/quad_ws/install/quad_interfaces/lib/libquad_interfaces__rosidl_generator_c.so
[5.782s] -- Set runtime path of "/home/devpc/Desktop/quad_ws/install/quad_interfaces/lib/libquad_interfaces__rosidl_generator_c.so" to ""
[5.782s] -- Up-to-date: /home/devpc/Desktop/quad_ws/install/quad_interfaces/include/quad_interfaces
[5.782s] -- Up-to-date: /home/devpc/Desktop/quad_ws/install/quad_interfaces/include/quad_interfaces/msg
[5.782s] -- Up-to-date: /home/devpc/Desktop/quad_ws/install/quad_interfaces/include/quad_interfaces/msg/detail
[5.782s] -- Installing: /home/devpc/Desktop/quad_ws/install/quad_interfaces/include/quad_interfaces/msg/detail/aux_servos__rosidl_typesupport_fastrtps_c.h
[5.782s] -- Installing: /home/devpc/Desktop/quad_ws/install/quad_interfaces/include/quad_interfaces/msg/detail/motion_servos__rosidl_typesupport_fastrtps_c.h
[5.782s] -- Up-to-date: /home/devpc/Desktop/quad_ws/install/quad_interfaces/include/quad_interfaces/msg/detail/motion_servos_calibration__rosidl_typesupport_fastrtps_c.h
[5.783s] -- Installing: /home/devpc/Desktop/quad_ws/install/quad_interfaces/include/quad_interfaces/msg/detail/motion_servos_parameters__rosidl_typesupport_fastrtps_c.h
[5.783s] -- Installing: /home/devpc/Desktop/quad_ws/install/quad_interfaces/include/quad_interfaces/msg/detail/aux_servos_parameters__rosidl_typesupport_fastrtps_c.h
[5.783s] -- Installing: /home/devpc/Desktop/quad_ws/install/quad_interfaces/include/quad_interfaces/msg/detail/emergency_stop__rosidl_typesupport_fastrtps_c.h
[5.783s] -- Up-to-date: /home/devpc/Desktop/quad_ws/install/quad_interfaces/include/quad_interfaces/msg/detail/aux_servos_calibration__rosidl_typesupport_fastrtps_c.h
[5.783s] -- Up-to-date: /home/devpc/Desktop/quad_ws/install/quad_interfaces/include/quad_interfaces/msg/rosidl_typesupport_fastrtps_c__visibility_control.h
[5.783s] -- Installing: /home/devpc/Desktop/quad_ws/install/quad_interfaces/lib/libquad_interfaces__rosidl_typesupport_fastrtps_c.so
[5.783s] -- Set runtime path of "/home/devpc/Desktop/quad_ws/install/quad_interfaces/lib/libquad_interfaces__rosidl_typesupport_fastrtps_c.so" to ""
[5.783s] -- Up-to-date: /home/devpc/Desktop/quad_ws/install/quad_interfaces/include/quad_interfaces
[5.783s] -- Up-to-date: /home/devpc/Desktop/quad_ws/install/quad_interfaces/include/quad_interfaces/msg
[5.784s] -- Up-to-date: /home/devpc/Desktop/quad_ws/install/quad_interfaces/include/quad_interfaces/msg/detail
[5.784s] -- Installing: /home/devpc/Desktop/quad_ws/install/quad_interfaces/include/quad_interfaces/msg/detail/aux_servos__rosidl_typesupport_fastrtps_cpp.hpp
[5.784s] -- Installing: /home/devpc/Desktop/quad_ws/install/quad_interfaces/include/quad_interfaces/msg/detail/emergency_stop__rosidl_typesupport_fastrtps_cpp.hpp
[5.784s] -- Installing: /home/devpc/Desktop/quad_ws/install/quad_interfaces/include/quad_interfaces/msg/detail/motion_servos_parameters__rosidl_typesupport_fastrtps_cpp.hpp
[5.784s] -- Installing: /home/devpc/Desktop/quad_ws/install/quad_interfaces/include/quad_interfaces/msg/detail/aux_servos_parameters__rosidl_typesupport_fastrtps_cpp.hpp
[5.785s] -- Up-to-date: /home/devpc/Desktop/quad_ws/install/quad_interfaces/include/quad_interfaces/msg/detail/aux_servos_calibration__rosidl_typesupport_fastrtps_cpp.hpp
[5.785s] -- Up-to-date: /home/devpc/Desktop/quad_ws/install/quad_interfaces/include/quad_interfaces/msg/detail/motion_servos_calibration__rosidl_typesupport_fastrtps_cpp.hpp
[5.785s] -- Installing: /home/devpc/Desktop/quad_ws/install/quad_interfaces/include/quad_interfaces/msg/detail/motion_servos__rosidl_typesupport_fastrtps_cpp.hpp
[5.785s] -- Up-to-date: /home/devpc/Desktop/quad_ws/install/quad_interfaces/include/quad_interfaces/msg/detail/dds_fastrtps
[5.785s] -- Up-to-date: /home/devpc/Desktop/quad_ws/install/quad_interfaces/include/quad_interfaces/msg/rosidl_typesupport_fastrtps_cpp__visibility_control.h
[5.786s] -- Installing: /home/devpc/Desktop/quad_ws/install/quad_interfaces/lib/libquad_interfaces__rosidl_typesupport_fastrtps_cpp.so
[5.786s] -- Set runtime path of "/home/devpc/Desktop/quad_ws/install/quad_interfaces/lib/libquad_interfaces__rosidl_typesupport_fastrtps_cpp.so" to ""
[5.786s] -- Up-to-date: /home/devpc/Desktop/quad_ws/install/quad_interfaces/include/quad_interfaces
[5.786s] -- Up-to-date: /home/devpc/Desktop/quad_ws/install/quad_interfaces/include/quad_interfaces/msg
[5.786s] -- Up-to-date: /home/devpc/Desktop/quad_ws/install/quad_interfaces/include/quad_interfaces/msg/detail
[5.786s] -- Installing: /home/devpc/Desktop/quad_ws/install/quad_interfaces/include/quad_interfaces/msg/detail/emergency_stop__type_support.c
[5.787s] -- Up-to-date: /home/devpc/Desktop/quad_ws/install/quad_interfaces/include/quad_interfaces/msg/detail/motion_servos_calibration__type_support.c
[5.787s] -- Installing: /home/devpc/Desktop/quad_ws/install/quad_interfaces/include/quad_interfaces/msg/detail/aux_servos_parameters__rosidl_typesupport_introspection_c.h
[5.787s] -- Installing: /home/devpc/Desktop/quad_ws/install/quad_interfaces/include/quad_interfaces/msg/detail/aux_servos__rosidl_typesupport_introspection_c.h
[5.787s] -- Installing: /home/devpc/Desktop/quad_ws/install/quad_interfaces/include/quad_interfaces/msg/detail/motion_servos_parameters__rosidl_typesupport_introspection_c.h
[5.787s] -- Up-to-date: /home/devpc/Desktop/quad_ws/install/quad_interfaces/include/quad_interfaces/msg/detail/motion_servos_calibration__rosidl_typesupport_introspection_c.h
[5.787s] -- Installing: /home/devpc/Desktop/quad_ws/install/quad_interfaces/include/quad_interfaces/msg/detail/motion_servos__type_support.c
[5.788s] -- Installing: /home/devpc/Desktop/quad_ws/install/quad_interfaces/include/quad_interfaces/msg/detail/aux_servos__type_support.c
[5.788s] -- Installing: /home/devpc/Desktop/quad_ws/install/quad_interfaces/include/quad_interfaces/msg/detail/motion_servos__rosidl_typesupport_introspection_c.h
[5.788s] -- Up-to-date: /home/devpc/Desktop/quad_ws/install/quad_interfaces/include/quad_interfaces/msg/detail/aux_servos_calibration__rosidl_typesupport_introspection_c.h
[5.788s] -- Installing: /home/devpc/Desktop/quad_ws/install/quad_interfaces/include/quad_interfaces/msg/detail/emergency_stop__rosidl_typesupport_introspection_c.h
[5.788s] -- Installing: /home/devpc/Desktop/quad_ws/install/quad_interfaces/include/quad_interfaces/msg/detail/aux_servos_parameters__type_support.c
[5.789s] -- Installing: /home/devpc/Desktop/quad_ws/install/quad_interfaces/include/quad_interfaces/msg/detail/motion_servos_parameters__type_support.c
[5.789s] -- Up-to-date: /home/devpc/Desktop/quad_ws/install/quad_interfaces/include/quad_interfaces/msg/detail/aux_servos_calibration__type_support.c
[5.789s] -- Up-to-date: /home/devpc/Desktop/quad_ws/install/quad_interfaces/include/quad_interfaces/msg/rosidl_typesupport_introspection_c__visibility_control.h
[5.789s] -- Installing: /home/devpc/Desktop/quad_ws/install/quad_interfaces/lib/libquad_interfaces__rosidl_typesupport_introspection_c.so
[5.789s] -- Set runtime path of "/home/devpc/Desktop/quad_ws/install/quad_interfaces/lib/libquad_interfaces__rosidl_typesupport_introspection_c.so" to ""
[5.790s] -- Installing: /home/devpc/Desktop/quad_ws/install/quad_interfaces/lib/libquad_interfaces__rosidl_typesupport_c.so
[5.790s] -- Set runtime path of "/home/devpc/Desktop/quad_ws/install/quad_interfaces/lib/libquad_interfaces__rosidl_typesupport_c.so" to ""
[5.790s] -- Up-to-date: /home/devpc/Desktop/quad_ws/install/quad_interfaces/include/quad_interfaces
[5.790s] -- Up-to-date: /home/devpc/Desktop/quad_ws/install/quad_interfaces/include/quad_interfaces/msg
[5.790s] -- Installing: /home/devpc/Desktop/quad_ws/install/quad_interfaces/include/quad_interfaces/msg/aux_servos_parameters.hpp
[5.790s] -- Up-to-date: /home/devpc/Desktop/quad_ws/install/quad_interfaces/include/quad_interfaces/msg/aux_servos_calibration.hpp
[5.790s] -- Installing: /home/devpc/Desktop/quad_ws/install/quad_interfaces/include/quad_interfaces/msg/motion_servos_parameters.hpp
[5.791s] -- Installing: /home/devpc/Desktop/quad_ws/install/quad_interfaces/include/quad_interfaces/msg/motion_servos.hpp
[5.791s] -- Up-to-date: /home/devpc/Desktop/quad_ws/install/quad_interfaces/include/quad_interfaces/msg/detail
[5.791s] -- Up-to-date: /home/devpc/Desktop/quad_ws/install/quad_interfaces/include/quad_interfaces/msg/detail/aux_servos_calibration__traits.hpp
[5.791s] -- Up-to-date: /home/devpc/Desktop/quad_ws/install/quad_interfaces/include/quad_interfaces/msg/detail/aux_servos_calibration__builder.hpp
[5.791s] -- Installing: /home/devpc/Desktop/quad_ws/install/quad_interfaces/include/quad_interfaces/msg/detail/motion_servos__struct.hpp
[5.791s] -- Installing: /home/devpc/Desktop/quad_ws/install/quad_interfaces/include/quad_interfaces/msg/detail/motion_servos__builder.hpp
[5.792s] -- Installing: /home/devpc/Desktop/quad_ws/install/quad_interfaces/include/quad_interfaces/msg/detail/emergency_stop__builder.hpp
[5.792s] -- Installing: /home/devpc/Desktop/quad_ws/install/quad_interfaces/include/quad_interfaces/msg/detail/aux_servos__struct.hpp
[5.792s] -- Installing: /home/devpc/Desktop/quad_ws/install/quad_interfaces/include/quad_interfaces/msg/detail/motion_servos_parameters__builder.hpp
[5.792s] -- Installing: /home/devpc/Desktop/quad_ws/install/quad_interfaces/include/quad_interfaces/msg/detail/aux_servos_parameters__struct.hpp
[5.792s] -- Installing: /home/devpc/Desktop/quad_ws/install/quad_interfaces/include/quad_interfaces/msg/detail/aux_servos_parameters__builder.hpp
[5.793s] -- Installing: /home/devpc/Desktop/quad_ws/install/quad_interfaces/include/quad_interfaces/msg/detail/motion_servos__traits.hpp
[5.793s] -- Installing: /home/devpc/Desktop/quad_ws/install/quad_interfaces/include/quad_interfaces/msg/detail/emergency_stop__struct.hpp
[5.793s] -- Installing: /home/devpc/Desktop/quad_ws/install/quad_interfaces/include/quad_interfaces/msg/detail/motion_servos_parameters__traits.hpp
[5.793s] -- Installing: /home/devpc/Desktop/quad_ws/install/quad_interfaces/include/quad_interfaces/msg/detail/aux_servos__builder.hpp
[5.793s] -- Up-to-date: /home/devpc/Desktop/quad_ws/install/quad_interfaces/include/quad_interfaces/msg/detail/motion_servos_calibration__builder.hpp
[5.793s] -- Installing: /home/devpc/Desktop/quad_ws/install/quad_interfaces/include/quad_interfaces/msg/detail/aux_servos__traits.hpp
[5.793s] -- Installing: /home/devpc/Desktop/quad_ws/install/quad_interfaces/include/quad_interfaces/msg/detail/aux_servos_parameters__traits.hpp
[5.793s] -- Installing: /home/devpc/Desktop/quad_ws/install/quad_interfaces/include/quad_interfaces/msg/detail/emergency_stop__traits.hpp
[5.793s] -- Installing: /home/devpc/Desktop/quad_ws/install/quad_interfaces/include/quad_interfaces/msg/detail/motion_servos_parameters__struct.hpp
[5.794s] -- Up-to-date: /home/devpc/Desktop/quad_ws/install/quad_interfaces/include/quad_interfaces/msg/detail/aux_servos_calibration__struct.hpp
[5.794s] -- Up-to-date: /home/devpc/Desktop/quad_ws/install/quad_interfaces/include/quad_interfaces/msg/detail/motion_servos_calibration__traits.hpp
[5.794s] -- Up-to-date: /home/devpc/Desktop/quad_ws/install/quad_interfaces/include/quad_interfaces/msg/detail/motion_servos_calibration__struct.hpp
[5.794s] -- Installing: /home/devpc/Desktop/quad_ws/install/quad_interfaces/include/quad_interfaces/msg/emergency_stop.hpp
[5.794s] -- Installing: /home/devpc/Desktop/quad_ws/install/quad_interfaces/include/quad_interfaces/msg/aux_servos.hpp
[5.794s] -- Up-to-date: /home/devpc/Desktop/quad_ws/install/quad_interfaces/include/quad_interfaces/msg/motion_servos_calibration.hpp
[5.794s] -- Up-to-date: /home/devpc/Desktop/quad_ws/install/quad_interfaces/include/quad_interfaces
[5.794s] -- Up-to-date: /home/devpc/Desktop/quad_ws/install/quad_interfaces/include/quad_interfaces/msg
[5.794s] -- Up-to-date: /home/devpc/Desktop/quad_ws/install/quad_interfaces/include/quad_interfaces/msg/detail
[5.794s] -- Installing: /home/devpc/Desktop/quad_ws/install/quad_interfaces/include/quad_interfaces/msg/detail/aux_servos_parameters__rosidl_typesupport_introspection_cpp.hpp
[5.794s] -- Installing: /home/devpc/Desktop/quad_ws/install/quad_interfaces/include/quad_interfaces/msg/detail/motion_servos__rosidl_typesupport_introspection_cpp.hpp
[5.794s] -- Installing: /home/devpc/Desktop/quad_ws/install/quad_interfaces/include/quad_interfaces/msg/detail/aux_servos__rosidl_typesupport_introspection_cpp.hpp
[5.795s] -- Installing: /home/devpc/Desktop/quad_ws/install/quad_interfaces/include/quad_interfaces/msg/detail/motion_servos__type_support.cpp
[5.795s] -- Up-to-date: /home/devpc/Desktop/quad_ws/install/quad_interfaces/include/quad_interfaces/msg/detail/aux_servos_calibration__rosidl_typesupport_introspection_cpp.hpp
[5.795s] -- Installing: /home/devpc/Desktop/quad_ws/install/quad_interfaces/include/quad_interfaces/msg/detail/emergency_stop__type_support.cpp
[5.795s] -- Up-to-date: /home/devpc/Desktop/quad_ws/install/quad_interfaces/include/quad_interfaces/msg/detail/motion_servos_calibration__rosidl_typesupport_introspection_cpp.hpp
[5.795s] -- Up-to-date: /home/devpc/Desktop/quad_ws/install/quad_interfaces/include/quad_interfaces/msg/detail/aux_servos_calibration__type_support.cpp
[5.795s] -- Installing: /home/devpc/Desktop/quad_ws/install/quad_interfaces/include/quad_interfaces/msg/detail/motion_servos_parameters__rosidl_typesupport_introspection_cpp.hpp
[5.795s] -- Up-to-date: /home/devpc/Desktop/quad_ws/install/quad_interfaces/include/quad_interfaces/msg/detail/motion_servos_calibration__type_support.cpp
[5.795s] -- Installing: /home/devpc/Desktop/quad_ws/install/quad_interfaces/include/quad_interfaces/msg/detail/motion_servos_parameters__type_support.cpp
[5.795s] -- Installing: /home/devpc/Desktop/quad_ws/install/quad_interfaces/include/quad_interfaces/msg/detail/aux_servos_parameters__type_support.cpp
[5.795s] -- Installing: /home/devpc/Desktop/quad_ws/install/quad_interfaces/include/quad_interfaces/msg/detail/aux_servos__type_support.cpp
[5.795s] -- Installing: /home/devpc/Desktop/quad_ws/install/quad_interfaces/include/quad_interfaces/msg/detail/emergency_stop__rosidl_typesupport_introspection_cpp.hpp
[5.796s] -- Installing: /home/devpc/Desktop/quad_ws/install/quad_interfaces/lib/libquad_interfaces__rosidl_typesupport_introspection_cpp.so
[5.796s] -- Set runtime path of "/home/devpc/Desktop/quad_ws/install/quad_interfaces/lib/libquad_interfaces__rosidl_typesupport_introspection_cpp.so" to ""
[5.796s] -- Installing: /home/devpc/Desktop/quad_ws/install/quad_interfaces/lib/libquad_interfaces__rosidl_typesupport_cpp.so
[5.796s] -- Set runtime path of "/home/devpc/Desktop/quad_ws/install/quad_interfaces/lib/libquad_interfaces__rosidl_typesupport_cpp.so" to ""
[5.796s] -- Up-to-date: /home/devpc/Desktop/quad_ws/install/quad_interfaces/share/quad_interfaces/environment/pythonpath.sh
[5.796s] -- Installing: /home/devpc/Desktop/quad_ws/install/quad_interfaces/share/quad_interfaces/environment/pythonpath.dsv
[5.796s] -- Installing: /home/devpc/Desktop/quad_ws/install/quad_interfaces/lib/python3.8/site-packages/quad_interfaces/__init__.py
[5.833s] Compiling '/home/devpc/Desktop/quad_ws/install/quad_interfaces/lib/python3.8/site-packages/quad_interfaces/__init__.py'...
[5.838s] -- Up-to-date: /home/devpc/Desktop/quad_ws/install/quad_interfaces/lib/python3.8/site-packages/quad_interfaces/msg
[5.838s] -- Up-to-date: /home/devpc/Desktop/quad_ws/install/quad_interfaces/lib/python3.8/site-packages/quad_interfaces/msg/_aux_servos_calibration.py
[5.838s] -- Installing: /home/devpc/Desktop/quad_ws/install/quad_interfaces/lib/python3.8/site-packages/quad_interfaces/msg/_motion_servos_parameters_s.c
[5.838s] -- Installing: /home/devpc/Desktop/quad_ws/install/quad_interfaces/lib/python3.8/site-packages/quad_interfaces/msg/_motion_servos_parameters.py
[5.838s] -- Installing: /home/devpc/Desktop/quad_ws/install/quad_interfaces/lib/python3.8/site-packages/quad_interfaces/msg/_emergency_stop_s.c
[5.838s] -- Installing: /home/devpc/Desktop/quad_ws/install/quad_interfaces/lib/python3.8/site-packages/quad_interfaces/msg/_aux_servos_parameters.py
[5.838s] -- Installing: /home/devpc/Desktop/quad_ws/install/quad_interfaces/lib/python3.8/site-packages/quad_interfaces/msg/_motion_servos_s.c
[5.838s] -- Installing: /home/devpc/Desktop/quad_ws/install/quad_interfaces/lib/python3.8/site-packages/quad_interfaces/msg/_aux_servos.py
[5.838s] -- Installing: /home/devpc/Desktop/quad_ws/install/quad_interfaces/lib/python3.8/site-packages/quad_interfaces/msg/_motion_servos.py
[5.839s] -- Up-to-date: /home/devpc/Desktop/quad_ws/install/quad_interfaces/lib/python3.8/site-packages/quad_interfaces/msg/_aux_servos_calibration_s.c
[5.839s] -- Installing: /home/devpc/Desktop/quad_ws/install/quad_interfaces/lib/python3.8/site-packages/quad_interfaces/msg/__init__.py
[5.839s] -- Installing: /home/devpc/Desktop/quad_ws/install/quad_interfaces/lib/python3.8/site-packages/quad_interfaces/msg/_aux_servos_s.c
[5.839s] -- Installing: /home/devpc/Desktop/quad_ws/install/quad_interfaces/lib/python3.8/site-packages/quad_interfaces/msg/_emergency_stop.py
[5.839s] -- Up-to-date: /home/devpc/Desktop/quad_ws/install/quad_interfaces/lib/python3.8/site-packages/quad_interfaces/msg/_motion_servos_calibration_s.c
[5.839s] -- Up-to-date: /home/devpc/Desktop/quad_ws/install/quad_interfaces/lib/python3.8/site-packages/quad_interfaces/msg/_motion_servos_calibration.py
[5.839s] -- Installing: /home/devpc/Desktop/quad_ws/install/quad_interfaces/lib/python3.8/site-packages/quad_interfaces/msg/_aux_servos_parameters_s.c
[5.840s] -- Installing: /home/devpc/Desktop/quad_ws/install/quad_interfaces/lib/python3.8/site-packages/quad_interfaces/quad_interfaces_s__rosidl_typesupport_fastrtps_c.cpython-38-x86_64-linux-gnu.so
[5.840s] -- Set runtime path of "/home/devpc/Desktop/quad_ws/install/quad_interfaces/lib/python3.8/site-packages/quad_interfaces/quad_interfaces_s__rosidl_typesupport_fastrtps_c.cpython-38-x86_64-linux-gnu.so" to ""
[5.841s] -- Installing: /home/devpc/Desktop/quad_ws/install/quad_interfaces/lib/python3.8/site-packages/quad_interfaces/quad_interfaces_s__rosidl_typesupport_introspection_c.cpython-38-x86_64-linux-gnu.so
[5.842s] -- Set runtime path of "/home/devpc/Desktop/quad_ws/install/quad_interfaces/lib/python3.8/site-packages/quad_interfaces/quad_interfaces_s__rosidl_typesupport_introspection_c.cpython-38-x86_64-linux-gnu.so" to ""
[5.842s] -- Installing: /home/devpc/Desktop/quad_ws/install/quad_interfaces/lib/python3.8/site-packages/quad_interfaces/quad_interfaces_s__rosidl_typesupport_c.cpython-38-x86_64-linux-gnu.so
[5.842s] -- Set runtime path of "/home/devpc/Desktop/quad_ws/install/quad_interfaces/lib/python3.8/site-packages/quad_interfaces/quad_interfaces_s__rosidl_typesupport_c.cpython-38-x86_64-linux-gnu.so" to ""
[5.843s] -- Installing: /home/devpc/Desktop/quad_ws/install/quad_interfaces/lib/libquad_interfaces__python.so
[5.843s] -- Set runtime path of "/home/devpc/Desktop/quad_ws/install/quad_interfaces/lib/libquad_interfaces__python.so" to ""
[5.843s] -- Up-to-date: /home/devpc/Desktop/quad_ws/install/quad_interfaces/share/quad_interfaces/msg/MotionServos.idl
[5.843s] -- Installing: /home/devpc/Desktop/quad_ws/install/quad_interfaces/share/quad_interfaces/msg/MotionServosParameters.idl
[5.843s] -- Up-to-date: /home/devpc/Desktop/quad_ws/install/quad_interfaces/share/quad_interfaces/msg/EmergencyStop.idl
[5.843s] -- Up-to-date: /home/devpc/Desktop/quad_ws/install/quad_interfaces/share/quad_interfaces/msg/AuxServos.idl
[5.844s] -- Installing: /home/devpc/Desktop/quad_ws/install/quad_interfaces/share/quad_interfaces/msg/AuxServosParameters.idl
[5.844s] -- Up-to-date: /home/devpc/Desktop/quad_ws/install/quad_interfaces/share/quad_interfaces/msg/MotionServos.msg
[5.844s] -- Installing: /home/devpc/Desktop/quad_ws/install/quad_interfaces/share/quad_interfaces/msg/MotionServosParameters.msg
[5.844s] -- Up-to-date: /home/devpc/Desktop/quad_ws/install/quad_interfaces/share/quad_interfaces/msg/EmergencyStop.msg
[5.844s] -- Up-to-date: /home/devpc/Desktop/quad_ws/install/quad_interfaces/share/quad_interfaces/msg/AuxServos.msg
[5.844s] -- Installing: /home/devpc/Desktop/quad_ws/install/quad_interfaces/share/quad_interfaces/msg/AuxServosParameters.msg
[5.845s] -- Up-to-date: /home/devpc/Desktop/quad_ws/install/quad_interfaces/share/ament_index/resource_index/package_run_dependencies/quad_interfaces
[5.845s] -- Up-to-date: /home/devpc/Desktop/quad_ws/install/quad_interfaces/share/ament_index/resource_index/parent_prefix_path/quad_interfaces
[5.845s] -- Up-to-date: /home/devpc/Desktop/quad_ws/install/quad_interfaces/share/quad_interfaces/environment/ament_prefix_path.sh
[5.845s] -- Installing: /home/devpc/Desktop/quad_ws/install/quad_interfaces/share/quad_interfaces/environment/ament_prefix_path.dsv
[5.845s] -- Up-to-date: /home/devpc/Desktop/quad_ws/install/quad_interfaces/share/quad_interfaces/environment/path.sh
[5.846s] -- Installing: /home/devpc/Desktop/quad_ws/install/quad_interfaces/share/quad_interfaces/environment/path.dsv
[5.846s] -- Up-to-date: /home/devpc/Desktop/quad_ws/install/quad_interfaces/share/quad_interfaces/local_setup.bash
[5.846s] -- Up-to-date: /home/devpc/Desktop/quad_ws/install/quad_interfaces/share/quad_interfaces/local_setup.sh
[5.846s] -- Up-to-date: /home/devpc/Desktop/quad_ws/install/quad_interfaces/share/quad_interfaces/local_setup.zsh
[5.846s] -- Installing: /home/devpc/Desktop/quad_ws/install/quad_interfaces/share/quad_interfaces/local_setup.dsv
[5.846s] -- Installing: /home/devpc/Desktop/quad_ws/install/quad_interfaces/share/quad_interfaces/package.dsv
[5.847s] -- Up-to-date: /home/devpc/Desktop/quad_ws/install/quad_interfaces/share/ament_index/resource_index/packages/quad_interfaces
[5.847s] -- Up-to-date: /home/devpc/Desktop/quad_ws/install/quad_interfaces/share/quad_interfaces/cmake/quad_interfaces__rosidl_generator_cExport.cmake
[5.847s] -- Installing: /home/devpc/Desktop/quad_ws/install/quad_interfaces/share/quad_interfaces/cmake/quad_interfaces__rosidl_generator_cExport-noconfig.cmake
[5.847s] -- Up-to-date: /home/devpc/Desktop/quad_ws/install/quad_interfaces/share/quad_interfaces/cmake/quad_interfaces__rosidl_typesupport_introspection_cExport.cmake
[5.847s] -- Installing: /home/devpc/Desktop/quad_ws/install/quad_interfaces/share/quad_interfaces/cmake/quad_interfaces__rosidl_typesupport_introspection_cExport-noconfig.cmake
[5.847s] -- Up-to-date: /home/devpc/Desktop/quad_ws/install/quad_interfaces/share/quad_interfaces/cmake/quad_interfaces__rosidl_typesupport_cExport.cmake
[5.847s] -- Installing: /home/devpc/Desktop/quad_ws/install/quad_interfaces/share/quad_interfaces/cmake/quad_interfaces__rosidl_typesupport_cExport-noconfig.cmake
[5.848s] -- Up-to-date: /home/devpc/Desktop/quad_ws/install/quad_interfaces/share/quad_interfaces/cmake/quad_interfaces__rosidl_generator_cppExport.cmake
[5.848s] -- Up-to-date: /home/devpc/Desktop/quad_ws/install/quad_interfaces/share/quad_interfaces/cmake/quad_interfaces__rosidl_typesupport_introspection_cppExport.cmake
[5.848s] -- Installing: /home/devpc/Desktop/quad_ws/install/quad_interfaces/share/quad_interfaces/cmake/quad_interfaces__rosidl_typesupport_introspection_cppExport-noconfig.cmake
[5.848s] -- Up-to-date: /home/devpc/Desktop/quad_ws/install/quad_interfaces/share/quad_interfaces/cmake/quad_interfaces__rosidl_typesupport_cppExport.cmake
[5.848s] -- Installing: /home/devpc/Desktop/quad_ws/install/quad_interfaces/share/quad_interfaces/cmake/quad_interfaces__rosidl_typesupport_cppExport-noconfig.cmake
[5.849s] -- Installing: /home/devpc/Desktop/quad_ws/install/quad_interfaces/share/quad_interfaces/cmake/rosidl_cmake-extras.cmake
[5.849s] -- Up-to-date: /home/devpc/Desktop/quad_ws/install/quad_interfaces/share/quad_interfaces/cmake/ament_cmake_export_dependencies-extras.cmake
[5.849s] -- Up-to-date: /home/devpc/Desktop/quad_ws/install/quad_interfaces/share/quad_interfaces/cmake/ament_cmake_export_libraries-extras.cmake
[5.849s] -- Up-to-date: /home/devpc/Desktop/quad_ws/install/quad_interfaces/share/quad_interfaces/cmake/ament_cmake_export_targets-extras.cmake
[5.849s] -- Up-to-date: /home/devpc/Desktop/quad_ws/install/quad_interfaces/share/quad_interfaces/cmake/ament_cmake_export_include_directories-extras.cmake
[5.849s] -- Up-to-date: /home/devpc/Desktop/quad_ws/install/quad_interfaces/share/quad_interfaces/cmake/rosidl_cmake_export_typesupport_libraries-extras.cmake
[5.850s] -- Up-to-date: /home/devpc/Desktop/quad_ws/install/quad_interfaces/share/quad_interfaces/cmake/rosidl_cmake_export_typesupport_targets-extras.cmake
[5.850s] -- Up-to-date: /home/devpc/Desktop/quad_ws/install/quad_interfaces/share/quad_interfaces/cmake/quad_interfacesConfig.cmake
[5.850s] -- Up-to-date: /home/devpc/Desktop/quad_ws/install/quad_interfaces/share/quad_interfaces/cmake/quad_interfacesConfig-version.cmake
[5.850s] -- Up-to-date: /home/devpc/Desktop/quad_ws/install/quad_interfaces/share/quad_interfaces/package.xml
[5.853s] Invoked command in '/home/devpc/Desktop/quad_ws/build/quad_interfaces' returned '0': CMAKE_PREFIX_PATH=${CMAKE_PREFIX_PATH}:/home/devpc/Desktop/quad_ws/install/quad:/opt/ros/foxy /usr/bin/cmake --install /home/devpc/Desktop/quad_ws/build/quad_interfaces
