[0.200s] Invoking command in '/home/devpc/Desktop/microros_ws/build/rmw_microxrcedds': CMAKE_PREFIX_PATH=/home/devpc/Desktop/microros_ws/install/rosidl_typesupport_microxrcedds_cpp:/home/devpc/Desktop/microros_ws/install/rosidl_typesupport_microxrcedds_c:/home/devpc/Desktop/microros_ws/install/microxrcedds_client:/home/devpc/Desktop/microros_ws/install/microcdr:/home/devpc/Desktop/microros_ws/install/micro_ros_msgs:/home/devpc/Desktop/microros_ws/install/micro_ros_agent:/home/devpc/Desktop/microros_ws/install/microxrcedds_agent:/home/devpc/Desktop/microros_ws/install/micro_ros_setup:/home/devpc/Desktop/quad_ws/install/quad_interfaces:/home/devpc/Desktop/quad_ws/install/quad:/opt/ros/foxy LD_LIBRARY_PATH=/home/devpc/Desktop/microros_ws/install/rosidl_typesupport_microxrcedds_cpp/lib:/home/devpc/Desktop/microros_ws/install/rosidl_typesupport_microxrcedds_c/lib:/home/devpc/Desktop/microros_ws/install/microxrcedds_client/lib:/home/devpc/Desktop/microros_ws/install/microcdr/lib:/home/devpc/Desktop/microros_ws/install/micro_ros_msgs/lib:/home/devpc/Desktop/microros_ws/install/microxrcedds_agent/lib:/home/devpc/Desktop/quad_ws/install/quad_interfaces/lib:/opt/ros/foxy/opt/yaml_cpp_vendor/lib:/opt/ros/foxy/opt/rviz_ogre_vendor/lib:/opt/ros/foxy/lib/x86_64-linux-gnu:/opt/ros/foxy/lib /usr/bin/cmake /home/devpc/Desktop/microros_ws/src/uros/rmw_microxrcedds/rmw_microxrcedds_c -DRMW_UXRCE_TRANSPORT=udp -DRMW_UXRCE_DEFAULT_UDP_IP=127.0.0.1 -DRMW_UXRCE_DEFAULT_UDP_PORT=8888 -DRMW_UXRCE_MAX_NODES=3 -DRMW_UXRCE_MAX_PUBLISHERS=5 -DRMW_UXRCE_MAX_SUBSCRIPTIONS=5 -DRMW_UXRCE_MAX_SERVICES=5 -DRMW_UXRCE_MAX_CLIENTS=5 -DRMW_UXRCE_STREAM_HISTORY=32 -DRMW_UXRCE_MAX_HISTORY=10 -DRMW_UXRCE_XML_BUFFER_LENGTH=1000 -DCMAKE_INSTALL_PREFIX=/home/devpc/Desktop/microros_ws/install/rmw_microxrcedds
[0.458s] -- The C compiler identification is GNU 9.3.0
[0.476s] -- Check for working C compiler: /usr/bin/cc
[0.780s] -- Check for working C compiler: /usr/bin/cc -- works
[0.782s] -- Detecting C compiler ABI info
[0.999s] -- Detecting C compiler ABI info - done
[1.025s] -- Detecting C compile features
[1.025s] -- Detecting C compile features - done
[1.030s] -- Found ament_cmake_ros: 0.9.2 (/opt/ros/foxy/share/ament_cmake_ros/cmake)
[1.089s] -- Found PythonInterp: /usr/bin/python3 (found suitable version "3.8.10", minimum required is "3") 
[1.089s] -- Using PYTHON_EXECUTABLE: /usr/bin/python3
[1.659s] -- Found rcutils: 1.1.3 (/opt/ros/foxy/share/rcutils/cmake)
[1.700s] -- Found rosidl_runtime_c: 1.2.1 (/opt/ros/foxy/share/rosidl_runtime_c/cmake)
[1.736s] -- Found rmw: 1.0.3 (/opt/ros/foxy/share/rmw/cmake)
[1.759s] -- Found rosidl_typesupport_microxrcedds_c: 0.0.1 (/home/devpc/Desktop/microros_ws/install/rosidl_typesupport_microxrcedds_c/share/rosidl_typesupport_microxrcedds_c/cmake)
[1.782s] -- Found rosidl_adapter: 1.2.1 (/opt/ros/foxy/share/rosidl_adapter/cmake)
[1.816s] -- Found ament_lint_auto: 0.9.6 (/opt/ros/foxy/share/ament_lint_auto/cmake)
[2.205s] -- The CXX compiler identification is GNU 9.3.0
[2.212s] -- Check for working CXX compiler: /usr/bin/c++
[2.566s] -- Check for working CXX compiler: /usr/bin/c++ -- works
[2.568s] -- Detecting CXX compiler ABI info
[2.815s] -- Detecting CXX compiler ABI info - done
[2.840s] -- Detecting CXX compile features
[2.840s] -- Detecting CXX compile features - done
[2.850s] -- Found gtest sources under '/opt/ros/foxy/src/gtest_vendor': C++ tests using 'Google Test' will be built
[2.855s] -- Looking for pthread.h
[3.130s] -- Looking for pthread.h - found
[3.130s] -- Performing Test CMAKE_HAVE_LIBC_PTHREAD
[3.252s] -- Performing Test CMAKE_HAVE_LIBC_PTHREAD - Failed
[3.252s] -- Check if compiler accepts -pthread
[3.348s] -- Check if compiler accepts -pthread - yes
[3.349s] -- Found Threads: TRUE  
[3.403s] -- Added test 'copyright' to check source files copyright and LICENSE
[3.405s] -- Added test 'cppcheck' to perform static code analysis on C / C++ code
[3.406s] -- Configured cppcheck include dirs: $<BUILD_INTERFACE:/home/devpc/Desktop/microros_ws/src/uros/rmw_microxrcedds/rmw_microxrcedds_c/include>;$<BUILD_INTERFACE:/home/devpc/Desktop/microros_ws/src/uros/rmw_microxrcedds/rmw_microxrcedds_c/src>
[3.406s] -- Configured cppcheck exclude dirs and/or files: 
[3.411s] -- Added test 'cpplint' to check C / C++ code against the Google style
[3.411s] -- Configured cpplint exclude dirs and/or files: 
[3.414s] -- Added test 'lint_cmake' to check CMake code style
[3.420s] -- Added test 'uncrustify' to check C / C++ code style
[3.420s] -- Configured uncrustify additional arguments: 
[3.421s] -- Added test 'xmllint' to check XML markup files
[3.428s] -- Configuring done
[3.495s] -- Generating done
[3.498s] CMake Warning:
[3.498s]   Manually-specified variables were not used by the project:
[3.498s] 
[3.498s]     RMW_UXRCE_XML_BUFFER_LENGTH
[3.498s] 
[3.499s] 
[3.499s] -- Build files have been written to: /home/devpc/Desktop/microros_ws/build/rmw_microxrcedds
[3.510s] Invoked command in '/home/devpc/Desktop/microros_ws/build/rmw_microxrcedds' returned '0': CMAKE_PREFIX_PATH=/home/devpc/Desktop/microros_ws/install/rosidl_typesupport_microxrcedds_cpp:/home/devpc/Desktop/microros_ws/install/rosidl_typesupport_microxrcedds_c:/home/devpc/Desktop/microros_ws/install/microxrcedds_client:/home/devpc/Desktop/microros_ws/install/microcdr:/home/devpc/Desktop/microros_ws/install/micro_ros_msgs:/home/devpc/Desktop/microros_ws/install/micro_ros_agent:/home/devpc/Desktop/microros_ws/install/microxrcedds_agent:/home/devpc/Desktop/microros_ws/install/micro_ros_setup:/home/devpc/Desktop/quad_ws/install/quad_interfaces:/home/devpc/Desktop/quad_ws/install/quad:/opt/ros/foxy LD_LIBRARY_PATH=/home/devpc/Desktop/microros_ws/install/rosidl_typesupport_microxrcedds_cpp/lib:/home/devpc/Desktop/microros_ws/install/rosidl_typesupport_microxrcedds_c/lib:/home/devpc/Desktop/microros_ws/install/microxrcedds_client/lib:/home/devpc/Desktop/microros_ws/install/microcdr/lib:/home/devpc/Desktop/microros_ws/install/micro_ros_msgs/lib:/home/devpc/Desktop/microros_ws/install/microxrcedds_agent/lib:/home/devpc/Desktop/quad_ws/install/quad_interfaces/lib:/opt/ros/foxy/opt/yaml_cpp_vendor/lib:/opt/ros/foxy/opt/rviz_ogre_vendor/lib:/opt/ros/foxy/lib/x86_64-linux-gnu:/opt/ros/foxy/lib /usr/bin/cmake /home/devpc/Desktop/microros_ws/src/uros/rmw_microxrcedds/rmw_microxrcedds_c -DRMW_UXRCE_TRANSPORT=udp -DRMW_UXRCE_DEFAULT_UDP_IP=127.0.0.1 -DRMW_UXRCE_DEFAULT_UDP_PORT=8888 -DRMW_UXRCE_MAX_NODES=3 -DRMW_UXRCE_MAX_PUBLISHERS=5 -DRMW_UXRCE_MAX_SUBSCRIPTIONS=5 -DRMW_UXRCE_MAX_SERVICES=5 -DRMW_UXRCE_MAX_CLIENTS=5 -DRMW_UXRCE_STREAM_HISTORY=32 -DRMW_UXRCE_MAX_HISTORY=10 -DRMW_UXRCE_XML_BUFFER_LENGTH=1000 -DCMAKE_INSTALL_PREFIX=/home/devpc/Desktop/microros_ws/install/rmw_microxrcedds
[3.513s] Invoking command in '/home/devpc/Desktop/microros_ws/build/rmw_microxrcedds': CMAKE_PREFIX_PATH=/home/devpc/Desktop/microros_ws/install/rosidl_typesupport_microxrcedds_cpp:/home/devpc/Desktop/microros_ws/install/rosidl_typesupport_microxrcedds_c:/home/devpc/Desktop/microros_ws/install/microxrcedds_client:/home/devpc/Desktop/microros_ws/install/microcdr:/home/devpc/Desktop/microros_ws/install/micro_ros_msgs:/home/devpc/Desktop/microros_ws/install/micro_ros_agent:/home/devpc/Desktop/microros_ws/install/microxrcedds_agent:/home/devpc/Desktop/microros_ws/install/micro_ros_setup:/home/devpc/Desktop/quad_ws/install/quad_interfaces:/home/devpc/Desktop/quad_ws/install/quad:/opt/ros/foxy LD_LIBRARY_PATH=/home/devpc/Desktop/microros_ws/install/rosidl_typesupport_microxrcedds_cpp/lib:/home/devpc/Desktop/microros_ws/install/rosidl_typesupport_microxrcedds_c/lib:/home/devpc/Desktop/microros_ws/install/microxrcedds_client/lib:/home/devpc/Desktop/microros_ws/install/microcdr/lib:/home/devpc/Desktop/microros_ws/install/micro_ros_msgs/lib:/home/devpc/Desktop/microros_ws/install/microxrcedds_agent/lib:/home/devpc/Desktop/quad_ws/install/quad_interfaces/lib:/opt/ros/foxy/opt/yaml_cpp_vendor/lib:/opt/ros/foxy/opt/rviz_ogre_vendor/lib:/opt/ros/foxy/lib/x86_64-linux-gnu:/opt/ros/foxy/lib /usr/bin/cmake --build /home/devpc/Desktop/microros_ws/build/rmw_microxrcedds -- -j8 -l8
[4.626s] [35m[1mScanning dependencies of target gtest_main[0m
[4.626s] [35m[1mScanning dependencies of target gtest[0m
[4.626s] [35m[1mScanning dependencies of target rmw_microxrcedds[0m
[4.626s] [  1%] [32mBuilding CXX object gtest/CMakeFiles/gtest_main.dir/src/gtest_main.cc.o[0m
[4.627s] [  2%] [32mBuilding CXX object gtest/CMakeFiles/gtest.dir/src/gtest-all.cc.o[0m
[4.627s] [  4%] [32mBuilding C object CMakeFiles/rmw_microxrcedds.dir/src/memory.c.o[0m
[4.627s] [  5%] [32mBuilding C object CMakeFiles/rmw_microxrcedds.dir/src/identifiers.c.o[0m
[4.627s] [  6%] [32mBuilding C object CMakeFiles/rmw_microxrcedds.dir/src/rmw_compare_gids_equal.c.o[0m
[4.628s] [  8%] [32mBuilding C object CMakeFiles/rmw_microxrcedds.dir/src/rmw_client.c.o[0m
[4.628s] [  9%] [32mBuilding C object CMakeFiles/rmw_microxrcedds.dir/src/rmw_count.c.o[0m
[4.628s] [ 10%] [32mBuilding C object CMakeFiles/rmw_microxrcedds.dir/src/rmw_event.c.o[0m
[4.628s] [ 12%] [32mBuilding C object CMakeFiles/rmw_microxrcedds.dir/src/rmw_get_gid_for_publisher.c.o[0m
[4.628s] [ 13%] [32mBuilding C object CMakeFiles/rmw_microxrcedds.dir/src/rmw_get_serialization_format.c.o[0m
[4.628s] [ 14%] [32mBuilding C object CMakeFiles/rmw_microxrcedds.dir/src/rmw_get_implementation_identifier.c.o[0m
[4.628s] [ 16%] [32mBuilding C object CMakeFiles/rmw_microxrcedds.dir/src/rmw_get_topic_endpoint_info.c.o[0m
[4.629s] [ 17%] [32mBuilding C object CMakeFiles/rmw_microxrcedds.dir/src/rmw_guard_condition.c.o[0m
[4.629s] [ 18%] [32mBuilding C object CMakeFiles/rmw_microxrcedds.dir/src/rmw_init.c.o[0m
[4.629s] [ 20%] [32mBuilding C object CMakeFiles/rmw_microxrcedds.dir/src/rmw_logging.c.o[0m
[4.629s] [ 21%] [32mBuilding C object CMakeFiles/rmw_microxrcedds.dir/src/rmw_microxrcedds_topic.c.o[0m
[4.629s] [ 22%] [32mBuilding C object CMakeFiles/rmw_microxrcedds.dir/src/rmw_node.c.o[0m
[4.629s] [ 24%] [32mBuilding C object CMakeFiles/rmw_microxrcedds.dir/src/rmw_node_names.c.o[0m
[4.630s] [ 25%] [32mBuilding C object CMakeFiles/rmw_microxrcedds.dir/src/rmw_node_info_and_types.c.o[0m
[4.630s] [ 26%] [32mBuilding C object CMakeFiles/rmw_microxrcedds.dir/src/rmw_publish.c.o[0m
[4.630s] [ 28%] [32mBuilding C object CMakeFiles/rmw_microxrcedds.dir/src/rmw_publisher.c.o[0m
[4.630s] [ 29%] [32mBuilding C object CMakeFiles/rmw_microxrcedds.dir/src/rmw_request.c.o[0m
[4.630s] [ 30%] [32mBuilding C object CMakeFiles/rmw_microxrcedds.dir/src/rmw_response.c.o[0m
[4.630s] [ 32%] [32mBuilding C object CMakeFiles/rmw_microxrcedds.dir/src/rmw_serialize.c.o[0m
[4.630s] [ 33%] [32mBuilding C object CMakeFiles/rmw_microxrcedds.dir/src/rmw_service.c.o[0m
[4.631s] [ 34%] [32mBuilding C object CMakeFiles/rmw_microxrcedds.dir/src/rmw_service_names_and_types.c.o[0m
[4.631s] [ 36%] [32mBuilding C object CMakeFiles/rmw_microxrcedds.dir/src/rmw_service_server_is_available.c.o[0m
[4.631s] [ 37%] [32mBuilding C object CMakeFiles/rmw_microxrcedds.dir/src/rmw_subscription.c.o[0m
[4.631s] [ 38%] [32mBuilding C object CMakeFiles/rmw_microxrcedds.dir/src/rmw_topic_names_and_types.c.o[0m
[4.631s] [ 40%] [32mBuilding C object CMakeFiles/rmw_microxrcedds.dir/src/rmw_take.c.o[0m
[4.631s] [ 41%] [32mBuilding C object CMakeFiles/rmw_microxrcedds.dir/src/rmw_trigger_guard_condition.c.o[0m
[4.631s] [ 42%] [32mBuilding C object CMakeFiles/rmw_microxrcedds.dir/src/types.c.o[0m
[4.631s] [ 44%] [32mBuilding C object CMakeFiles/rmw_microxrcedds.dir/src/rmw_wait_set.c.o[0m
[4.632s] [ 45%] [32mBuilding C object CMakeFiles/rmw_microxrcedds.dir/src/rmw_wait.c.o[0m
[4.632s] [ 46%] [32mBuilding C object CMakeFiles/rmw_microxrcedds.dir/src/utils.c.o[0m
[4.632s] [ 48%] [32mBuilding C object CMakeFiles/rmw_microxrcedds.dir/src/callbacks.c.o[0m
[4.632s] [ 49%] [32mBuilding C object CMakeFiles/rmw_microxrcedds.dir/src/rmw_uxrce_transports.c.o[0m
[4.706s] [ 50%] [32mBuilding C object CMakeFiles/rmw_microxrcedds.dir/src/rmw_microros/continous_serialization.c.o[0m
[4.720s] [ 52%] [32mBuilding C object CMakeFiles/rmw_microxrcedds.dir/src/rmw_microros/init_options.c.o[0m
[4.753s] [ 53%] [32mBuilding C object CMakeFiles/rmw_microxrcedds.dir/src/rmw_microros/time_sync.c.o[0m
[4.829s] [ 54%] [32mBuilding C object CMakeFiles/rmw_microxrcedds.dir/src/rmw_microros/ping.c.o[0m
[4.841s] [ 56%] [32mBuilding C object CMakeFiles/rmw_microxrcedds.dir/src/rmw_microros/discovery.c.o[0m
[4.955s] [ 57%] [32m[1mLinking C shared library librmw_microxrcedds.so[0m
[5.122s] [ 57%] Built target rmw_microxrcedds
[5.186s] [ 58%] [32m[1mLinking CXX static library libgtest_main.a[0m
[5.320s] [ 58%] Built target gtest_main
[12.366s] [ 60%] [32m[1mLinking CXX static library libgtest.a[0m
[12.578s] [ 60%] Built target gtest
[12.687s] [35m[1mScanning dependencies of target test-node[0m
[12.718s] [35m[1mScanning dependencies of target test-publisher[0m
[12.718s] [35m[1mScanning dependencies of target test-reqres[0m
[12.723s] [35m[1mScanning dependencies of target test-subscriber[0m
[12.724s] [35m[1mScanning dependencies of target test-service[0m
[12.731s] [35m[1mScanning dependencies of target test-pubsub[0m
[12.731s] [35m[1mScanning dependencies of target test-client[0m
[12.795s] [35m[1mScanning dependencies of target test-rmw[0m
[12.806s] [ 61%] [32mBuilding CXX object test/CMakeFiles/test-node.dir/test_node.cpp.o[0m
[12.848s] [ 62%] [32mBuilding CXX object test/CMakeFiles/test-publisher.dir/test_publisher.cpp.o[0m
[12.850s] [ 64%] [32mBuilding CXX object test/CMakeFiles/test-client.dir/test_client.cpp.o[0m
[12.853s] [ 65%] [32mBuilding CXX object test/CMakeFiles/test-reqres.dir/test_reqres.cpp.o[0m
[12.861s] [ 66%] [32mBuilding CXX object test/CMakeFiles/test-service.dir/test_service.cpp.o[0m
[12.872s] [ 68%] [32mBuilding CXX object test/CMakeFiles/test-subscriber.dir/test_subscription.cpp.o[0m
[12.896s] [ 69%] [32mBuilding CXX object test/CMakeFiles/test-pubsub.dir/test_pubsub.cpp.o[0m
[12.960s] [ 70%] [32mBuilding CXX object test/CMakeFiles/test-rmw.dir/test_rmw.cpp.o[0m
[15.792s] [ 72%] [32mBuilding CXX object test/CMakeFiles/test-pubsub.dir/test_utils.cpp.o[0m
[15.992s] [ 73%] [32mBuilding CXX object test/CMakeFiles/test-rmw.dir/test_utils.cpp.o[0m
[16.574s] [ 74%] [32m[1mLinking CXX executable test-pubsub[0m
[17.418s] [ 74%] Built target test-pubsub
[17.484s] [ 76%] [32mBuilding CXX object test/CMakeFiles/test-subscriber.dir/test_utils.cpp.o[0m
[17.719s] [ 77%] [32m[1mLinking CXX executable test-rmw[0m
[18.036s] [ 78%] [32mBuilding CXX object test/CMakeFiles/test-client.dir/test_utils.cpp.o[0m
[18.056s] [ 80%] [32mBuilding CXX object test/CMakeFiles/test-reqres.dir/test_utils.cpp.o[0m
[18.327s] [ 81%] [32mBuilding CXX object test/CMakeFiles/test-service.dir/test_utils.cpp.o[0m
[18.535s] [ 82%] [32mBuilding CXX object test/CMakeFiles/test-publisher.dir/test_utils.cpp.o[0m
[18.746s] [ 82%] Built target test-rmw
[18.939s] [ 84%] [32mBuilding CXX object test/CMakeFiles/test-node.dir/test_utils.cpp.o[0m
[18.962s] [ 85%] [32m[1mLinking CXX executable test-subscriber[0m
[19.166s] [ 86%] [32m[1mLinking CXX executable test-service[0m
[19.207s] [ 88%] [32m[1mLinking CXX executable test-client[0m
[19.237s] [ 89%] [32m[1mLinking CXX executable test-reqres[0m
[19.637s] [ 90%] [32m[1mLinking CXX executable test-publisher[0m
[19.704s] [ 90%] Built target test-subscriber
[19.753s] [ 90%] Built target test-client
[19.870s] [ 90%] Built target test-reqres
[19.909s] [ 90%] Built target test-service
[20.124s] [ 92%] [32m[1mLinking CXX executable test-node[0m
[20.211s] [ 92%] Built target test-publisher
[20.528s] [ 92%] Built target test-node
[20.588s] [35m[1mScanning dependencies of target test-topic[0m
[20.706s] [ 93%] [32mBuilding CXX object test/CMakeFiles/test-topic.dir/test_topic.cpp.o[0m
[22.536s] [ 94%] [32mBuilding CXX object test/CMakeFiles/test-topic.dir/test_utils.cpp.o[0m
[22.925s] [ 96%] [32m[1mLinking CXX executable test-topic[0m
[23.194s] [ 96%] Built target test-topic
[23.211s] [35m[1mScanning dependencies of target test-sizes[0m
[23.259s] [ 97%] [32mBuilding CXX object test/CMakeFiles/test-sizes.dir/test_sizes.cpp.o[0m
[24.690s] [ 98%] [32mBuilding CXX object test/CMakeFiles/test-sizes.dir/test_utils.cpp.o[0m
[25.060s] [100%] [32m[1mLinking CXX executable test-sizes[0m
[25.279s] [100%] Built target test-sizes
[25.311s] Invoked command in '/home/devpc/Desktop/microros_ws/build/rmw_microxrcedds' returned '0': CMAKE_PREFIX_PATH=/home/devpc/Desktop/microros_ws/install/rosidl_typesupport_microxrcedds_cpp:/home/devpc/Desktop/microros_ws/install/rosidl_typesupport_microxrcedds_c:/home/devpc/Desktop/microros_ws/install/microxrcedds_client:/home/devpc/Desktop/microros_ws/install/microcdr:/home/devpc/Desktop/microros_ws/install/micro_ros_msgs:/home/devpc/Desktop/microros_ws/install/micro_ros_agent:/home/devpc/Desktop/microros_ws/install/microxrcedds_agent:/home/devpc/Desktop/microros_ws/install/micro_ros_setup:/home/devpc/Desktop/quad_ws/install/quad_interfaces:/home/devpc/Desktop/quad_ws/install/quad:/opt/ros/foxy LD_LIBRARY_PATH=/home/devpc/Desktop/microros_ws/install/rosidl_typesupport_microxrcedds_cpp/lib:/home/devpc/Desktop/microros_ws/install/rosidl_typesupport_microxrcedds_c/lib:/home/devpc/Desktop/microros_ws/install/microxrcedds_client/lib:/home/devpc/Desktop/microros_ws/install/microcdr/lib:/home/devpc/Desktop/microros_ws/install/micro_ros_msgs/lib:/home/devpc/Desktop/microros_ws/install/microxrcedds_agent/lib:/home/devpc/Desktop/quad_ws/install/quad_interfaces/lib:/opt/ros/foxy/opt/yaml_cpp_vendor/lib:/opt/ros/foxy/opt/rviz_ogre_vendor/lib:/opt/ros/foxy/lib/x86_64-linux-gnu:/opt/ros/foxy/lib /usr/bin/cmake --build /home/devpc/Desktop/microros_ws/build/rmw_microxrcedds -- -j8 -l8
[25.666s] Invoking command in '/home/devpc/Desktop/microros_ws/build/rmw_microxrcedds': CMAKE_PREFIX_PATH=/home/devpc/Desktop/microros_ws/install/rosidl_typesupport_microxrcedds_cpp:/home/devpc/Desktop/microros_ws/install/rosidl_typesupport_microxrcedds_c:/home/devpc/Desktop/microros_ws/install/microxrcedds_client:/home/devpc/Desktop/microros_ws/install/microcdr:/home/devpc/Desktop/microros_ws/install/micro_ros_msgs:/home/devpc/Desktop/microros_ws/install/micro_ros_agent:/home/devpc/Desktop/microros_ws/install/microxrcedds_agent:/home/devpc/Desktop/microros_ws/install/micro_ros_setup:/home/devpc/Desktop/quad_ws/install/quad_interfaces:/home/devpc/Desktop/quad_ws/install/quad:/opt/ros/foxy LD_LIBRARY_PATH=/home/devpc/Desktop/microros_ws/install/rosidl_typesupport_microxrcedds_cpp/lib:/home/devpc/Desktop/microros_ws/install/rosidl_typesupport_microxrcedds_c/lib:/home/devpc/Desktop/microros_ws/install/microxrcedds_client/lib:/home/devpc/Desktop/microros_ws/install/microcdr/lib:/home/devpc/Desktop/microros_ws/install/micro_ros_msgs/lib:/home/devpc/Desktop/microros_ws/install/microxrcedds_agent/lib:/home/devpc/Desktop/quad_ws/install/quad_interfaces/lib:/opt/ros/foxy/opt/yaml_cpp_vendor/lib:/opt/ros/foxy/opt/rviz_ogre_vendor/lib:/opt/ros/foxy/lib/x86_64-linux-gnu:/opt/ros/foxy/lib /usr/bin/cmake --install /home/devpc/Desktop/microros_ws/build/rmw_microxrcedds
[25.679s] -- Install configuration: ""
[25.679s] -- Installing: /home/devpc/Desktop/microros_ws/install/rmw_microxrcedds/share/rmw_microxrcedds/environment/library_path.sh
[25.679s] -- Installing: /home/devpc/Desktop/microros_ws/install/rmw_microxrcedds/share/rmw_microxrcedds/environment/library_path.dsv
[25.681s] -- Installing: /home/devpc/Desktop/microros_ws/install/rmw_microxrcedds/share/ament_index/resource_index/rmw_typesupport_c/rmw_microxrcedds
[25.681s] -- Installing: /home/devpc/Desktop/microros_ws/install/rmw_microxrcedds/share/ament_index/resource_index/rmw_typesupport/rmw_microxrcedds
[25.681s] -- Installing: /home/devpc/Desktop/microros_ws/install/rmw_microxrcedds/share/ament_index/resource_index/package_run_dependencies/rmw_microxrcedds
[25.681s] -- Installing: /home/devpc/Desktop/microros_ws/install/rmw_microxrcedds/share/ament_index/resource_index/parent_prefix_path/rmw_microxrcedds
[25.682s] -- Installing: /home/devpc/Desktop/microros_ws/install/rmw_microxrcedds/share/rmw_microxrcedds/environment/ament_prefix_path.sh
[25.682s] -- Installing: /home/devpc/Desktop/microros_ws/install/rmw_microxrcedds/share/rmw_microxrcedds/environment/ament_prefix_path.dsv
[25.682s] -- Installing: /home/devpc/Desktop/microros_ws/install/rmw_microxrcedds/share/rmw_microxrcedds/environment/path.sh
[25.682s] -- Installing: /home/devpc/Desktop/microros_ws/install/rmw_microxrcedds/share/rmw_microxrcedds/environment/path.dsv
[25.682s] -- Installing: /home/devpc/Desktop/microros_ws/install/rmw_microxrcedds/share/rmw_microxrcedds/local_setup.bash
[25.683s] -- Installing: /home/devpc/Desktop/microros_ws/install/rmw_microxrcedds/share/rmw_microxrcedds/local_setup.sh
[25.683s] -- Installing: /home/devpc/Desktop/microros_ws/install/rmw_microxrcedds/share/rmw_microxrcedds/local_setup.zsh
[25.683s] -- Installing: /home/devpc/Desktop/microros_ws/install/rmw_microxrcedds/share/rmw_microxrcedds/local_setup.dsv
[25.683s] -- Installing: /home/devpc/Desktop/microros_ws/install/rmw_microxrcedds/share/rmw_microxrcedds/package.dsv
[25.684s] -- Installing: /home/devpc/Desktop/microros_ws/install/rmw_microxrcedds/share/ament_index/resource_index/packages/rmw_microxrcedds
[25.684s] -- Installing: /home/devpc/Desktop/microros_ws/install/rmw_microxrcedds/share/rmw_microxrcedds/cmake/ament_cmake_export_include_directories-extras.cmake
[25.684s] -- Installing: /home/devpc/Desktop/microros_ws/install/rmw_microxrcedds/share/rmw_microxrcedds/cmake/ament_cmake_export_libraries-extras.cmake
[25.684s] -- Installing: /home/devpc/Desktop/microros_ws/install/rmw_microxrcedds/share/rmw_microxrcedds/cmake/ament_cmake_export_dependencies-extras.cmake
[25.685s] -- Installing: /home/devpc/Desktop/microros_ws/install/rmw_microxrcedds/share/rmw_microxrcedds/cmake/rmw_microxrceddsConfig.cmake
[25.685s] -- Installing: /home/devpc/Desktop/microros_ws/install/rmw_microxrcedds/share/rmw_microxrcedds/cmake/rmw_microxrceddsConfig-version.cmake
[25.685s] -- Installing: /home/devpc/Desktop/microros_ws/install/rmw_microxrcedds/share/rmw_microxrcedds/package.xml
[25.685s] -- Up-to-date: /home/devpc/Desktop/microros_ws/install/rmw_microxrcedds/include
[25.685s] -- Installing: /home/devpc/Desktop/microros_ws/install/rmw_microxrcedds/include/rmw_microros
[25.685s] -- Installing: /home/devpc/Desktop/microros_ws/install/rmw_microxrcedds/include/rmw_microros/ping.h
[25.686s] -- Installing: /home/devpc/Desktop/microros_ws/install/rmw_microxrcedds/include/rmw_microros/discovery.h
[25.686s] -- Installing: /home/devpc/Desktop/microros_ws/install/rmw_microxrcedds/include/rmw_microros/init_options.h
[25.686s] -- Installing: /home/devpc/Desktop/microros_ws/install/rmw_microxrcedds/include/rmw_microros/rmw_microros.h
[25.686s] -- Installing: /home/devpc/Desktop/microros_ws/install/rmw_microxrcedds/include/rmw_microros/continous_serialization.h
[25.686s] -- Installing: /home/devpc/Desktop/microros_ws/install/rmw_microxrcedds/include/rmw_microros/time_sync.h
[25.687s] -- Installing: /home/devpc/Desktop/microros_ws/install/rmw_microxrcedds/include/rmw_microros/custom_transport.h
[25.687s] -- Installing: /home/devpc/Desktop/microros_ws/install/rmw_microxrcedds/include/rmw_microxrcedds_c
[25.687s] -- Installing: /home/devpc/Desktop/microros_ws/install/rmw_microxrcedds/include/rmw_microxrcedds_c/rmw_c_macros.h
[25.687s] -- Installing: /home/devpc/Desktop/microros_ws/install/rmw_microxrcedds/include/rmw_microxrcedds_c/config.h
[25.687s] -- Installing: /home/devpc/Desktop/microros_ws/install/rmw_microxrcedds/lib/librmw_microxrcedds.so
[25.687s] -- Set runtime path of "/home/devpc/Desktop/microros_ws/install/rmw_microxrcedds/lib/librmw_microxrcedds.so" to ""
[25.699s] Invoked command in '/home/devpc/Desktop/microros_ws/build/rmw_microxrcedds' returned '0': CMAKE_PREFIX_PATH=/home/devpc/Desktop/microros_ws/install/rosidl_typesupport_microxrcedds_cpp:/home/devpc/Desktop/microros_ws/install/rosidl_typesupport_microxrcedds_c:/home/devpc/Desktop/microros_ws/install/microxrcedds_client:/home/devpc/Desktop/microros_ws/install/microcdr:/home/devpc/Desktop/microros_ws/install/micro_ros_msgs:/home/devpc/Desktop/microros_ws/install/micro_ros_agent:/home/devpc/Desktop/microros_ws/install/microxrcedds_agent:/home/devpc/Desktop/microros_ws/install/micro_ros_setup:/home/devpc/Desktop/quad_ws/install/quad_interfaces:/home/devpc/Desktop/quad_ws/install/quad:/opt/ros/foxy LD_LIBRARY_PATH=/home/devpc/Desktop/microros_ws/install/rosidl_typesupport_microxrcedds_cpp/lib:/home/devpc/Desktop/microros_ws/install/rosidl_typesupport_microxrcedds_c/lib:/home/devpc/Desktop/microros_ws/install/microxrcedds_client/lib:/home/devpc/Desktop/microros_ws/install/microcdr/lib:/home/devpc/Desktop/microros_ws/install/micro_ros_msgs/lib:/home/devpc/Desktop/microros_ws/install/microxrcedds_agent/lib:/home/devpc/Desktop/quad_ws/install/quad_interfaces/lib:/opt/ros/foxy/opt/yaml_cpp_vendor/lib:/opt/ros/foxy/opt/rviz_ogre_vendor/lib:/opt/ros/foxy/lib/x86_64-linux-gnu:/opt/ros/foxy/lib /usr/bin/cmake --install /home/devpc/Desktop/microros_ws/build/rmw_microxrcedds
