[0.471s] Invoking command in '/home/devpc/Desktop/quad_ws/src/quad': PYTHONPATH=/home/devpc/Desktop/quad_ws/install/quad/lib/python3.8/site-packages:${PYTHONPATH} /usr/bin/python3 setup.py egg_info --egg-base ../../build/quad build --build-base /home/devpc/Desktop/quad_ws/build/quad/build install --prefix /home/devpc/Desktop/quad_ws/install/quad --record /home/devpc/Desktop/quad_ws/build/quad/install.log --single-version-externally-managed
[0.686s] running egg_info
[0.686s] writing ../../build/quad/quad.egg-info/PKG-INFO
[0.687s] writing dependency_links to ../../build/quad/quad.egg-info/dependency_links.txt
[0.687s] writing entry points to ../../build/quad/quad.egg-info/entry_points.txt
[0.687s] writing requirements to ../../build/quad/quad.egg-info/requires.txt
[0.687s] writing top-level names to ../../build/quad/quad.egg-info/top_level.txt
[0.736s] reading manifest file '../../build/quad/quad.egg-info/SOURCES.txt'
[0.737s] writing manifest file '../../build/quad/quad.egg-info/SOURCES.txt'
[0.738s] running build
[0.738s] running build_py
[0.738s] running install
[0.739s] running install_lib
[0.741s] running install_data
[0.742s] copying launch/quad.launch.py -> /home/devpc/Desktop/quad_ws/install/quad/share/quad
[0.742s] creating /home/devpc/Desktop/quad_ws/install/quad/share/quad/config
[0.743s] copying config/motion_servo_params.yaml -> /home/devpc/Desktop/quad_ws/install/quad/share/quad/config
[0.743s] running install_egg_info
[0.745s] removing '/home/devpc/Desktop/quad_ws/install/quad/lib/python3.8/site-packages/quad-0.0.1-py3.8.egg-info' (and everything under it)
[0.746s] Copying ../../build/quad/quad.egg-info to /home/devpc/Desktop/quad_ws/install/quad/lib/python3.8/site-packages/quad-0.0.1-py3.8.egg-info
[0.747s] running install_scripts
[0.773s] Installing quad script to /home/devpc/Desktop/quad_ws/install/quad/lib/quad
[0.773s] writing list of installed files to '/home/devpc/Desktop/quad_ws/build/quad/install.log'
[0.819s] Invoked command in '/home/devpc/Desktop/quad_ws/src/quad' returned '0': PYTHONPATH=/home/devpc/Desktop/quad_ws/install/quad/lib/python3.8/site-packages:${PYTHONPATH} /usr/bin/python3 setup.py egg_info --egg-base ../../build/quad build --build-base /home/devpc/Desktop/quad_ws/build/quad/build install --prefix /home/devpc/Desktop/quad_ws/install/quad --record /home/devpc/Desktop/quad_ws/build/quad/install.log --single-version-externally-managed
