[0.755s] Invoking command in '/home/devpc/Desktop/quad_ws/src/teleop': PYTHONPATH=/home/devpc/Desktop/quad_ws/install/teleop/lib/python3.8/site-packages:${PYTHONPATH} /usr/bin/python3 setup.py egg_info --egg-base ../../build/teleop build --build-base /home/devpc/Desktop/quad_ws/build/teleop/build install --prefix /home/devpc/Desktop/quad_ws/install/teleop --record /home/devpc/Desktop/quad_ws/build/teleop/install.log --single-version-externally-managed
[1.018s] running egg_info
[1.018s] writing ../../build/teleop/teleop.egg-info/PKG-INFO
[1.018s] writing dependency_links to ../../build/teleop/teleop.egg-info/dependency_links.txt
[1.019s] writing entry points to ../../build/teleop/teleop.egg-info/entry_points.txt
[1.019s] writing requirements to ../../build/teleop/teleop.egg-info/requires.txt
[1.019s] writing top-level names to ../../build/teleop/teleop.egg-info/top_level.txt
[1.059s] reading manifest file '../../build/teleop/teleop.egg-info/SOURCES.txt'
[1.060s] writing manifest file '../../build/teleop/teleop.egg-info/SOURCES.txt'
[1.061s] running build
[1.061s] running build_py
[1.061s] running install
[1.062s] running install_lib
[1.063s] running install_data
[1.064s] running install_egg_info
[1.066s] removing '/home/devpc/Desktop/quad_ws/install/teleop/lib/python3.8/site-packages/teleop-0.0.0-py3.8.egg-info' (and everything under it)
[1.066s] Copying ../../build/teleop/teleop.egg-info to /home/devpc/Desktop/quad_ws/install/teleop/lib/python3.8/site-packages/teleop-0.0.0-py3.8.egg-info
[1.067s] running install_scripts
[1.085s] Installing teleop script to /home/devpc/Desktop/quad_ws/install/teleop/lib/teleop
[1.086s] writing list of installed files to '/home/devpc/Desktop/quad_ws/build/teleop/install.log'
[1.110s] Invoked command in '/home/devpc/Desktop/quad_ws/src/teleop' returned '0': PYTHONPATH=/home/devpc/Desktop/quad_ws/install/teleop/lib/python3.8/site-packages:${PYTHONPATH} /usr/bin/python3 setup.py egg_info --egg-base ../../build/teleop build --build-base /home/devpc/Desktop/quad_ws/build/teleop/build install --prefix /home/devpc/Desktop/quad_ws/install/teleop --record /home/devpc/Desktop/quad_ws/build/teleop/install.log --single-version-externally-managed
