[0.071s] Invoking command in '/home/devpc/Desktop/microros_ws/build/micro_ros_setup': CMAKE_PREFIX_PATH=${CMAKE_PREFIX_PATH}:/home/devpc/Desktop/microros_ws/install/sensor_msgs_py:/home/devpc/Desktop/quad_ws/install/quad:/opt/ros/foxy /usr/bin/cmake --build /home/devpc/Desktop/microros_ws/build/micro_ros_setup -- -j8 -l8
[0.266s] Invoked command in '/home/devpc/Desktop/microros_ws/build/micro_ros_setup' returned '0': CMAKE_PREFIX_PATH=${CMAKE_PREFIX_PATH}:/home/devpc/Desktop/microros_ws/install/sensor_msgs_py:/home/devpc/Desktop/quad_ws/install/quad:/opt/ros/foxy /usr/bin/cmake --build /home/devpc/Desktop/microros_ws/build/micro_ros_setup -- -j8 -l8
[0.423s] Invoking command in '/home/devpc/Desktop/microros_ws/build/micro_ros_setup': CMAKE_PREFIX_PATH=${CMAKE_PREFIX_PATH}:/home/devpc/Desktop/microros_ws/install/sensor_msgs_py:/home/devpc/Desktop/quad_ws/install/quad:/opt/ros/foxy /usr/bin/cmake --install /home/devpc/Desktop/microros_ws/build/micro_ros_setup
[0.449s] -- Install configuration: ""
[0.449s] -- Up-to-date: /home/devpc/Desktop/microros_ws/install/micro_ros_setup/share/ament_index/resource_index/package_run_dependencies/micro_ros_setup
[0.449s] -- Up-to-date: /home/devpc/Desktop/microros_ws/install/micro_ros_setup/share/ament_index/resource_index/parent_prefix_path/micro_ros_setup
[0.450s] -- Up-to-date: /home/devpc/Desktop/microros_ws/install/micro_ros_setup/share/micro_ros_setup/environment/ament_prefix_path.sh
[0.450s] -- Up-to-date: /home/devpc/Desktop/microros_ws/install/micro_ros_setup/share/micro_ros_setup/environment/ament_prefix_path.dsv
[0.450s] -- Up-to-date: /home/devpc/Desktop/microros_ws/install/micro_ros_setup/share/micro_ros_setup/environment/path.sh
[0.450s] -- Up-to-date: /home/devpc/Desktop/microros_ws/install/micro_ros_setup/share/micro_ros_setup/environment/path.dsv
[0.450s] -- Up-to-date: /home/devpc/Desktop/microros_ws/install/micro_ros_setup/share/micro_ros_setup/local_setup.bash
[0.450s] -- Up-to-date: /home/devpc/Desktop/microros_ws/install/micro_ros_setup/share/micro_ros_setup/local_setup.sh
[0.450s] -- Up-to-date: /home/devpc/Desktop/microros_ws/install/micro_ros_setup/share/micro_ros_setup/local_setup.zsh
[0.451s] -- Up-to-date: /home/devpc/Desktop/microros_ws/install/micro_ros_setup/share/micro_ros_setup/local_setup.dsv
[0.451s] -- Installing: /home/devpc/Desktop/microros_ws/install/micro_ros_setup/share/micro_ros_setup/package.dsv
[0.451s] -- Up-to-date: /home/devpc/Desktop/microros_ws/install/micro_ros_setup/share/ament_index/resource_index/packages/micro_ros_setup
[0.451s] -- Up-to-date: /home/devpc/Desktop/microros_ws/install/micro_ros_setup/share/micro_ros_setup/cmake/micro_ros_setupConfig.cmake
[0.451s] -- Up-to-date: /home/devpc/Desktop/microros_ws/install/micro_ros_setup/share/micro_ros_setup/cmake/micro_ros_setupConfig-version.cmake
[0.451s] -- Up-to-date: /home/devpc/Desktop/microros_ws/install/micro_ros_setup/share/micro_ros_setup/package.xml
[0.452s] -- Up-to-date: /home/devpc/Desktop/microros_ws/install/micro_ros_setup/./config
[0.452s] -- Up-to-date: /home/devpc/Desktop/microros_ws/install/micro_ros_setup/./config/raspbian
[0.453s] -- Up-to-date: /home/devpc/Desktop/microros_ws/install/micro_ros_setup/./config/raspbian/dev_uros_packages.repos
[0.453s] -- Up-to-date: /home/devpc/Desktop/microros_ws/install/micro_ros_setup/./config/raspbian/generic
[0.453s] -- Up-to-date: /home/devpc/Desktop/microros_ws/install/micro_ros_setup/./config/raspbian/generic/create.sh
[0.454s] -- Up-to-date: /home/devpc/Desktop/microros_ws/install/micro_ros_setup/./config/raspbian/generic/client_uros_packages.repos
[0.454s] -- Up-to-date: /home/devpc/Desktop/microros_ws/install/micro_ros_setup/./config/raspbian/generic/flash.sh
[0.455s] -- Up-to-date: /home/devpc/Desktop/microros_ws/install/micro_ros_setup/./config/raspbian/generic/configure.sh
[0.455s] -- Up-to-date: /home/devpc/Desktop/microros_ws/install/micro_ros_setup/./config/raspbian/generic/client-colcon.meta
[0.456s] -- Up-to-date: /home/devpc/Desktop/microros_ws/install/micro_ros_setup/./config/raspbian/generic/supported_platforms
[0.456s] -- Up-to-date: /home/devpc/Desktop/microros_ws/install/micro_ros_setup/./config/raspbian/generic/build.sh
[0.456s] -- Up-to-date: /home/devpc/Desktop/microros_ws/install/micro_ros_setup/./config/raspbian/dev_ros2_packages.txt
[0.456s] -- Up-to-date: /home/devpc/Desktop/microros_ws/install/micro_ros_setup/./config/agent_ros2_packages.txt
[0.456s] -- Up-to-date: /home/devpc/Desktop/microros_ws/install/micro_ros_setup/./config/nuttx
[0.456s] -- Up-to-date: /home/devpc/Desktop/microros_ws/install/micro_ros_setup/./config/nuttx/dev_uros_packages.repos
[0.456s] -- Up-to-date: /home/devpc/Desktop/microros_ws/install/micro_ros_setup/./config/nuttx/generic
[0.457s] -- Up-to-date: /home/devpc/Desktop/microros_ws/install/micro_ros_setup/./config/nuttx/generic/create.sh
[0.457s] -- Up-to-date: /home/devpc/Desktop/microros_ws/install/micro_ros_setup/./config/nuttx/generic/uros_packages.repos
[0.457s] -- Up-to-date: /home/devpc/Desktop/microros_ws/install/micro_ros_setup/./config/nuttx/generic/client_uros_packages.repos
[0.457s] -- Up-to-date: /home/devpc/Desktop/microros_ws/install/micro_ros_setup/./config/nuttx/generic/flash.sh
[0.457s] -- Up-to-date: /home/devpc/Desktop/microros_ws/install/micro_ros_setup/./config/nuttx/generic/package.xml
[0.457s] -- Up-to-date: /home/devpc/Desktop/microros_ws/install/micro_ros_setup/./config/nuttx/generic/configure.sh
[0.457s] -- Up-to-date: /home/devpc/Desktop/microros_ws/install/micro_ros_setup/./config/nuttx/generic/client-colcon.meta
[0.457s] -- Up-to-date: /home/devpc/Desktop/microros_ws/install/micro_ros_setup/./config/nuttx/generic/supported_platforms
[0.458s] -- Up-to-date: /home/devpc/Desktop/microros_ws/install/micro_ros_setup/./config/nuttx/generic/build.sh
[0.458s] -- Up-to-date: /home/devpc/Desktop/microros_ws/install/micro_ros_setup/./config/nuttx/dev_ros2_packages.txt
[0.458s] -- Up-to-date: /home/devpc/Desktop/microros_ws/install/micro_ros_setup/./config/client_uros_packages.repos
[0.458s] -- Up-to-date: /home/devpc/Desktop/microros_ws/install/micro_ros_setup/./config/utils.sh
[0.458s] -- Up-to-date: /home/devpc/Desktop/microros_ws/install/micro_ros_setup/./config/generate_lib
[0.458s] -- Up-to-date: /home/devpc/Desktop/microros_ws/install/micro_ros_setup/./config/generate_lib/dev_uros_packages.repos
[0.458s] -- Up-to-date: /home/devpc/Desktop/microros_ws/install/micro_ros_setup/./config/generate_lib/generic
[0.467s] -- Up-to-date: /home/devpc/Desktop/microros_ws/install/micro_ros_setup/./config/generate_lib/generic/create.sh
[0.467s] -- Up-to-date: /home/devpc/Desktop/microros_ws/install/micro_ros_setup/./config/generate_lib/generic/demo_toolchain.cmake
[0.468s] -- Up-to-date: /home/devpc/Desktop/microros_ws/install/micro_ros_setup/./config/generate_lib/generic/client_uros_packages.repos
[0.468s] -- Up-to-date: /home/devpc/Desktop/microros_ws/install/micro_ros_setup/./config/generate_lib/generic/flash.sh
[0.468s] -- Up-to-date: /home/devpc/Desktop/microros_ws/install/micro_ros_setup/./config/generate_lib/generic/package.xml
[0.468s] -- Up-to-date: /home/devpc/Desktop/microros_ws/install/micro_ros_setup/./config/generate_lib/generic/client-colcon.meta
[0.468s] -- Up-to-date: /home/devpc/Desktop/microros_ws/install/micro_ros_setup/./config/generate_lib/generic/build.sh
[0.469s] -- Up-to-date: /home/devpc/Desktop/microros_ws/install/micro_ros_setup/./config/generate_lib/dev_ros2_packages.txt
[0.469s] -- Up-to-date: /home/devpc/Desktop/microros_ws/install/micro_ros_setup/./config/zephyr
[0.469s] -- Up-to-date: /home/devpc/Desktop/microros_ws/install/micro_ros_setup/./config/zephyr/dev_uros_packages.repos
[0.469s] -- Up-to-date: /home/devpc/Desktop/microros_ws/install/micro_ros_setup/./config/zephyr/list_apps.sh
[0.469s] -- Up-to-date: /home/devpc/Desktop/microros_ws/install/micro_ros_setup/./config/zephyr/generic
[0.469s] -- Up-to-date: /home/devpc/Desktop/microros_ws/install/micro_ros_setup/./config/zephyr/generic/create.sh
[0.469s] -- Up-to-date: /home/devpc/Desktop/microros_ws/install/micro_ros_setup/./config/zephyr/generic/client_uros_packages.repos
[0.469s] -- Up-to-date: /home/devpc/Desktop/microros_ws/install/micro_ros_setup/./config/zephyr/generic/flash.sh
[0.469s] -- Up-to-date: /home/devpc/Desktop/microros_ws/install/micro_ros_setup/./config/zephyr/generic/package.xml
[0.470s] -- Up-to-date: /home/devpc/Desktop/microros_ws/install/micro_ros_setup/./config/zephyr/generic/configure.sh
[0.470s] -- Up-to-date: /home/devpc/Desktop/microros_ws/install/micro_ros_setup/./config/zephyr/generic/client-colcon.meta
[0.470s] -- Up-to-date: /home/devpc/Desktop/microros_ws/install/micro_ros_setup/./config/zephyr/generic/supported_platforms
[0.470s] -- Up-to-date: /home/devpc/Desktop/microros_ws/install/micro_ros_setup/./config/zephyr/generic/build.sh
[0.470s] -- Up-to-date: /home/devpc/Desktop/microros_ws/install/micro_ros_setup/./config/zephyr/generic/board.repos
[0.470s] -- Up-to-date: /home/devpc/Desktop/microros_ws/install/micro_ros_setup/./config/zephyr/dev_ros2_packages.txt
[0.470s] -- Up-to-date: /home/devpc/Desktop/microros_ws/install/micro_ros_setup/./config/agent_uros_packages.repos
[0.470s] -- Up-to-date: /home/devpc/Desktop/microros_ws/install/micro_ros_setup/./config/freertos
[0.471s] -- Up-to-date: /home/devpc/Desktop/microros_ws/install/micro_ros_setup/./config/freertos/olimex-stm32-e407
[0.471s] -- Up-to-date: /home/devpc/Desktop/microros_ws/install/micro_ros_setup/./config/freertos/olimex-stm32-e407/create.sh
[0.471s] -- Up-to-date: /home/devpc/Desktop/microros_ws/install/micro_ros_setup/./config/freertos/olimex-stm32-e407/client_uros_packages.repos
[0.473s] -- Up-to-date: /home/devpc/Desktop/microros_ws/install/micro_ros_setup/./config/freertos/olimex-stm32-e407/flash.sh
[0.475s] -- Up-to-date: /home/devpc/Desktop/microros_ws/install/micro_ros_setup/./config/freertos/olimex-stm32-e407/package.xml
[0.475s] -- Up-to-date: /home/devpc/Desktop/microros_ws/install/micro_ros_setup/./config/freertos/olimex-stm32-e407/configure.sh
[0.475s] -- Up-to-date: /home/devpc/Desktop/microros_ws/install/micro_ros_setup/./config/freertos/olimex-stm32-e407/client-colcon.meta
[0.483s] -- Up-to-date: /home/devpc/Desktop/microros_ws/install/micro_ros_setup/./config/freertos/olimex-stm32-e407/build.sh
[0.486s] -- Up-to-date: /home/devpc/Desktop/microros_ws/install/micro_ros_setup/./config/freertos/olimex-stm32-e407/board.repos
[0.486s] -- Up-to-date: /home/devpc/Desktop/microros_ws/install/micro_ros_setup/./config/freertos/nucleo_f446ze
[0.486s] -- Up-to-date: /home/devpc/Desktop/microros_ws/install/micro_ros_setup/./config/freertos/nucleo_f446ze/create.sh
[0.486s] -- Up-to-date: /home/devpc/Desktop/microros_ws/install/micro_ros_setup/./config/freertos/nucleo_f446ze/client_uros_packages.repos
[0.487s] -- Up-to-date: /home/devpc/Desktop/microros_ws/install/micro_ros_setup/./config/freertos/nucleo_f446ze/flash.sh
[0.487s] -- Up-to-date: /home/devpc/Desktop/microros_ws/install/micro_ros_setup/./config/freertos/nucleo_f446ze/package.xml
[0.487s] -- Up-to-date: /home/devpc/Desktop/microros_ws/install/micro_ros_setup/./config/freertos/nucleo_f446ze/configure.sh
[0.488s] -- Up-to-date: /home/devpc/Desktop/microros_ws/install/micro_ros_setup/./config/freertos/nucleo_f446ze/client-colcon.meta
[0.488s] -- Up-to-date: /home/devpc/Desktop/microros_ws/install/micro_ros_setup/./config/freertos/nucleo_f446ze/build.sh
[0.488s] -- Up-to-date: /home/devpc/Desktop/microros_ws/install/micro_ros_setup/./config/freertos/nucleo_f446ze/board.repos
[0.488s] -- Up-to-date: /home/devpc/Desktop/microros_ws/install/micro_ros_setup/./config/freertos/nucleo_f746zg
[0.488s] -- Up-to-date: /home/devpc/Desktop/microros_ws/install/micro_ros_setup/./config/freertos/nucleo_f746zg/create.sh
[0.489s] -- Up-to-date: /home/devpc/Desktop/microros_ws/install/micro_ros_setup/./config/freertos/nucleo_f746zg/client_uros_packages.repos
[0.489s] -- Up-to-date: /home/devpc/Desktop/microros_ws/install/micro_ros_setup/./config/freertos/nucleo_f746zg/flash.sh
[0.489s] -- Up-to-date: /home/devpc/Desktop/microros_ws/install/micro_ros_setup/./config/freertos/nucleo_f746zg/package.xml
[0.489s] -- Up-to-date: /home/devpc/Desktop/microros_ws/install/micro_ros_setup/./config/freertos/nucleo_f746zg/configure.sh
[0.489s] -- Up-to-date: /home/devpc/Desktop/microros_ws/install/micro_ros_setup/./config/freertos/nucleo_f746zg/client-colcon.meta
[0.490s] -- Up-to-date: /home/devpc/Desktop/microros_ws/install/micro_ros_setup/./config/freertos/nucleo_f746zg/build.sh
[0.490s] -- Up-to-date: /home/devpc/Desktop/microros_ws/install/micro_ros_setup/./config/freertos/nucleo_f746zg/board.repos
[0.490s] -- Up-to-date: /home/devpc/Desktop/microros_ws/install/micro_ros_setup/./config/freertos/nucleo_f767zi
[0.490s] -- Up-to-date: /home/devpc/Desktop/microros_ws/install/micro_ros_setup/./config/freertos/nucleo_f767zi/create.sh
[0.490s] -- Up-to-date: /home/devpc/Desktop/microros_ws/install/micro_ros_setup/./config/freertos/nucleo_f767zi/client_uros_packages.repos
[0.490s] -- Up-to-date: /home/devpc/Desktop/microros_ws/install/micro_ros_setup/./config/freertos/nucleo_f767zi/flash.sh
[0.490s] -- Up-to-date: /home/devpc/Desktop/microros_ws/install/micro_ros_setup/./config/freertos/nucleo_f767zi/package.xml
[0.491s] -- Up-to-date: /home/devpc/Desktop/microros_ws/install/micro_ros_setup/./config/freertos/nucleo_f767zi/configure.sh
[0.491s] -- Up-to-date: /home/devpc/Desktop/microros_ws/install/micro_ros_setup/./config/freertos/nucleo_f767zi/client-colcon.meta
[0.491s] -- Up-to-date: /home/devpc/Desktop/microros_ws/install/micro_ros_setup/./config/freertos/nucleo_f767zi/build.sh
[0.491s] -- Up-to-date: /home/devpc/Desktop/microros_ws/install/micro_ros_setup/./config/freertos/nucleo_f767zi/board.repos
[0.491s] -- Up-to-date: /home/devpc/Desktop/microros_ws/install/micro_ros_setup/./config/freertos/dev_uros_packages.repos
[0.491s] -- Up-to-date: /home/devpc/Desktop/microros_ws/install/micro_ros_setup/./config/freertos/nucleo_f446re
[0.491s] -- Up-to-date: /home/devpc/Desktop/microros_ws/install/micro_ros_setup/./config/freertos/nucleo_f446re/create.sh
[0.492s] -- Up-to-date: /home/devpc/Desktop/microros_ws/install/micro_ros_setup/./config/freertos/nucleo_f446re/client_uros_packages.repos
[0.492s] -- Up-to-date: /home/devpc/Desktop/microros_ws/install/micro_ros_setup/./config/freertos/nucleo_f446re/flash.sh
[0.492s] -- Up-to-date: /home/devpc/Desktop/microros_ws/install/micro_ros_setup/./config/freertos/nucleo_f446re/package.xml
[0.492s] -- Up-to-date: /home/devpc/Desktop/microros_ws/install/micro_ros_setup/./config/freertos/nucleo_f446re/configure.sh
[0.492s] -- Up-to-date: /home/devpc/Desktop/microros_ws/install/micro_ros_setup/./config/freertos/nucleo_f446re/client-colcon.meta
[0.492s] -- Up-to-date: /home/devpc/Desktop/microros_ws/install/micro_ros_setup/./config/freertos/nucleo_f446re/build.sh
[0.493s] -- Up-to-date: /home/devpc/Desktop/microros_ws/install/micro_ros_setup/./config/freertos/nucleo_f446re/board.repos
[0.493s] -- Up-to-date: /home/devpc/Desktop/microros_ws/install/micro_ros_setup/./config/freertos/list_apps.sh
[0.493s] -- Up-to-date: /home/devpc/Desktop/microros_ws/install/micro_ros_setup/./config/freertos/crazyflie21
[0.493s] -- Up-to-date: /home/devpc/Desktop/microros_ws/install/micro_ros_setup/./config/freertos/crazyflie21/create.sh
[0.493s] -- Up-to-date: /home/devpc/Desktop/microros_ws/install/micro_ros_setup/./config/freertos/crazyflie21/client_uros_packages.repos
[0.494s] -- Up-to-date: /home/devpc/Desktop/microros_ws/install/micro_ros_setup/./config/freertos/crazyflie21/flash.sh
[0.494s] -- Up-to-date: /home/devpc/Desktop/microros_ws/install/micro_ros_setup/./config/freertos/crazyflie21/package.xml
[0.494s] -- Up-to-date: /home/devpc/Desktop/microros_ws/install/micro_ros_setup/./config/freertos/crazyflie21/configure.sh
[0.494s] -- Up-to-date: /home/devpc/Desktop/microros_ws/install/micro_ros_setup/./config/freertos/crazyflie21/client-colcon.meta
[0.494s] -- Up-to-date: /home/devpc/Desktop/microros_ws/install/micro_ros_setup/./config/freertos/crazyflie21/build.sh
[0.494s] -- Up-to-date: /home/devpc/Desktop/microros_ws/install/micro_ros_setup/./config/freertos/crazyflie21/board.repos
[0.495s] -- Up-to-date: /home/devpc/Desktop/microros_ws/install/micro_ros_setup/./config/freertos/dev_ros2_packages.txt
[0.495s] -- Up-to-date: /home/devpc/Desktop/microros_ws/install/micro_ros_setup/./config/freertos/esp32
[0.495s] -- Up-to-date: /home/devpc/Desktop/microros_ws/install/micro_ros_setup/./config/freertos/esp32/create.sh
[0.495s] -- Up-to-date: /home/devpc/Desktop/microros_ws/install/micro_ros_setup/./config/freertos/esp32/client_uros_packages.repos
[0.496s] -- Up-to-date: /home/devpc/Desktop/microros_ws/install/micro_ros_setup/./config/freertos/esp32/flash.sh
[0.501s] -- Up-to-date: /home/devpc/Desktop/microros_ws/install/micro_ros_setup/./config/freertos/esp32/package.xml
[0.501s] -- Up-to-date: /home/devpc/Desktop/microros_ws/install/micro_ros_setup/./config/freertos/esp32/configure.sh
[0.501s] -- Up-to-date: /home/devpc/Desktop/microros_ws/install/micro_ros_setup/./config/freertos/esp32/client-colcon.meta
[0.501s] -- Up-to-date: /home/devpc/Desktop/microros_ws/install/micro_ros_setup/./config/freertos/esp32/build.sh
[0.502s] -- Up-to-date: /home/devpc/Desktop/microros_ws/install/micro_ros_setup/./config/freertos/esp32/board.repos
[0.502s] -- Up-to-date: /home/devpc/Desktop/microros_ws/install/micro_ros_setup/./config/freertos/esp32/README.md
[0.502s] -- Up-to-date: /home/devpc/Desktop/microros_ws/install/micro_ros_setup/./config/host
[0.502s] -- Up-to-date: /home/devpc/Desktop/microros_ws/install/micro_ros_setup/./config/host/dev_uros_packages.repos
[0.503s] -- Up-to-date: /home/devpc/Desktop/microros_ws/install/micro_ros_setup/./config/host/generic
[0.503s] -- Up-to-date: /home/devpc/Desktop/microros_ws/install/micro_ros_setup/./config/host/generic/create.sh
[0.504s] -- Up-to-date: /home/devpc/Desktop/microros_ws/install/micro_ros_setup/./config/host/generic/client_host_packages.repos
[0.506s] -- Up-to-date: /home/devpc/Desktop/microros_ws/install/micro_ros_setup/./config/host/generic/flash.sh
[0.506s] -- Up-to-date: /home/devpc/Desktop/microros_ws/install/micro_ros_setup/./config/host/generic/package.xml
[0.506s] -- Up-to-date: /home/devpc/Desktop/microros_ws/install/micro_ros_setup/./config/host/generic/client-host-colcon.meta
[0.507s] -- Up-to-date: /home/devpc/Desktop/microros_ws/install/micro_ros_setup/./config/host/generic/build.sh
[0.507s] -- Up-to-date: /home/devpc/Desktop/microros_ws/install/micro_ros_setup/./config/host/dev_ros2_packages.txt
[0.507s] -- Up-to-date: /home/devpc/Desktop/microros_ws/install/micro_ros_setup/./config/host/client_ros2_packages.txt
[0.507s] -- Up-to-date: /home/devpc/Desktop/microros_ws/install/micro_ros_setup/./config/client_ros2_packages.txt
[0.507s] -- Up-to-date: /home/devpc/Desktop/microros_ws/install/micro_ros_setup/lib/micro_ros_setup/create_ws.sh
[0.507s] -- Up-to-date: /home/devpc/Desktop/microros_ws/install/micro_ros_setup/lib/micro_ros_setup/create_agent_ws.sh
[0.507s] -- Up-to-date: /home/devpc/Desktop/microros_ws/install/micro_ros_setup/lib/micro_ros_setup/create_firmware_ws.sh
[0.507s] -- Up-to-date: /home/devpc/Desktop/microros_ws/install/micro_ros_setup/lib/micro_ros_setup/configure_firmware.sh
[0.508s] -- Up-to-date: /home/devpc/Desktop/microros_ws/install/micro_ros_setup/lib/micro_ros_setup/flash_firmware.sh
[0.508s] -- Up-to-date: /home/devpc/Desktop/microros_ws/install/micro_ros_setup/lib/micro_ros_setup/build_firmware.sh
[0.508s] -- Up-to-date: /home/devpc/Desktop/microros_ws/install/micro_ros_setup/lib/micro_ros_setup/build_agent.sh
[0.508s] -- Up-to-date: /home/devpc/Desktop/microros_ws/install/micro_ros_setup/lib/micro_ros_setup/yaml_filter.py
[0.508s] -- Up-to-date: /home/devpc/Desktop/microros_ws/install/micro_ros_setup/lib/micro_ros_setup/clean_env.sh
[0.516s] Invoked command in '/home/devpc/Desktop/microros_ws/build/micro_ros_setup' returned '0': CMAKE_PREFIX_PATH=${CMAKE_PREFIX_PATH}:/home/devpc/Desktop/microros_ws/install/sensor_msgs_py:/home/devpc/Desktop/quad_ws/install/quad:/opt/ros/foxy /usr/bin/cmake --install /home/devpc/Desktop/microros_ws/build/micro_ros_setup
