[0.431s] Invoking command in '/home/devpc/Desktop/quad_ws/build/quad_interfaces': CMAKE_PREFIX_PATH=${CMAKE_PREFIX_PATH}:/home/devpc/Desktop/quad_ws/install/quad:/opt/ros/foxy /usr/bin/cmake --build /home/devpc/Desktop/quad_ws/build/quad_interfaces -- -j8 -l8
[0.482s] [  4%] Built target quad_interfaces__cpp
[0.482s] [ 12%] Built target quad_interfaces__rosidl_generator_c
[0.506s] [ 23%] Built target quad_interfaces__rosidl_typesupport_introspection_cpp
[0.508s] [ 46%] Built target quad_interfaces__rosidl_typesupport_cpp
[0.508s] [ 46%] Built target quad_interfaces__rosidl_typesupport_c
[0.508s] [ 57%] Built target quad_interfaces__rosidl_typesupport_introspection_c
[0.513s] [ 68%] Built target quad_interfaces__rosidl_typesupport_fastrtps_cpp
[0.536s] [ 79%] Built target quad_interfaces__rosidl_typesupport_fastrtps_c
[0.553s] [ 79%] Built target quad_interfaces
[0.571s] [ 80%] Built target quad_interfaces__py
[0.595s] [ 90%] Built target quad_interfaces__python
[0.620s] [ 93%] Built target quad_interfaces__rosidl_typesupport_fastrtps_c__pyext
[0.620s] [ 96%] Built target quad_interfaces__rosidl_typesupport_c__pyext
[0.624s] [100%] Built target quad_interfaces__rosidl_typesupport_introspection_c__pyext
[0.639s] Invoked command in '/home/devpc/Desktop/quad_ws/build/quad_interfaces' returned '0': CMAKE_PREFIX_PATH=${CMAKE_PREFIX_PATH}:/home/devpc/Desktop/quad_ws/install/quad:/opt/ros/foxy /usr/bin/cmake --build /home/devpc/Desktop/quad_ws/build/quad_interfaces -- -j8 -l8
[0.727s] Invoking command in '/home/devpc/Desktop/quad_ws/build/quad_interfaces': CMAKE_PREFIX_PATH=${CMAKE_PREFIX_PATH}:/home/devpc/Desktop/quad_ws/install/quad:/opt/ros/foxy /usr/bin/cmake --install /home/devpc/Desktop/quad_ws/build/quad_interfaces
[0.735s] -- Install configuration: ""
[0.736s] -- Up-to-date: /home/devpc/Desktop/quad_ws/install/quad_interfaces/share/ament_index/resource_index/rosidl_interfaces/quad_interfaces
[0.736s] -- Up-to-date: /home/devpc/Desktop/quad_ws/install/quad_interfaces/include/quad_interfaces
[0.736s] -- Up-to-date: /home/devpc/Desktop/quad_ws/install/quad_interfaces/include/quad_interfaces/msg
[0.736s] -- Up-to-date: /home/devpc/Desktop/quad_ws/install/quad_interfaces/include/quad_interfaces/msg/aux_servos_parameters.h
[0.737s] -- Up-to-date: /home/devpc/Desktop/quad_ws/install/quad_interfaces/include/quad_interfaces/msg/emergency_stop.h
[0.737s] -- Up-to-date: /home/devpc/Desktop/quad_ws/install/quad_interfaces/include/quad_interfaces/msg/detail
[0.737s] -- Up-to-date: /home/devpc/Desktop/quad_ws/install/quad_interfaces/include/quad_interfaces/msg/detail/emergency_stop__functions.h
[0.737s] -- Up-to-date: /home/devpc/Desktop/quad_ws/install/quad_interfaces/include/quad_interfaces/msg/detail/motion_servos_parameters__type_support.h
[0.737s] -- Up-to-date: /home/devpc/Desktop/quad_ws/install/quad_interfaces/include/quad_interfaces/msg/detail/motion_servos_calibration__type_support.h
[0.738s] -- Up-to-date: /home/devpc/Desktop/quad_ws/install/quad_interfaces/include/quad_interfaces/msg/detail/motion_servos__functions.h
[0.738s] -- Up-to-date: /home/devpc/Desktop/quad_ws/install/quad_interfaces/include/quad_interfaces/msg/detail/aux_servos_calibration__type_support.h
[0.738s] -- Up-to-date: /home/devpc/Desktop/quad_ws/install/quad_interfaces/include/quad_interfaces/msg/detail/aux_servos_parameters__functions.c
[0.738s] -- Up-to-date: /home/devpc/Desktop/quad_ws/install/quad_interfaces/include/quad_interfaces/msg/detail/aux_servos__functions.c
[0.738s] -- Up-to-date: /home/devpc/Desktop/quad_ws/install/quad_interfaces/include/quad_interfaces/msg/detail/motion_servos__functions.c
[0.739s] -- Up-to-date: /home/devpc/Desktop/quad_ws/install/quad_interfaces/include/quad_interfaces/msg/detail/motion_servos_parameters__functions.h
[0.739s] -- Up-to-date: /home/devpc/Desktop/quad_ws/install/quad_interfaces/include/quad_interfaces/msg/detail/aux_servos_parameters__type_support.h
[0.739s] -- Up-to-date: /home/devpc/Desktop/quad_ws/install/quad_interfaces/include/quad_interfaces/msg/detail/aux_servos__functions.h
[0.739s] -- Up-to-date: /home/devpc/Desktop/quad_ws/install/quad_interfaces/include/quad_interfaces/msg/detail/emergency_stop__functions.c
[0.740s] -- Up-to-date: /home/devpc/Desktop/quad_ws/install/quad_interfaces/include/quad_interfaces/msg/detail/motion_servos__type_support.h
[0.740s] -- Up-to-date: /home/devpc/Desktop/quad_ws/install/quad_interfaces/include/quad_interfaces/msg/detail/motion_servos_calibration__functions.h
[0.740s] -- Up-to-date: /home/devpc/Desktop/quad_ws/install/quad_interfaces/include/quad_interfaces/msg/detail/aux_servos_parameters__functions.h
[0.740s] -- Up-to-date: /home/devpc/Desktop/quad_ws/install/quad_interfaces/include/quad_interfaces/msg/detail/aux_servos__struct.h
[0.741s] -- Up-to-date: /home/devpc/Desktop/quad_ws/install/quad_interfaces/include/quad_interfaces/msg/detail/aux_servos_parameters__struct.h
[0.741s] -- Up-to-date: /home/devpc/Desktop/quad_ws/install/quad_interfaces/include/quad_interfaces/msg/detail/aux_servos_calibration__struct.h
[0.741s] -- Up-to-date: /home/devpc/Desktop/quad_ws/install/quad_interfaces/include/quad_interfaces/msg/detail/motion_servos_calibration__struct.h
[0.741s] -- Up-to-date: /home/devpc/Desktop/quad_ws/install/quad_interfaces/include/quad_interfaces/msg/detail/motion_servos_parameters__functions.c
[0.742s] -- Up-to-date: /home/devpc/Desktop/quad_ws/install/quad_interfaces/include/quad_interfaces/msg/detail/motion_servos_calibration__functions.c
[0.742s] -- Up-to-date: /home/devpc/Desktop/quad_ws/install/quad_interfaces/include/quad_interfaces/msg/detail/motion_servos_parameters__struct.h
[0.742s] -- Up-to-date: /home/devpc/Desktop/quad_ws/install/quad_interfaces/include/quad_interfaces/msg/detail/aux_servos_calibration__functions.c
[0.742s] -- Up-to-date: /home/devpc/Desktop/quad_ws/install/quad_interfaces/include/quad_interfaces/msg/detail/motion_servos__struct.h
[0.742s] -- Up-to-date: /home/devpc/Desktop/quad_ws/install/quad_interfaces/include/quad_interfaces/msg/detail/emergency_stop__struct.h
[0.742s] -- Up-to-date: /home/devpc/Desktop/quad_ws/install/quad_interfaces/include/quad_interfaces/msg/detail/aux_servos_calibration__functions.h
[0.743s] -- Up-to-date: /home/devpc/Desktop/quad_ws/install/quad_interfaces/include/quad_interfaces/msg/detail/aux_servos__type_support.h
[0.743s] -- Up-to-date: /home/devpc/Desktop/quad_ws/install/quad_interfaces/include/quad_interfaces/msg/detail/emergency_stop__type_support.h
[0.743s] -- Up-to-date: /home/devpc/Desktop/quad_ws/install/quad_interfaces/include/quad_interfaces/msg/motion_servos.h
[0.743s] -- Up-to-date: /home/devpc/Desktop/quad_ws/install/quad_interfaces/include/quad_interfaces/msg/motion_servos_calibration.h
[0.743s] -- Up-to-date: /home/devpc/Desktop/quad_ws/install/quad_interfaces/include/quad_interfaces/msg/motion_servos_parameters.h
[0.743s] -- Up-to-date: /home/devpc/Desktop/quad_ws/install/quad_interfaces/include/quad_interfaces/msg/aux_servos_calibration.h
[0.744s] -- Up-to-date: /home/devpc/Desktop/quad_ws/install/quad_interfaces/include/quad_interfaces/msg/rosidl_generator_c__visibility_control.h
[0.744s] -- Up-to-date: /home/devpc/Desktop/quad_ws/install/quad_interfaces/include/quad_interfaces/msg/aux_servos.h
[0.744s] -- Up-to-date: /home/devpc/Desktop/quad_ws/install/quad_interfaces/share/quad_interfaces/environment/library_path.sh
[0.744s] -- Up-to-date: /home/devpc/Desktop/quad_ws/install/quad_interfaces/share/quad_interfaces/environment/library_path.dsv
[0.744s] -- Up-to-date: /home/devpc/Desktop/quad_ws/install/quad_interfaces/lib/libquad_interfaces__rosidl_generator_c.so
[0.744s] -- Up-to-date: /home/devpc/Desktop/quad_ws/install/quad_interfaces/include/quad_interfaces
[0.744s] -- Up-to-date: /home/devpc/Desktop/quad_ws/install/quad_interfaces/include/quad_interfaces/msg
[0.745s] -- Up-to-date: /home/devpc/Desktop/quad_ws/install/quad_interfaces/include/quad_interfaces/msg/detail
[0.745s] -- Up-to-date: /home/devpc/Desktop/quad_ws/install/quad_interfaces/include/quad_interfaces/msg/detail/aux_servos__rosidl_typesupport_fastrtps_c.h
[0.745s] -- Up-to-date: /home/devpc/Desktop/quad_ws/install/quad_interfaces/include/quad_interfaces/msg/detail/motion_servos__rosidl_typesupport_fastrtps_c.h
[0.745s] -- Up-to-date: /home/devpc/Desktop/quad_ws/install/quad_interfaces/include/quad_interfaces/msg/detail/motion_servos_calibration__rosidl_typesupport_fastrtps_c.h
[0.745s] -- Up-to-date: /home/devpc/Desktop/quad_ws/install/quad_interfaces/include/quad_interfaces/msg/detail/motion_servos_parameters__rosidl_typesupport_fastrtps_c.h
[0.745s] -- Up-to-date: /home/devpc/Desktop/quad_ws/install/quad_interfaces/include/quad_interfaces/msg/detail/aux_servos_parameters__rosidl_typesupport_fastrtps_c.h
[0.745s] -- Up-to-date: /home/devpc/Desktop/quad_ws/install/quad_interfaces/include/quad_interfaces/msg/detail/emergency_stop__rosidl_typesupport_fastrtps_c.h
[0.746s] -- Up-to-date: /home/devpc/Desktop/quad_ws/install/quad_interfaces/include/quad_interfaces/msg/detail/aux_servos_calibration__rosidl_typesupport_fastrtps_c.h
[0.746s] -- Up-to-date: /home/devpc/Desktop/quad_ws/install/quad_interfaces/include/quad_interfaces/msg/rosidl_typesupport_fastrtps_c__visibility_control.h
[0.746s] -- Up-to-date: /home/devpc/Desktop/quad_ws/install/quad_interfaces/lib/libquad_interfaces__rosidl_typesupport_fastrtps_c.so
[0.746s] -- Up-to-date: /home/devpc/Desktop/quad_ws/install/quad_interfaces/include/quad_interfaces
[0.746s] -- Up-to-date: /home/devpc/Desktop/quad_ws/install/quad_interfaces/include/quad_interfaces/msg
[0.746s] -- Up-to-date: /home/devpc/Desktop/quad_ws/install/quad_interfaces/include/quad_interfaces/msg/detail
[0.746s] -- Up-to-date: /home/devpc/Desktop/quad_ws/install/quad_interfaces/include/quad_interfaces/msg/detail/aux_servos__rosidl_typesupport_fastrtps_cpp.hpp
[0.746s] -- Up-to-date: /home/devpc/Desktop/quad_ws/install/quad_interfaces/include/quad_interfaces/msg/detail/emergency_stop__rosidl_typesupport_fastrtps_cpp.hpp
[0.747s] -- Up-to-date: /home/devpc/Desktop/quad_ws/install/quad_interfaces/include/quad_interfaces/msg/detail/motion_servos_parameters__rosidl_typesupport_fastrtps_cpp.hpp
[0.747s] -- Up-to-date: /home/devpc/Desktop/quad_ws/install/quad_interfaces/include/quad_interfaces/msg/detail/aux_servos_parameters__rosidl_typesupport_fastrtps_cpp.hpp
[0.747s] -- Up-to-date: /home/devpc/Desktop/quad_ws/install/quad_interfaces/include/quad_interfaces/msg/detail/aux_servos_calibration__rosidl_typesupport_fastrtps_cpp.hpp
[0.747s] -- Up-to-date: /home/devpc/Desktop/quad_ws/install/quad_interfaces/include/quad_interfaces/msg/detail/motion_servos_calibration__rosidl_typesupport_fastrtps_cpp.hpp
[0.747s] -- Up-to-date: /home/devpc/Desktop/quad_ws/install/quad_interfaces/include/quad_interfaces/msg/detail/motion_servos__rosidl_typesupport_fastrtps_cpp.hpp
[0.747s] -- Up-to-date: /home/devpc/Desktop/quad_ws/install/quad_interfaces/include/quad_interfaces/msg/detail/dds_fastrtps
[0.748s] -- Up-to-date: /home/devpc/Desktop/quad_ws/install/quad_interfaces/include/quad_interfaces/msg/rosidl_typesupport_fastrtps_cpp__visibility_control.h
[0.748s] -- Up-to-date: /home/devpc/Desktop/quad_ws/install/quad_interfaces/lib/libquad_interfaces__rosidl_typesupport_fastrtps_cpp.so
[0.748s] -- Up-to-date: /home/devpc/Desktop/quad_ws/install/quad_interfaces/include/quad_interfaces
[0.748s] -- Up-to-date: /home/devpc/Desktop/quad_ws/install/quad_interfaces/include/quad_interfaces/msg
[0.748s] -- Up-to-date: /home/devpc/Desktop/quad_ws/install/quad_interfaces/include/quad_interfaces/msg/detail
[0.748s] -- Up-to-date: /home/devpc/Desktop/quad_ws/install/quad_interfaces/include/quad_interfaces/msg/detail/emergency_stop__type_support.c
[0.749s] -- Up-to-date: /home/devpc/Desktop/quad_ws/install/quad_interfaces/include/quad_interfaces/msg/detail/motion_servos_calibration__type_support.c
[0.749s] -- Up-to-date: /home/devpc/Desktop/quad_ws/install/quad_interfaces/include/quad_interfaces/msg/detail/aux_servos_parameters__rosidl_typesupport_introspection_c.h
[0.749s] -- Up-to-date: /home/devpc/Desktop/quad_ws/install/quad_interfaces/include/quad_interfaces/msg/detail/aux_servos__rosidl_typesupport_introspection_c.h
[0.749s] -- Up-to-date: /home/devpc/Desktop/quad_ws/install/quad_interfaces/include/quad_interfaces/msg/detail/motion_servos_parameters__rosidl_typesupport_introspection_c.h
[0.749s] -- Up-to-date: /home/devpc/Desktop/quad_ws/install/quad_interfaces/include/quad_interfaces/msg/detail/motion_servos_calibration__rosidl_typesupport_introspection_c.h
[0.749s] -- Up-to-date: /home/devpc/Desktop/quad_ws/install/quad_interfaces/include/quad_interfaces/msg/detail/motion_servos__type_support.c
[0.749s] -- Up-to-date: /home/devpc/Desktop/quad_ws/install/quad_interfaces/include/quad_interfaces/msg/detail/aux_servos__type_support.c
[0.750s] -- Up-to-date: /home/devpc/Desktop/quad_ws/install/quad_interfaces/include/quad_interfaces/msg/detail/motion_servos__rosidl_typesupport_introspection_c.h
[0.750s] -- Up-to-date: /home/devpc/Desktop/quad_ws/install/quad_interfaces/include/quad_interfaces/msg/detail/aux_servos_calibration__rosidl_typesupport_introspection_c.h
[0.750s] -- Up-to-date: /home/devpc/Desktop/quad_ws/install/quad_interfaces/include/quad_interfaces/msg/detail/emergency_stop__rosidl_typesupport_introspection_c.h
[0.750s] -- Up-to-date: /home/devpc/Desktop/quad_ws/install/quad_interfaces/include/quad_interfaces/msg/detail/aux_servos_parameters__type_support.c
[0.750s] -- Up-to-date: /home/devpc/Desktop/quad_ws/install/quad_interfaces/include/quad_interfaces/msg/detail/motion_servos_parameters__type_support.c
[0.750s] -- Up-to-date: /home/devpc/Desktop/quad_ws/install/quad_interfaces/include/quad_interfaces/msg/detail/aux_servos_calibration__type_support.c
[0.750s] -- Up-to-date: /home/devpc/Desktop/quad_ws/install/quad_interfaces/include/quad_interfaces/msg/rosidl_typesupport_introspection_c__visibility_control.h
[0.751s] -- Up-to-date: /home/devpc/Desktop/quad_ws/install/quad_interfaces/lib/libquad_interfaces__rosidl_typesupport_introspection_c.so
[0.751s] -- Up-to-date: /home/devpc/Desktop/quad_ws/install/quad_interfaces/lib/libquad_interfaces__rosidl_typesupport_c.so
[0.751s] -- Up-to-date: /home/devpc/Desktop/quad_ws/install/quad_interfaces/include/quad_interfaces
[0.751s] -- Up-to-date: /home/devpc/Desktop/quad_ws/install/quad_interfaces/include/quad_interfaces/msg
[0.751s] -- Up-to-date: /home/devpc/Desktop/quad_ws/install/quad_interfaces/include/quad_interfaces/msg/aux_servos_parameters.hpp
[0.751s] -- Up-to-date: /home/devpc/Desktop/quad_ws/install/quad_interfaces/include/quad_interfaces/msg/aux_servos_calibration.hpp
[0.751s] -- Up-to-date: /home/devpc/Desktop/quad_ws/install/quad_interfaces/include/quad_interfaces/msg/motion_servos_parameters.hpp
[0.752s] -- Up-to-date: /home/devpc/Desktop/quad_ws/install/quad_interfaces/include/quad_interfaces/msg/motion_servos.hpp
[0.752s] -- Up-to-date: /home/devpc/Desktop/quad_ws/install/quad_interfaces/include/quad_interfaces/msg/detail
[0.752s] -- Up-to-date: /home/devpc/Desktop/quad_ws/install/quad_interfaces/include/quad_interfaces/msg/detail/aux_servos_calibration__traits.hpp
[0.752s] -- Up-to-date: /home/devpc/Desktop/quad_ws/install/quad_interfaces/include/quad_interfaces/msg/detail/aux_servos_calibration__builder.hpp
[0.752s] -- Up-to-date: /home/devpc/Desktop/quad_ws/install/quad_interfaces/include/quad_interfaces/msg/detail/motion_servos__struct.hpp
[0.752s] -- Up-to-date: /home/devpc/Desktop/quad_ws/install/quad_interfaces/include/quad_interfaces/msg/detail/motion_servos__builder.hpp
[0.752s] -- Up-to-date: /home/devpc/Desktop/quad_ws/install/quad_interfaces/include/quad_interfaces/msg/detail/emergency_stop__builder.hpp
[0.753s] -- Up-to-date: /home/devpc/Desktop/quad_ws/install/quad_interfaces/include/quad_interfaces/msg/detail/aux_servos__struct.hpp
[0.753s] -- Up-to-date: /home/devpc/Desktop/quad_ws/install/quad_interfaces/include/quad_interfaces/msg/detail/motion_servos_parameters__builder.hpp
[0.753s] -- Up-to-date: /home/devpc/Desktop/quad_ws/install/quad_interfaces/include/quad_interfaces/msg/detail/aux_servos_parameters__struct.hpp
[0.753s] -- Up-to-date: /home/devpc/Desktop/quad_ws/install/quad_interfaces/include/quad_interfaces/msg/detail/aux_servos_parameters__builder.hpp
[0.753s] -- Up-to-date: /home/devpc/Desktop/quad_ws/install/quad_interfaces/include/quad_interfaces/msg/detail/motion_servos__traits.hpp
[0.753s] -- Up-to-date: /home/devpc/Desktop/quad_ws/install/quad_interfaces/include/quad_interfaces/msg/detail/emergency_stop__struct.hpp
[0.754s] -- Up-to-date: /home/devpc/Desktop/quad_ws/install/quad_interfaces/include/quad_interfaces/msg/detail/motion_servos_parameters__traits.hpp
[0.754s] -- Up-to-date: /home/devpc/Desktop/quad_ws/install/quad_interfaces/include/quad_interfaces/msg/detail/aux_servos__builder.hpp
[0.754s] -- Up-to-date: /home/devpc/Desktop/quad_ws/install/quad_interfaces/include/quad_interfaces/msg/detail/motion_servos_calibration__builder.hpp
[0.754s] -- Up-to-date: /home/devpc/Desktop/quad_ws/install/quad_interfaces/include/quad_interfaces/msg/detail/aux_servos__traits.hpp
[0.754s] -- Up-to-date: /home/devpc/Desktop/quad_ws/install/quad_interfaces/include/quad_interfaces/msg/detail/aux_servos_parameters__traits.hpp
[0.754s] -- Up-to-date: /home/devpc/Desktop/quad_ws/install/quad_interfaces/include/quad_interfaces/msg/detail/emergency_stop__traits.hpp
[0.754s] -- Up-to-date: /home/devpc/Desktop/quad_ws/install/quad_interfaces/include/quad_interfaces/msg/detail/motion_servos_parameters__struct.hpp
[0.754s] -- Up-to-date: /home/devpc/Desktop/quad_ws/install/quad_interfaces/include/quad_interfaces/msg/detail/aux_servos_calibration__struct.hpp
[0.755s] -- Up-to-date: /home/devpc/Desktop/quad_ws/install/quad_interfaces/include/quad_interfaces/msg/detail/motion_servos_calibration__traits.hpp
[0.755s] -- Up-to-date: /home/devpc/Desktop/quad_ws/install/quad_interfaces/include/quad_interfaces/msg/detail/motion_servos_calibration__struct.hpp
[0.755s] -- Up-to-date: /home/devpc/Desktop/quad_ws/install/quad_interfaces/include/quad_interfaces/msg/emergency_stop.hpp
[0.755s] -- Up-to-date: /home/devpc/Desktop/quad_ws/install/quad_interfaces/include/quad_interfaces/msg/aux_servos.hpp
[0.755s] -- Up-to-date: /home/devpc/Desktop/quad_ws/install/quad_interfaces/include/quad_interfaces/msg/motion_servos_calibration.hpp
[0.755s] -- Up-to-date: /home/devpc/Desktop/quad_ws/install/quad_interfaces/include/quad_interfaces
[0.755s] -- Up-to-date: /home/devpc/Desktop/quad_ws/install/quad_interfaces/include/quad_interfaces/msg
[0.756s] -- Up-to-date: /home/devpc/Desktop/quad_ws/install/quad_interfaces/include/quad_interfaces/msg/detail
[0.756s] -- Up-to-date: /home/devpc/Desktop/quad_ws/install/quad_interfaces/include/quad_interfaces/msg/detail/aux_servos_parameters__rosidl_typesupport_introspection_cpp.hpp
[0.756s] -- Up-to-date: /home/devpc/Desktop/quad_ws/install/quad_interfaces/include/quad_interfaces/msg/detail/motion_servos__rosidl_typesupport_introspection_cpp.hpp
[0.756s] -- Up-to-date: /home/devpc/Desktop/quad_ws/install/quad_interfaces/include/quad_interfaces/msg/detail/aux_servos__rosidl_typesupport_introspection_cpp.hpp
[0.756s] -- Up-to-date: /home/devpc/Desktop/quad_ws/install/quad_interfaces/include/quad_interfaces/msg/detail/motion_servos__type_support.cpp
[0.756s] -- Up-to-date: /home/devpc/Desktop/quad_ws/install/quad_interfaces/include/quad_interfaces/msg/detail/aux_servos_calibration__rosidl_typesupport_introspection_cpp.hpp
[0.756s] -- Up-to-date: /home/devpc/Desktop/quad_ws/install/quad_interfaces/include/quad_interfaces/msg/detail/emergency_stop__type_support.cpp
[0.756s] -- Up-to-date: /home/devpc/Desktop/quad_ws/install/quad_interfaces/include/quad_interfaces/msg/detail/motion_servos_calibration__rosidl_typesupport_introspection_cpp.hpp
[0.757s] -- Up-to-date: /home/devpc/Desktop/quad_ws/install/quad_interfaces/include/quad_interfaces/msg/detail/aux_servos_calibration__type_support.cpp
[0.757s] -- Up-to-date: /home/devpc/Desktop/quad_ws/install/quad_interfaces/include/quad_interfaces/msg/detail/motion_servos_parameters__rosidl_typesupport_introspection_cpp.hpp
[0.757s] -- Up-to-date: /home/devpc/Desktop/quad_ws/install/quad_interfaces/include/quad_interfaces/msg/detail/motion_servos_calibration__type_support.cpp
[0.757s] -- Up-to-date: /home/devpc/Desktop/quad_ws/install/quad_interfaces/include/quad_interfaces/msg/detail/motion_servos_parameters__type_support.cpp
[0.757s] -- Up-to-date: /home/devpc/Desktop/quad_ws/install/quad_interfaces/include/quad_interfaces/msg/detail/aux_servos_parameters__type_support.cpp
[0.757s] -- Up-to-date: /home/devpc/Desktop/quad_ws/install/quad_interfaces/include/quad_interfaces/msg/detail/aux_servos__type_support.cpp
[0.757s] -- Up-to-date: /home/devpc/Desktop/quad_ws/install/quad_interfaces/include/quad_interfaces/msg/detail/emergency_stop__rosidl_typesupport_introspection_cpp.hpp
[0.758s] -- Up-to-date: /home/devpc/Desktop/quad_ws/install/quad_interfaces/lib/libquad_interfaces__rosidl_typesupport_introspection_cpp.so
[0.758s] -- Up-to-date: /home/devpc/Desktop/quad_ws/install/quad_interfaces/lib/libquad_interfaces__rosidl_typesupport_cpp.so
[0.758s] -- Up-to-date: /home/devpc/Desktop/quad_ws/install/quad_interfaces/share/quad_interfaces/environment/pythonpath.sh
[0.758s] -- Up-to-date: /home/devpc/Desktop/quad_ws/install/quad_interfaces/share/quad_interfaces/environment/pythonpath.dsv
[0.758s] -- Up-to-date: /home/devpc/Desktop/quad_ws/install/quad_interfaces/lib/python3.8/site-packages/quad_interfaces/__init__.py
[0.774s] -- Up-to-date: /home/devpc/Desktop/quad_ws/install/quad_interfaces/lib/python3.8/site-packages/quad_interfaces/msg
[0.774s] -- Up-to-date: /home/devpc/Desktop/quad_ws/install/quad_interfaces/lib/python3.8/site-packages/quad_interfaces/msg/_aux_servos_calibration.py
[0.775s] -- Up-to-date: /home/devpc/Desktop/quad_ws/install/quad_interfaces/lib/python3.8/site-packages/quad_interfaces/msg/_motion_servos_parameters_s.c
[0.775s] -- Up-to-date: /home/devpc/Desktop/quad_ws/install/quad_interfaces/lib/python3.8/site-packages/quad_interfaces/msg/_motion_servos_parameters.py
[0.775s] -- Up-to-date: /home/devpc/Desktop/quad_ws/install/quad_interfaces/lib/python3.8/site-packages/quad_interfaces/msg/_emergency_stop_s.c
[0.775s] -- Up-to-date: /home/devpc/Desktop/quad_ws/install/quad_interfaces/lib/python3.8/site-packages/quad_interfaces/msg/_aux_servos_parameters.py
[0.775s] -- Up-to-date: /home/devpc/Desktop/quad_ws/install/quad_interfaces/lib/python3.8/site-packages/quad_interfaces/msg/_motion_servos_s.c
[0.775s] -- Up-to-date: /home/devpc/Desktop/quad_ws/install/quad_interfaces/lib/python3.8/site-packages/quad_interfaces/msg/_aux_servos.py
[0.776s] -- Up-to-date: /home/devpc/Desktop/quad_ws/install/quad_interfaces/lib/python3.8/site-packages/quad_interfaces/msg/_motion_servos.py
[0.776s] -- Up-to-date: /home/devpc/Desktop/quad_ws/install/quad_interfaces/lib/python3.8/site-packages/quad_interfaces/msg/_aux_servos_calibration_s.c
[0.776s] -- Up-to-date: /home/devpc/Desktop/quad_ws/install/quad_interfaces/lib/python3.8/site-packages/quad_interfaces/msg/__init__.py
[0.776s] -- Up-to-date: /home/devpc/Desktop/quad_ws/install/quad_interfaces/lib/python3.8/site-packages/quad_interfaces/msg/_aux_servos_s.c
[0.776s] -- Up-to-date: /home/devpc/Desktop/quad_ws/install/quad_interfaces/lib/python3.8/site-packages/quad_interfaces/msg/_emergency_stop.py
[0.776s] -- Up-to-date: /home/devpc/Desktop/quad_ws/install/quad_interfaces/lib/python3.8/site-packages/quad_interfaces/msg/_motion_servos_calibration_s.c
[0.776s] -- Up-to-date: /home/devpc/Desktop/quad_ws/install/quad_interfaces/lib/python3.8/site-packages/quad_interfaces/msg/_motion_servos_calibration.py
[0.777s] -- Up-to-date: /home/devpc/Desktop/quad_ws/install/quad_interfaces/lib/python3.8/site-packages/quad_interfaces/msg/_aux_servos_parameters_s.c
[0.777s] -- Up-to-date: /home/devpc/Desktop/quad_ws/install/quad_interfaces/lib/python3.8/site-packages/quad_interfaces/quad_interfaces_s__rosidl_typesupport_fastrtps_c.cpython-38-x86_64-linux-gnu.so
[0.777s] -- Up-to-date: /home/devpc/Desktop/quad_ws/install/quad_interfaces/lib/python3.8/site-packages/quad_interfaces/quad_interfaces_s__rosidl_typesupport_introspection_c.cpython-38-x86_64-linux-gnu.so
[0.777s] -- Up-to-date: /home/devpc/Desktop/quad_ws/install/quad_interfaces/lib/python3.8/site-packages/quad_interfaces/quad_interfaces_s__rosidl_typesupport_c.cpython-38-x86_64-linux-gnu.so
[0.777s] -- Up-to-date: /home/devpc/Desktop/quad_ws/install/quad_interfaces/lib/libquad_interfaces__python.so
[0.778s] -- Up-to-date: /home/devpc/Desktop/quad_ws/install/quad_interfaces/share/quad_interfaces/msg/MotionServos.idl
[0.778s] -- Up-to-date: /home/devpc/Desktop/quad_ws/install/quad_interfaces/share/quad_interfaces/msg/MotionServosParameters.idl
[0.778s] -- Up-to-date: /home/devpc/Desktop/quad_ws/install/quad_interfaces/share/quad_interfaces/msg/EmergencyStop.idl
[0.778s] -- Up-to-date: /home/devpc/Desktop/quad_ws/install/quad_interfaces/share/quad_interfaces/msg/AuxServos.idl
[0.778s] -- Up-to-date: /home/devpc/Desktop/quad_ws/install/quad_interfaces/share/quad_interfaces/msg/AuxServosParameters.idl
[0.778s] -- Up-to-date: /home/devpc/Desktop/quad_ws/install/quad_interfaces/share/quad_interfaces/msg/MotionServos.msg
[0.779s] -- Up-to-date: /home/devpc/Desktop/quad_ws/install/quad_interfaces/share/quad_interfaces/msg/MotionServosParameters.msg
[0.779s] -- Up-to-date: /home/devpc/Desktop/quad_ws/install/quad_interfaces/share/quad_interfaces/msg/EmergencyStop.msg
[0.779s] -- Up-to-date: /home/devpc/Desktop/quad_ws/install/quad_interfaces/share/quad_interfaces/msg/AuxServos.msg
[0.779s] -- Up-to-date: /home/devpc/Desktop/quad_ws/install/quad_interfaces/share/quad_interfaces/msg/AuxServosParameters.msg
[0.780s] -- Up-to-date: /home/devpc/Desktop/quad_ws/install/quad_interfaces/share/ament_index/resource_index/package_run_dependencies/quad_interfaces
[0.780s] -- Up-to-date: /home/devpc/Desktop/quad_ws/install/quad_interfaces/share/ament_index/resource_index/parent_prefix_path/quad_interfaces
[0.780s] -- Up-to-date: /home/devpc/Desktop/quad_ws/install/quad_interfaces/share/quad_interfaces/environment/ament_prefix_path.sh
[0.780s] -- Up-to-date: /home/devpc/Desktop/quad_ws/install/quad_interfaces/share/quad_interfaces/environment/ament_prefix_path.dsv
[0.780s] -- Up-to-date: /home/devpc/Desktop/quad_ws/install/quad_interfaces/share/quad_interfaces/environment/path.sh
[0.780s] -- Up-to-date: /home/devpc/Desktop/quad_ws/install/quad_interfaces/share/quad_interfaces/environment/path.dsv
[0.781s] -- Up-to-date: /home/devpc/Desktop/quad_ws/install/quad_interfaces/share/quad_interfaces/local_setup.bash
[0.781s] -- Up-to-date: /home/devpc/Desktop/quad_ws/install/quad_interfaces/share/quad_interfaces/local_setup.sh
[0.781s] -- Up-to-date: /home/devpc/Desktop/quad_ws/install/quad_interfaces/share/quad_interfaces/local_setup.zsh
[0.781s] -- Up-to-date: /home/devpc/Desktop/quad_ws/install/quad_interfaces/share/quad_interfaces/local_setup.dsv
[0.782s] -- Installing: /home/devpc/Desktop/quad_ws/install/quad_interfaces/share/quad_interfaces/package.dsv
[0.782s] -- Up-to-date: /home/devpc/Desktop/quad_ws/install/quad_interfaces/share/ament_index/resource_index/packages/quad_interfaces
[0.782s] -- Up-to-date: /home/devpc/Desktop/quad_ws/install/quad_interfaces/share/quad_interfaces/cmake/quad_interfaces__rosidl_generator_cExport.cmake
[0.782s] -- Up-to-date: /home/devpc/Desktop/quad_ws/install/quad_interfaces/share/quad_interfaces/cmake/quad_interfaces__rosidl_generator_cExport-noconfig.cmake
[0.782s] -- Up-to-date: /home/devpc/Desktop/quad_ws/install/quad_interfaces/share/quad_interfaces/cmake/quad_interfaces__rosidl_typesupport_introspection_cExport.cmake
[0.783s] -- Up-to-date: /home/devpc/Desktop/quad_ws/install/quad_interfaces/share/quad_interfaces/cmake/quad_interfaces__rosidl_typesupport_introspection_cExport-noconfig.cmake
[0.783s] -- Up-to-date: /home/devpc/Desktop/quad_ws/install/quad_interfaces/share/quad_interfaces/cmake/quad_interfaces__rosidl_typesupport_cExport.cmake
[0.784s] -- Up-to-date: /home/devpc/Desktop/quad_ws/install/quad_interfaces/share/quad_interfaces/cmake/quad_interfaces__rosidl_typesupport_cExport-noconfig.cmake
[0.784s] -- Up-to-date: /home/devpc/Desktop/quad_ws/install/quad_interfaces/share/quad_interfaces/cmake/quad_interfaces__rosidl_generator_cppExport.cmake
[0.785s] -- Up-to-date: /home/devpc/Desktop/quad_ws/install/quad_interfaces/share/quad_interfaces/cmake/quad_interfaces__rosidl_typesupport_introspection_cppExport.cmake
[0.785s] -- Up-to-date: /home/devpc/Desktop/quad_ws/install/quad_interfaces/share/quad_interfaces/cmake/quad_interfaces__rosidl_typesupport_introspection_cppExport-noconfig.cmake
[0.785s] -- Up-to-date: /home/devpc/Desktop/quad_ws/install/quad_interfaces/share/quad_interfaces/cmake/quad_interfaces__rosidl_typesupport_cppExport.cmake
[0.785s] -- Up-to-date: /home/devpc/Desktop/quad_ws/install/quad_interfaces/share/quad_interfaces/cmake/quad_interfaces__rosidl_typesupport_cppExport-noconfig.cmake
[0.786s] -- Up-to-date: /home/devpc/Desktop/quad_ws/install/quad_interfaces/share/quad_interfaces/cmake/rosidl_cmake-extras.cmake
[0.786s] -- Up-to-date: /home/devpc/Desktop/quad_ws/install/quad_interfaces/share/quad_interfaces/cmake/ament_cmake_export_dependencies-extras.cmake
[0.786s] -- Up-to-date: /home/devpc/Desktop/quad_ws/install/quad_interfaces/share/quad_interfaces/cmake/ament_cmake_export_libraries-extras.cmake
[0.786s] -- Up-to-date: /home/devpc/Desktop/quad_ws/install/quad_interfaces/share/quad_interfaces/cmake/ament_cmake_export_targets-extras.cmake
[0.787s] -- Up-to-date: /home/devpc/Desktop/quad_ws/install/quad_interfaces/share/quad_interfaces/cmake/ament_cmake_export_include_directories-extras.cmake
[0.787s] -- Up-to-date: /home/devpc/Desktop/quad_ws/install/quad_interfaces/share/quad_interfaces/cmake/rosidl_cmake_export_typesupport_libraries-extras.cmake
[0.787s] -- Up-to-date: /home/devpc/Desktop/quad_ws/install/quad_interfaces/share/quad_interfaces/cmake/rosidl_cmake_export_typesupport_targets-extras.cmake
[0.787s] -- Up-to-date: /home/devpc/Desktop/quad_ws/install/quad_interfaces/share/quad_interfaces/cmake/quad_interfacesConfig.cmake
[0.788s] -- Up-to-date: /home/devpc/Desktop/quad_ws/install/quad_interfaces/share/quad_interfaces/cmake/quad_interfacesConfig-version.cmake
[0.788s] -- Up-to-date: /home/devpc/Desktop/quad_ws/install/quad_interfaces/share/quad_interfaces/package.xml
[0.788s] Invoked command in '/home/devpc/Desktop/quad_ws/build/quad_interfaces' returned '0': CMAKE_PREFIX_PATH=${CMAKE_PREFIX_PATH}:/home/devpc/Desktop/quad_ws/install/quad:/opt/ros/foxy /usr/bin/cmake --install /home/devpc/Desktop/quad_ws/build/quad_interfaces
