[0.068s] Invoking command in '/home/devpc/Desktop/microros_ws/build/micro_ros_msgs': CMAKE_PREFIX_PATH=${CMAKE_PREFIX_PATH}:/home/devpc/Desktop/microros_ws/install/sensor_msgs_py:/home/devpc/Desktop/quad_ws/install/quad:/opt/ros/foxy /usr/bin/cmake --build /home/devpc/Desktop/microros_ws/build/micro_ros_msgs -- -j8 -l8
[0.185s] [  8%] Built target micro_ros_msgs__rosidl_generator_c
[0.202s] [ 10%] Built target micro_ros_msgs__cpp
[0.261s] [ 18%] Built target micro_ros_msgs__rosidl_typesupport_microxrcedds_c
[0.295s] [ 27%] Built target micro_ros_msgs__rosidl_typesupport_c
[0.299s] [ 35%] Built target micro_ros_msgs__rosidl_typesupport_microxrcedds_cpp
[0.350s] [ 44%] Built target micro_ros_msgs__rosidl_typesupport_introspection_c
[0.389s] [ 52%] Built target micro_ros_msgs__rosidl_typesupport_introspection_cpp
[0.404s] [ 61%] Built target micro_ros_msgs__rosidl_typesupport_fastrtps_cpp
[0.415s] [ 69%] Built target micro_ros_msgs__rosidl_typesupport_cpp
[0.460s] [ 77%] Built target micro_ros_msgs__rosidl_typesupport_fastrtps_c
[0.502s] [ 77%] Built target micro_ros_msgs
[0.546s] [ 79%] Built target micro_ros_msgs__py
[0.585s] [ 86%] Built target micro_ros_msgs__python
[0.642s] [ 89%] Built target micro_ros_msgs__rosidl_typesupport_introspection_c__pyext
[0.683s] [ 93%] Built target micro_ros_msgs__rosidl_typesupport_fastrtps_c__pyext
[0.687s] [ 96%] Built target micro_ros_msgs__rosidl_typesupport_microxrcedds_c__pyext
[0.697s] [100%] Built target micro_ros_msgs__rosidl_typesupport_c__pyext
[0.745s] Invoked command in '/home/devpc/Desktop/microros_ws/build/micro_ros_msgs' returned '0': CMAKE_PREFIX_PATH=${CMAKE_PREFIX_PATH}:/home/devpc/Desktop/microros_ws/install/sensor_msgs_py:/home/devpc/Desktop/quad_ws/install/quad:/opt/ros/foxy /usr/bin/cmake --build /home/devpc/Desktop/microros_ws/build/micro_ros_msgs -- -j8 -l8
[1.073s] Invoking command in '/home/devpc/Desktop/microros_ws/build/micro_ros_msgs': CMAKE_PREFIX_PATH=${CMAKE_PREFIX_PATH}:/home/devpc/Desktop/microros_ws/install/sensor_msgs_py:/home/devpc/Desktop/quad_ws/install/quad:/opt/ros/foxy /usr/bin/cmake --install /home/devpc/Desktop/microros_ws/build/micro_ros_msgs
[1.085s] -- Install configuration: ""
[1.085s] -- Up-to-date: /home/devpc/Desktop/microros_ws/install/micro_ros_msgs/share/ament_index/resource_index/rosidl_interfaces/micro_ros_msgs
[1.086s] -- Up-to-date: /home/devpc/Desktop/microros_ws/install/micro_ros_msgs/include/micro_ros_msgs
[1.086s] -- Up-to-date: /home/devpc/Desktop/microros_ws/install/micro_ros_msgs/include/micro_ros_msgs/msg
[1.086s] -- Up-to-date: /home/devpc/Desktop/microros_ws/install/micro_ros_msgs/include/micro_ros_msgs/msg/detail
[1.087s] -- Up-to-date: /home/devpc/Desktop/microros_ws/install/micro_ros_msgs/include/micro_ros_msgs/msg/detail/entity__functions.c
[1.087s] -- Up-to-date: /home/devpc/Desktop/microros_ws/install/micro_ros_msgs/include/micro_ros_msgs/msg/detail/entity__struct.h
[1.088s] -- Up-to-date: /home/devpc/Desktop/microros_ws/install/micro_ros_msgs/include/micro_ros_msgs/msg/detail/graph__functions.c
[1.088s] -- Up-to-date: /home/devpc/Desktop/microros_ws/install/micro_ros_msgs/include/micro_ros_msgs/msg/detail/node__struct.h
[1.088s] -- Up-to-date: /home/devpc/Desktop/microros_ws/install/micro_ros_msgs/include/micro_ros_msgs/msg/detail/entity__type_support.h
[1.089s] -- Up-to-date: /home/devpc/Desktop/microros_ws/install/micro_ros_msgs/include/micro_ros_msgs/msg/detail/graph__type_support.h
[1.089s] -- Up-to-date: /home/devpc/Desktop/microros_ws/install/micro_ros_msgs/include/micro_ros_msgs/msg/detail/node__type_support.h
[1.089s] -- Up-to-date: /home/devpc/Desktop/microros_ws/install/micro_ros_msgs/include/micro_ros_msgs/msg/detail/node__functions.h
[1.090s] -- Up-to-date: /home/devpc/Desktop/microros_ws/install/micro_ros_msgs/include/micro_ros_msgs/msg/detail/graph__functions.h
[1.091s] -- Up-to-date: /home/devpc/Desktop/microros_ws/install/micro_ros_msgs/include/micro_ros_msgs/msg/detail/node__functions.c
[1.091s] -- Up-to-date: /home/devpc/Desktop/microros_ws/install/micro_ros_msgs/include/micro_ros_msgs/msg/detail/entity__functions.h
[1.091s] -- Up-to-date: /home/devpc/Desktop/microros_ws/install/micro_ros_msgs/include/micro_ros_msgs/msg/detail/graph__struct.h
[1.091s] -- Up-to-date: /home/devpc/Desktop/microros_ws/install/micro_ros_msgs/include/micro_ros_msgs/msg/node.h
[1.092s] -- Up-to-date: /home/devpc/Desktop/microros_ws/install/micro_ros_msgs/include/micro_ros_msgs/msg/graph.h
[1.093s] -- Up-to-date: /home/devpc/Desktop/microros_ws/install/micro_ros_msgs/include/micro_ros_msgs/msg/entity.h
[1.096s] -- Up-to-date: /home/devpc/Desktop/microros_ws/install/micro_ros_msgs/include/micro_ros_msgs/msg/rosidl_generator_c__visibility_control.h
[1.096s] -- Up-to-date: /home/devpc/Desktop/microros_ws/install/micro_ros_msgs/share/micro_ros_msgs/environment/library_path.sh
[1.097s] -- Up-to-date: /home/devpc/Desktop/microros_ws/install/micro_ros_msgs/share/micro_ros_msgs/environment/library_path.dsv
[1.097s] -- Up-to-date: /home/devpc/Desktop/microros_ws/install/micro_ros_msgs/lib/libmicro_ros_msgs__rosidl_generator_c.so
[1.097s] -- Up-to-date: /home/devpc/Desktop/microros_ws/install/micro_ros_msgs/include/micro_ros_msgs
[1.098s] -- Up-to-date: /home/devpc/Desktop/microros_ws/install/micro_ros_msgs/include/micro_ros_msgs/msg
[1.098s] -- Up-to-date: /home/devpc/Desktop/microros_ws/install/micro_ros_msgs/include/micro_ros_msgs/msg/detail
[1.098s] -- Up-to-date: /home/devpc/Desktop/microros_ws/install/micro_ros_msgs/include/micro_ros_msgs/msg/detail/node__rosidl_typesupport_microxrcedds_c.h
[1.100s] -- Up-to-date: /home/devpc/Desktop/microros_ws/install/micro_ros_msgs/include/micro_ros_msgs/msg/detail/graph__rosidl_typesupport_microxrcedds_c.h
[1.100s] -- Up-to-date: /home/devpc/Desktop/microros_ws/install/micro_ros_msgs/include/micro_ros_msgs/msg/detail/entity__rosidl_typesupport_microxrcedds_c.h
[1.101s] -- Up-to-date: /home/devpc/Desktop/microros_ws/install/micro_ros_msgs/include/micro_ros_msgs/msg/detail/microxrcedds
[1.101s] -- Up-to-date: /home/devpc/Desktop/microros_ws/install/micro_ros_msgs/include/micro_ros_msgs/msg/rosidl_typesupport_microxrcedds_c__visibility_control.h
[1.102s] -- Up-to-date: /home/devpc/Desktop/microros_ws/install/micro_ros_msgs/lib/libmicro_ros_msgs__rosidl_typesupport_microxrcedds_c.so
[1.102s] -- Up-to-date: /home/devpc/Desktop/microros_ws/install/micro_ros_msgs/include/micro_ros_msgs
[1.103s] -- Up-to-date: /home/devpc/Desktop/microros_ws/install/micro_ros_msgs/include/micro_ros_msgs/msg
[1.103s] -- Up-to-date: /home/devpc/Desktop/microros_ws/install/micro_ros_msgs/include/micro_ros_msgs/msg/detail
[1.105s] -- Up-to-date: /home/devpc/Desktop/microros_ws/install/micro_ros_msgs/include/micro_ros_msgs/msg/detail/graph__rosidl_typesupport_fastrtps_c.h
[1.106s] -- Up-to-date: /home/devpc/Desktop/microros_ws/install/micro_ros_msgs/include/micro_ros_msgs/msg/detail/entity__rosidl_typesupport_fastrtps_c.h
[1.108s] -- Up-to-date: /home/devpc/Desktop/microros_ws/install/micro_ros_msgs/include/micro_ros_msgs/msg/detail/node__rosidl_typesupport_fastrtps_c.h
[1.108s] -- Up-to-date: /home/devpc/Desktop/microros_ws/install/micro_ros_msgs/include/micro_ros_msgs/msg/rosidl_typesupport_fastrtps_c__visibility_control.h
[1.109s] -- Up-to-date: /home/devpc/Desktop/microros_ws/install/micro_ros_msgs/lib/libmicro_ros_msgs__rosidl_typesupport_fastrtps_c.so
[1.109s] -- Up-to-date: /home/devpc/Desktop/microros_ws/install/micro_ros_msgs/include/micro_ros_msgs
[1.109s] -- Up-to-date: /home/devpc/Desktop/microros_ws/install/micro_ros_msgs/include/micro_ros_msgs/msg
[1.109s] -- Up-to-date: /home/devpc/Desktop/microros_ws/install/micro_ros_msgs/include/micro_ros_msgs/msg/detail
[1.109s] -- Up-to-date: /home/devpc/Desktop/microros_ws/install/micro_ros_msgs/include/micro_ros_msgs/msg/detail/node__rosidl_typesupport_fastrtps_cpp.hpp
[1.109s] -- Up-to-date: /home/devpc/Desktop/microros_ws/install/micro_ros_msgs/include/micro_ros_msgs/msg/detail/entity__rosidl_typesupport_fastrtps_cpp.hpp
[1.109s] -- Up-to-date: /home/devpc/Desktop/microros_ws/install/micro_ros_msgs/include/micro_ros_msgs/msg/detail/graph__rosidl_typesupport_fastrtps_cpp.hpp
[1.110s] -- Up-to-date: /home/devpc/Desktop/microros_ws/install/micro_ros_msgs/include/micro_ros_msgs/msg/detail/dds_fastrtps
[1.110s] -- Up-to-date: /home/devpc/Desktop/microros_ws/install/micro_ros_msgs/include/micro_ros_msgs/msg/rosidl_typesupport_fastrtps_cpp__visibility_control.h
[1.110s] -- Up-to-date: /home/devpc/Desktop/microros_ws/install/micro_ros_msgs/lib/libmicro_ros_msgs__rosidl_typesupport_fastrtps_cpp.so
[1.110s] -- Up-to-date: /home/devpc/Desktop/microros_ws/install/micro_ros_msgs/include/micro_ros_msgs
[1.110s] -- Up-to-date: /home/devpc/Desktop/microros_ws/install/micro_ros_msgs/include/micro_ros_msgs/msg
[1.110s] -- Up-to-date: /home/devpc/Desktop/microros_ws/install/micro_ros_msgs/include/micro_ros_msgs/msg/detail
[1.111s] -- Up-to-date: /home/devpc/Desktop/microros_ws/install/micro_ros_msgs/include/micro_ros_msgs/msg/detail/node__type_support.c
[1.111s] -- Up-to-date: /home/devpc/Desktop/microros_ws/install/micro_ros_msgs/include/micro_ros_msgs/msg/detail/node__rosidl_typesupport_introspection_c.h
[1.111s] -- Up-to-date: /home/devpc/Desktop/microros_ws/install/micro_ros_msgs/include/micro_ros_msgs/msg/detail/graph__type_support.c
[1.111s] -- Up-to-date: /home/devpc/Desktop/microros_ws/install/micro_ros_msgs/include/micro_ros_msgs/msg/detail/entity__type_support.c
[1.112s] -- Up-to-date: /home/devpc/Desktop/microros_ws/install/micro_ros_msgs/include/micro_ros_msgs/msg/detail/graph__rosidl_typesupport_introspection_c.h
[1.112s] -- Up-to-date: /home/devpc/Desktop/microros_ws/install/micro_ros_msgs/include/micro_ros_msgs/msg/detail/entity__rosidl_typesupport_introspection_c.h
[1.124s] -- Up-to-date: /home/devpc/Desktop/microros_ws/install/micro_ros_msgs/include/micro_ros_msgs/msg/rosidl_typesupport_introspection_c__visibility_control.h
[1.124s] -- Up-to-date: /home/devpc/Desktop/microros_ws/install/micro_ros_msgs/lib/libmicro_ros_msgs__rosidl_typesupport_introspection_c.so
[1.125s] -- Up-to-date: /home/devpc/Desktop/microros_ws/install/micro_ros_msgs/lib/libmicro_ros_msgs__rosidl_typesupport_c.so
[1.125s] -- Up-to-date: /home/devpc/Desktop/microros_ws/install/micro_ros_msgs/include/micro_ros_msgs
[1.125s] -- Up-to-date: /home/devpc/Desktop/microros_ws/install/micro_ros_msgs/include/micro_ros_msgs/msg
[1.125s] -- Up-to-date: /home/devpc/Desktop/microros_ws/install/micro_ros_msgs/include/micro_ros_msgs/msg/entity.hpp
[1.125s] -- Up-to-date: /home/devpc/Desktop/microros_ws/install/micro_ros_msgs/include/micro_ros_msgs/msg/detail
[1.126s] -- Up-to-date: /home/devpc/Desktop/microros_ws/install/micro_ros_msgs/include/micro_ros_msgs/msg/detail/entity__builder.hpp
[1.126s] -- Up-to-date: /home/devpc/Desktop/microros_ws/install/micro_ros_msgs/include/micro_ros_msgs/msg/detail/graph__struct.hpp
[1.126s] -- Up-to-date: /home/devpc/Desktop/microros_ws/install/micro_ros_msgs/include/micro_ros_msgs/msg/detail/node__struct.hpp
[1.128s] -- Up-to-date: /home/devpc/Desktop/microros_ws/install/micro_ros_msgs/include/micro_ros_msgs/msg/detail/graph__builder.hpp
[1.128s] -- Up-to-date: /home/devpc/Desktop/microros_ws/install/micro_ros_msgs/include/micro_ros_msgs/msg/detail/node__traits.hpp
[1.128s] -- Up-to-date: /home/devpc/Desktop/microros_ws/install/micro_ros_msgs/include/micro_ros_msgs/msg/detail/node__builder.hpp
[1.129s] -- Up-to-date: /home/devpc/Desktop/microros_ws/install/micro_ros_msgs/include/micro_ros_msgs/msg/detail/entity__struct.hpp
[1.129s] -- Up-to-date: /home/devpc/Desktop/microros_ws/install/micro_ros_msgs/include/micro_ros_msgs/msg/detail/graph__traits.hpp
[1.130s] -- Up-to-date: /home/devpc/Desktop/microros_ws/install/micro_ros_msgs/include/micro_ros_msgs/msg/detail/entity__traits.hpp
[1.130s] -- Up-to-date: /home/devpc/Desktop/microros_ws/install/micro_ros_msgs/include/micro_ros_msgs/msg/node.hpp
[1.130s] -- Up-to-date: /home/devpc/Desktop/microros_ws/install/micro_ros_msgs/include/micro_ros_msgs/msg/graph.hpp
[1.131s] -- Up-to-date: /home/devpc/Desktop/microros_ws/install/micro_ros_msgs/include/micro_ros_msgs
[1.131s] -- Up-to-date: /home/devpc/Desktop/microros_ws/install/micro_ros_msgs/include/micro_ros_msgs/msg
[1.131s] -- Up-to-date: /home/devpc/Desktop/microros_ws/install/micro_ros_msgs/include/micro_ros_msgs/msg/detail
[1.131s] -- Up-to-date: /home/devpc/Desktop/microros_ws/install/micro_ros_msgs/include/micro_ros_msgs/msg/detail/node__rosidl_typesupport_microxrcedds_cpp.hpp
[1.131s] -- Up-to-date: /home/devpc/Desktop/microros_ws/install/micro_ros_msgs/include/micro_ros_msgs/msg/detail/entity__rosidl_typesupport_microxrcedds_cpp.hpp
[1.132s] -- Up-to-date: /home/devpc/Desktop/microros_ws/install/micro_ros_msgs/include/micro_ros_msgs/msg/detail/microxrcedds
[1.132s] -- Up-to-date: /home/devpc/Desktop/microros_ws/install/micro_ros_msgs/include/micro_ros_msgs/msg/detail/microxrcedds/graph__type_support_cpp.cpp
[1.132s] -- Up-to-date: /home/devpc/Desktop/microros_ws/install/micro_ros_msgs/include/micro_ros_msgs/msg/detail/microxrcedds/entity__type_support_cpp.cpp
[1.132s] -- Up-to-date: /home/devpc/Desktop/microros_ws/install/micro_ros_msgs/include/micro_ros_msgs/msg/detail/microxrcedds/node__type_support_cpp.cpp
[1.133s] -- Up-to-date: /home/devpc/Desktop/microros_ws/install/micro_ros_msgs/include/micro_ros_msgs/msg/detail/graph__rosidl_typesupport_microxrcedds_cpp.hpp
[1.134s] -- Up-to-date: /home/devpc/Desktop/microros_ws/install/micro_ros_msgs/include/micro_ros_msgs/msg/rosidl_typesupport_microxrcedds_cpp__visibility_control.h
[1.135s] -- Up-to-date: /home/devpc/Desktop/microros_ws/install/micro_ros_msgs/lib/libmicro_ros_msgs__rosidl_typesupport_microxrcedds_cpp.so
[1.137s] -- Up-to-date: /home/devpc/Desktop/microros_ws/install/micro_ros_msgs/include/micro_ros_msgs
[1.137s] -- Up-to-date: /home/devpc/Desktop/microros_ws/install/micro_ros_msgs/include/micro_ros_msgs/msg
[1.137s] -- Up-to-date: /home/devpc/Desktop/microros_ws/install/micro_ros_msgs/include/micro_ros_msgs/msg/detail
[1.138s] -- Up-to-date: /home/devpc/Desktop/microros_ws/install/micro_ros_msgs/include/micro_ros_msgs/msg/detail/entity__rosidl_typesupport_introspection_cpp.hpp
[1.138s] -- Up-to-date: /home/devpc/Desktop/microros_ws/install/micro_ros_msgs/include/micro_ros_msgs/msg/detail/graph__rosidl_typesupport_introspection_cpp.hpp
[1.138s] -- Up-to-date: /home/devpc/Desktop/microros_ws/install/micro_ros_msgs/include/micro_ros_msgs/msg/detail/graph__type_support.cpp
[1.138s] -- Up-to-date: /home/devpc/Desktop/microros_ws/install/micro_ros_msgs/include/micro_ros_msgs/msg/detail/node__rosidl_typesupport_introspection_cpp.hpp
[1.138s] -- Up-to-date: /home/devpc/Desktop/microros_ws/install/micro_ros_msgs/include/micro_ros_msgs/msg/detail/entity__type_support.cpp
[1.138s] -- Up-to-date: /home/devpc/Desktop/microros_ws/install/micro_ros_msgs/include/micro_ros_msgs/msg/detail/node__type_support.cpp
[1.138s] -- Up-to-date: /home/devpc/Desktop/microros_ws/install/micro_ros_msgs/lib/libmicro_ros_msgs__rosidl_typesupport_introspection_cpp.so
[1.138s] -- Up-to-date: /home/devpc/Desktop/microros_ws/install/micro_ros_msgs/lib/libmicro_ros_msgs__rosidl_typesupport_cpp.so
[1.139s] -- Up-to-date: /home/devpc/Desktop/microros_ws/install/micro_ros_msgs/share/micro_ros_msgs/environment/pythonpath.sh
[1.139s] -- Up-to-date: /home/devpc/Desktop/microros_ws/install/micro_ros_msgs/share/micro_ros_msgs/environment/pythonpath.dsv
[1.139s] -- Up-to-date: /home/devpc/Desktop/microros_ws/install/micro_ros_msgs/lib/python3.8/site-packages/micro_ros_msgs/__init__.py
[1.139s] -- Up-to-date: /home/devpc/Desktop/microros_ws/install/micro_ros_msgs/lib/python3.8/site-packages/micro_ros_msgs/msg
[1.140s] -- Up-to-date: /home/devpc/Desktop/microros_ws/install/micro_ros_msgs/lib/python3.8/site-packages/micro_ros_msgs/msg/__init__.py
[1.140s] -- Up-to-date: /home/devpc/Desktop/microros_ws/install/micro_ros_msgs/lib/python3.8/site-packages/micro_ros_msgs/msg/_entity.py
[1.140s] -- Up-to-date: /home/devpc/Desktop/microros_ws/install/micro_ros_msgs/lib/python3.8/site-packages/micro_ros_msgs/msg/_entity_s.c
[1.140s] -- Up-to-date: /home/devpc/Desktop/microros_ws/install/micro_ros_msgs/lib/python3.8/site-packages/micro_ros_msgs/msg/_node.py
[1.140s] -- Up-to-date: /home/devpc/Desktop/microros_ws/install/micro_ros_msgs/lib/python3.8/site-packages/micro_ros_msgs/msg/_graph.py
[1.140s] -- Up-to-date: /home/devpc/Desktop/microros_ws/install/micro_ros_msgs/lib/python3.8/site-packages/micro_ros_msgs/msg/_graph_s.c
[1.140s] -- Up-to-date: /home/devpc/Desktop/microros_ws/install/micro_ros_msgs/lib/python3.8/site-packages/micro_ros_msgs/msg/_node_s.c
[1.141s] -- Up-to-date: /home/devpc/Desktop/microros_ws/install/micro_ros_msgs/lib/python3.8/site-packages/micro_ros_msgs/micro_ros_msgs_s__rosidl_typesupport_microxrcedds_c.cpython-38-x86_64-linux-gnu.so
[1.141s] -- Up-to-date: /home/devpc/Desktop/microros_ws/install/micro_ros_msgs/lib/python3.8/site-packages/micro_ros_msgs/micro_ros_msgs_s__rosidl_typesupport_fastrtps_c.cpython-38-x86_64-linux-gnu.so
[1.141s] -- Up-to-date: /home/devpc/Desktop/microros_ws/install/micro_ros_msgs/lib/python3.8/site-packages/micro_ros_msgs/micro_ros_msgs_s__rosidl_typesupport_introspection_c.cpython-38-x86_64-linux-gnu.so
[1.141s] -- Up-to-date: /home/devpc/Desktop/microros_ws/install/micro_ros_msgs/lib/python3.8/site-packages/micro_ros_msgs/micro_ros_msgs_s__rosidl_typesupport_c.cpython-38-x86_64-linux-gnu.so
[1.141s] -- Up-to-date: /home/devpc/Desktop/microros_ws/install/micro_ros_msgs/lib/libmicro_ros_msgs__python.so
[1.141s] -- Up-to-date: /home/devpc/Desktop/microros_ws/install/micro_ros_msgs/share/micro_ros_msgs/msg/Graph.idl
[1.141s] -- Up-to-date: /home/devpc/Desktop/microros_ws/install/micro_ros_msgs/share/micro_ros_msgs/msg/Node.idl
[1.142s] -- Up-to-date: /home/devpc/Desktop/microros_ws/install/micro_ros_msgs/share/micro_ros_msgs/msg/Entity.idl
[1.142s] -- Up-to-date: /home/devpc/Desktop/microros_ws/install/micro_ros_msgs/share/micro_ros_msgs/msg/Graph.msg
[1.142s] -- Up-to-date: /home/devpc/Desktop/microros_ws/install/micro_ros_msgs/share/micro_ros_msgs/msg/Node.msg
[1.142s] -- Up-to-date: /home/devpc/Desktop/microros_ws/install/micro_ros_msgs/share/micro_ros_msgs/msg/Entity.msg
[1.142s] -- Up-to-date: /home/devpc/Desktop/microros_ws/install/micro_ros_msgs/share/ament_index/resource_index/package_run_dependencies/micro_ros_msgs
[1.142s] -- Up-to-date: /home/devpc/Desktop/microros_ws/install/micro_ros_msgs/share/ament_index/resource_index/parent_prefix_path/micro_ros_msgs
[1.142s] -- Up-to-date: /home/devpc/Desktop/microros_ws/install/micro_ros_msgs/share/micro_ros_msgs/environment/ament_prefix_path.sh
[1.143s] -- Up-to-date: /home/devpc/Desktop/microros_ws/install/micro_ros_msgs/share/micro_ros_msgs/environment/ament_prefix_path.dsv
[1.143s] -- Up-to-date: /home/devpc/Desktop/microros_ws/install/micro_ros_msgs/share/micro_ros_msgs/environment/path.sh
[1.143s] -- Up-to-date: /home/devpc/Desktop/microros_ws/install/micro_ros_msgs/share/micro_ros_msgs/environment/path.dsv
[1.143s] -- Up-to-date: /home/devpc/Desktop/microros_ws/install/micro_ros_msgs/share/micro_ros_msgs/local_setup.bash
[1.143s] -- Up-to-date: /home/devpc/Desktop/microros_ws/install/micro_ros_msgs/share/micro_ros_msgs/local_setup.sh
[1.143s] -- Up-to-date: /home/devpc/Desktop/microros_ws/install/micro_ros_msgs/share/micro_ros_msgs/local_setup.zsh
[1.143s] -- Up-to-date: /home/devpc/Desktop/microros_ws/install/micro_ros_msgs/share/micro_ros_msgs/local_setup.dsv
[1.143s] -- Installing: /home/devpc/Desktop/microros_ws/install/micro_ros_msgs/share/micro_ros_msgs/package.dsv
[1.144s] -- Up-to-date: /home/devpc/Desktop/microros_ws/install/micro_ros_msgs/share/ament_index/resource_index/packages/micro_ros_msgs
[1.144s] -- Up-to-date: /home/devpc/Desktop/microros_ws/install/micro_ros_msgs/share/micro_ros_msgs/cmake/micro_ros_msgs__rosidl_generator_cExport.cmake
[1.144s] -- Up-to-date: /home/devpc/Desktop/microros_ws/install/micro_ros_msgs/share/micro_ros_msgs/cmake/micro_ros_msgs__rosidl_generator_cExport-noconfig.cmake
[1.144s] -- Up-to-date: /home/devpc/Desktop/microros_ws/install/micro_ros_msgs/share/micro_ros_msgs/cmake/micro_ros_msgs__rosidl_typesupport_introspection_cExport.cmake
[1.144s] -- Up-to-date: /home/devpc/Desktop/microros_ws/install/micro_ros_msgs/share/micro_ros_msgs/cmake/micro_ros_msgs__rosidl_typesupport_introspection_cExport-noconfig.cmake
[1.144s] -- Up-to-date: /home/devpc/Desktop/microros_ws/install/micro_ros_msgs/share/micro_ros_msgs/cmake/micro_ros_msgs__rosidl_typesupport_cExport.cmake
[1.145s] -- Up-to-date: /home/devpc/Desktop/microros_ws/install/micro_ros_msgs/share/micro_ros_msgs/cmake/micro_ros_msgs__rosidl_typesupport_cExport-noconfig.cmake
[1.145s] -- Up-to-date: /home/devpc/Desktop/microros_ws/install/micro_ros_msgs/share/micro_ros_msgs/cmake/micro_ros_msgs__rosidl_generator_cppExport.cmake
[1.145s] -- Up-to-date: /home/devpc/Desktop/microros_ws/install/micro_ros_msgs/share/micro_ros_msgs/cmake/micro_ros_msgs__rosidl_typesupport_introspection_cppExport.cmake
[1.145s] -- Up-to-date: /home/devpc/Desktop/microros_ws/install/micro_ros_msgs/share/micro_ros_msgs/cmake/micro_ros_msgs__rosidl_typesupport_introspection_cppExport-noconfig.cmake
[1.145s] -- Up-to-date: /home/devpc/Desktop/microros_ws/install/micro_ros_msgs/share/micro_ros_msgs/cmake/micro_ros_msgs__rosidl_typesupport_cppExport.cmake
[1.145s] -- Up-to-date: /home/devpc/Desktop/microros_ws/install/micro_ros_msgs/share/micro_ros_msgs/cmake/micro_ros_msgs__rosidl_typesupport_cppExport-noconfig.cmake
[1.145s] -- Up-to-date: /home/devpc/Desktop/microros_ws/install/micro_ros_msgs/share/micro_ros_msgs/cmake/rosidl_cmake-extras.cmake
[1.146s] -- Up-to-date: /home/devpc/Desktop/microros_ws/install/micro_ros_msgs/share/micro_ros_msgs/cmake/ament_cmake_export_dependencies-extras.cmake
[1.146s] -- Up-to-date: /home/devpc/Desktop/microros_ws/install/micro_ros_msgs/share/micro_ros_msgs/cmake/ament_cmake_export_libraries-extras.cmake
[1.146s] -- Up-to-date: /home/devpc/Desktop/microros_ws/install/micro_ros_msgs/share/micro_ros_msgs/cmake/ament_cmake_export_targets-extras.cmake
[1.146s] -- Up-to-date: /home/devpc/Desktop/microros_ws/install/micro_ros_msgs/share/micro_ros_msgs/cmake/ament_cmake_export_include_directories-extras.cmake
[1.146s] -- Up-to-date: /home/devpc/Desktop/microros_ws/install/micro_ros_msgs/share/micro_ros_msgs/cmake/rosidl_cmake_export_typesupport_libraries-extras.cmake
[1.146s] -- Up-to-date: /home/devpc/Desktop/microros_ws/install/micro_ros_msgs/share/micro_ros_msgs/cmake/rosidl_cmake_export_typesupport_targets-extras.cmake
[1.146s] -- Up-to-date: /home/devpc/Desktop/microros_ws/install/micro_ros_msgs/share/micro_ros_msgs/cmake/micro_ros_msgsConfig.cmake
[1.147s] -- Up-to-date: /home/devpc/Desktop/microros_ws/install/micro_ros_msgs/share/micro_ros_msgs/cmake/micro_ros_msgsConfig-version.cmake
[1.147s] -- Up-to-date: /home/devpc/Desktop/microros_ws/install/micro_ros_msgs/share/micro_ros_msgs/package.xml
[1.165s] Invoked command in '/home/devpc/Desktop/microros_ws/build/micro_ros_msgs' returned '0': CMAKE_PREFIX_PATH=${CMAKE_PREFIX_PATH}:/home/devpc/Desktop/microros_ws/install/sensor_msgs_py:/home/devpc/Desktop/quad_ws/install/quad:/opt/ros/foxy /usr/bin/cmake --install /home/devpc/Desktop/microros_ws/build/micro_ros_msgs
