running egg_info
writing ../../build/quad/quad.egg-info/PKG-INFO
writing dependency_links to ../../build/quad/quad.egg-info/dependency_links.txt
writing entry points to ../../build/quad/quad.egg-info/entry_points.txt
writing requirements to ../../build/quad/quad.egg-info/requires.txt
writing top-level names to ../../build/quad/quad.egg-info/top_level.txt
reading manifest file '../../build/quad/quad.egg-info/SOURCES.txt'
writing manifest file '../../build/quad/quad.egg-info/SOURCES.txt'
running build
running build_py
running install
running install_lib
running install_data
creating /home/devpc/Desktop/quad_ws/install/quad/share/quad/stl
copying quad/stl/frontpart.stl -> /home/devpc/Desktop/quad_ws/install/quad/share/quad/stl
copying quad/stl/larm_cover.stl -> /home/devpc/Desktop/quad_ws/install/quad/share/quad/stl
copying quad/stl/backpart.stl -> /home/devpc/Desktop/quad_ws/install/quad/share/quad/stl
copying quad/stl/rfoot.stl -> /home/devpc/Desktop/quad_ws/install/quad/share/quad/stl
copying quad/stl/mainbody.dae -> /home/devpc/Desktop/quad_ws/install/quad/share/quad/stl
copying quad/stl/larm.stl -> /home/devpc/Desktop/quad_ws/install/quad/share/quad/stl
copying quad/stl/rarm_cover.stl -> /home/devpc/Desktop/quad_ws/install/quad/share/quad/stl
copying quad/stl/LICENSE.txt -> /home/devpc/Desktop/quad_ws/install/quad/share/quad/stl
copying quad/stl/lshoulder.stl -> /home/devpc/Desktop/quad_ws/install/quad/share/quad/stl
copying quad/stl/rear2.stl -> /home/devpc/Desktop/quad_ws/install/quad/share/quad/stl
copying quad/stl/rear.stl -> /home/devpc/Desktop/quad_ws/install/quad/share/quad/stl
copying quad/stl/lfoot.stl -> /home/devpc/Desktop/quad_ws/install/quad/share/quad/stl
copying quad/stl/rarm.stl -> /home/devpc/Desktop/quad_ws/install/quad/share/quad/stl
copying quad/stl/rplidar_main.stl -> /home/devpc/Desktop/quad_ws/install/quad/share/quad/stl
error: can't copy 'quad/stl/OpenQuadruped': doesn't exist or not a regular file
