[0.466s] Invoking command in '/home/devpc/Desktop/quad_ws/src/quad': PYTHONPATH=/home/devpc/Desktop/quad_ws/install/quad/lib/python3.8/site-packages:${PYTHONPATH} /usr/bin/python3 setup.py egg_info --egg-base ../../build/quad build --build-base /home/devpc/Desktop/quad_ws/build/quad/build install --prefix /home/devpc/Desktop/quad_ws/install/quad --record /home/devpc/Desktop/quad_ws/build/quad/install.log --single-version-externally-managed
[0.687s] running egg_info
[0.687s] writing ../../build/quad/quad.egg-info/PKG-INFO
[0.688s] writing dependency_links to ../../build/quad/quad.egg-info/dependency_links.txt
[0.688s] writing entry points to ../../build/quad/quad.egg-info/entry_points.txt
[0.688s] writing requirements to ../../build/quad/quad.egg-info/requires.txt
[0.688s] writing top-level names to ../../build/quad/quad.egg-info/top_level.txt
[0.730s] reading manifest file '../../build/quad/quad.egg-info/SOURCES.txt'
[0.731s] writing manifest file '../../build/quad/quad.egg-info/SOURCES.txt'
[0.731s] running build
[0.731s] running build_py
[0.731s] running install
[0.733s] running install_lib
[0.735s] running install_data
[0.735s] copying launch/motion_servos_calibration.launch.py -> /home/devpc/Desktop/quad_ws/install/quad/share/quad
[0.736s] running install_egg_info
[0.738s] removing '/home/devpc/Desktop/quad_ws/install/quad/lib/python3.8/site-packages/quad-0.0.1-py3.8.egg-info' (and everything under it)
[0.738s] Copying ../../build/quad/quad.egg-info to /home/devpc/Desktop/quad_ws/install/quad/lib/python3.8/site-packages/quad-0.0.1-py3.8.egg-info
[0.740s] running install_scripts
[0.762s] Installing motion_servos_calibration script to /home/devpc/Desktop/quad_ws/install/quad/lib/quad
[0.763s] Installing quad script to /home/devpc/Desktop/quad_ws/install/quad/lib/quad
[0.764s] writing list of installed files to '/home/devpc/Desktop/quad_ws/build/quad/install.log'
[0.809s] Invoked command in '/home/devpc/Desktop/quad_ws/src/quad' returned '0': PYTHONPATH=/home/devpc/Desktop/quad_ws/install/quad/lib/python3.8/site-packages:${PYTHONPATH} /usr/bin/python3 setup.py egg_info --egg-base ../../build/quad build --build-base /home/devpc/Desktop/quad_ws/build/quad/build install --prefix /home/devpc/Desktop/quad_ws/install/quad --record /home/devpc/Desktop/quad_ws/build/quad/install.log --single-version-externally-managed
