[0.073s] Invoking command in '/home/devpc/Desktop/microros_ws/build/unique_identifier_msgs': CMAKE_PREFIX_PATH=${CMAKE_PREFIX_PATH}:/home/devpc/Desktop/microros_ws/install/sensor_msgs_py:/home/devpc/Desktop/quad_ws/install/quad:/opt/ros/foxy /usr/bin/cmake --build /home/devpc/Desktop/microros_ws/build/unique_identifier_msgs -- -j8 -l8
[0.181s] [  2%] Built target unique_identifier_msgs__cpp
[0.193s] [ 10%] Built target unique_identifier_msgs__rosidl_generator_c
[0.255s] [ 17%] Built target unique_identifier_msgs__rosidl_typesupport_cpp
[0.311s] [ 25%] Built target unique_identifier_msgs__rosidl_typesupport_microxrcedds_cpp
[0.322s] [ 33%] Built target unique_identifier_msgs__rosidl_typesupport_fastrtps_cpp
[0.331s] [ 41%] Built target unique_identifier_msgs__rosidl_typesupport_introspection_cpp
[0.406s] [ 48%] Built target unique_identifier_msgs__rosidl_typesupport_introspection_c
[0.416s] [ 56%] Built target unique_identifier_msgs__rosidl_typesupport_c
[0.421s] [ 64%] Built target unique_identifier_msgs__rosidl_typesupport_microxrcedds_c
[0.423s] [ 71%] Built target unique_identifier_msgs__rosidl_typesupport_fastrtps_c
[0.474s] [ 71%] Built target unique_identifier_msgs
[0.514s] [ 74%] Built target unique_identifier_msgs__py
[0.558s] [ 79%] Built target unique_identifier_msgs__python
[0.663s] [ 84%] Built target unique_identifier_msgs__rosidl_typesupport_c__pyext
[0.675s] [ 89%] Built target unique_identifier_msgs__rosidl_typesupport_fastrtps_c__pyext
[0.684s] [ 94%] Built target unique_identifier_msgs__rosidl_typesupport_introspection_c__pyext
[0.685s] [100%] Built target unique_identifier_msgs__rosidl_typesupport_microxrcedds_c__pyext
[0.713s] Invoked command in '/home/devpc/Desktop/microros_ws/build/unique_identifier_msgs' returned '0': CMAKE_PREFIX_PATH=${CMAKE_PREFIX_PATH}:/home/devpc/Desktop/microros_ws/install/sensor_msgs_py:/home/devpc/Desktop/quad_ws/install/quad:/opt/ros/foxy /usr/bin/cmake --build /home/devpc/Desktop/microros_ws/build/unique_identifier_msgs -- -j8 -l8
[0.872s] Invoking command in '/home/devpc/Desktop/microros_ws/build/unique_identifier_msgs': CMAKE_PREFIX_PATH=${CMAKE_PREFIX_PATH}:/home/devpc/Desktop/microros_ws/install/sensor_msgs_py:/home/devpc/Desktop/quad_ws/install/quad:/opt/ros/foxy /usr/bin/cmake --install /home/devpc/Desktop/microros_ws/build/unique_identifier_msgs
[0.884s] -- Install configuration: ""
[0.885s] -- Up-to-date: /home/devpc/Desktop/microros_ws/install/unique_identifier_msgs/share/ament_index/resource_index/rosidl_interfaces/unique_identifier_msgs
[0.885s] -- Up-to-date: /home/devpc/Desktop/microros_ws/install/unique_identifier_msgs/include/unique_identifier_msgs
[0.885s] -- Up-to-date: /home/devpc/Desktop/microros_ws/install/unique_identifier_msgs/include/unique_identifier_msgs/msg
[0.885s] -- Up-to-date: /home/devpc/Desktop/microros_ws/install/unique_identifier_msgs/include/unique_identifier_msgs/msg/detail
[0.886s] -- Up-to-date: /home/devpc/Desktop/microros_ws/install/unique_identifier_msgs/include/unique_identifier_msgs/msg/detail/uuid__struct.h
[0.886s] -- Up-to-date: /home/devpc/Desktop/microros_ws/install/unique_identifier_msgs/include/unique_identifier_msgs/msg/detail/uuid__functions.h
[0.886s] -- Up-to-date: /home/devpc/Desktop/microros_ws/install/unique_identifier_msgs/include/unique_identifier_msgs/msg/detail/uuid__type_support.h
[0.886s] -- Up-to-date: /home/devpc/Desktop/microros_ws/install/unique_identifier_msgs/include/unique_identifier_msgs/msg/detail/uuid__functions.c
[0.886s] -- Up-to-date: /home/devpc/Desktop/microros_ws/install/unique_identifier_msgs/include/unique_identifier_msgs/msg/uuid.h
[0.886s] -- Up-to-date: /home/devpc/Desktop/microros_ws/install/unique_identifier_msgs/include/unique_identifier_msgs/msg/rosidl_generator_c__visibility_control.h
[0.886s] -- Up-to-date: /home/devpc/Desktop/microros_ws/install/unique_identifier_msgs/share/unique_identifier_msgs/environment/library_path.sh
[0.886s] -- Up-to-date: /home/devpc/Desktop/microros_ws/install/unique_identifier_msgs/share/unique_identifier_msgs/environment/library_path.dsv
[0.887s] -- Up-to-date: /home/devpc/Desktop/microros_ws/install/unique_identifier_msgs/lib/libunique_identifier_msgs__rosidl_generator_c.so
[0.887s] -- Up-to-date: /home/devpc/Desktop/microros_ws/install/unique_identifier_msgs/include/unique_identifier_msgs
[0.887s] -- Up-to-date: /home/devpc/Desktop/microros_ws/install/unique_identifier_msgs/include/unique_identifier_msgs/msg
[0.887s] -- Up-to-date: /home/devpc/Desktop/microros_ws/install/unique_identifier_msgs/include/unique_identifier_msgs/msg/detail
[0.887s] -- Up-to-date: /home/devpc/Desktop/microros_ws/install/unique_identifier_msgs/include/unique_identifier_msgs/msg/detail/uuid__rosidl_typesupport_microxrcedds_c.h
[0.888s] -- Up-to-date: /home/devpc/Desktop/microros_ws/install/unique_identifier_msgs/include/unique_identifier_msgs/msg/detail/microxrcedds
[0.888s] -- Up-to-date: /home/devpc/Desktop/microros_ws/install/unique_identifier_msgs/include/unique_identifier_msgs/msg/rosidl_typesupport_microxrcedds_c__visibility_control.h
[0.888s] -- Up-to-date: /home/devpc/Desktop/microros_ws/install/unique_identifier_msgs/lib/libunique_identifier_msgs__rosidl_typesupport_microxrcedds_c.so
[0.888s] -- Up-to-date: /home/devpc/Desktop/microros_ws/install/unique_identifier_msgs/include/unique_identifier_msgs
[0.888s] -- Up-to-date: /home/devpc/Desktop/microros_ws/install/unique_identifier_msgs/include/unique_identifier_msgs/msg
[0.888s] -- Up-to-date: /home/devpc/Desktop/microros_ws/install/unique_identifier_msgs/include/unique_identifier_msgs/msg/detail
[0.889s] -- Up-to-date: /home/devpc/Desktop/microros_ws/install/unique_identifier_msgs/include/unique_identifier_msgs/msg/detail/uuid__rosidl_typesupport_fastrtps_c.h
[0.889s] -- Up-to-date: /home/devpc/Desktop/microros_ws/install/unique_identifier_msgs/include/unique_identifier_msgs/msg/rosidl_typesupport_fastrtps_c__visibility_control.h
[0.889s] -- Up-to-date: /home/devpc/Desktop/microros_ws/install/unique_identifier_msgs/lib/libunique_identifier_msgs__rosidl_typesupport_fastrtps_c.so
[0.889s] -- Up-to-date: /home/devpc/Desktop/microros_ws/install/unique_identifier_msgs/include/unique_identifier_msgs
[0.890s] -- Up-to-date: /home/devpc/Desktop/microros_ws/install/unique_identifier_msgs/include/unique_identifier_msgs/msg
[0.890s] -- Up-to-date: /home/devpc/Desktop/microros_ws/install/unique_identifier_msgs/include/unique_identifier_msgs/msg/detail
[0.890s] -- Up-to-date: /home/devpc/Desktop/microros_ws/install/unique_identifier_msgs/include/unique_identifier_msgs/msg/detail/uuid__rosidl_typesupport_fastrtps_cpp.hpp
[0.890s] -- Up-to-date: /home/devpc/Desktop/microros_ws/install/unique_identifier_msgs/include/unique_identifier_msgs/msg/detail/dds_fastrtps
[0.891s] -- Up-to-date: /home/devpc/Desktop/microros_ws/install/unique_identifier_msgs/include/unique_identifier_msgs/msg/rosidl_typesupport_fastrtps_cpp__visibility_control.h
[0.891s] -- Up-to-date: /home/devpc/Desktop/microros_ws/install/unique_identifier_msgs/lib/libunique_identifier_msgs__rosidl_typesupport_fastrtps_cpp.so
[0.891s] -- Up-to-date: /home/devpc/Desktop/microros_ws/install/unique_identifier_msgs/include/unique_identifier_msgs
[0.891s] -- Up-to-date: /home/devpc/Desktop/microros_ws/install/unique_identifier_msgs/include/unique_identifier_msgs/msg
[0.891s] -- Up-to-date: /home/devpc/Desktop/microros_ws/install/unique_identifier_msgs/include/unique_identifier_msgs/msg/detail
[0.891s] -- Up-to-date: /home/devpc/Desktop/microros_ws/install/unique_identifier_msgs/include/unique_identifier_msgs/msg/detail/uuid__rosidl_typesupport_introspection_c.h
[0.892s] -- Up-to-date: /home/devpc/Desktop/microros_ws/install/unique_identifier_msgs/include/unique_identifier_msgs/msg/detail/uuid__type_support.c
[0.892s] -- Up-to-date: /home/devpc/Desktop/microros_ws/install/unique_identifier_msgs/include/unique_identifier_msgs/msg/rosidl_typesupport_introspection_c__visibility_control.h
[0.892s] -- Up-to-date: /home/devpc/Desktop/microros_ws/install/unique_identifier_msgs/lib/libunique_identifier_msgs__rosidl_typesupport_introspection_c.so
[0.892s] -- Up-to-date: /home/devpc/Desktop/microros_ws/install/unique_identifier_msgs/lib/libunique_identifier_msgs__rosidl_typesupport_c.so
[0.892s] -- Up-to-date: /home/devpc/Desktop/microros_ws/install/unique_identifier_msgs/include/unique_identifier_msgs
[0.892s] -- Up-to-date: /home/devpc/Desktop/microros_ws/install/unique_identifier_msgs/include/unique_identifier_msgs/msg
[0.892s] -- Up-to-date: /home/devpc/Desktop/microros_ws/install/unique_identifier_msgs/include/unique_identifier_msgs/msg/detail
[0.893s] -- Up-to-date: /home/devpc/Desktop/microros_ws/install/unique_identifier_msgs/include/unique_identifier_msgs/msg/detail/uuid__struct.hpp
[0.893s] -- Up-to-date: /home/devpc/Desktop/microros_ws/install/unique_identifier_msgs/include/unique_identifier_msgs/msg/detail/uuid__builder.hpp
[0.893s] -- Up-to-date: /home/devpc/Desktop/microros_ws/install/unique_identifier_msgs/include/unique_identifier_msgs/msg/detail/uuid__traits.hpp
[0.893s] -- Up-to-date: /home/devpc/Desktop/microros_ws/install/unique_identifier_msgs/include/unique_identifier_msgs/msg/uuid.hpp
[0.893s] -- Up-to-date: /home/devpc/Desktop/microros_ws/install/unique_identifier_msgs/include/unique_identifier_msgs
[0.893s] -- Up-to-date: /home/devpc/Desktop/microros_ws/install/unique_identifier_msgs/include/unique_identifier_msgs/msg
[0.893s] -- Up-to-date: /home/devpc/Desktop/microros_ws/install/unique_identifier_msgs/include/unique_identifier_msgs/msg/detail
[0.893s] -- Up-to-date: /home/devpc/Desktop/microros_ws/install/unique_identifier_msgs/include/unique_identifier_msgs/msg/detail/uuid__rosidl_typesupport_microxrcedds_cpp.hpp
[0.894s] -- Up-to-date: /home/devpc/Desktop/microros_ws/install/unique_identifier_msgs/include/unique_identifier_msgs/msg/detail/microxrcedds
[0.894s] -- Up-to-date: /home/devpc/Desktop/microros_ws/install/unique_identifier_msgs/include/unique_identifier_msgs/msg/detail/microxrcedds/uuid__type_support_cpp.cpp
[0.894s] -- Up-to-date: /home/devpc/Desktop/microros_ws/install/unique_identifier_msgs/include/unique_identifier_msgs/msg/rosidl_typesupport_microxrcedds_cpp__visibility_control.h
[0.895s] -- Up-to-date: /home/devpc/Desktop/microros_ws/install/unique_identifier_msgs/lib/libunique_identifier_msgs__rosidl_typesupport_microxrcedds_cpp.so
[0.896s] -- Up-to-date: /home/devpc/Desktop/microros_ws/install/unique_identifier_msgs/include/unique_identifier_msgs
[0.896s] -- Up-to-date: /home/devpc/Desktop/microros_ws/install/unique_identifier_msgs/include/unique_identifier_msgs/msg
[0.897s] -- Up-to-date: /home/devpc/Desktop/microros_ws/install/unique_identifier_msgs/include/unique_identifier_msgs/msg/detail
[0.897s] -- Up-to-date: /home/devpc/Desktop/microros_ws/install/unique_identifier_msgs/include/unique_identifier_msgs/msg/detail/uuid__rosidl_typesupport_introspection_cpp.hpp
[0.899s] -- Up-to-date: /home/devpc/Desktop/microros_ws/install/unique_identifier_msgs/include/unique_identifier_msgs/msg/detail/uuid__type_support.cpp
[0.900s] -- Up-to-date: /home/devpc/Desktop/microros_ws/install/unique_identifier_msgs/lib/libunique_identifier_msgs__rosidl_typesupport_introspection_cpp.so
[0.900s] -- Up-to-date: /home/devpc/Desktop/microros_ws/install/unique_identifier_msgs/lib/libunique_identifier_msgs__rosidl_typesupport_cpp.so
[0.900s] -- Up-to-date: /home/devpc/Desktop/microros_ws/install/unique_identifier_msgs/share/unique_identifier_msgs/environment/pythonpath.sh
[0.900s] -- Up-to-date: /home/devpc/Desktop/microros_ws/install/unique_identifier_msgs/share/unique_identifier_msgs/environment/pythonpath.dsv
[0.900s] -- Up-to-date: /home/devpc/Desktop/microros_ws/install/unique_identifier_msgs/lib/python3.8/site-packages/unique_identifier_msgs/__init__.py
[1.014s] -- Up-to-date: /home/devpc/Desktop/microros_ws/install/unique_identifier_msgs/lib/python3.8/site-packages/unique_identifier_msgs/msg
[1.016s] -- Up-to-date: /home/devpc/Desktop/microros_ws/install/unique_identifier_msgs/lib/python3.8/site-packages/unique_identifier_msgs/msg/_uuid.py
[1.017s] -- Up-to-date: /home/devpc/Desktop/microros_ws/install/unique_identifier_msgs/lib/python3.8/site-packages/unique_identifier_msgs/msg/__init__.py
[1.017s] -- Up-to-date: /home/devpc/Desktop/microros_ws/install/unique_identifier_msgs/lib/python3.8/site-packages/unique_identifier_msgs/msg/_uuid_s.c
[1.017s] -- Up-to-date: /home/devpc/Desktop/microros_ws/install/unique_identifier_msgs/lib/python3.8/site-packages/unique_identifier_msgs/unique_identifier_msgs_s__rosidl_typesupport_microxrcedds_c.cpython-38-x86_64-linux-gnu.so
[1.026s] -- Up-to-date: /home/devpc/Desktop/microros_ws/install/unique_identifier_msgs/lib/python3.8/site-packages/unique_identifier_msgs/unique_identifier_msgs_s__rosidl_typesupport_fastrtps_c.cpython-38-x86_64-linux-gnu.so
[1.026s] -- Up-to-date: /home/devpc/Desktop/microros_ws/install/unique_identifier_msgs/lib/python3.8/site-packages/unique_identifier_msgs/unique_identifier_msgs_s__rosidl_typesupport_introspection_c.cpython-38-x86_64-linux-gnu.so
[1.026s] -- Up-to-date: /home/devpc/Desktop/microros_ws/install/unique_identifier_msgs/lib/python3.8/site-packages/unique_identifier_msgs/unique_identifier_msgs_s__rosidl_typesupport_c.cpython-38-x86_64-linux-gnu.so
[1.036s] -- Up-to-date: /home/devpc/Desktop/microros_ws/install/unique_identifier_msgs/lib/libunique_identifier_msgs__python.so
[1.037s] -- Up-to-date: /home/devpc/Desktop/microros_ws/install/unique_identifier_msgs/share/unique_identifier_msgs/msg/UUID.idl
[1.037s] -- Up-to-date: /home/devpc/Desktop/microros_ws/install/unique_identifier_msgs/share/unique_identifier_msgs/msg/UUID.msg
[1.038s] -- Up-to-date: /home/devpc/Desktop/microros_ws/install/unique_identifier_msgs/share/ament_index/resource_index/package_run_dependencies/unique_identifier_msgs
[1.038s] -- Up-to-date: /home/devpc/Desktop/microros_ws/install/unique_identifier_msgs/share/ament_index/resource_index/parent_prefix_path/unique_identifier_msgs
[1.038s] -- Up-to-date: /home/devpc/Desktop/microros_ws/install/unique_identifier_msgs/share/unique_identifier_msgs/environment/ament_prefix_path.sh
[1.039s] -- Up-to-date: /home/devpc/Desktop/microros_ws/install/unique_identifier_msgs/share/unique_identifier_msgs/environment/ament_prefix_path.dsv
[1.040s] -- Up-to-date: /home/devpc/Desktop/microros_ws/install/unique_identifier_msgs/share/unique_identifier_msgs/environment/path.sh
[1.041s] -- Up-to-date: /home/devpc/Desktop/microros_ws/install/unique_identifier_msgs/share/unique_identifier_msgs/environment/path.dsv
[1.042s] -- Up-to-date: /home/devpc/Desktop/microros_ws/install/unique_identifier_msgs/share/unique_identifier_msgs/local_setup.bash
[1.061s] -- Up-to-date: /home/devpc/Desktop/microros_ws/install/unique_identifier_msgs/share/unique_identifier_msgs/local_setup.sh
[1.061s] -- Up-to-date: /home/devpc/Desktop/microros_ws/install/unique_identifier_msgs/share/unique_identifier_msgs/local_setup.zsh
[1.062s] -- Up-to-date: /home/devpc/Desktop/microros_ws/install/unique_identifier_msgs/share/unique_identifier_msgs/local_setup.dsv
[1.062s] -- Installing: /home/devpc/Desktop/microros_ws/install/unique_identifier_msgs/share/unique_identifier_msgs/package.dsv
[1.063s] -- Up-to-date: /home/devpc/Desktop/microros_ws/install/unique_identifier_msgs/share/ament_index/resource_index/packages/unique_identifier_msgs
[1.063s] -- Up-to-date: /home/devpc/Desktop/microros_ws/install/unique_identifier_msgs/share/unique_identifier_msgs/cmake/unique_identifier_msgs__rosidl_generator_cExport.cmake
[1.064s] -- Up-to-date: /home/devpc/Desktop/microros_ws/install/unique_identifier_msgs/share/unique_identifier_msgs/cmake/unique_identifier_msgs__rosidl_generator_cExport-noconfig.cmake
[1.064s] -- Up-to-date: /home/devpc/Desktop/microros_ws/install/unique_identifier_msgs/share/unique_identifier_msgs/cmake/unique_identifier_msgs__rosidl_typesupport_introspection_cExport.cmake
[1.065s] -- Up-to-date: /home/devpc/Desktop/microros_ws/install/unique_identifier_msgs/share/unique_identifier_msgs/cmake/unique_identifier_msgs__rosidl_typesupport_introspection_cExport-noconfig.cmake
[1.066s] -- Up-to-date: /home/devpc/Desktop/microros_ws/install/unique_identifier_msgs/share/unique_identifier_msgs/cmake/unique_identifier_msgs__rosidl_typesupport_cExport.cmake
[1.066s] -- Up-to-date: /home/devpc/Desktop/microros_ws/install/unique_identifier_msgs/share/unique_identifier_msgs/cmake/unique_identifier_msgs__rosidl_typesupport_cExport-noconfig.cmake
[1.066s] -- Up-to-date: /home/devpc/Desktop/microros_ws/install/unique_identifier_msgs/share/unique_identifier_msgs/cmake/unique_identifier_msgs__rosidl_generator_cppExport.cmake
[1.067s] -- Up-to-date: /home/devpc/Desktop/microros_ws/install/unique_identifier_msgs/share/unique_identifier_msgs/cmake/unique_identifier_msgs__rosidl_typesupport_introspection_cppExport.cmake
[1.068s] -- Up-to-date: /home/devpc/Desktop/microros_ws/install/unique_identifier_msgs/share/unique_identifier_msgs/cmake/unique_identifier_msgs__rosidl_typesupport_introspection_cppExport-noconfig.cmake
[1.068s] -- Up-to-date: /home/devpc/Desktop/microros_ws/install/unique_identifier_msgs/share/unique_identifier_msgs/cmake/unique_identifier_msgs__rosidl_typesupport_cppExport.cmake
[1.069s] -- Up-to-date: /home/devpc/Desktop/microros_ws/install/unique_identifier_msgs/share/unique_identifier_msgs/cmake/unique_identifier_msgs__rosidl_typesupport_cppExport-noconfig.cmake
[1.070s] -- Up-to-date: /home/devpc/Desktop/microros_ws/install/unique_identifier_msgs/share/unique_identifier_msgs/cmake/rosidl_cmake-extras.cmake
[1.071s] -- Up-to-date: /home/devpc/Desktop/microros_ws/install/unique_identifier_msgs/share/unique_identifier_msgs/cmake/ament_cmake_export_dependencies-extras.cmake
[1.071s] -- Up-to-date: /home/devpc/Desktop/microros_ws/install/unique_identifier_msgs/share/unique_identifier_msgs/cmake/ament_cmake_export_libraries-extras.cmake
[1.071s] -- Up-to-date: /home/devpc/Desktop/microros_ws/install/unique_identifier_msgs/share/unique_identifier_msgs/cmake/ament_cmake_export_targets-extras.cmake
[1.072s] -- Up-to-date: /home/devpc/Desktop/microros_ws/install/unique_identifier_msgs/share/unique_identifier_msgs/cmake/ament_cmake_export_include_directories-extras.cmake
[1.072s] -- Up-to-date: /home/devpc/Desktop/microros_ws/install/unique_identifier_msgs/share/unique_identifier_msgs/cmake/rosidl_cmake_export_typesupport_libraries-extras.cmake
[1.072s] -- Up-to-date: /home/devpc/Desktop/microros_ws/install/unique_identifier_msgs/share/unique_identifier_msgs/cmake/rosidl_cmake_export_typesupport_targets-extras.cmake
[1.073s] -- Up-to-date: /home/devpc/Desktop/microros_ws/install/unique_identifier_msgs/share/unique_identifier_msgs/cmake/unique_identifier_msgsConfig.cmake
[1.073s] -- Up-to-date: /home/devpc/Desktop/microros_ws/install/unique_identifier_msgs/share/unique_identifier_msgs/cmake/unique_identifier_msgsConfig-version.cmake
[1.073s] -- Up-to-date: /home/devpc/Desktop/microros_ws/install/unique_identifier_msgs/share/unique_identifier_msgs/package.xml
[1.074s] -- Up-to-date: /home/devpc/Desktop/microros_ws/install/unique_identifier_msgs/share/unique_identifier_msgs/mapping_rules.yaml
[1.074s] Invoked command in '/home/devpc/Desktop/microros_ws/build/unique_identifier_msgs' returned '0': CMAKE_PREFIX_PATH=${CMAKE_PREFIX_PATH}:/home/devpc/Desktop/microros_ws/install/sensor_msgs_py:/home/devpc/Desktop/quad_ws/install/quad:/opt/ros/foxy /usr/bin/cmake --install /home/devpc/Desktop/microros_ws/build/unique_identifier_msgs
