[0.282s] Invoking command in '/home/devpc/Desktop/quad_ws/src/joystick_ros2': PYTHONPATH=/home/devpc/Desktop/quad_ws/install/joystick_ros2/lib/python3.8/site-packages:${PYTHONPATH} /usr/bin/python3 setup.py egg_info --egg-base ../../build/joystick_ros2 build --build-base /home/devpc/Desktop/quad_ws/build/joystick_ros2/build install --prefix /home/devpc/Desktop/quad_ws/install/joystick_ros2 --record /home/devpc/Desktop/quad_ws/build/joystick_ros2/install.log --single-version-externally-managed
[0.496s] running egg_info
[0.497s] writing ../../build/joystick_ros2/joystick_ros2.egg-info/PKG-INFO
[0.497s] writing dependency_links to ../../build/joystick_ros2/joystick_ros2.egg-info/dependency_links.txt
[0.497s] writing entry points to ../../build/joystick_ros2/joystick_ros2.egg-info/entry_points.txt
[0.497s] writing requirements to ../../build/joystick_ros2/joystick_ros2.egg-info/requires.txt
[0.497s] writing top-level names to ../../build/joystick_ros2/joystick_ros2.egg-info/top_level.txt
[0.532s] reading manifest file '../../build/joystick_ros2/joystick_ros2.egg-info/SOURCES.txt'
[0.533s] writing manifest file '../../build/joystick_ros2/joystick_ros2.egg-info/SOURCES.txt'
[0.533s] running build
[0.533s] running build_py
[0.533s] copying joystick_ros2.py -> /home/devpc/Desktop/quad_ws/build/joystick_ros2/build/lib
[0.534s] running install
[0.534s] running install_lib
[0.535s] copying /home/devpc/Desktop/quad_ws/build/joystick_ros2/build/lib/joystick_ros2.py -> /home/devpc/Desktop/quad_ws/install/joystick_ros2/lib/python3.8/site-packages
[0.535s] byte-compiling /home/devpc/Desktop/quad_ws/install/joystick_ros2/lib/python3.8/site-packages/joystick_ros2.py to joystick_ros2.cpython-38.pyc
[0.537s] running install_data
[0.538s] running install_egg_info
[0.539s] removing '/home/devpc/Desktop/quad_ws/install/joystick_ros2/lib/python3.8/site-packages/joystick_ros2-0.0.1-py3.8.egg-info' (and everything under it)
[0.539s] Copying ../../build/joystick_ros2/joystick_ros2.egg-info to /home/devpc/Desktop/quad_ws/install/joystick_ros2/lib/python3.8/site-packages/joystick_ros2-0.0.1-py3.8.egg-info
[0.540s] running install_scripts
[0.555s] Installing joystick_ros2 script to /home/devpc/Desktop/quad_ws/install/joystick_ros2/lib/joystick_ros2
[0.555s] writing list of installed files to '/home/devpc/Desktop/quad_ws/build/joystick_ros2/install.log'
[0.573s] Invoked command in '/home/devpc/Desktop/quad_ws/src/joystick_ros2' returned '0': PYTHONPATH=/home/devpc/Desktop/quad_ws/install/joystick_ros2/lib/python3.8/site-packages:${PYTHONPATH} /usr/bin/python3 setup.py egg_info --egg-base ../../build/joystick_ros2 build --build-base /home/devpc/Desktop/quad_ws/build/joystick_ros2/build install --prefix /home/devpc/Desktop/quad_ws/install/joystick_ros2 --record /home/devpc/Desktop/quad_ws/build/joystick_ros2/install.log --single-version-externally-managed
