/home/devpc/Desktop/quad_ws/src/install/quad/lib/python3.8/site-packages/quad/__init__.py
/home/devpc/Desktop/quad_ws/src/install/quad/lib/python3.8/site-packages/quad/motion_servos_calibration.py
/home/devpc/Desktop/quad_ws/src/install/quad/lib/python3.8/site-packages/quad/quad.py
/home/devpc/Desktop/quad_ws/src/install/quad/lib/python3.8/site-packages/quad/__pycache__/__init__.cpython-38.pyc
/home/devpc/Desktop/quad_ws/src/install/quad/lib/python3.8/site-packages/quad/__pycache__/motion_servos_calibration.cpython-38.pyc
/home/devpc/Desktop/quad_ws/src/install/quad/lib/python3.8/site-packages/quad/__pycache__/quad.cpython-38.pyc
/home/devpc/Desktop/quad_ws/src/install/quad/share/ament_index/resource_index/packages/quad
/home/devpc/Desktop/quad_ws/src/install/quad/share/quad/package.xml
/home/devpc/Desktop/quad_ws/src/install/quad/share/quad/quad.launch.py
/home/devpc/Desktop/quad_ws/src/install/quad/share/quad/motion_servos_calibration.launch.py
/home/devpc/Desktop/quad_ws/src/install/quad/share/quad/config/quad_params.yaml
/home/devpc/Desktop/quad_ws/src/install/quad/lib/python3.8/site-packages/quad-0.0.1-py3.8.egg-info/entry_points.txt
/home/devpc/Desktop/quad_ws/src/install/quad/lib/python3.8/site-packages/quad-0.0.1-py3.8.egg-info/requires.txt
/home/devpc/Desktop/quad_ws/src/install/quad/lib/python3.8/site-packages/quad-0.0.1-py3.8.egg-info/SOURCES.txt
/home/devpc/Desktop/quad_ws/src/install/quad/lib/python3.8/site-packages/quad-0.0.1-py3.8.egg-info/dependency_links.txt
/home/devpc/Desktop/quad_ws/src/install/quad/lib/python3.8/site-packages/quad-0.0.1-py3.8.egg-info/zip-safe
/home/devpc/Desktop/quad_ws/src/install/quad/lib/python3.8/site-packages/quad-0.0.1-py3.8.egg-info/PKG-INFO
/home/devpc/Desktop/quad_ws/src/install/quad/lib/python3.8/site-packages/quad-0.0.1-py3.8.egg-info/top_level.txt
/home/devpc/Desktop/quad_ws/src/install/quad/lib/quad/motion_servos_calibration
/home/devpc/Desktop/quad_ws/src/install/quad/lib/quad/quad
