-- The C compiler identification is GNU 9.3.0
-- The CXX compiler identification is GNU 9.3.0
-- Check for working C compiler: /usr/bin/cc
-- Check for working C compiler: /usr/bin/cc -- works
-- Detecting C compiler ABI info
-- Detecting C compiler ABI info - done
-- Detecting C compile features
-- Detecting C compile features - done
-- Check for working CXX compiler: /usr/bin/c++
-- Check for working CXX compiler: /usr/bin/c++ -- works
-- Detecting CXX compiler ABI info
-- Detecting CXX compiler ABI info - done
-- Detecting CXX compile features
-- Detecting CXX compile features - done
-- Found ament_cmake: 0.9.8 (/opt/ros/foxy/share/ament_cmake/cmake)
-- Found PythonInterp: /usr/bin/python3 (found suitable version "3.8.10", minimum required is "3") 
-- Using PYTHON_EXECUTABLE: /usr/bin/python3
-- Configuring done
-- Generating done
-- Build files have been written to: /home/devpc/Desktop/microros_ws/build/micro_ros_demos_rclcpp
[35m[1mScanning dependencies of target complex_msg_publisher[0m
[  1%] [34m[1mCreating directories for 'complex_msg_publisher'[0m
[  3%] [34m[1mNo download step for 'complex_msg_publisher'[0m
[  5%] [34m[1mNo patch step for 'complex_msg_publisher'[0m
[  7%] [34m[1mNo update step for 'complex_msg_publisher'[0m
[  8%] [34m[1mPerforming configure step for 'complex_msg_publisher'[0m
loading initial cache file /home/devpc/Desktop/microros_ws/build/micro_ros_demos_rclcpp/complex_msg_publisher/tmp/complex_msg_publisher-cache-.cmake
-- The CXX compiler identification is GNU 9.3.0
-- Check for working CXX compiler: /usr/bin/c++
-- Check for working CXX compiler: /usr/bin/c++ -- works
-- Detecting CXX compiler ABI info
-- Detecting CXX compiler ABI info - done
-- Detecting CXX compile features
-- Detecting CXX compile features - done
-- Found ament_cmake: 0.9.8 (/opt/ros/foxy/share/ament_cmake/cmake)
-- Found PythonInterp: /usr/bin/python3 (found suitable version "3.8.10", minimum required is "3") 
-- Using PYTHON_EXECUTABLE: /usr/bin/python3
-- Using all available rosidl_typesupport_c: rosidl_typesupport_microxrcedds_c;rosidl_typesupport_fastrtps_c;rosidl_typesupport_introspection_c
-- Found rosidl_adapter: 1.2.1 (/opt/ros/foxy/share/rosidl_adapter/cmake)
-- Found OpenSSL: /usr/lib/x86_64-linux-gnu/libcrypto.so (found version "1.1.1f")  
-- Found FastRTPS: /opt/ros/foxy/include  
-- Using all available rosidl_typesupport_cpp: rosidl_typesupport_microxrcedds_cpp;rosidl_typesupport_fastrtps_cpp;rosidl_typesupport_introspection_cpp
-- Found rmw_implementation_cmake: 1.0.3 (/opt/ros/foxy/share/rmw_implementation_cmake/cmake)
-- Using RMW implementation 'rmw_fastrtps_cpp' as default
-- Looking for C++ include pthread.h
-- Looking for C++ include pthread.h - found
-- Performing Test CMAKE_HAVE_LIBC_PTHREAD
-- Performing Test CMAKE_HAVE_LIBC_PTHREAD - Failed
-- Looking for pthread_create in pthreads
-- Looking for pthread_create in pthreads - not found
-- Looking for pthread_create in pthread
-- Looking for pthread_create in pthread - found
-- Found Threads: TRUE  
-- Found complex_msgs: 1.0.0 (/home/devpc/Desktop/microros_ws/install/complex_msgs/share/complex_msgs/cmake)
-- Configuring done
-- Generating done
-- Build files have been written to: /home/devpc/Desktop/microros_ws/build/micro_ros_demos_rclcpp/complex_msg_publisher/src/complex_msg_publisher-build
[ 10%] [34m[1mPerforming build step for 'complex_msg_publisher'[0m
[35m[1mScanning dependencies of target complex_msg_publisher[0m
[ 50%] [32mBuilding CXX object CMakeFiles/complex_msg_publisher.dir/main.cpp.o[0m
/home/devpc/Desktop/microros_ws/src/uros/micro-ROS-demos/rclcpp/complex_msg_publisher/main.cpp:15:1: warning: #includes are not sorted properly [llvm-include-order]
#include <rclcpp/rclcpp.hpp>
^        ~~~~~~~~~~~~~~~~~~~
         <complex_msgs/msg/nested_msg_test.hpp>
/home/devpc/Desktop/microros_ws/src/uros/micro-ROS-demos/rclcpp/complex_msg_publisher/main.cpp:18:1: warning: #includes are not sorted properly [llvm-include-order]
#include <memory>
^        ~~~~~~~~
         <chrono>
/home/devpc/Desktop/microros_ws/src/uros/micro-ROS-demos/rclcpp/complex_msg_publisher/main.cpp:27:3: warning: calling a function that uses a default argument is disallowed [fuchsia-default-arguments-calls]
  complex_msg_publisher_cpp_node()
  ^
/home/devpc/Desktop/microros_ws/install/complex_msgs/include/complex_msgs/msg/detail/nested_msg_test__struct.hpp:39:27: note: default parameter was declared here
  explicit NestedMsgTest_(rosidl_runtime_cpp::MessageInitialization _init = rosidl_runtime_cpp::MessageInitialization::ALL)
                          ^
/home/devpc/Desktop/microros_ws/src/uros/micro-ROS-demos/rclcpp/complex_msg_publisher/main.cpp:28:5: warning: calling a function that uses a default argument is disallowed [fuchsia-default-arguments-calls]
  : Node("complex_msg_publisher_cpp")
    ^
/opt/ros/foxy/include/rclcpp/node.hpp:88:5: note: default parameter was declared here
    const NodeOptions & options = NodeOptions());
    ^
/home/devpc/Desktop/microros_ws/src/uros/micro-ROS-demos/rclcpp/complex_msg_publisher/main.cpp:28:10: warning: calling a function that uses a default argument is disallowed [fuchsia-default-arguments-calls]
  : Node("complex_msg_publisher_cpp")
         ^
/usr/lib/gcc/x86_64-linux-gnu/9/../../../../include/c++/9/bits/basic_string.h:525:39: note: default parameter was declared here
      basic_string(const _CharT* __s, const _Alloc& __a = _Alloc())
                                      ^
/home/devpc/Desktop/microros_ws/src/uros/micro-ROS-demos/rclcpp/complex_msg_publisher/main.cpp:30:18: warning: calling a function that uses a default argument is disallowed [fuchsia-default-arguments-calls]
    publisher_ = this->create_publisher<complex_msgs::msg::NestedMsgTest>(
                 ^
/opt/ros/foxy/include/rclcpp/node_impl.hpp:74:3: note: default parameter was declared here
  const PublisherOptionsWithAllocator<AllocatorT> & options)
  ^
/home/devpc/Desktop/microros_ws/src/uros/micro-ROS-demos/rclcpp/complex_msg_publisher/main.cpp:31:7: warning: calling a function that uses a default argument is disallowed [fuchsia-default-arguments-calls]
      "complex_msgs_msg_NestedMsgTest", rclcpp::SystemDefaultsQoS());
      ^
/usr/lib/gcc/x86_64-linux-gnu/9/../../../../include/c++/9/bits/basic_string.h:525:39: note: default parameter was declared here
      basic_string(const _CharT* __s, const _Alloc& __a = _Alloc())
                                      ^
/home/devpc/Desktop/microros_ws/src/uros/micro-ROS-demos/rclcpp/complex_msg_publisher/main.cpp:31:41: warning: calling a function that uses a default argument is disallowed [fuchsia-default-arguments-calls]
      "complex_msgs_msg_NestedMsgTest", rclcpp::SystemDefaultsQoS());
                                        ^
/opt/ros/foxy/include/rclcpp/qos.hpp:270:5: note: default parameter was declared here
    const QoSInitialization & qos_initialization = (
    ^
/home/devpc/Desktop/microros_ws/src/uros/micro-ROS-demos/rclcpp/complex_msg_publisher/main.cpp:32:14: warning: calling a function that uses a default argument is disallowed [fuchsia-default-arguments-calls]
    timer_ = this->create_wall_timer(
             ^
/opt/ros/foxy/include/rclcpp/node_impl.hpp:112:3: note: default parameter was declared here
  rclcpp::CallbackGroup::SharedPtr group)
  ^
/home/devpc/Desktop/microros_ws/src/uros/micro-ROS-demos/rclcpp/complex_msg_publisher/main.cpp:33:14: warning: prefer a lambda to std::bind [modernize-avoid-bind]
      500ms, std::bind(&complex_msg_publisher_cpp_node::timer_callback, this));
             ^~~~~~~~~~~~~~~~~~~~~~~~~~~~~~~~~~~~~~~~~~~~~~~~~~~~~~~~~~~~~~~~
             [this] { timer_callback(); }
/home/devpc/Desktop/microros_ws/src/uros/micro-ROS-demos/rclcpp/complex_msg_publisher/main.cpp:39:35: warning: use of a signed integer operand with a binary bitwise operator [hicpp-signed-bitwise]
    msg.data1 = static_cast<bool>(num & 0x01);
                                  ^
/home/devpc/Desktop/microros_ws/src/uros/micro-ROS-demos/rclcpp/complex_msg_publisher/main.cpp:61:47: warning: implicit conversion bool -> 'int' [readability-implicit-bool-conversion]
    std::cout << "\tBool: " << std::to_string(msg.data1) << std::endl;
                                              ^
                                              static_cast<int>( )
/home/devpc/Desktop/microros_ws/src/uros/micro-ROS-demos/rclcpp/complex_msg_publisher/main.cpp:89:5: warning: use a trailing return type for this function [modernize-use-trailing-return-type]
int main(int argc, char * argv[])
~~~ ^
auto                              -> int
/home/devpc/Desktop/microros_ws/src/uros/micro-ROS-demos/rclcpp/complex_msg_publisher/main.cpp:91:3: warning: calling a function that uses a default argument is disallowed [fuchsia-default-arguments-calls]
  rclcpp::init(argc, argv);
  ^
/opt/ros/foxy/include/rclcpp/utilities.hpp:56:43: note: default parameter was declared here
init(int argc, char const * const argv[], const InitOptions & init_options = InitOptions());
                                          ^
/home/devpc/Desktop/microros_ws/src/uros/micro-ROS-demos/rclcpp/complex_msg_publisher/main.cpp:93:3: warning: calling a function that uses a default argument is disallowed [fuchsia-default-arguments-calls]
  rclcpp::shutdown();
  ^
/opt/ros/foxy/include/rclcpp/utilities.hpp:178:3: note: default parameter was declared here
  rclcpp::Context::SharedPtr context = nullptr,
  ^
/opt/ros/foxy/include/rclcpp/experimental/intra_process_manager.hpp:400:53: warning: Moved-from object 'message' is moved [clang-analyzer-cplusplus.Move]
        subscription->provide_intra_process_message(std::move(message));
                                                    ^
/home/devpc/Desktop/microros_ws/src/uros/micro-ROS-demos/rclcpp/complex_msg_publisher/main.cpp:58:5: note: Calling 'Publisher::publish'
    publisher_->publish(msg);
    ^
/opt/ros/foxy/include/rclcpp/publisher.hpp:212:9: note: Assuming field 'intra_process_is_enabled_' is true
    if (!intra_process_is_enabled_) {
        ^
/opt/ros/foxy/include/rclcpp/publisher.hpp:212:5: note: Taking false branch
    if (!intra_process_is_enabled_) {
    ^
/opt/ros/foxy/include/rclcpp/publisher.hpp:222:5: note: Calling 'Publisher::publish'
    this->publish(std::move(unique_msg));
    ^
/opt/ros/foxy/include/rclcpp/publisher.hpp:187:10: note: Field 'intra_process_is_enabled_' is true
    if (!intra_process_is_enabled_) {
         ^
/opt/ros/foxy/include/rclcpp/publisher.hpp:187:5: note: Taking false branch
    if (!intra_process_is_enabled_) {
    ^
/opt/ros/foxy/include/rclcpp/publisher.hpp:198:7: note: Assuming the condition is false
      get_subscription_count() > get_intra_process_subscription_count();
      ^
/opt/ros/foxy/include/rclcpp/publisher.hpp:200:9: note: 'inter_process_publish_needed' is false
    if (inter_process_publish_needed) {
        ^
/opt/ros/foxy/include/rclcpp/publisher.hpp:200:5: note: Taking false branch
    if (inter_process_publish_needed) {
    ^
/opt/ros/foxy/include/rclcpp/publisher.hpp:204:7: note: Calling 'Publisher::do_intra_process_publish'
      this->do_intra_process_publish(std::move(msg));
      ^
/opt/ros/foxy/include/rclcpp/publisher.hpp:336:5: note: Taking false branch
    if (!ipm) {
    ^
/opt/ros/foxy/include/rclcpp/publisher.hpp:340:5: note: Taking false branch
    if (!msg) {
    ^
/opt/ros/foxy/include/rclcpp/publisher.hpp:344:5: note: Calling 'IntraProcessManager::do_intra_process_publish'
    ipm->template do_intra_process_publish<MessageT, AllocatorT>(
    ^
/opt/ros/foxy/include/rclcpp/experimental/intra_process_manager.hpp:192:5: note: Taking false branch
    if (publisher_it == pub_to_subs_.end()) {
    ^
/opt/ros/foxy/include/rclcpp/experimental/intra_process_manager.hpp:201:9: note: Assuming the condition is false
    if (sub_ids.take_ownership_subscriptions.empty()) {
        ^
/opt/ros/foxy/include/rclcpp/experimental/intra_process_manager.hpp:201:5: note: Taking false branch
    if (sub_ids.take_ownership_subscriptions.empty()) {
    ^
/opt/ros/foxy/include/rclcpp/experimental/intra_process_manager.hpp:404:27: warning: Method called on moved-from object 'message' [clang-analyzer-cplusplus.Move]
        Deleter deleter = message.get_deleter();
                          ^
/home/devpc/Desktop/microros_ws/src/uros/micro-ROS-demos/rclcpp/complex_msg_publisher/main.cpp:58:5: note: Calling 'Publisher::publish'
    publisher_->publish(msg);
    ^
/opt/ros/foxy/include/rclcpp/publisher.hpp:212:9: note: Assuming field 'intra_process_is_enabled_' is true
    if (!intra_process_is_enabled_) {
        ^
/opt/ros/foxy/include/rclcpp/publisher.hpp:212:5: note: Taking false branch
    if (!intra_process_is_enabled_) {
    ^
/opt/ros/foxy/include/rclcpp/publisher.hpp:222:5: note: Calling 'Publisher::publish'
    this->publish(std::move(unique_msg));
    ^
/opt/ros/foxy/include/rclcpp/publisher.hpp:187:10: note: Field 'intra_process_is_enabled_' is true
    if (!intra_process_is_enabled_) {
         ^
/opt/ros/foxy/include/rclcpp/publisher.hpp:187:5: note: Taking false branch
    if (!intra_process_is_enabled_) {
    ^
/opt/ros/foxy/include/rclcpp/publisher.hpp:198:7: note: Assuming the condition is false
      get_subscription_count() > get_intra_process_subscription_count();
      ^
/opt/ros/foxy/include/rclcpp/publisher.hpp:200:9: note: 'inter_process_publish_needed' is false
    if (inter_process_publish_needed) {
        ^
/opt/ros/foxy/include/rclcpp/publisher.hpp:200:5: note: Taking false branch
    if (inter_process_publish_needed) {
    ^
/opt/ros/foxy/include/rclcpp/publisher.hpp:204:7: note: Calling 'Publisher::do_intra_process_publish'
      this->do_intra_process_publish(std::move(msg));
      ^
/opt/ros/foxy/include/rclcpp/publisher.hpp:336:5: note: Taking false branch
    if (!ipm) {
    ^
/opt/ros/foxy/include/rclcpp/publisher.hpp:340:5: note: Taking false branch
    if (!msg) {
    ^
/opt/ros/foxy/include/rclcpp/publisher.hpp:344:5: note: Calling 'IntraProcessManager::do_intra_process_publish'
    ipm->template do_intra_process_publish<MessageT, AllocatorT>(
    ^
/opt/ros/foxy/include/rclcpp/experimental/intra_process_manager.hpp:192:5: note: Taking false branch
    if (publisher_it == pub_to_subs_.end()) {
    ^
/opt/ros/foxy/include/rclcpp/experimental/intra_process_manager.hpp:201:9: note: Assuming the condition is false
    if (sub_ids.take_ownership_subscriptions.empty()) {
        ^
/opt/ros/foxy/include/rclcpp/experimental/intra_process_manager.hpp:201:5: note: Taking false branch
    if (sub_ids.take_ownership_subscriptions.empty()) {
    ^
[100%] [32m[1mLinking CXX executable complex_msg_publisher[0m
[100%] Built target complex_msg_publisher
[ 12%] [34m[1mPerforming install step for 'complex_msg_publisher'[0m
[100%] Built target complex_msg_publisher
[36mInstall the project...[0m
-- Install configuration: ""
-- Installing: /home/devpc/Desktop/microros_ws/build/micro_ros_demos_rclcpp/temp_install/complex_msg_publisher/complex_msg_publisher
-- Set runtime path of "/home/devpc/Desktop/microros_ws/build/micro_ros_demos_rclcpp/temp_install/complex_msg_publisher/complex_msg_publisher" to ""
[ 14%] [34m[1mCompleted 'complex_msg_publisher'[0m
[ 14%] Built target complex_msg_publisher
[35m[1mScanning dependencies of target string_publisher[0m
[ 16%] [34m[1mCreating directories for 'string_publisher'[0m
[ 17%] [34m[1mNo download step for 'string_publisher'[0m
[ 19%] [34m[1mNo patch step for 'string_publisher'[0m
[ 21%] [34m[1mNo update step for 'string_publisher'[0m
[ 23%] [34m[1mPerforming configure step for 'string_publisher'[0m
loading initial cache file /home/devpc/Desktop/microros_ws/build/micro_ros_demos_rclcpp/string_publisher/tmp/string_publisher-cache-.cmake
-- The CXX compiler identification is GNU 9.3.0
-- Check for working CXX compiler: /usr/bin/c++
-- Check for working CXX compiler: /usr/bin/c++ -- works
-- Detecting CXX compiler ABI info
-- Detecting CXX compiler ABI info - done
-- Detecting CXX compile features
-- Detecting CXX compile features - done
-- Found ament_cmake: 0.9.8 (/opt/ros/foxy/share/ament_cmake/cmake)
-- Found PythonInterp: /usr/bin/python3 (found suitable version "3.8.10", minimum required is "3") 
-- Using PYTHON_EXECUTABLE: /usr/bin/python3
-- Using all available rosidl_typesupport_c: rosidl_typesupport_microxrcedds_c;rosidl_typesupport_fastrtps_c;rosidl_typesupport_introspection_c
-- Found rosidl_adapter: 1.2.1 (/opt/ros/foxy/share/rosidl_adapter/cmake)
-- Found OpenSSL: /usr/lib/x86_64-linux-gnu/libcrypto.so (found version "1.1.1f")  
-- Found FastRTPS: /opt/ros/foxy/include  
-- Using all available rosidl_typesupport_cpp: rosidl_typesupport_microxrcedds_cpp;rosidl_typesupport_fastrtps_cpp;rosidl_typesupport_introspection_cpp
-- Found rmw_implementation_cmake: 1.0.3 (/opt/ros/foxy/share/rmw_implementation_cmake/cmake)
-- Using RMW implementation 'rmw_fastrtps_cpp' as default
-- Looking for C++ include pthread.h
-- Looking for C++ include pthread.h - found
-- Performing Test CMAKE_HAVE_LIBC_PTHREAD
-- Performing Test CMAKE_HAVE_LIBC_PTHREAD - Failed
-- Looking for pthread_create in pthreads
-- Looking for pthread_create in pthreads - not found
-- Looking for pthread_create in pthread
-- Looking for pthread_create in pthread - found
-- Found Threads: TRUE  
-- Configuring done
-- Generating done
-- Build files have been written to: /home/devpc/Desktop/microros_ws/build/micro_ros_demos_rclcpp/string_publisher/src/string_publisher-build
[ 25%] [34m[1mPerforming build step for 'string_publisher'[0m
[35m[1mScanning dependencies of target string_publisher[0m
[ 50%] [32mBuilding CXX object CMakeFiles/string_publisher.dir/main.cpp.o[0m
/home/devpc/Desktop/microros_ws/src/uros/micro-ROS-demos/rclcpp/string_publisher/main.cpp:15:1: warning: #includes are not sorted properly [llvm-include-order]
#include <std_msgs/msg/string.hpp>
^        ~~~~~~~~~~~~~~~~~~~~~~~~~
         <rclcpp/rclcpp.hpp>
/home/devpc/Desktop/microros_ws/src/uros/micro-ROS-demos/rclcpp/string_publisher/main.cpp:18:1: warning: #includes are not sorted properly [llvm-include-order]
#include <memory>
^        ~~~~~~~~
         <chrono>
/home/devpc/Desktop/microros_ws/src/uros/micro-ROS-demos/rclcpp/string_publisher/main.cpp:27:3: warning: calling a function that uses a default argument is disallowed [fuchsia-default-arguments-calls]
  string_publisher_cpp_node()
  ^
/opt/ros/foxy/include/std_msgs/msg/detail/string__struct.hpp:35:20: note: default parameter was declared here
  explicit String_(rosidl_runtime_cpp::MessageInitialization _init = rosidl_runtime_cpp::MessageInitialization::ALL)
                   ^
/home/devpc/Desktop/microros_ws/src/uros/micro-ROS-demos/rclcpp/string_publisher/main.cpp:28:5: warning: calling a function that uses a default argument is disallowed [fuchsia-default-arguments-calls]
  : Node("string_publisher_cpp")
    ^
/opt/ros/foxy/include/rclcpp/node.hpp:88:5: note: default parameter was declared here
    const NodeOptions & options = NodeOptions());
    ^
/home/devpc/Desktop/microros_ws/src/uros/micro-ROS-demos/rclcpp/string_publisher/main.cpp:28:10: warning: calling a function that uses a default argument is disallowed [fuchsia-default-arguments-calls]
  : Node("string_publisher_cpp")
         ^
/usr/lib/gcc/x86_64-linux-gnu/9/../../../../include/c++/9/bits/basic_string.h:525:39: note: default parameter was declared here
      basic_string(const _CharT* __s, const _Alloc& __a = _Alloc())
                                      ^
/home/devpc/Desktop/microros_ws/src/uros/micro-ROS-demos/rclcpp/string_publisher/main.cpp:30:21: warning: 10 is a magic number; consider replacing it with a named constant [cppcoreguidelines-avoid-magic-numbers]
    rclcpp::QoS qos(10);
                    ^
/home/devpc/Desktop/microros_ws/src/uros/micro-ROS-demos/rclcpp/string_publisher/main.cpp:30:21: warning: 10 is a magic number; consider replacing it with a named constant [readability-magic-numbers]
/home/devpc/Desktop/microros_ws/src/uros/micro-ROS-demos/rclcpp/string_publisher/main.cpp:31:18: warning: calling a function that uses a default argument is disallowed [fuchsia-default-arguments-calls]
    publisher_ = this->create_publisher<std_msgs::msg::String>("std_msgs_msg_String", qos);
                 ^
/opt/ros/foxy/include/rclcpp/node_impl.hpp:74:3: note: default parameter was declared here
  const PublisherOptionsWithAllocator<AllocatorT> & options)
  ^
/home/devpc/Desktop/microros_ws/src/uros/micro-ROS-demos/rclcpp/string_publisher/main.cpp:31:64: warning: calling a function that uses a default argument is disallowed [fuchsia-default-arguments-calls]
    publisher_ = this->create_publisher<std_msgs::msg::String>("std_msgs_msg_String", qos);
                                                               ^
/usr/lib/gcc/x86_64-linux-gnu/9/../../../../include/c++/9/bits/basic_string.h:525:39: note: default parameter was declared here
      basic_string(const _CharT* __s, const _Alloc& __a = _Alloc())
                                      ^
/home/devpc/Desktop/microros_ws/src/uros/micro-ROS-demos/rclcpp/string_publisher/main.cpp:32:14: warning: calling a function that uses a default argument is disallowed [fuchsia-default-arguments-calls]
    timer_ = this->create_wall_timer(
             ^
/opt/ros/foxy/include/rclcpp/node_impl.hpp:112:3: note: default parameter was declared here
  rclcpp::CallbackGroup::SharedPtr group)
  ^
/home/devpc/Desktop/microros_ws/src/uros/micro-ROS-demos/rclcpp/string_publisher/main.cpp:33:14: warning: prefer a lambda to std::bind [modernize-avoid-bind]
      500ms, std::bind(&string_publisher_cpp_node::timer_callback, this));
             ^~~~~~~~~~~~~~~~~~~~~~~~~~~~~~~~~~~~~~~~~~~~~~~~~~~~~~~~~~~
             [this] { timer_callback(); }
/home/devpc/Desktop/microros_ws/src/uros/micro-ROS-demos/rclcpp/string_publisher/main.cpp:51:5: warning: use a trailing return type for this function [modernize-use-trailing-return-type]
int main(int argc, char * argv[])
~~~ ^
auto                              -> int
/home/devpc/Desktop/microros_ws/src/uros/micro-ROS-demos/rclcpp/string_publisher/main.cpp:53:3: warning: calling a function that uses a default argument is disallowed [fuchsia-default-arguments-calls]
  rclcpp::init(argc, argv);
  ^
/opt/ros/foxy/include/rclcpp/utilities.hpp:56:43: note: default parameter was declared here
init(int argc, char const * const argv[], const InitOptions & init_options = InitOptions());
                                          ^
/home/devpc/Desktop/microros_ws/src/uros/micro-ROS-demos/rclcpp/string_publisher/main.cpp:55:3: warning: calling a function that uses a default argument is disallowed [fuchsia-default-arguments-calls]
  rclcpp::shutdown();
  ^
/opt/ros/foxy/include/rclcpp/utilities.hpp:178:3: note: default parameter was declared here
  rclcpp::Context::SharedPtr context = nullptr,
  ^
/opt/ros/foxy/include/rclcpp/experimental/intra_process_manager.hpp:400:53: warning: Moved-from object 'message' is moved [clang-analyzer-cplusplus.Move]
        subscription->provide_intra_process_message(std::move(message));
                                                    ^
/home/devpc/Desktop/microros_ws/src/uros/micro-ROS-demos/rclcpp/string_publisher/main.cpp:40:5: note: Calling 'Publisher::publish'
    publisher_->publish(msg);
    ^
/opt/ros/foxy/include/rclcpp/publisher.hpp:212:9: note: Assuming field 'intra_process_is_enabled_' is true
    if (!intra_process_is_enabled_) {
        ^
/opt/ros/foxy/include/rclcpp/publisher.hpp:212:5: note: Taking false branch
    if (!intra_process_is_enabled_) {
    ^
/opt/ros/foxy/include/rclcpp/publisher.hpp:222:5: note: Calling 'Publisher::publish'
    this->publish(std::move(unique_msg));
    ^
/opt/ros/foxy/include/rclcpp/publisher.hpp:187:10: note: Field 'intra_process_is_enabled_' is true
    if (!intra_process_is_enabled_) {
         ^
/opt/ros/foxy/include/rclcpp/publisher.hpp:187:5: note: Taking false branch
    if (!intra_process_is_enabled_) {
    ^
/opt/ros/foxy/include/rclcpp/publisher.hpp:198:7: note: Assuming the condition is false
      get_subscription_count() > get_intra_process_subscription_count();
      ^
/opt/ros/foxy/include/rclcpp/publisher.hpp:200:9: note: 'inter_process_publish_needed' is false
    if (inter_process_publish_needed) {
        ^
/opt/ros/foxy/include/rclcpp/publisher.hpp:200:5: note: Taking false branch
    if (inter_process_publish_needed) {
    ^
/opt/ros/foxy/include/rclcpp/publisher.hpp:204:7: note: Calling 'Publisher::do_intra_process_publish'
      this->do_intra_process_publish(std::move(msg));
      ^
/opt/ros/foxy/include/rclcpp/publisher.hpp:336:5: note: Taking false branch
    if (!ipm) {
    ^
/opt/ros/foxy/include/rclcpp/publisher.hpp:340:5: note: Taking false branch
    if (!msg) {
    ^
/opt/ros/foxy/include/rclcpp/publisher.hpp:344:5: note: Calling 'IntraProcessManager::do_intra_process_publish'
    ipm->template do_intra_process_publish<MessageT, AllocatorT>(
    ^
/opt/ros/foxy/include/rclcpp/experimental/intra_process_manager.hpp:192:5: note: Taking false branch
    if (publisher_it == pub_to_subs_.end()) {
    ^
/opt/ros/foxy/include/rclcpp/experimental/intra_process_manager.hpp:201:9: note: Assuming the condition is false
    if (sub_ids.take_ownership_subscriptions.empty()) {
        ^
/opt/ros/foxy/include/rclcpp/experimental/intra_process_manager.hpp:201:5: note: Taking false branch
    if (sub_ids.take_ownership_subscriptions.empty()) {
    ^
/opt/ros/foxy/include/rclcpp/experimental/intra_process_manager.hpp:404:27: warning: Method called on moved-from object 'message' [clang-analyzer-cplusplus.Move]
        Deleter deleter = message.get_deleter();
                          ^
/home/devpc/Desktop/microros_ws/src/uros/micro-ROS-demos/rclcpp/string_publisher/main.cpp:40:5: note: Calling 'Publisher::publish'
    publisher_->publish(msg);
    ^
/opt/ros/foxy/include/rclcpp/publisher.hpp:212:9: note: Assuming field 'intra_process_is_enabled_' is true
    if (!intra_process_is_enabled_) {
        ^
/opt/ros/foxy/include/rclcpp/publisher.hpp:212:5: note: Taking false branch
    if (!intra_process_is_enabled_) {
    ^
/opt/ros/foxy/include/rclcpp/publisher.hpp:222:5: note: Calling 'Publisher::publish'
    this->publish(std::move(unique_msg));
    ^
/opt/ros/foxy/include/rclcpp/publisher.hpp:187:10: note: Field 'intra_process_is_enabled_' is true
    if (!intra_process_is_enabled_) {
         ^
/opt/ros/foxy/include/rclcpp/publisher.hpp:187:5: note: Taking false branch
    if (!intra_process_is_enabled_) {
    ^
/opt/ros/foxy/include/rclcpp/publisher.hpp:198:7: note: Assuming the condition is false
      get_subscription_count() > get_intra_process_subscription_count();
      ^
/opt/ros/foxy/include/rclcpp/publisher.hpp:200:9: note: 'inter_process_publish_needed' is false
    if (inter_process_publish_needed) {
        ^
/opt/ros/foxy/include/rclcpp/publisher.hpp:200:5: note: Taking false branch
    if (inter_process_publish_needed) {
    ^
/opt/ros/foxy/include/rclcpp/publisher.hpp:204:7: note: Calling 'Publisher::do_intra_process_publish'
      this->do_intra_process_publish(std::move(msg));
      ^
/opt/ros/foxy/include/rclcpp/publisher.hpp:336:5: note: Taking false branch
    if (!ipm) {
    ^
/opt/ros/foxy/include/rclcpp/publisher.hpp:340:5: note: Taking false branch
    if (!msg) {
    ^
/opt/ros/foxy/include/rclcpp/publisher.hpp:344:5: note: Calling 'IntraProcessManager::do_intra_process_publish'
    ipm->template do_intra_process_publish<MessageT, AllocatorT>(
    ^
/opt/ros/foxy/include/rclcpp/experimental/intra_process_manager.hpp:192:5: note: Taking false branch
    if (publisher_it == pub_to_subs_.end()) {
    ^
/opt/ros/foxy/include/rclcpp/experimental/intra_process_manager.hpp:201:9: note: Assuming the condition is false
    if (sub_ids.take_ownership_subscriptions.empty()) {
        ^
/opt/ros/foxy/include/rclcpp/experimental/intra_process_manager.hpp:201:5: note: Taking false branch
    if (sub_ids.take_ownership_subscriptions.empty()) {
    ^
[100%] [32m[1mLinking CXX executable string_publisher[0m
[100%] Built target string_publisher
[ 26%] [34m[1mPerforming install step for 'string_publisher'[0m
[100%] Built target string_publisher
[36mInstall the project...[0m
-- Install configuration: ""
-- Installing: /home/devpc/Desktop/microros_ws/build/micro_ros_demos_rclcpp/temp_install/string_publisher/string_publisher
-- Set runtime path of "/home/devpc/Desktop/microros_ws/build/micro_ros_demos_rclcpp/temp_install/string_publisher/string_publisher" to ""
[ 28%] [34m[1mCompleted 'string_publisher'[0m
[ 28%] Built target string_publisher
[35m[1mScanning dependencies of target string_subscriber[0m
[ 30%] [34m[1mCreating directories for 'string_subscriber'[0m
[ 32%] [34m[1mNo download step for 'string_subscriber'[0m
[ 33%] [34m[1mNo patch step for 'string_subscriber'[0m
[ 35%] [34m[1mNo update step for 'string_subscriber'[0m
[ 37%] [34m[1mPerforming configure step for 'string_subscriber'[0m
loading initial cache file /home/devpc/Desktop/microros_ws/build/micro_ros_demos_rclcpp/string_subscriber/tmp/string_subscriber-cache-.cmake
-- The CXX compiler identification is GNU 9.3.0
-- Check for working CXX compiler: /usr/bin/c++
-- Check for working CXX compiler: /usr/bin/c++ -- works
-- Detecting CXX compiler ABI info
-- Detecting CXX compiler ABI info - done
-- Detecting CXX compile features
-- Detecting CXX compile features - done
-- Found ament_cmake: 0.9.8 (/opt/ros/foxy/share/ament_cmake/cmake)
-- Found PythonInterp: /usr/bin/python3 (found suitable version "3.8.10", minimum required is "3") 
-- Using PYTHON_EXECUTABLE: /usr/bin/python3
-- Using all available rosidl_typesupport_c: rosidl_typesupport_microxrcedds_c;rosidl_typesupport_fastrtps_c;rosidl_typesupport_introspection_c
-- Found rosidl_adapter: 1.2.1 (/opt/ros/foxy/share/rosidl_adapter/cmake)
-- Found OpenSSL: /usr/lib/x86_64-linux-gnu/libcrypto.so (found version "1.1.1f")  
-- Found FastRTPS: /opt/ros/foxy/include  
-- Using all available rosidl_typesupport_cpp: rosidl_typesupport_microxrcedds_cpp;rosidl_typesupport_fastrtps_cpp;rosidl_typesupport_introspection_cpp
-- Found rmw_implementation_cmake: 1.0.3 (/opt/ros/foxy/share/rmw_implementation_cmake/cmake)
-- Using RMW implementation 'rmw_fastrtps_cpp' as default
-- Looking for C++ include pthread.h
-- Looking for C++ include pthread.h - found
-- Performing Test CMAKE_HAVE_LIBC_PTHREAD
-- Performing Test CMAKE_HAVE_LIBC_PTHREAD - Failed
-- Looking for pthread_create in pthreads
-- Looking for pthread_create in pthreads - not found
-- Looking for pthread_create in pthread
-- Looking for pthread_create in pthread - found
-- Found Threads: TRUE  
-- Configuring done
-- Generating done
-- Build files have been written to: /home/devpc/Desktop/microros_ws/build/micro_ros_demos_rclcpp/string_subscriber/src/string_subscriber-build
[ 39%] [34m[1mPerforming build step for 'string_subscriber'[0m
[35m[1mScanning dependencies of target string_subscriber[0m
[ 50%] [32mBuilding CXX object CMakeFiles/string_subscriber.dir/main.cpp.o[0m
/home/devpc/Desktop/microros_ws/src/uros/micro-ROS-demos/rclcpp/string_subscriber/main.cpp:15:1: warning: #includes are not sorted properly [llvm-include-order]
#include <std_msgs/msg/string.hpp>
^        ~~~~~~~~~~~~~~~~~~~~~~~~~
         <rclcpp/rclcpp.hpp>
/home/devpc/Desktop/microros_ws/src/uros/micro-ROS-demos/rclcpp/string_subscriber/main.cpp:18:1: warning: #includes are not sorted properly [llvm-include-order]
#include <memory>
^        ~~~~~~~~
         <cstdio>
/home/devpc/Desktop/microros_ws/src/uros/micro-ROS-demos/rclcpp/string_subscriber/main.cpp:27:5: warning: calling a function that uses a default argument is disallowed [fuchsia-default-arguments-calls]
  : Node("string_subscriber_cpp")
    ^
/opt/ros/foxy/include/rclcpp/node.hpp:88:5: note: default parameter was declared here
    const NodeOptions & options = NodeOptions());
    ^
/home/devpc/Desktop/microros_ws/src/uros/micro-ROS-demos/rclcpp/string_subscriber/main.cpp:27:10: warning: calling a function that uses a default argument is disallowed [fuchsia-default-arguments-calls]
  : Node("string_subscriber_cpp")
         ^
/usr/lib/gcc/x86_64-linux-gnu/9/../../../../include/c++/9/bits/basic_string.h:525:39: note: default parameter was declared here
      basic_string(const _CharT* __s, const _Alloc& __a = _Alloc())
                                      ^
/home/devpc/Desktop/microros_ws/src/uros/micro-ROS-demos/rclcpp/string_subscriber/main.cpp:29:21: warning: 10 is a magic number; consider replacing it with a named constant [cppcoreguidelines-avoid-magic-numbers]
    rclcpp::QoS qos(10);
                    ^
/home/devpc/Desktop/microros_ws/src/uros/micro-ROS-demos/rclcpp/string_subscriber/main.cpp:29:21: warning: 10 is a magic number; consider replacing it with a named constant [readability-magic-numbers]
/home/devpc/Desktop/microros_ws/src/uros/micro-ROS-demos/rclcpp/string_subscriber/main.cpp:30:21: warning: calling a function that uses a default argument is disallowed [fuchsia-default-arguments-calls]
    subscription_ = this->create_subscription<std_msgs::msg::String>("std_msgs_msg_String", qos,
                    ^
/opt/ros/foxy/include/rclcpp/node_impl.hpp:95:3: note: default parameter was declared here
  const SubscriptionOptionsWithAllocator<AllocatorT> & options,
  ^
/home/devpc/Desktop/microros_ws/src/uros/micro-ROS-demos/rclcpp/string_subscriber/main.cpp:30:70: warning: calling a function that uses a default argument is disallowed [fuchsia-default-arguments-calls]
    subscription_ = this->create_subscription<std_msgs::msg::String>("std_msgs_msg_String", qos,
                                                                     ^
/usr/lib/gcc/x86_64-linux-gnu/9/../../../../include/c++/9/bits/basic_string.h:525:39: note: default parameter was declared here
      basic_string(const _CharT* __s, const _Alloc& __a = _Alloc())
                                      ^
/home/devpc/Desktop/microros_ws/src/uros/micro-ROS-demos/rclcpp/string_subscriber/main.cpp:31:9: warning: prefer a lambda to std::bind [modernize-avoid-bind]
        std::bind(&string_subscriber_cpp_node::topic_callback, this, _1));
        ^~~~~~~~~~~~~~~~~~~~~~~~~~~~~~~~~~~~~~~~~~~~~~~~~~~~~~~~~~~~~~~~
        [this](auto && PH1) { topic_callback(PH1); }
/home/devpc/Desktop/microros_ws/src/uros/micro-ROS-demos/rclcpp/string_subscriber/main.cpp:37:8: warning: method 'topic_callback' can be made static [readability-convert-member-functions-to-static]
  void topic_callback(const std_msgs::msg::String::SharedPtr msg)
       ^
  static 
/home/devpc/Desktop/microros_ws/src/uros/micro-ROS-demos/rclcpp/string_subscriber/main.cpp:37:62: warning: the const qualified parameter 'msg' is copied for each invocation; consider making it a reference [performance-unnecessary-value-param]
  void topic_callback(const std_msgs::msg::String::SharedPtr msg)
                                                             ^
                                                            &
/home/devpc/Desktop/microros_ws/src/uros/micro-ROS-demos/rclcpp/string_subscriber/main.cpp:43:5: warning: use a trailing return type for this function [modernize-use-trailing-return-type]
int main(int argc, char * argv[])
~~~ ^
auto                              -> int
/home/devpc/Desktop/microros_ws/src/uros/micro-ROS-demos/rclcpp/string_subscriber/main.cpp:45:3: warning: calling a function that uses a default argument is disallowed [fuchsia-default-arguments-calls]
  rclcpp::init(argc, argv);
  ^
/opt/ros/foxy/include/rclcpp/utilities.hpp:56:43: note: default parameter was declared here
init(int argc, char const * const argv[], const InitOptions & init_options = InitOptions());
                                          ^
/home/devpc/Desktop/microros_ws/src/uros/micro-ROS-demos/rclcpp/string_subscriber/main.cpp:47:3: warning: calling a function that uses a default argument is disallowed [fuchsia-default-arguments-calls]
  rclcpp::shutdown();
  ^
/opt/ros/foxy/include/rclcpp/utilities.hpp:178:3: note: default parameter was declared here
  rclcpp::Context::SharedPtr context = nullptr,
  ^
[100%] [32m[1mLinking CXX executable string_subscriber[0m
[100%] Built target string_subscriber
[ 41%] [34m[1mPerforming install step for 'string_subscriber'[0m
[100%] Built target string_subscriber
[36mInstall the project...[0m
-- Install configuration: ""
-- Installing: /home/devpc/Desktop/microros_ws/build/micro_ros_demos_rclcpp/temp_install/string_subscriber/string_subscriber
-- Set runtime path of "/home/devpc/Desktop/microros_ws/build/micro_ros_demos_rclcpp/temp_install/string_subscriber/string_subscriber" to ""
[ 42%] [34m[1mCompleted 'string_subscriber'[0m
[ 42%] Built target string_subscriber
[35m[1mScanning dependencies of target int32_publisher[0m
[35m[1mScanning dependencies of target RAD0_control[0m
[ 44%] [34m[1mCreating directories for 'int32_publisher'[0m
[ 46%] [34m[1mCreating directories for 'RAD0_control'[0m
[ 48%] [34m[1mNo download step for 'int32_publisher'[0m
[ 50%] [34m[1mNo patch step for 'int32_publisher'[0m
[ 51%] [34m[1mNo update step for 'int32_publisher'[0m
[ 53%] [34m[1mNo download step for 'RAD0_control'[0m
[ 55%] [34m[1mPerforming configure step for 'int32_publisher'[0m
[ 57%] [34m[1mNo patch step for 'RAD0_control'[0m
[ 58%] [34m[1mNo update step for 'RAD0_control'[0m
loading initial cache file /home/devpc/Desktop/microros_ws/build/micro_ros_demos_rclcpp/int32_publisher/tmp/int32_publisher-cache-.cmake
[ 60%] [34m[1mPerforming configure step for 'RAD0_control'[0m
loading initial cache file /home/devpc/Desktop/microros_ws/build/micro_ros_demos_rclcpp/RAD0_control/tmp/RAD0_control-cache-.cmake
-- The CXX compiler identification is GNU 9.3.0
-- Check for working CXX compiler: /usr/bin/c++
-- The CXX compiler identification is GNU 9.3.0
-- Check for working CXX compiler: /usr/bin/c++
-- Check for working CXX compiler: /usr/bin/c++ -- works
-- Detecting CXX compiler ABI info
-- Check for working CXX compiler: /usr/bin/c++ -- works
-- Detecting CXX compiler ABI info
-- Detecting CXX compiler ABI info - done
-- Detecting CXX compile features
-- Detecting CXX compile features - done
-- Found ament_cmake: 0.9.8 (/opt/ros/foxy/share/ament_cmake/cmake)
-- Found PythonInterp: /usr/bin/python3 (found suitable version "3.8.10", minimum required is "3") 
-- Using PYTHON_EXECUTABLE: /usr/bin/python3
-- Detecting CXX compiler ABI info - done
-- Detecting CXX compile features
-- Detecting CXX compile features - done
-- Found ament_cmake: 0.9.8 (/opt/ros/foxy/share/ament_cmake/cmake)
-- Found PythonInterp: /usr/bin/python3 (found suitable version "3.8.10", minimum required is "3") 
-- Using PYTHON_EXECUTABLE: /usr/bin/python3
-- Using all available rosidl_typesupport_c: rosidl_typesupport_microxrcedds_c;rosidl_typesupport_fastrtps_c;rosidl_typesupport_introspection_c
-- Found rosidl_adapter: 1.2.1 (/opt/ros/foxy/share/rosidl_adapter/cmake)
-- Found OpenSSL: /usr/lib/x86_64-linux-gnu/libcrypto.so (found version "1.1.1f")  
-- Found FastRTPS: /opt/ros/foxy/include  
-- Using all available rosidl_typesupport_c: rosidl_typesupport_microxrcedds_c;rosidl_typesupport_fastrtps_c;rosidl_typesupport_introspection_c
-- Found rosidl_adapter: 1.2.1 (/opt/ros/foxy/share/rosidl_adapter/cmake)
-- Using all available rosidl_typesupport_cpp: rosidl_typesupport_microxrcedds_cpp;rosidl_typesupport_fastrtps_cpp;rosidl_typesupport_introspection_cpp
-- Found OpenSSL: /usr/lib/x86_64-linux-gnu/libcrypto.so (found version "1.1.1f")  
-- Found rmw_implementation_cmake: 1.0.3 (/opt/ros/foxy/share/rmw_implementation_cmake/cmake)
-- Using RMW implementation 'rmw_fastrtps_cpp' as default
-- Looking for C++ include pthread.h
-- Found FastRTPS: /opt/ros/foxy/include  
-- Looking for C++ include pthread.h - found
-- Performing Test CMAKE_HAVE_LIBC_PTHREAD
-- Using all available rosidl_typesupport_cpp: rosidl_typesupport_microxrcedds_cpp;rosidl_typesupport_fastrtps_cpp;rosidl_typesupport_introspection_cpp
-- Performing Test CMAKE_HAVE_LIBC_PTHREAD - Failed
-- Looking for pthread_create in pthreads
-- Looking for pthread_create in pthreads - not found
-- Looking for pthread_create in pthread
-- Found rmw_implementation_cmake: 1.0.3 (/opt/ros/foxy/share/rmw_implementation_cmake/cmake)
-- Using RMW implementation 'rmw_fastrtps_cpp' as default
-- Looking for C++ include pthread.h
-- Looking for pthread_create in pthread - found
-- Found Threads: TRUE  
-- Looking for C++ include pthread.h - found
-- Performing Test CMAKE_HAVE_LIBC_PTHREAD
-- Performing Test CMAKE_HAVE_LIBC_PTHREAD - Failed
-- Looking for pthread_create in pthreads
-- Looking for pthread_create in pthreads - not found
-- Looking for pthread_create in pthread
-- Configuring done
-- Generating done
-- Build files have been written to: /home/devpc/Desktop/microros_ws/build/micro_ros_demos_rclcpp/int32_publisher/src/int32_publisher-build
[ 62%] [34m[1mPerforming build step for 'int32_publisher'[0m
-- Looking for pthread_create in pthread - found
-- Found Threads: TRUE  
[35m[1mScanning dependencies of target int32_publisher[0m
[ 50%] [32mBuilding CXX object CMakeFiles/int32_publisher.dir/main.cpp.o[0m
-- Configuring done
-- Generating done
-- Build files have been written to: /home/devpc/Desktop/microros_ws/build/micro_ros_demos_rclcpp/RAD0_control/src/RAD0_control-build
[ 64%] [34m[1mPerforming build step for 'RAD0_control'[0m
[35m[1mScanning dependencies of target rad0_control[0m
[ 50%] [32mBuilding CXX object CMakeFiles/rad0_control.dir/main.cpp.o[0m
/home/devpc/Desktop/microros_ws/src/uros/micro-ROS-demos/rclcpp/int32_publisher/main.cpp:18:1: warning: #includes are not sorted properly [llvm-include-order]
#include <memory>
^        ~~~~~~~~
         <chrono>
/home/devpc/Desktop/microros_ws/src/uros/micro-ROS-demos/rclcpp/int32_publisher/main.cpp:28:3: warning: calling a function that uses a default argument is disallowed [fuchsia-default-arguments-calls]
  int32_publisher_node()
  ^
/opt/ros/foxy/include/std_msgs/msg/detail/int32__struct.hpp:35:19: note: default parameter was declared here
  explicit Int32_(rosidl_runtime_cpp::MessageInitialization _init = rosidl_runtime_cpp::MessageInitialization::ALL)
                  ^
/home/devpc/Desktop/microros_ws/src/uros/micro-ROS-demos/rclcpp/int32_publisher/main.cpp:29:5: warning: calling a function that uses a default argument is disallowed [fuchsia-default-arguments-calls]
  : Node("int32_publisher_cpp")
    ^
/opt/ros/foxy/include/rclcpp/node.hpp:88:5: note: default parameter was declared here
    const NodeOptions & options = NodeOptions());
    ^
/home/devpc/Desktop/microros_ws/src/uros/micro-ROS-demos/rclcpp/int32_publisher/main.cpp:29:10: warning: calling a function that uses a default argument is disallowed [fuchsia-default-arguments-calls]
  : Node("int32_publisher_cpp")
         ^
/usr/lib/gcc/x86_64-linux-gnu/9/../../../../include/c++/9/bits/basic_string.h:525:39: note: default parameter was declared here
      basic_string(const _CharT* __s, const _Alloc& __a = _Alloc())
                                      ^
/home/devpc/Desktop/microros_ws/src/uros/micro-ROS-demos/rclcpp/int32_publisher/main.cpp:31:21: warning: 10 is a magic number; consider replacing it with a named constant [cppcoreguidelines-avoid-magic-numbers]
    rclcpp::QoS qos(10);
                    ^
/home/devpc/Desktop/microros_ws/src/uros/micro-ROS-demos/rclcpp/int32_publisher/main.cpp:31:21: warning: 10 is a magic number; consider replacing it with a named constant [readability-magic-numbers]
/home/devpc/Desktop/microros_ws/src/uros/micro-ROS-demos/rclcpp/int32_publisher/main.cpp:32:18: warning: calling a function that uses a default argument is disallowed [fuchsia-default-arguments-calls]
    publisher_ = this->create_publisher<std_msgs::msg::Int32>("std_msgs_msg_Int32", qos);
                 ^
/opt/ros/foxy/include/rclcpp/node_impl.hpp:74:3: note: default parameter was declared here
  const PublisherOptionsWithAllocator<AllocatorT> & options)
  ^
/home/devpc/Desktop/microros_ws/src/uros/micro-ROS-demos/rclcpp/int32_publisher/main.cpp:32:63: warning: calling a function that uses a default argument is disallowed [fuchsia-default-arguments-calls]
    publisher_ = this->create_publisher<std_msgs::msg::Int32>("std_msgs_msg_Int32", qos);
                                                              ^
/usr/lib/gcc/x86_64-linux-gnu/9/../../../../include/c++/9/bits/basic_string.h:525:39: note: default parameter was declared here
      basic_string(const _CharT* __s, const _Alloc& __a = _Alloc())
                                      ^
/home/devpc/Desktop/microros_ws/src/uros/micro-ROS-demos/rclcpp/int32_publisher/main.cpp:33:14: warning: calling a function that uses a default argument is disallowed [fuchsia-default-arguments-calls]
    timer_ = this->create_wall_timer(
             ^
/opt/ros/foxy/include/rclcpp/node_impl.hpp:112:3: note: default parameter was declared here
  rclcpp::CallbackGroup::SharedPtr group)
  ^
/home/devpc/Desktop/microros_ws/src/uros/micro-ROS-demos/rclcpp/int32_publisher/main.cpp:34:14: warning: prefer a lambda to std::bind [modernize-avoid-bind]
      500ms, std::bind(&int32_publisher_node::timer_callback, this));
             ^~~~~~~~~~~~~~~~~~~~~~~~~~~~~~~~~~~~~~~~~~~~~~~~~~~~~~
             [this] { timer_callback(); }
/home/devpc/Desktop/microros_ws/src/uros/micro-ROS-demos/rclcpp/int32_publisher/main.cpp:51:5: warning: use a trailing return type for this function [modernize-use-trailing-return-type]
int main(int argc, char * argv[])
~~~ ^
auto                              -> int
/home/devpc/Desktop/microros_ws/src/uros/micro-ROS-demos/rclcpp/int32_publisher/main.cpp:53:3: warning: calling a function that uses a default argument is disallowed [fuchsia-default-arguments-calls]
  rclcpp::init(argc, argv);
  ^
/opt/ros/foxy/include/rclcpp/utilities.hpp:56:43: note: default parameter was declared here
init(int argc, char const * const argv[], const InitOptions & init_options = InitOptions());
                                          ^
/home/devpc/Desktop/microros_ws/src/uros/micro-ROS-demos/rclcpp/int32_publisher/main.cpp:55:3: warning: calling a function that uses a default argument is disallowed [fuchsia-default-arguments-calls]
  rclcpp::shutdown();
  ^
/opt/ros/foxy/include/rclcpp/utilities.hpp:178:3: note: default parameter was declared here
  rclcpp::Context::SharedPtr context = nullptr,
  ^
/opt/ros/foxy/include/rclcpp/experimental/intra_process_manager.hpp:400:53: warning: Moved-from object 'message' is moved [clang-analyzer-cplusplus.Move]
        subscription->provide_intra_process_message(std::move(message));
                                                    ^
/home/devpc/Desktop/microros_ws/src/uros/micro-ROS-demos/rclcpp/int32_publisher/main.cpp:41:5: note: Calling 'Publisher::publish'
    publisher_->publish(count_);
    ^
/opt/ros/foxy/include/rclcpp/publisher.hpp:212:9: note: Assuming field 'intra_process_is_enabled_' is true
    if (!intra_process_is_enabled_) {
        ^
/opt/ros/foxy/include/rclcpp/publisher.hpp:212:5: note: Taking false branch
    if (!intra_process_is_enabled_) {
    ^
/opt/ros/foxy/include/rclcpp/publisher.hpp:222:5: note: Calling 'Publisher::publish'
    this->publish(std::move(unique_msg));
    ^
/opt/ros/foxy/include/rclcpp/publisher.hpp:187:10: note: Field 'intra_process_is_enabled_' is true
    if (!intra_process_is_enabled_) {
         ^
/opt/ros/foxy/include/rclcpp/publisher.hpp:187:5: note: Taking false branch
    if (!intra_process_is_enabled_) {
    ^
/opt/ros/foxy/include/rclcpp/publisher.hpp:198:7: note: Assuming the condition is false
      get_subscription_count() > get_intra_process_subscription_count();
      ^
/opt/ros/foxy/include/rclcpp/publisher.hpp:200:9: note: 'inter_process_publish_needed' is false
    if (inter_process_publish_needed) {
        ^
/opt/ros/foxy/include/rclcpp/publisher.hpp:200:5: note: Taking false branch
    if (inter_process_publish_needed) {
    ^
/opt/ros/foxy/include/rclcpp/publisher.hpp:204:7: note: Calling 'Publisher::do_intra_process_publish'
      this->do_intra_process_publish(std::move(msg));
      ^
/opt/ros/foxy/include/rclcpp/publisher.hpp:336:5: note: Taking false branch
    if (!ipm) {
    ^
/opt/ros/foxy/include/rclcpp/publisher.hpp:340:5: note: Taking false branch
    if (!msg) {
    ^
/opt/ros/foxy/include/rclcpp/publisher.hpp:344:5: note: Calling 'IntraProcessManager::do_intra_process_publish'
    ipm->template do_intra_process_publish<MessageT, AllocatorT>(
    ^
/opt/ros/foxy/include/rclcpp/experimental/intra_process_manager.hpp:192:5: note: Taking false branch
    if (publisher_it == pub_to_subs_.end()) {
    ^
/opt/ros/foxy/include/rclcpp/experimental/intra_process_manager.hpp:201:9: note: Assuming the condition is false
    if (sub_ids.take_ownership_subscriptions.empty()) {
        ^
/opt/ros/foxy/include/rclcpp/experimental/intra_process_manager.hpp:201:5: note: Taking false branch
    if (sub_ids.take_ownership_subscriptions.empty()) {
    ^
/opt/ros/foxy/include/rclcpp/experimental/intra_process_manager.hpp:404:27: warning: Method called on moved-from object 'message' [clang-analyzer-cplusplus.Move]
        Deleter deleter = message.get_deleter();
                          ^
/home/devpc/Desktop/microros_ws/src/uros/micro-ROS-demos/rclcpp/int32_publisher/main.cpp:41:5: note: Calling 'Publisher::publish'
    publisher_->publish(count_);
    ^
/opt/ros/foxy/include/rclcpp/publisher.hpp:212:9: note: Assuming field 'intra_process_is_enabled_' is true
    if (!intra_process_is_enabled_) {
        ^
/opt/ros/foxy/include/rclcpp/publisher.hpp:212:5: note: Taking false branch
    if (!intra_process_is_enabled_) {
    ^
/opt/ros/foxy/include/rclcpp/publisher.hpp:222:5: note: Calling 'Publisher::publish'
    this->publish(std::move(unique_msg));
    ^
/opt/ros/foxy/include/rclcpp/publisher.hpp:187:10: note: Field 'intra_process_is_enabled_' is true
    if (!intra_process_is_enabled_) {
         ^
/opt/ros/foxy/include/rclcpp/publisher.hpp:187:5: note: Taking false branch
    if (!intra_process_is_enabled_) {
    ^
/opt/ros/foxy/include/rclcpp/publisher.hpp:198:7: note: Assuming the condition is false
      get_subscription_count() > get_intra_process_subscription_count();
      ^
/opt/ros/foxy/include/rclcpp/publisher.hpp:200:9: note: 'inter_process_publish_needed' is false
    if (inter_process_publish_needed) {
        ^
/opt/ros/foxy/include/rclcpp/publisher.hpp:200:5: note: Taking false branch
    if (inter_process_publish_needed) {
    ^
/opt/ros/foxy/include/rclcpp/publisher.hpp:204:7: note: Calling 'Publisher::do_intra_process_publish'
      this->do_intra_process_publish(std::move(msg));
      ^
/opt/ros/foxy/include/rclcpp/publisher.hpp:336:5: note: Taking false branch
    if (!ipm) {
    ^
/opt/ros/foxy/include/rclcpp/publisher.hpp:340:5: note: Taking false branch
    if (!msg) {
    ^
/opt/ros/foxy/include/rclcpp/publisher.hpp:344:5: note: Calling 'IntraProcessManager::do_intra_process_publish'
    ipm->template do_intra_process_publish<MessageT, AllocatorT>(
    ^
/opt/ros/foxy/include/rclcpp/experimental/intra_process_manager.hpp:192:5: note: Taking false branch
    if (publisher_it == pub_to_subs_.end()) {
    ^
/opt/ros/foxy/include/rclcpp/experimental/intra_process_manager.hpp:201:9: note: Assuming the condition is false
    if (sub_ids.take_ownership_subscriptions.empty()) {
        ^
/opt/ros/foxy/include/rclcpp/experimental/intra_process_manager.hpp:201:5: note: Taking false branch
    if (sub_ids.take_ownership_subscriptions.empty()) {
    ^
[100%] [32m[1mLinking CXX executable int32_publisher[0m
[100%] Built target int32_publisher
[ 66%] [34m[1mPerforming install step for 'int32_publisher'[0m
[100%] Built target int32_publisher
[36mInstall the project...[0m
-- Install configuration: ""
-- Installing: /home/devpc/Desktop/microros_ws/build/micro_ros_demos_rclcpp/temp_install/int32_publisher/int32_publisher
-- Set runtime path of "/home/devpc/Desktop/microros_ws/build/micro_ros_demos_rclcpp/temp_install/int32_publisher/int32_publisher" to ""
[ 67%] [34m[1mCompleted 'int32_publisher'[0m
[ 67%] Built target int32_publisher
/home/devpc/Desktop/microros_ws/src/uros/micro-ROS-demos/rclcpp/RAD0_control/main.cpp:26:5: warning: calling a function that uses a default argument is disallowed [fuchsia-default-arguments-calls]
  : Node("rad0_control_cpp")
    ^
/opt/ros/foxy/include/rclcpp/node.hpp:88:5: note: default parameter was declared here
    const NodeOptions & options = NodeOptions());
    ^
/home/devpc/Desktop/microros_ws/src/uros/micro-ROS-demos/rclcpp/RAD0_control/main.cpp:26:10: warning: calling a function that uses a default argument is disallowed [fuchsia-default-arguments-calls]
  : Node("rad0_control_cpp")
         ^
/usr/lib/gcc/x86_64-linux-gnu/9/../../../../include/c++/9/bits/basic_string.h:525:39: note: default parameter was declared here
      basic_string(const _CharT* __s, const _Alloc& __a = _Alloc())
                                      ^
/home/devpc/Desktop/microros_ws/src/uros/micro-ROS-demos/rclcpp/RAD0_control/main.cpp:28:21: warning: 10 is a magic number; consider replacing it with a named constant [cppcoreguidelines-avoid-magic-numbers]
    rclcpp::QoS qos(10);
                    ^
/home/devpc/Desktop/microros_ws/src/uros/micro-ROS-demos/rclcpp/RAD0_control/main.cpp:28:21: warning: 10 is a magic number; consider replacing it with a named constant [readability-magic-numbers]
/home/devpc/Desktop/microros_ws/src/uros/micro-ROS-demos/rclcpp/RAD0_control/main.cpp:29:31: warning: calling a function that uses a default argument is disallowed [fuchsia-default-arguments-calls]
    engine_power_publisher_ = this->create_publisher<std_msgs::msg::Int32>(
                              ^
/opt/ros/foxy/include/rclcpp/node_impl.hpp:74:3: note: default parameter was declared here
  const PublisherOptionsWithAllocator<AllocatorT> & options)
  ^
/home/devpc/Desktop/microros_ws/src/uros/micro-ROS-demos/rclcpp/RAD0_control/main.cpp:30:7: warning: calling a function that uses a default argument is disallowed [fuchsia-default-arguments-calls]
      "std_msgs_msg_Int32", qos);
      ^
/usr/lib/gcc/x86_64-linux-gnu/9/../../../../include/c++/9/bits/basic_string.h:525:39: note: default parameter was declared here
      basic_string(const _CharT* __s, const _Alloc& __a = _Alloc())
                                      ^
/home/devpc/Desktop/microros_ws/src/uros/micro-ROS-demos/rclcpp/RAD0_control/main.cpp:31:23: warning: calling a function that uses a default argument is disallowed [fuchsia-default-arguments-calls]
    warn_publisher_ = this->create_publisher<std_msgs::msg::String>(
                      ^
/opt/ros/foxy/include/rclcpp/node_impl.hpp:74:3: note: default parameter was declared here
  const PublisherOptionsWithAllocator<AllocatorT> & options)
  ^
/home/devpc/Desktop/microros_ws/src/uros/micro-ROS-demos/rclcpp/RAD0_control/main.cpp:32:7: warning: calling a function that uses a default argument is disallowed [fuchsia-default-arguments-calls]
      "std_msgs_msg_String", qos);
      ^
/usr/lib/gcc/x86_64-linux-gnu/9/../../../../include/c++/9/bits/basic_string.h:525:39: note: default parameter was declared here
      basic_string(const _CharT* __s, const _Alloc& __a = _Alloc())
                                      ^
/home/devpc/Desktop/microros_ws/src/uros/micro-ROS-demos/rclcpp/RAD0_control/main.cpp:34:30: warning: calling a function that uses a default argument is disallowed [fuchsia-default-arguments-calls]
    altitude_subscription_ = this->create_subscription<std_msgs::msg::Float64>(
                             ^
/opt/ros/foxy/include/rclcpp/node_impl.hpp:95:3: note: default parameter was declared here
  const SubscriptionOptionsWithAllocator<AllocatorT> & options,
  ^
/home/devpc/Desktop/microros_ws/src/uros/micro-ROS-demos/rclcpp/RAD0_control/main.cpp:35:7: warning: calling a function that uses a default argument is disallowed [fuchsia-default-arguments-calls]
      "std_msgs_msg_Float64", qos, std::bind(&ExternalNode::topic_callback, this, _1));
      ^
/usr/lib/gcc/x86_64-linux-gnu/9/../../../../include/c++/9/bits/basic_string.h:525:39: note: default parameter was declared here
      basic_string(const _CharT* __s, const _Alloc& __a = _Alloc())
                                      ^
/home/devpc/Desktop/microros_ws/src/uros/micro-ROS-demos/rclcpp/RAD0_control/main.cpp:35:36: warning: prefer a lambda to std::bind [modernize-avoid-bind]
      "std_msgs_msg_Float64", qos, std::bind(&ExternalNode::topic_callback, this, _1));
                                   ^~~~~~~~~~~~~~~~~~~~~~~~~~~~~~~~~~~~~~~~~~~~~~~~~~
                                   [this](auto && PH1) { topic_callback(PH1); }
/home/devpc/Desktop/microros_ws/src/uros/micro-ROS-demos/rclcpp/RAD0_control/main.cpp:43:63: warning: the const qualified parameter 'msg' is copied for each invocation; consider making it a reference [performance-unnecessary-value-param]
  void topic_callback(const std_msgs::msg::Float64::SharedPtr msg)
                                                              ^
                                                             &
/home/devpc/Desktop/microros_ws/src/uros/micro-ROS-demos/rclcpp/RAD0_control/main.cpp:46:22: warning: 500 is a magic number; consider replacing it with a named constant [cppcoreguidelines-avoid-magic-numbers]
    if (msg->data <= 500) {
                     ^
/home/devpc/Desktop/microros_ws/src/uros/micro-ROS-demos/rclcpp/RAD0_control/main.cpp:46:22: warning: 500 is a magic number; consider replacing it with a named constant [readability-magic-numbers]
/home/devpc/Desktop/microros_ws/src/uros/micro-ROS-demos/rclcpp/RAD0_control/main.cpp:48:24: warning: calling a function that uses a default argument is disallowed [fuchsia-default-arguments-calls]
        auto message = std_msgs::msg::String();
                       ^
/opt/ros/foxy/include/std_msgs/msg/detail/string__struct.hpp:35:20: note: default parameter was declared here
  explicit String_(rosidl_runtime_cpp::MessageInitialization _init = rosidl_runtime_cpp::MessageInitialization::ALL)
                   ^
/home/devpc/Desktop/microros_ws/src/uros/micro-ROS-demos/rclcpp/RAD0_control/main.cpp:50:9: warning: do not implicitly decay an array into a pointer; consider using gsl::array_view or an explicit cast instead [cppcoreguidelines-pro-bounds-array-to-pointer-decay]
        RCLCPP_INFO(this->get_logger(), "Publishing: '%s'", message.data.c_str());
        ^
/opt/ros/foxy/include/rclcpp/logging.hpp:542:5: note: expanded from macro 'RCLCPP_INFO'
    RCUTILS_LOG_INFO_NAMED( \
    ^
/opt/ros/foxy/include/rcutils/logging_macros.h:500:3: note: expanded from macro 'RCUTILS_LOG_INFO_NAMED'
  RCUTILS_LOG_COND_NAMED( \
  ^
/opt/ros/foxy/include/rcutils/logging_macros.h:68:5: note: expanded from macro 'RCUTILS_LOG_COND_NAMED'
    RCUTILS_LOGGING_AUTOINIT \
    ^
/opt/ros/foxy/include/rcutils/logging.h:525:37: note: expanded from macro 'RCUTILS_LOGGING_AUTOINIT'
      RCUTILS_SAFE_FWRITE_TO_STDERR(rcutils_get_error_string().str); \
                                    ^
/home/devpc/Desktop/microros_ws/src/uros/micro-ROS-demos/rclcpp/RAD0_control/main.cpp:50:9: warning: do not call c-style vararg functions [cppcoreguidelines-pro-type-vararg]
        RCLCPP_INFO(this->get_logger(), "Publishing: '%s'", message.data.c_str());
        ^
/opt/ros/foxy/include/rclcpp/logging.hpp:542:5: note: expanded from macro 'RCLCPP_INFO'
    RCUTILS_LOG_INFO_NAMED( \
    ^
/opt/ros/foxy/include/rcutils/logging_macros.h:500:3: note: expanded from macro 'RCUTILS_LOG_INFO_NAMED'
  RCUTILS_LOG_COND_NAMED( \
  ^
/opt/ros/foxy/include/rcutils/logging_macros.h:72:7: note: expanded from macro 'RCUTILS_LOG_COND_NAMED'
      rcutils_log(&__rcutils_logging_location, severity, name, __VA_ARGS__); \
      ^
/home/devpc/Desktop/microros_ws/src/uros/micro-ROS-demos/rclcpp/RAD0_control/main.cpp:50:9: warning: do not implicitly decay an array into a pointer; consider using gsl::array_view or an explicit cast instead [hicpp-no-array-decay]
        RCLCPP_INFO(this->get_logger(), "Publishing: '%s'", message.data.c_str());
        ^
/opt/ros/foxy/include/rclcpp/logging.hpp:542:5: note: expanded from macro 'RCLCPP_INFO'
    RCUTILS_LOG_INFO_NAMED( \
    ^
/opt/ros/foxy/include/rcutils/logging_macros.h:500:3: note: expanded from macro 'RCUTILS_LOG_INFO_NAMED'
  RCUTILS_LOG_COND_NAMED( \
  ^
/opt/ros/foxy/include/rcutils/logging_macros.h:69:65: note: expanded from macro 'RCUTILS_LOG_COND_NAMED'
    static rcutils_log_location_t __rcutils_logging_location = {__func__, __FILE__, __LINE__}; \
                                                                ^
/home/devpc/Desktop/microros_ws/src/uros/micro-ROS-demos/rclcpp/RAD0_control/main.cpp:50:9: warning: do not call c-style vararg functions [hicpp-vararg]
        RCLCPP_INFO(this->get_logger(), "Publishing: '%s'", message.data.c_str());
        ^
/opt/ros/foxy/include/rclcpp/logging.hpp:542:5: note: expanded from macro 'RCLCPP_INFO'
    RCUTILS_LOG_INFO_NAMED( \
    ^
/opt/ros/foxy/include/rcutils/logging_macros.h:500:3: note: expanded from macro 'RCUTILS_LOG_INFO_NAMED'
  RCUTILS_LOG_COND_NAMED( \
  ^
/opt/ros/foxy/include/rcutils/logging_macros.h:72:7: note: expanded from macro 'RCUTILS_LOG_COND_NAMED'
      rcutils_log(&__rcutils_logging_location, severity, name, __VA_ARGS__); \
      ^
/home/devpc/Desktop/microros_ws/src/uros/micro-ROS-demos/rclcpp/RAD0_control/main.cpp:55:24: warning: calling a function that uses a default argument is disallowed [fuchsia-default-arguments-calls]
        auto message = std_msgs::msg::Int32();
                       ^
/opt/ros/foxy/include/std_msgs/msg/detail/int32__struct.hpp:35:19: note: default parameter was declared here
  explicit Int32_(rosidl_runtime_cpp::MessageInitialization _init = rosidl_runtime_cpp::MessageInitialization::ALL)
                  ^
/home/devpc/Desktop/microros_ws/src/uros/micro-ROS-demos/rclcpp/RAD0_control/main.cpp:56:24: warning: 10 is a magic number; consider replacing it with a named constant [cppcoreguidelines-avoid-magic-numbers]
        message.data = 10;
                       ^
/home/devpc/Desktop/microros_ws/src/uros/micro-ROS-demos/rclcpp/RAD0_control/main.cpp:56:24: warning: 10 is a magic number; consider replacing it with a named constant [readability-magic-numbers]
/home/devpc/Desktop/microros_ws/src/uros/micro-ROS-demos/rclcpp/RAD0_control/main.cpp:60:29: warning: 1000 is a magic number; consider replacing it with a named constant [cppcoreguidelines-avoid-magic-numbers]
    } else if (msg->data <= 1000) {
                            ^
/home/devpc/Desktop/microros_ws/src/uros/micro-ROS-demos/rclcpp/RAD0_control/main.cpp:60:29: warning: 1000 is a magic number; consider replacing it with a named constant [readability-magic-numbers]
/home/devpc/Desktop/microros_ws/src/uros/micro-ROS-demos/rclcpp/RAD0_control/main.cpp:62:24: warning: calling a function that uses a default argument is disallowed [fuchsia-default-arguments-calls]
        auto message = std_msgs::msg::String();
                       ^
/opt/ros/foxy/include/std_msgs/msg/detail/string__struct.hpp:35:20: note: default parameter was declared here
  explicit String_(rosidl_runtime_cpp::MessageInitialization _init = rosidl_runtime_cpp::MessageInitialization::ALL)
                   ^
/home/devpc/Desktop/microros_ws/src/uros/micro-ROS-demos/rclcpp/RAD0_control/main.cpp:64:9: warning: do not implicitly decay an array into a pointer; consider using gsl::array_view or an explicit cast instead [cppcoreguidelines-pro-bounds-array-to-pointer-decay]
        RCLCPP_INFO(this->get_logger(), "Publishing: '%s'", message.data.c_str());
        ^
/opt/ros/foxy/include/rclcpp/logging.hpp:542:5: note: expanded from macro 'RCLCPP_INFO'
    RCUTILS_LOG_INFO_NAMED( \
    ^
/opt/ros/foxy/include/rcutils/logging_macros.h:500:3: note: expanded from macro 'RCUTILS_LOG_INFO_NAMED'
  RCUTILS_LOG_COND_NAMED( \
  ^
/opt/ros/foxy/include/rcutils/logging_macros.h:68:5: note: expanded from macro 'RCUTILS_LOG_COND_NAMED'
    RCUTILS_LOGGING_AUTOINIT \
    ^
/opt/ros/foxy/include/rcutils/logging.h:525:37: note: expanded from macro 'RCUTILS_LOGGING_AUTOINIT'
      RCUTILS_SAFE_FWRITE_TO_STDERR(rcutils_get_error_string().str); \
                                    ^
/home/devpc/Desktop/microros_ws/src/uros/micro-ROS-demos/rclcpp/RAD0_control/main.cpp:64:9: warning: do not call c-style vararg functions [cppcoreguidelines-pro-type-vararg]
        RCLCPP_INFO(this->get_logger(), "Publishing: '%s'", message.data.c_str());
        ^
/opt/ros/foxy/include/rclcpp/logging.hpp:542:5: note: expanded from macro 'RCLCPP_INFO'
    RCUTILS_LOG_INFO_NAMED( \
    ^
/opt/ros/foxy/include/rcutils/logging_macros.h:500:3: note: expanded from macro 'RCUTILS_LOG_INFO_NAMED'
  RCUTILS_LOG_COND_NAMED( \
  ^
/opt/ros/foxy/include/rcutils/logging_macros.h:72:7: note: expanded from macro 'RCUTILS_LOG_COND_NAMED'
      rcutils_log(&__rcutils_logging_location, severity, name, __VA_ARGS__); \
      ^
/home/devpc/Desktop/microros_ws/src/uros/micro-ROS-demos/rclcpp/RAD0_control/main.cpp:64:9: warning: do not implicitly decay an array into a pointer; consider using gsl::array_view or an explicit cast instead [hicpp-no-array-decay]
        RCLCPP_INFO(this->get_logger(), "Publishing: '%s'", message.data.c_str());
        ^
/opt/ros/foxy/include/rclcpp/logging.hpp:542:5: note: expanded from macro 'RCLCPP_INFO'
    RCUTILS_LOG_INFO_NAMED( \
    ^
/opt/ros/foxy/include/rcutils/logging_macros.h:500:3: note: expanded from macro 'RCUTILS_LOG_INFO_NAMED'
  RCUTILS_LOG_COND_NAMED( \
  ^
/opt/ros/foxy/include/rcutils/logging_macros.h:68:5: note: expanded from macro 'RCUTILS_LOG_COND_NAMED'
    RCUTILS_LOGGING_AUTOINIT \
    ^
/opt/ros/foxy/include/rcutils/logging.h:525:37: note: expanded from macro 'RCUTILS_LOGGING_AUTOINIT'
      RCUTILS_SAFE_FWRITE_TO_STDERR(rcutils_get_error_string().str); \
                                    ^
/home/devpc/Desktop/microros_ws/src/uros/micro-ROS-demos/rclcpp/RAD0_control/main.cpp:64:9: warning: do not call c-style vararg functions [hicpp-vararg]
        RCLCPP_INFO(this->get_logger(), "Publishing: '%s'", message.data.c_str());
        ^
/opt/ros/foxy/include/rclcpp/logging.hpp:542:5: note: expanded from macro 'RCLCPP_INFO'
    RCUTILS_LOG_INFO_NAMED( \
    ^
/opt/ros/foxy/include/rcutils/logging_macros.h:500:3: note: expanded from macro 'RCUTILS_LOG_INFO_NAMED'
  RCUTILS_LOG_COND_NAMED( \
  ^
/opt/ros/foxy/include/rcutils/logging_macros.h:72:7: note: expanded from macro 'RCUTILS_LOG_COND_NAMED'
      rcutils_log(&__rcutils_logging_location, severity, name, __VA_ARGS__); \
      ^
/home/devpc/Desktop/microros_ws/src/uros/micro-ROS-demos/rclcpp/RAD0_control/main.cpp:69:24: warning: calling a function that uses a default argument is disallowed [fuchsia-default-arguments-calls]
        auto message = std_msgs::msg::Int32();
                       ^
/opt/ros/foxy/include/std_msgs/msg/detail/int32__struct.hpp:35:19: note: default parameter was declared here
  explicit Int32_(rosidl_runtime_cpp::MessageInitialization _init = rosidl_runtime_cpp::MessageInitialization::ALL)
                  ^
/home/devpc/Desktop/microros_ws/src/uros/micro-ROS-demos/rclcpp/RAD0_control/main.cpp:70:24: warning: 5 is a magic number; consider replacing it with a named constant [cppcoreguidelines-avoid-magic-numbers]
        message.data = 5;
                       ^
/home/devpc/Desktop/microros_ws/src/uros/micro-ROS-demos/rclcpp/RAD0_control/main.cpp:70:24: warning: 5 is a magic number; consider replacing it with a named constant [readability-magic-numbers]
/home/devpc/Desktop/microros_ws/src/uros/micro-ROS-demos/rclcpp/RAD0_control/main.cpp:77:5: warning: use a trailing return type for this function [modernize-use-trailing-return-type]
int main(int argc, char * argv[])
~~~ ^
auto                              -> int
/home/devpc/Desktop/microros_ws/src/uros/micro-ROS-demos/rclcpp/RAD0_control/main.cpp:79:3: warning: calling a function that uses a default argument is disallowed [fuchsia-default-arguments-calls]
  rclcpp::init(argc, argv);
  ^
/opt/ros/foxy/include/rclcpp/utilities.hpp:56:43: note: default parameter was declared here
init(int argc, char const * const argv[], const InitOptions & init_options = InitOptions());
                                          ^
/home/devpc/Desktop/microros_ws/src/uros/micro-ROS-demos/rclcpp/RAD0_control/main.cpp:81:3: warning: calling a function that uses a default argument is disallowed [fuchsia-default-arguments-calls]
  rclcpp::shutdown();
  ^
/opt/ros/foxy/include/rclcpp/utilities.hpp:178:3: note: default parameter was declared here
  rclcpp::Context::SharedPtr context = nullptr,
  ^
[100%] [32m[1mLinking CXX executable rad0_control[0m
[100%] Built target rad0_control
[ 69%] [34m[1mPerforming install step for 'RAD0_control'[0m
[100%] Built target rad0_control
[36mInstall the project...[0m
-- Install configuration: ""
-- Installing: /home/devpc/Desktop/microros_ws/build/micro_ros_demos_rclcpp/temp_install/rad0_control/rad0_control
-- Set runtime path of "/home/devpc/Desktop/microros_ws/build/micro_ros_demos_rclcpp/temp_install/rad0_control/rad0_control" to ""
[ 71%] [34m[1mCompleted 'RAD0_control'[0m
[ 71%] Built target RAD0_control
[35m[1mScanning dependencies of target int32_subscriber[0m
[ 73%] [34m[1mCreating directories for 'int32_subscriber'[0m
[ 75%] [34m[1mNo download step for 'int32_subscriber'[0m
[ 76%] [34m[1mNo patch step for 'int32_subscriber'[0m
[ 78%] [34m[1mNo update step for 'int32_subscriber'[0m
[ 80%] [34m[1mPerforming configure step for 'int32_subscriber'[0m
loading initial cache file /home/devpc/Desktop/microros_ws/build/micro_ros_demos_rclcpp/int32_subscriber/tmp/int32_subscriber-cache-.cmake
-- The CXX compiler identification is GNU 9.3.0
-- Check for working CXX compiler: /usr/bin/c++
-- Check for working CXX compiler: /usr/bin/c++ -- works
-- Detecting CXX compiler ABI info
-- Detecting CXX compiler ABI info - done
-- Detecting CXX compile features
-- Detecting CXX compile features - done
-- Found ament_cmake: 0.9.8 (/opt/ros/foxy/share/ament_cmake/cmake)
-- Found PythonInterp: /usr/bin/python3 (found suitable version "3.8.10", minimum required is "3") 
-- Using PYTHON_EXECUTABLE: /usr/bin/python3
-- Using all available rosidl_typesupport_c: rosidl_typesupport_microxrcedds_c;rosidl_typesupport_fastrtps_c;rosidl_typesupport_introspection_c
-- Found rosidl_adapter: 1.2.1 (/opt/ros/foxy/share/rosidl_adapter/cmake)
-- Found OpenSSL: /usr/lib/x86_64-linux-gnu/libcrypto.so (found version "1.1.1f")  
-- Found FastRTPS: /opt/ros/foxy/include  
-- Using all available rosidl_typesupport_cpp: rosidl_typesupport_microxrcedds_cpp;rosidl_typesupport_fastrtps_cpp;rosidl_typesupport_introspection_cpp
-- Found rmw_implementation_cmake: 1.0.3 (/opt/ros/foxy/share/rmw_implementation_cmake/cmake)
-- Using RMW implementation 'rmw_fastrtps_cpp' as default
-- Looking for C++ include pthread.h
-- Looking for C++ include pthread.h - found
-- Performing Test CMAKE_HAVE_LIBC_PTHREAD
-- Performing Test CMAKE_HAVE_LIBC_PTHREAD - Failed
-- Looking for pthread_create in pthreads
-- Looking for pthread_create in pthreads - not found
-- Looking for pthread_create in pthread
-- Looking for pthread_create in pthread - found
-- Found Threads: TRUE  
-- Configuring done
-- Generating done
-- Build files have been written to: /home/devpc/Desktop/microros_ws/build/micro_ros_demos_rclcpp/int32_subscriber/src/int32_subscriber-build
[ 82%] [34m[1mPerforming build step for 'int32_subscriber'[0m
[35m[1mScanning dependencies of target int32_subscriber[0m
[ 50%] [32mBuilding CXX object CMakeFiles/int32_subscriber.dir/main.cpp.o[0m
/home/devpc/Desktop/microros_ws/src/uros/micro-ROS-demos/rclcpp/int32_subscriber/main.cpp:18:1: warning: #includes are not sorted properly [llvm-include-order]
#include <memory>
^        ~~~~~~~~
         <cstdio>
/home/devpc/Desktop/microros_ws/src/uros/micro-ROS-demos/rclcpp/int32_subscriber/main.cpp:27:5: warning: calling a function that uses a default argument is disallowed [fuchsia-default-arguments-calls]
  : Node("int32_subscriber_cpp")
    ^
/opt/ros/foxy/include/rclcpp/node.hpp:88:5: note: default parameter was declared here
    const NodeOptions & options = NodeOptions());
    ^
/home/devpc/Desktop/microros_ws/src/uros/micro-ROS-demos/rclcpp/int32_subscriber/main.cpp:27:10: warning: calling a function that uses a default argument is disallowed [fuchsia-default-arguments-calls]
  : Node("int32_subscriber_cpp")
         ^
/usr/lib/gcc/x86_64-linux-gnu/9/../../../../include/c++/9/bits/basic_string.h:525:39: note: default parameter was declared here
      basic_string(const _CharT* __s, const _Alloc& __a = _Alloc())
                                      ^
/home/devpc/Desktop/microros_ws/src/uros/micro-ROS-demos/rclcpp/int32_subscriber/main.cpp:29:21: warning: 10 is a magic number; consider replacing it with a named constant [cppcoreguidelines-avoid-magic-numbers]
    rclcpp::QoS qos(10);
                    ^
/home/devpc/Desktop/microros_ws/src/uros/micro-ROS-demos/rclcpp/int32_subscriber/main.cpp:29:21: warning: 10 is a magic number; consider replacing it with a named constant [readability-magic-numbers]
/home/devpc/Desktop/microros_ws/src/uros/micro-ROS-demos/rclcpp/int32_subscriber/main.cpp:30:21: warning: calling a function that uses a default argument is disallowed [fuchsia-default-arguments-calls]
    subscription_ = this->create_subscription<std_msgs::msg::Int32>("std_msgs_msg_Int32", qos,
                    ^
/opt/ros/foxy/include/rclcpp/node_impl.hpp:95:3: note: default parameter was declared here
  const SubscriptionOptionsWithAllocator<AllocatorT> & options,
  ^
/home/devpc/Desktop/microros_ws/src/uros/micro-ROS-demos/rclcpp/int32_subscriber/main.cpp:30:69: warning: calling a function that uses a default argument is disallowed [fuchsia-default-arguments-calls]
    subscription_ = this->create_subscription<std_msgs::msg::Int32>("std_msgs_msg_Int32", qos,
                                                                    ^
/usr/lib/gcc/x86_64-linux-gnu/9/../../../../include/c++/9/bits/basic_string.h:525:39: note: default parameter was declared here
      basic_string(const _CharT* __s, const _Alloc& __a = _Alloc())
                                      ^
/home/devpc/Desktop/microros_ws/src/uros/micro-ROS-demos/rclcpp/int32_subscriber/main.cpp:31:9: warning: prefer a lambda to std::bind [modernize-avoid-bind]
        std::bind(&int32_subscriber_node::topic_callback, this, _1));
        ^~~~~~~~~~~~~~~~~~~~~~~~~~~~~~~~~~~~~~~~~~~~~~~~~~~~~~~~~~~
        [this](auto && PH1) { topic_callback(PH1); }
/home/devpc/Desktop/microros_ws/src/uros/micro-ROS-demos/rclcpp/int32_subscriber/main.cpp:39:8: warning: method 'topic_callback' can be made static [readability-convert-member-functions-to-static]
  void topic_callback(const std_msgs::msg::Int32::SharedPtr msg)
       ^
  static 
/home/devpc/Desktop/microros_ws/src/uros/micro-ROS-demos/rclcpp/int32_subscriber/main.cpp:39:61: warning: the const qualified parameter 'msg' is copied for each invocation; consider making it a reference [performance-unnecessary-value-param]
  void topic_callback(const std_msgs::msg::Int32::SharedPtr msg)
                                                            ^
                                                           &
/home/devpc/Desktop/microros_ws/src/uros/micro-ROS-demos/rclcpp/int32_subscriber/main.cpp:45:5: warning: use a trailing return type for this function [modernize-use-trailing-return-type]
int main(int argc, char * argv[])
~~~ ^
auto                              -> int
/home/devpc/Desktop/microros_ws/src/uros/micro-ROS-demos/rclcpp/int32_subscriber/main.cpp:47:3: warning: calling a function that uses a default argument is disallowed [fuchsia-default-arguments-calls]
  rclcpp::init(argc, argv);
  ^
/opt/ros/foxy/include/rclcpp/utilities.hpp:56:43: note: default parameter was declared here
init(int argc, char const * const argv[], const InitOptions & init_options = InitOptions());
                                          ^
/home/devpc/Desktop/microros_ws/src/uros/micro-ROS-demos/rclcpp/int32_subscriber/main.cpp:49:3: warning: calling a function that uses a default argument is disallowed [fuchsia-default-arguments-calls]
  rclcpp::shutdown();
  ^
/opt/ros/foxy/include/rclcpp/utilities.hpp:178:3: note: default parameter was declared here
  rclcpp::Context::SharedPtr context = nullptr,
  ^
[100%] [32m[1mLinking CXX executable int32_subscriber[0m
[100%] Built target int32_subscriber
[ 83%] [34m[1mPerforming install step for 'int32_subscriber'[0m
[100%] Built target int32_subscriber
[36mInstall the project...[0m
-- Install configuration: ""
-- Installing: /home/devpc/Desktop/microros_ws/build/micro_ros_demos_rclcpp/temp_install/int32_subscriber/int32_subscriber
-- Set runtime path of "/home/devpc/Desktop/microros_ws/build/micro_ros_demos_rclcpp/temp_install/int32_subscriber/int32_subscriber" to ""
[ 85%] [34m[1mCompleted 'int32_subscriber'[0m
[ 85%] Built target int32_subscriber
[35m[1mScanning dependencies of target complex_msg_subscriber[0m
[ 87%] [34m[1mCreating directories for 'complex_msg_subscriber'[0m
[ 89%] [34m[1mNo download step for 'complex_msg_subscriber'[0m
[ 92%] [34m[1mNo patch step for 'complex_msg_subscriber'[0m
[ 92%] [34m[1mNo update step for 'complex_msg_subscriber'[0m
[ 94%] [34m[1mPerforming configure step for 'complex_msg_subscriber'[0m
loading initial cache file /home/devpc/Desktop/microros_ws/build/micro_ros_demos_rclcpp/complex_msg_subscriber/tmp/complex_msg_subscriber-cache-.cmake
-- The CXX compiler identification is GNU 9.3.0
-- Check for working CXX compiler: /usr/bin/c++
-- Check for working CXX compiler: /usr/bin/c++ -- works
-- Detecting CXX compiler ABI info
-- Detecting CXX compiler ABI info - done
-- Detecting CXX compile features
-- Detecting CXX compile features - done
-- Found ament_cmake: 0.9.8 (/opt/ros/foxy/share/ament_cmake/cmake)
-- Found PythonInterp: /usr/bin/python3 (found suitable version "3.8.10", minimum required is "3") 
-- Using PYTHON_EXECUTABLE: /usr/bin/python3
-- Using all available rosidl_typesupport_c: rosidl_typesupport_microxrcedds_c;rosidl_typesupport_fastrtps_c;rosidl_typesupport_introspection_c
-- Found rosidl_adapter: 1.2.1 (/opt/ros/foxy/share/rosidl_adapter/cmake)
-- Found OpenSSL: /usr/lib/x86_64-linux-gnu/libcrypto.so (found version "1.1.1f")  
-- Found FastRTPS: /opt/ros/foxy/include  
-- Using all available rosidl_typesupport_cpp: rosidl_typesupport_microxrcedds_cpp;rosidl_typesupport_fastrtps_cpp;rosidl_typesupport_introspection_cpp
-- Found rmw_implementation_cmake: 1.0.3 (/opt/ros/foxy/share/rmw_implementation_cmake/cmake)
-- Using RMW implementation 'rmw_fastrtps_cpp' as default
-- Looking for C++ include pthread.h
-- Looking for C++ include pthread.h - found
-- Performing Test CMAKE_HAVE_LIBC_PTHREAD
-- Performing Test CMAKE_HAVE_LIBC_PTHREAD - Failed
-- Looking for pthread_create in pthreads
-- Looking for pthread_create in pthreads - not found
-- Looking for pthread_create in pthread
-- Looking for pthread_create in pthread - found
-- Found Threads: TRUE  
-- Found complex_msgs: 1.0.0 (/home/devpc/Desktop/microros_ws/install/complex_msgs/share/complex_msgs/cmake)
-- Configuring done
-- Generating done
-- Build files have been written to: /home/devpc/Desktop/microros_ws/build/micro_ros_demos_rclcpp/complex_msg_subscriber/src/complex_msg_subscriber-build
[ 96%] [34m[1mPerforming build step for 'complex_msg_subscriber'[0m
[35m[1mScanning dependencies of target complex_msg_subscriber[0m
[ 50%] [32mBuilding CXX object CMakeFiles/complex_msg_subscriber.dir/main.cpp.o[0m
/home/devpc/Desktop/microros_ws/src/uros/micro-ROS-demos/rclcpp/complex_msg_subscriber/main.cpp:18:1: warning: #includes are not sorted properly [llvm-include-order]
#include <memory>
^        ~~~~~~~~
         <cstdio>
/home/devpc/Desktop/microros_ws/src/uros/micro-ROS-demos/rclcpp/complex_msg_subscriber/main.cpp:27:5: warning: calling a function that uses a default argument is disallowed [fuchsia-default-arguments-calls]
  : Node("complex_msg_subscriber_cpp")
    ^
/opt/ros/foxy/include/rclcpp/node.hpp:88:5: note: default parameter was declared here
    const NodeOptions & options = NodeOptions());
    ^
/home/devpc/Desktop/microros_ws/src/uros/micro-ROS-demos/rclcpp/complex_msg_subscriber/main.cpp:27:10: warning: calling a function that uses a default argument is disallowed [fuchsia-default-arguments-calls]
  : Node("complex_msg_subscriber_cpp")
         ^
/usr/lib/gcc/x86_64-linux-gnu/9/../../../../include/c++/9/bits/basic_string.h:525:39: note: default parameter was declared here
      basic_string(const _CharT* __s, const _Alloc& __a = _Alloc())
                                      ^
/home/devpc/Desktop/microros_ws/src/uros/micro-ROS-demos/rclcpp/complex_msg_subscriber/main.cpp:29:21: warning: calling a function that uses a default argument is disallowed [fuchsia-default-arguments-calls]
    subscription_ = this->create_subscription<complex_msgs::msg::NestedMsgTest>(
                    ^
/opt/ros/foxy/include/rclcpp/node_impl.hpp:95:3: note: default parameter was declared here
  const SubscriptionOptionsWithAllocator<AllocatorT> & options,
  ^
/home/devpc/Desktop/microros_ws/src/uros/micro-ROS-demos/rclcpp/complex_msg_subscriber/main.cpp:30:7: warning: calling a function that uses a default argument is disallowed [fuchsia-default-arguments-calls]
      "complex_msgs_msg_NestedMsgTest", rclcpp::SystemDefaultsQoS(),
      ^
/usr/lib/gcc/x86_64-linux-gnu/9/../../../../include/c++/9/bits/basic_string.h:525:39: note: default parameter was declared here
      basic_string(const _CharT* __s, const _Alloc& __a = _Alloc())
                                      ^
/home/devpc/Desktop/microros_ws/src/uros/micro-ROS-demos/rclcpp/complex_msg_subscriber/main.cpp:30:41: warning: calling a function that uses a default argument is disallowed [fuchsia-default-arguments-calls]
      "complex_msgs_msg_NestedMsgTest", rclcpp::SystemDefaultsQoS(),
                                        ^
/opt/ros/foxy/include/rclcpp/qos.hpp:270:5: note: default parameter was declared here
    const QoSInitialization & qos_initialization = (
    ^
/home/devpc/Desktop/microros_ws/src/uros/micro-ROS-demos/rclcpp/complex_msg_subscriber/main.cpp:31:7: warning: prefer a lambda to std::bind [modernize-avoid-bind]
      std::bind(&complex_msg_subscriber_cpp_node::topic_callback, this, _1));
      ^~~~~~~~~~~~~~~~~~~~~~~~~~~~~~~~~~~~~~~~~~~~~~~~~~~~~~~~~~~~~~~~~~~~~
      [this](auto && PH1) { topic_callback(PH1); }
/home/devpc/Desktop/microros_ws/src/uros/micro-ROS-demos/rclcpp/complex_msg_subscriber/main.cpp:37:8: warning: method 'topic_callback' can be made static [readability-convert-member-functions-to-static]
  void topic_callback(const complex_msgs::msg::NestedMsgTest::SharedPtr msg)
       ^
  static 
/home/devpc/Desktop/microros_ws/src/uros/micro-ROS-demos/rclcpp/complex_msg_subscriber/main.cpp:37:73: warning: the const qualified parameter 'msg' is copied for each invocation; consider making it a reference [performance-unnecessary-value-param]
  void topic_callback(const complex_msgs::msg::NestedMsgTest::SharedPtr msg)
                                                                        ^
                                                                       &
/home/devpc/Desktop/microros_ws/src/uros/micro-ROS-demos/rclcpp/complex_msg_subscriber/main.cpp:40:47: warning: implicit conversion bool -> 'int' [readability-implicit-bool-conversion]
    std::cout << "\tBool: " << std::to_string(msg->data1) << std::endl;
                                              ^
                                              static_cast<int>( )
/home/devpc/Desktop/microros_ws/src/uros/micro-ROS-demos/rclcpp/complex_msg_subscriber/main.cpp:62:5: warning: use a trailing return type for this function [modernize-use-trailing-return-type]
int main(int argc, char * argv[])
~~~ ^
auto                              -> int
/home/devpc/Desktop/microros_ws/src/uros/micro-ROS-demos/rclcpp/complex_msg_subscriber/main.cpp:64:3: warning: calling a function that uses a default argument is disallowed [fuchsia-default-arguments-calls]
  rclcpp::init(argc, argv);
  ^
/opt/ros/foxy/include/rclcpp/utilities.hpp:56:43: note: default parameter was declared here
init(int argc, char const * const argv[], const InitOptions & init_options = InitOptions());
                                          ^
/home/devpc/Desktop/microros_ws/src/uros/micro-ROS-demos/rclcpp/complex_msg_subscriber/main.cpp:66:3: warning: calling a function that uses a default argument is disallowed [fuchsia-default-arguments-calls]
  rclcpp::shutdown();
  ^
/opt/ros/foxy/include/rclcpp/utilities.hpp:178:3: note: default parameter was declared here
  rclcpp::Context::SharedPtr context = nullptr,
  ^
[100%] [32m[1mLinking CXX executable complex_msg_subscriber[0m
[100%] Built target complex_msg_subscriber
[ 98%] [34m[1mPerforming install step for 'complex_msg_subscriber'[0m
[100%] Built target complex_msg_subscriber
[36mInstall the project...[0m
-- Install configuration: ""
-- Installing: /home/devpc/Desktop/microros_ws/build/micro_ros_demos_rclcpp/temp_install/complex_msg_subscriber/complex_msg_subscriber
-- Set runtime path of "/home/devpc/Desktop/microros_ws/build/micro_ros_demos_rclcpp/temp_install/complex_msg_subscriber/complex_msg_subscriber" to ""
[100%] [34m[1mCompleted 'complex_msg_subscriber'[0m
[100%] Built target complex_msg_subscriber
-- Install configuration: ""
-- Installing: /home/devpc/Desktop/microros_ws/install/micro_ros_demos_rclcpp/lib/micro_ros_demos_rclcpp
-- Installing: /home/devpc/Desktop/microros_ws/install/micro_ros_demos_rclcpp/lib/micro_ros_demos_rclcpp/int32_subscriber
-- Installing: /home/devpc/Desktop/microros_ws/install/micro_ros_demos_rclcpp/lib/micro_ros_demos_rclcpp/int32_subscriber/int32_subscriber
-- Installing: /home/devpc/Desktop/microros_ws/install/micro_ros_demos_rclcpp/lib/micro_ros_demos_rclcpp/complex_msg_publisher
-- Installing: /home/devpc/Desktop/microros_ws/install/micro_ros_demos_rclcpp/lib/micro_ros_demos_rclcpp/complex_msg_publisher/complex_msg_publisher
-- Installing: /home/devpc/Desktop/microros_ws/install/micro_ros_demos_rclcpp/lib/micro_ros_demos_rclcpp/string_subscriber
-- Installing: /home/devpc/Desktop/microros_ws/install/micro_ros_demos_rclcpp/lib/micro_ros_demos_rclcpp/string_subscriber/string_subscriber
-- Installing: /home/devpc/Desktop/microros_ws/install/micro_ros_demos_rclcpp/lib/micro_ros_demos_rclcpp/rad0_control
-- Installing: /home/devpc/Desktop/microros_ws/install/micro_ros_demos_rclcpp/lib/micro_ros_demos_rclcpp/rad0_control/rad0_control
-- Installing: /home/devpc/Desktop/microros_ws/install/micro_ros_demos_rclcpp/lib/micro_ros_demos_rclcpp/string_publisher
-- Installing: /home/devpc/Desktop/microros_ws/install/micro_ros_demos_rclcpp/lib/micro_ros_demos_rclcpp/string_publisher/string_publisher
-- Installing: /home/devpc/Desktop/microros_ws/install/micro_ros_demos_rclcpp/lib/micro_ros_demos_rclcpp/int32_publisher
-- Installing: /home/devpc/Desktop/microros_ws/install/micro_ros_demos_rclcpp/lib/micro_ros_demos_rclcpp/int32_publisher/int32_publisher
-- Installing: /home/devpc/Desktop/microros_ws/install/micro_ros_demos_rclcpp/lib/micro_ros_demos_rclcpp/complex_msg_subscriber
-- Installing: /home/devpc/Desktop/microros_ws/install/micro_ros_demos_rclcpp/lib/micro_ros_demos_rclcpp/complex_msg_subscriber/complex_msg_subscriber
-- Installing: /home/devpc/Desktop/microros_ws/install/micro_ros_demos_rclcpp/share/ament_index/resource_index/package_run_dependencies/micro_ros_demos_rclcpp
-- Installing: /home/devpc/Desktop/microros_ws/install/micro_ros_demos_rclcpp/share/ament_index/resource_index/parent_prefix_path/micro_ros_demos_rclcpp
-- Installing: /home/devpc/Desktop/microros_ws/install/micro_ros_demos_rclcpp/share/micro_ros_demos_rclcpp/environment/ament_prefix_path.sh
-- Installing: /home/devpc/Desktop/microros_ws/install/micro_ros_demos_rclcpp/share/micro_ros_demos_rclcpp/environment/ament_prefix_path.dsv
-- Installing: /home/devpc/Desktop/microros_ws/install/micro_ros_demos_rclcpp/share/micro_ros_demos_rclcpp/environment/path.sh
-- Installing: /home/devpc/Desktop/microros_ws/install/micro_ros_demos_rclcpp/share/micro_ros_demos_rclcpp/environment/path.dsv
-- Installing: /home/devpc/Desktop/microros_ws/install/micro_ros_demos_rclcpp/share/micro_ros_demos_rclcpp/local_setup.bash
-- Installing: /home/devpc/Desktop/microros_ws/install/micro_ros_demos_rclcpp/share/micro_ros_demos_rclcpp/local_setup.sh
-- Installing: /home/devpc/Desktop/microros_ws/install/micro_ros_demos_rclcpp/share/micro_ros_demos_rclcpp/local_setup.zsh
-- Installing: /home/devpc/Desktop/microros_ws/install/micro_ros_demos_rclcpp/share/micro_ros_demos_rclcpp/local_setup.dsv
-- Installing: /home/devpc/Desktop/microros_ws/install/micro_ros_demos_rclcpp/share/micro_ros_demos_rclcpp/package.dsv
-- Installing: /home/devpc/Desktop/microros_ws/install/micro_ros_demos_rclcpp/share/ament_index/resource_index/packages/micro_ros_demos_rclcpp
-- Installing: /home/devpc/Desktop/microros_ws/install/micro_ros_demos_rclcpp/share/micro_ros_demos_rclcpp/cmake/micro_ros_demos_rclcppConfig.cmake
-- Installing: /home/devpc/Desktop/microros_ws/install/micro_ros_demos_rclcpp/share/micro_ros_demos_rclcpp/cmake/micro_ros_demos_rclcppConfig-version.cmake
-- Installing: /home/devpc/Desktop/microros_ws/install/micro_ros_demos_rclcpp/share/micro_ros_demos_rclcpp/package.xml
