[0.704s] Invoking command in '/home/devpc/Desktop/quad_ws/src/teleop_twist_keyboard-dashing': PYTHONPATH=/home/devpc/Desktop/quad_ws/install/teleop_twist_keyboard/lib/python3.8/site-packages:${PYTHONPATH} /usr/bin/python3 setup.py egg_info --egg-base ../../build/teleop_twist_keyboard build --build-base /home/devpc/Desktop/quad_ws/build/teleop_twist_keyboard/build install --prefix /home/devpc/Desktop/quad_ws/install/teleop_twist_keyboard --record /home/devpc/Desktop/quad_ws/build/teleop_twist_keyboard/install.log --single-version-externally-managed
[0.966s] running egg_info
[0.967s] writing ../../build/teleop_twist_keyboard/teleop_twist_keyboard.egg-info/PKG-INFO
[0.968s] writing dependency_links to ../../build/teleop_twist_keyboard/teleop_twist_keyboard.egg-info/dependency_links.txt
[0.968s] writing entry points to ../../build/teleop_twist_keyboard/teleop_twist_keyboard.egg-info/entry_points.txt
[0.968s] writing requirements to ../../build/teleop_twist_keyboard/teleop_twist_keyboard.egg-info/requires.txt
[0.968s] writing top-level names to ../../build/teleop_twist_keyboard/teleop_twist_keyboard.egg-info/top_level.txt
[1.017s] reading manifest file '../../build/teleop_twist_keyboard/teleop_twist_keyboard.egg-info/SOURCES.txt'
[1.018s] writing manifest file '../../build/teleop_twist_keyboard/teleop_twist_keyboard.egg-info/SOURCES.txt'
[1.018s] running build
[1.018s] running build_py
[1.018s] running install
[1.021s] running install_lib
[1.023s] running install_data
[1.024s] running install_egg_info
[1.024s] removing '/home/devpc/Desktop/quad_ws/install/teleop_twist_keyboard/lib/python3.8/site-packages/teleop_twist_keyboard-2.3.2-py3.8.egg-info' (and everything under it)
[1.024s] Copying ../../build/teleop_twist_keyboard/teleop_twist_keyboard.egg-info to /home/devpc/Desktop/quad_ws/install/teleop_twist_keyboard/lib/python3.8/site-packages/teleop_twist_keyboard-2.3.2-py3.8.egg-info
[1.024s] running install_scripts
[1.044s] Installing teleop_twist_keyboard script to /home/devpc/Desktop/quad_ws/install/teleop_twist_keyboard/lib/teleop_twist_keyboard
[1.044s] writing list of installed files to '/home/devpc/Desktop/quad_ws/build/teleop_twist_keyboard/install.log'
[1.078s] Invoked command in '/home/devpc/Desktop/quad_ws/src/teleop_twist_keyboard-dashing' returned '0': PYTHONPATH=/home/devpc/Desktop/quad_ws/install/teleop_twist_keyboard/lib/python3.8/site-packages:${PYTHONPATH} /usr/bin/python3 setup.py egg_info --egg-base ../../build/teleop_twist_keyboard build --build-base /home/devpc/Desktop/quad_ws/build/teleop_twist_keyboard/build install --prefix /home/devpc/Desktop/quad_ws/install/teleop_twist_keyboard --record /home/devpc/Desktop/quad_ws/build/teleop_twist_keyboard/install.log --single-version-externally-managed
