[0.786s] Invoking command in '/home/devpc/Desktop/quad_ws/src/quad': PYTHONPATH=/home/devpc/Desktop/quad_ws/install/quad/lib/python3.8/site-packages:${PYTHONPATH} /usr/bin/python3 setup.py egg_info --egg-base ../../build/quad build --build-base /home/devpc/Desktop/quad_ws/build/quad/build install --prefix /home/devpc/Desktop/quad_ws/install/quad --record /home/devpc/Desktop/quad_ws/build/quad/install.log --single-version-externally-managed
[1.133s] running egg_info
[1.133s] writing ../../build/quad/quad.egg-info/PKG-INFO
[1.134s] writing dependency_links to ../../build/quad/quad.egg-info/dependency_links.txt
[1.134s] writing entry points to ../../build/quad/quad.egg-info/entry_points.txt
[1.134s] writing requirements to ../../build/quad/quad.egg-info/requires.txt
[1.135s] writing top-level names to ../../build/quad/quad.egg-info/top_level.txt
[1.195s] reading manifest file '../../build/quad/quad.egg-info/SOURCES.txt'
[1.197s] writing manifest file '../../build/quad/quad.egg-info/SOURCES.txt'
[1.197s] running build
[1.198s] running build_py
[1.198s] running install
[1.199s] running install_lib
[1.201s] running install_data
[1.202s] running install_egg_info
[1.204s] removing '/home/devpc/Desktop/quad_ws/install/quad/lib/python3.8/site-packages/quad-0.0.1-py3.8.egg-info' (and everything under it)
[1.204s] Copying ../../build/quad/quad.egg-info to /home/devpc/Desktop/quad_ws/install/quad/lib/python3.8/site-packages/quad-0.0.1-py3.8.egg-info
[1.205s] running install_scripts
[1.221s] Installing motion_servos_calibration script to /home/devpc/Desktop/quad_ws/install/quad/lib/quad
[1.221s] Installing quad script to /home/devpc/Desktop/quad_ws/install/quad/lib/quad
[1.222s] writing list of installed files to '/home/devpc/Desktop/quad_ws/build/quad/install.log'
[1.246s] Invoked command in '/home/devpc/Desktop/quad_ws/src/quad' returned '0': PYTHONPATH=/home/devpc/Desktop/quad_ws/install/quad/lib/python3.8/site-packages:${PYTHONPATH} /usr/bin/python3 setup.py egg_info --egg-base ../../build/quad build --build-base /home/devpc/Desktop/quad_ws/build/quad/build install --prefix /home/devpc/Desktop/quad_ws/install/quad --record /home/devpc/Desktop/quad_ws/build/quad/install.log --single-version-externally-managed
