[0.450s] Invoking command in '/home/devpc/Desktop/quad_ws/src/quad': PYTHONPATH=/home/devpc/Desktop/quad_ws/install/quad/lib/python3.8/site-packages:${PYTHONPATH} /usr/bin/python3 setup.py egg_info --egg-base ../../build/quad build --build-base /home/devpc/Desktop/quad_ws/build/quad/build install --prefix /home/devpc/Desktop/quad_ws/install/quad --record /home/devpc/Desktop/quad_ws/build/quad/install.log --single-version-externally-managed
[0.697s] running egg_info
[0.697s] writing ../../build/quad/quad.egg-info/PKG-INFO
[0.697s] writing dependency_links to ../../build/quad/quad.egg-info/dependency_links.txt
[0.698s] writing entry points to ../../build/quad/quad.egg-info/entry_points.txt
[0.698s] writing requirements to ../../build/quad/quad.egg-info/requires.txt
[0.698s] writing top-level names to ../../build/quad/quad.egg-info/top_level.txt
[0.761s] reading manifest file '../../build/quad/quad.egg-info/SOURCES.txt'
[0.762s] writing manifest file '../../build/quad/quad.egg-info/SOURCES.txt'
[0.762s] running build
[0.762s] running build_py
[0.762s] copying quad/quad.py -> /home/devpc/Desktop/quad_ws/build/quad/build/lib/quad
[0.763s] running install
[0.763s] running install_lib
[0.768s] copying /home/devpc/Desktop/quad_ws/build/quad/build/lib/quad/quad.py -> /home/devpc/Desktop/quad_ws/install/quad/lib/python3.8/site-packages/quad
[0.768s] byte-compiling /home/devpc/Desktop/quad_ws/install/quad/lib/python3.8/site-packages/quad/quad.py to quad.cpython-38.pyc
[0.775s] Sorry: TabError: inconsistent use of tabs and spaces in indentation (quad.py, line 36)
[0.775s] running install_data
[0.779s] running install_egg_info
[0.780s] removing '/home/devpc/Desktop/quad_ws/install/quad/lib/python3.8/site-packages/quad-0.0.1-py3.8.egg-info' (and everything under it)
[0.781s] Copying ../../build/quad/quad.egg-info to /home/devpc/Desktop/quad_ws/install/quad/lib/python3.8/site-packages/quad-0.0.1-py3.8.egg-info
[0.781s] running install_scripts
[0.781s] Installing quad script to /home/devpc/Desktop/quad_ws/install/quad/lib/quad
[0.781s] writing list of installed files to '/home/devpc/Desktop/quad_ws/build/quad/install.log'
[0.802s] Invoked command in '/home/devpc/Desktop/quad_ws/src/quad' returned '0': PYTHONPATH=/home/devpc/Desktop/quad_ws/install/quad/lib/python3.8/site-packages:${PYTHONPATH} /usr/bin/python3 setup.py egg_info --egg-base ../../build/quad build --build-base /home/devpc/Desktop/quad_ws/build/quad/build install --prefix /home/devpc/Desktop/quad_ws/install/quad --record /home/devpc/Desktop/quad_ws/build/quad/install.log --single-version-externally-managed
