[0.022s] Invoking command in '/home/devpc/Desktop/microros_ws/build/stereo_msgs': AMENT_PREFIX_PATH=/home/devpc/Desktop/microros_ws/install/sensor_msgs:/home/devpc/Desktop/microros_ws/install/geometry_msgs:/home/devpc/Desktop/microros_ws/install/std_msgs:/home/devpc/Desktop/microros_ws/install/builtin_interfaces:${AMENT_PREFIX_PATH} CMAKE_PREFIX_PATH=/home/devpc/Desktop/microros_ws/install/sensor_msgs:/home/devpc/Desktop/microros_ws/install/geometry_msgs:/home/devpc/Desktop/microros_ws/install/std_msgs:/home/devpc/Desktop/microros_ws/install/builtin_interfaces:/home/devpc/Desktop/microros_ws/install/rosidl_typesupport_microxrcedds_cpp:/home/devpc/Desktop/microros_ws/install/rosidl_typesupport_microxrcedds_c:/home/devpc/Desktop/microros_ws/install/microcdr:/home/devpc/Desktop/microros_ws/install/micro_ros_agent:/home/devpc/Desktop/microros_ws/install/microxrcedds_agent:/home/devpc/Desktop/microros_ws/install/micro_ros_setup:/home/devpc/Desktop/microros_ws/install/micro_ros_msgs:/home/devpc/Desktop/quad_ws/install/quad_interfaces:/home/devpc/Desktop/quad_ws/install/quad:/opt/ros/foxy LD_LIBRARY_PATH=/home/devpc/Desktop/microros_ws/install/sensor_msgs/lib:/home/devpc/Desktop/microros_ws/install/geometry_msgs/lib:/home/devpc/Desktop/microros_ws/install/std_msgs/lib:/home/devpc/Desktop/microros_ws/install/builtin_interfaces/lib:${LD_LIBRARY_PATH} PYTHONPATH=/home/devpc/Desktop/microros_ws/install/sensor_msgs/lib/python3.8/site-packages:/home/devpc/Desktop/microros_ws/install/geometry_msgs/lib/python3.8/site-packages:/home/devpc/Desktop/microros_ws/install/std_msgs/lib/python3.8/site-packages:/home/devpc/Desktop/microros_ws/install/builtin_interfaces/lib/python3.8/site-packages:${PYTHONPATH} /usr/bin/cmake /home/devpc/Desktop/microros_ws/src/ros2/common_interfaces/stereo_msgs -DCMAKE_INSTALL_PREFIX=/home/devpc/Desktop/microros_ws/install/stereo_msgs
[0.076s] -- The C compiler identification is GNU 9.3.0
[0.132s] -- The CXX compiler identification is GNU 9.3.0
[0.141s] -- Check for working C compiler: /usr/bin/cc
[0.208s] -- Check for working C compiler: /usr/bin/cc -- works
[0.208s] -- Detecting C compiler ABI info
[0.271s] -- Detecting C compiler ABI info - done
[0.283s] -- Detecting C compile features
[0.283s] -- Detecting C compile features - done
[0.286s] -- Check for working CXX compiler: /usr/bin/c++
[0.373s] -- Check for working CXX compiler: /usr/bin/c++ -- works
[0.373s] -- Detecting CXX compiler ABI info
[0.447s] -- Detecting CXX compiler ABI info - done
[0.467s] -- Detecting CXX compile features
[0.467s] -- Detecting CXX compile features - done
[0.472s] -- Found ament_cmake: 0.9.8 (/opt/ros/foxy/share/ament_cmake/cmake)
[0.499s] -- Found PythonInterp: /usr/bin/python3 (found suitable version "3.8.10", minimum required is "3") 
[0.499s] -- Using PYTHON_EXECUTABLE: /usr/bin/python3
[0.709s] -- Found rosidl_default_generators: 1.0.1 (/opt/ros/foxy/share/rosidl_default_generators/cmake)
[0.715s] -- Using all available rosidl_typesupport_c: rosidl_typesupport_microxrcedds_c;rosidl_typesupport_fastrtps_c;rosidl_typesupport_introspection_c
[0.725s] -- Found rosidl_adapter: 1.2.1 (/opt/ros/foxy/share/rosidl_adapter/cmake)
[0.834s] -- Found OpenSSL: /usr/lib/x86_64-linux-gnu/libcrypto.so (found version "1.1.1f")  
[0.862s] -- Found FastRTPS: /opt/ros/foxy/include  
[0.941s] -- Using all available rosidl_typesupport_cpp: rosidl_typesupport_microxrcedds_cpp;rosidl_typesupport_fastrtps_cpp;rosidl_typesupport_introspection_cpp
[0.980s] -- Found sensor_msgs: 2.0.4 (/home/devpc/Desktop/microros_ws/install/sensor_msgs/share/sensor_msgs/cmake)
[1.173s] -- Found PythonInterp: /usr/bin/python3 (found version "3.8.10") 
[1.434s] -- Found ament_cmake_cppcheck: 0.9.6 (/opt/ros/foxy/share/ament_cmake_cppcheck/cmake)
[1.437s] -- Found ament_cmake_cpplint: 0.9.6 (/opt/ros/foxy/share/ament_cmake_cpplint/cmake)
[1.440s] -- Found ament_cmake_uncrustify: 0.9.6 (/opt/ros/foxy/share/ament_cmake_uncrustify/cmake)
[1.443s] -- Found ament_cmake_ros: 0.9.2 (/opt/ros/foxy/share/ament_cmake_ros/cmake)
[1.868s] -- Using all available rosidl_typesupport_c: rosidl_typesupport_microxrcedds_c;rosidl_typesupport_fastrtps_c;rosidl_typesupport_introspection_c
[2.118s] -- Using all available rosidl_typesupport_cpp: rosidl_typesupport_microxrcedds_cpp;rosidl_typesupport_fastrtps_cpp;rosidl_typesupport_introspection_cpp
[2.147s] -- Found PythonInterp: /usr/bin/python3 (found suitable version "3.8.10", minimum required is "3.5") 
[2.150s] -- Found python_cmake_module: 0.8.1 (/opt/ros/foxy/share/python_cmake_module/cmake)
[2.178s] -- Found PythonLibs: /usr/lib/x86_64-linux-gnu/libpython3.8.so (found suitable version "3.8.10", minimum required is "3.5") 
[2.178s] -- Using PYTHON_EXECUTABLE: /usr/bin/python3
[2.178s] -- Using PYTHON_INCLUDE_DIRS: /usr/include/python3.8
[2.178s] -- Using PYTHON_LIBRARIES: /usr/lib/x86_64-linux-gnu/libpython3.8.so
[2.200s] -- Found PythonExtra: .so  
[2.343s] -- Found ament_cmake_flake8: 0.9.6 (/opt/ros/foxy/share/ament_cmake_flake8/cmake)
[2.346s] -- Found ament_cmake_pep257: 0.9.6 (/opt/ros/foxy/share/ament_cmake_pep257/cmake)
[2.357s] -- Configuring done
[2.445s] -- Generating done
[2.448s] -- Build files have been written to: /home/devpc/Desktop/microros_ws/build/stereo_msgs
[2.458s] Invoked command in '/home/devpc/Desktop/microros_ws/build/stereo_msgs' returned '0': AMENT_PREFIX_PATH=/home/devpc/Desktop/microros_ws/install/sensor_msgs:/home/devpc/Desktop/microros_ws/install/geometry_msgs:/home/devpc/Desktop/microros_ws/install/std_msgs:/home/devpc/Desktop/microros_ws/install/builtin_interfaces:${AMENT_PREFIX_PATH} CMAKE_PREFIX_PATH=/home/devpc/Desktop/microros_ws/install/sensor_msgs:/home/devpc/Desktop/microros_ws/install/geometry_msgs:/home/devpc/Desktop/microros_ws/install/std_msgs:/home/devpc/Desktop/microros_ws/install/builtin_interfaces:/home/devpc/Desktop/microros_ws/install/rosidl_typesupport_microxrcedds_cpp:/home/devpc/Desktop/microros_ws/install/rosidl_typesupport_microxrcedds_c:/home/devpc/Desktop/microros_ws/install/microcdr:/home/devpc/Desktop/microros_ws/install/micro_ros_agent:/home/devpc/Desktop/microros_ws/install/microxrcedds_agent:/home/devpc/Desktop/microros_ws/install/micro_ros_setup:/home/devpc/Desktop/microros_ws/install/micro_ros_msgs:/home/devpc/Desktop/quad_ws/install/quad_interfaces:/home/devpc/Desktop/quad_ws/install/quad:/opt/ros/foxy LD_LIBRARY_PATH=/home/devpc/Desktop/microros_ws/install/sensor_msgs/lib:/home/devpc/Desktop/microros_ws/install/geometry_msgs/lib:/home/devpc/Desktop/microros_ws/install/std_msgs/lib:/home/devpc/Desktop/microros_ws/install/builtin_interfaces/lib:${LD_LIBRARY_PATH} PYTHONPATH=/home/devpc/Desktop/microros_ws/install/sensor_msgs/lib/python3.8/site-packages:/home/devpc/Desktop/microros_ws/install/geometry_msgs/lib/python3.8/site-packages:/home/devpc/Desktop/microros_ws/install/std_msgs/lib/python3.8/site-packages:/home/devpc/Desktop/microros_ws/install/builtin_interfaces/lib/python3.8/site-packages:${PYTHONPATH} /usr/bin/cmake /home/devpc/Desktop/microros_ws/src/ros2/common_interfaces/stereo_msgs -DCMAKE_INSTALL_PREFIX=/home/devpc/Desktop/microros_ws/install/stereo_msgs
[2.461s] Invoking command in '/home/devpc/Desktop/microros_ws/build/stereo_msgs': AMENT_PREFIX_PATH=/home/devpc/Desktop/microros_ws/install/sensor_msgs:/home/devpc/Desktop/microros_ws/install/geometry_msgs:/home/devpc/Desktop/microros_ws/install/std_msgs:/home/devpc/Desktop/microros_ws/install/builtin_interfaces:${AMENT_PREFIX_PATH} CMAKE_PREFIX_PATH=/home/devpc/Desktop/microros_ws/install/sensor_msgs:/home/devpc/Desktop/microros_ws/install/geometry_msgs:/home/devpc/Desktop/microros_ws/install/std_msgs:/home/devpc/Desktop/microros_ws/install/builtin_interfaces:/home/devpc/Desktop/microros_ws/install/rosidl_typesupport_microxrcedds_cpp:/home/devpc/Desktop/microros_ws/install/rosidl_typesupport_microxrcedds_c:/home/devpc/Desktop/microros_ws/install/microcdr:/home/devpc/Desktop/microros_ws/install/micro_ros_agent:/home/devpc/Desktop/microros_ws/install/microxrcedds_agent:/home/devpc/Desktop/microros_ws/install/micro_ros_setup:/home/devpc/Desktop/microros_ws/install/micro_ros_msgs:/home/devpc/Desktop/quad_ws/install/quad_interfaces:/home/devpc/Desktop/quad_ws/install/quad:/opt/ros/foxy LD_LIBRARY_PATH=/home/devpc/Desktop/microros_ws/install/sensor_msgs/lib:/home/devpc/Desktop/microros_ws/install/geometry_msgs/lib:/home/devpc/Desktop/microros_ws/install/std_msgs/lib:/home/devpc/Desktop/microros_ws/install/builtin_interfaces/lib:${LD_LIBRARY_PATH} PYTHONPATH=/home/devpc/Desktop/microros_ws/install/sensor_msgs/lib/python3.8/site-packages:/home/devpc/Desktop/microros_ws/install/geometry_msgs/lib/python3.8/site-packages:/home/devpc/Desktop/microros_ws/install/std_msgs/lib/python3.8/site-packages:/home/devpc/Desktop/microros_ws/install/builtin_interfaces/lib/python3.8/site-packages:${PYTHONPATH} /usr/bin/cmake --build /home/devpc/Desktop/microros_ws/build/stereo_msgs -- -j8 -l8
[2.504s] [35m[1mScanning dependencies of target stereo_msgs__cpp[0m
[2.504s] [  2%] [34m[1mGenerating C code for ROS interfaces[0m
[2.516s] [  5%] [34m[1mGenerating C++ code for ROS interfaces[0m
[2.849s] [35m[1mScanning dependencies of target stereo_msgs__rosidl_generator_c[0m
[2.863s] [  7%] [32mBuilding C object CMakeFiles/stereo_msgs__rosidl_generator_c.dir/rosidl_generator_c/stereo_msgs/msg/detail/disparity_image__functions.c.o[0m
[2.863s] [  7%] Built target stereo_msgs__cpp
[2.875s] [ 10%] [34m[1mGenerating C++ type support for eProsima Micro XRCE-DDS[0m
[2.878s] [ 12%] [34m[1mGenerating C++ introspection for ROS interfaces[0m
[2.878s] [ 17%] [34m[1mGenerating C++ type support dispatch for ROS interfaces[0m
[2.878s] [ 17%] [34m[1mGenerating C++ type support for eProsima Fast-RTPS[0m
[2.920s] [ 20%] [32m[1mLinking C shared library libstereo_msgs__rosidl_generator_c.so[0m
[2.977s] [ 20%] Built target stereo_msgs__rosidl_generator_c
[2.992s] [ 23%] [34m[1mGenerating C type support for eProsima Micro XRCE-DDS[0m
[2.993s] [ 25%] [34m[1mGenerating C type support dispatch for ROS interfaces[0m
[2.994s] [ 28%] [34m[1mGenerating C introspection for ROS interfaces[0m
[3.389s] [35m[1mScanning dependencies of target stereo_msgs__rosidl_typesupport_cpp[0m
[3.396s] [35m[1mScanning dependencies of target stereo_msgs__rosidl_typesupport_microxrcedds_cpp[0m
[3.406s] [35m[1mScanning dependencies of target stereo_msgs__rosidl_typesupport_introspection_cpp[0m
[3.410s] [ 30%] [32mBuilding CXX object CMakeFiles/stereo_msgs__rosidl_typesupport_cpp.dir/rosidl_typesupport_cpp/stereo_msgs/msg/disparity_image__type_support.cpp.o[0m
[3.412s] [35m[1mScanning dependencies of target stereo_msgs__rosidl_typesupport_fastrtps_cpp[0m
[3.421s] [ 33%] [32mBuilding CXX object CMakeFiles/stereo_msgs__rosidl_typesupport_microxrcedds_cpp.dir/rosidl_typesupport_microxrcedds_cpp/stereo_msgs/msg/detail/microxrcedds/disparity_image__type_support_cpp.cpp.o[0m
[3.428s] [ 35%] [32mBuilding CXX object CMakeFiles/stereo_msgs__rosidl_typesupport_introspection_cpp.dir/rosidl_typesupport_introspection_cpp/stereo_msgs/msg/detail/disparity_image__type_support.cpp.o[0m
[3.441s] [ 38%] [32mBuilding CXX object CMakeFiles/stereo_msgs__rosidl_typesupport_fastrtps_cpp.dir/rosidl_typesupport_fastrtps_cpp/stereo_msgs/msg/detail/dds_fastrtps/disparity_image__type_support.cpp.o[0m
[3.526s] [35m[1mScanning dependencies of target stereo_msgs__rosidl_typesupport_c[0m
[3.548s] [ 41%] [32mBuilding CXX object CMakeFiles/stereo_msgs__rosidl_typesupport_c.dir/rosidl_typesupport_c/stereo_msgs/msg/disparity_image__type_support.cpp.o[0m
[3.566s] [35m[1mScanning dependencies of target stereo_msgs__rosidl_typesupport_introspection_c[0m
[3.583s] [35m[1mScanning dependencies of target stereo_msgs__rosidl_typesupport_microxrcedds_c[0m
[3.596s] [ 43%] [32mBuilding C object CMakeFiles/stereo_msgs__rosidl_typesupport_introspection_c.dir/rosidl_typesupport_introspection_c/stereo_msgs/msg/detail/disparity_image__type_support.c.o[0m
[3.608s] [ 48%] [32mBuilding C object CMakeFiles/stereo_msgs__rosidl_typesupport_microxrcedds_c.dir/rosidl_typesupport_microxrcedds_c/stereo_msgs/msg/detail/microxrcedds/disparity_image__type_support_c.c.o[0m
[3.608s] [ 48%] [32m[1mLinking CXX shared library libstereo_msgs__rosidl_typesupport_c.so[0m
[3.651s] [ 51%] [32m[1mLinking C shared library libstereo_msgs__rosidl_typesupport_introspection_c.so[0m
[3.683s] [ 51%] Built target stereo_msgs__rosidl_typesupport_c
[3.695s] [ 53%] [32m[1mLinking C shared library libstereo_msgs__rosidl_typesupport_microxrcedds_c.so[0m
[3.704s] [ 53%] Built target stereo_msgs__rosidl_typesupport_introspection_c
[3.754s] [ 53%] Built target stereo_msgs__rosidl_typesupport_microxrcedds_c
[3.835s] [ 56%] [32m[1mLinking CXX shared library libstereo_msgs__rosidl_typesupport_cpp.so[0m
[3.878s] [ 56%] Built target stereo_msgs__rosidl_typesupport_cpp
[3.881s] [ 58%] [32m[1mLinking CXX shared library libstereo_msgs__rosidl_typesupport_microxrcedds_cpp.so[0m
[3.889s] [ 61%] [32m[1mLinking CXX shared library libstereo_msgs__rosidl_typesupport_introspection_cpp.so[0m
[3.937s] [ 61%] Built target stereo_msgs__rosidl_typesupport_microxrcedds_cpp
[3.966s] [ 61%] Built target stereo_msgs__rosidl_typesupport_introspection_cpp
[4.097s] [ 64%] [32m[1mLinking CXX shared library libstereo_msgs__rosidl_typesupport_fastrtps_cpp.so[0m
[4.196s] [ 64%] Built target stereo_msgs__rosidl_typesupport_fastrtps_cpp
[4.208s] [ 66%] [34m[1mGenerating C type support for eProsima Fast-RTPS[0m
[4.540s] [35m[1mScanning dependencies of target stereo_msgs__rosidl_typesupport_fastrtps_c[0m
[4.557s] [ 69%] [32mBuilding CXX object CMakeFiles/stereo_msgs__rosidl_typesupport_fastrtps_c.dir/rosidl_typesupport_fastrtps_c/stereo_msgs/msg/detail/disparity_image__type_support_c.cpp.o[0m
[4.947s] [ 71%] [32m[1mLinking CXX shared library libstereo_msgs__rosidl_typesupport_fastrtps_c.so[0m
[5.032s] [ 71%] Built target stereo_msgs__rosidl_typesupport_fastrtps_c
[5.042s] [35m[1mScanning dependencies of target stereo_msgs[0m
[5.053s] [ 71%] Built target stereo_msgs
[5.063s] [35m[1mScanning dependencies of target stereo_msgs__py[0m
[5.074s] [ 74%] [34m[1mGenerating Python code for ROS interfaces[0m
[5.661s] [ 74%] Built target stereo_msgs__py
[5.671s] [35m[1mScanning dependencies of target stereo_msgs__python[0m
[5.689s] [ 76%] [32mBuilding C object CMakeFiles/stereo_msgs__python.dir/rosidl_generator_py/stereo_msgs/msg/_disparity_image_s.c.o[0m
[5.782s] [ 79%] [32m[1mLinking C shared library rosidl_generator_py/stereo_msgs/libstereo_msgs__python.so[0m
[5.824s] [ 79%] Built target stereo_msgs__python
[5.835s] [35m[1mScanning dependencies of target stereo_msgs__rosidl_typesupport_fastrtps_c__pyext[0m
[5.837s] [35m[1mScanning dependencies of target stereo_msgs__rosidl_typesupport_introspection_c__pyext[0m
[5.837s] [35m[1mScanning dependencies of target stereo_msgs__rosidl_typesupport_microxrcedds_c__pyext[0m
[5.838s] [35m[1mScanning dependencies of target stereo_msgs__rosidl_typesupport_c__pyext[0m
[5.858s] [ 82%] [32mBuilding C object CMakeFiles/stereo_msgs__rosidl_typesupport_fastrtps_c__pyext.dir/rosidl_generator_py/stereo_msgs/_stereo_msgs_s.ep.rosidl_typesupport_fastrtps_c.c.o[0m
[5.861s] [ 84%] [32mBuilding C object CMakeFiles/stereo_msgs__rosidl_typesupport_microxrcedds_c__pyext.dir/rosidl_generator_py/stereo_msgs/_stereo_msgs_s.ep.rosidl_typesupport_microxrcedds_c.c.o[0m
[5.862s] [ 87%] [32mBuilding C object CMakeFiles/stereo_msgs__rosidl_typesupport_introspection_c__pyext.dir/rosidl_generator_py/stereo_msgs/_stereo_msgs_s.ep.rosidl_typesupport_introspection_c.c.o[0m
[5.863s] [ 89%] [32mBuilding C object CMakeFiles/stereo_msgs__rosidl_typesupport_c__pyext.dir/rosidl_generator_py/stereo_msgs/_stereo_msgs_s.ep.rosidl_typesupport_c.c.o[0m
[5.946s] [ 94%] [32m[1mLinking C shared library rosidl_generator_py/stereo_msgs/stereo_msgs_s__rosidl_typesupport_introspection_c.cpython-38-x86_64-linux-gnu.so[0m
[5.946s] [ 94%] [32m[1mLinking C shared library rosidl_generator_py/stereo_msgs/stereo_msgs_s__rosidl_typesupport_c.cpython-38-x86_64-linux-gnu.so[0m
[5.946s] [ 97%] [32m[1mLinking CXX shared library rosidl_generator_py/stereo_msgs/stereo_msgs_s__rosidl_typesupport_fastrtps_c.cpython-38-x86_64-linux-gnu.so[0m
[5.984s] [ 97%] Built target stereo_msgs__rosidl_typesupport_introspection_c__pyext
[5.984s] [ 97%] Built target stereo_msgs__rosidl_typesupport_c__pyext
[5.997s] [100%] [32m[1mLinking C shared library rosidl_generator_py/stereo_msgs/stereo_msgs_s__rosidl_typesupport_microxrcedds_c.cpython-38-x86_64-linux-gnu.so[0m
[6.012s] [100%] Built target stereo_msgs__rosidl_typesupport_fastrtps_c__pyext
[6.038s] [100%] Built target stereo_msgs__rosidl_typesupport_microxrcedds_c__pyext
[6.048s] Invoked command in '/home/devpc/Desktop/microros_ws/build/stereo_msgs' returned '0': AMENT_PREFIX_PATH=/home/devpc/Desktop/microros_ws/install/sensor_msgs:/home/devpc/Desktop/microros_ws/install/geometry_msgs:/home/devpc/Desktop/microros_ws/install/std_msgs:/home/devpc/Desktop/microros_ws/install/builtin_interfaces:${AMENT_PREFIX_PATH} CMAKE_PREFIX_PATH=/home/devpc/Desktop/microros_ws/install/sensor_msgs:/home/devpc/Desktop/microros_ws/install/geometry_msgs:/home/devpc/Desktop/microros_ws/install/std_msgs:/home/devpc/Desktop/microros_ws/install/builtin_interfaces:/home/devpc/Desktop/microros_ws/install/rosidl_typesupport_microxrcedds_cpp:/home/devpc/Desktop/microros_ws/install/rosidl_typesupport_microxrcedds_c:/home/devpc/Desktop/microros_ws/install/microcdr:/home/devpc/Desktop/microros_ws/install/micro_ros_agent:/home/devpc/Desktop/microros_ws/install/microxrcedds_agent:/home/devpc/Desktop/microros_ws/install/micro_ros_setup:/home/devpc/Desktop/microros_ws/install/micro_ros_msgs:/home/devpc/Desktop/quad_ws/install/quad_interfaces:/home/devpc/Desktop/quad_ws/install/quad:/opt/ros/foxy LD_LIBRARY_PATH=/home/devpc/Desktop/microros_ws/install/sensor_msgs/lib:/home/devpc/Desktop/microros_ws/install/geometry_msgs/lib:/home/devpc/Desktop/microros_ws/install/std_msgs/lib:/home/devpc/Desktop/microros_ws/install/builtin_interfaces/lib:${LD_LIBRARY_PATH} PYTHONPATH=/home/devpc/Desktop/microros_ws/install/sensor_msgs/lib/python3.8/site-packages:/home/devpc/Desktop/microros_ws/install/geometry_msgs/lib/python3.8/site-packages:/home/devpc/Desktop/microros_ws/install/std_msgs/lib/python3.8/site-packages:/home/devpc/Desktop/microros_ws/install/builtin_interfaces/lib/python3.8/site-packages:${PYTHONPATH} /usr/bin/cmake --build /home/devpc/Desktop/microros_ws/build/stereo_msgs -- -j8 -l8
[6.098s] Invoking command in '/home/devpc/Desktop/microros_ws/build/stereo_msgs': AMENT_PREFIX_PATH=/home/devpc/Desktop/microros_ws/install/sensor_msgs:/home/devpc/Desktop/microros_ws/install/geometry_msgs:/home/devpc/Desktop/microros_ws/install/std_msgs:/home/devpc/Desktop/microros_ws/install/builtin_interfaces:${AMENT_PREFIX_PATH} CMAKE_PREFIX_PATH=/home/devpc/Desktop/microros_ws/install/sensor_msgs:/home/devpc/Desktop/microros_ws/install/geometry_msgs:/home/devpc/Desktop/microros_ws/install/std_msgs:/home/devpc/Desktop/microros_ws/install/builtin_interfaces:/home/devpc/Desktop/microros_ws/install/rosidl_typesupport_microxrcedds_cpp:/home/devpc/Desktop/microros_ws/install/rosidl_typesupport_microxrcedds_c:/home/devpc/Desktop/microros_ws/install/microcdr:/home/devpc/Desktop/microros_ws/install/micro_ros_agent:/home/devpc/Desktop/microros_ws/install/microxrcedds_agent:/home/devpc/Desktop/microros_ws/install/micro_ros_setup:/home/devpc/Desktop/microros_ws/install/micro_ros_msgs:/home/devpc/Desktop/quad_ws/install/quad_interfaces:/home/devpc/Desktop/quad_ws/install/quad:/opt/ros/foxy LD_LIBRARY_PATH=/home/devpc/Desktop/microros_ws/install/sensor_msgs/lib:/home/devpc/Desktop/microros_ws/install/geometry_msgs/lib:/home/devpc/Desktop/microros_ws/install/std_msgs/lib:/home/devpc/Desktop/microros_ws/install/builtin_interfaces/lib:${LD_LIBRARY_PATH} PYTHONPATH=/home/devpc/Desktop/microros_ws/install/sensor_msgs/lib/python3.8/site-packages:/home/devpc/Desktop/microros_ws/install/geometry_msgs/lib/python3.8/site-packages:/home/devpc/Desktop/microros_ws/install/std_msgs/lib/python3.8/site-packages:/home/devpc/Desktop/microros_ws/install/builtin_interfaces/lib/python3.8/site-packages:${PYTHONPATH} /usr/bin/cmake --install /home/devpc/Desktop/microros_ws/build/stereo_msgs
[6.107s] -- Install configuration: ""
[6.107s] -- Installing: /home/devpc/Desktop/microros_ws/install/stereo_msgs/share/ament_index/resource_index/rosidl_interfaces/stereo_msgs
[6.107s] -- Installing: /home/devpc/Desktop/microros_ws/install/stereo_msgs/include/stereo_msgs
[6.107s] -- Installing: /home/devpc/Desktop/microros_ws/install/stereo_msgs/include/stereo_msgs/msg
[6.108s] -- Installing: /home/devpc/Desktop/microros_ws/install/stereo_msgs/include/stereo_msgs/msg/detail
[6.108s] -- Installing: /home/devpc/Desktop/microros_ws/install/stereo_msgs/include/stereo_msgs/msg/detail/disparity_image__struct.h
[6.108s] -- Installing: /home/devpc/Desktop/microros_ws/install/stereo_msgs/include/stereo_msgs/msg/detail/disparity_image__functions.h
[6.108s] -- Installing: /home/devpc/Desktop/microros_ws/install/stereo_msgs/include/stereo_msgs/msg/detail/disparity_image__type_support.h
[6.108s] -- Installing: /home/devpc/Desktop/microros_ws/install/stereo_msgs/include/stereo_msgs/msg/detail/disparity_image__functions.c
[6.108s] -- Installing: /home/devpc/Desktop/microros_ws/install/stereo_msgs/include/stereo_msgs/msg/disparity_image.h
[6.108s] -- Installing: /home/devpc/Desktop/microros_ws/install/stereo_msgs/include/stereo_msgs/msg/rosidl_generator_c__visibility_control.h
[6.108s] -- Installing: /home/devpc/Desktop/microros_ws/install/stereo_msgs/share/stereo_msgs/environment/library_path.sh
[6.108s] -- Installing: /home/devpc/Desktop/microros_ws/install/stereo_msgs/share/stereo_msgs/environment/library_path.dsv
[6.109s] -- Installing: /home/devpc/Desktop/microros_ws/install/stereo_msgs/lib/libstereo_msgs__rosidl_generator_c.so
[6.109s] -- Set runtime path of "/home/devpc/Desktop/microros_ws/install/stereo_msgs/lib/libstereo_msgs__rosidl_generator_c.so" to ""
[6.109s] -- Up-to-date: /home/devpc/Desktop/microros_ws/install/stereo_msgs/include/stereo_msgs
[6.109s] -- Up-to-date: /home/devpc/Desktop/microros_ws/install/stereo_msgs/include/stereo_msgs/msg
[6.109s] -- Up-to-date: /home/devpc/Desktop/microros_ws/install/stereo_msgs/include/stereo_msgs/msg/detail
[6.109s] -- Installing: /home/devpc/Desktop/microros_ws/install/stereo_msgs/include/stereo_msgs/msg/detail/disparity_image__rosidl_typesupport_microxrcedds_c.h
[6.109s] -- Installing: /home/devpc/Desktop/microros_ws/install/stereo_msgs/include/stereo_msgs/msg/detail/microxrcedds
[6.109s] -- Installing: /home/devpc/Desktop/microros_ws/install/stereo_msgs/include/stereo_msgs/msg/rosidl_typesupport_microxrcedds_c__visibility_control.h
[6.109s] -- Installing: /home/devpc/Desktop/microros_ws/install/stereo_msgs/lib/libstereo_msgs__rosidl_typesupport_microxrcedds_c.so
[6.109s] -- Set runtime path of "/home/devpc/Desktop/microros_ws/install/stereo_msgs/lib/libstereo_msgs__rosidl_typesupport_microxrcedds_c.so" to ""
[6.109s] -- Up-to-date: /home/devpc/Desktop/microros_ws/install/stereo_msgs/include/stereo_msgs
[6.110s] -- Up-to-date: /home/devpc/Desktop/microros_ws/install/stereo_msgs/include/stereo_msgs/msg
[6.110s] -- Up-to-date: /home/devpc/Desktop/microros_ws/install/stereo_msgs/include/stereo_msgs/msg/detail
[6.110s] -- Installing: /home/devpc/Desktop/microros_ws/install/stereo_msgs/include/stereo_msgs/msg/detail/disparity_image__rosidl_typesupport_fastrtps_c.h
[6.110s] -- Installing: /home/devpc/Desktop/microros_ws/install/stereo_msgs/include/stereo_msgs/msg/rosidl_typesupport_fastrtps_c__visibility_control.h
[6.110s] -- Installing: /home/devpc/Desktop/microros_ws/install/stereo_msgs/lib/libstereo_msgs__rosidl_typesupport_fastrtps_c.so
[6.110s] -- Set runtime path of "/home/devpc/Desktop/microros_ws/install/stereo_msgs/lib/libstereo_msgs__rosidl_typesupport_fastrtps_c.so" to ""
[6.110s] -- Up-to-date: /home/devpc/Desktop/microros_ws/install/stereo_msgs/include/stereo_msgs
[6.110s] -- Up-to-date: /home/devpc/Desktop/microros_ws/install/stereo_msgs/include/stereo_msgs/msg
[6.110s] -- Up-to-date: /home/devpc/Desktop/microros_ws/install/stereo_msgs/include/stereo_msgs/msg/detail
[6.110s] -- Installing: /home/devpc/Desktop/microros_ws/install/stereo_msgs/include/stereo_msgs/msg/detail/disparity_image__rosidl_typesupport_fastrtps_cpp.hpp
[6.110s] -- Installing: /home/devpc/Desktop/microros_ws/install/stereo_msgs/include/stereo_msgs/msg/detail/dds_fastrtps
[6.110s] -- Installing: /home/devpc/Desktop/microros_ws/install/stereo_msgs/include/stereo_msgs/msg/rosidl_typesupport_fastrtps_cpp__visibility_control.h
[6.111s] -- Installing: /home/devpc/Desktop/microros_ws/install/stereo_msgs/lib/libstereo_msgs__rosidl_typesupport_fastrtps_cpp.so
[6.111s] -- Set runtime path of "/home/devpc/Desktop/microros_ws/install/stereo_msgs/lib/libstereo_msgs__rosidl_typesupport_fastrtps_cpp.so" to ""
[6.111s] -- Up-to-date: /home/devpc/Desktop/microros_ws/install/stereo_msgs/include/stereo_msgs
[6.111s] -- Up-to-date: /home/devpc/Desktop/microros_ws/install/stereo_msgs/include/stereo_msgs/msg
[6.111s] -- Up-to-date: /home/devpc/Desktop/microros_ws/install/stereo_msgs/include/stereo_msgs/msg/detail
[6.111s] -- Installing: /home/devpc/Desktop/microros_ws/install/stereo_msgs/include/stereo_msgs/msg/detail/disparity_image__type_support.c
[6.111s] -- Installing: /home/devpc/Desktop/microros_ws/install/stereo_msgs/include/stereo_msgs/msg/detail/disparity_image__rosidl_typesupport_introspection_c.h
[6.111s] -- Installing: /home/devpc/Desktop/microros_ws/install/stereo_msgs/include/stereo_msgs/msg/rosidl_typesupport_introspection_c__visibility_control.h
[6.111s] -- Installing: /home/devpc/Desktop/microros_ws/install/stereo_msgs/lib/libstereo_msgs__rosidl_typesupport_introspection_c.so
[6.111s] -- Set runtime path of "/home/devpc/Desktop/microros_ws/install/stereo_msgs/lib/libstereo_msgs__rosidl_typesupport_introspection_c.so" to ""
[6.112s] -- Installing: /home/devpc/Desktop/microros_ws/install/stereo_msgs/lib/libstereo_msgs__rosidl_typesupport_c.so
[6.112s] -- Set runtime path of "/home/devpc/Desktop/microros_ws/install/stereo_msgs/lib/libstereo_msgs__rosidl_typesupport_c.so" to ""
[6.112s] -- Up-to-date: /home/devpc/Desktop/microros_ws/install/stereo_msgs/include/stereo_msgs
[6.112s] -- Up-to-date: /home/devpc/Desktop/microros_ws/install/stereo_msgs/include/stereo_msgs/msg
[6.112s] -- Up-to-date: /home/devpc/Desktop/microros_ws/install/stereo_msgs/include/stereo_msgs/msg/detail
[6.112s] -- Installing: /home/devpc/Desktop/microros_ws/install/stereo_msgs/include/stereo_msgs/msg/detail/disparity_image__traits.hpp
[6.113s] -- Installing: /home/devpc/Desktop/microros_ws/install/stereo_msgs/include/stereo_msgs/msg/detail/disparity_image__builder.hpp
[6.113s] -- Installing: /home/devpc/Desktop/microros_ws/install/stereo_msgs/include/stereo_msgs/msg/detail/disparity_image__struct.hpp
[6.113s] -- Installing: /home/devpc/Desktop/microros_ws/install/stereo_msgs/include/stereo_msgs/msg/disparity_image.hpp
[6.113s] -- Up-to-date: /home/devpc/Desktop/microros_ws/install/stereo_msgs/include/stereo_msgs
[6.113s] -- Up-to-date: /home/devpc/Desktop/microros_ws/install/stereo_msgs/include/stereo_msgs/msg
[6.113s] -- Up-to-date: /home/devpc/Desktop/microros_ws/install/stereo_msgs/include/stereo_msgs/msg/detail
[6.113s] -- Installing: /home/devpc/Desktop/microros_ws/install/stereo_msgs/include/stereo_msgs/msg/detail/disparity_image__rosidl_typesupport_microxrcedds_cpp.hpp
[6.113s] -- Up-to-date: /home/devpc/Desktop/microros_ws/install/stereo_msgs/include/stereo_msgs/msg/detail/microxrcedds
[6.113s] -- Installing: /home/devpc/Desktop/microros_ws/install/stereo_msgs/include/stereo_msgs/msg/detail/microxrcedds/disparity_image__type_support_cpp.cpp
[6.113s] -- Installing: /home/devpc/Desktop/microros_ws/install/stereo_msgs/include/stereo_msgs/msg/rosidl_typesupport_microxrcedds_cpp__visibility_control.h
[6.114s] -- Installing: /home/devpc/Desktop/microros_ws/install/stereo_msgs/lib/libstereo_msgs__rosidl_typesupport_microxrcedds_cpp.so
[6.114s] -- Set runtime path of "/home/devpc/Desktop/microros_ws/install/stereo_msgs/lib/libstereo_msgs__rosidl_typesupport_microxrcedds_cpp.so" to ""
[6.114s] -- Up-to-date: /home/devpc/Desktop/microros_ws/install/stereo_msgs/include/stereo_msgs
[6.114s] -- Up-to-date: /home/devpc/Desktop/microros_ws/install/stereo_msgs/include/stereo_msgs/msg
[6.114s] -- Up-to-date: /home/devpc/Desktop/microros_ws/install/stereo_msgs/include/stereo_msgs/msg/detail
[6.114s] -- Installing: /home/devpc/Desktop/microros_ws/install/stereo_msgs/include/stereo_msgs/msg/detail/disparity_image__rosidl_typesupport_introspection_cpp.hpp
[6.114s] -- Installing: /home/devpc/Desktop/microros_ws/install/stereo_msgs/include/stereo_msgs/msg/detail/disparity_image__type_support.cpp
[6.114s] -- Installing: /home/devpc/Desktop/microros_ws/install/stereo_msgs/lib/libstereo_msgs__rosidl_typesupport_introspection_cpp.so
[6.114s] -- Set runtime path of "/home/devpc/Desktop/microros_ws/install/stereo_msgs/lib/libstereo_msgs__rosidl_typesupport_introspection_cpp.so" to ""
[6.115s] -- Installing: /home/devpc/Desktop/microros_ws/install/stereo_msgs/lib/libstereo_msgs__rosidl_typesupport_cpp.so
[6.115s] -- Set runtime path of "/home/devpc/Desktop/microros_ws/install/stereo_msgs/lib/libstereo_msgs__rosidl_typesupport_cpp.so" to ""
[6.115s] -- Installing: /home/devpc/Desktop/microros_ws/install/stereo_msgs/share/stereo_msgs/environment/pythonpath.sh
[6.115s] -- Installing: /home/devpc/Desktop/microros_ws/install/stereo_msgs/share/stereo_msgs/environment/pythonpath.dsv
[6.115s] -- Installing: /home/devpc/Desktop/microros_ws/install/stereo_msgs/lib/python3.8/site-packages/stereo_msgs/__init__.py
[6.146s] Compiling '/home/devpc/Desktop/microros_ws/install/stereo_msgs/lib/python3.8/site-packages/stereo_msgs/__init__.py'...
[6.149s] -- Installing: /home/devpc/Desktop/microros_ws/install/stereo_msgs/lib/python3.8/site-packages/stereo_msgs/msg
[6.149s] -- Installing: /home/devpc/Desktop/microros_ws/install/stereo_msgs/lib/python3.8/site-packages/stereo_msgs/msg/_disparity_image.py
[6.149s] -- Installing: /home/devpc/Desktop/microros_ws/install/stereo_msgs/lib/python3.8/site-packages/stereo_msgs/msg/__init__.py
[6.149s] -- Installing: /home/devpc/Desktop/microros_ws/install/stereo_msgs/lib/python3.8/site-packages/stereo_msgs/msg/_disparity_image_s.c
[6.150s] -- Installing: /home/devpc/Desktop/microros_ws/install/stereo_msgs/lib/python3.8/site-packages/stereo_msgs/stereo_msgs_s__rosidl_typesupport_microxrcedds_c.cpython-38-x86_64-linux-gnu.so
[6.150s] -- Set runtime path of "/home/devpc/Desktop/microros_ws/install/stereo_msgs/lib/python3.8/site-packages/stereo_msgs/stereo_msgs_s__rosidl_typesupport_microxrcedds_c.cpython-38-x86_64-linux-gnu.so" to ""
[6.150s] -- Installing: /home/devpc/Desktop/microros_ws/install/stereo_msgs/lib/python3.8/site-packages/stereo_msgs/stereo_msgs_s__rosidl_typesupport_fastrtps_c.cpython-38-x86_64-linux-gnu.so
[6.151s] -- Set runtime path of "/home/devpc/Desktop/microros_ws/install/stereo_msgs/lib/python3.8/site-packages/stereo_msgs/stereo_msgs_s__rosidl_typesupport_fastrtps_c.cpython-38-x86_64-linux-gnu.so" to ""
[6.151s] -- Installing: /home/devpc/Desktop/microros_ws/install/stereo_msgs/lib/python3.8/site-packages/stereo_msgs/stereo_msgs_s__rosidl_typesupport_introspection_c.cpython-38-x86_64-linux-gnu.so
[6.151s] -- Set runtime path of "/home/devpc/Desktop/microros_ws/install/stereo_msgs/lib/python3.8/site-packages/stereo_msgs/stereo_msgs_s__rosidl_typesupport_introspection_c.cpython-38-x86_64-linux-gnu.so" to ""
[6.152s] -- Installing: /home/devpc/Desktop/microros_ws/install/stereo_msgs/lib/python3.8/site-packages/stereo_msgs/stereo_msgs_s__rosidl_typesupport_c.cpython-38-x86_64-linux-gnu.so
[6.152s] -- Set runtime path of "/home/devpc/Desktop/microros_ws/install/stereo_msgs/lib/python3.8/site-packages/stereo_msgs/stereo_msgs_s__rosidl_typesupport_c.cpython-38-x86_64-linux-gnu.so" to ""
[6.152s] -- Installing: /home/devpc/Desktop/microros_ws/install/stereo_msgs/lib/libstereo_msgs__python.so
[6.152s] -- Set runtime path of "/home/devpc/Desktop/microros_ws/install/stereo_msgs/lib/libstereo_msgs__python.so" to ""
[6.152s] -- Installing: /home/devpc/Desktop/microros_ws/install/stereo_msgs/share/stereo_msgs/msg/DisparityImage.idl
[6.153s] -- Installing: /home/devpc/Desktop/microros_ws/install/stereo_msgs/share/stereo_msgs/msg/DisparityImage.msg
[6.153s] -- Installing: /home/devpc/Desktop/microros_ws/install/stereo_msgs/share/ament_index/resource_index/package_run_dependencies/stereo_msgs
[6.153s] -- Installing: /home/devpc/Desktop/microros_ws/install/stereo_msgs/share/ament_index/resource_index/parent_prefix_path/stereo_msgs
[6.153s] -- Installing: /home/devpc/Desktop/microros_ws/install/stereo_msgs/share/stereo_msgs/environment/ament_prefix_path.sh
[6.153s] -- Installing: /home/devpc/Desktop/microros_ws/install/stereo_msgs/share/stereo_msgs/environment/ament_prefix_path.dsv
[6.153s] -- Installing: /home/devpc/Desktop/microros_ws/install/stereo_msgs/share/stereo_msgs/environment/path.sh
[6.153s] -- Installing: /home/devpc/Desktop/microros_ws/install/stereo_msgs/share/stereo_msgs/environment/path.dsv
[6.153s] -- Installing: /home/devpc/Desktop/microros_ws/install/stereo_msgs/share/stereo_msgs/local_setup.bash
[6.154s] -- Installing: /home/devpc/Desktop/microros_ws/install/stereo_msgs/share/stereo_msgs/local_setup.sh
[6.154s] -- Installing: /home/devpc/Desktop/microros_ws/install/stereo_msgs/share/stereo_msgs/local_setup.zsh
[6.154s] -- Installing: /home/devpc/Desktop/microros_ws/install/stereo_msgs/share/stereo_msgs/local_setup.dsv
[6.154s] -- Installing: /home/devpc/Desktop/microros_ws/install/stereo_msgs/share/stereo_msgs/package.dsv
[6.154s] -- Installing: /home/devpc/Desktop/microros_ws/install/stereo_msgs/share/ament_index/resource_index/packages/stereo_msgs
[6.154s] -- Installing: /home/devpc/Desktop/microros_ws/install/stereo_msgs/share/stereo_msgs/cmake/stereo_msgs__rosidl_generator_cExport.cmake
[6.154s] -- Installing: /home/devpc/Desktop/microros_ws/install/stereo_msgs/share/stereo_msgs/cmake/stereo_msgs__rosidl_generator_cExport-noconfig.cmake
[6.155s] -- Installing: /home/devpc/Desktop/microros_ws/install/stereo_msgs/share/stereo_msgs/cmake/stereo_msgs__rosidl_typesupport_introspection_cExport.cmake
[6.155s] -- Installing: /home/devpc/Desktop/microros_ws/install/stereo_msgs/share/stereo_msgs/cmake/stereo_msgs__rosidl_typesupport_introspection_cExport-noconfig.cmake
[6.155s] -- Installing: /home/devpc/Desktop/microros_ws/install/stereo_msgs/share/stereo_msgs/cmake/stereo_msgs__rosidl_typesupport_cExport.cmake
[6.155s] -- Installing: /home/devpc/Desktop/microros_ws/install/stereo_msgs/share/stereo_msgs/cmake/stereo_msgs__rosidl_typesupport_cExport-noconfig.cmake
[6.155s] -- Installing: /home/devpc/Desktop/microros_ws/install/stereo_msgs/share/stereo_msgs/cmake/stereo_msgs__rosidl_generator_cppExport.cmake
[6.155s] -- Installing: /home/devpc/Desktop/microros_ws/install/stereo_msgs/share/stereo_msgs/cmake/stereo_msgs__rosidl_typesupport_introspection_cppExport.cmake
[6.155s] -- Installing: /home/devpc/Desktop/microros_ws/install/stereo_msgs/share/stereo_msgs/cmake/stereo_msgs__rosidl_typesupport_introspection_cppExport-noconfig.cmake
[6.156s] -- Installing: /home/devpc/Desktop/microros_ws/install/stereo_msgs/share/stereo_msgs/cmake/stereo_msgs__rosidl_typesupport_cppExport.cmake
[6.156s] -- Installing: /home/devpc/Desktop/microros_ws/install/stereo_msgs/share/stereo_msgs/cmake/stereo_msgs__rosidl_typesupport_cppExport-noconfig.cmake
[6.156s] -- Installing: /home/devpc/Desktop/microros_ws/install/stereo_msgs/share/stereo_msgs/cmake/rosidl_cmake-extras.cmake
[6.156s] -- Installing: /home/devpc/Desktop/microros_ws/install/stereo_msgs/share/stereo_msgs/cmake/ament_cmake_export_dependencies-extras.cmake
[6.156s] -- Installing: /home/devpc/Desktop/microros_ws/install/stereo_msgs/share/stereo_msgs/cmake/ament_cmake_export_libraries-extras.cmake
[6.156s] -- Installing: /home/devpc/Desktop/microros_ws/install/stereo_msgs/share/stereo_msgs/cmake/ament_cmake_export_targets-extras.cmake
[6.156s] -- Installing: /home/devpc/Desktop/microros_ws/install/stereo_msgs/share/stereo_msgs/cmake/ament_cmake_export_include_directories-extras.cmake
[6.156s] -- Installing: /home/devpc/Desktop/microros_ws/install/stereo_msgs/share/stereo_msgs/cmake/rosidl_cmake_export_typesupport_libraries-extras.cmake
[6.157s] -- Installing: /home/devpc/Desktop/microros_ws/install/stereo_msgs/share/stereo_msgs/cmake/rosidl_cmake_export_typesupport_targets-extras.cmake
[6.157s] -- Installing: /home/devpc/Desktop/microros_ws/install/stereo_msgs/share/stereo_msgs/cmake/stereo_msgsConfig.cmake
[6.157s] -- Installing: /home/devpc/Desktop/microros_ws/install/stereo_msgs/share/stereo_msgs/cmake/stereo_msgsConfig-version.cmake
[6.157s] -- Installing: /home/devpc/Desktop/microros_ws/install/stereo_msgs/share/stereo_msgs/package.xml
[6.160s] Invoked command in '/home/devpc/Desktop/microros_ws/build/stereo_msgs' returned '0': AMENT_PREFIX_PATH=/home/devpc/Desktop/microros_ws/install/sensor_msgs:/home/devpc/Desktop/microros_ws/install/geometry_msgs:/home/devpc/Desktop/microros_ws/install/std_msgs:/home/devpc/Desktop/microros_ws/install/builtin_interfaces:${AMENT_PREFIX_PATH} CMAKE_PREFIX_PATH=/home/devpc/Desktop/microros_ws/install/sensor_msgs:/home/devpc/Desktop/microros_ws/install/geometry_msgs:/home/devpc/Desktop/microros_ws/install/std_msgs:/home/devpc/Desktop/microros_ws/install/builtin_interfaces:/home/devpc/Desktop/microros_ws/install/rosidl_typesupport_microxrcedds_cpp:/home/devpc/Desktop/microros_ws/install/rosidl_typesupport_microxrcedds_c:/home/devpc/Desktop/microros_ws/install/microcdr:/home/devpc/Desktop/microros_ws/install/micro_ros_agent:/home/devpc/Desktop/microros_ws/install/microxrcedds_agent:/home/devpc/Desktop/microros_ws/install/micro_ros_setup:/home/devpc/Desktop/microros_ws/install/micro_ros_msgs:/home/devpc/Desktop/quad_ws/install/quad_interfaces:/home/devpc/Desktop/quad_ws/install/quad:/opt/ros/foxy LD_LIBRARY_PATH=/home/devpc/Desktop/microros_ws/install/sensor_msgs/lib:/home/devpc/Desktop/microros_ws/install/geometry_msgs/lib:/home/devpc/Desktop/microros_ws/install/std_msgs/lib:/home/devpc/Desktop/microros_ws/install/builtin_interfaces/lib:${LD_LIBRARY_PATH} PYTHONPATH=/home/devpc/Desktop/microros_ws/install/sensor_msgs/lib/python3.8/site-packages:/home/devpc/Desktop/microros_ws/install/geometry_msgs/lib/python3.8/site-packages:/home/devpc/Desktop/microros_ws/install/std_msgs/lib/python3.8/site-packages:/home/devpc/Desktop/microros_ws/install/builtin_interfaces/lib/python3.8/site-packages:${PYTHONPATH} /usr/bin/cmake --install /home/devpc/Desktop/microros_ws/build/stereo_msgs
