[0.051s] Invoking command in '/home/devpc/Desktop/microros_ws/build/unique_identifier_msgs': CMAKE_PREFIX_PATH=${CMAKE_PREFIX_PATH}:/home/devpc/Desktop/quad_ws/install/quad:/opt/ros/foxy /usr/bin/cmake /home/devpc/Desktop/microros_ws/src/ros2/unique_identifier_msgs -DCMAKE_INSTALL_PREFIX=/home/devpc/Desktop/microros_ws/install/unique_identifier_msgs
[0.120s] -- The C compiler identification is GNU 9.3.0
[0.197s] -- The CXX compiler identification is GNU 9.3.0
[0.199s] -- Check for working C compiler: /usr/bin/cc
[0.335s] -- Check for working C compiler: /usr/bin/cc -- works
[0.335s] -- Detecting C compiler ABI info
[0.385s] -- Detecting C compiler ABI info - done
[0.401s] -- Detecting C compile features
[0.402s] -- Detecting C compile features - done
[0.405s] -- Check for working CXX compiler: /usr/bin/c++
[0.559s] -- Check for working CXX compiler: /usr/bin/c++ -- works
[0.560s] -- Detecting CXX compiler ABI info
[0.649s] -- Detecting CXX compiler ABI info - done
[0.670s] -- Detecting CXX compile features
[0.670s] -- Detecting CXX compile features - done
[0.674s] -- Found ament_cmake: 0.9.8 (/opt/ros/foxy/share/ament_cmake/cmake)
[0.705s] -- Found PythonInterp: /usr/bin/python3 (found suitable version "3.8.10", minimum required is "3") 
[0.705s] -- Using PYTHON_EXECUTABLE: /usr/bin/python3
[0.987s] -- Found rosidl_default_generators: 1.0.1 (/opt/ros/foxy/share/rosidl_default_generators/cmake)
[0.994s] -- Using all available rosidl_typesupport_c: rosidl_typesupport_microxrcedds_c;rosidl_typesupport_fastrtps_c;rosidl_typesupport_introspection_c
[1.006s] -- Found rosidl_adapter: 1.2.1 (/opt/ros/foxy/share/rosidl_adapter/cmake)
[1.164s] -- Found OpenSSL: /usr/lib/x86_64-linux-gnu/libcrypto.so (found version "1.1.1f")  
[1.223s] -- Found FastRTPS: /opt/ros/foxy/include  
[1.370s] -- Using all available rosidl_typesupport_cpp: rosidl_typesupport_microxrcedds_cpp;rosidl_typesupport_fastrtps_cpp;rosidl_typesupport_introspection_cpp
[1.475s] -- Found PythonInterp: /usr/bin/python3 (found version "3.8.10") 
[1.852s] -- Found ament_cmake_ros: 0.9.2 (/opt/ros/foxy/share/ament_cmake_ros/cmake)
[2.122s] -- Using all available rosidl_typesupport_c: rosidl_typesupport_microxrcedds_c;rosidl_typesupport_fastrtps_c;rosidl_typesupport_introspection_c
[2.146s] -- Using all available rosidl_typesupport_cpp: rosidl_typesupport_microxrcedds_cpp;rosidl_typesupport_fastrtps_cpp;rosidl_typesupport_introspection_cpp
[2.188s] -- Found PythonInterp: /usr/bin/python3 (found suitable version "3.8.10", minimum required is "3.5") 
[2.191s] -- Found python_cmake_module: 0.8.1 (/opt/ros/foxy/share/python_cmake_module/cmake)
[2.246s] -- Found PythonLibs: /usr/lib/x86_64-linux-gnu/libpython3.8.so (found suitable version "3.8.10", minimum required is "3.5") 
[2.247s] -- Using PYTHON_EXECUTABLE: /usr/bin/python3
[2.247s] -- Using PYTHON_INCLUDE_DIRS: /usr/include/python3.8
[2.247s] -- Using PYTHON_LIBRARIES: /usr/lib/x86_64-linux-gnu/libpython3.8.so
[2.287s] -- Found PythonExtra: .so  
[2.378s] -- Found ament_lint_auto: 0.9.6 (/opt/ros/foxy/share/ament_lint_auto/cmake)
[2.425s] -- Added test 'copyright' to check source files copyright and LICENSE
[2.439s] -- Added test 'lint_cmake' to check CMake code style
[2.445s] -- Added test 'xmllint' to check XML markup files
[2.453s] -- Configuring done
[2.513s] -- Generating done
[2.520s] -- Build files have been written to: /home/devpc/Desktop/microros_ws/build/unique_identifier_msgs
[2.539s] Invoked command in '/home/devpc/Desktop/microros_ws/build/unique_identifier_msgs' returned '0': CMAKE_PREFIX_PATH=${CMAKE_PREFIX_PATH}:/home/devpc/Desktop/quad_ws/install/quad:/opt/ros/foxy /usr/bin/cmake /home/devpc/Desktop/microros_ws/src/ros2/unique_identifier_msgs -DCMAKE_INSTALL_PREFIX=/home/devpc/Desktop/microros_ws/install/unique_identifier_msgs
[2.541s] Invoking command in '/home/devpc/Desktop/microros_ws/build/unique_identifier_msgs': CMAKE_PREFIX_PATH=${CMAKE_PREFIX_PATH}:/home/devpc/Desktop/quad_ws/install/quad:/opt/ros/foxy /usr/bin/cmake --build /home/devpc/Desktop/microros_ws/build/unique_identifier_msgs -- -j8 -l8
[2.683s] [35m[1mScanning dependencies of target unique_identifier_msgs__cpp[0m
[2.713s] [  2%] [34m[1mGenerating C code for ROS interfaces[0m
[2.735s] [  5%] [34m[1mGenerating C++ code for ROS interfaces[0m
[3.346s] [35m[1mScanning dependencies of target unique_identifier_msgs__rosidl_generator_c[0m
[3.408s] [  7%] [32mBuilding C object CMakeFiles/unique_identifier_msgs__rosidl_generator_c.dir/rosidl_generator_c/unique_identifier_msgs/msg/detail/uuid__functions.c.o[0m
[3.487s] [ 10%] [32m[1mLinking C shared library libunique_identifier_msgs__rosidl_generator_c.so[0m
[3.498s] [ 10%] Built target unique_identifier_msgs__cpp
[3.524s] [ 12%] [34m[1mGenerating C++ type support for eProsima Fast-RTPS[0m
[3.541s] [ 15%] [34m[1mGenerating C++ introspection for ROS interfaces[0m
[3.546s] [ 17%] [34m[1mGenerating C++ type support dispatch for ROS interfaces[0m
[3.551s] [ 20%] [34m[1mGenerating C++ type support for eProsima Micro XRCE-DDS[0m
[3.554s] [ 20%] Built target unique_identifier_msgs__rosidl_generator_c
[3.624s] [ 23%] [34m[1mGenerating C type support dispatch for ROS interfaces[0m
[3.638s] [ 25%] [34m[1mGenerating C type support for eProsima Micro XRCE-DDS[0m
[3.657s] [ 28%] [34m[1mGenerating C introspection for ROS interfaces[0m
[4.266s] [35m[1mScanning dependencies of target unique_identifier_msgs__rosidl_typesupport_cpp[0m
[4.372s] [ 30%] [32mBuilding CXX object CMakeFiles/unique_identifier_msgs__rosidl_typesupport_cpp.dir/rosidl_typesupport_cpp/unique_identifier_msgs/msg/uuid__type_support.cpp.o[0m
[4.551s] [35m[1mScanning dependencies of target unique_identifier_msgs__rosidl_typesupport_introspection_c[0m
[4.582s] [ 33%] [32mBuilding C object CMakeFiles/unique_identifier_msgs__rosidl_typesupport_introspection_c.dir/rosidl_typesupport_introspection_c/unique_identifier_msgs/msg/detail/uuid__type_support.c.o[0m
[4.644s] [35m[1mScanning dependencies of target unique_identifier_msgs__rosidl_typesupport_c[0m
[4.720s] [ 35%] [32m[1mLinking C shared library libunique_identifier_msgs__rosidl_typesupport_introspection_c.so[0m
[4.752s] [ 38%] [32mBuilding CXX object CMakeFiles/unique_identifier_msgs__rosidl_typesupport_c.dir/rosidl_typesupport_c/unique_identifier_msgs/msg/uuid__type_support.cpp.o[0m
[4.752s] [35m[1mScanning dependencies of target unique_identifier_msgs__rosidl_typesupport_microxrcedds_cpp[0m
[4.829s] [35m[1mScanning dependencies of target unique_identifier_msgs__rosidl_typesupport_microxrcedds_c[0m
[4.845s] [ 41%] [32mBuilding CXX object CMakeFiles/unique_identifier_msgs__rosidl_typesupport_microxrcedds_cpp.dir/rosidl_typesupport_microxrcedds_cpp/unique_identifier_msgs/msg/detail/microxrcedds/uuid__type_support_cpp.cpp.o[0m
[4.854s] [35m[1mScanning dependencies of target unique_identifier_msgs__rosidl_typesupport_introspection_cpp[0m
[4.854s] [35m[1mScanning dependencies of target unique_identifier_msgs__rosidl_typesupport_fastrtps_cpp[0m
[4.893s] [ 41%] Built target unique_identifier_msgs__rosidl_typesupport_introspection_c
[4.912s] [ 46%] [32m[1mLinking CXX shared library libunique_identifier_msgs__rosidl_typesupport_c.so[0m
[4.912s] [ 46%] [32mBuilding C object CMakeFiles/unique_identifier_msgs__rosidl_typesupport_microxrcedds_c.dir/rosidl_typesupport_microxrcedds_c/unique_identifier_msgs/msg/detail/microxrcedds/uuid__type_support_c.c.o[0m
[4.960s] [ 51%] [32mBuilding CXX object CMakeFiles/unique_identifier_msgs__rosidl_typesupport_fastrtps_cpp.dir/rosidl_typesupport_fastrtps_cpp/unique_identifier_msgs/msg/detail/dds_fastrtps/uuid__type_support.cpp.o[0m
[4.960s] [ 51%] [32mBuilding CXX object CMakeFiles/unique_identifier_msgs__rosidl_typesupport_introspection_cpp.dir/rosidl_typesupport_introspection_cpp/unique_identifier_msgs/msg/detail/uuid__type_support.cpp.o[0m
[5.102s] [ 53%] [32m[1mLinking C shared library libunique_identifier_msgs__rosidl_typesupport_microxrcedds_c.so[0m
[5.128s] [ 53%] Built target unique_identifier_msgs__rosidl_typesupport_c
[5.161s] [ 56%] [32m[1mLinking CXX shared library libunique_identifier_msgs__rosidl_typesupport_cpp.so[0m
[5.316s] [ 56%] Built target unique_identifier_msgs__rosidl_typesupport_cpp
[5.321s] [ 56%] Built target unique_identifier_msgs__rosidl_typesupport_microxrcedds_c
[6.270s] [ 58%] [32m[1mLinking CXX shared library libunique_identifier_msgs__rosidl_typesupport_fastrtps_cpp.so[0m
[6.584s] [ 61%] [32m[1mLinking CXX shared library libunique_identifier_msgs__rosidl_typesupport_microxrcedds_cpp.so[0m
[6.664s] [ 64%] [32m[1mLinking CXX shared library libunique_identifier_msgs__rosidl_typesupport_introspection_cpp.so[0m
[6.677s] [ 64%] Built target unique_identifier_msgs__rosidl_typesupport_fastrtps_cpp
[6.692s] [ 64%] Built target unique_identifier_msgs__rosidl_typesupport_microxrcedds_cpp
[6.706s] [ 66%] [34m[1mGenerating C type support for eProsima Fast-RTPS[0m
[6.952s] [ 66%] Built target unique_identifier_msgs__rosidl_typesupport_introspection_cpp
[7.890s] [35m[1mScanning dependencies of target unique_identifier_msgs__rosidl_typesupport_fastrtps_c[0m
[8.001s] [ 69%] [32mBuilding CXX object CMakeFiles/unique_identifier_msgs__rosidl_typesupport_fastrtps_c.dir/rosidl_typesupport_fastrtps_c/unique_identifier_msgs/msg/detail/uuid__type_support_c.cpp.o[0m
[9.244s] [ 71%] [32m[1mLinking CXX shared library libunique_identifier_msgs__rosidl_typesupport_fastrtps_c.so[0m
[9.497s] [ 71%] Built target unique_identifier_msgs__rosidl_typesupport_fastrtps_c
[9.566s] [35m[1mScanning dependencies of target unique_identifier_msgs[0m
[9.637s] [ 71%] Built target unique_identifier_msgs
[9.730s] [35m[1mScanning dependencies of target unique_identifier_msgs__py[0m
[9.791s] [ 74%] [34m[1mGenerating Python code for ROS interfaces[0m
[11.184s] [ 74%] Built target unique_identifier_msgs__py
[11.227s] [35m[1mScanning dependencies of target unique_identifier_msgs__python[0m
[11.281s] [ 76%] [32mBuilding C object CMakeFiles/unique_identifier_msgs__python.dir/rosidl_generator_py/unique_identifier_msgs/msg/_uuid_s.c.o[0m
[11.570s] [ 79%] [32m[1mLinking C shared library rosidl_generator_py/unique_identifier_msgs/libunique_identifier_msgs__python.so[0m
[11.623s] [ 79%] Built target unique_identifier_msgs__python
[11.665s] [35m[1mScanning dependencies of target unique_identifier_msgs__rosidl_typesupport_introspection_c__pyext[0m
[11.668s] [35m[1mScanning dependencies of target unique_identifier_msgs__rosidl_typesupport_c__pyext[0m
[11.688s] [35m[1mScanning dependencies of target unique_identifier_msgs__rosidl_typesupport_fastrtps_c__pyext[0m
[11.697s] [35m[1mScanning dependencies of target unique_identifier_msgs__rosidl_typesupport_microxrcedds_c__pyext[0m
[11.750s] [ 82%] [32mBuilding C object CMakeFiles/unique_identifier_msgs__rosidl_typesupport_c__pyext.dir/rosidl_generator_py/unique_identifier_msgs/_unique_identifier_msgs_s.ep.rosidl_typesupport_c.c.o[0m
[11.760s] [ 84%] [32mBuilding C object CMakeFiles/unique_identifier_msgs__rosidl_typesupport_introspection_c__pyext.dir/rosidl_generator_py/unique_identifier_msgs/_unique_identifier_msgs_s.ep.rosidl_typesupport_introspection_c.c.o[0m
[11.776s] [ 87%] [32mBuilding C object CMakeFiles/unique_identifier_msgs__rosidl_typesupport_microxrcedds_c__pyext.dir/rosidl_generator_py/unique_identifier_msgs/_unique_identifier_msgs_s.ep.rosidl_typesupport_microxrcedds_c.c.o[0m
[11.788s] [ 89%] [32mBuilding C object CMakeFiles/unique_identifier_msgs__rosidl_typesupport_fastrtps_c__pyext.dir/rosidl_generator_py/unique_identifier_msgs/_unique_identifier_msgs_s.ep.rosidl_typesupport_fastrtps_c.c.o[0m
[12.050s] [ 92%] [32m[1mLinking C shared library rosidl_generator_py/unique_identifier_msgs/unique_identifier_msgs_s__rosidl_typesupport_c.cpython-38-x86_64-linux-gnu.so[0m
[12.116s] [ 94%] [32m[1mLinking C shared library rosidl_generator_py/unique_identifier_msgs/unique_identifier_msgs_s__rosidl_typesupport_introspection_c.cpython-38-x86_64-linux-gnu.so[0m
[12.118s] [ 97%] [32m[1mLinking C shared library rosidl_generator_py/unique_identifier_msgs/unique_identifier_msgs_s__rosidl_typesupport_microxrcedds_c.cpython-38-x86_64-linux-gnu.so[0m
[12.168s] [ 97%] Built target unique_identifier_msgs__rosidl_typesupport_c__pyext
[12.229s] [100%] [32m[1mLinking CXX shared library rosidl_generator_py/unique_identifier_msgs/unique_identifier_msgs_s__rosidl_typesupport_fastrtps_c.cpython-38-x86_64-linux-gnu.so[0m
[12.263s] [100%] Built target unique_identifier_msgs__rosidl_typesupport_introspection_c__pyext
[12.279s] [100%] Built target unique_identifier_msgs__rosidl_typesupport_microxrcedds_c__pyext
[12.435s] [100%] Built target unique_identifier_msgs__rosidl_typesupport_fastrtps_c__pyext
[12.460s] Invoked command in '/home/devpc/Desktop/microros_ws/build/unique_identifier_msgs' returned '0': CMAKE_PREFIX_PATH=${CMAKE_PREFIX_PATH}:/home/devpc/Desktop/quad_ws/install/quad:/opt/ros/foxy /usr/bin/cmake --build /home/devpc/Desktop/microros_ws/build/unique_identifier_msgs -- -j8 -l8
[13.682s] Invoking command in '/home/devpc/Desktop/microros_ws/build/unique_identifier_msgs': CMAKE_PREFIX_PATH=${CMAKE_PREFIX_PATH}:/home/devpc/Desktop/quad_ws/install/quad:/opt/ros/foxy /usr/bin/cmake --install /home/devpc/Desktop/microros_ws/build/unique_identifier_msgs
[13.715s] -- Install configuration: ""
[13.715s] -- Installing: /home/devpc/Desktop/microros_ws/install/unique_identifier_msgs/share/ament_index/resource_index/rosidl_interfaces/unique_identifier_msgs
[13.715s] -- Installing: /home/devpc/Desktop/microros_ws/install/unique_identifier_msgs/include/unique_identifier_msgs
[13.716s] -- Installing: /home/devpc/Desktop/microros_ws/install/unique_identifier_msgs/include/unique_identifier_msgs/msg
[13.716s] -- Installing: /home/devpc/Desktop/microros_ws/install/unique_identifier_msgs/include/unique_identifier_msgs/msg/detail
[13.716s] -- Installing: /home/devpc/Desktop/microros_ws/install/unique_identifier_msgs/include/unique_identifier_msgs/msg/detail/uuid__struct.h
[13.716s] -- Installing: /home/devpc/Desktop/microros_ws/install/unique_identifier_msgs/include/unique_identifier_msgs/msg/detail/uuid__functions.h
[13.716s] -- Installing: /home/devpc/Desktop/microros_ws/install/unique_identifier_msgs/include/unique_identifier_msgs/msg/detail/uuid__type_support.h
[13.716s] -- Installing: /home/devpc/Desktop/microros_ws/install/unique_identifier_msgs/include/unique_identifier_msgs/msg/detail/uuid__functions.c
[13.716s] -- Installing: /home/devpc/Desktop/microros_ws/install/unique_identifier_msgs/include/unique_identifier_msgs/msg/uuid.h
[13.717s] -- Installing: /home/devpc/Desktop/microros_ws/install/unique_identifier_msgs/include/unique_identifier_msgs/msg/rosidl_generator_c__visibility_control.h
[13.717s] -- Installing: /home/devpc/Desktop/microros_ws/install/unique_identifier_msgs/share/unique_identifier_msgs/environment/library_path.sh
[13.717s] -- Installing: /home/devpc/Desktop/microros_ws/install/unique_identifier_msgs/share/unique_identifier_msgs/environment/library_path.dsv
[13.717s] -- Installing: /home/devpc/Desktop/microros_ws/install/unique_identifier_msgs/lib/libunique_identifier_msgs__rosidl_generator_c.so
[13.717s] -- Set runtime path of "/home/devpc/Desktop/microros_ws/install/unique_identifier_msgs/lib/libunique_identifier_msgs__rosidl_generator_c.so" to ""
[13.718s] -- Up-to-date: /home/devpc/Desktop/microros_ws/install/unique_identifier_msgs/include/unique_identifier_msgs
[13.718s] -- Up-to-date: /home/devpc/Desktop/microros_ws/install/unique_identifier_msgs/include/unique_identifier_msgs/msg
[13.718s] -- Up-to-date: /home/devpc/Desktop/microros_ws/install/unique_identifier_msgs/include/unique_identifier_msgs/msg/detail
[13.718s] -- Installing: /home/devpc/Desktop/microros_ws/install/unique_identifier_msgs/include/unique_identifier_msgs/msg/detail/uuid__rosidl_typesupport_microxrcedds_c.h
[13.718s] -- Installing: /home/devpc/Desktop/microros_ws/install/unique_identifier_msgs/include/unique_identifier_msgs/msg/detail/microxrcedds
[13.718s] -- Installing: /home/devpc/Desktop/microros_ws/install/unique_identifier_msgs/include/unique_identifier_msgs/msg/rosidl_typesupport_microxrcedds_c__visibility_control.h
[13.718s] -- Installing: /home/devpc/Desktop/microros_ws/install/unique_identifier_msgs/lib/libunique_identifier_msgs__rosidl_typesupport_microxrcedds_c.so
[13.719s] -- Set runtime path of "/home/devpc/Desktop/microros_ws/install/unique_identifier_msgs/lib/libunique_identifier_msgs__rosidl_typesupport_microxrcedds_c.so" to ""
[13.719s] -- Up-to-date: /home/devpc/Desktop/microros_ws/install/unique_identifier_msgs/include/unique_identifier_msgs
[13.719s] -- Up-to-date: /home/devpc/Desktop/microros_ws/install/unique_identifier_msgs/include/unique_identifier_msgs/msg
[13.719s] -- Up-to-date: /home/devpc/Desktop/microros_ws/install/unique_identifier_msgs/include/unique_identifier_msgs/msg/detail
[13.719s] -- Installing: /home/devpc/Desktop/microros_ws/install/unique_identifier_msgs/include/unique_identifier_msgs/msg/detail/uuid__rosidl_typesupport_fastrtps_c.h
[13.719s] -- Installing: /home/devpc/Desktop/microros_ws/install/unique_identifier_msgs/include/unique_identifier_msgs/msg/rosidl_typesupport_fastrtps_c__visibility_control.h
[13.720s] -- Installing: /home/devpc/Desktop/microros_ws/install/unique_identifier_msgs/lib/libunique_identifier_msgs__rosidl_typesupport_fastrtps_c.so
[13.720s] -- Set runtime path of "/home/devpc/Desktop/microros_ws/install/unique_identifier_msgs/lib/libunique_identifier_msgs__rosidl_typesupport_fastrtps_c.so" to ""
[13.720s] -- Up-to-date: /home/devpc/Desktop/microros_ws/install/unique_identifier_msgs/include/unique_identifier_msgs
[13.720s] -- Up-to-date: /home/devpc/Desktop/microros_ws/install/unique_identifier_msgs/include/unique_identifier_msgs/msg
[13.720s] -- Up-to-date: /home/devpc/Desktop/microros_ws/install/unique_identifier_msgs/include/unique_identifier_msgs/msg/detail
[13.720s] -- Installing: /home/devpc/Desktop/microros_ws/install/unique_identifier_msgs/include/unique_identifier_msgs/msg/detail/uuid__rosidl_typesupport_fastrtps_cpp.hpp
[13.720s] -- Installing: /home/devpc/Desktop/microros_ws/install/unique_identifier_msgs/include/unique_identifier_msgs/msg/detail/dds_fastrtps
[13.721s] -- Installing: /home/devpc/Desktop/microros_ws/install/unique_identifier_msgs/include/unique_identifier_msgs/msg/rosidl_typesupport_fastrtps_cpp__visibility_control.h
[13.721s] -- Installing: /home/devpc/Desktop/microros_ws/install/unique_identifier_msgs/lib/libunique_identifier_msgs__rosidl_typesupport_fastrtps_cpp.so
[13.721s] -- Set runtime path of "/home/devpc/Desktop/microros_ws/install/unique_identifier_msgs/lib/libunique_identifier_msgs__rosidl_typesupport_fastrtps_cpp.so" to ""
[13.721s] -- Up-to-date: /home/devpc/Desktop/microros_ws/install/unique_identifier_msgs/include/unique_identifier_msgs
[13.721s] -- Up-to-date: /home/devpc/Desktop/microros_ws/install/unique_identifier_msgs/include/unique_identifier_msgs/msg
[13.721s] -- Up-to-date: /home/devpc/Desktop/microros_ws/install/unique_identifier_msgs/include/unique_identifier_msgs/msg/detail
[13.722s] -- Installing: /home/devpc/Desktop/microros_ws/install/unique_identifier_msgs/include/unique_identifier_msgs/msg/detail/uuid__rosidl_typesupport_introspection_c.h
[13.722s] -- Installing: /home/devpc/Desktop/microros_ws/install/unique_identifier_msgs/include/unique_identifier_msgs/msg/detail/uuid__type_support.c
[13.722s] -- Installing: /home/devpc/Desktop/microros_ws/install/unique_identifier_msgs/include/unique_identifier_msgs/msg/rosidl_typesupport_introspection_c__visibility_control.h
[13.722s] -- Installing: /home/devpc/Desktop/microros_ws/install/unique_identifier_msgs/lib/libunique_identifier_msgs__rosidl_typesupport_introspection_c.so
[13.722s] -- Set runtime path of "/home/devpc/Desktop/microros_ws/install/unique_identifier_msgs/lib/libunique_identifier_msgs__rosidl_typesupport_introspection_c.so" to ""
[13.723s] -- Installing: /home/devpc/Desktop/microros_ws/install/unique_identifier_msgs/lib/libunique_identifier_msgs__rosidl_typesupport_c.so
[13.723s] -- Set runtime path of "/home/devpc/Desktop/microros_ws/install/unique_identifier_msgs/lib/libunique_identifier_msgs__rosidl_typesupport_c.so" to ""
[13.723s] -- Up-to-date: /home/devpc/Desktop/microros_ws/install/unique_identifier_msgs/include/unique_identifier_msgs
[13.723s] -- Up-to-date: /home/devpc/Desktop/microros_ws/install/unique_identifier_msgs/include/unique_identifier_msgs/msg
[13.723s] -- Up-to-date: /home/devpc/Desktop/microros_ws/install/unique_identifier_msgs/include/unique_identifier_msgs/msg/detail
[13.723s] -- Installing: /home/devpc/Desktop/microros_ws/install/unique_identifier_msgs/include/unique_identifier_msgs/msg/detail/uuid__struct.hpp
[13.724s] -- Installing: /home/devpc/Desktop/microros_ws/install/unique_identifier_msgs/include/unique_identifier_msgs/msg/detail/uuid__builder.hpp
[13.724s] -- Installing: /home/devpc/Desktop/microros_ws/install/unique_identifier_msgs/include/unique_identifier_msgs/msg/detail/uuid__traits.hpp
[13.724s] -- Installing: /home/devpc/Desktop/microros_ws/install/unique_identifier_msgs/include/unique_identifier_msgs/msg/uuid.hpp
[13.724s] -- Up-to-date: /home/devpc/Desktop/microros_ws/install/unique_identifier_msgs/include/unique_identifier_msgs
[13.724s] -- Up-to-date: /home/devpc/Desktop/microros_ws/install/unique_identifier_msgs/include/unique_identifier_msgs/msg
[13.725s] -- Up-to-date: /home/devpc/Desktop/microros_ws/install/unique_identifier_msgs/include/unique_identifier_msgs/msg/detail
[13.725s] -- Installing: /home/devpc/Desktop/microros_ws/install/unique_identifier_msgs/include/unique_identifier_msgs/msg/detail/uuid__rosidl_typesupport_microxrcedds_cpp.hpp
[13.725s] -- Up-to-date: /home/devpc/Desktop/microros_ws/install/unique_identifier_msgs/include/unique_identifier_msgs/msg/detail/microxrcedds
[13.725s] -- Installing: /home/devpc/Desktop/microros_ws/install/unique_identifier_msgs/include/unique_identifier_msgs/msg/detail/microxrcedds/uuid__type_support_cpp.cpp
[13.725s] -- Installing: /home/devpc/Desktop/microros_ws/install/unique_identifier_msgs/include/unique_identifier_msgs/msg/rosidl_typesupport_microxrcedds_cpp__visibility_control.h
[13.725s] -- Installing: /home/devpc/Desktop/microros_ws/install/unique_identifier_msgs/lib/libunique_identifier_msgs__rosidl_typesupport_microxrcedds_cpp.so
[13.726s] -- Set runtime path of "/home/devpc/Desktop/microros_ws/install/unique_identifier_msgs/lib/libunique_identifier_msgs__rosidl_typesupport_microxrcedds_cpp.so" to ""
[13.726s] -- Up-to-date: /home/devpc/Desktop/microros_ws/install/unique_identifier_msgs/include/unique_identifier_msgs
[13.726s] -- Up-to-date: /home/devpc/Desktop/microros_ws/install/unique_identifier_msgs/include/unique_identifier_msgs/msg
[13.726s] -- Up-to-date: /home/devpc/Desktop/microros_ws/install/unique_identifier_msgs/include/unique_identifier_msgs/msg/detail
[13.726s] -- Installing: /home/devpc/Desktop/microros_ws/install/unique_identifier_msgs/include/unique_identifier_msgs/msg/detail/uuid__rosidl_typesupport_introspection_cpp.hpp
[13.726s] -- Installing: /home/devpc/Desktop/microros_ws/install/unique_identifier_msgs/include/unique_identifier_msgs/msg/detail/uuid__type_support.cpp
[13.726s] -- Installing: /home/devpc/Desktop/microros_ws/install/unique_identifier_msgs/lib/libunique_identifier_msgs__rosidl_typesupport_introspection_cpp.so
[13.727s] -- Set runtime path of "/home/devpc/Desktop/microros_ws/install/unique_identifier_msgs/lib/libunique_identifier_msgs__rosidl_typesupport_introspection_cpp.so" to ""
[13.727s] -- Installing: /home/devpc/Desktop/microros_ws/install/unique_identifier_msgs/lib/libunique_identifier_msgs__rosidl_typesupport_cpp.so
[13.728s] -- Set runtime path of "/home/devpc/Desktop/microros_ws/install/unique_identifier_msgs/lib/libunique_identifier_msgs__rosidl_typesupport_cpp.so" to ""
[13.728s] -- Installing: /home/devpc/Desktop/microros_ws/install/unique_identifier_msgs/share/unique_identifier_msgs/environment/pythonpath.sh
[13.728s] -- Installing: /home/devpc/Desktop/microros_ws/install/unique_identifier_msgs/share/unique_identifier_msgs/environment/pythonpath.dsv
[13.728s] -- Installing: /home/devpc/Desktop/microros_ws/install/unique_identifier_msgs/lib/python3.8/site-packages/unique_identifier_msgs/__init__.py
[13.821s] Compiling '/home/devpc/Desktop/microros_ws/install/unique_identifier_msgs/lib/python3.8/site-packages/unique_identifier_msgs/__init__.py'...
[13.827s] -- Installing: /home/devpc/Desktop/microros_ws/install/unique_identifier_msgs/lib/python3.8/site-packages/unique_identifier_msgs/msg
[13.827s] -- Installing: /home/devpc/Desktop/microros_ws/install/unique_identifier_msgs/lib/python3.8/site-packages/unique_identifier_msgs/msg/_uuid.py
[13.827s] -- Installing: /home/devpc/Desktop/microros_ws/install/unique_identifier_msgs/lib/python3.8/site-packages/unique_identifier_msgs/msg/__init__.py
[13.828s] -- Installing: /home/devpc/Desktop/microros_ws/install/unique_identifier_msgs/lib/python3.8/site-packages/unique_identifier_msgs/msg/_uuid_s.c
[13.828s] -- Installing: /home/devpc/Desktop/microros_ws/install/unique_identifier_msgs/lib/python3.8/site-packages/unique_identifier_msgs/unique_identifier_msgs_s__rosidl_typesupport_microxrcedds_c.cpython-38-x86_64-linux-gnu.so
[13.830s] -- Set runtime path of "/home/devpc/Desktop/microros_ws/install/unique_identifier_msgs/lib/python3.8/site-packages/unique_identifier_msgs/unique_identifier_msgs_s__rosidl_typesupport_microxrcedds_c.cpython-38-x86_64-linux-gnu.so" to ""
[13.830s] -- Installing: /home/devpc/Desktop/microros_ws/install/unique_identifier_msgs/lib/python3.8/site-packages/unique_identifier_msgs/unique_identifier_msgs_s__rosidl_typesupport_fastrtps_c.cpython-38-x86_64-linux-gnu.so
[13.831s] -- Set runtime path of "/home/devpc/Desktop/microros_ws/install/unique_identifier_msgs/lib/python3.8/site-packages/unique_identifier_msgs/unique_identifier_msgs_s__rosidl_typesupport_fastrtps_c.cpython-38-x86_64-linux-gnu.so" to ""
[13.832s] -- Installing: /home/devpc/Desktop/microros_ws/install/unique_identifier_msgs/lib/python3.8/site-packages/unique_identifier_msgs/unique_identifier_msgs_s__rosidl_typesupport_introspection_c.cpython-38-x86_64-linux-gnu.so
[13.833s] -- Set runtime path of "/home/devpc/Desktop/microros_ws/install/unique_identifier_msgs/lib/python3.8/site-packages/unique_identifier_msgs/unique_identifier_msgs_s__rosidl_typesupport_introspection_c.cpython-38-x86_64-linux-gnu.so" to ""
[13.833s] -- Installing: /home/devpc/Desktop/microros_ws/install/unique_identifier_msgs/lib/python3.8/site-packages/unique_identifier_msgs/unique_identifier_msgs_s__rosidl_typesupport_c.cpython-38-x86_64-linux-gnu.so
[13.834s] -- Set runtime path of "/home/devpc/Desktop/microros_ws/install/unique_identifier_msgs/lib/python3.8/site-packages/unique_identifier_msgs/unique_identifier_msgs_s__rosidl_typesupport_c.cpython-38-x86_64-linux-gnu.so" to ""
[13.835s] -- Installing: /home/devpc/Desktop/microros_ws/install/unique_identifier_msgs/lib/libunique_identifier_msgs__python.so
[13.836s] -- Set runtime path of "/home/devpc/Desktop/microros_ws/install/unique_identifier_msgs/lib/libunique_identifier_msgs__python.so" to ""
[13.836s] -- Installing: /home/devpc/Desktop/microros_ws/install/unique_identifier_msgs/share/unique_identifier_msgs/msg/UUID.idl
[13.836s] -- Installing: /home/devpc/Desktop/microros_ws/install/unique_identifier_msgs/share/unique_identifier_msgs/msg/UUID.msg
[13.837s] -- Installing: /home/devpc/Desktop/microros_ws/install/unique_identifier_msgs/share/ament_index/resource_index/package_run_dependencies/unique_identifier_msgs
[13.838s] -- Installing: /home/devpc/Desktop/microros_ws/install/unique_identifier_msgs/share/ament_index/resource_index/parent_prefix_path/unique_identifier_msgs
[13.838s] -- Installing: /home/devpc/Desktop/microros_ws/install/unique_identifier_msgs/share/unique_identifier_msgs/environment/ament_prefix_path.sh
[13.839s] -- Installing: /home/devpc/Desktop/microros_ws/install/unique_identifier_msgs/share/unique_identifier_msgs/environment/ament_prefix_path.dsv
[13.839s] -- Installing: /home/devpc/Desktop/microros_ws/install/unique_identifier_msgs/share/unique_identifier_msgs/environment/path.sh
[13.839s] -- Installing: /home/devpc/Desktop/microros_ws/install/unique_identifier_msgs/share/unique_identifier_msgs/environment/path.dsv
[13.840s] -- Installing: /home/devpc/Desktop/microros_ws/install/unique_identifier_msgs/share/unique_identifier_msgs/local_setup.bash
[13.840s] -- Installing: /home/devpc/Desktop/microros_ws/install/unique_identifier_msgs/share/unique_identifier_msgs/local_setup.sh
[13.841s] -- Installing: /home/devpc/Desktop/microros_ws/install/unique_identifier_msgs/share/unique_identifier_msgs/local_setup.zsh
[13.841s] -- Installing: /home/devpc/Desktop/microros_ws/install/unique_identifier_msgs/share/unique_identifier_msgs/local_setup.dsv
[13.842s] -- Installing: /home/devpc/Desktop/microros_ws/install/unique_identifier_msgs/share/unique_identifier_msgs/package.dsv
[13.842s] -- Installing: /home/devpc/Desktop/microros_ws/install/unique_identifier_msgs/share/ament_index/resource_index/packages/unique_identifier_msgs
[13.843s] -- Installing: /home/devpc/Desktop/microros_ws/install/unique_identifier_msgs/share/unique_identifier_msgs/cmake/unique_identifier_msgs__rosidl_generator_cExport.cmake
[13.843s] -- Installing: /home/devpc/Desktop/microros_ws/install/unique_identifier_msgs/share/unique_identifier_msgs/cmake/unique_identifier_msgs__rosidl_generator_cExport-noconfig.cmake
[13.844s] -- Installing: /home/devpc/Desktop/microros_ws/install/unique_identifier_msgs/share/unique_identifier_msgs/cmake/unique_identifier_msgs__rosidl_typesupport_introspection_cExport.cmake
[13.844s] -- Installing: /home/devpc/Desktop/microros_ws/install/unique_identifier_msgs/share/unique_identifier_msgs/cmake/unique_identifier_msgs__rosidl_typesupport_introspection_cExport-noconfig.cmake
[13.845s] -- Installing: /home/devpc/Desktop/microros_ws/install/unique_identifier_msgs/share/unique_identifier_msgs/cmake/unique_identifier_msgs__rosidl_typesupport_cExport.cmake
[13.845s] -- Installing: /home/devpc/Desktop/microros_ws/install/unique_identifier_msgs/share/unique_identifier_msgs/cmake/unique_identifier_msgs__rosidl_typesupport_cExport-noconfig.cmake
[13.846s] -- Installing: /home/devpc/Desktop/microros_ws/install/unique_identifier_msgs/share/unique_identifier_msgs/cmake/unique_identifier_msgs__rosidl_generator_cppExport.cmake
[13.846s] -- Installing: /home/devpc/Desktop/microros_ws/install/unique_identifier_msgs/share/unique_identifier_msgs/cmake/unique_identifier_msgs__rosidl_typesupport_introspection_cppExport.cmake
[13.847s] -- Installing: /home/devpc/Desktop/microros_ws/install/unique_identifier_msgs/share/unique_identifier_msgs/cmake/unique_identifier_msgs__rosidl_typesupport_introspection_cppExport-noconfig.cmake
[13.848s] -- Installing: /home/devpc/Desktop/microros_ws/install/unique_identifier_msgs/share/unique_identifier_msgs/cmake/unique_identifier_msgs__rosidl_typesupport_cppExport.cmake
[13.849s] -- Installing: /home/devpc/Desktop/microros_ws/install/unique_identifier_msgs/share/unique_identifier_msgs/cmake/unique_identifier_msgs__rosidl_typesupport_cppExport-noconfig.cmake
[13.849s] -- Installing: /home/devpc/Desktop/microros_ws/install/unique_identifier_msgs/share/unique_identifier_msgs/cmake/rosidl_cmake-extras.cmake
[13.850s] -- Installing: /home/devpc/Desktop/microros_ws/install/unique_identifier_msgs/share/unique_identifier_msgs/cmake/ament_cmake_export_dependencies-extras.cmake
[13.850s] -- Installing: /home/devpc/Desktop/microros_ws/install/unique_identifier_msgs/share/unique_identifier_msgs/cmake/ament_cmake_export_libraries-extras.cmake
[13.851s] -- Installing: /home/devpc/Desktop/microros_ws/install/unique_identifier_msgs/share/unique_identifier_msgs/cmake/ament_cmake_export_targets-extras.cmake
[13.851s] -- Installing: /home/devpc/Desktop/microros_ws/install/unique_identifier_msgs/share/unique_identifier_msgs/cmake/ament_cmake_export_include_directories-extras.cmake
[13.852s] -- Installing: /home/devpc/Desktop/microros_ws/install/unique_identifier_msgs/share/unique_identifier_msgs/cmake/rosidl_cmake_export_typesupport_libraries-extras.cmake
[13.852s] -- Installing: /home/devpc/Desktop/microros_ws/install/unique_identifier_msgs/share/unique_identifier_msgs/cmake/rosidl_cmake_export_typesupport_targets-extras.cmake
[13.853s] -- Installing: /home/devpc/Desktop/microros_ws/install/unique_identifier_msgs/share/unique_identifier_msgs/cmake/unique_identifier_msgsConfig.cmake
[13.853s] -- Installing: /home/devpc/Desktop/microros_ws/install/unique_identifier_msgs/share/unique_identifier_msgs/cmake/unique_identifier_msgsConfig-version.cmake
[13.853s] -- Installing: /home/devpc/Desktop/microros_ws/install/unique_identifier_msgs/share/unique_identifier_msgs/package.xml
[13.854s] -- Installing: /home/devpc/Desktop/microros_ws/install/unique_identifier_msgs/share/unique_identifier_msgs/mapping_rules.yaml
[13.866s] Invoked command in '/home/devpc/Desktop/microros_ws/build/unique_identifier_msgs' returned '0': CMAKE_PREFIX_PATH=${CMAKE_PREFIX_PATH}:/home/devpc/Desktop/quad_ws/install/quad:/opt/ros/foxy /usr/bin/cmake --install /home/devpc/Desktop/microros_ws/build/unique_identifier_msgs
