[0.713s] Invoking command in '/home/devpc/Desktop/quad_ws/src/motion_servos_calibration': PYTHONPATH=/home/devpc/Desktop/quad_ws/install/motion_servos_calibration/lib/python3.8/site-packages:${PYTHONPATH} /usr/bin/python3 setup.py egg_info --egg-base ../../build/motion_servos_calibration build --build-base /home/devpc/Desktop/quad_ws/build/motion_servos_calibration/build install --prefix /home/devpc/Desktop/quad_ws/install/motion_servos_calibration --record /home/devpc/Desktop/quad_ws/build/motion_servos_calibration/install.log --single-version-externally-managed
[1.002s] running egg_info
[1.003s] writing ../../build/motion_servos_calibration/motion_servos_calibration.egg-info/PKG-INFO
[1.003s] writing dependency_links to ../../build/motion_servos_calibration/motion_servos_calibration.egg-info/dependency_links.txt
[1.003s] writing entry points to ../../build/motion_servos_calibration/motion_servos_calibration.egg-info/entry_points.txt
[1.003s] writing requirements to ../../build/motion_servos_calibration/motion_servos_calibration.egg-info/requires.txt
[1.003s] writing top-level names to ../../build/motion_servos_calibration/motion_servos_calibration.egg-info/top_level.txt
[1.049s] reading manifest file '../../build/motion_servos_calibration/motion_servos_calibration.egg-info/SOURCES.txt'
[1.050s] writing manifest file '../../build/motion_servos_calibration/motion_servos_calibration.egg-info/SOURCES.txt'
[1.050s] running build
[1.050s] running build_py
[1.050s] running install
[1.051s] running install_lib
[1.052s] running install_data
[1.052s] running install_egg_info
[1.054s] removing '/home/devpc/Desktop/quad_ws/install/motion_servos_calibration/lib/python3.8/site-packages/motion_servos_calibration-0.0.0-py3.8.egg-info' (and everything under it)
[1.054s] Copying ../../build/motion_servos_calibration/motion_servos_calibration.egg-info to /home/devpc/Desktop/quad_ws/install/motion_servos_calibration/lib/python3.8/site-packages/motion_servos_calibration-0.0.0-py3.8.egg-info
[1.055s] running install_scripts
[1.071s] Installing motion_servos_calibration script to /home/devpc/Desktop/quad_ws/install/motion_servos_calibration/lib/motion_servos_calibration
[1.071s] writing list of installed files to '/home/devpc/Desktop/quad_ws/build/motion_servos_calibration/install.log'
[1.094s] Invoked command in '/home/devpc/Desktop/quad_ws/src/motion_servos_calibration' returned '0': PYTHONPATH=/home/devpc/Desktop/quad_ws/install/motion_servos_calibration/lib/python3.8/site-packages:${PYTHONPATH} /usr/bin/python3 setup.py egg_info --egg-base ../../build/motion_servos_calibration build --build-base /home/devpc/Desktop/quad_ws/build/motion_servos_calibration/build install --prefix /home/devpc/Desktop/quad_ws/install/motion_servos_calibration --record /home/devpc/Desktop/quad_ws/build/motion_servos_calibration/install.log --single-version-externally-managed
