Not searching for unused variables given on the command line.
-- Found ament_cmake: 0.9.8 (/opt/ros/foxy/share/ament_cmake/cmake)
-- Found PythonInterp: /usr/bin/python3 (found suitable version "3.8.10", minimum required is "3") 
-- Using PYTHON_EXECUTABLE: /usr/bin/python3
-- Found rosidl_default_generators: 1.0.1 (/opt/ros/foxy/share/rosidl_default_generators/cmake)
-- Using all available rosidl_typesupport_c: rosidl_typesupport_microxrcedds_c;rosidl_typesupport_fastrtps_c;rosidl_typesupport_introspection_c
-- Found rosidl_adapter: 1.2.1 (/opt/ros/foxy/share/rosidl_adapter/cmake)
-- Using all available rosidl_typesupport_cpp: rosidl_typesupport_microxrcedds_cpp;rosidl_typesupport_fastrtps_cpp;rosidl_typesupport_introspection_cpp
-- Found ament_lint_auto: 0.9.6 (/opt/ros/foxy/share/ament_lint_auto/cmake)
-- Found PythonInterp: /usr/bin/python3 (found version "3.8.10") 
-- Found ament_cmake_ros: 0.9.2 (/opt/ros/foxy/share/ament_cmake_ros/cmake)
-- Using all available rosidl_typesupport_c: rosidl_typesupport_microxrcedds_c;rosidl_typesupport_fastrtps_c;rosidl_typesupport_introspection_c
-- Using all available rosidl_typesupport_cpp: rosidl_typesupport_microxrcedds_cpp;rosidl_typesupport_fastrtps_cpp;rosidl_typesupport_introspection_cpp
-- Found PythonInterp: /usr/bin/python3 (found suitable version "3.8.10", minimum required is "3.5") 
-- Found python_cmake_module: 0.8.1 (/opt/ros/foxy/share/python_cmake_module/cmake)
-- Using PYTHON_EXECUTABLE: /usr/bin/python3
-- Using PYTHON_INCLUDE_DIRS: /usr/include/python3.8
-- Using PYTHON_LIBRARIES: /usr/lib/x86_64-linux-gnu/libpython3.8.so
-- Added test 'copyright' to check source files copyright and LICENSE
-- Added test 'lint_cmake' to check CMake code style
-- Added test 'xmllint' to check XML markup files
-- Configuring done
-- Generating done
-- Build files have been written to: /home/devpc/Desktop/microros_ws/build/micro_ros_msgs
[  8%] Built target micro_ros_msgs__rosidl_generator_c
[ 10%] Built target micro_ros_msgs__cpp
[ 18%] Built target micro_ros_msgs__rosidl_typesupport_c
[ 27%] Built target micro_ros_msgs__rosidl_typesupport_microxrcedds_c
[ 35%] Built target micro_ros_msgs__rosidl_typesupport_introspection_c
[ 44%] Built target micro_ros_msgs__rosidl_typesupport_introspection_cpp
[ 52%] Built target micro_ros_msgs__rosidl_typesupport_cpp
[ 61%] Built target micro_ros_msgs__rosidl_typesupport_fastrtps_cpp
[ 69%] Built target micro_ros_msgs__rosidl_typesupport_microxrcedds_cpp
[ 77%] Built target micro_ros_msgs__rosidl_typesupport_fastrtps_c
[ 77%] Built target micro_ros_msgs
[ 79%] Built target micro_ros_msgs__py
[ 86%] Built target micro_ros_msgs__python
[ 89%] Built target micro_ros_msgs__rosidl_typesupport_c__pyext
[ 93%] Built target micro_ros_msgs__rosidl_typesupport_fastrtps_c__pyext
[ 96%] Built target micro_ros_msgs__rosidl_typesupport_introspection_c__pyext
[100%] Built target micro_ros_msgs__rosidl_typesupport_microxrcedds_c__pyext
-- Install configuration: ""
-- Up-to-date: /home/devpc/Desktop/microros_ws/install/micro_ros_msgs/share/ament_index/resource_index/rosidl_interfaces/micro_ros_msgs
-- Up-to-date: /home/devpc/Desktop/microros_ws/install/micro_ros_msgs/include/micro_ros_msgs
-- Up-to-date: /home/devpc/Desktop/microros_ws/install/micro_ros_msgs/include/micro_ros_msgs/msg
-- Up-to-date: /home/devpc/Desktop/microros_ws/install/micro_ros_msgs/include/micro_ros_msgs/msg/detail
-- Up-to-date: /home/devpc/Desktop/microros_ws/install/micro_ros_msgs/include/micro_ros_msgs/msg/detail/entity__functions.c
-- Up-to-date: /home/devpc/Desktop/microros_ws/install/micro_ros_msgs/include/micro_ros_msgs/msg/detail/entity__struct.h
-- Up-to-date: /home/devpc/Desktop/microros_ws/install/micro_ros_msgs/include/micro_ros_msgs/msg/detail/graph__functions.c
-- Up-to-date: /home/devpc/Desktop/microros_ws/install/micro_ros_msgs/include/micro_ros_msgs/msg/detail/node__struct.h
-- Up-to-date: /home/devpc/Desktop/microros_ws/install/micro_ros_msgs/include/micro_ros_msgs/msg/detail/entity__type_support.h
-- Up-to-date: /home/devpc/Desktop/microros_ws/install/micro_ros_msgs/include/micro_ros_msgs/msg/detail/graph__type_support.h
-- Up-to-date: /home/devpc/Desktop/microros_ws/install/micro_ros_msgs/include/micro_ros_msgs/msg/detail/node__type_support.h
-- Up-to-date: /home/devpc/Desktop/microros_ws/install/micro_ros_msgs/include/micro_ros_msgs/msg/detail/node__functions.h
-- Up-to-date: /home/devpc/Desktop/microros_ws/install/micro_ros_msgs/include/micro_ros_msgs/msg/detail/graph__functions.h
-- Up-to-date: /home/devpc/Desktop/microros_ws/install/micro_ros_msgs/include/micro_ros_msgs/msg/detail/node__functions.c
-- Up-to-date: /home/devpc/Desktop/microros_ws/install/micro_ros_msgs/include/micro_ros_msgs/msg/detail/entity__functions.h
-- Up-to-date: /home/devpc/Desktop/microros_ws/install/micro_ros_msgs/include/micro_ros_msgs/msg/detail/graph__struct.h
-- Up-to-date: /home/devpc/Desktop/microros_ws/install/micro_ros_msgs/include/micro_ros_msgs/msg/node.h
-- Up-to-date: /home/devpc/Desktop/microros_ws/install/micro_ros_msgs/include/micro_ros_msgs/msg/graph.h
-- Up-to-date: /home/devpc/Desktop/microros_ws/install/micro_ros_msgs/include/micro_ros_msgs/msg/entity.h
-- Up-to-date: /home/devpc/Desktop/microros_ws/install/micro_ros_msgs/include/micro_ros_msgs/msg/rosidl_generator_c__visibility_control.h
-- Up-to-date: /home/devpc/Desktop/microros_ws/install/micro_ros_msgs/share/micro_ros_msgs/environment/library_path.sh
-- Installing: /home/devpc/Desktop/microros_ws/install/micro_ros_msgs/share/micro_ros_msgs/environment/library_path.dsv
-- Up-to-date: /home/devpc/Desktop/microros_ws/install/micro_ros_msgs/lib/libmicro_ros_msgs__rosidl_generator_c.so
-- Up-to-date: /home/devpc/Desktop/microros_ws/install/micro_ros_msgs/include/micro_ros_msgs
-- Up-to-date: /home/devpc/Desktop/microros_ws/install/micro_ros_msgs/include/micro_ros_msgs/msg
-- Up-to-date: /home/devpc/Desktop/microros_ws/install/micro_ros_msgs/include/micro_ros_msgs/msg/detail
-- Up-to-date: /home/devpc/Desktop/microros_ws/install/micro_ros_msgs/include/micro_ros_msgs/msg/detail/node__rosidl_typesupport_microxrcedds_c.h
-- Up-to-date: /home/devpc/Desktop/microros_ws/install/micro_ros_msgs/include/micro_ros_msgs/msg/detail/graph__rosidl_typesupport_microxrcedds_c.h
-- Up-to-date: /home/devpc/Desktop/microros_ws/install/micro_ros_msgs/include/micro_ros_msgs/msg/detail/entity__rosidl_typesupport_microxrcedds_c.h
-- Up-to-date: /home/devpc/Desktop/microros_ws/install/micro_ros_msgs/include/micro_ros_msgs/msg/detail/microxrcedds
-- Up-to-date: /home/devpc/Desktop/microros_ws/install/micro_ros_msgs/include/micro_ros_msgs/msg/rosidl_typesupport_microxrcedds_c__visibility_control.h
-- Up-to-date: /home/devpc/Desktop/microros_ws/install/micro_ros_msgs/lib/libmicro_ros_msgs__rosidl_typesupport_microxrcedds_c.so
-- Up-to-date: /home/devpc/Desktop/microros_ws/install/micro_ros_msgs/include/micro_ros_msgs
-- Up-to-date: /home/devpc/Desktop/microros_ws/install/micro_ros_msgs/include/micro_ros_msgs/msg
-- Up-to-date: /home/devpc/Desktop/microros_ws/install/micro_ros_msgs/include/micro_ros_msgs/msg/detail
-- Up-to-date: /home/devpc/Desktop/microros_ws/install/micro_ros_msgs/include/micro_ros_msgs/msg/detail/graph__rosidl_typesupport_fastrtps_c.h
-- Up-to-date: /home/devpc/Desktop/microros_ws/install/micro_ros_msgs/include/micro_ros_msgs/msg/detail/entity__rosidl_typesupport_fastrtps_c.h
-- Up-to-date: /home/devpc/Desktop/microros_ws/install/micro_ros_msgs/include/micro_ros_msgs/msg/detail/node__rosidl_typesupport_fastrtps_c.h
-- Up-to-date: /home/devpc/Desktop/microros_ws/install/micro_ros_msgs/include/micro_ros_msgs/msg/rosidl_typesupport_fastrtps_c__visibility_control.h
-- Up-to-date: /home/devpc/Desktop/microros_ws/install/micro_ros_msgs/lib/libmicro_ros_msgs__rosidl_typesupport_fastrtps_c.so
-- Up-to-date: /home/devpc/Desktop/microros_ws/install/micro_ros_msgs/include/micro_ros_msgs
-- Up-to-date: /home/devpc/Desktop/microros_ws/install/micro_ros_msgs/include/micro_ros_msgs/msg
-- Up-to-date: /home/devpc/Desktop/microros_ws/install/micro_ros_msgs/include/micro_ros_msgs/msg/detail
-- Up-to-date: /home/devpc/Desktop/microros_ws/install/micro_ros_msgs/include/micro_ros_msgs/msg/detail/node__rosidl_typesupport_fastrtps_cpp.hpp
-- Up-to-date: /home/devpc/Desktop/microros_ws/install/micro_ros_msgs/include/micro_ros_msgs/msg/detail/entity__rosidl_typesupport_fastrtps_cpp.hpp
-- Up-to-date: /home/devpc/Desktop/microros_ws/install/micro_ros_msgs/include/micro_ros_msgs/msg/detail/graph__rosidl_typesupport_fastrtps_cpp.hpp
-- Up-to-date: /home/devpc/Desktop/microros_ws/install/micro_ros_msgs/include/micro_ros_msgs/msg/detail/dds_fastrtps
-- Up-to-date: /home/devpc/Desktop/microros_ws/install/micro_ros_msgs/include/micro_ros_msgs/msg/rosidl_typesupport_fastrtps_cpp__visibility_control.h
-- Up-to-date: /home/devpc/Desktop/microros_ws/install/micro_ros_msgs/lib/libmicro_ros_msgs__rosidl_typesupport_fastrtps_cpp.so
-- Up-to-date: /home/devpc/Desktop/microros_ws/install/micro_ros_msgs/include/micro_ros_msgs
-- Up-to-date: /home/devpc/Desktop/microros_ws/install/micro_ros_msgs/include/micro_ros_msgs/msg
-- Up-to-date: /home/devpc/Desktop/microros_ws/install/micro_ros_msgs/include/micro_ros_msgs/msg/detail
-- Up-to-date: /home/devpc/Desktop/microros_ws/install/micro_ros_msgs/include/micro_ros_msgs/msg/detail/node__type_support.c
-- Up-to-date: /home/devpc/Desktop/microros_ws/install/micro_ros_msgs/include/micro_ros_msgs/msg/detail/node__rosidl_typesupport_introspection_c.h
-- Up-to-date: /home/devpc/Desktop/microros_ws/install/micro_ros_msgs/include/micro_ros_msgs/msg/detail/graph__type_support.c
-- Up-to-date: /home/devpc/Desktop/microros_ws/install/micro_ros_msgs/include/micro_ros_msgs/msg/detail/entity__type_support.c
-- Up-to-date: /home/devpc/Desktop/microros_ws/install/micro_ros_msgs/include/micro_ros_msgs/msg/detail/graph__rosidl_typesupport_introspection_c.h
-- Up-to-date: /home/devpc/Desktop/microros_ws/install/micro_ros_msgs/include/micro_ros_msgs/msg/detail/entity__rosidl_typesupport_introspection_c.h
-- Up-to-date: /home/devpc/Desktop/microros_ws/install/micro_ros_msgs/include/micro_ros_msgs/msg/rosidl_typesupport_introspection_c__visibility_control.h
-- Up-to-date: /home/devpc/Desktop/microros_ws/install/micro_ros_msgs/lib/libmicro_ros_msgs__rosidl_typesupport_introspection_c.so
-- Up-to-date: /home/devpc/Desktop/microros_ws/install/micro_ros_msgs/lib/libmicro_ros_msgs__rosidl_typesupport_c.so
-- Up-to-date: /home/devpc/Desktop/microros_ws/install/micro_ros_msgs/include/micro_ros_msgs
-- Up-to-date: /home/devpc/Desktop/microros_ws/install/micro_ros_msgs/include/micro_ros_msgs/msg
-- Up-to-date: /home/devpc/Desktop/microros_ws/install/micro_ros_msgs/include/micro_ros_msgs/msg/entity.hpp
-- Up-to-date: /home/devpc/Desktop/microros_ws/install/micro_ros_msgs/include/micro_ros_msgs/msg/detail
-- Up-to-date: /home/devpc/Desktop/microros_ws/install/micro_ros_msgs/include/micro_ros_msgs/msg/detail/entity__builder.hpp
-- Up-to-date: /home/devpc/Desktop/microros_ws/install/micro_ros_msgs/include/micro_ros_msgs/msg/detail/graph__struct.hpp
-- Up-to-date: /home/devpc/Desktop/microros_ws/install/micro_ros_msgs/include/micro_ros_msgs/msg/detail/node__struct.hpp
-- Up-to-date: /home/devpc/Desktop/microros_ws/install/micro_ros_msgs/include/micro_ros_msgs/msg/detail/graph__builder.hpp
-- Up-to-date: /home/devpc/Desktop/microros_ws/install/micro_ros_msgs/include/micro_ros_msgs/msg/detail/node__traits.hpp
-- Up-to-date: /home/devpc/Desktop/microros_ws/install/micro_ros_msgs/include/micro_ros_msgs/msg/detail/node__builder.hpp
-- Up-to-date: /home/devpc/Desktop/microros_ws/install/micro_ros_msgs/include/micro_ros_msgs/msg/detail/entity__struct.hpp
-- Up-to-date: /home/devpc/Desktop/microros_ws/install/micro_ros_msgs/include/micro_ros_msgs/msg/detail/graph__traits.hpp
-- Up-to-date: /home/devpc/Desktop/microros_ws/install/micro_ros_msgs/include/micro_ros_msgs/msg/detail/entity__traits.hpp
-- Up-to-date: /home/devpc/Desktop/microros_ws/install/micro_ros_msgs/include/micro_ros_msgs/msg/node.hpp
-- Up-to-date: /home/devpc/Desktop/microros_ws/install/micro_ros_msgs/include/micro_ros_msgs/msg/graph.hpp
-- Up-to-date: /home/devpc/Desktop/microros_ws/install/micro_ros_msgs/include/micro_ros_msgs
-- Up-to-date: /home/devpc/Desktop/microros_ws/install/micro_ros_msgs/include/micro_ros_msgs/msg
-- Up-to-date: /home/devpc/Desktop/microros_ws/install/micro_ros_msgs/include/micro_ros_msgs/msg/detail
-- Up-to-date: /home/devpc/Desktop/microros_ws/install/micro_ros_msgs/include/micro_ros_msgs/msg/detail/node__rosidl_typesupport_microxrcedds_cpp.hpp
-- Up-to-date: /home/devpc/Desktop/microros_ws/install/micro_ros_msgs/include/micro_ros_msgs/msg/detail/entity__rosidl_typesupport_microxrcedds_cpp.hpp
-- Up-to-date: /home/devpc/Desktop/microros_ws/install/micro_ros_msgs/include/micro_ros_msgs/msg/detail/microxrcedds
-- Up-to-date: /home/devpc/Desktop/microros_ws/install/micro_ros_msgs/include/micro_ros_msgs/msg/detail/microxrcedds/graph__type_support_cpp.cpp
-- Up-to-date: /home/devpc/Desktop/microros_ws/install/micro_ros_msgs/include/micro_ros_msgs/msg/detail/microxrcedds/entity__type_support_cpp.cpp
-- Up-to-date: /home/devpc/Desktop/microros_ws/install/micro_ros_msgs/include/micro_ros_msgs/msg/detail/microxrcedds/node__type_support_cpp.cpp
-- Up-to-date: /home/devpc/Desktop/microros_ws/install/micro_ros_msgs/include/micro_ros_msgs/msg/detail/graph__rosidl_typesupport_microxrcedds_cpp.hpp
-- Up-to-date: /home/devpc/Desktop/microros_ws/install/micro_ros_msgs/include/micro_ros_msgs/msg/rosidl_typesupport_microxrcedds_cpp__visibility_control.h
-- Up-to-date: /home/devpc/Desktop/microros_ws/install/micro_ros_msgs/lib/libmicro_ros_msgs__rosidl_typesupport_microxrcedds_cpp.so
-- Up-to-date: /home/devpc/Desktop/microros_ws/install/micro_ros_msgs/include/micro_ros_msgs
-- Up-to-date: /home/devpc/Desktop/microros_ws/install/micro_ros_msgs/include/micro_ros_msgs/msg
-- Up-to-date: /home/devpc/Desktop/microros_ws/install/micro_ros_msgs/include/micro_ros_msgs/msg/detail
-- Up-to-date: /home/devpc/Desktop/microros_ws/install/micro_ros_msgs/include/micro_ros_msgs/msg/detail/entity__rosidl_typesupport_introspection_cpp.hpp
-- Up-to-date: /home/devpc/Desktop/microros_ws/install/micro_ros_msgs/include/micro_ros_msgs/msg/detail/graph__rosidl_typesupport_introspection_cpp.hpp
-- Up-to-date: /home/devpc/Desktop/microros_ws/install/micro_ros_msgs/include/micro_ros_msgs/msg/detail/graph__type_support.cpp
-- Up-to-date: /home/devpc/Desktop/microros_ws/install/micro_ros_msgs/include/micro_ros_msgs/msg/detail/node__rosidl_typesupport_introspection_cpp.hpp
-- Up-to-date: /home/devpc/Desktop/microros_ws/install/micro_ros_msgs/include/micro_ros_msgs/msg/detail/entity__type_support.cpp
-- Up-to-date: /home/devpc/Desktop/microros_ws/install/micro_ros_msgs/include/micro_ros_msgs/msg/detail/node__type_support.cpp
-- Up-to-date: /home/devpc/Desktop/microros_ws/install/micro_ros_msgs/lib/libmicro_ros_msgs__rosidl_typesupport_introspection_cpp.so
-- Up-to-date: /home/devpc/Desktop/microros_ws/install/micro_ros_msgs/lib/libmicro_ros_msgs__rosidl_typesupport_cpp.so
-- Up-to-date: /home/devpc/Desktop/microros_ws/install/micro_ros_msgs/share/micro_ros_msgs/environment/pythonpath.sh
-- Installing: /home/devpc/Desktop/microros_ws/install/micro_ros_msgs/share/micro_ros_msgs/environment/pythonpath.dsv
-- Installing: /home/devpc/Desktop/microros_ws/install/micro_ros_msgs/lib/python3.8/site-packages/micro_ros_msgs/__init__.py
Compiling '/home/devpc/Desktop/microros_ws/install/micro_ros_msgs/lib/python3.8/site-packages/micro_ros_msgs/__init__.py'...
-- Up-to-date: /home/devpc/Desktop/microros_ws/install/micro_ros_msgs/lib/python3.8/site-packages/micro_ros_msgs/msg
-- Up-to-date: /home/devpc/Desktop/microros_ws/install/micro_ros_msgs/lib/python3.8/site-packages/micro_ros_msgs/msg/__init__.py
-- Up-to-date: /home/devpc/Desktop/microros_ws/install/micro_ros_msgs/lib/python3.8/site-packages/micro_ros_msgs/msg/_entity.py
-- Up-to-date: /home/devpc/Desktop/microros_ws/install/micro_ros_msgs/lib/python3.8/site-packages/micro_ros_msgs/msg/_entity_s.c
-- Up-to-date: /home/devpc/Desktop/microros_ws/install/micro_ros_msgs/lib/python3.8/site-packages/micro_ros_msgs/msg/_node.py
-- Up-to-date: /home/devpc/Desktop/microros_ws/install/micro_ros_msgs/lib/python3.8/site-packages/micro_ros_msgs/msg/_graph.py
-- Up-to-date: /home/devpc/Desktop/microros_ws/install/micro_ros_msgs/lib/python3.8/site-packages/micro_ros_msgs/msg/_graph_s.c
-- Up-to-date: /home/devpc/Desktop/microros_ws/install/micro_ros_msgs/lib/python3.8/site-packages/micro_ros_msgs/msg/_node_s.c
-- Up-to-date: /home/devpc/Desktop/microros_ws/install/micro_ros_msgs/lib/python3.8/site-packages/micro_ros_msgs/micro_ros_msgs_s__rosidl_typesupport_microxrcedds_c.cpython-38-x86_64-linux-gnu.so
-- Up-to-date: /home/devpc/Desktop/microros_ws/install/micro_ros_msgs/lib/python3.8/site-packages/micro_ros_msgs/micro_ros_msgs_s__rosidl_typesupport_fastrtps_c.cpython-38-x86_64-linux-gnu.so
-- Up-to-date: /home/devpc/Desktop/microros_ws/install/micro_ros_msgs/lib/python3.8/site-packages/micro_ros_msgs/micro_ros_msgs_s__rosidl_typesupport_introspection_c.cpython-38-x86_64-linux-gnu.so
-- Up-to-date: /home/devpc/Desktop/microros_ws/install/micro_ros_msgs/lib/python3.8/site-packages/micro_ros_msgs/micro_ros_msgs_s__rosidl_typesupport_c.cpython-38-x86_64-linux-gnu.so
-- Up-to-date: /home/devpc/Desktop/microros_ws/install/micro_ros_msgs/lib/libmicro_ros_msgs__python.so
-- Up-to-date: /home/devpc/Desktop/microros_ws/install/micro_ros_msgs/share/micro_ros_msgs/msg/Graph.idl
-- Up-to-date: /home/devpc/Desktop/microros_ws/install/micro_ros_msgs/share/micro_ros_msgs/msg/Node.idl
-- Up-to-date: /home/devpc/Desktop/microros_ws/install/micro_ros_msgs/share/micro_ros_msgs/msg/Entity.idl
-- Up-to-date: /home/devpc/Desktop/microros_ws/install/micro_ros_msgs/share/micro_ros_msgs/msg/Graph.msg
-- Up-to-date: /home/devpc/Desktop/microros_ws/install/micro_ros_msgs/share/micro_ros_msgs/msg/Node.msg
-- Up-to-date: /home/devpc/Desktop/microros_ws/install/micro_ros_msgs/share/micro_ros_msgs/msg/Entity.msg
-- Up-to-date: /home/devpc/Desktop/microros_ws/install/micro_ros_msgs/share/ament_index/resource_index/package_run_dependencies/micro_ros_msgs
-- Installing: /home/devpc/Desktop/microros_ws/install/micro_ros_msgs/share/ament_index/resource_index/parent_prefix_path/micro_ros_msgs
-- Up-to-date: /home/devpc/Desktop/microros_ws/install/micro_ros_msgs/share/micro_ros_msgs/environment/ament_prefix_path.sh
-- Installing: /home/devpc/Desktop/microros_ws/install/micro_ros_msgs/share/micro_ros_msgs/environment/ament_prefix_path.dsv
-- Up-to-date: /home/devpc/Desktop/microros_ws/install/micro_ros_msgs/share/micro_ros_msgs/environment/path.sh
-- Installing: /home/devpc/Desktop/microros_ws/install/micro_ros_msgs/share/micro_ros_msgs/environment/path.dsv
-- Up-to-date: /home/devpc/Desktop/microros_ws/install/micro_ros_msgs/share/micro_ros_msgs/local_setup.bash
-- Up-to-date: /home/devpc/Desktop/microros_ws/install/micro_ros_msgs/share/micro_ros_msgs/local_setup.sh
-- Up-to-date: /home/devpc/Desktop/microros_ws/install/micro_ros_msgs/share/micro_ros_msgs/local_setup.zsh
-- Installing: /home/devpc/Desktop/microros_ws/install/micro_ros_msgs/share/micro_ros_msgs/local_setup.dsv
-- Installing: /home/devpc/Desktop/microros_ws/install/micro_ros_msgs/share/micro_ros_msgs/package.dsv
-- Up-to-date: /home/devpc/Desktop/microros_ws/install/micro_ros_msgs/share/ament_index/resource_index/packages/micro_ros_msgs
-- Up-to-date: /home/devpc/Desktop/microros_ws/install/micro_ros_msgs/share/micro_ros_msgs/cmake/micro_ros_msgs__rosidl_generator_cExport.cmake
-- Installing: /home/devpc/Desktop/microros_ws/install/micro_ros_msgs/share/micro_ros_msgs/cmake/micro_ros_msgs__rosidl_generator_cExport-noconfig.cmake
-- Up-to-date: /home/devpc/Desktop/microros_ws/install/micro_ros_msgs/share/micro_ros_msgs/cmake/micro_ros_msgs__rosidl_typesupport_introspection_cExport.cmake
-- Installing: /home/devpc/Desktop/microros_ws/install/micro_ros_msgs/share/micro_ros_msgs/cmake/micro_ros_msgs__rosidl_typesupport_introspection_cExport-noconfig.cmake
-- Up-to-date: /home/devpc/Desktop/microros_ws/install/micro_ros_msgs/share/micro_ros_msgs/cmake/micro_ros_msgs__rosidl_typesupport_cExport.cmake
-- Installing: /home/devpc/Desktop/microros_ws/install/micro_ros_msgs/share/micro_ros_msgs/cmake/micro_ros_msgs__rosidl_typesupport_cExport-noconfig.cmake
-- Up-to-date: /home/devpc/Desktop/microros_ws/install/micro_ros_msgs/share/micro_ros_msgs/cmake/micro_ros_msgs__rosidl_generator_cppExport.cmake
-- Up-to-date: /home/devpc/Desktop/microros_ws/install/micro_ros_msgs/share/micro_ros_msgs/cmake/micro_ros_msgs__rosidl_typesupport_introspection_cppExport.cmake
-- Installing: /home/devpc/Desktop/microros_ws/install/micro_ros_msgs/share/micro_ros_msgs/cmake/micro_ros_msgs__rosidl_typesupport_introspection_cppExport-noconfig.cmake
-- Up-to-date: /home/devpc/Desktop/microros_ws/install/micro_ros_msgs/share/micro_ros_msgs/cmake/micro_ros_msgs__rosidl_typesupport_cppExport.cmake
-- Installing: /home/devpc/Desktop/microros_ws/install/micro_ros_msgs/share/micro_ros_msgs/cmake/micro_ros_msgs__rosidl_typesupport_cppExport-noconfig.cmake
-- Up-to-date: /home/devpc/Desktop/microros_ws/install/micro_ros_msgs/share/micro_ros_msgs/cmake/rosidl_cmake-extras.cmake
-- Up-to-date: /home/devpc/Desktop/microros_ws/install/micro_ros_msgs/share/micro_ros_msgs/cmake/ament_cmake_export_dependencies-extras.cmake
-- Up-to-date: /home/devpc/Desktop/microros_ws/install/micro_ros_msgs/share/micro_ros_msgs/cmake/ament_cmake_export_libraries-extras.cmake
-- Up-to-date: /home/devpc/Desktop/microros_ws/install/micro_ros_msgs/share/micro_ros_msgs/cmake/ament_cmake_export_targets-extras.cmake
-- Up-to-date: /home/devpc/Desktop/microros_ws/install/micro_ros_msgs/share/micro_ros_msgs/cmake/ament_cmake_export_include_directories-extras.cmake
-- Up-to-date: /home/devpc/Desktop/microros_ws/install/micro_ros_msgs/share/micro_ros_msgs/cmake/rosidl_cmake_export_typesupport_libraries-extras.cmake
-- Up-to-date: /home/devpc/Desktop/microros_ws/install/micro_ros_msgs/share/micro_ros_msgs/cmake/rosidl_cmake_export_typesupport_targets-extras.cmake
-- Up-to-date: /home/devpc/Desktop/microros_ws/install/micro_ros_msgs/share/micro_ros_msgs/cmake/micro_ros_msgsConfig.cmake
-- Up-to-date: /home/devpc/Desktop/microros_ws/install/micro_ros_msgs/share/micro_ros_msgs/cmake/micro_ros_msgsConfig-version.cmake
-- Up-to-date: /home/devpc/Desktop/microros_ws/install/micro_ros_msgs/share/micro_ros_msgs/package.xml
