[0.453s] Invoking command in '/home/devpc/Desktop/quad_ws/src/quad': PYTHONPATH=/home/devpc/Desktop/quad_ws/install/quad/lib/python3.8/site-packages:${PYTHONPATH} /usr/bin/python3 setup.py egg_info --egg-base ../../build/quad build --build-base /home/devpc/Desktop/quad_ws/build/quad/build install --prefix /home/devpc/Desktop/quad_ws/install/quad --record /home/devpc/Desktop/quad_ws/build/quad/install.log --single-version-externally-managed
[0.696s] running egg_info
[0.697s] writing ../../build/quad/quad.egg-info/PKG-INFO
[0.697s] writing dependency_links to ../../build/quad/quad.egg-info/dependency_links.txt
[0.697s] writing entry points to ../../build/quad/quad.egg-info/entry_points.txt
[0.698s] writing requirements to ../../build/quad/quad.egg-info/requires.txt
[0.698s] writing top-level names to ../../build/quad/quad.egg-info/top_level.txt
[0.739s] reading manifest file '../../build/quad/quad.egg-info/SOURCES.txt'
[0.740s] writing manifest file '../../build/quad/quad.egg-info/SOURCES.txt'
[0.740s] running build
[0.740s] running build_py
[0.740s] copying quad/quad.py -> /home/devpc/Desktop/quad_ws/build/quad/build/lib/quad
[0.740s] running install
[0.741s] running install_lib
[0.742s] copying /home/devpc/Desktop/quad_ws/build/quad/build/lib/quad/quad.py -> /home/devpc/Desktop/quad_ws/install/quad/lib/python3.8/site-packages/quad
[0.742s] byte-compiling /home/devpc/Desktop/quad_ws/install/quad/lib/python3.8/site-packages/quad/quad.py to quad.cpython-38.pyc
[0.744s] Sorry: TabError: inconsistent use of tabs and spaces in indentation (quad.py, line 38)
[0.745s] running install_data
[0.748s] copying config/motion_servo_params.yaml -> /home/devpc/Desktop/quad_ws/install/quad/share/quad/config
[0.749s] running install_egg_info
[0.751s] removing '/home/devpc/Desktop/quad_ws/install/quad/lib/python3.8/site-packages/quad-0.0.1-py3.8.egg-info' (and everything under it)
[0.752s] Copying ../../build/quad/quad.egg-info to /home/devpc/Desktop/quad_ws/install/quad/lib/python3.8/site-packages/quad-0.0.1-py3.8.egg-info
[0.753s] running install_scripts
[0.770s] Installing quad script to /home/devpc/Desktop/quad_ws/install/quad/lib/quad
[0.770s] writing list of installed files to '/home/devpc/Desktop/quad_ws/build/quad/install.log'
[0.823s] Invoked command in '/home/devpc/Desktop/quad_ws/src/quad' returned '0': PYTHONPATH=/home/devpc/Desktop/quad_ws/install/quad/lib/python3.8/site-packages:${PYTHONPATH} /usr/bin/python3 setup.py egg_info --egg-base ../../build/quad build --build-base /home/devpc/Desktop/quad_ws/build/quad/build install --prefix /home/devpc/Desktop/quad_ws/install/quad --record /home/devpc/Desktop/quad_ws/build/quad/install.log --single-version-externally-managed
