[0.018s] Invoking command in '/home/devpc/Desktop/microros_ws/build/micro_ros_msgs': CMAKE_PREFIX_PATH=${CMAKE_PREFIX_PATH}:/opt/ros/foxy /usr/bin/cmake --build /home/devpc/Desktop/microros_ws/build/micro_ros_msgs -- -j8 -l8
[0.067s] [  2%] Built target micro_ros_msgs__cpp
[0.069s] [ 12%] Built target micro_ros_msgs__rosidl_generator_c
[0.092s] [ 23%] Built target micro_ros_msgs__rosidl_typesupport_cpp
[0.092s] [ 34%] Built target micro_ros_msgs__rosidl_typesupport_c
[0.092s] [ 44%] Built target micro_ros_msgs__rosidl_typesupport_introspection_cpp
[0.095s] [ 55%] Built target micro_ros_msgs__rosidl_typesupport_introspection_c
[0.097s] [ 65%] Built target micro_ros_msgs__rosidl_typesupport_fastrtps_cpp
[0.118s] [ 76%] Built target micro_ros_msgs__rosidl_typesupport_fastrtps_c
[0.135s] [ 76%] Built target micro_ros_msgs
[0.152s] [ 78%] Built target micro_ros_msgs__py
[0.174s] [ 87%] Built target micro_ros_msgs__python
[0.199s] [ 93%] Built target micro_ros_msgs__rosidl_typesupport_fastrtps_c__pyext
[0.199s] [ 95%] Built target micro_ros_msgs__rosidl_typesupport_introspection_c__pyext
[0.199s] [100%] Built target micro_ros_msgs__rosidl_typesupport_c__pyext
[0.210s] Invoked command in '/home/devpc/Desktop/microros_ws/build/micro_ros_msgs' returned '0': CMAKE_PREFIX_PATH=${CMAKE_PREFIX_PATH}:/opt/ros/foxy /usr/bin/cmake --build /home/devpc/Desktop/microros_ws/build/micro_ros_msgs -- -j8 -l8
[0.266s] Invoking command in '/home/devpc/Desktop/microros_ws/build/micro_ros_msgs': CMAKE_PREFIX_PATH=${CMAKE_PREFIX_PATH}:/opt/ros/foxy /usr/bin/cmake --install /home/devpc/Desktop/microros_ws/build/micro_ros_msgs
[0.273s] -- Install configuration: ""
[0.273s] -- Up-to-date: /home/devpc/Desktop/microros_ws/install/micro_ros_msgs/share/ament_index/resource_index/rosidl_interfaces/micro_ros_msgs
[0.273s] -- Up-to-date: /home/devpc/Desktop/microros_ws/install/micro_ros_msgs/include/micro_ros_msgs
[0.274s] -- Up-to-date: /home/devpc/Desktop/microros_ws/install/micro_ros_msgs/include/micro_ros_msgs/msg
[0.274s] -- Up-to-date: /home/devpc/Desktop/microros_ws/install/micro_ros_msgs/include/micro_ros_msgs/msg/detail
[0.274s] -- Up-to-date: /home/devpc/Desktop/microros_ws/install/micro_ros_msgs/include/micro_ros_msgs/msg/detail/entity__functions.c
[0.274s] -- Up-to-date: /home/devpc/Desktop/microros_ws/install/micro_ros_msgs/include/micro_ros_msgs/msg/detail/entity__struct.h
[0.274s] -- Up-to-date: /home/devpc/Desktop/microros_ws/install/micro_ros_msgs/include/micro_ros_msgs/msg/detail/graph__functions.c
[0.275s] -- Up-to-date: /home/devpc/Desktop/microros_ws/install/micro_ros_msgs/include/micro_ros_msgs/msg/detail/node__struct.h
[0.275s] -- Up-to-date: /home/devpc/Desktop/microros_ws/install/micro_ros_msgs/include/micro_ros_msgs/msg/detail/entity__type_support.h
[0.275s] -- Up-to-date: /home/devpc/Desktop/microros_ws/install/micro_ros_msgs/include/micro_ros_msgs/msg/detail/graph__type_support.h
[0.275s] -- Up-to-date: /home/devpc/Desktop/microros_ws/install/micro_ros_msgs/include/micro_ros_msgs/msg/detail/node__type_support.h
[0.276s] -- Up-to-date: /home/devpc/Desktop/microros_ws/install/micro_ros_msgs/include/micro_ros_msgs/msg/detail/node__functions.h
[0.276s] -- Up-to-date: /home/devpc/Desktop/microros_ws/install/micro_ros_msgs/include/micro_ros_msgs/msg/detail/graph__functions.h
[0.276s] -- Up-to-date: /home/devpc/Desktop/microros_ws/install/micro_ros_msgs/include/micro_ros_msgs/msg/detail/node__functions.c
[0.276s] -- Up-to-date: /home/devpc/Desktop/microros_ws/install/micro_ros_msgs/include/micro_ros_msgs/msg/detail/entity__functions.h
[0.276s] -- Up-to-date: /home/devpc/Desktop/microros_ws/install/micro_ros_msgs/include/micro_ros_msgs/msg/detail/graph__struct.h
[0.277s] -- Up-to-date: /home/devpc/Desktop/microros_ws/install/micro_ros_msgs/include/micro_ros_msgs/msg/node.h
[0.277s] -- Up-to-date: /home/devpc/Desktop/microros_ws/install/micro_ros_msgs/include/micro_ros_msgs/msg/graph.h
[0.277s] -- Up-to-date: /home/devpc/Desktop/microros_ws/install/micro_ros_msgs/include/micro_ros_msgs/msg/entity.h
[0.277s] -- Up-to-date: /home/devpc/Desktop/microros_ws/install/micro_ros_msgs/include/micro_ros_msgs/msg/rosidl_generator_c__visibility_control.h
[0.278s] -- Up-to-date: /home/devpc/Desktop/microros_ws/install/micro_ros_msgs/share/micro_ros_msgs/environment/library_path.sh
[0.278s] -- Up-to-date: /home/devpc/Desktop/microros_ws/install/micro_ros_msgs/share/micro_ros_msgs/environment/library_path.dsv
[0.278s] -- Up-to-date: /home/devpc/Desktop/microros_ws/install/micro_ros_msgs/lib/libmicro_ros_msgs__rosidl_generator_c.so
[0.278s] -- Up-to-date: /home/devpc/Desktop/microros_ws/install/micro_ros_msgs/include/micro_ros_msgs
[0.278s] -- Up-to-date: /home/devpc/Desktop/microros_ws/install/micro_ros_msgs/include/micro_ros_msgs/msg
[0.278s] -- Up-to-date: /home/devpc/Desktop/microros_ws/install/micro_ros_msgs/include/micro_ros_msgs/msg/detail
[0.279s] -- Up-to-date: /home/devpc/Desktop/microros_ws/install/micro_ros_msgs/include/micro_ros_msgs/msg/detail/graph__rosidl_typesupport_fastrtps_c.h
[0.279s] -- Up-to-date: /home/devpc/Desktop/microros_ws/install/micro_ros_msgs/include/micro_ros_msgs/msg/detail/entity__rosidl_typesupport_fastrtps_c.h
[0.279s] -- Up-to-date: /home/devpc/Desktop/microros_ws/install/micro_ros_msgs/include/micro_ros_msgs/msg/detail/node__rosidl_typesupport_fastrtps_c.h
[0.279s] -- Up-to-date: /home/devpc/Desktop/microros_ws/install/micro_ros_msgs/include/micro_ros_msgs/msg/rosidl_typesupport_fastrtps_c__visibility_control.h
[0.279s] -- Up-to-date: /home/devpc/Desktop/microros_ws/install/micro_ros_msgs/lib/libmicro_ros_msgs__rosidl_typesupport_fastrtps_c.so
[0.280s] -- Up-to-date: /home/devpc/Desktop/microros_ws/install/micro_ros_msgs/include/micro_ros_msgs
[0.280s] -- Up-to-date: /home/devpc/Desktop/microros_ws/install/micro_ros_msgs/include/micro_ros_msgs/msg
[0.280s] -- Up-to-date: /home/devpc/Desktop/microros_ws/install/micro_ros_msgs/include/micro_ros_msgs/msg/detail
[0.280s] -- Up-to-date: /home/devpc/Desktop/microros_ws/install/micro_ros_msgs/include/micro_ros_msgs/msg/detail/node__rosidl_typesupport_fastrtps_cpp.hpp
[0.280s] -- Up-to-date: /home/devpc/Desktop/microros_ws/install/micro_ros_msgs/include/micro_ros_msgs/msg/detail/entity__rosidl_typesupport_fastrtps_cpp.hpp
[0.280s] -- Up-to-date: /home/devpc/Desktop/microros_ws/install/micro_ros_msgs/include/micro_ros_msgs/msg/detail/graph__rosidl_typesupport_fastrtps_cpp.hpp
[0.280s] -- Up-to-date: /home/devpc/Desktop/microros_ws/install/micro_ros_msgs/include/micro_ros_msgs/msg/detail/dds_fastrtps
[0.281s] -- Up-to-date: /home/devpc/Desktop/microros_ws/install/micro_ros_msgs/include/micro_ros_msgs/msg/rosidl_typesupport_fastrtps_cpp__visibility_control.h
[0.281s] -- Up-to-date: /home/devpc/Desktop/microros_ws/install/micro_ros_msgs/lib/libmicro_ros_msgs__rosidl_typesupport_fastrtps_cpp.so
[0.281s] -- Up-to-date: /home/devpc/Desktop/microros_ws/install/micro_ros_msgs/include/micro_ros_msgs
[0.281s] -- Up-to-date: /home/devpc/Desktop/microros_ws/install/micro_ros_msgs/include/micro_ros_msgs/msg
[0.281s] -- Up-to-date: /home/devpc/Desktop/microros_ws/install/micro_ros_msgs/include/micro_ros_msgs/msg/detail
[0.281s] -- Up-to-date: /home/devpc/Desktop/microros_ws/install/micro_ros_msgs/include/micro_ros_msgs/msg/detail/node__type_support.c
[0.281s] -- Up-to-date: /home/devpc/Desktop/microros_ws/install/micro_ros_msgs/include/micro_ros_msgs/msg/detail/node__rosidl_typesupport_introspection_c.h
[0.281s] -- Up-to-date: /home/devpc/Desktop/microros_ws/install/micro_ros_msgs/include/micro_ros_msgs/msg/detail/graph__type_support.c
[0.282s] -- Up-to-date: /home/devpc/Desktop/microros_ws/install/micro_ros_msgs/include/micro_ros_msgs/msg/detail/entity__type_support.c
[0.282s] -- Up-to-date: /home/devpc/Desktop/microros_ws/install/micro_ros_msgs/include/micro_ros_msgs/msg/detail/graph__rosidl_typesupport_introspection_c.h
[0.282s] -- Up-to-date: /home/devpc/Desktop/microros_ws/install/micro_ros_msgs/include/micro_ros_msgs/msg/detail/entity__rosidl_typesupport_introspection_c.h
[0.282s] -- Up-to-date: /home/devpc/Desktop/microros_ws/install/micro_ros_msgs/include/micro_ros_msgs/msg/rosidl_typesupport_introspection_c__visibility_control.h
[0.282s] -- Up-to-date: /home/devpc/Desktop/microros_ws/install/micro_ros_msgs/lib/libmicro_ros_msgs__rosidl_typesupport_introspection_c.so
[0.282s] -- Up-to-date: /home/devpc/Desktop/microros_ws/install/micro_ros_msgs/lib/libmicro_ros_msgs__rosidl_typesupport_c.so
[0.282s] -- Up-to-date: /home/devpc/Desktop/microros_ws/install/micro_ros_msgs/include/micro_ros_msgs
[0.282s] -- Up-to-date: /home/devpc/Desktop/microros_ws/install/micro_ros_msgs/include/micro_ros_msgs/msg
[0.282s] -- Up-to-date: /home/devpc/Desktop/microros_ws/install/micro_ros_msgs/include/micro_ros_msgs/msg/entity.hpp
[0.282s] -- Up-to-date: /home/devpc/Desktop/microros_ws/install/micro_ros_msgs/include/micro_ros_msgs/msg/detail
[0.283s] -- Up-to-date: /home/devpc/Desktop/microros_ws/install/micro_ros_msgs/include/micro_ros_msgs/msg/detail/entity__builder.hpp
[0.283s] -- Up-to-date: /home/devpc/Desktop/microros_ws/install/micro_ros_msgs/include/micro_ros_msgs/msg/detail/graph__struct.hpp
[0.283s] -- Up-to-date: /home/devpc/Desktop/microros_ws/install/micro_ros_msgs/include/micro_ros_msgs/msg/detail/node__struct.hpp
[0.283s] -- Up-to-date: /home/devpc/Desktop/microros_ws/install/micro_ros_msgs/include/micro_ros_msgs/msg/detail/graph__builder.hpp
[0.283s] -- Up-to-date: /home/devpc/Desktop/microros_ws/install/micro_ros_msgs/include/micro_ros_msgs/msg/detail/node__traits.hpp
[0.283s] -- Up-to-date: /home/devpc/Desktop/microros_ws/install/micro_ros_msgs/include/micro_ros_msgs/msg/detail/node__builder.hpp
[0.283s] -- Up-to-date: /home/devpc/Desktop/microros_ws/install/micro_ros_msgs/include/micro_ros_msgs/msg/detail/entity__struct.hpp
[0.283s] -- Up-to-date: /home/devpc/Desktop/microros_ws/install/micro_ros_msgs/include/micro_ros_msgs/msg/detail/graph__traits.hpp
[0.283s] -- Up-to-date: /home/devpc/Desktop/microros_ws/install/micro_ros_msgs/include/micro_ros_msgs/msg/detail/entity__traits.hpp
[0.283s] -- Up-to-date: /home/devpc/Desktop/microros_ws/install/micro_ros_msgs/include/micro_ros_msgs/msg/node.hpp
[0.284s] -- Up-to-date: /home/devpc/Desktop/microros_ws/install/micro_ros_msgs/include/micro_ros_msgs/msg/graph.hpp
[0.284s] -- Up-to-date: /home/devpc/Desktop/microros_ws/install/micro_ros_msgs/include/micro_ros_msgs
[0.284s] -- Up-to-date: /home/devpc/Desktop/microros_ws/install/micro_ros_msgs/include/micro_ros_msgs/msg
[0.284s] -- Up-to-date: /home/devpc/Desktop/microros_ws/install/micro_ros_msgs/include/micro_ros_msgs/msg/detail
[0.284s] -- Up-to-date: /home/devpc/Desktop/microros_ws/install/micro_ros_msgs/include/micro_ros_msgs/msg/detail/entity__rosidl_typesupport_introspection_cpp.hpp
[0.284s] -- Up-to-date: /home/devpc/Desktop/microros_ws/install/micro_ros_msgs/include/micro_ros_msgs/msg/detail/graph__rosidl_typesupport_introspection_cpp.hpp
[0.284s] -- Up-to-date: /home/devpc/Desktop/microros_ws/install/micro_ros_msgs/include/micro_ros_msgs/msg/detail/graph__type_support.cpp
[0.284s] -- Up-to-date: /home/devpc/Desktop/microros_ws/install/micro_ros_msgs/include/micro_ros_msgs/msg/detail/node__rosidl_typesupport_introspection_cpp.hpp
[0.284s] -- Up-to-date: /home/devpc/Desktop/microros_ws/install/micro_ros_msgs/include/micro_ros_msgs/msg/detail/entity__type_support.cpp
[0.284s] -- Up-to-date: /home/devpc/Desktop/microros_ws/install/micro_ros_msgs/include/micro_ros_msgs/msg/detail/node__type_support.cpp
[0.285s] -- Up-to-date: /home/devpc/Desktop/microros_ws/install/micro_ros_msgs/lib/libmicro_ros_msgs__rosidl_typesupport_introspection_cpp.so
[0.285s] -- Up-to-date: /home/devpc/Desktop/microros_ws/install/micro_ros_msgs/lib/libmicro_ros_msgs__rosidl_typesupport_cpp.so
[0.285s] -- Up-to-date: /home/devpc/Desktop/microros_ws/install/micro_ros_msgs/share/micro_ros_msgs/environment/pythonpath.sh
[0.285s] -- Up-to-date: /home/devpc/Desktop/microros_ws/install/micro_ros_msgs/share/micro_ros_msgs/environment/pythonpath.dsv
[0.285s] -- Up-to-date: /home/devpc/Desktop/microros_ws/install/micro_ros_msgs/lib/python3.8/site-packages/micro_ros_msgs/__init__.py
[0.310s] -- Up-to-date: /home/devpc/Desktop/microros_ws/install/micro_ros_msgs/lib/python3.8/site-packages/micro_ros_msgs/msg
[0.310s] -- Up-to-date: /home/devpc/Desktop/microros_ws/install/micro_ros_msgs/lib/python3.8/site-packages/micro_ros_msgs/msg/__init__.py
[0.310s] -- Up-to-date: /home/devpc/Desktop/microros_ws/install/micro_ros_msgs/lib/python3.8/site-packages/micro_ros_msgs/msg/_entity.py
[0.310s] -- Up-to-date: /home/devpc/Desktop/microros_ws/install/micro_ros_msgs/lib/python3.8/site-packages/micro_ros_msgs/msg/_entity_s.c
[0.310s] -- Up-to-date: /home/devpc/Desktop/microros_ws/install/micro_ros_msgs/lib/python3.8/site-packages/micro_ros_msgs/msg/_node.py
[0.311s] -- Up-to-date: /home/devpc/Desktop/microros_ws/install/micro_ros_msgs/lib/python3.8/site-packages/micro_ros_msgs/msg/_graph.py
[0.311s] -- Up-to-date: /home/devpc/Desktop/microros_ws/install/micro_ros_msgs/lib/python3.8/site-packages/micro_ros_msgs/msg/_graph_s.c
[0.311s] -- Up-to-date: /home/devpc/Desktop/microros_ws/install/micro_ros_msgs/lib/python3.8/site-packages/micro_ros_msgs/msg/_node_s.c
[0.311s] -- Up-to-date: /home/devpc/Desktop/microros_ws/install/micro_ros_msgs/lib/python3.8/site-packages/micro_ros_msgs/micro_ros_msgs_s__rosidl_typesupport_fastrtps_c.cpython-38-x86_64-linux-gnu.so
[0.311s] -- Up-to-date: /home/devpc/Desktop/microros_ws/install/micro_ros_msgs/lib/python3.8/site-packages/micro_ros_msgs/micro_ros_msgs_s__rosidl_typesupport_introspection_c.cpython-38-x86_64-linux-gnu.so
[0.312s] -- Up-to-date: /home/devpc/Desktop/microros_ws/install/micro_ros_msgs/lib/python3.8/site-packages/micro_ros_msgs/micro_ros_msgs_s__rosidl_typesupport_c.cpython-38-x86_64-linux-gnu.so
[0.312s] -- Up-to-date: /home/devpc/Desktop/microros_ws/install/micro_ros_msgs/lib/libmicro_ros_msgs__python.so
[0.313s] -- Up-to-date: /home/devpc/Desktop/microros_ws/install/micro_ros_msgs/share/micro_ros_msgs/msg/Graph.idl
[0.313s] -- Up-to-date: /home/devpc/Desktop/microros_ws/install/micro_ros_msgs/share/micro_ros_msgs/msg/Node.idl
[0.313s] -- Up-to-date: /home/devpc/Desktop/microros_ws/install/micro_ros_msgs/share/micro_ros_msgs/msg/Entity.idl
[0.313s] -- Up-to-date: /home/devpc/Desktop/microros_ws/install/micro_ros_msgs/share/micro_ros_msgs/msg/Graph.msg
[0.313s] -- Up-to-date: /home/devpc/Desktop/microros_ws/install/micro_ros_msgs/share/micro_ros_msgs/msg/Node.msg
[0.313s] -- Up-to-date: /home/devpc/Desktop/microros_ws/install/micro_ros_msgs/share/micro_ros_msgs/msg/Entity.msg
[0.314s] -- Up-to-date: /home/devpc/Desktop/microros_ws/install/micro_ros_msgs/share/ament_index/resource_index/package_run_dependencies/micro_ros_msgs
[0.314s] -- Up-to-date: /home/devpc/Desktop/microros_ws/install/micro_ros_msgs/share/ament_index/resource_index/parent_prefix_path/micro_ros_msgs
[0.314s] -- Up-to-date: /home/devpc/Desktop/microros_ws/install/micro_ros_msgs/share/micro_ros_msgs/environment/ament_prefix_path.sh
[0.314s] -- Up-to-date: /home/devpc/Desktop/microros_ws/install/micro_ros_msgs/share/micro_ros_msgs/environment/ament_prefix_path.dsv
[0.314s] -- Up-to-date: /home/devpc/Desktop/microros_ws/install/micro_ros_msgs/share/micro_ros_msgs/environment/path.sh
[0.315s] -- Up-to-date: /home/devpc/Desktop/microros_ws/install/micro_ros_msgs/share/micro_ros_msgs/environment/path.dsv
[0.315s] -- Up-to-date: /home/devpc/Desktop/microros_ws/install/micro_ros_msgs/share/micro_ros_msgs/local_setup.bash
[0.315s] -- Up-to-date: /home/devpc/Desktop/microros_ws/install/micro_ros_msgs/share/micro_ros_msgs/local_setup.sh
[0.315s] -- Up-to-date: /home/devpc/Desktop/microros_ws/install/micro_ros_msgs/share/micro_ros_msgs/local_setup.zsh
[0.315s] -- Up-to-date: /home/devpc/Desktop/microros_ws/install/micro_ros_msgs/share/micro_ros_msgs/local_setup.dsv
[0.315s] -- Installing: /home/devpc/Desktop/microros_ws/install/micro_ros_msgs/share/micro_ros_msgs/package.dsv
[0.316s] -- Up-to-date: /home/devpc/Desktop/microros_ws/install/micro_ros_msgs/share/ament_index/resource_index/packages/micro_ros_msgs
[0.316s] -- Up-to-date: /home/devpc/Desktop/microros_ws/install/micro_ros_msgs/share/micro_ros_msgs/cmake/micro_ros_msgs__rosidl_generator_cExport.cmake
[0.316s] -- Up-to-date: /home/devpc/Desktop/microros_ws/install/micro_ros_msgs/share/micro_ros_msgs/cmake/micro_ros_msgs__rosidl_generator_cExport-noconfig.cmake
[0.316s] -- Up-to-date: /home/devpc/Desktop/microros_ws/install/micro_ros_msgs/share/micro_ros_msgs/cmake/micro_ros_msgs__rosidl_typesupport_introspection_cExport.cmake
[0.316s] -- Up-to-date: /home/devpc/Desktop/microros_ws/install/micro_ros_msgs/share/micro_ros_msgs/cmake/micro_ros_msgs__rosidl_typesupport_introspection_cExport-noconfig.cmake
[0.316s] -- Up-to-date: /home/devpc/Desktop/microros_ws/install/micro_ros_msgs/share/micro_ros_msgs/cmake/micro_ros_msgs__rosidl_typesupport_cExport.cmake
[0.317s] -- Up-to-date: /home/devpc/Desktop/microros_ws/install/micro_ros_msgs/share/micro_ros_msgs/cmake/micro_ros_msgs__rosidl_typesupport_cExport-noconfig.cmake
[0.317s] -- Up-to-date: /home/devpc/Desktop/microros_ws/install/micro_ros_msgs/share/micro_ros_msgs/cmake/micro_ros_msgs__rosidl_generator_cppExport.cmake
[0.317s] -- Up-to-date: /home/devpc/Desktop/microros_ws/install/micro_ros_msgs/share/micro_ros_msgs/cmake/micro_ros_msgs__rosidl_typesupport_introspection_cppExport.cmake
[0.317s] -- Up-to-date: /home/devpc/Desktop/microros_ws/install/micro_ros_msgs/share/micro_ros_msgs/cmake/micro_ros_msgs__rosidl_typesupport_introspection_cppExport-noconfig.cmake
[0.317s] -- Up-to-date: /home/devpc/Desktop/microros_ws/install/micro_ros_msgs/share/micro_ros_msgs/cmake/micro_ros_msgs__rosidl_typesupport_cppExport.cmake
[0.317s] -- Up-to-date: /home/devpc/Desktop/microros_ws/install/micro_ros_msgs/share/micro_ros_msgs/cmake/micro_ros_msgs__rosidl_typesupport_cppExport-noconfig.cmake
[0.318s] -- Up-to-date: /home/devpc/Desktop/microros_ws/install/micro_ros_msgs/share/micro_ros_msgs/cmake/rosidl_cmake-extras.cmake
[0.318s] -- Up-to-date: /home/devpc/Desktop/microros_ws/install/micro_ros_msgs/share/micro_ros_msgs/cmake/ament_cmake_export_dependencies-extras.cmake
[0.318s] -- Up-to-date: /home/devpc/Desktop/microros_ws/install/micro_ros_msgs/share/micro_ros_msgs/cmake/ament_cmake_export_libraries-extras.cmake
[0.318s] -- Up-to-date: /home/devpc/Desktop/microros_ws/install/micro_ros_msgs/share/micro_ros_msgs/cmake/ament_cmake_export_targets-extras.cmake
[0.318s] -- Up-to-date: /home/devpc/Desktop/microros_ws/install/micro_ros_msgs/share/micro_ros_msgs/cmake/ament_cmake_export_include_directories-extras.cmake
[0.318s] -- Up-to-date: /home/devpc/Desktop/microros_ws/install/micro_ros_msgs/share/micro_ros_msgs/cmake/rosidl_cmake_export_typesupport_libraries-extras.cmake
[0.318s] -- Up-to-date: /home/devpc/Desktop/microros_ws/install/micro_ros_msgs/share/micro_ros_msgs/cmake/rosidl_cmake_export_typesupport_targets-extras.cmake
[0.319s] -- Up-to-date: /home/devpc/Desktop/microros_ws/install/micro_ros_msgs/share/micro_ros_msgs/cmake/micro_ros_msgsConfig.cmake
[0.319s] -- Up-to-date: /home/devpc/Desktop/microros_ws/install/micro_ros_msgs/share/micro_ros_msgs/cmake/micro_ros_msgsConfig-version.cmake
[0.320s] -- Up-to-date: /home/devpc/Desktop/microros_ws/install/micro_ros_msgs/share/micro_ros_msgs/package.xml
[0.322s] Invoked command in '/home/devpc/Desktop/microros_ws/build/micro_ros_msgs' returned '0': CMAKE_PREFIX_PATH=${CMAKE_PREFIX_PATH}:/opt/ros/foxy /usr/bin/cmake --install /home/devpc/Desktop/microros_ws/build/micro_ros_msgs
