[0.478s] Invoking command in '/home/devpc/Desktop/quad_ws/src/motion_servos_calibration': PYTHONPATH=/home/devpc/Desktop/quad_ws/install/motion_servos_calibration/lib/python3.8/site-packages:${PYTHONPATH} /usr/bin/python3 setup.py egg_info --egg-base ../../build/motion_servos_calibration build --build-base /home/devpc/Desktop/quad_ws/build/motion_servos_calibration/build install --prefix /home/devpc/Desktop/quad_ws/install/motion_servos_calibration --record /home/devpc/Desktop/quad_ws/build/motion_servos_calibration/install.log --single-version-externally-managed
[0.714s] running egg_info
[0.714s] writing ../../build/motion_servos_calibration/motion_servos_calibration.egg-info/PKG-INFO
[0.715s] writing dependency_links to ../../build/motion_servos_calibration/motion_servos_calibration.egg-info/dependency_links.txt
[0.715s] writing entry points to ../../build/motion_servos_calibration/motion_servos_calibration.egg-info/entry_points.txt
[0.715s] writing requirements to ../../build/motion_servos_calibration/motion_servos_calibration.egg-info/requires.txt
[0.715s] writing top-level names to ../../build/motion_servos_calibration/motion_servos_calibration.egg-info/top_level.txt
[0.756s] reading manifest file '../../build/motion_servos_calibration/motion_servos_calibration.egg-info/SOURCES.txt'
[0.756s] writing manifest file '../../build/motion_servos_calibration/motion_servos_calibration.egg-info/SOURCES.txt'
[0.757s] running build
[0.757s] running build_py
[0.757s] running install
[0.758s] running install_lib
[0.760s] running install_data
[0.760s] running install_egg_info
[0.762s] removing '/home/devpc/Desktop/quad_ws/install/motion_servos_calibration/lib/python3.8/site-packages/motion_servos_calibration-0.0.0-py3.8.egg-info' (and everything under it)
[0.763s] Copying ../../build/motion_servos_calibration/motion_servos_calibration.egg-info to /home/devpc/Desktop/quad_ws/install/motion_servos_calibration/lib/python3.8/site-packages/motion_servos_calibration-0.0.0-py3.8.egg-info
[0.764s] running install_scripts
[0.784s] Installing motion_servos_calibration script to /home/devpc/Desktop/quad_ws/install/motion_servos_calibration/lib/motion_servos_calibration
[0.785s] writing list of installed files to '/home/devpc/Desktop/quad_ws/build/motion_servos_calibration/install.log'
[0.825s] Invoked command in '/home/devpc/Desktop/quad_ws/src/motion_servos_calibration' returned '0': PYTHONPATH=/home/devpc/Desktop/quad_ws/install/motion_servos_calibration/lib/python3.8/site-packages:${PYTHONPATH} /usr/bin/python3 setup.py egg_info --egg-base ../../build/motion_servos_calibration build --build-base /home/devpc/Desktop/quad_ws/build/motion_servos_calibration/build install --prefix /home/devpc/Desktop/quad_ws/install/motion_servos_calibration --record /home/devpc/Desktop/quad_ws/build/motion_servos_calibration/install.log --single-version-externally-managed
