[0.246s] Invoking command in '/home/devpc/Desktop/quad_ws/src/quad': PYTHONPATH=/home/devpc/Desktop/quad_ws/install/quad/lib/python3.8/site-packages:${PYTHONPATH} /usr/bin/python3 setup.py egg_info --egg-base ../../build/quad build --build-base /home/devpc/Desktop/quad_ws/build/quad/build install --prefix /home/devpc/Desktop/quad_ws/install/quad --record /home/devpc/Desktop/quad_ws/build/quad/install.log --single-version-externally-managed
[0.463s] running egg_info
[0.464s] writing ../../build/quad/quad.egg-info/PKG-INFO
[0.464s] writing dependency_links to ../../build/quad/quad.egg-info/dependency_links.txt
[0.464s] writing entry points to ../../build/quad/quad.egg-info/entry_points.txt
[0.464s] writing requirements to ../../build/quad/quad.egg-info/requires.txt
[0.464s] writing top-level names to ../../build/quad/quad.egg-info/top_level.txt
[0.502s] reading manifest file '../../build/quad/quad.egg-info/SOURCES.txt'
[0.502s] writing manifest file '../../build/quad/quad.egg-info/SOURCES.txt'
[0.502s] running build
[0.502s] running build_py
[0.503s] running install
[0.503s] running install_lib
[0.505s] running install_data
[0.505s] copying package.xml -> /home/devpc/Desktop/quad_ws/install/quad/share/quad
[0.505s] running install_egg_info
[0.507s] removing '/home/devpc/Desktop/quad_ws/install/quad/lib/python3.8/site-packages/quad-0.0.1-py3.8.egg-info' (and everything under it)
[0.507s] Copying ../../build/quad/quad.egg-info to /home/devpc/Desktop/quad_ws/install/quad/lib/python3.8/site-packages/quad-0.0.1-py3.8.egg-info
[0.508s] running install_scripts
[0.533s] Installing quad script to /home/devpc/Desktop/quad_ws/install/quad/lib/quad
[0.533s] writing list of installed files to '/home/devpc/Desktop/quad_ws/build/quad/install.log'
[0.548s] Invoked command in '/home/devpc/Desktop/quad_ws/src/quad' returned '0': PYTHONPATH=/home/devpc/Desktop/quad_ws/install/quad/lib/python3.8/site-packages:${PYTHONPATH} /usr/bin/python3 setup.py egg_info --egg-base ../../build/quad build --build-base /home/devpc/Desktop/quad_ws/build/quad/build install --prefix /home/devpc/Desktop/quad_ws/install/quad --record /home/devpc/Desktop/quad_ws/build/quad/install.log --single-version-externally-managed
