[0.494s] Invoking command in '/home/devpc/Desktop/quad_ws/src/teleop_twist_keyboard-dashing': PYTHONPATH=/home/devpc/Desktop/quad_ws/install/teleop_twist_keyboard/lib/python3.8/site-packages:${PYTHONPATH} /usr/bin/python3 setup.py egg_info --egg-base ../../build/teleop_twist_keyboard build --build-base /home/devpc/Desktop/quad_ws/build/teleop_twist_keyboard/build install --prefix /home/devpc/Desktop/quad_ws/install/teleop_twist_keyboard --record /home/devpc/Desktop/quad_ws/build/teleop_twist_keyboard/install.log --single-version-externally-managed
[0.733s] running egg_info
[0.734s] writing ../../build/teleop_twist_keyboard/teleop_twist_keyboard.egg-info/PKG-INFO
[0.735s] writing dependency_links to ../../build/teleop_twist_keyboard/teleop_twist_keyboard.egg-info/dependency_links.txt
[0.735s] writing entry points to ../../build/teleop_twist_keyboard/teleop_twist_keyboard.egg-info/entry_points.txt
[0.735s] writing requirements to ../../build/teleop_twist_keyboard/teleop_twist_keyboard.egg-info/requires.txt
[0.735s] writing top-level names to ../../build/teleop_twist_keyboard/teleop_twist_keyboard.egg-info/top_level.txt
[0.772s] reading manifest file '../../build/teleop_twist_keyboard/teleop_twist_keyboard.egg-info/SOURCES.txt'
[0.774s] writing manifest file '../../build/teleop_twist_keyboard/teleop_twist_keyboard.egg-info/SOURCES.txt'
[0.774s] running build
[0.774s] running build_py
[0.774s] running install
[0.775s] running install_lib
[0.776s] running install_data
[0.776s] running install_egg_info
[0.778s] removing '/home/devpc/Desktop/quad_ws/install/teleop_twist_keyboard/lib/python3.8/site-packages/teleop_twist_keyboard-2.3.2-py3.8.egg-info' (and everything under it)
[0.778s] Copying ../../build/teleop_twist_keyboard/teleop_twist_keyboard.egg-info to /home/devpc/Desktop/quad_ws/install/teleop_twist_keyboard/lib/python3.8/site-packages/teleop_twist_keyboard-2.3.2-py3.8.egg-info
[0.779s] running install_scripts
[0.795s] Installing teleop_twist_keyboard script to /home/devpc/Desktop/quad_ws/install/teleop_twist_keyboard/lib/teleop_twist_keyboard
[0.795s] writing list of installed files to '/home/devpc/Desktop/quad_ws/build/teleop_twist_keyboard/install.log'
[0.817s] Invoked command in '/home/devpc/Desktop/quad_ws/src/teleop_twist_keyboard-dashing' returned '0': PYTHONPATH=/home/devpc/Desktop/quad_ws/install/teleop_twist_keyboard/lib/python3.8/site-packages:${PYTHONPATH} /usr/bin/python3 setup.py egg_info --egg-base ../../build/teleop_twist_keyboard build --build-base /home/devpc/Desktop/quad_ws/build/teleop_twist_keyboard/build install --prefix /home/devpc/Desktop/quad_ws/install/teleop_twist_keyboard --record /home/devpc/Desktop/quad_ws/build/teleop_twist_keyboard/install.log --single-version-externally-managed
