[0.776s] Invoking command in '/home/devpc/Desktop/quad_ws/src/joystick_ros2': PYTHONPATH=/home/devpc/Desktop/quad_ws/install/joystick_ros2/lib/python3.8/site-packages:${PYTHONPATH} /usr/bin/python3 setup.py egg_info --egg-base ../../build/joystick_ros2 build --build-base /home/devpc/Desktop/quad_ws/build/joystick_ros2/build install --prefix /home/devpc/Desktop/quad_ws/install/joystick_ros2 --record /home/devpc/Desktop/quad_ws/build/joystick_ros2/install.log --single-version-externally-managed
[1.025s] running egg_info
[1.025s] creating ../../build/joystick_ros2/joystick_ros2.egg-info
[1.025s] writing ../../build/joystick_ros2/joystick_ros2.egg-info/PKG-INFO
[1.025s] writing dependency_links to ../../build/joystick_ros2/joystick_ros2.egg-info/dependency_links.txt
[1.026s] writing entry points to ../../build/joystick_ros2/joystick_ros2.egg-info/entry_points.txt
[1.026s] writing requirements to ../../build/joystick_ros2/joystick_ros2.egg-info/requires.txt
[1.026s] writing top-level names to ../../build/joystick_ros2/joystick_ros2.egg-info/top_level.txt
[1.027s] writing manifest file '../../build/joystick_ros2/joystick_ros2.egg-info/SOURCES.txt'
[1.070s] reading manifest file '../../build/joystick_ros2/joystick_ros2.egg-info/SOURCES.txt'
[1.071s] writing manifest file '../../build/joystick_ros2/joystick_ros2.egg-info/SOURCES.txt'
[1.071s] running build
[1.072s] running build_py
[1.072s] creating /home/devpc/Desktop/quad_ws/build/joystick_ros2/build
[1.072s] creating /home/devpc/Desktop/quad_ws/build/joystick_ros2/build/lib
[1.072s] copying joystick_ros2.py -> /home/devpc/Desktop/quad_ws/build/joystick_ros2/build/lib
[1.072s] copying inputs.py -> /home/devpc/Desktop/quad_ws/build/joystick_ros2/build/lib
[1.073s] running install
[1.074s] running install_lib
[1.075s] copying /home/devpc/Desktop/quad_ws/build/joystick_ros2/build/lib/inputs.py -> /home/devpc/Desktop/quad_ws/install/joystick_ros2/lib/python3.8/site-packages
[1.075s] copying /home/devpc/Desktop/quad_ws/build/joystick_ros2/build/lib/joystick_ros2.py -> /home/devpc/Desktop/quad_ws/install/joystick_ros2/lib/python3.8/site-packages
[1.076s] byte-compiling /home/devpc/Desktop/quad_ws/install/joystick_ros2/lib/python3.8/site-packages/inputs.py to inputs.cpython-38.pyc
[1.094s] byte-compiling /home/devpc/Desktop/quad_ws/install/joystick_ros2/lib/python3.8/site-packages/joystick_ros2.py to joystick_ros2.cpython-38.pyc
[1.096s] running install_data
[1.096s] creating /home/devpc/Desktop/quad_ws/install/joystick_ros2/share/ament_index
[1.096s] creating /home/devpc/Desktop/quad_ws/install/joystick_ros2/share/ament_index/resource_index
[1.096s] creating /home/devpc/Desktop/quad_ws/install/joystick_ros2/share/ament_index/resource_index/packages
[1.096s] copying resource/joystick_ros2 -> /home/devpc/Desktop/quad_ws/install/joystick_ros2/share/ament_index/resource_index/packages
[1.097s] creating /home/devpc/Desktop/quad_ws/install/joystick_ros2/shared
[1.097s] creating /home/devpc/Desktop/quad_ws/install/joystick_ros2/shared/joystick_ros2
[1.097s] copying package.xml -> /home/devpc/Desktop/quad_ws/install/joystick_ros2/shared/joystick_ros2
[1.097s] running install_egg_info
[1.098s] Copying ../../build/joystick_ros2/joystick_ros2.egg-info to /home/devpc/Desktop/quad_ws/install/joystick_ros2/lib/python3.8/site-packages/joystick_ros2-0.0.1-py3.8.egg-info
[1.099s] running install_scripts
[1.121s] Installing joystick_ros2 script to /home/devpc/Desktop/quad_ws/install/joystick_ros2/lib/joystick_ros2
[1.121s] writing list of installed files to '/home/devpc/Desktop/quad_ws/build/joystick_ros2/install.log'
[1.164s] Invoked command in '/home/devpc/Desktop/quad_ws/src/joystick_ros2' returned '0': PYTHONPATH=/home/devpc/Desktop/quad_ws/install/joystick_ros2/lib/python3.8/site-packages:${PYTHONPATH} /usr/bin/python3 setup.py egg_info --egg-base ../../build/joystick_ros2 build --build-base /home/devpc/Desktop/quad_ws/build/joystick_ros2/build install --prefix /home/devpc/Desktop/quad_ws/install/joystick_ros2 --record /home/devpc/Desktop/quad_ws/build/joystick_ros2/install.log --single-version-externally-managed
