[0.508s] Invoking command in '/home/devpc/Desktop/quad_ws/build/xacro': CMAKE_PREFIX_PATH=${CMAKE_PREFIX_PATH}:/home/devpc/Desktop/quad_ws/install/teleop_twist_keyboard:/home/devpc/Desktop/quad_ws/install/teleop:/home/devpc/Desktop/quad_ws/install/quad:/home/devpc/Desktop/quad_ws/install/motion_servos_calibration:/opt/ros/foxy /usr/bin/cmake --build /home/devpc/Desktop/quad_ws/build/xacro -- -j8 -l8
[0.541s] Invoked command in '/home/devpc/Desktop/quad_ws/build/xacro' returned '0': CMAKE_PREFIX_PATH=${CMAKE_PREFIX_PATH}:/home/devpc/Desktop/quad_ws/install/teleop_twist_keyboard:/home/devpc/Desktop/quad_ws/install/teleop:/home/devpc/Desktop/quad_ws/install/quad:/home/devpc/Desktop/quad_ws/install/motion_servos_calibration:/opt/ros/foxy /usr/bin/cmake --build /home/devpc/Desktop/quad_ws/build/xacro -- -j8 -l8
[0.571s] Invoking command in '/home/devpc/Desktop/quad_ws/build/xacro': CMAKE_PREFIX_PATH=${CMAKE_PREFIX_PATH}:/home/devpc/Desktop/quad_ws/install/teleop_twist_keyboard:/home/devpc/Desktop/quad_ws/install/teleop:/home/devpc/Desktop/quad_ws/install/quad:/home/devpc/Desktop/quad_ws/install/motion_servos_calibration:/opt/ros/foxy /usr/bin/cmake --install /home/devpc/Desktop/quad_ws/build/xacro
[0.583s] -- Install configuration: ""
[0.583s] -- Up-to-date: /home/devpc/Desktop/quad_ws/install/xacro/share/xacro/environment/completion.bash
[0.583s] -- Up-to-date: /home/devpc/Desktop/quad_ws/install/xacro/share/xacro/environment/pythonpath.sh
[0.584s] -- Up-to-date: /home/devpc/Desktop/quad_ws/install/xacro/share/xacro/environment/pythonpath.dsv
[0.584s] -- Up-to-date: /home/devpc/Desktop/quad_ws/install/xacro/lib/python3.8/site-packages/xacro
[0.584s] -- Up-to-date: /home/devpc/Desktop/quad_ws/install/xacro/lib/python3.8/site-packages/xacro/substitution_args.py
[0.584s] -- Up-to-date: /home/devpc/Desktop/quad_ws/install/xacro/lib/python3.8/site-packages/xacro/__init__.py
[0.584s] -- Up-to-date: /home/devpc/Desktop/quad_ws/install/xacro/lib/python3.8/site-packages/xacro/xmlutils.py
[0.584s] -- Up-to-date: /home/devpc/Desktop/quad_ws/install/xacro/lib/python3.8/site-packages/xacro/cli.py
[0.585s] -- Up-to-date: /home/devpc/Desktop/quad_ws/install/xacro/lib/python3.8/site-packages/xacro/color.py
[0.635s] Listing '/home/devpc/Desktop/quad_ws/install/xacro/lib/python3.8/site-packages/xacro'...
[0.642s] -- Up-to-date: /home/devpc/Desktop/quad_ws/install/xacro/bin/xacro
[0.642s] -- Up-to-date: /home/devpc/Desktop/quad_ws/install/xacro/lib/xacro/xacro
[0.642s] -- Up-to-date: /home/devpc/Desktop/quad_ws/install/xacro/share/ament_index/resource_index/package_run_dependencies/xacro
[0.642s] -- Up-to-date: /home/devpc/Desktop/quad_ws/install/xacro/share/ament_index/resource_index/parent_prefix_path/xacro
[0.643s] -- Up-to-date: /home/devpc/Desktop/quad_ws/install/xacro/share/xacro/environment/ament_prefix_path.sh
[0.643s] -- Up-to-date: /home/devpc/Desktop/quad_ws/install/xacro/share/xacro/environment/ament_prefix_path.dsv
[0.643s] -- Up-to-date: /home/devpc/Desktop/quad_ws/install/xacro/share/xacro/environment/path.sh
[0.643s] -- Up-to-date: /home/devpc/Desktop/quad_ws/install/xacro/share/xacro/environment/path.dsv
[0.643s] -- Up-to-date: /home/devpc/Desktop/quad_ws/install/xacro/share/xacro/local_setup.bash
[0.643s] -- Up-to-date: /home/devpc/Desktop/quad_ws/install/xacro/share/xacro/local_setup.sh
[0.644s] -- Up-to-date: /home/devpc/Desktop/quad_ws/install/xacro/share/xacro/local_setup.zsh
[0.644s] -- Up-to-date: /home/devpc/Desktop/quad_ws/install/xacro/share/xacro/local_setup.dsv
[0.644s] -- Installing: /home/devpc/Desktop/quad_ws/install/xacro/share/xacro/package.dsv
[0.644s] -- Up-to-date: /home/devpc/Desktop/quad_ws/install/xacro/share/ament_index/resource_index/packages/xacro
[0.644s] -- Up-to-date: /home/devpc/Desktop/quad_ws/install/xacro/share/xacro/cmake/xacro-extras.cmake
[0.644s] -- Up-to-date: /home/devpc/Desktop/quad_ws/install/xacro/share/xacro/cmake/xacroConfig.cmake
[0.644s] -- Up-to-date: /home/devpc/Desktop/quad_ws/install/xacro/share/xacro/cmake/xacroConfig-version.cmake
[0.645s] -- Up-to-date: /home/devpc/Desktop/quad_ws/install/xacro/share/xacro/package.xml
[0.647s] Invoked command in '/home/devpc/Desktop/quad_ws/build/xacro' returned '0': CMAKE_PREFIX_PATH=${CMAKE_PREFIX_PATH}:/home/devpc/Desktop/quad_ws/install/teleop_twist_keyboard:/home/devpc/Desktop/quad_ws/install/teleop:/home/devpc/Desktop/quad_ws/install/quad:/home/devpc/Desktop/quad_ws/install/motion_servos_calibration:/opt/ros/foxy /usr/bin/cmake --install /home/devpc/Desktop/quad_ws/build/xacro
