[0.268s] Invoking command in '/home/devpc/Desktop/quad_ws/src/joystick_ros2': PYTHONPATH=/home/devpc/Desktop/quad_ws/install/joystick_ros2/lib/python3.8/site-packages:${PYTHONPATH} /usr/bin/python3 setup.py egg_info --egg-base ../../build/joystick_ros2 build --build-base /home/devpc/Desktop/quad_ws/build/joystick_ros2/build install --prefix /home/devpc/Desktop/quad_ws/install/joystick_ros2 --record /home/devpc/Desktop/quad_ws/build/joystick_ros2/install.log --single-version-externally-managed
[0.506s] running egg_info
[0.507s] writing ../../build/joystick_ros2/joystick_ros2.egg-info/PKG-INFO
[0.507s] writing dependency_links to ../../build/joystick_ros2/joystick_ros2.egg-info/dependency_links.txt
[0.507s] writing entry points to ../../build/joystick_ros2/joystick_ros2.egg-info/entry_points.txt
[0.507s] writing requirements to ../../build/joystick_ros2/joystick_ros2.egg-info/requires.txt
[0.508s] writing top-level names to ../../build/joystick_ros2/joystick_ros2.egg-info/top_level.txt
[0.552s] reading manifest file '../../build/joystick_ros2/joystick_ros2.egg-info/SOURCES.txt'
[0.554s] writing manifest file '../../build/joystick_ros2/joystick_ros2.egg-info/SOURCES.txt'
[0.554s] running build
[0.554s] running build_py
[0.554s] copying joystick_ros2.py -> /home/devpc/Desktop/quad_ws/build/joystick_ros2/build/lib
[0.554s] running install
[0.555s] running install_lib
[0.556s] copying /home/devpc/Desktop/quad_ws/build/joystick_ros2/build/lib/joystick_ros2.py -> /home/devpc/Desktop/quad_ws/install/joystick_ros2/lib/python3.8/site-packages
[0.557s] byte-compiling /home/devpc/Desktop/quad_ws/install/joystick_ros2/lib/python3.8/site-packages/joystick_ros2.py to joystick_ros2.cpython-38.pyc
[0.559s] running install_data
[0.559s] running install_egg_info
[0.561s] removing '/home/devpc/Desktop/quad_ws/install/joystick_ros2/lib/python3.8/site-packages/joystick_ros2-0.0.1-py3.8.egg-info' (and everything under it)
[0.561s] Copying ../../build/joystick_ros2/joystick_ros2.egg-info to /home/devpc/Desktop/quad_ws/install/joystick_ros2/lib/python3.8/site-packages/joystick_ros2-0.0.1-py3.8.egg-info
[0.562s] running install_scripts
[0.578s] Installing joystick_ros2 script to /home/devpc/Desktop/quad_ws/install/joystick_ros2/lib/joystick_ros2
[0.579s] writing list of installed files to '/home/devpc/Desktop/quad_ws/build/joystick_ros2/install.log'
[0.599s] Invoked command in '/home/devpc/Desktop/quad_ws/src/joystick_ros2' returned '0': PYTHONPATH=/home/devpc/Desktop/quad_ws/install/joystick_ros2/lib/python3.8/site-packages:${PYTHONPATH} /usr/bin/python3 setup.py egg_info --egg-base ../../build/joystick_ros2 build --build-base /home/devpc/Desktop/quad_ws/build/joystick_ros2/build install --prefix /home/devpc/Desktop/quad_ws/install/joystick_ros2 --record /home/devpc/Desktop/quad_ws/build/joystick_ros2/install.log --single-version-externally-managed
