[0.511s] Invoking command in '/home/devpc/Desktop/quad_ws/src/quad': PYTHONPATH=/home/devpc/Desktop/quad_ws/install/quad/lib/python3.8/site-packages:${PYTHONPATH} /usr/bin/python3 setup.py egg_info --egg-base ../../build/quad build --build-base /home/devpc/Desktop/quad_ws/build/quad/build install --prefix /home/devpc/Desktop/quad_ws/install/quad --record /home/devpc/Desktop/quad_ws/build/quad/install.log --single-version-externally-managed
[0.795s] running egg_info
[0.795s] writing ../../build/quad/quad.egg-info/PKG-INFO
[0.795s] writing dependency_links to ../../build/quad/quad.egg-info/dependency_links.txt
[0.796s] writing entry points to ../../build/quad/quad.egg-info/entry_points.txt
[0.796s] writing requirements to ../../build/quad/quad.egg-info/requires.txt
[0.796s] writing top-level names to ../../build/quad/quad.egg-info/top_level.txt
[0.835s] reading manifest file '../../build/quad/quad.egg-info/SOURCES.txt'
[0.836s] writing manifest file '../../build/quad/quad.egg-info/SOURCES.txt'
[0.836s] running build
[0.836s] running build_py
[0.836s] copying quad/quad.py -> /home/devpc/Desktop/quad_ws/build/quad/build/lib/quad
[0.836s] running install
[0.836s] running install_lib
[0.838s] copying /home/devpc/Desktop/quad_ws/build/quad/build/lib/quad/quad.py -> /home/devpc/Desktop/quad_ws/install/quad/lib/python3.8/site-packages/quad
[0.839s] byte-compiling /home/devpc/Desktop/quad_ws/install/quad/lib/python3.8/site-packages/quad/quad.py to quad.cpython-38.pyc
[0.841s] running install_data
[0.842s] running install_egg_info
[0.843s] removing '/home/devpc/Desktop/quad_ws/install/quad/lib/python3.8/site-packages/quad-0.0.1-py3.8.egg-info' (and everything under it)
[0.844s] Copying ../../build/quad/quad.egg-info to /home/devpc/Desktop/quad_ws/install/quad/lib/python3.8/site-packages/quad-0.0.1-py3.8.egg-info
[0.844s] running install_scripts
[0.860s] Installing motion_servos_calibration script to /home/devpc/Desktop/quad_ws/install/quad/lib/quad
[0.860s] Installing quad script to /home/devpc/Desktop/quad_ws/install/quad/lib/quad
[0.860s] writing list of installed files to '/home/devpc/Desktop/quad_ws/build/quad/install.log'
[0.880s] Invoked command in '/home/devpc/Desktop/quad_ws/src/quad' returned '0': PYTHONPATH=/home/devpc/Desktop/quad_ws/install/quad/lib/python3.8/site-packages:${PYTHONPATH} /usr/bin/python3 setup.py egg_info --egg-base ../../build/quad build --build-base /home/devpc/Desktop/quad_ws/build/quad/build install --prefix /home/devpc/Desktop/quad_ws/install/quad --record /home/devpc/Desktop/quad_ws/build/quad/install.log --single-version-externally-managed
