[0.073s] Invoking command in '/home/devpc/Desktop/microros_ws/build/diagnostic_msgs': CMAKE_PREFIX_PATH=/home/devpc/Desktop/microros_ws/install/geometry_msgs:/home/devpc/Desktop/microros_ws/install/std_msgs:/home/devpc/Desktop/microros_ws/install/builtin_interfaces:/home/devpc/Desktop/microros_ws/install/common_interfaces:/home/devpc/Desktop/microros_ws/install/visualization_msgs:/home/devpc/Desktop/microros_ws/install/test_msgs:/home/devpc/Desktop/microros_ws/install/micro_ros_demos_rclc:/home/devpc/Desktop/microros_ws/install/example_interfaces:/home/devpc/Desktop/microros_ws/install/action_msgs:/home/devpc/Desktop/microros_ws/install/unique_identifier_msgs:/home/devpc/Desktop/microros_ws/install/trajectory_msgs:/home/devpc/Desktop/microros_ws/install/stereo_msgs:/home/devpc/Desktop/microros_ws/install/std_srvs:/home/devpc/Desktop/microros_ws/install/shape_msgs:/home/devpc/Desktop/microros_ws/install/sensor_msgs:/home/devpc/Desktop/microros_ws/install/nav_msgs:/home/devpc/Desktop/microros_ws/install/diagnostic_msgs:/home/devpc/Desktop/microros_ws/install/drive_base_msgs:/home/devpc/Desktop/microros_ws/install/actionlib_msgs:/home/devpc/Desktop/microros_ws/install/statistics_msgs:/home/devpc/Desktop/microros_ws/install/rosidl_typesupport_microxrcedds_test_msg:/home/devpc/Desktop/microros_ws/install/rosidl_typesupport_microxrcedds_cpp_tests:/home/devpc/Desktop/microros_ws/install/rmw_microxrcedds:/home/devpc/Desktop/microros_ws/install/rosidl_typesupport_microxrcedds_cpp:/home/devpc/Desktop/microros_ws/install/rosidl_typesupport_microxrcedds_c_tests:/home/devpc/Desktop/microros_ws/install/rosidl_typesupport_microxrcedds_c:/home/devpc/Desktop/microros_ws/install/rosgraph_msgs:/home/devpc/Desktop/microros_ws/install/rclc:/home/devpc/Desktop/microros_ws/install/composition_interfaces:/home/devpc/Desktop/microros_ws/install/rcl_interfaces:/home/devpc/Desktop/microros_ws/install/microxrcedds_client:/home/devpc/Desktop/microros_ws/install/microcdr:/home/devpc/Desktop/microros_ws/install/micro_ros_demos_rclcpp:/home/devpc/Desktop/microros_ws/install/lifecycle_msgs:/home/devpc/Desktop/microros_ws/install/complex_msgs:/home/devpc/Desktop/microros_ws/install/micro_ros_agent:/home/devpc/Desktop/microros_ws/install/microxrcedds_agent:/home/devpc/Desktop/microros_ws/install/micro_ros_setup:/home/devpc/Desktop/microros_ws/install/micro_ros_msgs:/home/devpc/Desktop/quad_ws/install/quad_interfaces:/home/devpc/Desktop/microros_ws/install/sensor_msgs_py:/home/devpc/Desktop/quad_ws/install/quad:/opt/ros/foxy LD_LIBRARY_PATH=/home/devpc/Desktop/microros_ws/install/geometry_msgs/lib:/home/devpc/Desktop/microros_ws/install/std_msgs/lib:/home/devpc/Desktop/microros_ws/install/builtin_interfaces/lib:/home/devpc/Desktop/microros_ws/install/visualization_msgs/lib:/home/devpc/Desktop/microros_ws/install/test_msgs/lib:/home/devpc/Desktop/microros_ws/install/example_interfaces/lib:/home/devpc/Desktop/microros_ws/install/action_msgs/lib:/home/devpc/Desktop/microros_ws/install/unique_identifier_msgs/lib:/home/devpc/Desktop/microros_ws/install/trajectory_msgs/lib:/home/devpc/Desktop/microros_ws/install/stereo_msgs/lib:/home/devpc/Desktop/microros_ws/install/std_srvs/lib:/home/devpc/Desktop/microros_ws/install/shape_msgs/lib:/home/devpc/Desktop/microros_ws/install/sensor_msgs/lib:/home/devpc/Desktop/microros_ws/install/nav_msgs/lib:/home/devpc/Desktop/microros_ws/install/diagnostic_msgs/lib:/home/devpc/Desktop/microros_ws/install/drive_base_msgs/lib:/home/devpc/Desktop/microros_ws/install/actionlib_msgs/lib:/home/devpc/Desktop/microros_ws/install/statistics_msgs/lib:/home/devpc/Desktop/microros_ws/install/rosidl_typesupport_microxrcedds_test_msg/lib:/home/devpc/Desktop/microros_ws/install/rmw_microxrcedds/lib:/home/devpc/Desktop/microros_ws/install/rosidl_typesupport_microxrcedds_cpp/lib:/home/devpc/Desktop/microros_ws/install/rosidl_typesupport_microxrcedds_c/lib:/home/devpc/Desktop/microros_ws/install/rosgraph_msgs/lib:/home/devpc/Desktop/microros_ws/install/rclc/lib:/home/devpc/Desktop/microros_ws/install/composition_interfaces/lib:/home/devpc/Desktop/microros_ws/install/rcl_interfaces/lib:/home/devpc/Desktop/microros_ws/install/microxrcedds_client/lib:/home/devpc/Desktop/microros_ws/install/microcdr/lib:/home/devpc/Desktop/microros_ws/install/lifecycle_msgs/lib:/home/devpc/Desktop/microros_ws/install/complex_msgs/lib:/home/devpc/Desktop/microros_ws/install/microxrcedds_agent/lib:/home/devpc/Desktop/microros_ws/install/micro_ros_msgs/lib:/home/devpc/Desktop/quad_ws/install/quad_interfaces/lib:/opt/ros/foxy/opt/yaml_cpp_vendor/lib:/opt/ros/foxy/opt/rviz_ogre_vendor/lib:/opt/ros/foxy/lib/x86_64-linux-gnu:/opt/ros/foxy/lib PYTHONPATH=/home/devpc/Desktop/microros_ws/install/geometry_msgs/lib/python3.8/site-packages:/home/devpc/Desktop/microros_ws/install/std_msgs/lib/python3.8/site-packages:/home/devpc/Desktop/microros_ws/install/builtin_interfaces/lib/python3.8/site-packages:/home/devpc/Desktop/microros_ws/install/visualization_msgs/lib/python3.8/site-packages:/home/devpc/Desktop/microros_ws/install/test_msgs/lib/python3.8/site-packages:/home/devpc/Desktop/microros_ws/install/example_interfaces/lib/python3.8/site-packages:/home/devpc/Desktop/microros_ws/install/action_msgs/lib/python3.8/site-packages:/home/devpc/Desktop/microros_ws/install/unique_identifier_msgs/lib/python3.8/site-packages:/home/devpc/Desktop/microros_ws/install/trajectory_msgs/lib/python3.8/site-packages:/home/devpc/Desktop/microros_ws/install/stereo_msgs/lib/python3.8/site-packages:/home/devpc/Desktop/microros_ws/install/std_srvs/lib/python3.8/site-packages:/home/devpc/Desktop/microros_ws/install/shape_msgs/lib/python3.8/site-packages:/home/devpc/Desktop/microros_ws/install/sensor_msgs_py/lib/python3.8/site-packages:/home/devpc/Desktop/microros_ws/install/sensor_msgs/lib/python3.8/site-packages:/home/devpc/Desktop/microros_ws/install/nav_msgs/lib/python3.8/site-packages:/home/devpc/Desktop/microros_ws/install/diagnostic_msgs/lib/python3.8/site-packages:/home/devpc/Desktop/microros_ws/install/drive_base_msgs/lib/python3.8/site-packages:/home/devpc/Desktop/microros_ws/install/actionlib_msgs/lib/python3.8/site-packages:/home/devpc/Desktop/microros_ws/install/statistics_msgs/lib/python3.8/site-packages:/home/devpc/Desktop/microros_ws/install/rosidl_typesupport_microxrcedds_test_msg/lib/python3.8/site-packages:/home/devpc/Desktop/microros_ws/install/rosidl_typesupport_microxrcedds_cpp/lib/python3.8/site-packages:/home/devpc/Desktop/microros_ws/install/rosidl_typesupport_microxrcedds_c/lib/python3.8/site-packages:/home/devpc/Desktop/microros_ws/install/rosgraph_msgs/lib/python3.8/site-packages:/home/devpc/Desktop/microros_ws/install/composition_interfaces/lib/python3.8/site-packages:/home/devpc/Desktop/microros_ws/install/rcl_interfaces/lib/python3.8/site-packages:/home/devpc/Desktop/microros_ws/install/lifecycle_msgs/lib/python3.8/site-packages:/home/devpc/Desktop/microros_ws/install/complex_msgs/lib/python3.8/site-packages:/home/devpc/Desktop/microros_ws/install/micro_ros_msgs/lib/python3.8/site-packages:/home/devpc/Desktop/quad_ws/install/quad_interfaces/lib/python3.8/site-packages:/home/devpc/Desktop/quad_ws/install/quad/lib/python3.8/site-packages:/opt/ros/foxy/lib/python3.8/site-packages /usr/bin/cmake --build /home/devpc/Desktop/microros_ws/build/diagnostic_msgs -- -j8 -l8
[0.172s] [  1%] Built target diagnostic_msgs__cpp
[0.207s] [ 10%] Built target diagnostic_msgs__rosidl_generator_c
[0.333s] [ 18%] Built target diagnostic_msgs__rosidl_typesupport_cpp
[0.343s] [ 27%] Built target diagnostic_msgs__rosidl_typesupport_microxrcedds_cpp
[0.392s] [ 36%] Built target diagnostic_msgs__rosidl_typesupport_fastrtps_cpp
[0.398s] [ 45%] Built target diagnostic_msgs__rosidl_typesupport_introspection_cpp
[0.429s] [ 54%] Built target diagnostic_msgs__rosidl_typesupport_microxrcedds_c
[0.433s] [ 63%] Built target diagnostic_msgs__rosidl_typesupport_introspection_c
[0.470s] [ 72%] Built target diagnostic_msgs__rosidl_typesupport_c
[0.528s] [ 81%] Built target diagnostic_msgs__rosidl_typesupport_fastrtps_c
[0.562s] [ 81%] Built target diagnostic_msgs
[0.598s] [ 82%] Built target diagnostic_msgs__py
[0.644s] [ 89%] Built target diagnostic_msgs__python
[0.698s] [ 92%] Built target diagnostic_msgs__rosidl_typesupport_fastrtps_c__pyext
[0.698s] [ 94%] Built target diagnostic_msgs__rosidl_typesupport_introspection_c__pyext
[0.715s] [ 97%] Built target diagnostic_msgs__rosidl_typesupport_c__pyext
[0.716s] [100%] Built target diagnostic_msgs__rosidl_typesupport_microxrcedds_c__pyext
[0.745s] Invoked command in '/home/devpc/Desktop/microros_ws/build/diagnostic_msgs' returned '0': CMAKE_PREFIX_PATH=/home/devpc/Desktop/microros_ws/install/geometry_msgs:/home/devpc/Desktop/microros_ws/install/std_msgs:/home/devpc/Desktop/microros_ws/install/builtin_interfaces:/home/devpc/Desktop/microros_ws/install/common_interfaces:/home/devpc/Desktop/microros_ws/install/visualization_msgs:/home/devpc/Desktop/microros_ws/install/test_msgs:/home/devpc/Desktop/microros_ws/install/micro_ros_demos_rclc:/home/devpc/Desktop/microros_ws/install/example_interfaces:/home/devpc/Desktop/microros_ws/install/action_msgs:/home/devpc/Desktop/microros_ws/install/unique_identifier_msgs:/home/devpc/Desktop/microros_ws/install/trajectory_msgs:/home/devpc/Desktop/microros_ws/install/stereo_msgs:/home/devpc/Desktop/microros_ws/install/std_srvs:/home/devpc/Desktop/microros_ws/install/shape_msgs:/home/devpc/Desktop/microros_ws/install/sensor_msgs:/home/devpc/Desktop/microros_ws/install/nav_msgs:/home/devpc/Desktop/microros_ws/install/diagnostic_msgs:/home/devpc/Desktop/microros_ws/install/drive_base_msgs:/home/devpc/Desktop/microros_ws/install/actionlib_msgs:/home/devpc/Desktop/microros_ws/install/statistics_msgs:/home/devpc/Desktop/microros_ws/install/rosidl_typesupport_microxrcedds_test_msg:/home/devpc/Desktop/microros_ws/install/rosidl_typesupport_microxrcedds_cpp_tests:/home/devpc/Desktop/microros_ws/install/rmw_microxrcedds:/home/devpc/Desktop/microros_ws/install/rosidl_typesupport_microxrcedds_cpp:/home/devpc/Desktop/microros_ws/install/rosidl_typesupport_microxrcedds_c_tests:/home/devpc/Desktop/microros_ws/install/rosidl_typesupport_microxrcedds_c:/home/devpc/Desktop/microros_ws/install/rosgraph_msgs:/home/devpc/Desktop/microros_ws/install/rclc:/home/devpc/Desktop/microros_ws/install/composition_interfaces:/home/devpc/Desktop/microros_ws/install/rcl_interfaces:/home/devpc/Desktop/microros_ws/install/microxrcedds_client:/home/devpc/Desktop/microros_ws/install/microcdr:/home/devpc/Desktop/microros_ws/install/micro_ros_demos_rclcpp:/home/devpc/Desktop/microros_ws/install/lifecycle_msgs:/home/devpc/Desktop/microros_ws/install/complex_msgs:/home/devpc/Desktop/microros_ws/install/micro_ros_agent:/home/devpc/Desktop/microros_ws/install/microxrcedds_agent:/home/devpc/Desktop/microros_ws/install/micro_ros_setup:/home/devpc/Desktop/microros_ws/install/micro_ros_msgs:/home/devpc/Desktop/quad_ws/install/quad_interfaces:/home/devpc/Desktop/microros_ws/install/sensor_msgs_py:/home/devpc/Desktop/quad_ws/install/quad:/opt/ros/foxy LD_LIBRARY_PATH=/home/devpc/Desktop/microros_ws/install/geometry_msgs/lib:/home/devpc/Desktop/microros_ws/install/std_msgs/lib:/home/devpc/Desktop/microros_ws/install/builtin_interfaces/lib:/home/devpc/Desktop/microros_ws/install/visualization_msgs/lib:/home/devpc/Desktop/microros_ws/install/test_msgs/lib:/home/devpc/Desktop/microros_ws/install/example_interfaces/lib:/home/devpc/Desktop/microros_ws/install/action_msgs/lib:/home/devpc/Desktop/microros_ws/install/unique_identifier_msgs/lib:/home/devpc/Desktop/microros_ws/install/trajectory_msgs/lib:/home/devpc/Desktop/microros_ws/install/stereo_msgs/lib:/home/devpc/Desktop/microros_ws/install/std_srvs/lib:/home/devpc/Desktop/microros_ws/install/shape_msgs/lib:/home/devpc/Desktop/microros_ws/install/sensor_msgs/lib:/home/devpc/Desktop/microros_ws/install/nav_msgs/lib:/home/devpc/Desktop/microros_ws/install/diagnostic_msgs/lib:/home/devpc/Desktop/microros_ws/install/drive_base_msgs/lib:/home/devpc/Desktop/microros_ws/install/actionlib_msgs/lib:/home/devpc/Desktop/microros_ws/install/statistics_msgs/lib:/home/devpc/Desktop/microros_ws/install/rosidl_typesupport_microxrcedds_test_msg/lib:/home/devpc/Desktop/microros_ws/install/rmw_microxrcedds/lib:/home/devpc/Desktop/microros_ws/install/rosidl_typesupport_microxrcedds_cpp/lib:/home/devpc/Desktop/microros_ws/install/rosidl_typesupport_microxrcedds_c/lib:/home/devpc/Desktop/microros_ws/install/rosgraph_msgs/lib:/home/devpc/Desktop/microros_ws/install/rclc/lib:/home/devpc/Desktop/microros_ws/install/composition_interfaces/lib:/home/devpc/Desktop/microros_ws/install/rcl_interfaces/lib:/home/devpc/Desktop/microros_ws/install/microxrcedds_client/lib:/home/devpc/Desktop/microros_ws/install/microcdr/lib:/home/devpc/Desktop/microros_ws/install/lifecycle_msgs/lib:/home/devpc/Desktop/microros_ws/install/complex_msgs/lib:/home/devpc/Desktop/microros_ws/install/microxrcedds_agent/lib:/home/devpc/Desktop/microros_ws/install/micro_ros_msgs/lib:/home/devpc/Desktop/quad_ws/install/quad_interfaces/lib:/opt/ros/foxy/opt/yaml_cpp_vendor/lib:/opt/ros/foxy/opt/rviz_ogre_vendor/lib:/opt/ros/foxy/lib/x86_64-linux-gnu:/opt/ros/foxy/lib PYTHONPATH=/home/devpc/Desktop/microros_ws/install/geometry_msgs/lib/python3.8/site-packages:/home/devpc/Desktop/microros_ws/install/std_msgs/lib/python3.8/site-packages:/home/devpc/Desktop/microros_ws/install/builtin_interfaces/lib/python3.8/site-packages:/home/devpc/Desktop/microros_ws/install/visualization_msgs/lib/python3.8/site-packages:/home/devpc/Desktop/microros_ws/install/test_msgs/lib/python3.8/site-packages:/home/devpc/Desktop/microros_ws/install/example_interfaces/lib/python3.8/site-packages:/home/devpc/Desktop/microros_ws/install/action_msgs/lib/python3.8/site-packages:/home/devpc/Desktop/microros_ws/install/unique_identifier_msgs/lib/python3.8/site-packages:/home/devpc/Desktop/microros_ws/install/trajectory_msgs/lib/python3.8/site-packages:/home/devpc/Desktop/microros_ws/install/stereo_msgs/lib/python3.8/site-packages:/home/devpc/Desktop/microros_ws/install/std_srvs/lib/python3.8/site-packages:/home/devpc/Desktop/microros_ws/install/shape_msgs/lib/python3.8/site-packages:/home/devpc/Desktop/microros_ws/install/sensor_msgs_py/lib/python3.8/site-packages:/home/devpc/Desktop/microros_ws/install/sensor_msgs/lib/python3.8/site-packages:/home/devpc/Desktop/microros_ws/install/nav_msgs/lib/python3.8/site-packages:/home/devpc/Desktop/microros_ws/install/diagnostic_msgs/lib/python3.8/site-packages:/home/devpc/Desktop/microros_ws/install/drive_base_msgs/lib/python3.8/site-packages:/home/devpc/Desktop/microros_ws/install/actionlib_msgs/lib/python3.8/site-packages:/home/devpc/Desktop/microros_ws/install/statistics_msgs/lib/python3.8/site-packages:/home/devpc/Desktop/microros_ws/install/rosidl_typesupport_microxrcedds_test_msg/lib/python3.8/site-packages:/home/devpc/Desktop/microros_ws/install/rosidl_typesupport_microxrcedds_cpp/lib/python3.8/site-packages:/home/devpc/Desktop/microros_ws/install/rosidl_typesupport_microxrcedds_c/lib/python3.8/site-packages:/home/devpc/Desktop/microros_ws/install/rosgraph_msgs/lib/python3.8/site-packages:/home/devpc/Desktop/microros_ws/install/composition_interfaces/lib/python3.8/site-packages:/home/devpc/Desktop/microros_ws/install/rcl_interfaces/lib/python3.8/site-packages:/home/devpc/Desktop/microros_ws/install/lifecycle_msgs/lib/python3.8/site-packages:/home/devpc/Desktop/microros_ws/install/complex_msgs/lib/python3.8/site-packages:/home/devpc/Desktop/microros_ws/install/micro_ros_msgs/lib/python3.8/site-packages:/home/devpc/Desktop/quad_ws/install/quad_interfaces/lib/python3.8/site-packages:/home/devpc/Desktop/quad_ws/install/quad/lib/python3.8/site-packages:/opt/ros/foxy/lib/python3.8/site-packages /usr/bin/cmake --build /home/devpc/Desktop/microros_ws/build/diagnostic_msgs -- -j8 -l8
[1.091s] Invoking command in '/home/devpc/Desktop/microros_ws/build/diagnostic_msgs': CMAKE_PREFIX_PATH=/home/devpc/Desktop/microros_ws/install/geometry_msgs:/home/devpc/Desktop/microros_ws/install/std_msgs:/home/devpc/Desktop/microros_ws/install/builtin_interfaces:/home/devpc/Desktop/microros_ws/install/common_interfaces:/home/devpc/Desktop/microros_ws/install/visualization_msgs:/home/devpc/Desktop/microros_ws/install/test_msgs:/home/devpc/Desktop/microros_ws/install/micro_ros_demos_rclc:/home/devpc/Desktop/microros_ws/install/example_interfaces:/home/devpc/Desktop/microros_ws/install/action_msgs:/home/devpc/Desktop/microros_ws/install/unique_identifier_msgs:/home/devpc/Desktop/microros_ws/install/trajectory_msgs:/home/devpc/Desktop/microros_ws/install/stereo_msgs:/home/devpc/Desktop/microros_ws/install/std_srvs:/home/devpc/Desktop/microros_ws/install/shape_msgs:/home/devpc/Desktop/microros_ws/install/sensor_msgs:/home/devpc/Desktop/microros_ws/install/nav_msgs:/home/devpc/Desktop/microros_ws/install/diagnostic_msgs:/home/devpc/Desktop/microros_ws/install/drive_base_msgs:/home/devpc/Desktop/microros_ws/install/actionlib_msgs:/home/devpc/Desktop/microros_ws/install/statistics_msgs:/home/devpc/Desktop/microros_ws/install/rosidl_typesupport_microxrcedds_test_msg:/home/devpc/Desktop/microros_ws/install/rosidl_typesupport_microxrcedds_cpp_tests:/home/devpc/Desktop/microros_ws/install/rmw_microxrcedds:/home/devpc/Desktop/microros_ws/install/rosidl_typesupport_microxrcedds_cpp:/home/devpc/Desktop/microros_ws/install/rosidl_typesupport_microxrcedds_c_tests:/home/devpc/Desktop/microros_ws/install/rosidl_typesupport_microxrcedds_c:/home/devpc/Desktop/microros_ws/install/rosgraph_msgs:/home/devpc/Desktop/microros_ws/install/rclc:/home/devpc/Desktop/microros_ws/install/composition_interfaces:/home/devpc/Desktop/microros_ws/install/rcl_interfaces:/home/devpc/Desktop/microros_ws/install/microxrcedds_client:/home/devpc/Desktop/microros_ws/install/microcdr:/home/devpc/Desktop/microros_ws/install/micro_ros_demos_rclcpp:/home/devpc/Desktop/microros_ws/install/lifecycle_msgs:/home/devpc/Desktop/microros_ws/install/complex_msgs:/home/devpc/Desktop/microros_ws/install/micro_ros_agent:/home/devpc/Desktop/microros_ws/install/microxrcedds_agent:/home/devpc/Desktop/microros_ws/install/micro_ros_setup:/home/devpc/Desktop/microros_ws/install/micro_ros_msgs:/home/devpc/Desktop/quad_ws/install/quad_interfaces:/home/devpc/Desktop/microros_ws/install/sensor_msgs_py:/home/devpc/Desktop/quad_ws/install/quad:/opt/ros/foxy LD_LIBRARY_PATH=/home/devpc/Desktop/microros_ws/install/geometry_msgs/lib:/home/devpc/Desktop/microros_ws/install/std_msgs/lib:/home/devpc/Desktop/microros_ws/install/builtin_interfaces/lib:/home/devpc/Desktop/microros_ws/install/visualization_msgs/lib:/home/devpc/Desktop/microros_ws/install/test_msgs/lib:/home/devpc/Desktop/microros_ws/install/example_interfaces/lib:/home/devpc/Desktop/microros_ws/install/action_msgs/lib:/home/devpc/Desktop/microros_ws/install/unique_identifier_msgs/lib:/home/devpc/Desktop/microros_ws/install/trajectory_msgs/lib:/home/devpc/Desktop/microros_ws/install/stereo_msgs/lib:/home/devpc/Desktop/microros_ws/install/std_srvs/lib:/home/devpc/Desktop/microros_ws/install/shape_msgs/lib:/home/devpc/Desktop/microros_ws/install/sensor_msgs/lib:/home/devpc/Desktop/microros_ws/install/nav_msgs/lib:/home/devpc/Desktop/microros_ws/install/diagnostic_msgs/lib:/home/devpc/Desktop/microros_ws/install/drive_base_msgs/lib:/home/devpc/Desktop/microros_ws/install/actionlib_msgs/lib:/home/devpc/Desktop/microros_ws/install/statistics_msgs/lib:/home/devpc/Desktop/microros_ws/install/rosidl_typesupport_microxrcedds_test_msg/lib:/home/devpc/Desktop/microros_ws/install/rmw_microxrcedds/lib:/home/devpc/Desktop/microros_ws/install/rosidl_typesupport_microxrcedds_cpp/lib:/home/devpc/Desktop/microros_ws/install/rosidl_typesupport_microxrcedds_c/lib:/home/devpc/Desktop/microros_ws/install/rosgraph_msgs/lib:/home/devpc/Desktop/microros_ws/install/rclc/lib:/home/devpc/Desktop/microros_ws/install/composition_interfaces/lib:/home/devpc/Desktop/microros_ws/install/rcl_interfaces/lib:/home/devpc/Desktop/microros_ws/install/microxrcedds_client/lib:/home/devpc/Desktop/microros_ws/install/microcdr/lib:/home/devpc/Desktop/microros_ws/install/lifecycle_msgs/lib:/home/devpc/Desktop/microros_ws/install/complex_msgs/lib:/home/devpc/Desktop/microros_ws/install/microxrcedds_agent/lib:/home/devpc/Desktop/microros_ws/install/micro_ros_msgs/lib:/home/devpc/Desktop/quad_ws/install/quad_interfaces/lib:/opt/ros/foxy/opt/yaml_cpp_vendor/lib:/opt/ros/foxy/opt/rviz_ogre_vendor/lib:/opt/ros/foxy/lib/x86_64-linux-gnu:/opt/ros/foxy/lib PYTHONPATH=/home/devpc/Desktop/microros_ws/install/geometry_msgs/lib/python3.8/site-packages:/home/devpc/Desktop/microros_ws/install/std_msgs/lib/python3.8/site-packages:/home/devpc/Desktop/microros_ws/install/builtin_interfaces/lib/python3.8/site-packages:/home/devpc/Desktop/microros_ws/install/visualization_msgs/lib/python3.8/site-packages:/home/devpc/Desktop/microros_ws/install/test_msgs/lib/python3.8/site-packages:/home/devpc/Desktop/microros_ws/install/example_interfaces/lib/python3.8/site-packages:/home/devpc/Desktop/microros_ws/install/action_msgs/lib/python3.8/site-packages:/home/devpc/Desktop/microros_ws/install/unique_identifier_msgs/lib/python3.8/site-packages:/home/devpc/Desktop/microros_ws/install/trajectory_msgs/lib/python3.8/site-packages:/home/devpc/Desktop/microros_ws/install/stereo_msgs/lib/python3.8/site-packages:/home/devpc/Desktop/microros_ws/install/std_srvs/lib/python3.8/site-packages:/home/devpc/Desktop/microros_ws/install/shape_msgs/lib/python3.8/site-packages:/home/devpc/Desktop/microros_ws/install/sensor_msgs_py/lib/python3.8/site-packages:/home/devpc/Desktop/microros_ws/install/sensor_msgs/lib/python3.8/site-packages:/home/devpc/Desktop/microros_ws/install/nav_msgs/lib/python3.8/site-packages:/home/devpc/Desktop/microros_ws/install/diagnostic_msgs/lib/python3.8/site-packages:/home/devpc/Desktop/microros_ws/install/drive_base_msgs/lib/python3.8/site-packages:/home/devpc/Desktop/microros_ws/install/actionlib_msgs/lib/python3.8/site-packages:/home/devpc/Desktop/microros_ws/install/statistics_msgs/lib/python3.8/site-packages:/home/devpc/Desktop/microros_ws/install/rosidl_typesupport_microxrcedds_test_msg/lib/python3.8/site-packages:/home/devpc/Desktop/microros_ws/install/rosidl_typesupport_microxrcedds_cpp/lib/python3.8/site-packages:/home/devpc/Desktop/microros_ws/install/rosidl_typesupport_microxrcedds_c/lib/python3.8/site-packages:/home/devpc/Desktop/microros_ws/install/rosgraph_msgs/lib/python3.8/site-packages:/home/devpc/Desktop/microros_ws/install/composition_interfaces/lib/python3.8/site-packages:/home/devpc/Desktop/microros_ws/install/rcl_interfaces/lib/python3.8/site-packages:/home/devpc/Desktop/microros_ws/install/lifecycle_msgs/lib/python3.8/site-packages:/home/devpc/Desktop/microros_ws/install/complex_msgs/lib/python3.8/site-packages:/home/devpc/Desktop/microros_ws/install/micro_ros_msgs/lib/python3.8/site-packages:/home/devpc/Desktop/quad_ws/install/quad_interfaces/lib/python3.8/site-packages:/home/devpc/Desktop/quad_ws/install/quad/lib/python3.8/site-packages:/opt/ros/foxy/lib/python3.8/site-packages /usr/bin/cmake --install /home/devpc/Desktop/microros_ws/build/diagnostic_msgs
[1.116s] -- Install configuration: ""
[1.116s] -- Up-to-date: /home/devpc/Desktop/microros_ws/install/diagnostic_msgs/share/ament_index/resource_index/rosidl_interfaces/diagnostic_msgs
[1.116s] -- Up-to-date: /home/devpc/Desktop/microros_ws/install/diagnostic_msgs/include/diagnostic_msgs
[1.116s] -- Up-to-date: /home/devpc/Desktop/microros_ws/install/diagnostic_msgs/include/diagnostic_msgs/msg
[1.116s] -- Up-to-date: /home/devpc/Desktop/microros_ws/install/diagnostic_msgs/include/diagnostic_msgs/msg/diagnostic_status.h
[1.117s] -- Up-to-date: /home/devpc/Desktop/microros_ws/install/diagnostic_msgs/include/diagnostic_msgs/msg/detail
[1.117s] -- Up-to-date: /home/devpc/Desktop/microros_ws/install/diagnostic_msgs/include/diagnostic_msgs/msg/detail/diagnostic_status__type_support.h
[1.117s] -- Up-to-date: /home/devpc/Desktop/microros_ws/install/diagnostic_msgs/include/diagnostic_msgs/msg/detail/diagnostic_status__functions.h
[1.118s] -- Up-to-date: /home/devpc/Desktop/microros_ws/install/diagnostic_msgs/include/diagnostic_msgs/msg/detail/diagnostic_array__functions.h
[1.118s] -- Up-to-date: /home/devpc/Desktop/microros_ws/install/diagnostic_msgs/include/diagnostic_msgs/msg/detail/diagnostic_array__functions.c
[1.118s] -- Up-to-date: /home/devpc/Desktop/microros_ws/install/diagnostic_msgs/include/diagnostic_msgs/msg/detail/diagnostic_status__struct.h
[1.118s] -- Up-to-date: /home/devpc/Desktop/microros_ws/install/diagnostic_msgs/include/diagnostic_msgs/msg/detail/diagnostic_array__type_support.h
[1.118s] -- Up-to-date: /home/devpc/Desktop/microros_ws/install/diagnostic_msgs/include/diagnostic_msgs/msg/detail/key_value__struct.h
[1.119s] -- Up-to-date: /home/devpc/Desktop/microros_ws/install/diagnostic_msgs/include/diagnostic_msgs/msg/detail/diagnostic_status__functions.c
[1.119s] -- Up-to-date: /home/devpc/Desktop/microros_ws/install/diagnostic_msgs/include/diagnostic_msgs/msg/detail/diagnostic_array__struct.h
[1.119s] -- Up-to-date: /home/devpc/Desktop/microros_ws/install/diagnostic_msgs/include/diagnostic_msgs/msg/detail/key_value__type_support.h
[1.119s] -- Up-to-date: /home/devpc/Desktop/microros_ws/install/diagnostic_msgs/include/diagnostic_msgs/msg/detail/key_value__functions.h
[1.119s] -- Up-to-date: /home/devpc/Desktop/microros_ws/install/diagnostic_msgs/include/diagnostic_msgs/msg/detail/key_value__functions.c
[1.120s] -- Up-to-date: /home/devpc/Desktop/microros_ws/install/diagnostic_msgs/include/diagnostic_msgs/msg/diagnostic_array.h
[1.120s] -- Up-to-date: /home/devpc/Desktop/microros_ws/install/diagnostic_msgs/include/diagnostic_msgs/msg/key_value.h
[1.120s] -- Up-to-date: /home/devpc/Desktop/microros_ws/install/diagnostic_msgs/include/diagnostic_msgs/msg/rosidl_generator_c__visibility_control.h
[1.120s] -- Up-to-date: /home/devpc/Desktop/microros_ws/install/diagnostic_msgs/include/diagnostic_msgs/srv
[1.120s] -- Up-to-date: /home/devpc/Desktop/microros_ws/install/diagnostic_msgs/include/diagnostic_msgs/srv/detail
[1.121s] -- Up-to-date: /home/devpc/Desktop/microros_ws/install/diagnostic_msgs/include/diagnostic_msgs/srv/detail/add_diagnostics__struct.h
[1.121s] -- Up-to-date: /home/devpc/Desktop/microros_ws/install/diagnostic_msgs/include/diagnostic_msgs/srv/detail/self_test__functions.h
[1.121s] -- Up-to-date: /home/devpc/Desktop/microros_ws/install/diagnostic_msgs/include/diagnostic_msgs/srv/detail/add_diagnostics__type_support.h
[1.122s] -- Up-to-date: /home/devpc/Desktop/microros_ws/install/diagnostic_msgs/include/diagnostic_msgs/srv/detail/self_test__struct.h
[1.122s] -- Up-to-date: /home/devpc/Desktop/microros_ws/install/diagnostic_msgs/include/diagnostic_msgs/srv/detail/self_test__type_support.h
[1.122s] -- Up-to-date: /home/devpc/Desktop/microros_ws/install/diagnostic_msgs/include/diagnostic_msgs/srv/detail/add_diagnostics__functions.h
[1.123s] -- Up-to-date: /home/devpc/Desktop/microros_ws/install/diagnostic_msgs/include/diagnostic_msgs/srv/detail/self_test__functions.c
[1.123s] -- Up-to-date: /home/devpc/Desktop/microros_ws/install/diagnostic_msgs/include/diagnostic_msgs/srv/detail/add_diagnostics__functions.c
[1.123s] -- Up-to-date: /home/devpc/Desktop/microros_ws/install/diagnostic_msgs/include/diagnostic_msgs/srv/add_diagnostics.h
[1.123s] -- Up-to-date: /home/devpc/Desktop/microros_ws/install/diagnostic_msgs/include/diagnostic_msgs/srv/self_test.h
[1.123s] -- Up-to-date: /home/devpc/Desktop/microros_ws/install/diagnostic_msgs/share/diagnostic_msgs/environment/library_path.sh
[1.123s] -- Up-to-date: /home/devpc/Desktop/microros_ws/install/diagnostic_msgs/share/diagnostic_msgs/environment/library_path.dsv
[1.123s] -- Up-to-date: /home/devpc/Desktop/microros_ws/install/diagnostic_msgs/lib/libdiagnostic_msgs__rosidl_generator_c.so
[1.124s] -- Up-to-date: /home/devpc/Desktop/microros_ws/install/diagnostic_msgs/include/diagnostic_msgs
[1.124s] -- Up-to-date: /home/devpc/Desktop/microros_ws/install/diagnostic_msgs/include/diagnostic_msgs/msg
[1.124s] -- Up-to-date: /home/devpc/Desktop/microros_ws/install/diagnostic_msgs/include/diagnostic_msgs/msg/detail
[1.124s] -- Up-to-date: /home/devpc/Desktop/microros_ws/install/diagnostic_msgs/include/diagnostic_msgs/msg/detail/key_value__rosidl_typesupport_microxrcedds_c.h
[1.124s] -- Up-to-date: /home/devpc/Desktop/microros_ws/install/diagnostic_msgs/include/diagnostic_msgs/msg/detail/diagnostic_array__rosidl_typesupport_microxrcedds_c.h
[1.124s] -- Up-to-date: /home/devpc/Desktop/microros_ws/install/diagnostic_msgs/include/diagnostic_msgs/msg/detail/diagnostic_status__rosidl_typesupport_microxrcedds_c.h
[1.124s] -- Up-to-date: /home/devpc/Desktop/microros_ws/install/diagnostic_msgs/include/diagnostic_msgs/msg/detail/microxrcedds
[1.124s] -- Up-to-date: /home/devpc/Desktop/microros_ws/install/diagnostic_msgs/include/diagnostic_msgs/msg/rosidl_typesupport_microxrcedds_c__visibility_control.h
[1.125s] -- Up-to-date: /home/devpc/Desktop/microros_ws/install/diagnostic_msgs/include/diagnostic_msgs/srv
[1.125s] -- Up-to-date: /home/devpc/Desktop/microros_ws/install/diagnostic_msgs/include/diagnostic_msgs/srv/detail
[1.125s] -- Up-to-date: /home/devpc/Desktop/microros_ws/install/diagnostic_msgs/include/diagnostic_msgs/srv/detail/add_diagnostics__rosidl_typesupport_microxrcedds_c.h
[1.125s] -- Up-to-date: /home/devpc/Desktop/microros_ws/install/diagnostic_msgs/include/diagnostic_msgs/srv/detail/self_test__rosidl_typesupport_microxrcedds_c.h
[1.125s] -- Up-to-date: /home/devpc/Desktop/microros_ws/install/diagnostic_msgs/include/diagnostic_msgs/srv/detail/microxrcedds
[1.125s] -- Up-to-date: /home/devpc/Desktop/microros_ws/install/diagnostic_msgs/lib/libdiagnostic_msgs__rosidl_typesupport_microxrcedds_c.so
[1.125s] -- Up-to-date: /home/devpc/Desktop/microros_ws/install/diagnostic_msgs/include/diagnostic_msgs
[1.126s] -- Up-to-date: /home/devpc/Desktop/microros_ws/install/diagnostic_msgs/include/diagnostic_msgs/msg
[1.126s] -- Up-to-date: /home/devpc/Desktop/microros_ws/install/diagnostic_msgs/include/diagnostic_msgs/msg/detail
[1.126s] -- Up-to-date: /home/devpc/Desktop/microros_ws/install/diagnostic_msgs/include/diagnostic_msgs/msg/detail/key_value__rosidl_typesupport_fastrtps_c.h
[1.126s] -- Up-to-date: /home/devpc/Desktop/microros_ws/install/diagnostic_msgs/include/diagnostic_msgs/msg/detail/diagnostic_status__rosidl_typesupport_fastrtps_c.h
[1.126s] -- Up-to-date: /home/devpc/Desktop/microros_ws/install/diagnostic_msgs/include/diagnostic_msgs/msg/detail/diagnostic_array__rosidl_typesupport_fastrtps_c.h
[1.126s] -- Up-to-date: /home/devpc/Desktop/microros_ws/install/diagnostic_msgs/include/diagnostic_msgs/msg/rosidl_typesupport_fastrtps_c__visibility_control.h
[1.126s] -- Up-to-date: /home/devpc/Desktop/microros_ws/install/diagnostic_msgs/include/diagnostic_msgs/srv
[1.127s] -- Up-to-date: /home/devpc/Desktop/microros_ws/install/diagnostic_msgs/include/diagnostic_msgs/srv/detail
[1.127s] -- Up-to-date: /home/devpc/Desktop/microros_ws/install/diagnostic_msgs/include/diagnostic_msgs/srv/detail/add_diagnostics__rosidl_typesupport_fastrtps_c.h
[1.127s] -- Up-to-date: /home/devpc/Desktop/microros_ws/install/diagnostic_msgs/include/diagnostic_msgs/srv/detail/self_test__rosidl_typesupport_fastrtps_c.h
[1.127s] -- Up-to-date: /home/devpc/Desktop/microros_ws/install/diagnostic_msgs/lib/libdiagnostic_msgs__rosidl_typesupport_fastrtps_c.so
[1.127s] -- Up-to-date: /home/devpc/Desktop/microros_ws/install/diagnostic_msgs/include/diagnostic_msgs
[1.127s] -- Up-to-date: /home/devpc/Desktop/microros_ws/install/diagnostic_msgs/include/diagnostic_msgs/msg
[1.127s] -- Up-to-date: /home/devpc/Desktop/microros_ws/install/diagnostic_msgs/include/diagnostic_msgs/msg/detail
[1.127s] -- Up-to-date: /home/devpc/Desktop/microros_ws/install/diagnostic_msgs/include/diagnostic_msgs/msg/detail/diagnostic_status__rosidl_typesupport_fastrtps_cpp.hpp
[1.128s] -- Up-to-date: /home/devpc/Desktop/microros_ws/install/diagnostic_msgs/include/diagnostic_msgs/msg/detail/key_value__rosidl_typesupport_fastrtps_cpp.hpp
[1.128s] -- Up-to-date: /home/devpc/Desktop/microros_ws/install/diagnostic_msgs/include/diagnostic_msgs/msg/detail/diagnostic_array__rosidl_typesupport_fastrtps_cpp.hpp
[1.128s] -- Up-to-date: /home/devpc/Desktop/microros_ws/install/diagnostic_msgs/include/diagnostic_msgs/msg/detail/dds_fastrtps
[1.128s] -- Up-to-date: /home/devpc/Desktop/microros_ws/install/diagnostic_msgs/include/diagnostic_msgs/msg/rosidl_typesupport_fastrtps_cpp__visibility_control.h
[1.128s] -- Up-to-date: /home/devpc/Desktop/microros_ws/install/diagnostic_msgs/include/diagnostic_msgs/srv
[1.128s] -- Up-to-date: /home/devpc/Desktop/microros_ws/install/diagnostic_msgs/include/diagnostic_msgs/srv/detail
[1.128s] -- Up-to-date: /home/devpc/Desktop/microros_ws/install/diagnostic_msgs/include/diagnostic_msgs/srv/detail/add_diagnostics__rosidl_typesupport_fastrtps_cpp.hpp
[1.128s] -- Up-to-date: /home/devpc/Desktop/microros_ws/install/diagnostic_msgs/include/diagnostic_msgs/srv/detail/dds_fastrtps
[1.128s] -- Up-to-date: /home/devpc/Desktop/microros_ws/install/diagnostic_msgs/include/diagnostic_msgs/srv/detail/self_test__rosidl_typesupport_fastrtps_cpp.hpp
[1.128s] -- Up-to-date: /home/devpc/Desktop/microros_ws/install/diagnostic_msgs/lib/libdiagnostic_msgs__rosidl_typesupport_fastrtps_cpp.so
[1.129s] -- Up-to-date: /home/devpc/Desktop/microros_ws/install/diagnostic_msgs/include/diagnostic_msgs
[1.129s] -- Up-to-date: /home/devpc/Desktop/microros_ws/install/diagnostic_msgs/include/diagnostic_msgs/msg
[1.129s] -- Up-to-date: /home/devpc/Desktop/microros_ws/install/diagnostic_msgs/include/diagnostic_msgs/msg/detail
[1.129s] -- Up-to-date: /home/devpc/Desktop/microros_ws/install/diagnostic_msgs/include/diagnostic_msgs/msg/detail/diagnostic_array__type_support.c
[1.129s] -- Up-to-date: /home/devpc/Desktop/microros_ws/install/diagnostic_msgs/include/diagnostic_msgs/msg/detail/diagnostic_status__type_support.c
[1.129s] -- Up-to-date: /home/devpc/Desktop/microros_ws/install/diagnostic_msgs/include/diagnostic_msgs/msg/detail/key_value__rosidl_typesupport_introspection_c.h
[1.129s] -- Up-to-date: /home/devpc/Desktop/microros_ws/install/diagnostic_msgs/include/diagnostic_msgs/msg/detail/diagnostic_array__rosidl_typesupport_introspection_c.h
[1.129s] -- Up-to-date: /home/devpc/Desktop/microros_ws/install/diagnostic_msgs/include/diagnostic_msgs/msg/detail/diagnostic_status__rosidl_typesupport_introspection_c.h
[1.129s] -- Up-to-date: /home/devpc/Desktop/microros_ws/install/diagnostic_msgs/include/diagnostic_msgs/msg/detail/key_value__type_support.c
[1.130s] -- Up-to-date: /home/devpc/Desktop/microros_ws/install/diagnostic_msgs/include/diagnostic_msgs/msg/rosidl_typesupport_introspection_c__visibility_control.h
[1.130s] -- Up-to-date: /home/devpc/Desktop/microros_ws/install/diagnostic_msgs/include/diagnostic_msgs/srv
[1.130s] -- Up-to-date: /home/devpc/Desktop/microros_ws/install/diagnostic_msgs/include/diagnostic_msgs/srv/detail
[1.130s] -- Up-to-date: /home/devpc/Desktop/microros_ws/install/diagnostic_msgs/include/diagnostic_msgs/srv/detail/self_test__rosidl_typesupport_introspection_c.h
[1.130s] -- Up-to-date: /home/devpc/Desktop/microros_ws/install/diagnostic_msgs/include/diagnostic_msgs/srv/detail/add_diagnostics__rosidl_typesupport_introspection_c.h
[1.131s] -- Up-to-date: /home/devpc/Desktop/microros_ws/install/diagnostic_msgs/include/diagnostic_msgs/srv/detail/add_diagnostics__type_support.c
[1.131s] -- Up-to-date: /home/devpc/Desktop/microros_ws/install/diagnostic_msgs/include/diagnostic_msgs/srv/detail/self_test__type_support.c
[1.131s] -- Up-to-date: /home/devpc/Desktop/microros_ws/install/diagnostic_msgs/lib/libdiagnostic_msgs__rosidl_typesupport_introspection_c.so
[1.131s] -- Up-to-date: /home/devpc/Desktop/microros_ws/install/diagnostic_msgs/lib/libdiagnostic_msgs__rosidl_typesupport_c.so
[1.131s] -- Up-to-date: /home/devpc/Desktop/microros_ws/install/diagnostic_msgs/include/diagnostic_msgs
[1.132s] -- Up-to-date: /home/devpc/Desktop/microros_ws/install/diagnostic_msgs/include/diagnostic_msgs/msg
[1.132s] -- Up-to-date: /home/devpc/Desktop/microros_ws/install/diagnostic_msgs/include/diagnostic_msgs/msg/diagnostic_array.hpp
[1.132s] -- Up-to-date: /home/devpc/Desktop/microros_ws/install/diagnostic_msgs/include/diagnostic_msgs/msg/detail
[1.132s] -- Up-to-date: /home/devpc/Desktop/microros_ws/install/diagnostic_msgs/include/diagnostic_msgs/msg/detail/diagnostic_array__traits.hpp
[1.132s] -- Up-to-date: /home/devpc/Desktop/microros_ws/install/diagnostic_msgs/include/diagnostic_msgs/msg/detail/key_value__struct.hpp
[1.133s] -- Up-to-date: /home/devpc/Desktop/microros_ws/install/diagnostic_msgs/include/diagnostic_msgs/msg/detail/diagnostic_array__struct.hpp
[1.133s] -- Up-to-date: /home/devpc/Desktop/microros_ws/install/diagnostic_msgs/include/diagnostic_msgs/msg/detail/diagnostic_status__struct.hpp
[1.133s] -- Up-to-date: /home/devpc/Desktop/microros_ws/install/diagnostic_msgs/include/diagnostic_msgs/msg/detail/diagnostic_array__builder.hpp
[1.133s] -- Up-to-date: /home/devpc/Desktop/microros_ws/install/diagnostic_msgs/include/diagnostic_msgs/msg/detail/diagnostic_status__builder.hpp
[1.133s] -- Up-to-date: /home/devpc/Desktop/microros_ws/install/diagnostic_msgs/include/diagnostic_msgs/msg/detail/key_value__builder.hpp
[1.134s] -- Up-to-date: /home/devpc/Desktop/microros_ws/install/diagnostic_msgs/include/diagnostic_msgs/msg/detail/diagnostic_status__traits.hpp
[1.134s] -- Up-to-date: /home/devpc/Desktop/microros_ws/install/diagnostic_msgs/include/diagnostic_msgs/msg/detail/key_value__traits.hpp
[1.134s] -- Up-to-date: /home/devpc/Desktop/microros_ws/install/diagnostic_msgs/include/diagnostic_msgs/msg/key_value.hpp
[1.134s] -- Up-to-date: /home/devpc/Desktop/microros_ws/install/diagnostic_msgs/include/diagnostic_msgs/msg/diagnostic_status.hpp
[1.134s] -- Up-to-date: /home/devpc/Desktop/microros_ws/install/diagnostic_msgs/include/diagnostic_msgs/srv
[1.134s] -- Up-to-date: /home/devpc/Desktop/microros_ws/install/diagnostic_msgs/include/diagnostic_msgs/srv/add_diagnostics.hpp
[1.134s] -- Up-to-date: /home/devpc/Desktop/microros_ws/install/diagnostic_msgs/include/diagnostic_msgs/srv/detail
[1.134s] -- Up-to-date: /home/devpc/Desktop/microros_ws/install/diagnostic_msgs/include/diagnostic_msgs/srv/detail/add_diagnostics__builder.hpp
[1.135s] -- Up-to-date: /home/devpc/Desktop/microros_ws/install/diagnostic_msgs/include/diagnostic_msgs/srv/detail/self_test__traits.hpp
[1.135s] -- Up-to-date: /home/devpc/Desktop/microros_ws/install/diagnostic_msgs/include/diagnostic_msgs/srv/detail/self_test__builder.hpp
[1.135s] -- Up-to-date: /home/devpc/Desktop/microros_ws/install/diagnostic_msgs/include/diagnostic_msgs/srv/detail/add_diagnostics__struct.hpp
[1.135s] -- Up-to-date: /home/devpc/Desktop/microros_ws/install/diagnostic_msgs/include/diagnostic_msgs/srv/detail/add_diagnostics__traits.hpp
[1.135s] -- Up-to-date: /home/devpc/Desktop/microros_ws/install/diagnostic_msgs/include/diagnostic_msgs/srv/detail/self_test__struct.hpp
[1.135s] -- Up-to-date: /home/devpc/Desktop/microros_ws/install/diagnostic_msgs/include/diagnostic_msgs/srv/self_test.hpp
[1.135s] -- Up-to-date: /home/devpc/Desktop/microros_ws/install/diagnostic_msgs/include/diagnostic_msgs
[1.135s] -- Up-to-date: /home/devpc/Desktop/microros_ws/install/diagnostic_msgs/include/diagnostic_msgs/msg
[1.135s] -- Up-to-date: /home/devpc/Desktop/microros_ws/install/diagnostic_msgs/include/diagnostic_msgs/msg/detail
[1.136s] -- Up-to-date: /home/devpc/Desktop/microros_ws/install/diagnostic_msgs/include/diagnostic_msgs/msg/detail/key_value__rosidl_typesupport_microxrcedds_cpp.hpp
[1.136s] -- Up-to-date: /home/devpc/Desktop/microros_ws/install/diagnostic_msgs/include/diagnostic_msgs/msg/detail/diagnostic_array__rosidl_typesupport_microxrcedds_cpp.hpp
[1.136s] -- Up-to-date: /home/devpc/Desktop/microros_ws/install/diagnostic_msgs/include/diagnostic_msgs/msg/detail/microxrcedds
[1.136s] -- Up-to-date: /home/devpc/Desktop/microros_ws/install/diagnostic_msgs/include/diagnostic_msgs/msg/detail/microxrcedds/diagnostic_array__type_support_cpp.cpp
[1.136s] -- Up-to-date: /home/devpc/Desktop/microros_ws/install/diagnostic_msgs/include/diagnostic_msgs/msg/detail/microxrcedds/diagnostic_status__type_support_cpp.cpp
[1.136s] -- Up-to-date: /home/devpc/Desktop/microros_ws/install/diagnostic_msgs/include/diagnostic_msgs/msg/detail/microxrcedds/key_value__type_support_cpp.cpp
[1.136s] -- Up-to-date: /home/devpc/Desktop/microros_ws/install/diagnostic_msgs/include/diagnostic_msgs/msg/detail/diagnostic_status__rosidl_typesupport_microxrcedds_cpp.hpp
[1.136s] -- Up-to-date: /home/devpc/Desktop/microros_ws/install/diagnostic_msgs/include/diagnostic_msgs/msg/rosidl_typesupport_microxrcedds_cpp__visibility_control.h
[1.136s] -- Up-to-date: /home/devpc/Desktop/microros_ws/install/diagnostic_msgs/include/diagnostic_msgs/srv
[1.136s] -- Up-to-date: /home/devpc/Desktop/microros_ws/install/diagnostic_msgs/include/diagnostic_msgs/srv/detail
[1.136s] -- Up-to-date: /home/devpc/Desktop/microros_ws/install/diagnostic_msgs/include/diagnostic_msgs/srv/detail/add_diagnostics__rosidl_typesupport_microxrcedds_cpp.hpp
[1.137s] -- Up-to-date: /home/devpc/Desktop/microros_ws/install/diagnostic_msgs/include/diagnostic_msgs/srv/detail/self_test__rosidl_typesupport_microxrcedds_cpp.hpp
[1.137s] -- Up-to-date: /home/devpc/Desktop/microros_ws/install/diagnostic_msgs/include/diagnostic_msgs/srv/detail/microxrcedds
[1.137s] -- Up-to-date: /home/devpc/Desktop/microros_ws/install/diagnostic_msgs/include/diagnostic_msgs/srv/detail/microxrcedds/add_diagnostics__type_support_cpp.cpp
[1.137s] -- Up-to-date: /home/devpc/Desktop/microros_ws/install/diagnostic_msgs/include/diagnostic_msgs/srv/detail/microxrcedds/self_test__type_support_cpp.cpp
[1.137s] -- Up-to-date: /home/devpc/Desktop/microros_ws/install/diagnostic_msgs/lib/libdiagnostic_msgs__rosidl_typesupport_microxrcedds_cpp.so
[1.137s] -- Up-to-date: /home/devpc/Desktop/microros_ws/install/diagnostic_msgs/include/diagnostic_msgs
[1.138s] -- Up-to-date: /home/devpc/Desktop/microros_ws/install/diagnostic_msgs/include/diagnostic_msgs/msg
[1.138s] -- Up-to-date: /home/devpc/Desktop/microros_ws/install/diagnostic_msgs/include/diagnostic_msgs/msg/detail
[1.138s] -- Up-to-date: /home/devpc/Desktop/microros_ws/install/diagnostic_msgs/include/diagnostic_msgs/msg/detail/key_value__rosidl_typesupport_introspection_cpp.hpp
[1.138s] -- Up-to-date: /home/devpc/Desktop/microros_ws/install/diagnostic_msgs/include/diagnostic_msgs/msg/detail/diagnostic_status__rosidl_typesupport_introspection_cpp.hpp
[1.138s] -- Up-to-date: /home/devpc/Desktop/microros_ws/install/diagnostic_msgs/include/diagnostic_msgs/msg/detail/diagnostic_array__type_support.cpp
[1.138s] -- Up-to-date: /home/devpc/Desktop/microros_ws/install/diagnostic_msgs/include/diagnostic_msgs/msg/detail/key_value__type_support.cpp
[1.138s] -- Up-to-date: /home/devpc/Desktop/microros_ws/install/diagnostic_msgs/include/diagnostic_msgs/msg/detail/diagnostic_status__type_support.cpp
[1.138s] -- Up-to-date: /home/devpc/Desktop/microros_ws/install/diagnostic_msgs/include/diagnostic_msgs/msg/detail/diagnostic_array__rosidl_typesupport_introspection_cpp.hpp
[1.138s] -- Up-to-date: /home/devpc/Desktop/microros_ws/install/diagnostic_msgs/include/diagnostic_msgs/srv
[1.139s] -- Up-to-date: /home/devpc/Desktop/microros_ws/install/diagnostic_msgs/include/diagnostic_msgs/srv/detail
[1.139s] -- Up-to-date: /home/devpc/Desktop/microros_ws/install/diagnostic_msgs/include/diagnostic_msgs/srv/detail/self_test__rosidl_typesupport_introspection_cpp.hpp
[1.139s] -- Up-to-date: /home/devpc/Desktop/microros_ws/install/diagnostic_msgs/include/diagnostic_msgs/srv/detail/add_diagnostics__type_support.cpp
[1.139s] -- Up-to-date: /home/devpc/Desktop/microros_ws/install/diagnostic_msgs/include/diagnostic_msgs/srv/detail/self_test__type_support.cpp
[1.139s] -- Up-to-date: /home/devpc/Desktop/microros_ws/install/diagnostic_msgs/include/diagnostic_msgs/srv/detail/add_diagnostics__rosidl_typesupport_introspection_cpp.hpp
[1.139s] -- Up-to-date: /home/devpc/Desktop/microros_ws/install/diagnostic_msgs/lib/libdiagnostic_msgs__rosidl_typesupport_introspection_cpp.so
[1.139s] -- Up-to-date: /home/devpc/Desktop/microros_ws/install/diagnostic_msgs/lib/libdiagnostic_msgs__rosidl_typesupport_cpp.so
[1.139s] -- Up-to-date: /home/devpc/Desktop/microros_ws/install/diagnostic_msgs/share/diagnostic_msgs/environment/pythonpath.sh
[1.139s] -- Up-to-date: /home/devpc/Desktop/microros_ws/install/diagnostic_msgs/share/diagnostic_msgs/environment/pythonpath.dsv
[1.140s] -- Up-to-date: /home/devpc/Desktop/microros_ws/install/diagnostic_msgs/lib/python3.8/site-packages/diagnostic_msgs/__init__.py
[1.180s] -- Up-to-date: /home/devpc/Desktop/microros_ws/install/diagnostic_msgs/lib/python3.8/site-packages/diagnostic_msgs/msg
[1.180s] -- Up-to-date: /home/devpc/Desktop/microros_ws/install/diagnostic_msgs/lib/python3.8/site-packages/diagnostic_msgs/msg/_key_value_s.c
[1.181s] -- Up-to-date: /home/devpc/Desktop/microros_ws/install/diagnostic_msgs/lib/python3.8/site-packages/diagnostic_msgs/msg/_key_value.py
[1.181s] -- Up-to-date: /home/devpc/Desktop/microros_ws/install/diagnostic_msgs/lib/python3.8/site-packages/diagnostic_msgs/msg/__init__.py
[1.181s] -- Up-to-date: /home/devpc/Desktop/microros_ws/install/diagnostic_msgs/lib/python3.8/site-packages/diagnostic_msgs/msg/_diagnostic_status_s.c
[1.181s] -- Up-to-date: /home/devpc/Desktop/microros_ws/install/diagnostic_msgs/lib/python3.8/site-packages/diagnostic_msgs/msg/_diagnostic_array_s.c
[1.182s] -- Up-to-date: /home/devpc/Desktop/microros_ws/install/diagnostic_msgs/lib/python3.8/site-packages/diagnostic_msgs/msg/_diagnostic_array.py
[1.182s] -- Up-to-date: /home/devpc/Desktop/microros_ws/install/diagnostic_msgs/lib/python3.8/site-packages/diagnostic_msgs/msg/_diagnostic_status.py
[1.182s] -- Up-to-date: /home/devpc/Desktop/microros_ws/install/diagnostic_msgs/lib/python3.8/site-packages/diagnostic_msgs/srv
[1.183s] -- Up-to-date: /home/devpc/Desktop/microros_ws/install/diagnostic_msgs/lib/python3.8/site-packages/diagnostic_msgs/srv/_self_test_s.c
[1.183s] -- Up-to-date: /home/devpc/Desktop/microros_ws/install/diagnostic_msgs/lib/python3.8/site-packages/diagnostic_msgs/srv/__init__.py
[1.183s] -- Up-to-date: /home/devpc/Desktop/microros_ws/install/diagnostic_msgs/lib/python3.8/site-packages/diagnostic_msgs/srv/_add_diagnostics_s.c
[1.184s] -- Up-to-date: /home/devpc/Desktop/microros_ws/install/diagnostic_msgs/lib/python3.8/site-packages/diagnostic_msgs/srv/_add_diagnostics.py
[1.184s] -- Up-to-date: /home/devpc/Desktop/microros_ws/install/diagnostic_msgs/lib/python3.8/site-packages/diagnostic_msgs/srv/_self_test.py
[1.185s] -- Up-to-date: /home/devpc/Desktop/microros_ws/install/diagnostic_msgs/lib/python3.8/site-packages/diagnostic_msgs/diagnostic_msgs_s__rosidl_typesupport_microxrcedds_c.cpython-38-x86_64-linux-gnu.so
[1.185s] -- Up-to-date: /home/devpc/Desktop/microros_ws/install/diagnostic_msgs/lib/python3.8/site-packages/diagnostic_msgs/diagnostic_msgs_s__rosidl_typesupport_fastrtps_c.cpython-38-x86_64-linux-gnu.so
[1.185s] -- Up-to-date: /home/devpc/Desktop/microros_ws/install/diagnostic_msgs/lib/python3.8/site-packages/diagnostic_msgs/diagnostic_msgs_s__rosidl_typesupport_introspection_c.cpython-38-x86_64-linux-gnu.so
[1.186s] -- Up-to-date: /home/devpc/Desktop/microros_ws/install/diagnostic_msgs/lib/python3.8/site-packages/diagnostic_msgs/diagnostic_msgs_s__rosidl_typesupport_c.cpython-38-x86_64-linux-gnu.so
[1.186s] -- Up-to-date: /home/devpc/Desktop/microros_ws/install/diagnostic_msgs/lib/libdiagnostic_msgs__python.so
[1.186s] -- Up-to-date: /home/devpc/Desktop/microros_ws/install/diagnostic_msgs/share/diagnostic_msgs/msg/DiagnosticArray.idl
[1.187s] -- Up-to-date: /home/devpc/Desktop/microros_ws/install/diagnostic_msgs/share/diagnostic_msgs/msg/DiagnosticStatus.idl
[1.187s] -- Up-to-date: /home/devpc/Desktop/microros_ws/install/diagnostic_msgs/share/diagnostic_msgs/msg/KeyValue.idl
[1.187s] -- Up-to-date: /home/devpc/Desktop/microros_ws/install/diagnostic_msgs/share/diagnostic_msgs/srv/AddDiagnostics.idl
[1.187s] -- Up-to-date: /home/devpc/Desktop/microros_ws/install/diagnostic_msgs/share/diagnostic_msgs/srv/SelfTest.idl
[1.187s] -- Up-to-date: /home/devpc/Desktop/microros_ws/install/diagnostic_msgs/share/diagnostic_msgs/msg/DiagnosticArray.msg
[1.188s] -- Up-to-date: /home/devpc/Desktop/microros_ws/install/diagnostic_msgs/share/diagnostic_msgs/msg/DiagnosticStatus.msg
[1.188s] -- Up-to-date: /home/devpc/Desktop/microros_ws/install/diagnostic_msgs/share/diagnostic_msgs/msg/KeyValue.msg
[1.188s] -- Up-to-date: /home/devpc/Desktop/microros_ws/install/diagnostic_msgs/share/diagnostic_msgs/srv/AddDiagnostics.srv
[1.188s] -- Up-to-date: /home/devpc/Desktop/microros_ws/install/diagnostic_msgs/share/diagnostic_msgs/srv/AddDiagnostics_Request.msg
[1.188s] -- Up-to-date: /home/devpc/Desktop/microros_ws/install/diagnostic_msgs/share/diagnostic_msgs/srv/AddDiagnostics_Response.msg
[1.189s] -- Up-to-date: /home/devpc/Desktop/microros_ws/install/diagnostic_msgs/share/diagnostic_msgs/srv/SelfTest.srv
[1.189s] -- Up-to-date: /home/devpc/Desktop/microros_ws/install/diagnostic_msgs/share/diagnostic_msgs/srv/SelfTest_Request.msg
[1.189s] -- Up-to-date: /home/devpc/Desktop/microros_ws/install/diagnostic_msgs/share/diagnostic_msgs/srv/SelfTest_Response.msg
[1.189s] -- Up-to-date: /home/devpc/Desktop/microros_ws/install/diagnostic_msgs/share/ament_index/resource_index/package_run_dependencies/diagnostic_msgs
[1.189s] -- Up-to-date: /home/devpc/Desktop/microros_ws/install/diagnostic_msgs/share/ament_index/resource_index/parent_prefix_path/diagnostic_msgs
[1.189s] -- Up-to-date: /home/devpc/Desktop/microros_ws/install/diagnostic_msgs/share/diagnostic_msgs/environment/ament_prefix_path.sh
[1.190s] -- Up-to-date: /home/devpc/Desktop/microros_ws/install/diagnostic_msgs/share/diagnostic_msgs/environment/ament_prefix_path.dsv
[1.190s] -- Up-to-date: /home/devpc/Desktop/microros_ws/install/diagnostic_msgs/share/diagnostic_msgs/environment/path.sh
[1.192s] -- Up-to-date: /home/devpc/Desktop/microros_ws/install/diagnostic_msgs/share/diagnostic_msgs/environment/path.dsv
[1.192s] -- Up-to-date: /home/devpc/Desktop/microros_ws/install/diagnostic_msgs/share/diagnostic_msgs/local_setup.bash
[1.193s] -- Up-to-date: /home/devpc/Desktop/microros_ws/install/diagnostic_msgs/share/diagnostic_msgs/local_setup.sh
[1.193s] -- Up-to-date: /home/devpc/Desktop/microros_ws/install/diagnostic_msgs/share/diagnostic_msgs/local_setup.zsh
[1.193s] -- Up-to-date: /home/devpc/Desktop/microros_ws/install/diagnostic_msgs/share/diagnostic_msgs/local_setup.dsv
[1.194s] -- Installing: /home/devpc/Desktop/microros_ws/install/diagnostic_msgs/share/diagnostic_msgs/package.dsv
[1.194s] -- Up-to-date: /home/devpc/Desktop/microros_ws/install/diagnostic_msgs/share/ament_index/resource_index/packages/diagnostic_msgs
[1.194s] -- Up-to-date: /home/devpc/Desktop/microros_ws/install/diagnostic_msgs/share/diagnostic_msgs/cmake/diagnostic_msgs__rosidl_generator_cExport.cmake
[1.195s] -- Up-to-date: /home/devpc/Desktop/microros_ws/install/diagnostic_msgs/share/diagnostic_msgs/cmake/diagnostic_msgs__rosidl_generator_cExport-noconfig.cmake
[1.195s] -- Up-to-date: /home/devpc/Desktop/microros_ws/install/diagnostic_msgs/share/diagnostic_msgs/cmake/diagnostic_msgs__rosidl_typesupport_introspection_cExport.cmake
[1.195s] -- Up-to-date: /home/devpc/Desktop/microros_ws/install/diagnostic_msgs/share/diagnostic_msgs/cmake/diagnostic_msgs__rosidl_typesupport_introspection_cExport-noconfig.cmake
[1.196s] -- Up-to-date: /home/devpc/Desktop/microros_ws/install/diagnostic_msgs/share/diagnostic_msgs/cmake/diagnostic_msgs__rosidl_typesupport_cExport.cmake
[1.196s] -- Up-to-date: /home/devpc/Desktop/microros_ws/install/diagnostic_msgs/share/diagnostic_msgs/cmake/diagnostic_msgs__rosidl_typesupport_cExport-noconfig.cmake
[1.196s] -- Up-to-date: /home/devpc/Desktop/microros_ws/install/diagnostic_msgs/share/diagnostic_msgs/cmake/diagnostic_msgs__rosidl_generator_cppExport.cmake
[1.197s] -- Up-to-date: /home/devpc/Desktop/microros_ws/install/diagnostic_msgs/share/diagnostic_msgs/cmake/diagnostic_msgs__rosidl_typesupport_introspection_cppExport.cmake
[1.197s] -- Up-to-date: /home/devpc/Desktop/microros_ws/install/diagnostic_msgs/share/diagnostic_msgs/cmake/diagnostic_msgs__rosidl_typesupport_introspection_cppExport-noconfig.cmake
[1.197s] -- Up-to-date: /home/devpc/Desktop/microros_ws/install/diagnostic_msgs/share/diagnostic_msgs/cmake/diagnostic_msgs__rosidl_typesupport_cppExport.cmake
[1.198s] -- Up-to-date: /home/devpc/Desktop/microros_ws/install/diagnostic_msgs/share/diagnostic_msgs/cmake/diagnostic_msgs__rosidl_typesupport_cppExport-noconfig.cmake
[1.199s] -- Up-to-date: /home/devpc/Desktop/microros_ws/install/diagnostic_msgs/share/diagnostic_msgs/cmake/rosidl_cmake-extras.cmake
[1.200s] -- Up-to-date: /home/devpc/Desktop/microros_ws/install/diagnostic_msgs/share/diagnostic_msgs/cmake/ament_cmake_export_dependencies-extras.cmake
[1.200s] -- Up-to-date: /home/devpc/Desktop/microros_ws/install/diagnostic_msgs/share/diagnostic_msgs/cmake/ament_cmake_export_libraries-extras.cmake
[1.200s] -- Up-to-date: /home/devpc/Desktop/microros_ws/install/diagnostic_msgs/share/diagnostic_msgs/cmake/ament_cmake_export_targets-extras.cmake
[1.201s] -- Up-to-date: /home/devpc/Desktop/microros_ws/install/diagnostic_msgs/share/diagnostic_msgs/cmake/ament_cmake_export_include_directories-extras.cmake
[1.202s] -- Up-to-date: /home/devpc/Desktop/microros_ws/install/diagnostic_msgs/share/diagnostic_msgs/cmake/rosidl_cmake_export_typesupport_libraries-extras.cmake
[1.205s] -- Up-to-date: /home/devpc/Desktop/microros_ws/install/diagnostic_msgs/share/diagnostic_msgs/cmake/rosidl_cmake_export_typesupport_targets-extras.cmake
[1.205s] -- Up-to-date: /home/devpc/Desktop/microros_ws/install/diagnostic_msgs/share/diagnostic_msgs/cmake/diagnostic_msgsConfig.cmake
[1.205s] -- Up-to-date: /home/devpc/Desktop/microros_ws/install/diagnostic_msgs/share/diagnostic_msgs/cmake/diagnostic_msgsConfig-version.cmake
[1.205s] -- Up-to-date: /home/devpc/Desktop/microros_ws/install/diagnostic_msgs/share/diagnostic_msgs/package.xml
[1.210s] Invoked command in '/home/devpc/Desktop/microros_ws/build/diagnostic_msgs' returned '0': CMAKE_PREFIX_PATH=/home/devpc/Desktop/microros_ws/install/geometry_msgs:/home/devpc/Desktop/microros_ws/install/std_msgs:/home/devpc/Desktop/microros_ws/install/builtin_interfaces:/home/devpc/Desktop/microros_ws/install/common_interfaces:/home/devpc/Desktop/microros_ws/install/visualization_msgs:/home/devpc/Desktop/microros_ws/install/test_msgs:/home/devpc/Desktop/microros_ws/install/micro_ros_demos_rclc:/home/devpc/Desktop/microros_ws/install/example_interfaces:/home/devpc/Desktop/microros_ws/install/action_msgs:/home/devpc/Desktop/microros_ws/install/unique_identifier_msgs:/home/devpc/Desktop/microros_ws/install/trajectory_msgs:/home/devpc/Desktop/microros_ws/install/stereo_msgs:/home/devpc/Desktop/microros_ws/install/std_srvs:/home/devpc/Desktop/microros_ws/install/shape_msgs:/home/devpc/Desktop/microros_ws/install/sensor_msgs:/home/devpc/Desktop/microros_ws/install/nav_msgs:/home/devpc/Desktop/microros_ws/install/diagnostic_msgs:/home/devpc/Desktop/microros_ws/install/drive_base_msgs:/home/devpc/Desktop/microros_ws/install/actionlib_msgs:/home/devpc/Desktop/microros_ws/install/statistics_msgs:/home/devpc/Desktop/microros_ws/install/rosidl_typesupport_microxrcedds_test_msg:/home/devpc/Desktop/microros_ws/install/rosidl_typesupport_microxrcedds_cpp_tests:/home/devpc/Desktop/microros_ws/install/rmw_microxrcedds:/home/devpc/Desktop/microros_ws/install/rosidl_typesupport_microxrcedds_cpp:/home/devpc/Desktop/microros_ws/install/rosidl_typesupport_microxrcedds_c_tests:/home/devpc/Desktop/microros_ws/install/rosidl_typesupport_microxrcedds_c:/home/devpc/Desktop/microros_ws/install/rosgraph_msgs:/home/devpc/Desktop/microros_ws/install/rclc:/home/devpc/Desktop/microros_ws/install/composition_interfaces:/home/devpc/Desktop/microros_ws/install/rcl_interfaces:/home/devpc/Desktop/microros_ws/install/microxrcedds_client:/home/devpc/Desktop/microros_ws/install/microcdr:/home/devpc/Desktop/microros_ws/install/micro_ros_demos_rclcpp:/home/devpc/Desktop/microros_ws/install/lifecycle_msgs:/home/devpc/Desktop/microros_ws/install/complex_msgs:/home/devpc/Desktop/microros_ws/install/micro_ros_agent:/home/devpc/Desktop/microros_ws/install/microxrcedds_agent:/home/devpc/Desktop/microros_ws/install/micro_ros_setup:/home/devpc/Desktop/microros_ws/install/micro_ros_msgs:/home/devpc/Desktop/quad_ws/install/quad_interfaces:/home/devpc/Desktop/microros_ws/install/sensor_msgs_py:/home/devpc/Desktop/quad_ws/install/quad:/opt/ros/foxy LD_LIBRARY_PATH=/home/devpc/Desktop/microros_ws/install/geometry_msgs/lib:/home/devpc/Desktop/microros_ws/install/std_msgs/lib:/home/devpc/Desktop/microros_ws/install/builtin_interfaces/lib:/home/devpc/Desktop/microros_ws/install/visualization_msgs/lib:/home/devpc/Desktop/microros_ws/install/test_msgs/lib:/home/devpc/Desktop/microros_ws/install/example_interfaces/lib:/home/devpc/Desktop/microros_ws/install/action_msgs/lib:/home/devpc/Desktop/microros_ws/install/unique_identifier_msgs/lib:/home/devpc/Desktop/microros_ws/install/trajectory_msgs/lib:/home/devpc/Desktop/microros_ws/install/stereo_msgs/lib:/home/devpc/Desktop/microros_ws/install/std_srvs/lib:/home/devpc/Desktop/microros_ws/install/shape_msgs/lib:/home/devpc/Desktop/microros_ws/install/sensor_msgs/lib:/home/devpc/Desktop/microros_ws/install/nav_msgs/lib:/home/devpc/Desktop/microros_ws/install/diagnostic_msgs/lib:/home/devpc/Desktop/microros_ws/install/drive_base_msgs/lib:/home/devpc/Desktop/microros_ws/install/actionlib_msgs/lib:/home/devpc/Desktop/microros_ws/install/statistics_msgs/lib:/home/devpc/Desktop/microros_ws/install/rosidl_typesupport_microxrcedds_test_msg/lib:/home/devpc/Desktop/microros_ws/install/rmw_microxrcedds/lib:/home/devpc/Desktop/microros_ws/install/rosidl_typesupport_microxrcedds_cpp/lib:/home/devpc/Desktop/microros_ws/install/rosidl_typesupport_microxrcedds_c/lib:/home/devpc/Desktop/microros_ws/install/rosgraph_msgs/lib:/home/devpc/Desktop/microros_ws/install/rclc/lib:/home/devpc/Desktop/microros_ws/install/composition_interfaces/lib:/home/devpc/Desktop/microros_ws/install/rcl_interfaces/lib:/home/devpc/Desktop/microros_ws/install/microxrcedds_client/lib:/home/devpc/Desktop/microros_ws/install/microcdr/lib:/home/devpc/Desktop/microros_ws/install/lifecycle_msgs/lib:/home/devpc/Desktop/microros_ws/install/complex_msgs/lib:/home/devpc/Desktop/microros_ws/install/microxrcedds_agent/lib:/home/devpc/Desktop/microros_ws/install/micro_ros_msgs/lib:/home/devpc/Desktop/quad_ws/install/quad_interfaces/lib:/opt/ros/foxy/opt/yaml_cpp_vendor/lib:/opt/ros/foxy/opt/rviz_ogre_vendor/lib:/opt/ros/foxy/lib/x86_64-linux-gnu:/opt/ros/foxy/lib PYTHONPATH=/home/devpc/Desktop/microros_ws/install/geometry_msgs/lib/python3.8/site-packages:/home/devpc/Desktop/microros_ws/install/std_msgs/lib/python3.8/site-packages:/home/devpc/Desktop/microros_ws/install/builtin_interfaces/lib/python3.8/site-packages:/home/devpc/Desktop/microros_ws/install/visualization_msgs/lib/python3.8/site-packages:/home/devpc/Desktop/microros_ws/install/test_msgs/lib/python3.8/site-packages:/home/devpc/Desktop/microros_ws/install/example_interfaces/lib/python3.8/site-packages:/home/devpc/Desktop/microros_ws/install/action_msgs/lib/python3.8/site-packages:/home/devpc/Desktop/microros_ws/install/unique_identifier_msgs/lib/python3.8/site-packages:/home/devpc/Desktop/microros_ws/install/trajectory_msgs/lib/python3.8/site-packages:/home/devpc/Desktop/microros_ws/install/stereo_msgs/lib/python3.8/site-packages:/home/devpc/Desktop/microros_ws/install/std_srvs/lib/python3.8/site-packages:/home/devpc/Desktop/microros_ws/install/shape_msgs/lib/python3.8/site-packages:/home/devpc/Desktop/microros_ws/install/sensor_msgs_py/lib/python3.8/site-packages:/home/devpc/Desktop/microros_ws/install/sensor_msgs/lib/python3.8/site-packages:/home/devpc/Desktop/microros_ws/install/nav_msgs/lib/python3.8/site-packages:/home/devpc/Desktop/microros_ws/install/diagnostic_msgs/lib/python3.8/site-packages:/home/devpc/Desktop/microros_ws/install/drive_base_msgs/lib/python3.8/site-packages:/home/devpc/Desktop/microros_ws/install/actionlib_msgs/lib/python3.8/site-packages:/home/devpc/Desktop/microros_ws/install/statistics_msgs/lib/python3.8/site-packages:/home/devpc/Desktop/microros_ws/install/rosidl_typesupport_microxrcedds_test_msg/lib/python3.8/site-packages:/home/devpc/Desktop/microros_ws/install/rosidl_typesupport_microxrcedds_cpp/lib/python3.8/site-packages:/home/devpc/Desktop/microros_ws/install/rosidl_typesupport_microxrcedds_c/lib/python3.8/site-packages:/home/devpc/Desktop/microros_ws/install/rosgraph_msgs/lib/python3.8/site-packages:/home/devpc/Desktop/microros_ws/install/composition_interfaces/lib/python3.8/site-packages:/home/devpc/Desktop/microros_ws/install/rcl_interfaces/lib/python3.8/site-packages:/home/devpc/Desktop/microros_ws/install/lifecycle_msgs/lib/python3.8/site-packages:/home/devpc/Desktop/microros_ws/install/complex_msgs/lib/python3.8/site-packages:/home/devpc/Desktop/microros_ws/install/micro_ros_msgs/lib/python3.8/site-packages:/home/devpc/Desktop/quad_ws/install/quad_interfaces/lib/python3.8/site-packages:/home/devpc/Desktop/quad_ws/install/quad/lib/python3.8/site-packages:/opt/ros/foxy/lib/python3.8/site-packages /usr/bin/cmake --install /home/devpc/Desktop/microros_ws/build/diagnostic_msgs
