[0.771s] Invoking command in '/home/devpc/Desktop/quad_ws/src/teleop': PYTHONPATH=/home/devpc/Desktop/quad_ws/install/teleop/lib/python3.8/site-packages:${PYTHONPATH} /usr/bin/python3 setup.py egg_info --egg-base ../../build/teleop build --build-base /home/devpc/Desktop/quad_ws/build/teleop/build install --prefix /home/devpc/Desktop/quad_ws/install/teleop --record /home/devpc/Desktop/quad_ws/build/teleop/install.log --single-version-externally-managed
[1.064s] running egg_info
[1.065s] writing ../../build/teleop/teleop.egg-info/PKG-INFO
[1.067s] writing dependency_links to ../../build/teleop/teleop.egg-info/dependency_links.txt
[1.067s] writing entry points to ../../build/teleop/teleop.egg-info/entry_points.txt
[1.067s] writing requirements to ../../build/teleop/teleop.egg-info/requires.txt
[1.068s] writing top-level names to ../../build/teleop/teleop.egg-info/top_level.txt
[1.110s] reading manifest file '../../build/teleop/teleop.egg-info/SOURCES.txt'
[1.111s] writing manifest file '../../build/teleop/teleop.egg-info/SOURCES.txt'
[1.111s] running build
[1.111s] running build_py
[1.111s] running install
[1.113s] running install_lib
[1.114s] running install_data
[1.115s] running install_egg_info
[1.117s] removing '/home/devpc/Desktop/quad_ws/install/teleop/lib/python3.8/site-packages/teleop-0.0.0-py3.8.egg-info' (and everything under it)
[1.118s] Copying ../../build/teleop/teleop.egg-info to /home/devpc/Desktop/quad_ws/install/teleop/lib/python3.8/site-packages/teleop-0.0.0-py3.8.egg-info
[1.119s] running install_scripts
[1.147s] Installing teleop script to /home/devpc/Desktop/quad_ws/install/teleop/lib/teleop
[1.147s] writing list of installed files to '/home/devpc/Desktop/quad_ws/build/teleop/install.log'
[1.188s] Invoked command in '/home/devpc/Desktop/quad_ws/src/teleop' returned '0': PYTHONPATH=/home/devpc/Desktop/quad_ws/install/teleop/lib/python3.8/site-packages:${PYTHONPATH} /usr/bin/python3 setup.py egg_info --egg-base ../../build/teleop build --build-base /home/devpc/Desktop/quad_ws/build/teleop/build install --prefix /home/devpc/Desktop/quad_ws/install/teleop --record /home/devpc/Desktop/quad_ws/build/teleop/install.log --single-version-externally-managed
