[0.273s] Invoking command in '/home/devpc/Desktop/quad_ws/src/quad': PYTHONPATH=/home/devpc/Desktop/quad_ws/install/quad/lib/python3.8/site-packages:${PYTHONPATH} /usr/bin/python3 setup.py egg_info --egg-base ../../build/quad build --build-base /home/devpc/Desktop/quad_ws/build/quad/build install --prefix /home/devpc/Desktop/quad_ws/install/quad --record /home/devpc/Desktop/quad_ws/build/quad/install.log --single-version-externally-managed
[0.509s] running egg_info
[0.509s] writing ../../build/quad/quad.egg-info/PKG-INFO
[0.510s] writing dependency_links to ../../build/quad/quad.egg-info/dependency_links.txt
[0.510s] writing entry points to ../../build/quad/quad.egg-info/entry_points.txt
[0.510s] writing requirements to ../../build/quad/quad.egg-info/requires.txt
[0.510s] writing top-level names to ../../build/quad/quad.egg-info/top_level.txt
[0.548s] reading manifest file '../../build/quad/quad.egg-info/SOURCES.txt'
[0.549s] writing manifest file '../../build/quad/quad.egg-info/SOURCES.txt'
[0.549s] running build
[0.549s] running build_py
[0.549s] copying quad/quad.py -> /home/devpc/Desktop/quad_ws/build/quad/build/lib/quad
[0.549s] running install
[0.550s] running install_lib
[0.551s] copying /home/devpc/Desktop/quad_ws/build/quad/build/lib/quad/quad.py -> /home/devpc/Desktop/quad_ws/install/quad/lib/python3.8/site-packages/quad
[0.552s] byte-compiling /home/devpc/Desktop/quad_ws/install/quad/lib/python3.8/site-packages/quad/quad.py to quad.cpython-38.pyc
[0.553s] running install_data
[0.553s] running install_egg_info
[0.555s] removing '/home/devpc/Desktop/quad_ws/install/quad/lib/python3.8/site-packages/quad-0.0.1-py3.8.egg-info' (and everything under it)
[0.555s] Copying ../../build/quad/quad.egg-info to /home/devpc/Desktop/quad_ws/install/quad/lib/python3.8/site-packages/quad-0.0.1-py3.8.egg-info
[0.556s] running install_scripts
[0.571s] Installing motion_servos_calibration script to /home/devpc/Desktop/quad_ws/install/quad/lib/quad
[0.571s] Installing quad script to /home/devpc/Desktop/quad_ws/install/quad/lib/quad
[0.572s] writing list of installed files to '/home/devpc/Desktop/quad_ws/build/quad/install.log'
[0.591s] Invoked command in '/home/devpc/Desktop/quad_ws/src/quad' returned '0': PYTHONPATH=/home/devpc/Desktop/quad_ws/install/quad/lib/python3.8/site-packages:${PYTHONPATH} /usr/bin/python3 setup.py egg_info --egg-base ../../build/quad build --build-base /home/devpc/Desktop/quad_ws/build/quad/build install --prefix /home/devpc/Desktop/quad_ws/install/quad --record /home/devpc/Desktop/quad_ws/build/quad/install.log --single-version-externally-managed
