-- The C compiler identification is GNU 9.3.0
-- The CXX compiler identification is GNU 9.3.0
-- Check for working C compiler: /usr/bin/cc
-- Check for working C compiler: /usr/bin/cc -- works
-- Detecting C compiler ABI info
-- Detecting C compiler ABI info - done
-- Detecting C compile features
-- Detecting C compile features - done
-- Check for working CXX compiler: /usr/bin/c++
-- Check for working CXX compiler: /usr/bin/c++ -- works
-- Detecting CXX compiler ABI info
-- Detecting CXX compiler ABI info - done
-- Detecting CXX compile features
-- Detecting CXX compile features - done
-- Found ament_cmake: 0.9.8 (/opt/ros/foxy/share/ament_cmake/cmake)
-- Found PythonInterp: /usr/bin/python3 (found suitable version "3.8.10", minimum required is "3") 
-- Using PYTHON_EXECUTABLE: /usr/bin/python3
-- Found builtin_interfaces: 1.0.0 (/home/devpc/Desktop/microros_ws/install/builtin_interfaces/share/builtin_interfaces/cmake)
-- Using all available rosidl_typesupport_c: rosidl_typesupport_microxrcedds_c;rosidl_typesupport_fastrtps_c;rosidl_typesupport_introspection_c
-- Found rosidl_adapter: 1.2.1 (/opt/ros/foxy/share/rosidl_adapter/cmake)
-- Found OpenSSL: /usr/lib/x86_64-linux-gnu/libcrypto.so (found version "1.1.1f")  
-- Found FastRTPS: /opt/ros/foxy/include  
-- Using all available rosidl_typesupport_cpp: rosidl_typesupport_microxrcedds_cpp;rosidl_typesupport_fastrtps_cpp;rosidl_typesupport_introspection_cpp
-- Found rosidl_default_generators: 1.0.1 (/opt/ros/foxy/share/rosidl_default_generators/cmake)
-- Found PythonInterp: /usr/bin/python3 (found version "3.8.10") 
-- Found ament_cmake_cppcheck: 0.9.6 (/opt/ros/foxy/share/ament_cmake_cppcheck/cmake)
-- Found ament_cmake_cpplint: 0.9.6 (/opt/ros/foxy/share/ament_cmake_cpplint/cmake)
-- Found ament_cmake_uncrustify: 0.9.6 (/opt/ros/foxy/share/ament_cmake_uncrustify/cmake)
-- Found ament_cmake_ros: 0.9.2 (/opt/ros/foxy/share/ament_cmake_ros/cmake)
-- Using all available rosidl_typesupport_c: rosidl_typesupport_microxrcedds_c;rosidl_typesupport_fastrtps_c;rosidl_typesupport_introspection_c
-- Using all available rosidl_typesupport_cpp: rosidl_typesupport_microxrcedds_cpp;rosidl_typesupport_fastrtps_cpp;rosidl_typesupport_introspection_cpp
-- Found PythonInterp: /usr/bin/python3 (found suitable version "3.8.10", minimum required is "3.5") 
-- Found python_cmake_module: 0.8.1 (/opt/ros/foxy/share/python_cmake_module/cmake)
-- Found PythonLibs: /usr/lib/x86_64-linux-gnu/libpython3.8.so (found suitable version "3.8.10", minimum required is "3.5") 
-- Using PYTHON_EXECUTABLE: /usr/bin/python3
-- Using PYTHON_INCLUDE_DIRS: /usr/include/python3.8
-- Using PYTHON_LIBRARIES: /usr/lib/x86_64-linux-gnu/libpython3.8.so
-- Found PythonExtra: .so  
-- Found ament_cmake_flake8: 0.9.6 (/opt/ros/foxy/share/ament_cmake_flake8/cmake)
-- Found ament_cmake_pep257: 0.9.6 (/opt/ros/foxy/share/ament_cmake_pep257/cmake)
-- Configuring done
-- Generating done
-- Build files have been written to: /home/devpc/Desktop/microros_ws/build/complex_msgs
[35m[1mScanning dependencies of target complex_msgs__cpp[0m
[  2%] [34m[1mGenerating C code for ROS interfaces[0m
[  4%] [34m[1mGenerating C++ code for ROS interfaces[0m
[35m[1mScanning dependencies of target complex_msgs__rosidl_generator_c[0m
[  4%] Built target complex_msgs__cpp
[  6%] [32mBuilding C object CMakeFiles/complex_msgs__rosidl_generator_c.dir/rosidl_generator_c/complex_msgs/msg/detail/multi_string_test__functions.c.o[0m
[  8%] [32mBuilding C object CMakeFiles/complex_msgs__rosidl_generator_c.dir/rosidl_generator_c/complex_msgs/msg/detail/nested_msg_test__functions.c.o[0m
[ 10%] [34m[1mGenerating C++ type support dispatch for ROS interfaces[0m
[ 12%] [34m[1mGenerating C++ type support for eProsima Fast-RTPS[0m
[ 14%] [34m[1mGenerating C++ introspection for ROS interfaces[0m
[ 16%] [34m[1mGenerating C++ type support for eProsima Micro XRCE-DDS[0m
[ 18%] [32m[1mLinking C shared library libcomplex_msgs__rosidl_generator_c.so[0m
[ 18%] Built target complex_msgs__rosidl_generator_c
[ 20%] [34m[1mGenerating C type support for eProsima Micro XRCE-DDS[0m
[ 22%] [34m[1mGenerating C introspection for ROS interfaces[0m
[ 24%] [34m[1mGenerating C type support dispatch for ROS interfaces[0m
[35m[1mScanning dependencies of target complex_msgs__rosidl_typesupport_introspection_cpp[0m
[ 26%] [32mBuilding CXX object CMakeFiles/complex_msgs__rosidl_typesupport_introspection_cpp.dir/rosidl_typesupport_introspection_cpp/complex_msgs/msg/detail/multi_string_test__type_support.cpp.o[0m
[ 28%] [32mBuilding CXX object CMakeFiles/complex_msgs__rosidl_typesupport_introspection_cpp.dir/rosidl_typesupport_introspection_cpp/complex_msgs/msg/detail/nested_msg_test__type_support.cpp.o[0m
[35m[1mScanning dependencies of target complex_msgs__rosidl_typesupport_cpp[0m
[35m[1mScanning dependencies of target complex_msgs__rosidl_typesupport_fastrtps_cpp[0m
[ 30%] [32mBuilding CXX object CMakeFiles/complex_msgs__rosidl_typesupport_cpp.dir/rosidl_typesupport_cpp/complex_msgs/msg/multi_string_test__type_support.cpp.o[0m
[ 32%] [32mBuilding CXX object CMakeFiles/complex_msgs__rosidl_typesupport_fastrtps_cpp.dir/rosidl_typesupport_fastrtps_cpp/complex_msgs/msg/detail/dds_fastrtps/multi_string_test__type_support.cpp.o[0m
[35m[1mScanning dependencies of target complex_msgs__rosidl_typesupport_c[0m
[ 34%] [32mBuilding CXX object CMakeFiles/complex_msgs__rosidl_typesupport_c.dir/rosidl_typesupport_c/complex_msgs/msg/multi_string_test__type_support.cpp.o[0m
[35m[1mScanning dependencies of target complex_msgs__rosidl_typesupport_microxrcedds_cpp[0m
[ 36%] [32mBuilding CXX object CMakeFiles/complex_msgs__rosidl_typesupport_c.dir/rosidl_typesupport_c/complex_msgs/msg/nested_msg_test__type_support.cpp.o[0m
[ 38%] [32mBuilding CXX object CMakeFiles/complex_msgs__rosidl_typesupport_microxrcedds_cpp.dir/rosidl_typesupport_microxrcedds_cpp/complex_msgs/msg/detail/microxrcedds/multi_string_test__type_support_cpp.cpp.o[0m
[35m[1mScanning dependencies of target complex_msgs__rosidl_typesupport_microxrcedds_c[0m
[ 40%] [32m[1mLinking CXX shared library libcomplex_msgs__rosidl_typesupport_c.so[0m
[ 42%] [32mBuilding C object CMakeFiles/complex_msgs__rosidl_typesupport_microxrcedds_c.dir/rosidl_typesupport_microxrcedds_c/complex_msgs/msg/detail/microxrcedds/multi_string_test__type_support_c.c.o[0m
[35m[1mScanning dependencies of target complex_msgs__rosidl_typesupport_introspection_c[0m
[ 44%] [32mBuilding C object CMakeFiles/complex_msgs__rosidl_typesupport_microxrcedds_c.dir/rosidl_typesupport_microxrcedds_c/complex_msgs/msg/detail/microxrcedds/nested_msg_test__type_support_c.c.o[0m
[ 44%] Built target complex_msgs__rosidl_typesupport_c
[ 46%] [32mBuilding C object CMakeFiles/complex_msgs__rosidl_typesupport_introspection_c.dir/rosidl_typesupport_introspection_c/complex_msgs/msg/detail/multi_string_test__type_support.c.o[0m
[ 48%] [32mBuilding C object CMakeFiles/complex_msgs__rosidl_typesupport_introspection_c.dir/rosidl_typesupport_introspection_c/complex_msgs/msg/detail/nested_msg_test__type_support.c.o[0m
[ 51%] [32mBuilding CXX object CMakeFiles/complex_msgs__rosidl_typesupport_cpp.dir/rosidl_typesupport_cpp/complex_msgs/msg/nested_msg_test__type_support.cpp.o[0m
[ 53%] [32mBuilding CXX object CMakeFiles/complex_msgs__rosidl_typesupport_fastrtps_cpp.dir/rosidl_typesupport_fastrtps_cpp/complex_msgs/msg/detail/dds_fastrtps/nested_msg_test__type_support.cpp.o[0m
[ 55%] [32m[1mLinking C shared library libcomplex_msgs__rosidl_typesupport_microxrcedds_c.so[0m
[ 57%] [32m[1mLinking C shared library libcomplex_msgs__rosidl_typesupport_introspection_c.so[0m
[ 59%] [32mBuilding CXX object CMakeFiles/complex_msgs__rosidl_typesupport_microxrcedds_cpp.dir/rosidl_typesupport_microxrcedds_cpp/complex_msgs/msg/detail/microxrcedds/nested_msg_test__type_support_cpp.cpp.o[0m
[ 59%] Built target complex_msgs__rosidl_typesupport_introspection_c
[ 59%] Built target complex_msgs__rosidl_typesupport_microxrcedds_c
[ 61%] [32m[1mLinking CXX shared library libcomplex_msgs__rosidl_typesupport_introspection_cpp.so[0m
[ 61%] Built target complex_msgs__rosidl_typesupport_introspection_cpp
[ 63%] [32m[1mLinking CXX shared library libcomplex_msgs__rosidl_typesupport_microxrcedds_cpp.so[0m
[ 65%] [32m[1mLinking CXX shared library libcomplex_msgs__rosidl_typesupport_cpp.so[0m
[ 65%] Built target complex_msgs__rosidl_typesupport_cpp
[ 65%] Built target complex_msgs__rosidl_typesupport_microxrcedds_cpp
[ 67%] [32m[1mLinking CXX shared library libcomplex_msgs__rosidl_typesupport_fastrtps_cpp.so[0m
[ 67%] Built target complex_msgs__rosidl_typesupport_fastrtps_cpp
[ 69%] [34m[1mGenerating C type support for eProsima Fast-RTPS[0m
[35m[1mScanning dependencies of target complex_msgs__rosidl_typesupport_fastrtps_c[0m
[ 71%] [32mBuilding CXX object CMakeFiles/complex_msgs__rosidl_typesupport_fastrtps_c.dir/rosidl_typesupport_fastrtps_c/complex_msgs/msg/detail/multi_string_test__type_support_c.cpp.o[0m
[ 73%] [32mBuilding CXX object CMakeFiles/complex_msgs__rosidl_typesupport_fastrtps_c.dir/rosidl_typesupport_fastrtps_c/complex_msgs/msg/detail/nested_msg_test__type_support_c.cpp.o[0m
[ 75%] [32m[1mLinking CXX shared library libcomplex_msgs__rosidl_typesupport_fastrtps_c.so[0m
[ 75%] Built target complex_msgs__rosidl_typesupport_fastrtps_c
[35m[1mScanning dependencies of target complex_msgs[0m
[ 75%] Built target complex_msgs
[35m[1mScanning dependencies of target complex_msgs__py[0m
[ 77%] [34m[1mGenerating Python code for ROS interfaces[0m
[ 77%] Built target complex_msgs__py
[35m[1mScanning dependencies of target complex_msgs__python[0m
[ 79%] [32mBuilding C object CMakeFiles/complex_msgs__python.dir/rosidl_generator_py/complex_msgs/msg/_multi_string_test_s.c.o[0m
[ 81%] [32mBuilding C object CMakeFiles/complex_msgs__python.dir/rosidl_generator_py/complex_msgs/msg/_nested_msg_test_s.c.o[0m
[ 83%] [32m[1mLinking C shared library rosidl_generator_py/complex_msgs/libcomplex_msgs__python.so[0m
[ 83%] Built target complex_msgs__python
[35m[1mScanning dependencies of target complex_msgs__rosidl_typesupport_c__pyext[0m
[ 85%] [32mBuilding C object CMakeFiles/complex_msgs__rosidl_typesupport_c__pyext.dir/rosidl_generator_py/complex_msgs/_complex_msgs_s.ep.rosidl_typesupport_c.c.o[0m
[ 87%] [32m[1mLinking C shared library rosidl_generator_py/complex_msgs/complex_msgs_s__rosidl_typesupport_c.cpython-38-x86_64-linux-gnu.so[0m
[ 87%] Built target complex_msgs__rosidl_typesupport_c__pyext
[35m[1mScanning dependencies of target complex_msgs__rosidl_typesupport_microxrcedds_c__pyext[0m
[ 89%] [32mBuilding C object CMakeFiles/complex_msgs__rosidl_typesupport_microxrcedds_c__pyext.dir/rosidl_generator_py/complex_msgs/_complex_msgs_s.ep.rosidl_typesupport_microxrcedds_c.c.o[0m
[ 91%] [32m[1mLinking C shared library rosidl_generator_py/complex_msgs/complex_msgs_s__rosidl_typesupport_microxrcedds_c.cpython-38-x86_64-linux-gnu.so[0m
[ 91%] Built target complex_msgs__rosidl_typesupport_microxrcedds_c__pyext
[35m[1mScanning dependencies of target complex_msgs__rosidl_typesupport_fastrtps_c__pyext[0m
[ 93%] [32mBuilding C object CMakeFiles/complex_msgs__rosidl_typesupport_fastrtps_c__pyext.dir/rosidl_generator_py/complex_msgs/_complex_msgs_s.ep.rosidl_typesupport_fastrtps_c.c.o[0m
[ 95%] [32m[1mLinking CXX shared library rosidl_generator_py/complex_msgs/complex_msgs_s__rosidl_typesupport_fastrtps_c.cpython-38-x86_64-linux-gnu.so[0m
[ 95%] Built target complex_msgs__rosidl_typesupport_fastrtps_c__pyext
[35m[1mScanning dependencies of target complex_msgs__rosidl_typesupport_introspection_c__pyext[0m
[ 97%] [32mBuilding C object CMakeFiles/complex_msgs__rosidl_typesupport_introspection_c__pyext.dir/rosidl_generator_py/complex_msgs/_complex_msgs_s.ep.rosidl_typesupport_introspection_c.c.o[0m
[100%] [32m[1mLinking C shared library rosidl_generator_py/complex_msgs/complex_msgs_s__rosidl_typesupport_introspection_c.cpython-38-x86_64-linux-gnu.so[0m
[100%] Built target complex_msgs__rosidl_typesupport_introspection_c__pyext
-- Install configuration: ""
-- Installing: /home/devpc/Desktop/microros_ws/install/complex_msgs/share/ament_index/resource_index/rosidl_interfaces/complex_msgs
-- Installing: /home/devpc/Desktop/microros_ws/install/complex_msgs/include/complex_msgs
-- Installing: /home/devpc/Desktop/microros_ws/install/complex_msgs/include/complex_msgs/msg
-- Installing: /home/devpc/Desktop/microros_ws/install/complex_msgs/include/complex_msgs/msg/detail
-- Installing: /home/devpc/Desktop/microros_ws/install/complex_msgs/include/complex_msgs/msg/detail/nested_msg_test__functions.c
-- Installing: /home/devpc/Desktop/microros_ws/install/complex_msgs/include/complex_msgs/msg/detail/multi_string_test__type_support.h
-- Installing: /home/devpc/Desktop/microros_ws/install/complex_msgs/include/complex_msgs/msg/detail/nested_msg_test__struct.h
-- Installing: /home/devpc/Desktop/microros_ws/install/complex_msgs/include/complex_msgs/msg/detail/nested_msg_test__functions.h
-- Installing: /home/devpc/Desktop/microros_ws/install/complex_msgs/include/complex_msgs/msg/detail/nested_msg_test__type_support.h
-- Installing: /home/devpc/Desktop/microros_ws/install/complex_msgs/include/complex_msgs/msg/detail/multi_string_test__functions.h
-- Installing: /home/devpc/Desktop/microros_ws/install/complex_msgs/include/complex_msgs/msg/detail/multi_string_test__struct.h
-- Installing: /home/devpc/Desktop/microros_ws/install/complex_msgs/include/complex_msgs/msg/detail/multi_string_test__functions.c
-- Installing: /home/devpc/Desktop/microros_ws/install/complex_msgs/include/complex_msgs/msg/nested_msg_test.h
-- Installing: /home/devpc/Desktop/microros_ws/install/complex_msgs/include/complex_msgs/msg/multi_string_test.h
-- Installing: /home/devpc/Desktop/microros_ws/install/complex_msgs/include/complex_msgs/msg/rosidl_generator_c__visibility_control.h
-- Installing: /home/devpc/Desktop/microros_ws/install/complex_msgs/share/complex_msgs/environment/library_path.sh
-- Installing: /home/devpc/Desktop/microros_ws/install/complex_msgs/share/complex_msgs/environment/library_path.dsv
-- Installing: /home/devpc/Desktop/microros_ws/install/complex_msgs/lib/libcomplex_msgs__rosidl_generator_c.so
-- Set runtime path of "/home/devpc/Desktop/microros_ws/install/complex_msgs/lib/libcomplex_msgs__rosidl_generator_c.so" to ""
-- Up-to-date: /home/devpc/Desktop/microros_ws/install/complex_msgs/include/complex_msgs
-- Up-to-date: /home/devpc/Desktop/microros_ws/install/complex_msgs/include/complex_msgs/msg
-- Up-to-date: /home/devpc/Desktop/microros_ws/install/complex_msgs/include/complex_msgs/msg/detail
-- Installing: /home/devpc/Desktop/microros_ws/install/complex_msgs/include/complex_msgs/msg/detail/multi_string_test__rosidl_typesupport_microxrcedds_c.h
-- Installing: /home/devpc/Desktop/microros_ws/install/complex_msgs/include/complex_msgs/msg/detail/nested_msg_test__rosidl_typesupport_microxrcedds_c.h
-- Installing: /home/devpc/Desktop/microros_ws/install/complex_msgs/include/complex_msgs/msg/detail/microxrcedds
-- Installing: /home/devpc/Desktop/microros_ws/install/complex_msgs/include/complex_msgs/msg/rosidl_typesupport_microxrcedds_c__visibility_control.h
-- Installing: /home/devpc/Desktop/microros_ws/install/complex_msgs/lib/libcomplex_msgs__rosidl_typesupport_microxrcedds_c.so
-- Set runtime path of "/home/devpc/Desktop/microros_ws/install/complex_msgs/lib/libcomplex_msgs__rosidl_typesupport_microxrcedds_c.so" to ""
-- Up-to-date: /home/devpc/Desktop/microros_ws/install/complex_msgs/include/complex_msgs
-- Up-to-date: /home/devpc/Desktop/microros_ws/install/complex_msgs/include/complex_msgs/msg
-- Up-to-date: /home/devpc/Desktop/microros_ws/install/complex_msgs/include/complex_msgs/msg/detail
-- Installing: /home/devpc/Desktop/microros_ws/install/complex_msgs/include/complex_msgs/msg/detail/multi_string_test__rosidl_typesupport_fastrtps_c.h
-- Installing: /home/devpc/Desktop/microros_ws/install/complex_msgs/include/complex_msgs/msg/detail/nested_msg_test__rosidl_typesupport_fastrtps_c.h
-- Installing: /home/devpc/Desktop/microros_ws/install/complex_msgs/include/complex_msgs/msg/rosidl_typesupport_fastrtps_c__visibility_control.h
-- Installing: /home/devpc/Desktop/microros_ws/install/complex_msgs/lib/libcomplex_msgs__rosidl_typesupport_fastrtps_c.so
-- Set runtime path of "/home/devpc/Desktop/microros_ws/install/complex_msgs/lib/libcomplex_msgs__rosidl_typesupport_fastrtps_c.so" to ""
-- Up-to-date: /home/devpc/Desktop/microros_ws/install/complex_msgs/include/complex_msgs
-- Up-to-date: /home/devpc/Desktop/microros_ws/install/complex_msgs/include/complex_msgs/msg
-- Up-to-date: /home/devpc/Desktop/microros_ws/install/complex_msgs/include/complex_msgs/msg/detail
-- Installing: /home/devpc/Desktop/microros_ws/install/complex_msgs/include/complex_msgs/msg/detail/multi_string_test__rosidl_typesupport_fastrtps_cpp.hpp
-- Installing: /home/devpc/Desktop/microros_ws/install/complex_msgs/include/complex_msgs/msg/detail/nested_msg_test__rosidl_typesupport_fastrtps_cpp.hpp
-- Installing: /home/devpc/Desktop/microros_ws/install/complex_msgs/include/complex_msgs/msg/detail/dds_fastrtps
-- Installing: /home/devpc/Desktop/microros_ws/install/complex_msgs/include/complex_msgs/msg/rosidl_typesupport_fastrtps_cpp__visibility_control.h
-- Installing: /home/devpc/Desktop/microros_ws/install/complex_msgs/lib/libcomplex_msgs__rosidl_typesupport_fastrtps_cpp.so
-- Set runtime path of "/home/devpc/Desktop/microros_ws/install/complex_msgs/lib/libcomplex_msgs__rosidl_typesupport_fastrtps_cpp.so" to ""
-- Up-to-date: /home/devpc/Desktop/microros_ws/install/complex_msgs/include/complex_msgs
-- Up-to-date: /home/devpc/Desktop/microros_ws/install/complex_msgs/include/complex_msgs/msg
-- Up-to-date: /home/devpc/Desktop/microros_ws/install/complex_msgs/include/complex_msgs/msg/detail
-- Installing: /home/devpc/Desktop/microros_ws/install/complex_msgs/include/complex_msgs/msg/detail/nested_msg_test__type_support.c
-- Installing: /home/devpc/Desktop/microros_ws/install/complex_msgs/include/complex_msgs/msg/detail/nested_msg_test__rosidl_typesupport_introspection_c.h
-- Installing: /home/devpc/Desktop/microros_ws/install/complex_msgs/include/complex_msgs/msg/detail/multi_string_test__rosidl_typesupport_introspection_c.h
-- Installing: /home/devpc/Desktop/microros_ws/install/complex_msgs/include/complex_msgs/msg/detail/multi_string_test__type_support.c
-- Installing: /home/devpc/Desktop/microros_ws/install/complex_msgs/include/complex_msgs/msg/rosidl_typesupport_introspection_c__visibility_control.h
-- Installing: /home/devpc/Desktop/microros_ws/install/complex_msgs/lib/libcomplex_msgs__rosidl_typesupport_introspection_c.so
-- Set runtime path of "/home/devpc/Desktop/microros_ws/install/complex_msgs/lib/libcomplex_msgs__rosidl_typesupport_introspection_c.so" to ""
-- Installing: /home/devpc/Desktop/microros_ws/install/complex_msgs/lib/libcomplex_msgs__rosidl_typesupport_c.so
-- Set runtime path of "/home/devpc/Desktop/microros_ws/install/complex_msgs/lib/libcomplex_msgs__rosidl_typesupport_c.so" to ""
-- Up-to-date: /home/devpc/Desktop/microros_ws/install/complex_msgs/include/complex_msgs
-- Up-to-date: /home/devpc/Desktop/microros_ws/install/complex_msgs/include/complex_msgs/msg
-- Installing: /home/devpc/Desktop/microros_ws/install/complex_msgs/include/complex_msgs/msg/nested_msg_test.hpp
-- Up-to-date: /home/devpc/Desktop/microros_ws/install/complex_msgs/include/complex_msgs/msg/detail
-- Installing: /home/devpc/Desktop/microros_ws/install/complex_msgs/include/complex_msgs/msg/detail/nested_msg_test__builder.hpp
-- Installing: /home/devpc/Desktop/microros_ws/install/complex_msgs/include/complex_msgs/msg/detail/multi_string_test__builder.hpp
-- Installing: /home/devpc/Desktop/microros_ws/install/complex_msgs/include/complex_msgs/msg/detail/nested_msg_test__struct.hpp
-- Installing: /home/devpc/Desktop/microros_ws/install/complex_msgs/include/complex_msgs/msg/detail/multi_string_test__traits.hpp
-- Installing: /home/devpc/Desktop/microros_ws/install/complex_msgs/include/complex_msgs/msg/detail/nested_msg_test__traits.hpp
-- Installing: /home/devpc/Desktop/microros_ws/install/complex_msgs/include/complex_msgs/msg/detail/multi_string_test__struct.hpp
-- Installing: /home/devpc/Desktop/microros_ws/install/complex_msgs/include/complex_msgs/msg/multi_string_test.hpp
-- Up-to-date: /home/devpc/Desktop/microros_ws/install/complex_msgs/include/complex_msgs
-- Up-to-date: /home/devpc/Desktop/microros_ws/install/complex_msgs/include/complex_msgs/msg
-- Up-to-date: /home/devpc/Desktop/microros_ws/install/complex_msgs/include/complex_msgs/msg/detail
-- Installing: /home/devpc/Desktop/microros_ws/install/complex_msgs/include/complex_msgs/msg/detail/nested_msg_test__rosidl_typesupport_microxrcedds_cpp.hpp
-- Installing: /home/devpc/Desktop/microros_ws/install/complex_msgs/include/complex_msgs/msg/detail/multi_string_test__rosidl_typesupport_microxrcedds_cpp.hpp
-- Up-to-date: /home/devpc/Desktop/microros_ws/install/complex_msgs/include/complex_msgs/msg/detail/microxrcedds
-- Installing: /home/devpc/Desktop/microros_ws/install/complex_msgs/include/complex_msgs/msg/detail/microxrcedds/nested_msg_test__type_support_cpp.cpp
-- Installing: /home/devpc/Desktop/microros_ws/install/complex_msgs/include/complex_msgs/msg/detail/microxrcedds/multi_string_test__type_support_cpp.cpp
-- Installing: /home/devpc/Desktop/microros_ws/install/complex_msgs/include/complex_msgs/msg/rosidl_typesupport_microxrcedds_cpp__visibility_control.h
-- Installing: /home/devpc/Desktop/microros_ws/install/complex_msgs/lib/libcomplex_msgs__rosidl_typesupport_microxrcedds_cpp.so
-- Set runtime path of "/home/devpc/Desktop/microros_ws/install/complex_msgs/lib/libcomplex_msgs__rosidl_typesupport_microxrcedds_cpp.so" to ""
-- Up-to-date: /home/devpc/Desktop/microros_ws/install/complex_msgs/include/complex_msgs
-- Up-to-date: /home/devpc/Desktop/microros_ws/install/complex_msgs/include/complex_msgs/msg
-- Up-to-date: /home/devpc/Desktop/microros_ws/install/complex_msgs/include/complex_msgs/msg/detail
-- Installing: /home/devpc/Desktop/microros_ws/install/complex_msgs/include/complex_msgs/msg/detail/multi_string_test__type_support.cpp
-- Installing: /home/devpc/Desktop/microros_ws/install/complex_msgs/include/complex_msgs/msg/detail/nested_msg_test__type_support.cpp
-- Installing: /home/devpc/Desktop/microros_ws/install/complex_msgs/include/complex_msgs/msg/detail/nested_msg_test__rosidl_typesupport_introspection_cpp.hpp
-- Installing: /home/devpc/Desktop/microros_ws/install/complex_msgs/include/complex_msgs/msg/detail/multi_string_test__rosidl_typesupport_introspection_cpp.hpp
-- Installing: /home/devpc/Desktop/microros_ws/install/complex_msgs/lib/libcomplex_msgs__rosidl_typesupport_introspection_cpp.so
-- Set runtime path of "/home/devpc/Desktop/microros_ws/install/complex_msgs/lib/libcomplex_msgs__rosidl_typesupport_introspection_cpp.so" to ""
-- Installing: /home/devpc/Desktop/microros_ws/install/complex_msgs/lib/libcomplex_msgs__rosidl_typesupport_cpp.so
-- Set runtime path of "/home/devpc/Desktop/microros_ws/install/complex_msgs/lib/libcomplex_msgs__rosidl_typesupport_cpp.so" to ""
-- Installing: /home/devpc/Desktop/microros_ws/install/complex_msgs/share/complex_msgs/environment/pythonpath.sh
-- Installing: /home/devpc/Desktop/microros_ws/install/complex_msgs/share/complex_msgs/environment/pythonpath.dsv
-- Installing: /home/devpc/Desktop/microros_ws/install/complex_msgs/lib/python3.8/site-packages/complex_msgs/__init__.py
Compiling '/home/devpc/Desktop/microros_ws/install/complex_msgs/lib/python3.8/site-packages/complex_msgs/__init__.py'...
-- Installing: /home/devpc/Desktop/microros_ws/install/complex_msgs/lib/python3.8/site-packages/complex_msgs/msg
-- Installing: /home/devpc/Desktop/microros_ws/install/complex_msgs/lib/python3.8/site-packages/complex_msgs/msg/_nested_msg_test_s.c
-- Installing: /home/devpc/Desktop/microros_ws/install/complex_msgs/lib/python3.8/site-packages/complex_msgs/msg/_multi_string_test_s.c
-- Installing: /home/devpc/Desktop/microros_ws/install/complex_msgs/lib/python3.8/site-packages/complex_msgs/msg/__init__.py
-- Installing: /home/devpc/Desktop/microros_ws/install/complex_msgs/lib/python3.8/site-packages/complex_msgs/msg/_multi_string_test.py
-- Installing: /home/devpc/Desktop/microros_ws/install/complex_msgs/lib/python3.8/site-packages/complex_msgs/msg/_nested_msg_test.py
-- Installing: /home/devpc/Desktop/microros_ws/install/complex_msgs/lib/python3.8/site-packages/complex_msgs/complex_msgs_s__rosidl_typesupport_microxrcedds_c.cpython-38-x86_64-linux-gnu.so
-- Set runtime path of "/home/devpc/Desktop/microros_ws/install/complex_msgs/lib/python3.8/site-packages/complex_msgs/complex_msgs_s__rosidl_typesupport_microxrcedds_c.cpython-38-x86_64-linux-gnu.so" to ""
-- Installing: /home/devpc/Desktop/microros_ws/install/complex_msgs/lib/python3.8/site-packages/complex_msgs/complex_msgs_s__rosidl_typesupport_fastrtps_c.cpython-38-x86_64-linux-gnu.so
-- Set runtime path of "/home/devpc/Desktop/microros_ws/install/complex_msgs/lib/python3.8/site-packages/complex_msgs/complex_msgs_s__rosidl_typesupport_fastrtps_c.cpython-38-x86_64-linux-gnu.so" to ""
-- Installing: /home/devpc/Desktop/microros_ws/install/complex_msgs/lib/python3.8/site-packages/complex_msgs/complex_msgs_s__rosidl_typesupport_introspection_c.cpython-38-x86_64-linux-gnu.so
-- Set runtime path of "/home/devpc/Desktop/microros_ws/install/complex_msgs/lib/python3.8/site-packages/complex_msgs/complex_msgs_s__rosidl_typesupport_introspection_c.cpython-38-x86_64-linux-gnu.so" to ""
-- Installing: /home/devpc/Desktop/microros_ws/install/complex_msgs/lib/python3.8/site-packages/complex_msgs/complex_msgs_s__rosidl_typesupport_c.cpython-38-x86_64-linux-gnu.so
-- Set runtime path of "/home/devpc/Desktop/microros_ws/install/complex_msgs/lib/python3.8/site-packages/complex_msgs/complex_msgs_s__rosidl_typesupport_c.cpython-38-x86_64-linux-gnu.so" to ""
-- Installing: /home/devpc/Desktop/microros_ws/install/complex_msgs/lib/libcomplex_msgs__python.so
-- Set runtime path of "/home/devpc/Desktop/microros_ws/install/complex_msgs/lib/libcomplex_msgs__python.so" to ""
-- Installing: /home/devpc/Desktop/microros_ws/install/complex_msgs/share/complex_msgs/msg/MultiStringTest.idl
-- Installing: /home/devpc/Desktop/microros_ws/install/complex_msgs/share/complex_msgs/msg/NestedMsgTest.idl
-- Installing: /home/devpc/Desktop/microros_ws/install/complex_msgs/share/complex_msgs/msg/MultiStringTest.msg
-- Installing: /home/devpc/Desktop/microros_ws/install/complex_msgs/share/complex_msgs/msg/NestedMsgTest.msg
-- Installing: /home/devpc/Desktop/microros_ws/install/complex_msgs/share/ament_index/resource_index/package_run_dependencies/complex_msgs
-- Installing: /home/devpc/Desktop/microros_ws/install/complex_msgs/share/ament_index/resource_index/parent_prefix_path/complex_msgs
-- Installing: /home/devpc/Desktop/microros_ws/install/complex_msgs/share/complex_msgs/environment/ament_prefix_path.sh
-- Installing: /home/devpc/Desktop/microros_ws/install/complex_msgs/share/complex_msgs/environment/ament_prefix_path.dsv
-- Installing: /home/devpc/Desktop/microros_ws/install/complex_msgs/share/complex_msgs/environment/path.sh
-- Installing: /home/devpc/Desktop/microros_ws/install/complex_msgs/share/complex_msgs/environment/path.dsv
-- Installing: /home/devpc/Desktop/microros_ws/install/complex_msgs/share/complex_msgs/local_setup.bash
-- Installing: /home/devpc/Desktop/microros_ws/install/complex_msgs/share/complex_msgs/local_setup.sh
-- Installing: /home/devpc/Desktop/microros_ws/install/complex_msgs/share/complex_msgs/local_setup.zsh
-- Installing: /home/devpc/Desktop/microros_ws/install/complex_msgs/share/complex_msgs/local_setup.dsv
-- Installing: /home/devpc/Desktop/microros_ws/install/complex_msgs/share/complex_msgs/package.dsv
-- Installing: /home/devpc/Desktop/microros_ws/install/complex_msgs/share/ament_index/resource_index/packages/complex_msgs
-- Installing: /home/devpc/Desktop/microros_ws/install/complex_msgs/share/complex_msgs/cmake/complex_msgs__rosidl_generator_cExport.cmake
-- Installing: /home/devpc/Desktop/microros_ws/install/complex_msgs/share/complex_msgs/cmake/complex_msgs__rosidl_generator_cExport-noconfig.cmake
-- Installing: /home/devpc/Desktop/microros_ws/install/complex_msgs/share/complex_msgs/cmake/complex_msgs__rosidl_typesupport_introspection_cExport.cmake
-- Installing: /home/devpc/Desktop/microros_ws/install/complex_msgs/share/complex_msgs/cmake/complex_msgs__rosidl_typesupport_introspection_cExport-noconfig.cmake
-- Installing: /home/devpc/Desktop/microros_ws/install/complex_msgs/share/complex_msgs/cmake/complex_msgs__rosidl_typesupport_cExport.cmake
-- Installing: /home/devpc/Desktop/microros_ws/install/complex_msgs/share/complex_msgs/cmake/complex_msgs__rosidl_typesupport_cExport-noconfig.cmake
-- Installing: /home/devpc/Desktop/microros_ws/install/complex_msgs/share/complex_msgs/cmake/complex_msgs__rosidl_generator_cppExport.cmake
-- Installing: /home/devpc/Desktop/microros_ws/install/complex_msgs/share/complex_msgs/cmake/complex_msgs__rosidl_typesupport_introspection_cppExport.cmake
-- Installing: /home/devpc/Desktop/microros_ws/install/complex_msgs/share/complex_msgs/cmake/complex_msgs__rosidl_typesupport_introspection_cppExport-noconfig.cmake
-- Installing: /home/devpc/Desktop/microros_ws/install/complex_msgs/share/complex_msgs/cmake/complex_msgs__rosidl_typesupport_cppExport.cmake
-- Installing: /home/devpc/Desktop/microros_ws/install/complex_msgs/share/complex_msgs/cmake/complex_msgs__rosidl_typesupport_cppExport-noconfig.cmake
-- Installing: /home/devpc/Desktop/microros_ws/install/complex_msgs/share/complex_msgs/cmake/rosidl_cmake-extras.cmake
-- Installing: /home/devpc/Desktop/microros_ws/install/complex_msgs/share/complex_msgs/cmake/ament_cmake_export_dependencies-extras.cmake
-- Installing: /home/devpc/Desktop/microros_ws/install/complex_msgs/share/complex_msgs/cmake/ament_cmake_export_libraries-extras.cmake
-- Installing: /home/devpc/Desktop/microros_ws/install/complex_msgs/share/complex_msgs/cmake/ament_cmake_export_targets-extras.cmake
-- Installing: /home/devpc/Desktop/microros_ws/install/complex_msgs/share/complex_msgs/cmake/ament_cmake_export_include_directories-extras.cmake
-- Installing: /home/devpc/Desktop/microros_ws/install/complex_msgs/share/complex_msgs/cmake/rosidl_cmake_export_typesupport_libraries-extras.cmake
-- Installing: /home/devpc/Desktop/microros_ws/install/complex_msgs/share/complex_msgs/cmake/rosidl_cmake_export_typesupport_targets-extras.cmake
-- Installing: /home/devpc/Desktop/microros_ws/install/complex_msgs/share/complex_msgs/cmake/complex_msgsConfig.cmake
-- Installing: /home/devpc/Desktop/microros_ws/install/complex_msgs/share/complex_msgs/cmake/complex_msgsConfig-version.cmake
-- Installing: /home/devpc/Desktop/microros_ws/install/complex_msgs/share/complex_msgs/package.xml
