[0.814s] Invoking command in '/home/devpc/Desktop/quad_ws/src/teleop': PYTHONPATH=/home/devpc/Desktop/quad_ws/install/teleop/lib/python3.8/site-packages:${PYTHONPATH} /usr/bin/python3 setup.py egg_info --egg-base ../../build/teleop build --build-base /home/devpc/Desktop/quad_ws/build/teleop/build install --prefix /home/devpc/Desktop/quad_ws/install/teleop --record /home/devpc/Desktop/quad_ws/build/teleop/install.log --single-version-externally-managed
[1.144s] running egg_info
[1.144s] writing ../../build/teleop/teleop.egg-info/PKG-INFO
[1.145s] writing dependency_links to ../../build/teleop/teleop.egg-info/dependency_links.txt
[1.145s] writing entry points to ../../build/teleop/teleop.egg-info/entry_points.txt
[1.145s] writing requirements to ../../build/teleop/teleop.egg-info/requires.txt
[1.145s] writing top-level names to ../../build/teleop/teleop.egg-info/top_level.txt
[1.189s] reading manifest file '../../build/teleop/teleop.egg-info/SOURCES.txt'
[1.190s] writing manifest file '../../build/teleop/teleop.egg-info/SOURCES.txt'
[1.190s] running build
[1.190s] running build_py
[1.190s] running install
[1.191s] running install_lib
[1.193s] running install_data
[1.193s] running install_egg_info
[1.195s] removing '/home/devpc/Desktop/quad_ws/install/teleop/lib/python3.8/site-packages/teleop-0.0.0-py3.8.egg-info' (and everything under it)
[1.195s] Copying ../../build/teleop/teleop.egg-info to /home/devpc/Desktop/quad_ws/install/teleop/lib/python3.8/site-packages/teleop-0.0.0-py3.8.egg-info
[1.196s] running install_scripts
[1.216s] Installing teleop script to /home/devpc/Desktop/quad_ws/install/teleop/lib/teleop
[1.216s] writing list of installed files to '/home/devpc/Desktop/quad_ws/build/teleop/install.log'
