[0.258s] Invoking command in '/home/devpc/Desktop/quad_ws/src/joystick_ros2': PYTHONPATH=/home/devpc/Desktop/quad_ws/install/joystick_ros2/lib/python3.8/site-packages:${PYTHONPATH} /usr/bin/python3 setup.py egg_info --egg-base ../../build/joystick_ros2 build --build-base /home/devpc/Desktop/quad_ws/build/joystick_ros2/build install --prefix /home/devpc/Desktop/quad_ws/install/joystick_ros2 --record /home/devpc/Desktop/quad_ws/build/joystick_ros2/install.log --single-version-externally-managed
[0.471s] running egg_info
[0.472s] writing ../../build/joystick_ros2/joystick_ros2.egg-info/PKG-INFO
[0.472s] writing dependency_links to ../../build/joystick_ros2/joystick_ros2.egg-info/dependency_links.txt
[0.472s] writing entry points to ../../build/joystick_ros2/joystick_ros2.egg-info/entry_points.txt
[0.472s] writing requirements to ../../build/joystick_ros2/joystick_ros2.egg-info/requires.txt
[0.472s] writing top-level names to ../../build/joystick_ros2/joystick_ros2.egg-info/top_level.txt
[0.514s] reading manifest file '../../build/joystick_ros2/joystick_ros2.egg-info/SOURCES.txt'
[0.515s] writing manifest file '../../build/joystick_ros2/joystick_ros2.egg-info/SOURCES.txt'
[0.516s] running build
[0.516s] running build_py
[0.516s] running install
[0.516s] running install_lib
[0.518s] running install_data
[0.518s] running install_egg_info
[0.520s] removing '/home/devpc/Desktop/quad_ws/install/joystick_ros2/lib/python3.8/site-packages/joystick_ros2-0.0.1-py3.8.egg-info' (and everything under it)
[0.520s] Copying ../../build/joystick_ros2/joystick_ros2.egg-info to /home/devpc/Desktop/quad_ws/install/joystick_ros2/lib/python3.8/site-packages/joystick_ros2-0.0.1-py3.8.egg-info
[0.521s] running install_scripts
[0.543s] Installing joystick_ros2 script to /home/devpc/Desktop/quad_ws/install/joystick_ros2/lib/joystick_ros2
[0.544s] writing list of installed files to '/home/devpc/Desktop/quad_ws/build/joystick_ros2/install.log'
[0.561s] Invoked command in '/home/devpc/Desktop/quad_ws/src/joystick_ros2' returned '0': PYTHONPATH=/home/devpc/Desktop/quad_ws/install/joystick_ros2/lib/python3.8/site-packages:${PYTHONPATH} /usr/bin/python3 setup.py egg_info --egg-base ../../build/joystick_ros2 build --build-base /home/devpc/Desktop/quad_ws/build/joystick_ros2/build install --prefix /home/devpc/Desktop/quad_ws/install/joystick_ros2 --record /home/devpc/Desktop/quad_ws/build/joystick_ros2/install.log --single-version-externally-managed
