[0.270s] Invoking command in '/home/devpc/Desktop/quad_ws/src/quad': PYTHONPATH=/home/devpc/Desktop/quad_ws/install/quad/lib/python3.8/site-packages:${PYTHONPATH} /usr/bin/python3 setup.py egg_info --egg-base ../../build/quad build --build-base /home/devpc/Desktop/quad_ws/build/quad/build install --prefix /home/devpc/Desktop/quad_ws/install/quad --record /home/devpc/Desktop/quad_ws/build/quad/install.log --single-version-externally-managed
[0.485s] running egg_info
[0.486s] writing ../../build/quad/quad.egg-info/PKG-INFO
[0.486s] writing dependency_links to ../../build/quad/quad.egg-info/dependency_links.txt
[0.486s] writing entry points to ../../build/quad/quad.egg-info/entry_points.txt
[0.486s] writing requirements to ../../build/quad/quad.egg-info/requires.txt
[0.486s] writing top-level names to ../../build/quad/quad.egg-info/top_level.txt
[0.524s] reading manifest file '../../build/quad/quad.egg-info/SOURCES.txt'
[0.525s] writing manifest file '../../build/quad/quad.egg-info/SOURCES.txt'
[0.525s] running build
[0.525s] running build_py
[0.525s] copying quad/quad_commander.py -> /home/devpc/Desktop/quad_ws/build/quad/build/lib/quad
[0.525s] running install
[0.526s] running install_lib
[0.527s] copying /home/devpc/Desktop/quad_ws/build/quad/build/lib/quad/quad_commander.py -> /home/devpc/Desktop/quad_ws/install/quad/lib/python3.8/site-packages/quad
[0.528s] byte-compiling /home/devpc/Desktop/quad_ws/install/quad/lib/python3.8/site-packages/quad/quad_commander.py to quad_commander.cpython-38.pyc
[0.529s] running install_data
[0.530s] running install_egg_info
[0.531s] removing '/home/devpc/Desktop/quad_ws/install/quad/lib/python3.8/site-packages/quad-0.0.1-py3.8.egg-info' (and everything under it)
[0.531s] Copying ../../build/quad/quad.egg-info to /home/devpc/Desktop/quad_ws/install/quad/lib/python3.8/site-packages/quad-0.0.1-py3.8.egg-info
[0.532s] running install_scripts
[0.548s] Installing motion_servos_calibration script to /home/devpc/Desktop/quad_ws/install/quad/lib/quad
[0.548s] Installing quad script to /home/devpc/Desktop/quad_ws/install/quad/lib/quad
[0.548s] writing list of installed files to '/home/devpc/Desktop/quad_ws/build/quad/install.log'
[0.567s] Invoked command in '/home/devpc/Desktop/quad_ws/src/quad' returned '0': PYTHONPATH=/home/devpc/Desktop/quad_ws/install/quad/lib/python3.8/site-packages:${PYTHONPATH} /usr/bin/python3 setup.py egg_info --egg-base ../../build/quad build --build-base /home/devpc/Desktop/quad_ws/build/quad/build install --prefix /home/devpc/Desktop/quad_ws/install/quad --record /home/devpc/Desktop/quad_ws/build/quad/install.log --single-version-externally-managed
