[0.027s] Invoking command in '/home/devpc/Desktop/microros_ws/build/drive_base_msgs': CMAKE_PREFIX_PATH=/home/devpc/Desktop/microros_ws/install/std_msgs:/home/devpc/Desktop/microros_ws/install/builtin_interfaces:/home/devpc/Desktop/microros_ws/install/common_interfaces:/home/devpc/Desktop/microros_ws/install/visualization_msgs:/home/devpc/Desktop/microros_ws/install/test_msgs:/home/devpc/Desktop/microros_ws/install/micro_ros_demos_rclc:/home/devpc/Desktop/microros_ws/install/example_interfaces:/home/devpc/Desktop/microros_ws/install/action_msgs:/home/devpc/Desktop/microros_ws/install/unique_identifier_msgs:/home/devpc/Desktop/microros_ws/install/trajectory_msgs:/home/devpc/Desktop/microros_ws/install/stereo_msgs:/home/devpc/Desktop/microros_ws/install/std_srvs:/home/devpc/Desktop/microros_ws/install/shape_msgs:/home/devpc/Desktop/microros_ws/install/sensor_msgs:/home/devpc/Desktop/microros_ws/install/nav_msgs:/home/devpc/Desktop/microros_ws/install/diagnostic_msgs:/home/devpc/Desktop/microros_ws/install/geometry_msgs:/home/devpc/Desktop/microros_ws/install/drive_base_msgs:/home/devpc/Desktop/microros_ws/install/actionlib_msgs:/home/devpc/Desktop/microros_ws/install/statistics_msgs:/home/devpc/Desktop/microros_ws/install/rosidl_typesupport_microxrcedds_test_msg:/home/devpc/Desktop/microros_ws/install/rosidl_typesupport_microxrcedds_cpp_tests:/home/devpc/Desktop/microros_ws/install/rmw_microxrcedds:/home/devpc/Desktop/microros_ws/install/rosidl_typesupport_microxrcedds_cpp:/home/devpc/Desktop/microros_ws/install/rosidl_typesupport_microxrcedds_c_tests:/home/devpc/Desktop/microros_ws/install/rosidl_typesupport_microxrcedds_c:/home/devpc/Desktop/microros_ws/install/rosgraph_msgs:/home/devpc/Desktop/microros_ws/install/rclc:/home/devpc/Desktop/microros_ws/install/composition_interfaces:/home/devpc/Desktop/microros_ws/install/rcl_interfaces:/home/devpc/Desktop/microros_ws/install/microxrcedds_client:/home/devpc/Desktop/microros_ws/install/microcdr:/home/devpc/Desktop/microros_ws/install/micro_ros_demos_rclcpp:/home/devpc/Desktop/microros_ws/install/lifecycle_msgs:/home/devpc/Desktop/microros_ws/install/complex_msgs:/home/devpc/Desktop/microros_ws/install/micro_ros_agent:/home/devpc/Desktop/microros_ws/install/microxrcedds_agent:/home/devpc/Desktop/microros_ws/install/micro_ros_setup:/home/devpc/Desktop/microros_ws/install/micro_ros_msgs:/home/devpc/Desktop/quad_ws/install/quad_interfaces:/home/devpc/Desktop/microros_ws/install/sensor_msgs_py:/home/devpc/Desktop/quad_ws/install/quad:/opt/ros/foxy LD_LIBRARY_PATH=/home/devpc/Desktop/microros_ws/install/std_msgs/lib:/home/devpc/Desktop/microros_ws/install/builtin_interfaces/lib:/home/devpc/Desktop/microros_ws/install/visualization_msgs/lib:/home/devpc/Desktop/microros_ws/install/test_msgs/lib:/home/devpc/Desktop/microros_ws/install/example_interfaces/lib:/home/devpc/Desktop/microros_ws/install/action_msgs/lib:/home/devpc/Desktop/microros_ws/install/unique_identifier_msgs/lib:/home/devpc/Desktop/microros_ws/install/trajectory_msgs/lib:/home/devpc/Desktop/microros_ws/install/stereo_msgs/lib:/home/devpc/Desktop/microros_ws/install/std_srvs/lib:/home/devpc/Desktop/microros_ws/install/shape_msgs/lib:/home/devpc/Desktop/microros_ws/install/sensor_msgs/lib:/home/devpc/Desktop/microros_ws/install/nav_msgs/lib:/home/devpc/Desktop/microros_ws/install/diagnostic_msgs/lib:/home/devpc/Desktop/microros_ws/install/geometry_msgs/lib:/home/devpc/Desktop/microros_ws/install/drive_base_msgs/lib:/home/devpc/Desktop/microros_ws/install/actionlib_msgs/lib:/home/devpc/Desktop/microros_ws/install/statistics_msgs/lib:/home/devpc/Desktop/microros_ws/install/rosidl_typesupport_microxrcedds_test_msg/lib:/home/devpc/Desktop/microros_ws/install/rmw_microxrcedds/lib:/home/devpc/Desktop/microros_ws/install/rosidl_typesupport_microxrcedds_cpp/lib:/home/devpc/Desktop/microros_ws/install/rosidl_typesupport_microxrcedds_c/lib:/home/devpc/Desktop/microros_ws/install/rosgraph_msgs/lib:/home/devpc/Desktop/microros_ws/install/rclc/lib:/home/devpc/Desktop/microros_ws/install/composition_interfaces/lib:/home/devpc/Desktop/microros_ws/install/rcl_interfaces/lib:/home/devpc/Desktop/microros_ws/install/microxrcedds_client/lib:/home/devpc/Desktop/microros_ws/install/microcdr/lib:/home/devpc/Desktop/microros_ws/install/lifecycle_msgs/lib:/home/devpc/Desktop/microros_ws/install/complex_msgs/lib:/home/devpc/Desktop/microros_ws/install/microxrcedds_agent/lib:/home/devpc/Desktop/microros_ws/install/micro_ros_msgs/lib:/home/devpc/Desktop/quad_ws/install/quad_interfaces/lib:/opt/ros/foxy/opt/yaml_cpp_vendor/lib:/opt/ros/foxy/opt/rviz_ogre_vendor/lib:/opt/ros/foxy/lib/x86_64-linux-gnu:/opt/ros/foxy/lib PYTHONPATH=/home/devpc/Desktop/microros_ws/install/std_msgs/lib/python3.8/site-packages:/home/devpc/Desktop/microros_ws/install/builtin_interfaces/lib/python3.8/site-packages:/home/devpc/Desktop/microros_ws/install/visualization_msgs/lib/python3.8/site-packages:/home/devpc/Desktop/microros_ws/install/test_msgs/lib/python3.8/site-packages:/home/devpc/Desktop/microros_ws/install/example_interfaces/lib/python3.8/site-packages:/home/devpc/Desktop/microros_ws/install/action_msgs/lib/python3.8/site-packages:/home/devpc/Desktop/microros_ws/install/unique_identifier_msgs/lib/python3.8/site-packages:/home/devpc/Desktop/microros_ws/install/trajectory_msgs/lib/python3.8/site-packages:/home/devpc/Desktop/microros_ws/install/stereo_msgs/lib/python3.8/site-packages:/home/devpc/Desktop/microros_ws/install/std_srvs/lib/python3.8/site-packages:/home/devpc/Desktop/microros_ws/install/shape_msgs/lib/python3.8/site-packages:/home/devpc/Desktop/microros_ws/install/sensor_msgs_py/lib/python3.8/site-packages:/home/devpc/Desktop/microros_ws/install/sensor_msgs/lib/python3.8/site-packages:/home/devpc/Desktop/microros_ws/install/nav_msgs/lib/python3.8/site-packages:/home/devpc/Desktop/microros_ws/install/diagnostic_msgs/lib/python3.8/site-packages:/home/devpc/Desktop/microros_ws/install/geometry_msgs/lib/python3.8/site-packages:/home/devpc/Desktop/microros_ws/install/drive_base_msgs/lib/python3.8/site-packages:/home/devpc/Desktop/microros_ws/install/actionlib_msgs/lib/python3.8/site-packages:/home/devpc/Desktop/microros_ws/install/statistics_msgs/lib/python3.8/site-packages:/home/devpc/Desktop/microros_ws/install/rosidl_typesupport_microxrcedds_test_msg/lib/python3.8/site-packages:/home/devpc/Desktop/microros_ws/install/rosidl_typesupport_microxrcedds_cpp/lib/python3.8/site-packages:/home/devpc/Desktop/microros_ws/install/rosidl_typesupport_microxrcedds_c/lib/python3.8/site-packages:/home/devpc/Desktop/microros_ws/install/rosgraph_msgs/lib/python3.8/site-packages:/home/devpc/Desktop/microros_ws/install/composition_interfaces/lib/python3.8/site-packages:/home/devpc/Desktop/microros_ws/install/rcl_interfaces/lib/python3.8/site-packages:/home/devpc/Desktop/microros_ws/install/lifecycle_msgs/lib/python3.8/site-packages:/home/devpc/Desktop/microros_ws/install/complex_msgs/lib/python3.8/site-packages:/home/devpc/Desktop/microros_ws/install/micro_ros_msgs/lib/python3.8/site-packages:/home/devpc/Desktop/quad_ws/install/quad_interfaces/lib/python3.8/site-packages:/home/devpc/Desktop/quad_ws/install/quad/lib/python3.8/site-packages:/opt/ros/foxy/lib/python3.8/site-packages /usr/bin/cmake --build /home/devpc/Desktop/microros_ws/build/drive_base_msgs -- -j8 -l8
[0.106s] [  8%] Built target drive_base_msgs__rosidl_generator_c
[0.107s] [ 10%] Built target drive_base_msgs__cpp
[0.161s] [ 18%] Built target drive_base_msgs__rosidl_typesupport_introspection_c
[0.173s] [ 27%] Built target drive_base_msgs__rosidl_typesupport_microxrcedds_c
[0.175s] [ 36%] Built target drive_base_msgs__rosidl_typesupport_c
[0.189s] [ 44%] Built target drive_base_msgs__rosidl_typesupport_microxrcedds_cpp
[0.218s] [ 53%] Built target drive_base_msgs__rosidl_typesupport_introspection_cpp
[0.237s] [ 62%] Built target drive_base_msgs__rosidl_typesupport_fastrtps_cpp
[0.247s] [ 71%] Built target drive_base_msgs__rosidl_typesupport_cpp
[0.275s] [ 79%] Built target drive_base_msgs__rosidl_typesupport_fastrtps_c
[0.300s] [ 79%] Built target drive_base_msgs
[0.328s] [ 81%] Built target drive_base_msgs__py
[0.366s] [ 88%] Built target drive_base_msgs__python
[0.409s] [ 91%] Built target drive_base_msgs__rosidl_typesupport_fastrtps_c__pyext
[0.416s] [ 94%] Built target drive_base_msgs__rosidl_typesupport_c__pyext
[0.416s] [ 97%] Built target drive_base_msgs__rosidl_typesupport_introspection_c__pyext
[0.417s] [100%] Built target drive_base_msgs__rosidl_typesupport_microxrcedds_c__pyext
[0.433s] Invoked command in '/home/devpc/Desktop/microros_ws/build/drive_base_msgs' returned '0': CMAKE_PREFIX_PATH=/home/devpc/Desktop/microros_ws/install/std_msgs:/home/devpc/Desktop/microros_ws/install/builtin_interfaces:/home/devpc/Desktop/microros_ws/install/common_interfaces:/home/devpc/Desktop/microros_ws/install/visualization_msgs:/home/devpc/Desktop/microros_ws/install/test_msgs:/home/devpc/Desktop/microros_ws/install/micro_ros_demos_rclc:/home/devpc/Desktop/microros_ws/install/example_interfaces:/home/devpc/Desktop/microros_ws/install/action_msgs:/home/devpc/Desktop/microros_ws/install/unique_identifier_msgs:/home/devpc/Desktop/microros_ws/install/trajectory_msgs:/home/devpc/Desktop/microros_ws/install/stereo_msgs:/home/devpc/Desktop/microros_ws/install/std_srvs:/home/devpc/Desktop/microros_ws/install/shape_msgs:/home/devpc/Desktop/microros_ws/install/sensor_msgs:/home/devpc/Desktop/microros_ws/install/nav_msgs:/home/devpc/Desktop/microros_ws/install/diagnostic_msgs:/home/devpc/Desktop/microros_ws/install/geometry_msgs:/home/devpc/Desktop/microros_ws/install/drive_base_msgs:/home/devpc/Desktop/microros_ws/install/actionlib_msgs:/home/devpc/Desktop/microros_ws/install/statistics_msgs:/home/devpc/Desktop/microros_ws/install/rosidl_typesupport_microxrcedds_test_msg:/home/devpc/Desktop/microros_ws/install/rosidl_typesupport_microxrcedds_cpp_tests:/home/devpc/Desktop/microros_ws/install/rmw_microxrcedds:/home/devpc/Desktop/microros_ws/install/rosidl_typesupport_microxrcedds_cpp:/home/devpc/Desktop/microros_ws/install/rosidl_typesupport_microxrcedds_c_tests:/home/devpc/Desktop/microros_ws/install/rosidl_typesupport_microxrcedds_c:/home/devpc/Desktop/microros_ws/install/rosgraph_msgs:/home/devpc/Desktop/microros_ws/install/rclc:/home/devpc/Desktop/microros_ws/install/composition_interfaces:/home/devpc/Desktop/microros_ws/install/rcl_interfaces:/home/devpc/Desktop/microros_ws/install/microxrcedds_client:/home/devpc/Desktop/microros_ws/install/microcdr:/home/devpc/Desktop/microros_ws/install/micro_ros_demos_rclcpp:/home/devpc/Desktop/microros_ws/install/lifecycle_msgs:/home/devpc/Desktop/microros_ws/install/complex_msgs:/home/devpc/Desktop/microros_ws/install/micro_ros_agent:/home/devpc/Desktop/microros_ws/install/microxrcedds_agent:/home/devpc/Desktop/microros_ws/install/micro_ros_setup:/home/devpc/Desktop/microros_ws/install/micro_ros_msgs:/home/devpc/Desktop/quad_ws/install/quad_interfaces:/home/devpc/Desktop/microros_ws/install/sensor_msgs_py:/home/devpc/Desktop/quad_ws/install/quad:/opt/ros/foxy LD_LIBRARY_PATH=/home/devpc/Desktop/microros_ws/install/std_msgs/lib:/home/devpc/Desktop/microros_ws/install/builtin_interfaces/lib:/home/devpc/Desktop/microros_ws/install/visualization_msgs/lib:/home/devpc/Desktop/microros_ws/install/test_msgs/lib:/home/devpc/Desktop/microros_ws/install/example_interfaces/lib:/home/devpc/Desktop/microros_ws/install/action_msgs/lib:/home/devpc/Desktop/microros_ws/install/unique_identifier_msgs/lib:/home/devpc/Desktop/microros_ws/install/trajectory_msgs/lib:/home/devpc/Desktop/microros_ws/install/stereo_msgs/lib:/home/devpc/Desktop/microros_ws/install/std_srvs/lib:/home/devpc/Desktop/microros_ws/install/shape_msgs/lib:/home/devpc/Desktop/microros_ws/install/sensor_msgs/lib:/home/devpc/Desktop/microros_ws/install/nav_msgs/lib:/home/devpc/Desktop/microros_ws/install/diagnostic_msgs/lib:/home/devpc/Desktop/microros_ws/install/geometry_msgs/lib:/home/devpc/Desktop/microros_ws/install/drive_base_msgs/lib:/home/devpc/Desktop/microros_ws/install/actionlib_msgs/lib:/home/devpc/Desktop/microros_ws/install/statistics_msgs/lib:/home/devpc/Desktop/microros_ws/install/rosidl_typesupport_microxrcedds_test_msg/lib:/home/devpc/Desktop/microros_ws/install/rmw_microxrcedds/lib:/home/devpc/Desktop/microros_ws/install/rosidl_typesupport_microxrcedds_cpp/lib:/home/devpc/Desktop/microros_ws/install/rosidl_typesupport_microxrcedds_c/lib:/home/devpc/Desktop/microros_ws/install/rosgraph_msgs/lib:/home/devpc/Desktop/microros_ws/install/rclc/lib:/home/devpc/Desktop/microros_ws/install/composition_interfaces/lib:/home/devpc/Desktop/microros_ws/install/rcl_interfaces/lib:/home/devpc/Desktop/microros_ws/install/microxrcedds_client/lib:/home/devpc/Desktop/microros_ws/install/microcdr/lib:/home/devpc/Desktop/microros_ws/install/lifecycle_msgs/lib:/home/devpc/Desktop/microros_ws/install/complex_msgs/lib:/home/devpc/Desktop/microros_ws/install/microxrcedds_agent/lib:/home/devpc/Desktop/microros_ws/install/micro_ros_msgs/lib:/home/devpc/Desktop/quad_ws/install/quad_interfaces/lib:/opt/ros/foxy/opt/yaml_cpp_vendor/lib:/opt/ros/foxy/opt/rviz_ogre_vendor/lib:/opt/ros/foxy/lib/x86_64-linux-gnu:/opt/ros/foxy/lib PYTHONPATH=/home/devpc/Desktop/microros_ws/install/std_msgs/lib/python3.8/site-packages:/home/devpc/Desktop/microros_ws/install/builtin_interfaces/lib/python3.8/site-packages:/home/devpc/Desktop/microros_ws/install/visualization_msgs/lib/python3.8/site-packages:/home/devpc/Desktop/microros_ws/install/test_msgs/lib/python3.8/site-packages:/home/devpc/Desktop/microros_ws/install/example_interfaces/lib/python3.8/site-packages:/home/devpc/Desktop/microros_ws/install/action_msgs/lib/python3.8/site-packages:/home/devpc/Desktop/microros_ws/install/unique_identifier_msgs/lib/python3.8/site-packages:/home/devpc/Desktop/microros_ws/install/trajectory_msgs/lib/python3.8/site-packages:/home/devpc/Desktop/microros_ws/install/stereo_msgs/lib/python3.8/site-packages:/home/devpc/Desktop/microros_ws/install/std_srvs/lib/python3.8/site-packages:/home/devpc/Desktop/microros_ws/install/shape_msgs/lib/python3.8/site-packages:/home/devpc/Desktop/microros_ws/install/sensor_msgs_py/lib/python3.8/site-packages:/home/devpc/Desktop/microros_ws/install/sensor_msgs/lib/python3.8/site-packages:/home/devpc/Desktop/microros_ws/install/nav_msgs/lib/python3.8/site-packages:/home/devpc/Desktop/microros_ws/install/diagnostic_msgs/lib/python3.8/site-packages:/home/devpc/Desktop/microros_ws/install/geometry_msgs/lib/python3.8/site-packages:/home/devpc/Desktop/microros_ws/install/drive_base_msgs/lib/python3.8/site-packages:/home/devpc/Desktop/microros_ws/install/actionlib_msgs/lib/python3.8/site-packages:/home/devpc/Desktop/microros_ws/install/statistics_msgs/lib/python3.8/site-packages:/home/devpc/Desktop/microros_ws/install/rosidl_typesupport_microxrcedds_test_msg/lib/python3.8/site-packages:/home/devpc/Desktop/microros_ws/install/rosidl_typesupport_microxrcedds_cpp/lib/python3.8/site-packages:/home/devpc/Desktop/microros_ws/install/rosidl_typesupport_microxrcedds_c/lib/python3.8/site-packages:/home/devpc/Desktop/microros_ws/install/rosgraph_msgs/lib/python3.8/site-packages:/home/devpc/Desktop/microros_ws/install/composition_interfaces/lib/python3.8/site-packages:/home/devpc/Desktop/microros_ws/install/rcl_interfaces/lib/python3.8/site-packages:/home/devpc/Desktop/microros_ws/install/lifecycle_msgs/lib/python3.8/site-packages:/home/devpc/Desktop/microros_ws/install/complex_msgs/lib/python3.8/site-packages:/home/devpc/Desktop/microros_ws/install/micro_ros_msgs/lib/python3.8/site-packages:/home/devpc/Desktop/quad_ws/install/quad_interfaces/lib/python3.8/site-packages:/home/devpc/Desktop/quad_ws/install/quad/lib/python3.8/site-packages:/opt/ros/foxy/lib/python3.8/site-packages /usr/bin/cmake --build /home/devpc/Desktop/microros_ws/build/drive_base_msgs -- -j8 -l8
[0.628s] Invoking command in '/home/devpc/Desktop/microros_ws/build/drive_base_msgs': CMAKE_PREFIX_PATH=/home/devpc/Desktop/microros_ws/install/std_msgs:/home/devpc/Desktop/microros_ws/install/builtin_interfaces:/home/devpc/Desktop/microros_ws/install/common_interfaces:/home/devpc/Desktop/microros_ws/install/visualization_msgs:/home/devpc/Desktop/microros_ws/install/test_msgs:/home/devpc/Desktop/microros_ws/install/micro_ros_demos_rclc:/home/devpc/Desktop/microros_ws/install/example_interfaces:/home/devpc/Desktop/microros_ws/install/action_msgs:/home/devpc/Desktop/microros_ws/install/unique_identifier_msgs:/home/devpc/Desktop/microros_ws/install/trajectory_msgs:/home/devpc/Desktop/microros_ws/install/stereo_msgs:/home/devpc/Desktop/microros_ws/install/std_srvs:/home/devpc/Desktop/microros_ws/install/shape_msgs:/home/devpc/Desktop/microros_ws/install/sensor_msgs:/home/devpc/Desktop/microros_ws/install/nav_msgs:/home/devpc/Desktop/microros_ws/install/diagnostic_msgs:/home/devpc/Desktop/microros_ws/install/geometry_msgs:/home/devpc/Desktop/microros_ws/install/drive_base_msgs:/home/devpc/Desktop/microros_ws/install/actionlib_msgs:/home/devpc/Desktop/microros_ws/install/statistics_msgs:/home/devpc/Desktop/microros_ws/install/rosidl_typesupport_microxrcedds_test_msg:/home/devpc/Desktop/microros_ws/install/rosidl_typesupport_microxrcedds_cpp_tests:/home/devpc/Desktop/microros_ws/install/rmw_microxrcedds:/home/devpc/Desktop/microros_ws/install/rosidl_typesupport_microxrcedds_cpp:/home/devpc/Desktop/microros_ws/install/rosidl_typesupport_microxrcedds_c_tests:/home/devpc/Desktop/microros_ws/install/rosidl_typesupport_microxrcedds_c:/home/devpc/Desktop/microros_ws/install/rosgraph_msgs:/home/devpc/Desktop/microros_ws/install/rclc:/home/devpc/Desktop/microros_ws/install/composition_interfaces:/home/devpc/Desktop/microros_ws/install/rcl_interfaces:/home/devpc/Desktop/microros_ws/install/microxrcedds_client:/home/devpc/Desktop/microros_ws/install/microcdr:/home/devpc/Desktop/microros_ws/install/micro_ros_demos_rclcpp:/home/devpc/Desktop/microros_ws/install/lifecycle_msgs:/home/devpc/Desktop/microros_ws/install/complex_msgs:/home/devpc/Desktop/microros_ws/install/micro_ros_agent:/home/devpc/Desktop/microros_ws/install/microxrcedds_agent:/home/devpc/Desktop/microros_ws/install/micro_ros_setup:/home/devpc/Desktop/microros_ws/install/micro_ros_msgs:/home/devpc/Desktop/quad_ws/install/quad_interfaces:/home/devpc/Desktop/microros_ws/install/sensor_msgs_py:/home/devpc/Desktop/quad_ws/install/quad:/opt/ros/foxy LD_LIBRARY_PATH=/home/devpc/Desktop/microros_ws/install/std_msgs/lib:/home/devpc/Desktop/microros_ws/install/builtin_interfaces/lib:/home/devpc/Desktop/microros_ws/install/visualization_msgs/lib:/home/devpc/Desktop/microros_ws/install/test_msgs/lib:/home/devpc/Desktop/microros_ws/install/example_interfaces/lib:/home/devpc/Desktop/microros_ws/install/action_msgs/lib:/home/devpc/Desktop/microros_ws/install/unique_identifier_msgs/lib:/home/devpc/Desktop/microros_ws/install/trajectory_msgs/lib:/home/devpc/Desktop/microros_ws/install/stereo_msgs/lib:/home/devpc/Desktop/microros_ws/install/std_srvs/lib:/home/devpc/Desktop/microros_ws/install/shape_msgs/lib:/home/devpc/Desktop/microros_ws/install/sensor_msgs/lib:/home/devpc/Desktop/microros_ws/install/nav_msgs/lib:/home/devpc/Desktop/microros_ws/install/diagnostic_msgs/lib:/home/devpc/Desktop/microros_ws/install/geometry_msgs/lib:/home/devpc/Desktop/microros_ws/install/drive_base_msgs/lib:/home/devpc/Desktop/microros_ws/install/actionlib_msgs/lib:/home/devpc/Desktop/microros_ws/install/statistics_msgs/lib:/home/devpc/Desktop/microros_ws/install/rosidl_typesupport_microxrcedds_test_msg/lib:/home/devpc/Desktop/microros_ws/install/rmw_microxrcedds/lib:/home/devpc/Desktop/microros_ws/install/rosidl_typesupport_microxrcedds_cpp/lib:/home/devpc/Desktop/microros_ws/install/rosidl_typesupport_microxrcedds_c/lib:/home/devpc/Desktop/microros_ws/install/rosgraph_msgs/lib:/home/devpc/Desktop/microros_ws/install/rclc/lib:/home/devpc/Desktop/microros_ws/install/composition_interfaces/lib:/home/devpc/Desktop/microros_ws/install/rcl_interfaces/lib:/home/devpc/Desktop/microros_ws/install/microxrcedds_client/lib:/home/devpc/Desktop/microros_ws/install/microcdr/lib:/home/devpc/Desktop/microros_ws/install/lifecycle_msgs/lib:/home/devpc/Desktop/microros_ws/install/complex_msgs/lib:/home/devpc/Desktop/microros_ws/install/microxrcedds_agent/lib:/home/devpc/Desktop/microros_ws/install/micro_ros_msgs/lib:/home/devpc/Desktop/quad_ws/install/quad_interfaces/lib:/opt/ros/foxy/opt/yaml_cpp_vendor/lib:/opt/ros/foxy/opt/rviz_ogre_vendor/lib:/opt/ros/foxy/lib/x86_64-linux-gnu:/opt/ros/foxy/lib PYTHONPATH=/home/devpc/Desktop/microros_ws/install/std_msgs/lib/python3.8/site-packages:/home/devpc/Desktop/microros_ws/install/builtin_interfaces/lib/python3.8/site-packages:/home/devpc/Desktop/microros_ws/install/visualization_msgs/lib/python3.8/site-packages:/home/devpc/Desktop/microros_ws/install/test_msgs/lib/python3.8/site-packages:/home/devpc/Desktop/microros_ws/install/example_interfaces/lib/python3.8/site-packages:/home/devpc/Desktop/microros_ws/install/action_msgs/lib/python3.8/site-packages:/home/devpc/Desktop/microros_ws/install/unique_identifier_msgs/lib/python3.8/site-packages:/home/devpc/Desktop/microros_ws/install/trajectory_msgs/lib/python3.8/site-packages:/home/devpc/Desktop/microros_ws/install/stereo_msgs/lib/python3.8/site-packages:/home/devpc/Desktop/microros_ws/install/std_srvs/lib/python3.8/site-packages:/home/devpc/Desktop/microros_ws/install/shape_msgs/lib/python3.8/site-packages:/home/devpc/Desktop/microros_ws/install/sensor_msgs_py/lib/python3.8/site-packages:/home/devpc/Desktop/microros_ws/install/sensor_msgs/lib/python3.8/site-packages:/home/devpc/Desktop/microros_ws/install/nav_msgs/lib/python3.8/site-packages:/home/devpc/Desktop/microros_ws/install/diagnostic_msgs/lib/python3.8/site-packages:/home/devpc/Desktop/microros_ws/install/geometry_msgs/lib/python3.8/site-packages:/home/devpc/Desktop/microros_ws/install/drive_base_msgs/lib/python3.8/site-packages:/home/devpc/Desktop/microros_ws/install/actionlib_msgs/lib/python3.8/site-packages:/home/devpc/Desktop/microros_ws/install/statistics_msgs/lib/python3.8/site-packages:/home/devpc/Desktop/microros_ws/install/rosidl_typesupport_microxrcedds_test_msg/lib/python3.8/site-packages:/home/devpc/Desktop/microros_ws/install/rosidl_typesupport_microxrcedds_cpp/lib/python3.8/site-packages:/home/devpc/Desktop/microros_ws/install/rosidl_typesupport_microxrcedds_c/lib/python3.8/site-packages:/home/devpc/Desktop/microros_ws/install/rosgraph_msgs/lib/python3.8/site-packages:/home/devpc/Desktop/microros_ws/install/composition_interfaces/lib/python3.8/site-packages:/home/devpc/Desktop/microros_ws/install/rcl_interfaces/lib/python3.8/site-packages:/home/devpc/Desktop/microros_ws/install/lifecycle_msgs/lib/python3.8/site-packages:/home/devpc/Desktop/microros_ws/install/complex_msgs/lib/python3.8/site-packages:/home/devpc/Desktop/microros_ws/install/micro_ros_msgs/lib/python3.8/site-packages:/home/devpc/Desktop/quad_ws/install/quad_interfaces/lib/python3.8/site-packages:/home/devpc/Desktop/quad_ws/install/quad/lib/python3.8/site-packages:/opt/ros/foxy/lib/python3.8/site-packages /usr/bin/cmake --install /home/devpc/Desktop/microros_ws/build/drive_base_msgs
[0.639s] -- Install configuration: ""
[0.639s] -- Up-to-date: /home/devpc/Desktop/microros_ws/install/drive_base_msgs/share/ament_index/resource_index/rosidl_interfaces/drive_base_msgs
[0.640s] -- Up-to-date: /home/devpc/Desktop/microros_ws/install/drive_base_msgs/include/drive_base_msgs
[0.640s] -- Up-to-date: /home/devpc/Desktop/microros_ws/install/drive_base_msgs/include/drive_base_msgs/msg
[0.640s] -- Up-to-date: /home/devpc/Desktop/microros_ws/install/drive_base_msgs/include/drive_base_msgs/msg/base_info.h
[0.640s] -- Up-to-date: /home/devpc/Desktop/microros_ws/install/drive_base_msgs/include/drive_base_msgs/msg/trv_command.h
[0.640s] -- Up-to-date: /home/devpc/Desktop/microros_ws/install/drive_base_msgs/include/drive_base_msgs/msg/command_status.h
[0.641s] -- Up-to-date: /home/devpc/Desktop/microros_ws/install/drive_base_msgs/include/drive_base_msgs/msg/detail
[0.641s] -- Up-to-date: /home/devpc/Desktop/microros_ws/install/drive_base_msgs/include/drive_base_msgs/msg/detail/command_header__struct.h
[0.641s] -- Up-to-date: /home/devpc/Desktop/microros_ws/install/drive_base_msgs/include/drive_base_msgs/msg/detail/command_header__type_support.h
[0.641s] -- Up-to-date: /home/devpc/Desktop/microros_ws/install/drive_base_msgs/include/drive_base_msgs/msg/detail/base_info__type_support.h
[0.642s] -- Up-to-date: /home/devpc/Desktop/microros_ws/install/drive_base_msgs/include/drive_base_msgs/msg/detail/trv_command__functions.c
[0.642s] -- Up-to-date: /home/devpc/Desktop/microros_ws/install/drive_base_msgs/include/drive_base_msgs/msg/detail/command_status__functions.c
[0.642s] -- Up-to-date: /home/devpc/Desktop/microros_ws/install/drive_base_msgs/include/drive_base_msgs/msg/detail/trv_command__struct.h
[0.642s] -- Up-to-date: /home/devpc/Desktop/microros_ws/install/drive_base_msgs/include/drive_base_msgs/msg/detail/base_info__functions.c
[0.643s] -- Up-to-date: /home/devpc/Desktop/microros_ws/install/drive_base_msgs/include/drive_base_msgs/msg/detail/command_header__functions.c
[0.643s] -- Up-to-date: /home/devpc/Desktop/microros_ws/install/drive_base_msgs/include/drive_base_msgs/msg/detail/command_status__struct.h
[0.643s] -- Up-to-date: /home/devpc/Desktop/microros_ws/install/drive_base_msgs/include/drive_base_msgs/msg/detail/trv_command__functions.h
[0.643s] -- Up-to-date: /home/devpc/Desktop/microros_ws/install/drive_base_msgs/include/drive_base_msgs/msg/detail/trv_command__type_support.h
[0.643s] -- Up-to-date: /home/devpc/Desktop/microros_ws/install/drive_base_msgs/include/drive_base_msgs/msg/detail/base_info__functions.h
[0.644s] -- Up-to-date: /home/devpc/Desktop/microros_ws/install/drive_base_msgs/include/drive_base_msgs/msg/detail/command_status__type_support.h
[0.644s] -- Up-to-date: /home/devpc/Desktop/microros_ws/install/drive_base_msgs/include/drive_base_msgs/msg/detail/command_status__functions.h
[0.645s] -- Up-to-date: /home/devpc/Desktop/microros_ws/install/drive_base_msgs/include/drive_base_msgs/msg/detail/base_info__struct.h
[0.645s] -- Up-to-date: /home/devpc/Desktop/microros_ws/install/drive_base_msgs/include/drive_base_msgs/msg/detail/command_header__functions.h
[0.645s] -- Up-to-date: /home/devpc/Desktop/microros_ws/install/drive_base_msgs/include/drive_base_msgs/msg/command_header.h
[0.645s] -- Up-to-date: /home/devpc/Desktop/microros_ws/install/drive_base_msgs/include/drive_base_msgs/msg/rosidl_generator_c__visibility_control.h
[0.646s] -- Up-to-date: /home/devpc/Desktop/microros_ws/install/drive_base_msgs/share/drive_base_msgs/environment/library_path.sh
[0.646s] -- Up-to-date: /home/devpc/Desktop/microros_ws/install/drive_base_msgs/share/drive_base_msgs/environment/library_path.dsv
[0.646s] -- Up-to-date: /home/devpc/Desktop/microros_ws/install/drive_base_msgs/lib/libdrive_base_msgs__rosidl_generator_c.so
[0.646s] -- Up-to-date: /home/devpc/Desktop/microros_ws/install/drive_base_msgs/include/drive_base_msgs
[0.646s] -- Up-to-date: /home/devpc/Desktop/microros_ws/install/drive_base_msgs/include/drive_base_msgs/msg
[0.646s] -- Up-to-date: /home/devpc/Desktop/microros_ws/install/drive_base_msgs/include/drive_base_msgs/msg/detail
[0.647s] -- Up-to-date: /home/devpc/Desktop/microros_ws/install/drive_base_msgs/include/drive_base_msgs/msg/detail/base_info__rosidl_typesupport_microxrcedds_c.h
[0.647s] -- Up-to-date: /home/devpc/Desktop/microros_ws/install/drive_base_msgs/include/drive_base_msgs/msg/detail/trv_command__rosidl_typesupport_microxrcedds_c.h
[0.647s] -- Up-to-date: /home/devpc/Desktop/microros_ws/install/drive_base_msgs/include/drive_base_msgs/msg/detail/command_header__rosidl_typesupport_microxrcedds_c.h
[0.647s] -- Up-to-date: /home/devpc/Desktop/microros_ws/install/drive_base_msgs/include/drive_base_msgs/msg/detail/command_status__rosidl_typesupport_microxrcedds_c.h
[0.647s] -- Up-to-date: /home/devpc/Desktop/microros_ws/install/drive_base_msgs/include/drive_base_msgs/msg/detail/microxrcedds
[0.648s] -- Up-to-date: /home/devpc/Desktop/microros_ws/install/drive_base_msgs/include/drive_base_msgs/msg/rosidl_typesupport_microxrcedds_c__visibility_control.h
[0.648s] -- Up-to-date: /home/devpc/Desktop/microros_ws/install/drive_base_msgs/lib/libdrive_base_msgs__rosidl_typesupport_microxrcedds_c.so
[0.648s] -- Up-to-date: /home/devpc/Desktop/microros_ws/install/drive_base_msgs/include/drive_base_msgs
[0.648s] -- Up-to-date: /home/devpc/Desktop/microros_ws/install/drive_base_msgs/include/drive_base_msgs/msg
[0.648s] -- Up-to-date: /home/devpc/Desktop/microros_ws/install/drive_base_msgs/include/drive_base_msgs/msg/detail
[0.648s] -- Up-to-date: /home/devpc/Desktop/microros_ws/install/drive_base_msgs/include/drive_base_msgs/msg/detail/base_info__rosidl_typesupport_fastrtps_c.h
[0.648s] -- Up-to-date: /home/devpc/Desktop/microros_ws/install/drive_base_msgs/include/drive_base_msgs/msg/detail/trv_command__rosidl_typesupport_fastrtps_c.h
[0.649s] -- Up-to-date: /home/devpc/Desktop/microros_ws/install/drive_base_msgs/include/drive_base_msgs/msg/detail/command_status__rosidl_typesupport_fastrtps_c.h
[0.649s] -- Up-to-date: /home/devpc/Desktop/microros_ws/install/drive_base_msgs/include/drive_base_msgs/msg/detail/command_header__rosidl_typesupport_fastrtps_c.h
[0.649s] -- Up-to-date: /home/devpc/Desktop/microros_ws/install/drive_base_msgs/include/drive_base_msgs/msg/rosidl_typesupport_fastrtps_c__visibility_control.h
[0.649s] -- Up-to-date: /home/devpc/Desktop/microros_ws/install/drive_base_msgs/lib/libdrive_base_msgs__rosidl_typesupport_fastrtps_c.so
[0.649s] -- Up-to-date: /home/devpc/Desktop/microros_ws/install/drive_base_msgs/include/drive_base_msgs
[0.649s] -- Up-to-date: /home/devpc/Desktop/microros_ws/install/drive_base_msgs/include/drive_base_msgs/msg
[0.650s] -- Up-to-date: /home/devpc/Desktop/microros_ws/install/drive_base_msgs/include/drive_base_msgs/msg/detail
[0.650s] -- Up-to-date: /home/devpc/Desktop/microros_ws/install/drive_base_msgs/include/drive_base_msgs/msg/detail/base_info__rosidl_typesupport_fastrtps_cpp.hpp
[0.650s] -- Up-to-date: /home/devpc/Desktop/microros_ws/install/drive_base_msgs/include/drive_base_msgs/msg/detail/command_header__rosidl_typesupport_fastrtps_cpp.hpp
[0.650s] -- Up-to-date: /home/devpc/Desktop/microros_ws/install/drive_base_msgs/include/drive_base_msgs/msg/detail/trv_command__rosidl_typesupport_fastrtps_cpp.hpp
[0.650s] -- Up-to-date: /home/devpc/Desktop/microros_ws/install/drive_base_msgs/include/drive_base_msgs/msg/detail/command_status__rosidl_typesupport_fastrtps_cpp.hpp
[0.650s] -- Up-to-date: /home/devpc/Desktop/microros_ws/install/drive_base_msgs/include/drive_base_msgs/msg/detail/dds_fastrtps
[0.651s] -- Up-to-date: /home/devpc/Desktop/microros_ws/install/drive_base_msgs/include/drive_base_msgs/msg/rosidl_typesupport_fastrtps_cpp__visibility_control.h
[0.651s] -- Up-to-date: /home/devpc/Desktop/microros_ws/install/drive_base_msgs/lib/libdrive_base_msgs__rosidl_typesupport_fastrtps_cpp.so
[0.651s] -- Up-to-date: /home/devpc/Desktop/microros_ws/install/drive_base_msgs/include/drive_base_msgs
[0.651s] -- Up-to-date: /home/devpc/Desktop/microros_ws/install/drive_base_msgs/include/drive_base_msgs/msg
[0.651s] -- Up-to-date: /home/devpc/Desktop/microros_ws/install/drive_base_msgs/include/drive_base_msgs/msg/detail
[0.651s] -- Up-to-date: /home/devpc/Desktop/microros_ws/install/drive_base_msgs/include/drive_base_msgs/msg/detail/command_header__type_support.c
[0.651s] -- Up-to-date: /home/devpc/Desktop/microros_ws/install/drive_base_msgs/include/drive_base_msgs/msg/detail/base_info__rosidl_typesupport_introspection_c.h
[0.652s] -- Up-to-date: /home/devpc/Desktop/microros_ws/install/drive_base_msgs/include/drive_base_msgs/msg/detail/trv_command__rosidl_typesupport_introspection_c.h
[0.652s] -- Up-to-date: /home/devpc/Desktop/microros_ws/install/drive_base_msgs/include/drive_base_msgs/msg/detail/base_info__type_support.c
[0.653s] -- Up-to-date: /home/devpc/Desktop/microros_ws/install/drive_base_msgs/include/drive_base_msgs/msg/detail/command_status__rosidl_typesupport_introspection_c.h
[0.653s] -- Up-to-date: /home/devpc/Desktop/microros_ws/install/drive_base_msgs/include/drive_base_msgs/msg/detail/command_header__rosidl_typesupport_introspection_c.h
[0.653s] -- Up-to-date: /home/devpc/Desktop/microros_ws/install/drive_base_msgs/include/drive_base_msgs/msg/detail/command_status__type_support.c
[0.653s] -- Up-to-date: /home/devpc/Desktop/microros_ws/install/drive_base_msgs/include/drive_base_msgs/msg/detail/trv_command__type_support.c
[0.653s] -- Up-to-date: /home/devpc/Desktop/microros_ws/install/drive_base_msgs/include/drive_base_msgs/msg/rosidl_typesupport_introspection_c__visibility_control.h
[0.653s] -- Up-to-date: /home/devpc/Desktop/microros_ws/install/drive_base_msgs/lib/libdrive_base_msgs__rosidl_typesupport_introspection_c.so
[0.653s] -- Up-to-date: /home/devpc/Desktop/microros_ws/install/drive_base_msgs/lib/libdrive_base_msgs__rosidl_typesupport_c.so
[0.653s] -- Up-to-date: /home/devpc/Desktop/microros_ws/install/drive_base_msgs/include/drive_base_msgs
[0.653s] -- Up-to-date: /home/devpc/Desktop/microros_ws/install/drive_base_msgs/include/drive_base_msgs/msg
[0.654s] -- Up-to-date: /home/devpc/Desktop/microros_ws/install/drive_base_msgs/include/drive_base_msgs/msg/detail
[0.654s] -- Up-to-date: /home/devpc/Desktop/microros_ws/install/drive_base_msgs/include/drive_base_msgs/msg/detail/command_header__struct.hpp
[0.654s] -- Up-to-date: /home/devpc/Desktop/microros_ws/install/drive_base_msgs/include/drive_base_msgs/msg/detail/command_header__traits.hpp
[0.654s] -- Up-to-date: /home/devpc/Desktop/microros_ws/install/drive_base_msgs/include/drive_base_msgs/msg/detail/trv_command__builder.hpp
[0.654s] -- Up-to-date: /home/devpc/Desktop/microros_ws/install/drive_base_msgs/include/drive_base_msgs/msg/detail/base_info__struct.hpp
[0.654s] -- Up-to-date: /home/devpc/Desktop/microros_ws/install/drive_base_msgs/include/drive_base_msgs/msg/detail/command_status__traits.hpp
[0.654s] -- Up-to-date: /home/devpc/Desktop/microros_ws/install/drive_base_msgs/include/drive_base_msgs/msg/detail/command_status__struct.hpp
[0.654s] -- Up-to-date: /home/devpc/Desktop/microros_ws/install/drive_base_msgs/include/drive_base_msgs/msg/detail/command_status__builder.hpp
[0.654s] -- Up-to-date: /home/devpc/Desktop/microros_ws/install/drive_base_msgs/include/drive_base_msgs/msg/detail/trv_command__struct.hpp
[0.654s] -- Up-to-date: /home/devpc/Desktop/microros_ws/install/drive_base_msgs/include/drive_base_msgs/msg/detail/command_header__builder.hpp
[0.654s] -- Up-to-date: /home/devpc/Desktop/microros_ws/install/drive_base_msgs/include/drive_base_msgs/msg/detail/trv_command__traits.hpp
[0.655s] -- Up-to-date: /home/devpc/Desktop/microros_ws/install/drive_base_msgs/include/drive_base_msgs/msg/detail/base_info__builder.hpp
[0.655s] -- Up-to-date: /home/devpc/Desktop/microros_ws/install/drive_base_msgs/include/drive_base_msgs/msg/detail/base_info__traits.hpp
[0.655s] -- Up-to-date: /home/devpc/Desktop/microros_ws/install/drive_base_msgs/include/drive_base_msgs/msg/command_header.hpp
[0.655s] -- Up-to-date: /home/devpc/Desktop/microros_ws/install/drive_base_msgs/include/drive_base_msgs/msg/base_info.hpp
[0.655s] -- Up-to-date: /home/devpc/Desktop/microros_ws/install/drive_base_msgs/include/drive_base_msgs/msg/trv_command.hpp
[0.655s] -- Up-to-date: /home/devpc/Desktop/microros_ws/install/drive_base_msgs/include/drive_base_msgs/msg/command_status.hpp
[0.655s] -- Up-to-date: /home/devpc/Desktop/microros_ws/install/drive_base_msgs/include/drive_base_msgs
[0.655s] -- Up-to-date: /home/devpc/Desktop/microros_ws/install/drive_base_msgs/include/drive_base_msgs/msg
[0.655s] -- Up-to-date: /home/devpc/Desktop/microros_ws/install/drive_base_msgs/include/drive_base_msgs/msg/detail
[0.655s] -- Up-to-date: /home/devpc/Desktop/microros_ws/install/drive_base_msgs/include/drive_base_msgs/msg/detail/command_status__rosidl_typesupport_microxrcedds_cpp.hpp
[0.655s] -- Up-to-date: /home/devpc/Desktop/microros_ws/install/drive_base_msgs/include/drive_base_msgs/msg/detail/base_info__rosidl_typesupport_microxrcedds_cpp.hpp
[0.656s] -- Up-to-date: /home/devpc/Desktop/microros_ws/install/drive_base_msgs/include/drive_base_msgs/msg/detail/command_header__rosidl_typesupport_microxrcedds_cpp.hpp
[0.656s] -- Up-to-date: /home/devpc/Desktop/microros_ws/install/drive_base_msgs/include/drive_base_msgs/msg/detail/trv_command__rosidl_typesupport_microxrcedds_cpp.hpp
[0.656s] -- Up-to-date: /home/devpc/Desktop/microros_ws/install/drive_base_msgs/include/drive_base_msgs/msg/detail/microxrcedds
[0.656s] -- Up-to-date: /home/devpc/Desktop/microros_ws/install/drive_base_msgs/include/drive_base_msgs/msg/detail/microxrcedds/trv_command__type_support_cpp.cpp
[0.656s] -- Up-to-date: /home/devpc/Desktop/microros_ws/install/drive_base_msgs/include/drive_base_msgs/msg/detail/microxrcedds/command_status__type_support_cpp.cpp
[0.656s] -- Up-to-date: /home/devpc/Desktop/microros_ws/install/drive_base_msgs/include/drive_base_msgs/msg/detail/microxrcedds/base_info__type_support_cpp.cpp
[0.656s] -- Up-to-date: /home/devpc/Desktop/microros_ws/install/drive_base_msgs/include/drive_base_msgs/msg/detail/microxrcedds/command_header__type_support_cpp.cpp
[0.656s] -- Up-to-date: /home/devpc/Desktop/microros_ws/install/drive_base_msgs/include/drive_base_msgs/msg/rosidl_typesupport_microxrcedds_cpp__visibility_control.h
[0.656s] -- Up-to-date: /home/devpc/Desktop/microros_ws/install/drive_base_msgs/lib/libdrive_base_msgs__rosidl_typesupport_microxrcedds_cpp.so
[0.656s] -- Up-to-date: /home/devpc/Desktop/microros_ws/install/drive_base_msgs/include/drive_base_msgs
[0.657s] -- Up-to-date: /home/devpc/Desktop/microros_ws/install/drive_base_msgs/include/drive_base_msgs/msg
[0.657s] -- Up-to-date: /home/devpc/Desktop/microros_ws/install/drive_base_msgs/include/drive_base_msgs/msg/detail
[0.657s] -- Up-to-date: /home/devpc/Desktop/microros_ws/install/drive_base_msgs/include/drive_base_msgs/msg/detail/base_info__rosidl_typesupport_introspection_cpp.hpp
[0.657s] -- Up-to-date: /home/devpc/Desktop/microros_ws/install/drive_base_msgs/include/drive_base_msgs/msg/detail/command_status__rosidl_typesupport_introspection_cpp.hpp
[0.657s] -- Up-to-date: /home/devpc/Desktop/microros_ws/install/drive_base_msgs/include/drive_base_msgs/msg/detail/command_status__type_support.cpp
[0.657s] -- Up-to-date: /home/devpc/Desktop/microros_ws/install/drive_base_msgs/include/drive_base_msgs/msg/detail/base_info__type_support.cpp
[0.657s] -- Up-to-date: /home/devpc/Desktop/microros_ws/install/drive_base_msgs/include/drive_base_msgs/msg/detail/command_header__type_support.cpp
[0.657s] -- Up-to-date: /home/devpc/Desktop/microros_ws/install/drive_base_msgs/include/drive_base_msgs/msg/detail/command_header__rosidl_typesupport_introspection_cpp.hpp
[0.657s] -- Up-to-date: /home/devpc/Desktop/microros_ws/install/drive_base_msgs/include/drive_base_msgs/msg/detail/trv_command__type_support.cpp
[0.658s] -- Up-to-date: /home/devpc/Desktop/microros_ws/install/drive_base_msgs/include/drive_base_msgs/msg/detail/trv_command__rosidl_typesupport_introspection_cpp.hpp
[0.658s] -- Up-to-date: /home/devpc/Desktop/microros_ws/install/drive_base_msgs/lib/libdrive_base_msgs__rosidl_typesupport_introspection_cpp.so
[0.658s] -- Up-to-date: /home/devpc/Desktop/microros_ws/install/drive_base_msgs/lib/libdrive_base_msgs__rosidl_typesupport_cpp.so
[0.658s] -- Up-to-date: /home/devpc/Desktop/microros_ws/install/drive_base_msgs/share/drive_base_msgs/environment/pythonpath.sh
[0.658s] -- Up-to-date: /home/devpc/Desktop/microros_ws/install/drive_base_msgs/share/drive_base_msgs/environment/pythonpath.dsv
[0.658s] -- Up-to-date: /home/devpc/Desktop/microros_ws/install/drive_base_msgs/lib/python3.8/site-packages/drive_base_msgs/__init__.py
[0.707s] -- Up-to-date: /home/devpc/Desktop/microros_ws/install/drive_base_msgs/lib/python3.8/site-packages/drive_base_msgs/msg
[0.707s] -- Up-to-date: /home/devpc/Desktop/microros_ws/install/drive_base_msgs/lib/python3.8/site-packages/drive_base_msgs/msg/_command_status.py
[0.708s] -- Up-to-date: /home/devpc/Desktop/microros_ws/install/drive_base_msgs/lib/python3.8/site-packages/drive_base_msgs/msg/__init__.py
[0.708s] -- Up-to-date: /home/devpc/Desktop/microros_ws/install/drive_base_msgs/lib/python3.8/site-packages/drive_base_msgs/msg/_command_header.py
[0.708s] -- Up-to-date: /home/devpc/Desktop/microros_ws/install/drive_base_msgs/lib/python3.8/site-packages/drive_base_msgs/msg/_trv_command.py
[0.708s] -- Up-to-date: /home/devpc/Desktop/microros_ws/install/drive_base_msgs/lib/python3.8/site-packages/drive_base_msgs/msg/_base_info_s.c
[0.708s] -- Up-to-date: /home/devpc/Desktop/microros_ws/install/drive_base_msgs/lib/python3.8/site-packages/drive_base_msgs/msg/_command_status_s.c
[0.708s] -- Up-to-date: /home/devpc/Desktop/microros_ws/install/drive_base_msgs/lib/python3.8/site-packages/drive_base_msgs/msg/_base_info.py
[0.709s] -- Up-to-date: /home/devpc/Desktop/microros_ws/install/drive_base_msgs/lib/python3.8/site-packages/drive_base_msgs/msg/_trv_command_s.c
[0.709s] -- Up-to-date: /home/devpc/Desktop/microros_ws/install/drive_base_msgs/lib/python3.8/site-packages/drive_base_msgs/msg/_command_header_s.c
[0.709s] -- Up-to-date: /home/devpc/Desktop/microros_ws/install/drive_base_msgs/lib/python3.8/site-packages/drive_base_msgs/drive_base_msgs_s__rosidl_typesupport_microxrcedds_c.cpython-38-x86_64-linux-gnu.so
[0.709s] -- Up-to-date: /home/devpc/Desktop/microros_ws/install/drive_base_msgs/lib/python3.8/site-packages/drive_base_msgs/drive_base_msgs_s__rosidl_typesupport_fastrtps_c.cpython-38-x86_64-linux-gnu.so
[0.709s] -- Up-to-date: /home/devpc/Desktop/microros_ws/install/drive_base_msgs/lib/python3.8/site-packages/drive_base_msgs/drive_base_msgs_s__rosidl_typesupport_introspection_c.cpython-38-x86_64-linux-gnu.so
[0.710s] -- Up-to-date: /home/devpc/Desktop/microros_ws/install/drive_base_msgs/lib/python3.8/site-packages/drive_base_msgs/drive_base_msgs_s__rosidl_typesupport_c.cpython-38-x86_64-linux-gnu.so
[0.711s] -- Up-to-date: /home/devpc/Desktop/microros_ws/install/drive_base_msgs/lib/libdrive_base_msgs__python.so
[0.711s] -- Up-to-date: /home/devpc/Desktop/microros_ws/install/drive_base_msgs/share/drive_base_msgs/msg/CommandHeader.idl
[0.711s] -- Up-to-date: /home/devpc/Desktop/microros_ws/install/drive_base_msgs/share/drive_base_msgs/msg/BaseInfo.idl
[0.711s] -- Up-to-date: /home/devpc/Desktop/microros_ws/install/drive_base_msgs/share/drive_base_msgs/msg/CommandStatus.idl
[0.712s] -- Up-to-date: /home/devpc/Desktop/microros_ws/install/drive_base_msgs/share/drive_base_msgs/msg/TRVCommand.idl
[0.712s] -- Up-to-date: /home/devpc/Desktop/microros_ws/install/drive_base_msgs/share/drive_base_msgs/msg/CommandHeader.msg
[0.712s] -- Up-to-date: /home/devpc/Desktop/microros_ws/install/drive_base_msgs/share/drive_base_msgs/msg/BaseInfo.msg
[0.712s] -- Up-to-date: /home/devpc/Desktop/microros_ws/install/drive_base_msgs/share/drive_base_msgs/msg/CommandStatus.msg
[0.713s] -- Up-to-date: /home/devpc/Desktop/microros_ws/install/drive_base_msgs/share/drive_base_msgs/msg/TRVCommand.msg
[0.713s] -- Up-to-date: /home/devpc/Desktop/microros_ws/install/drive_base_msgs/share/ament_index/resource_index/package_run_dependencies/drive_base_msgs
[0.713s] -- Up-to-date: /home/devpc/Desktop/microros_ws/install/drive_base_msgs/share/ament_index/resource_index/parent_prefix_path/drive_base_msgs
[0.713s] -- Up-to-date: /home/devpc/Desktop/microros_ws/install/drive_base_msgs/share/drive_base_msgs/environment/ament_prefix_path.sh
[0.713s] -- Up-to-date: /home/devpc/Desktop/microros_ws/install/drive_base_msgs/share/drive_base_msgs/environment/ament_prefix_path.dsv
[0.713s] -- Up-to-date: /home/devpc/Desktop/microros_ws/install/drive_base_msgs/share/drive_base_msgs/environment/path.sh
[0.713s] -- Up-to-date: /home/devpc/Desktop/microros_ws/install/drive_base_msgs/share/drive_base_msgs/environment/path.dsv
[0.714s] -- Up-to-date: /home/devpc/Desktop/microros_ws/install/drive_base_msgs/share/drive_base_msgs/local_setup.bash
[0.714s] -- Up-to-date: /home/devpc/Desktop/microros_ws/install/drive_base_msgs/share/drive_base_msgs/local_setup.sh
[0.714s] -- Up-to-date: /home/devpc/Desktop/microros_ws/install/drive_base_msgs/share/drive_base_msgs/local_setup.zsh
[0.714s] -- Up-to-date: /home/devpc/Desktop/microros_ws/install/drive_base_msgs/share/drive_base_msgs/local_setup.dsv
[0.714s] -- Installing: /home/devpc/Desktop/microros_ws/install/drive_base_msgs/share/drive_base_msgs/package.dsv
[0.715s] -- Up-to-date: /home/devpc/Desktop/microros_ws/install/drive_base_msgs/share/ament_index/resource_index/packages/drive_base_msgs
[0.715s] -- Up-to-date: /home/devpc/Desktop/microros_ws/install/drive_base_msgs/share/drive_base_msgs/cmake/drive_base_msgs__rosidl_generator_cExport.cmake
[0.715s] -- Up-to-date: /home/devpc/Desktop/microros_ws/install/drive_base_msgs/share/drive_base_msgs/cmake/drive_base_msgs__rosidl_generator_cExport-noconfig.cmake
[0.715s] -- Up-to-date: /home/devpc/Desktop/microros_ws/install/drive_base_msgs/share/drive_base_msgs/cmake/drive_base_msgs__rosidl_typesupport_introspection_cExport.cmake
[0.715s] -- Up-to-date: /home/devpc/Desktop/microros_ws/install/drive_base_msgs/share/drive_base_msgs/cmake/drive_base_msgs__rosidl_typesupport_introspection_cExport-noconfig.cmake
[0.716s] -- Up-to-date: /home/devpc/Desktop/microros_ws/install/drive_base_msgs/share/drive_base_msgs/cmake/drive_base_msgs__rosidl_typesupport_cExport.cmake
[0.716s] -- Up-to-date: /home/devpc/Desktop/microros_ws/install/drive_base_msgs/share/drive_base_msgs/cmake/drive_base_msgs__rosidl_typesupport_cExport-noconfig.cmake
[0.716s] -- Up-to-date: /home/devpc/Desktop/microros_ws/install/drive_base_msgs/share/drive_base_msgs/cmake/drive_base_msgs__rosidl_generator_cppExport.cmake
[0.716s] -- Up-to-date: /home/devpc/Desktop/microros_ws/install/drive_base_msgs/share/drive_base_msgs/cmake/drive_base_msgs__rosidl_typesupport_introspection_cppExport.cmake
[0.716s] -- Up-to-date: /home/devpc/Desktop/microros_ws/install/drive_base_msgs/share/drive_base_msgs/cmake/drive_base_msgs__rosidl_typesupport_introspection_cppExport-noconfig.cmake
[0.716s] -- Up-to-date: /home/devpc/Desktop/microros_ws/install/drive_base_msgs/share/drive_base_msgs/cmake/drive_base_msgs__rosidl_typesupport_cppExport.cmake
[0.717s] -- Up-to-date: /home/devpc/Desktop/microros_ws/install/drive_base_msgs/share/drive_base_msgs/cmake/drive_base_msgs__rosidl_typesupport_cppExport-noconfig.cmake
[0.717s] -- Up-to-date: /home/devpc/Desktop/microros_ws/install/drive_base_msgs/share/drive_base_msgs/cmake/rosidl_cmake-extras.cmake
[0.719s] -- Up-to-date: /home/devpc/Desktop/microros_ws/install/drive_base_msgs/share/drive_base_msgs/cmake/ament_cmake_export_dependencies-extras.cmake
[0.719s] -- Up-to-date: /home/devpc/Desktop/microros_ws/install/drive_base_msgs/share/drive_base_msgs/cmake/ament_cmake_export_libraries-extras.cmake
[0.720s] -- Up-to-date: /home/devpc/Desktop/microros_ws/install/drive_base_msgs/share/drive_base_msgs/cmake/ament_cmake_export_targets-extras.cmake
[0.720s] -- Up-to-date: /home/devpc/Desktop/microros_ws/install/drive_base_msgs/share/drive_base_msgs/cmake/ament_cmake_export_include_directories-extras.cmake
[0.720s] -- Up-to-date: /home/devpc/Desktop/microros_ws/install/drive_base_msgs/share/drive_base_msgs/cmake/rosidl_cmake_export_typesupport_libraries-extras.cmake
[0.720s] -- Up-to-date: /home/devpc/Desktop/microros_ws/install/drive_base_msgs/share/drive_base_msgs/cmake/rosidl_cmake_export_typesupport_targets-extras.cmake
[0.720s] -- Up-to-date: /home/devpc/Desktop/microros_ws/install/drive_base_msgs/share/drive_base_msgs/cmake/drive_base_msgsConfig.cmake
[0.721s] -- Up-to-date: /home/devpc/Desktop/microros_ws/install/drive_base_msgs/share/drive_base_msgs/cmake/drive_base_msgsConfig-version.cmake
[0.721s] -- Up-to-date: /home/devpc/Desktop/microros_ws/install/drive_base_msgs/share/drive_base_msgs/package.xml
[0.721s] Invoked command in '/home/devpc/Desktop/microros_ws/build/drive_base_msgs' returned '0': CMAKE_PREFIX_PATH=/home/devpc/Desktop/microros_ws/install/std_msgs:/home/devpc/Desktop/microros_ws/install/builtin_interfaces:/home/devpc/Desktop/microros_ws/install/common_interfaces:/home/devpc/Desktop/microros_ws/install/visualization_msgs:/home/devpc/Desktop/microros_ws/install/test_msgs:/home/devpc/Desktop/microros_ws/install/micro_ros_demos_rclc:/home/devpc/Desktop/microros_ws/install/example_interfaces:/home/devpc/Desktop/microros_ws/install/action_msgs:/home/devpc/Desktop/microros_ws/install/unique_identifier_msgs:/home/devpc/Desktop/microros_ws/install/trajectory_msgs:/home/devpc/Desktop/microros_ws/install/stereo_msgs:/home/devpc/Desktop/microros_ws/install/std_srvs:/home/devpc/Desktop/microros_ws/install/shape_msgs:/home/devpc/Desktop/microros_ws/install/sensor_msgs:/home/devpc/Desktop/microros_ws/install/nav_msgs:/home/devpc/Desktop/microros_ws/install/diagnostic_msgs:/home/devpc/Desktop/microros_ws/install/geometry_msgs:/home/devpc/Desktop/microros_ws/install/drive_base_msgs:/home/devpc/Desktop/microros_ws/install/actionlib_msgs:/home/devpc/Desktop/microros_ws/install/statistics_msgs:/home/devpc/Desktop/microros_ws/install/rosidl_typesupport_microxrcedds_test_msg:/home/devpc/Desktop/microros_ws/install/rosidl_typesupport_microxrcedds_cpp_tests:/home/devpc/Desktop/microros_ws/install/rmw_microxrcedds:/home/devpc/Desktop/microros_ws/install/rosidl_typesupport_microxrcedds_cpp:/home/devpc/Desktop/microros_ws/install/rosidl_typesupport_microxrcedds_c_tests:/home/devpc/Desktop/microros_ws/install/rosidl_typesupport_microxrcedds_c:/home/devpc/Desktop/microros_ws/install/rosgraph_msgs:/home/devpc/Desktop/microros_ws/install/rclc:/home/devpc/Desktop/microros_ws/install/composition_interfaces:/home/devpc/Desktop/microros_ws/install/rcl_interfaces:/home/devpc/Desktop/microros_ws/install/microxrcedds_client:/home/devpc/Desktop/microros_ws/install/microcdr:/home/devpc/Desktop/microros_ws/install/micro_ros_demos_rclcpp:/home/devpc/Desktop/microros_ws/install/lifecycle_msgs:/home/devpc/Desktop/microros_ws/install/complex_msgs:/home/devpc/Desktop/microros_ws/install/micro_ros_agent:/home/devpc/Desktop/microros_ws/install/microxrcedds_agent:/home/devpc/Desktop/microros_ws/install/micro_ros_setup:/home/devpc/Desktop/microros_ws/install/micro_ros_msgs:/home/devpc/Desktop/quad_ws/install/quad_interfaces:/home/devpc/Desktop/microros_ws/install/sensor_msgs_py:/home/devpc/Desktop/quad_ws/install/quad:/opt/ros/foxy LD_LIBRARY_PATH=/home/devpc/Desktop/microros_ws/install/std_msgs/lib:/home/devpc/Desktop/microros_ws/install/builtin_interfaces/lib:/home/devpc/Desktop/microros_ws/install/visualization_msgs/lib:/home/devpc/Desktop/microros_ws/install/test_msgs/lib:/home/devpc/Desktop/microros_ws/install/example_interfaces/lib:/home/devpc/Desktop/microros_ws/install/action_msgs/lib:/home/devpc/Desktop/microros_ws/install/unique_identifier_msgs/lib:/home/devpc/Desktop/microros_ws/install/trajectory_msgs/lib:/home/devpc/Desktop/microros_ws/install/stereo_msgs/lib:/home/devpc/Desktop/microros_ws/install/std_srvs/lib:/home/devpc/Desktop/microros_ws/install/shape_msgs/lib:/home/devpc/Desktop/microros_ws/install/sensor_msgs/lib:/home/devpc/Desktop/microros_ws/install/nav_msgs/lib:/home/devpc/Desktop/microros_ws/install/diagnostic_msgs/lib:/home/devpc/Desktop/microros_ws/install/geometry_msgs/lib:/home/devpc/Desktop/microros_ws/install/drive_base_msgs/lib:/home/devpc/Desktop/microros_ws/install/actionlib_msgs/lib:/home/devpc/Desktop/microros_ws/install/statistics_msgs/lib:/home/devpc/Desktop/microros_ws/install/rosidl_typesupport_microxrcedds_test_msg/lib:/home/devpc/Desktop/microros_ws/install/rmw_microxrcedds/lib:/home/devpc/Desktop/microros_ws/install/rosidl_typesupport_microxrcedds_cpp/lib:/home/devpc/Desktop/microros_ws/install/rosidl_typesupport_microxrcedds_c/lib:/home/devpc/Desktop/microros_ws/install/rosgraph_msgs/lib:/home/devpc/Desktop/microros_ws/install/rclc/lib:/home/devpc/Desktop/microros_ws/install/composition_interfaces/lib:/home/devpc/Desktop/microros_ws/install/rcl_interfaces/lib:/home/devpc/Desktop/microros_ws/install/microxrcedds_client/lib:/home/devpc/Desktop/microros_ws/install/microcdr/lib:/home/devpc/Desktop/microros_ws/install/lifecycle_msgs/lib:/home/devpc/Desktop/microros_ws/install/complex_msgs/lib:/home/devpc/Desktop/microros_ws/install/microxrcedds_agent/lib:/home/devpc/Desktop/microros_ws/install/micro_ros_msgs/lib:/home/devpc/Desktop/quad_ws/install/quad_interfaces/lib:/opt/ros/foxy/opt/yaml_cpp_vendor/lib:/opt/ros/foxy/opt/rviz_ogre_vendor/lib:/opt/ros/foxy/lib/x86_64-linux-gnu:/opt/ros/foxy/lib PYTHONPATH=/home/devpc/Desktop/microros_ws/install/std_msgs/lib/python3.8/site-packages:/home/devpc/Desktop/microros_ws/install/builtin_interfaces/lib/python3.8/site-packages:/home/devpc/Desktop/microros_ws/install/visualization_msgs/lib/python3.8/site-packages:/home/devpc/Desktop/microros_ws/install/test_msgs/lib/python3.8/site-packages:/home/devpc/Desktop/microros_ws/install/example_interfaces/lib/python3.8/site-packages:/home/devpc/Desktop/microros_ws/install/action_msgs/lib/python3.8/site-packages:/home/devpc/Desktop/microros_ws/install/unique_identifier_msgs/lib/python3.8/site-packages:/home/devpc/Desktop/microros_ws/install/trajectory_msgs/lib/python3.8/site-packages:/home/devpc/Desktop/microros_ws/install/stereo_msgs/lib/python3.8/site-packages:/home/devpc/Desktop/microros_ws/install/std_srvs/lib/python3.8/site-packages:/home/devpc/Desktop/microros_ws/install/shape_msgs/lib/python3.8/site-packages:/home/devpc/Desktop/microros_ws/install/sensor_msgs_py/lib/python3.8/site-packages:/home/devpc/Desktop/microros_ws/install/sensor_msgs/lib/python3.8/site-packages:/home/devpc/Desktop/microros_ws/install/nav_msgs/lib/python3.8/site-packages:/home/devpc/Desktop/microros_ws/install/diagnostic_msgs/lib/python3.8/site-packages:/home/devpc/Desktop/microros_ws/install/geometry_msgs/lib/python3.8/site-packages:/home/devpc/Desktop/microros_ws/install/drive_base_msgs/lib/python3.8/site-packages:/home/devpc/Desktop/microros_ws/install/actionlib_msgs/lib/python3.8/site-packages:/home/devpc/Desktop/microros_ws/install/statistics_msgs/lib/python3.8/site-packages:/home/devpc/Desktop/microros_ws/install/rosidl_typesupport_microxrcedds_test_msg/lib/python3.8/site-packages:/home/devpc/Desktop/microros_ws/install/rosidl_typesupport_microxrcedds_cpp/lib/python3.8/site-packages:/home/devpc/Desktop/microros_ws/install/rosidl_typesupport_microxrcedds_c/lib/python3.8/site-packages:/home/devpc/Desktop/microros_ws/install/rosgraph_msgs/lib/python3.8/site-packages:/home/devpc/Desktop/microros_ws/install/composition_interfaces/lib/python3.8/site-packages:/home/devpc/Desktop/microros_ws/install/rcl_interfaces/lib/python3.8/site-packages:/home/devpc/Desktop/microros_ws/install/lifecycle_msgs/lib/python3.8/site-packages:/home/devpc/Desktop/microros_ws/install/complex_msgs/lib/python3.8/site-packages:/home/devpc/Desktop/microros_ws/install/micro_ros_msgs/lib/python3.8/site-packages:/home/devpc/Desktop/quad_ws/install/quad_interfaces/lib/python3.8/site-packages:/home/devpc/Desktop/quad_ws/install/quad/lib/python3.8/site-packages:/opt/ros/foxy/lib/python3.8/site-packages /usr/bin/cmake --install /home/devpc/Desktop/microros_ws/build/drive_base_msgs
