[0.492s] Invoking command in '/home/devpc/Desktop/quad_ws/build/quad_interfaces': CMAKE_PREFIX_PATH=${CMAKE_PREFIX_PATH}:/home/devpc/Desktop/quad_ws/install/teleop_twist_keyboard:/home/devpc/Desktop/quad_ws/install/teleop:/home/devpc/Desktop/quad_ws/install/quad:/home/devpc/Desktop/quad_ws/install/motion_servos_calibration:/opt/ros/foxy /usr/bin/cmake --build /home/devpc/Desktop/quad_ws/build/quad_interfaces -- -j8 -l8
[0.771s] [ 11%] Built target quad_interfaces__rosidl_generator_c
[0.771s] [ 12%] Built target quad_interfaces__cpp
[0.772s] [ 57%] Built target quad_interfaces__rosidl_typesupport_c
[0.772s] [ 57%] Built target quad_interfaces__rosidl_typesupport_introspection_cpp
[0.772s] [ 57%] Built target quad_interfaces__rosidl_typesupport_introspection_c
[0.773s] [ 57%] Built target quad_interfaces__rosidl_typesupport_cpp
[0.775s] [ 68%] Built target quad_interfaces__rosidl_typesupport_fastrtps_cpp
[0.775s] [ 79%] Built target quad_interfaces__rosidl_typesupport_fastrtps_c
[0.775s] [ 79%] Built target quad_interfaces
[0.777s] [ 80%] Built target quad_interfaces__py
[0.777s] [ 90%] Built target quad_interfaces__python
[0.779s] [ 93%] Built target quad_interfaces__rosidl_typesupport_fastrtps_c__pyext
[0.779s] [ 96%] Built target quad_interfaces__rosidl_typesupport_c__pyext
[0.780s] [100%] Built target quad_interfaces__rosidl_typesupport_introspection_c__pyext
[0.782s] Invoked command in '/home/devpc/Desktop/quad_ws/build/quad_interfaces' returned '0': CMAKE_PREFIX_PATH=${CMAKE_PREFIX_PATH}:/home/devpc/Desktop/quad_ws/install/teleop_twist_keyboard:/home/devpc/Desktop/quad_ws/install/teleop:/home/devpc/Desktop/quad_ws/install/quad:/home/devpc/Desktop/quad_ws/install/motion_servos_calibration:/opt/ros/foxy /usr/bin/cmake --build /home/devpc/Desktop/quad_ws/build/quad_interfaces -- -j8 -l8
[0.877s] Invoking command in '/home/devpc/Desktop/quad_ws/build/quad_interfaces': CMAKE_PREFIX_PATH=${CMAKE_PREFIX_PATH}:/home/devpc/Desktop/quad_ws/install/teleop_twist_keyboard:/home/devpc/Desktop/quad_ws/install/teleop:/home/devpc/Desktop/quad_ws/install/quad:/home/devpc/Desktop/quad_ws/install/motion_servos_calibration:/opt/ros/foxy /usr/bin/cmake --install /home/devpc/Desktop/quad_ws/build/quad_interfaces
[0.887s] -- Install configuration: ""
[0.888s] -- Up-to-date: /home/devpc/Desktop/quad_ws/install/quad_interfaces/share/ament_index/resource_index/rosidl_interfaces/quad_interfaces
[0.888s] -- Up-to-date: /home/devpc/Desktop/quad_ws/install/quad_interfaces/include/quad_interfaces
[0.889s] -- Up-to-date: /home/devpc/Desktop/quad_ws/install/quad_interfaces/include/quad_interfaces/msg
[0.889s] -- Up-to-date: /home/devpc/Desktop/quad_ws/install/quad_interfaces/include/quad_interfaces/msg/aux_servos_parameters.h
[0.889s] -- Up-to-date: /home/devpc/Desktop/quad_ws/install/quad_interfaces/include/quad_interfaces/msg/emergency_stop.h
[0.889s] -- Up-to-date: /home/devpc/Desktop/quad_ws/install/quad_interfaces/include/quad_interfaces/msg/detail
[0.889s] -- Up-to-date: /home/devpc/Desktop/quad_ws/install/quad_interfaces/include/quad_interfaces/msg/detail/emergency_stop__functions.h
[0.890s] -- Up-to-date: /home/devpc/Desktop/quad_ws/install/quad_interfaces/include/quad_interfaces/msg/detail/motion_servos_parameters__type_support.h
[0.890s] -- Up-to-date: /home/devpc/Desktop/quad_ws/install/quad_interfaces/include/quad_interfaces/msg/detail/motion_servos_calibration__type_support.h
[0.890s] -- Up-to-date: /home/devpc/Desktop/quad_ws/install/quad_interfaces/include/quad_interfaces/msg/detail/motion_servos__functions.h
[0.890s] -- Up-to-date: /home/devpc/Desktop/quad_ws/install/quad_interfaces/include/quad_interfaces/msg/detail/aux_servos_calibration__type_support.h
[0.890s] -- Up-to-date: /home/devpc/Desktop/quad_ws/install/quad_interfaces/include/quad_interfaces/msg/detail/aux_servos_parameters__functions.c
[0.890s] -- Up-to-date: /home/devpc/Desktop/quad_ws/install/quad_interfaces/include/quad_interfaces/msg/detail/aux_servos__functions.c
[0.891s] -- Up-to-date: /home/devpc/Desktop/quad_ws/install/quad_interfaces/include/quad_interfaces/msg/detail/motion_servos__functions.c
[0.891s] -- Up-to-date: /home/devpc/Desktop/quad_ws/install/quad_interfaces/include/quad_interfaces/msg/detail/motion_servos_parameters__functions.h
[0.891s] -- Up-to-date: /home/devpc/Desktop/quad_ws/install/quad_interfaces/include/quad_interfaces/msg/detail/aux_servos_parameters__type_support.h
[0.891s] -- Up-to-date: /home/devpc/Desktop/quad_ws/install/quad_interfaces/include/quad_interfaces/msg/detail/aux_servos__functions.h
[0.891s] -- Up-to-date: /home/devpc/Desktop/quad_ws/install/quad_interfaces/include/quad_interfaces/msg/detail/emergency_stop__functions.c
[0.892s] -- Up-to-date: /home/devpc/Desktop/quad_ws/install/quad_interfaces/include/quad_interfaces/msg/detail/motion_servos__type_support.h
[0.892s] -- Up-to-date: /home/devpc/Desktop/quad_ws/install/quad_interfaces/include/quad_interfaces/msg/detail/motion_servos_calibration__functions.h
[0.892s] -- Up-to-date: /home/devpc/Desktop/quad_ws/install/quad_interfaces/include/quad_interfaces/msg/detail/aux_servos_parameters__functions.h
[0.892s] -- Up-to-date: /home/devpc/Desktop/quad_ws/install/quad_interfaces/include/quad_interfaces/msg/detail/aux_servos__struct.h
[0.893s] -- Up-to-date: /home/devpc/Desktop/quad_ws/install/quad_interfaces/include/quad_interfaces/msg/detail/aux_servos_parameters__struct.h
[0.893s] -- Up-to-date: /home/devpc/Desktop/quad_ws/install/quad_interfaces/include/quad_interfaces/msg/detail/aux_servos_calibration__struct.h
[0.893s] -- Up-to-date: /home/devpc/Desktop/quad_ws/install/quad_interfaces/include/quad_interfaces/msg/detail/motion_servos_calibration__struct.h
[0.893s] -- Up-to-date: /home/devpc/Desktop/quad_ws/install/quad_interfaces/include/quad_interfaces/msg/detail/motion_servos_parameters__functions.c
[0.893s] -- Up-to-date: /home/devpc/Desktop/quad_ws/install/quad_interfaces/include/quad_interfaces/msg/detail/motion_servos_calibration__functions.c
[0.894s] -- Up-to-date: /home/devpc/Desktop/quad_ws/install/quad_interfaces/include/quad_interfaces/msg/detail/motion_servos_parameters__struct.h
[0.894s] -- Up-to-date: /home/devpc/Desktop/quad_ws/install/quad_interfaces/include/quad_interfaces/msg/detail/aux_servos_calibration__functions.c
[0.894s] -- Up-to-date: /home/devpc/Desktop/quad_ws/install/quad_interfaces/include/quad_interfaces/msg/detail/motion_servos__struct.h
[0.894s] -- Up-to-date: /home/devpc/Desktop/quad_ws/install/quad_interfaces/include/quad_interfaces/msg/detail/emergency_stop__struct.h
[0.894s] -- Up-to-date: /home/devpc/Desktop/quad_ws/install/quad_interfaces/include/quad_interfaces/msg/detail/aux_servos_calibration__functions.h
[0.894s] -- Up-to-date: /home/devpc/Desktop/quad_ws/install/quad_interfaces/include/quad_interfaces/msg/detail/aux_servos__type_support.h
[0.894s] -- Up-to-date: /home/devpc/Desktop/quad_ws/install/quad_interfaces/include/quad_interfaces/msg/detail/emergency_stop__type_support.h
[0.895s] -- Up-to-date: /home/devpc/Desktop/quad_ws/install/quad_interfaces/include/quad_interfaces/msg/motion_servos.h
[0.895s] -- Up-to-date: /home/devpc/Desktop/quad_ws/install/quad_interfaces/include/quad_interfaces/msg/motion_servos_calibration.h
[0.895s] -- Up-to-date: /home/devpc/Desktop/quad_ws/install/quad_interfaces/include/quad_interfaces/msg/motion_servos_parameters.h
[0.895s] -- Up-to-date: /home/devpc/Desktop/quad_ws/install/quad_interfaces/include/quad_interfaces/msg/aux_servos_calibration.h
[0.895s] -- Up-to-date: /home/devpc/Desktop/quad_ws/install/quad_interfaces/include/quad_interfaces/msg/rosidl_generator_c__visibility_control.h
[0.895s] -- Up-to-date: /home/devpc/Desktop/quad_ws/install/quad_interfaces/include/quad_interfaces/msg/aux_servos.h
[0.895s] -- Up-to-date: /home/devpc/Desktop/quad_ws/install/quad_interfaces/share/quad_interfaces/environment/library_path.sh
[0.896s] -- Up-to-date: /home/devpc/Desktop/quad_ws/install/quad_interfaces/share/quad_interfaces/environment/library_path.dsv
[0.896s] -- Up-to-date: /home/devpc/Desktop/quad_ws/install/quad_interfaces/lib/libquad_interfaces__rosidl_generator_c.so
[0.896s] -- Up-to-date: /home/devpc/Desktop/quad_ws/install/quad_interfaces/include/quad_interfaces
[0.896s] -- Up-to-date: /home/devpc/Desktop/quad_ws/install/quad_interfaces/include/quad_interfaces/msg
[0.896s] -- Up-to-date: /home/devpc/Desktop/quad_ws/install/quad_interfaces/include/quad_interfaces/msg/detail
[0.896s] -- Up-to-date: /home/devpc/Desktop/quad_ws/install/quad_interfaces/include/quad_interfaces/msg/detail/aux_servos__rosidl_typesupport_fastrtps_c.h
[0.896s] -- Up-to-date: /home/devpc/Desktop/quad_ws/install/quad_interfaces/include/quad_interfaces/msg/detail/motion_servos__rosidl_typesupport_fastrtps_c.h
[0.896s] -- Up-to-date: /home/devpc/Desktop/quad_ws/install/quad_interfaces/include/quad_interfaces/msg/detail/motion_servos_calibration__rosidl_typesupport_fastrtps_c.h
[0.897s] -- Up-to-date: /home/devpc/Desktop/quad_ws/install/quad_interfaces/include/quad_interfaces/msg/detail/motion_servos_parameters__rosidl_typesupport_fastrtps_c.h
[0.897s] -- Up-to-date: /home/devpc/Desktop/quad_ws/install/quad_interfaces/include/quad_interfaces/msg/detail/aux_servos_parameters__rosidl_typesupport_fastrtps_c.h
[0.897s] -- Up-to-date: /home/devpc/Desktop/quad_ws/install/quad_interfaces/include/quad_interfaces/msg/detail/emergency_stop__rosidl_typesupport_fastrtps_c.h
[0.897s] -- Up-to-date: /home/devpc/Desktop/quad_ws/install/quad_interfaces/include/quad_interfaces/msg/detail/aux_servos_calibration__rosidl_typesupport_fastrtps_c.h
[0.897s] -- Up-to-date: /home/devpc/Desktop/quad_ws/install/quad_interfaces/include/quad_interfaces/msg/rosidl_typesupport_fastrtps_c__visibility_control.h
[0.897s] -- Up-to-date: /home/devpc/Desktop/quad_ws/install/quad_interfaces/lib/libquad_interfaces__rosidl_typesupport_fastrtps_c.so
[0.897s] -- Up-to-date: /home/devpc/Desktop/quad_ws/install/quad_interfaces/include/quad_interfaces
[0.897s] -- Up-to-date: /home/devpc/Desktop/quad_ws/install/quad_interfaces/include/quad_interfaces/msg
[0.897s] -- Up-to-date: /home/devpc/Desktop/quad_ws/install/quad_interfaces/include/quad_interfaces/msg/detail
[0.897s] -- Up-to-date: /home/devpc/Desktop/quad_ws/install/quad_interfaces/include/quad_interfaces/msg/detail/aux_servos__rosidl_typesupport_fastrtps_cpp.hpp
[0.898s] -- Up-to-date: /home/devpc/Desktop/quad_ws/install/quad_interfaces/include/quad_interfaces/msg/detail/emergency_stop__rosidl_typesupport_fastrtps_cpp.hpp
[0.898s] -- Up-to-date: /home/devpc/Desktop/quad_ws/install/quad_interfaces/include/quad_interfaces/msg/detail/motion_servos_parameters__rosidl_typesupport_fastrtps_cpp.hpp
[0.898s] -- Up-to-date: /home/devpc/Desktop/quad_ws/install/quad_interfaces/include/quad_interfaces/msg/detail/aux_servos_parameters__rosidl_typesupport_fastrtps_cpp.hpp
[0.898s] -- Up-to-date: /home/devpc/Desktop/quad_ws/install/quad_interfaces/include/quad_interfaces/msg/detail/aux_servos_calibration__rosidl_typesupport_fastrtps_cpp.hpp
[0.898s] -- Up-to-date: /home/devpc/Desktop/quad_ws/install/quad_interfaces/include/quad_interfaces/msg/detail/motion_servos_calibration__rosidl_typesupport_fastrtps_cpp.hpp
[0.898s] -- Up-to-date: /home/devpc/Desktop/quad_ws/install/quad_interfaces/include/quad_interfaces/msg/detail/motion_servos__rosidl_typesupport_fastrtps_cpp.hpp
[0.898s] -- Up-to-date: /home/devpc/Desktop/quad_ws/install/quad_interfaces/include/quad_interfaces/msg/detail/dds_fastrtps
[0.898s] -- Up-to-date: /home/devpc/Desktop/quad_ws/install/quad_interfaces/include/quad_interfaces/msg/rosidl_typesupport_fastrtps_cpp__visibility_control.h
[0.898s] -- Up-to-date: /home/devpc/Desktop/quad_ws/install/quad_interfaces/lib/libquad_interfaces__rosidl_typesupport_fastrtps_cpp.so
[0.898s] -- Up-to-date: /home/devpc/Desktop/quad_ws/install/quad_interfaces/include/quad_interfaces
[0.899s] -- Up-to-date: /home/devpc/Desktop/quad_ws/install/quad_interfaces/include/quad_interfaces/msg
[0.899s] -- Up-to-date: /home/devpc/Desktop/quad_ws/install/quad_interfaces/include/quad_interfaces/msg/detail
[0.899s] -- Up-to-date: /home/devpc/Desktop/quad_ws/install/quad_interfaces/include/quad_interfaces/msg/detail/emergency_stop__type_support.c
[0.899s] -- Up-to-date: /home/devpc/Desktop/quad_ws/install/quad_interfaces/include/quad_interfaces/msg/detail/motion_servos_calibration__type_support.c
[0.899s] -- Up-to-date: /home/devpc/Desktop/quad_ws/install/quad_interfaces/include/quad_interfaces/msg/detail/aux_servos_parameters__rosidl_typesupport_introspection_c.h
[0.899s] -- Up-to-date: /home/devpc/Desktop/quad_ws/install/quad_interfaces/include/quad_interfaces/msg/detail/aux_servos__rosidl_typesupport_introspection_c.h
[0.899s] -- Up-to-date: /home/devpc/Desktop/quad_ws/install/quad_interfaces/include/quad_interfaces/msg/detail/motion_servos_parameters__rosidl_typesupport_introspection_c.h
[0.899s] -- Up-to-date: /home/devpc/Desktop/quad_ws/install/quad_interfaces/include/quad_interfaces/msg/detail/motion_servos_calibration__rosidl_typesupport_introspection_c.h
[0.899s] -- Up-to-date: /home/devpc/Desktop/quad_ws/install/quad_interfaces/include/quad_interfaces/msg/detail/motion_servos__type_support.c
[0.899s] -- Up-to-date: /home/devpc/Desktop/quad_ws/install/quad_interfaces/include/quad_interfaces/msg/detail/aux_servos__type_support.c
[0.900s] -- Up-to-date: /home/devpc/Desktop/quad_ws/install/quad_interfaces/include/quad_interfaces/msg/detail/motion_servos__rosidl_typesupport_introspection_c.h
[0.900s] -- Up-to-date: /home/devpc/Desktop/quad_ws/install/quad_interfaces/include/quad_interfaces/msg/detail/aux_servos_calibration__rosidl_typesupport_introspection_c.h
[0.900s] -- Up-to-date: /home/devpc/Desktop/quad_ws/install/quad_interfaces/include/quad_interfaces/msg/detail/emergency_stop__rosidl_typesupport_introspection_c.h
[0.900s] -- Up-to-date: /home/devpc/Desktop/quad_ws/install/quad_interfaces/include/quad_interfaces/msg/detail/aux_servos_parameters__type_support.c
[0.900s] -- Up-to-date: /home/devpc/Desktop/quad_ws/install/quad_interfaces/include/quad_interfaces/msg/detail/motion_servos_parameters__type_support.c
[0.900s] -- Up-to-date: /home/devpc/Desktop/quad_ws/install/quad_interfaces/include/quad_interfaces/msg/detail/aux_servos_calibration__type_support.c
[0.900s] -- Up-to-date: /home/devpc/Desktop/quad_ws/install/quad_interfaces/include/quad_interfaces/msg/rosidl_typesupport_introspection_c__visibility_control.h
[0.900s] -- Up-to-date: /home/devpc/Desktop/quad_ws/install/quad_interfaces/lib/libquad_interfaces__rosidl_typesupport_introspection_c.so
[0.900s] -- Up-to-date: /home/devpc/Desktop/quad_ws/install/quad_interfaces/lib/libquad_interfaces__rosidl_typesupport_c.so
[0.900s] -- Up-to-date: /home/devpc/Desktop/quad_ws/install/quad_interfaces/include/quad_interfaces
[0.901s] -- Up-to-date: /home/devpc/Desktop/quad_ws/install/quad_interfaces/include/quad_interfaces/msg
[0.901s] -- Up-to-date: /home/devpc/Desktop/quad_ws/install/quad_interfaces/include/quad_interfaces/msg/aux_servos_parameters.hpp
[0.901s] -- Up-to-date: /home/devpc/Desktop/quad_ws/install/quad_interfaces/include/quad_interfaces/msg/aux_servos_calibration.hpp
[0.901s] -- Up-to-date: /home/devpc/Desktop/quad_ws/install/quad_interfaces/include/quad_interfaces/msg/motion_servos_parameters.hpp
[0.901s] -- Up-to-date: /home/devpc/Desktop/quad_ws/install/quad_interfaces/include/quad_interfaces/msg/motion_servos.hpp
[0.901s] -- Up-to-date: /home/devpc/Desktop/quad_ws/install/quad_interfaces/include/quad_interfaces/msg/detail
[0.901s] -- Up-to-date: /home/devpc/Desktop/quad_ws/install/quad_interfaces/include/quad_interfaces/msg/detail/aux_servos_calibration__traits.hpp
[0.901s] -- Up-to-date: /home/devpc/Desktop/quad_ws/install/quad_interfaces/include/quad_interfaces/msg/detail/aux_servos_calibration__builder.hpp
[0.901s] -- Up-to-date: /home/devpc/Desktop/quad_ws/install/quad_interfaces/include/quad_interfaces/msg/detail/motion_servos__struct.hpp
[0.901s] -- Up-to-date: /home/devpc/Desktop/quad_ws/install/quad_interfaces/include/quad_interfaces/msg/detail/motion_servos__builder.hpp
[0.902s] -- Up-to-date: /home/devpc/Desktop/quad_ws/install/quad_interfaces/include/quad_interfaces/msg/detail/emergency_stop__builder.hpp
[0.902s] -- Up-to-date: /home/devpc/Desktop/quad_ws/install/quad_interfaces/include/quad_interfaces/msg/detail/aux_servos__struct.hpp
[0.902s] -- Up-to-date: /home/devpc/Desktop/quad_ws/install/quad_interfaces/include/quad_interfaces/msg/detail/motion_servos_parameters__builder.hpp
[0.902s] -- Up-to-date: /home/devpc/Desktop/quad_ws/install/quad_interfaces/include/quad_interfaces/msg/detail/aux_servos_parameters__struct.hpp
[0.902s] -- Up-to-date: /home/devpc/Desktop/quad_ws/install/quad_interfaces/include/quad_interfaces/msg/detail/aux_servos_parameters__builder.hpp
[0.902s] -- Up-to-date: /home/devpc/Desktop/quad_ws/install/quad_interfaces/include/quad_interfaces/msg/detail/motion_servos__traits.hpp
[0.902s] -- Up-to-date: /home/devpc/Desktop/quad_ws/install/quad_interfaces/include/quad_interfaces/msg/detail/emergency_stop__struct.hpp
[0.902s] -- Up-to-date: /home/devpc/Desktop/quad_ws/install/quad_interfaces/include/quad_interfaces/msg/detail/motion_servos_parameters__traits.hpp
[0.902s] -- Up-to-date: /home/devpc/Desktop/quad_ws/install/quad_interfaces/include/quad_interfaces/msg/detail/aux_servos__builder.hpp
[0.902s] -- Up-to-date: /home/devpc/Desktop/quad_ws/install/quad_interfaces/include/quad_interfaces/msg/detail/motion_servos_calibration__builder.hpp
[0.903s] -- Up-to-date: /home/devpc/Desktop/quad_ws/install/quad_interfaces/include/quad_interfaces/msg/detail/aux_servos__traits.hpp
[0.903s] -- Up-to-date: /home/devpc/Desktop/quad_ws/install/quad_interfaces/include/quad_interfaces/msg/detail/aux_servos_parameters__traits.hpp
[0.903s] -- Up-to-date: /home/devpc/Desktop/quad_ws/install/quad_interfaces/include/quad_interfaces/msg/detail/emergency_stop__traits.hpp
[0.903s] -- Up-to-date: /home/devpc/Desktop/quad_ws/install/quad_interfaces/include/quad_interfaces/msg/detail/motion_servos_parameters__struct.hpp
[0.903s] -- Up-to-date: /home/devpc/Desktop/quad_ws/install/quad_interfaces/include/quad_interfaces/msg/detail/aux_servos_calibration__struct.hpp
[0.903s] -- Up-to-date: /home/devpc/Desktop/quad_ws/install/quad_interfaces/include/quad_interfaces/msg/detail/motion_servos_calibration__traits.hpp
[0.903s] -- Up-to-date: /home/devpc/Desktop/quad_ws/install/quad_interfaces/include/quad_interfaces/msg/detail/motion_servos_calibration__struct.hpp
[0.903s] -- Up-to-date: /home/devpc/Desktop/quad_ws/install/quad_interfaces/include/quad_interfaces/msg/emergency_stop.hpp
[0.903s] -- Up-to-date: /home/devpc/Desktop/quad_ws/install/quad_interfaces/include/quad_interfaces/msg/aux_servos.hpp
[0.903s] -- Up-to-date: /home/devpc/Desktop/quad_ws/install/quad_interfaces/include/quad_interfaces/msg/motion_servos_calibration.hpp
[0.904s] -- Up-to-date: /home/devpc/Desktop/quad_ws/install/quad_interfaces/include/quad_interfaces
[0.904s] -- Up-to-date: /home/devpc/Desktop/quad_ws/install/quad_interfaces/include/quad_interfaces/msg
[0.904s] -- Up-to-date: /home/devpc/Desktop/quad_ws/install/quad_interfaces/include/quad_interfaces/msg/detail
[0.904s] -- Up-to-date: /home/devpc/Desktop/quad_ws/install/quad_interfaces/include/quad_interfaces/msg/detail/aux_servos_parameters__rosidl_typesupport_introspection_cpp.hpp
[0.904s] -- Up-to-date: /home/devpc/Desktop/quad_ws/install/quad_interfaces/include/quad_interfaces/msg/detail/motion_servos__rosidl_typesupport_introspection_cpp.hpp
[0.904s] -- Up-to-date: /home/devpc/Desktop/quad_ws/install/quad_interfaces/include/quad_interfaces/msg/detail/aux_servos__rosidl_typesupport_introspection_cpp.hpp
[0.904s] -- Up-to-date: /home/devpc/Desktop/quad_ws/install/quad_interfaces/include/quad_interfaces/msg/detail/motion_servos__type_support.cpp
[0.904s] -- Up-to-date: /home/devpc/Desktop/quad_ws/install/quad_interfaces/include/quad_interfaces/msg/detail/aux_servos_calibration__rosidl_typesupport_introspection_cpp.hpp
[0.904s] -- Up-to-date: /home/devpc/Desktop/quad_ws/install/quad_interfaces/include/quad_interfaces/msg/detail/emergency_stop__type_support.cpp
[0.904s] -- Up-to-date: /home/devpc/Desktop/quad_ws/install/quad_interfaces/include/quad_interfaces/msg/detail/motion_servos_calibration__rosidl_typesupport_introspection_cpp.hpp
[0.905s] -- Up-to-date: /home/devpc/Desktop/quad_ws/install/quad_interfaces/include/quad_interfaces/msg/detail/aux_servos_calibration__type_support.cpp
[0.905s] -- Up-to-date: /home/devpc/Desktop/quad_ws/install/quad_interfaces/include/quad_interfaces/msg/detail/motion_servos_parameters__rosidl_typesupport_introspection_cpp.hpp
[0.905s] -- Up-to-date: /home/devpc/Desktop/quad_ws/install/quad_interfaces/include/quad_interfaces/msg/detail/motion_servos_calibration__type_support.cpp
[0.905s] -- Up-to-date: /home/devpc/Desktop/quad_ws/install/quad_interfaces/include/quad_interfaces/msg/detail/motion_servos_parameters__type_support.cpp
[0.905s] -- Up-to-date: /home/devpc/Desktop/quad_ws/install/quad_interfaces/include/quad_interfaces/msg/detail/aux_servos_parameters__type_support.cpp
[0.905s] -- Up-to-date: /home/devpc/Desktop/quad_ws/install/quad_interfaces/include/quad_interfaces/msg/detail/aux_servos__type_support.cpp
[0.905s] -- Up-to-date: /home/devpc/Desktop/quad_ws/install/quad_interfaces/include/quad_interfaces/msg/detail/emergency_stop__rosidl_typesupport_introspection_cpp.hpp
[0.905s] -- Up-to-date: /home/devpc/Desktop/quad_ws/install/quad_interfaces/lib/libquad_interfaces__rosidl_typesupport_introspection_cpp.so
[0.905s] -- Up-to-date: /home/devpc/Desktop/quad_ws/install/quad_interfaces/lib/libquad_interfaces__rosidl_typesupport_cpp.so
[0.905s] -- Up-to-date: /home/devpc/Desktop/quad_ws/install/quad_interfaces/share/quad_interfaces/environment/pythonpath.sh
[0.906s] -- Up-to-date: /home/devpc/Desktop/quad_ws/install/quad_interfaces/share/quad_interfaces/environment/pythonpath.dsv
[0.906s] -- Up-to-date: /home/devpc/Desktop/quad_ws/install/quad_interfaces/lib/python3.8/site-packages/quad_interfaces/__init__.py
[0.951s] -- Up-to-date: /home/devpc/Desktop/quad_ws/install/quad_interfaces/lib/python3.8/site-packages/quad_interfaces/msg
[0.951s] -- Up-to-date: /home/devpc/Desktop/quad_ws/install/quad_interfaces/lib/python3.8/site-packages/quad_interfaces/msg/_aux_servos_calibration.py
[0.952s] -- Up-to-date: /home/devpc/Desktop/quad_ws/install/quad_interfaces/lib/python3.8/site-packages/quad_interfaces/msg/_motion_servos_parameters_s.c
[0.952s] -- Up-to-date: /home/devpc/Desktop/quad_ws/install/quad_interfaces/lib/python3.8/site-packages/quad_interfaces/msg/_motion_servos_parameters.py
[0.952s] -- Up-to-date: /home/devpc/Desktop/quad_ws/install/quad_interfaces/lib/python3.8/site-packages/quad_interfaces/msg/_emergency_stop_s.c
[0.953s] -- Up-to-date: /home/devpc/Desktop/quad_ws/install/quad_interfaces/lib/python3.8/site-packages/quad_interfaces/msg/_aux_servos_parameters.py
[0.953s] -- Up-to-date: /home/devpc/Desktop/quad_ws/install/quad_interfaces/lib/python3.8/site-packages/quad_interfaces/msg/_motion_servos_s.c
[0.953s] -- Up-to-date: /home/devpc/Desktop/quad_ws/install/quad_interfaces/lib/python3.8/site-packages/quad_interfaces/msg/_aux_servos.py
[0.954s] -- Up-to-date: /home/devpc/Desktop/quad_ws/install/quad_interfaces/lib/python3.8/site-packages/quad_interfaces/msg/_motion_servos.py
[0.954s] -- Up-to-date: /home/devpc/Desktop/quad_ws/install/quad_interfaces/lib/python3.8/site-packages/quad_interfaces/msg/_aux_servos_calibration_s.c
[0.954s] -- Up-to-date: /home/devpc/Desktop/quad_ws/install/quad_interfaces/lib/python3.8/site-packages/quad_interfaces/msg/__init__.py
[0.955s] -- Up-to-date: /home/devpc/Desktop/quad_ws/install/quad_interfaces/lib/python3.8/site-packages/quad_interfaces/msg/_aux_servos_s.c
[0.955s] -- Up-to-date: /home/devpc/Desktop/quad_ws/install/quad_interfaces/lib/python3.8/site-packages/quad_interfaces/msg/_emergency_stop.py
[0.955s] -- Up-to-date: /home/devpc/Desktop/quad_ws/install/quad_interfaces/lib/python3.8/site-packages/quad_interfaces/msg/_motion_servos_calibration_s.c
[0.955s] -- Up-to-date: /home/devpc/Desktop/quad_ws/install/quad_interfaces/lib/python3.8/site-packages/quad_interfaces/msg/_motion_servos_calibration.py
[0.956s] -- Up-to-date: /home/devpc/Desktop/quad_ws/install/quad_interfaces/lib/python3.8/site-packages/quad_interfaces/msg/_aux_servos_parameters_s.c
[0.957s] -- Up-to-date: /home/devpc/Desktop/quad_ws/install/quad_interfaces/lib/python3.8/site-packages/quad_interfaces/quad_interfaces_s__rosidl_typesupport_fastrtps_c.cpython-38-x86_64-linux-gnu.so
[0.957s] -- Up-to-date: /home/devpc/Desktop/quad_ws/install/quad_interfaces/lib/python3.8/site-packages/quad_interfaces/quad_interfaces_s__rosidl_typesupport_introspection_c.cpython-38-x86_64-linux-gnu.so
[0.958s] -- Up-to-date: /home/devpc/Desktop/quad_ws/install/quad_interfaces/lib/python3.8/site-packages/quad_interfaces/quad_interfaces_s__rosidl_typesupport_c.cpython-38-x86_64-linux-gnu.so
[0.958s] -- Up-to-date: /home/devpc/Desktop/quad_ws/install/quad_interfaces/lib/libquad_interfaces__python.so
[0.958s] -- Up-to-date: /home/devpc/Desktop/quad_ws/install/quad_interfaces/share/quad_interfaces/msg/MotionServos.idl
[0.958s] -- Up-to-date: /home/devpc/Desktop/quad_ws/install/quad_interfaces/share/quad_interfaces/msg/MotionServosParameters.idl
[0.958s] -- Up-to-date: /home/devpc/Desktop/quad_ws/install/quad_interfaces/share/quad_interfaces/msg/EmergencyStop.idl
[0.959s] -- Up-to-date: /home/devpc/Desktop/quad_ws/install/quad_interfaces/share/quad_interfaces/msg/AuxServos.idl
[0.959s] -- Up-to-date: /home/devpc/Desktop/quad_ws/install/quad_interfaces/share/quad_interfaces/msg/AuxServosParameters.idl
[0.959s] -- Up-to-date: /home/devpc/Desktop/quad_ws/install/quad_interfaces/share/quad_interfaces/msg/MotionServos.msg
[0.960s] -- Up-to-date: /home/devpc/Desktop/quad_ws/install/quad_interfaces/share/quad_interfaces/msg/MotionServosParameters.msg
[0.960s] -- Up-to-date: /home/devpc/Desktop/quad_ws/install/quad_interfaces/share/quad_interfaces/msg/EmergencyStop.msg
[0.960s] -- Up-to-date: /home/devpc/Desktop/quad_ws/install/quad_interfaces/share/quad_interfaces/msg/AuxServos.msg
[0.961s] -- Up-to-date: /home/devpc/Desktop/quad_ws/install/quad_interfaces/share/quad_interfaces/msg/AuxServosParameters.msg
[0.961s] -- Up-to-date: /home/devpc/Desktop/quad_ws/install/quad_interfaces/share/ament_index/resource_index/package_run_dependencies/quad_interfaces
[0.962s] -- Up-to-date: /home/devpc/Desktop/quad_ws/install/quad_interfaces/share/ament_index/resource_index/parent_prefix_path/quad_interfaces
[0.962s] -- Up-to-date: /home/devpc/Desktop/quad_ws/install/quad_interfaces/share/quad_interfaces/environment/ament_prefix_path.sh
[0.962s] -- Up-to-date: /home/devpc/Desktop/quad_ws/install/quad_interfaces/share/quad_interfaces/environment/ament_prefix_path.dsv
[0.962s] -- Up-to-date: /home/devpc/Desktop/quad_ws/install/quad_interfaces/share/quad_interfaces/environment/path.sh
[0.963s] -- Up-to-date: /home/devpc/Desktop/quad_ws/install/quad_interfaces/share/quad_interfaces/environment/path.dsv
[0.963s] -- Up-to-date: /home/devpc/Desktop/quad_ws/install/quad_interfaces/share/quad_interfaces/local_setup.bash
[0.963s] -- Up-to-date: /home/devpc/Desktop/quad_ws/install/quad_interfaces/share/quad_interfaces/local_setup.sh
[0.963s] -- Up-to-date: /home/devpc/Desktop/quad_ws/install/quad_interfaces/share/quad_interfaces/local_setup.zsh
[0.964s] -- Up-to-date: /home/devpc/Desktop/quad_ws/install/quad_interfaces/share/quad_interfaces/local_setup.dsv
[0.964s] -- Installing: /home/devpc/Desktop/quad_ws/install/quad_interfaces/share/quad_interfaces/package.dsv
[0.965s] -- Up-to-date: /home/devpc/Desktop/quad_ws/install/quad_interfaces/share/ament_index/resource_index/packages/quad_interfaces
[0.965s] -- Up-to-date: /home/devpc/Desktop/quad_ws/install/quad_interfaces/share/quad_interfaces/cmake/quad_interfaces__rosidl_generator_cExport.cmake
[0.966s] -- Up-to-date: /home/devpc/Desktop/quad_ws/install/quad_interfaces/share/quad_interfaces/cmake/quad_interfaces__rosidl_generator_cExport-noconfig.cmake
[0.966s] -- Up-to-date: /home/devpc/Desktop/quad_ws/install/quad_interfaces/share/quad_interfaces/cmake/quad_interfaces__rosidl_typesupport_introspection_cExport.cmake
[0.966s] -- Up-to-date: /home/devpc/Desktop/quad_ws/install/quad_interfaces/share/quad_interfaces/cmake/quad_interfaces__rosidl_typesupport_introspection_cExport-noconfig.cmake
[0.967s] -- Up-to-date: /home/devpc/Desktop/quad_ws/install/quad_interfaces/share/quad_interfaces/cmake/quad_interfaces__rosidl_typesupport_cExport.cmake
[0.967s] -- Up-to-date: /home/devpc/Desktop/quad_ws/install/quad_interfaces/share/quad_interfaces/cmake/quad_interfaces__rosidl_typesupport_cExport-noconfig.cmake
[0.967s] -- Up-to-date: /home/devpc/Desktop/quad_ws/install/quad_interfaces/share/quad_interfaces/cmake/quad_interfaces__rosidl_generator_cppExport.cmake
[0.967s] -- Up-to-date: /home/devpc/Desktop/quad_ws/install/quad_interfaces/share/quad_interfaces/cmake/quad_interfaces__rosidl_typesupport_introspection_cppExport.cmake
[0.969s] -- Up-to-date: /home/devpc/Desktop/quad_ws/install/quad_interfaces/share/quad_interfaces/cmake/quad_interfaces__rosidl_typesupport_introspection_cppExport-noconfig.cmake
[0.969s] -- Up-to-date: /home/devpc/Desktop/quad_ws/install/quad_interfaces/share/quad_interfaces/cmake/quad_interfaces__rosidl_typesupport_cppExport.cmake
[0.969s] -- Up-to-date: /home/devpc/Desktop/quad_ws/install/quad_interfaces/share/quad_interfaces/cmake/quad_interfaces__rosidl_typesupport_cppExport-noconfig.cmake
[0.970s] -- Up-to-date: /home/devpc/Desktop/quad_ws/install/quad_interfaces/share/quad_interfaces/cmake/rosidl_cmake-extras.cmake
[0.970s] -- Up-to-date: /home/devpc/Desktop/quad_ws/install/quad_interfaces/share/quad_interfaces/cmake/ament_cmake_export_dependencies-extras.cmake
[0.971s] -- Up-to-date: /home/devpc/Desktop/quad_ws/install/quad_interfaces/share/quad_interfaces/cmake/ament_cmake_export_libraries-extras.cmake
[0.971s] -- Up-to-date: /home/devpc/Desktop/quad_ws/install/quad_interfaces/share/quad_interfaces/cmake/ament_cmake_export_targets-extras.cmake
[0.971s] -- Up-to-date: /home/devpc/Desktop/quad_ws/install/quad_interfaces/share/quad_interfaces/cmake/ament_cmake_export_include_directories-extras.cmake
[0.972s] -- Up-to-date: /home/devpc/Desktop/quad_ws/install/quad_interfaces/share/quad_interfaces/cmake/rosidl_cmake_export_typesupport_libraries-extras.cmake
[0.972s] -- Up-to-date: /home/devpc/Desktop/quad_ws/install/quad_interfaces/share/quad_interfaces/cmake/rosidl_cmake_export_typesupport_targets-extras.cmake
[0.972s] -- Up-to-date: /home/devpc/Desktop/quad_ws/install/quad_interfaces/share/quad_interfaces/cmake/quad_interfacesConfig.cmake
[0.973s] -- Up-to-date: /home/devpc/Desktop/quad_ws/install/quad_interfaces/share/quad_interfaces/cmake/quad_interfacesConfig-version.cmake
[0.973s] -- Up-to-date: /home/devpc/Desktop/quad_ws/install/quad_interfaces/share/quad_interfaces/package.xml
[0.977s] Invoked command in '/home/devpc/Desktop/quad_ws/build/quad_interfaces' returned '0': CMAKE_PREFIX_PATH=${CMAKE_PREFIX_PATH}:/home/devpc/Desktop/quad_ws/install/teleop_twist_keyboard:/home/devpc/Desktop/quad_ws/install/teleop:/home/devpc/Desktop/quad_ws/install/quad:/home/devpc/Desktop/quad_ws/install/motion_servos_calibration:/opt/ros/foxy /usr/bin/cmake --install /home/devpc/Desktop/quad_ws/build/quad_interfaces
