[0.263s] Invoking command in '/home/devpc/Desktop/quad_ws/src/joystick_ros2': PYTHONPATH=/home/devpc/Desktop/quad_ws/install/joystick_ros2/lib/python3.8/site-packages:${PYTHONPATH} /usr/bin/python3 setup.py egg_info --egg-base ../../build/joystick_ros2 build --build-base /home/devpc/Desktop/quad_ws/build/joystick_ros2/build install --prefix /home/devpc/Desktop/quad_ws/install/joystick_ros2 --record /home/devpc/Desktop/quad_ws/build/joystick_ros2/install.log --single-version-externally-managed
[0.491s] running egg_info
[0.491s] writing ../../build/joystick_ros2/joystick_ros2.egg-info/PKG-INFO
[0.492s] writing dependency_links to ../../build/joystick_ros2/joystick_ros2.egg-info/dependency_links.txt
[0.492s] writing entry points to ../../build/joystick_ros2/joystick_ros2.egg-info/entry_points.txt
[0.492s] writing requirements to ../../build/joystick_ros2/joystick_ros2.egg-info/requires.txt
[0.492s] writing top-level names to ../../build/joystick_ros2/joystick_ros2.egg-info/top_level.txt
[0.541s] reading manifest file '../../build/joystick_ros2/joystick_ros2.egg-info/SOURCES.txt'
[0.541s] writing manifest file '../../build/joystick_ros2/joystick_ros2.egg-info/SOURCES.txt'
[0.542s] running build
[0.542s] running build_py
[0.542s] copying joystick_ros2.py -> /home/devpc/Desktop/quad_ws/build/joystick_ros2/build/lib
[0.542s] running install
[0.543s] running install_lib
[0.543s] copying /home/devpc/Desktop/quad_ws/build/joystick_ros2/build/lib/joystick_ros2.py -> /home/devpc/Desktop/quad_ws/install/joystick_ros2/lib/python3.8/site-packages
[0.544s] byte-compiling /home/devpc/Desktop/quad_ws/install/joystick_ros2/lib/python3.8/site-packages/joystick_ros2.py to joystick_ros2.cpython-38.pyc
[0.546s] running install_data
[0.546s] running install_egg_info
[0.548s] removing '/home/devpc/Desktop/quad_ws/install/joystick_ros2/lib/python3.8/site-packages/joystick_ros2-0.0.1-py3.8.egg-info' (and everything under it)
[0.548s] Copying ../../build/joystick_ros2/joystick_ros2.egg-info to /home/devpc/Desktop/quad_ws/install/joystick_ros2/lib/python3.8/site-packages/joystick_ros2-0.0.1-py3.8.egg-info
[0.549s] running install_scripts
[0.563s] Installing joystick_ros2 script to /home/devpc/Desktop/quad_ws/install/joystick_ros2/lib/joystick_ros2
[0.564s] writing list of installed files to '/home/devpc/Desktop/quad_ws/build/joystick_ros2/install.log'
[0.581s] Invoked command in '/home/devpc/Desktop/quad_ws/src/joystick_ros2' returned '0': PYTHONPATH=/home/devpc/Desktop/quad_ws/install/joystick_ros2/lib/python3.8/site-packages:${PYTHONPATH} /usr/bin/python3 setup.py egg_info --egg-base ../../build/joystick_ros2 build --build-base /home/devpc/Desktop/quad_ws/build/joystick_ros2/build install --prefix /home/devpc/Desktop/quad_ws/install/joystick_ros2 --record /home/devpc/Desktop/quad_ws/build/joystick_ros2/install.log --single-version-externally-managed
