running egg_info
creating ../../build/quad/quad.egg-info
writing ../../build/quad/quad.egg-info/PKG-INFO
writing dependency_links to ../../build/quad/quad.egg-info/dependency_links.txt
writing entry points to ../../build/quad/quad.egg-info/entry_points.txt
writing requirements to ../../build/quad/quad.egg-info/requires.txt
writing top-level names to ../../build/quad/quad.egg-info/top_level.txt
writing manifest file '../../build/quad/quad.egg-info/SOURCES.txt'
reading manifest file '../../build/quad/quad.egg-info/SOURCES.txt'
writing manifest file '../../build/quad/quad.egg-info/SOURCES.txt'
running build
running build_py
creating /home/devpc/Desktop/quad_ws/build/quad/build
creating /home/devpc/Desktop/quad_ws/build/quad/build/lib
creating /home/devpc/Desktop/quad_ws/build/quad/build/lib/quad
copying quad/__init__.py -> /home/devpc/Desktop/quad_ws/build/quad/build/lib/quad
copying quad/quad.py -> /home/devpc/Desktop/quad_ws/build/quad/build/lib/quad
running install
running install_lib
creating /home/devpc/Desktop/quad_ws/install/quad/lib/python3.8/site-packages/quad
copying /home/devpc/Desktop/quad_ws/build/quad/build/lib/quad/__init__.py -> /home/devpc/Desktop/quad_ws/install/quad/lib/python3.8/site-packages/quad
copying /home/devpc/Desktop/quad_ws/build/quad/build/lib/quad/quad.py -> /home/devpc/Desktop/quad_ws/install/quad/lib/python3.8/site-packages/quad
byte-compiling /home/devpc/Desktop/quad_ws/install/quad/lib/python3.8/site-packages/quad/__init__.py to __init__.cpython-38.pyc
byte-compiling /home/devpc/Desktop/quad_ws/install/quad/lib/python3.8/site-packages/quad/quad.py to quad.cpython-38.pyc
running install_data
creating /home/devpc/Desktop/quad_ws/install/quad/share/ament_index
creating /home/devpc/Desktop/quad_ws/install/quad/share/ament_index/resource_index
creating /home/devpc/Desktop/quad_ws/install/quad/share/ament_index/resource_index/packages
copying resource/quad -> /home/devpc/Desktop/quad_ws/install/quad/share/ament_index/resource_index/packages
copying package.xml -> /home/devpc/Desktop/quad_ws/install/quad/share/quad
running install_egg_info
Copying ../../build/quad/quad.egg-info to /home/devpc/Desktop/quad_ws/install/quad/lib/python3.8/site-packages/quad-0.0.0-py3.8.egg-info
running install_scripts
Installing quad script to /home/devpc/Desktop/quad_ws/install/quad/lib/quad
writing list of installed files to '/home/devpc/Desktop/quad_ws/build/quad/install.log'
