[0.234s] Invoking command in '/home/devpc/Desktop/quad_ws/src/quad': PYTHONPATH=/home/devpc/Desktop/quad_ws/install/quad/lib/python3.8/site-packages:${PYTHONPATH} /usr/bin/python3 setup.py egg_info --egg-base ../../build/quad build --build-base /home/devpc/Desktop/quad_ws/build/quad/build install --prefix /home/devpc/Desktop/quad_ws/install/quad --record /home/devpc/Desktop/quad_ws/build/quad/install.log --single-version-externally-managed
[0.428s] running egg_info
[0.428s] creating ../../build/quad/quad.egg-info
[0.428s] writing ../../build/quad/quad.egg-info/PKG-INFO
[0.429s] writing dependency_links to ../../build/quad/quad.egg-info/dependency_links.txt
[0.429s] writing entry points to ../../build/quad/quad.egg-info/entry_points.txt
[0.429s] writing requirements to ../../build/quad/quad.egg-info/requires.txt
[0.429s] writing top-level names to ../../build/quad/quad.egg-info/top_level.txt
[0.430s] writing manifest file '../../build/quad/quad.egg-info/SOURCES.txt'
[0.467s] reading manifest file '../../build/quad/quad.egg-info/SOURCES.txt'
[0.468s] writing manifest file '../../build/quad/quad.egg-info/SOURCES.txt'
[0.468s] running build
[0.468s] running build_py
[0.468s] creating /home/devpc/Desktop/quad_ws/build/quad/build
[0.468s] creating /home/devpc/Desktop/quad_ws/build/quad/build/lib
[0.468s] creating /home/devpc/Desktop/quad_ws/build/quad/build/lib/quad
[0.468s] copying quad/__init__.py -> /home/devpc/Desktop/quad_ws/build/quad/build/lib/quad
[0.469s] copying quad/quad.py -> /home/devpc/Desktop/quad_ws/build/quad/build/lib/quad
[0.469s] running install
[0.469s] running install_lib
[0.470s] creating /home/devpc/Desktop/quad_ws/install/quad/lib/python3.8/site-packages/quad
[0.470s] copying /home/devpc/Desktop/quad_ws/build/quad/build/lib/quad/__init__.py -> /home/devpc/Desktop/quad_ws/install/quad/lib/python3.8/site-packages/quad
[0.470s] copying /home/devpc/Desktop/quad_ws/build/quad/build/lib/quad/quad.py -> /home/devpc/Desktop/quad_ws/install/quad/lib/python3.8/site-packages/quad
[0.471s] byte-compiling /home/devpc/Desktop/quad_ws/install/quad/lib/python3.8/site-packages/quad/__init__.py to __init__.cpython-38.pyc
[0.472s] byte-compiling /home/devpc/Desktop/quad_ws/install/quad/lib/python3.8/site-packages/quad/quad.py to quad.cpython-38.pyc
[0.472s] running install_data
[0.473s] creating /home/devpc/Desktop/quad_ws/install/quad/share/ament_index
[0.473s] creating /home/devpc/Desktop/quad_ws/install/quad/share/ament_index/resource_index
[0.473s] creating /home/devpc/Desktop/quad_ws/install/quad/share/ament_index/resource_index/packages
[0.473s] copying resource/quad -> /home/devpc/Desktop/quad_ws/install/quad/share/ament_index/resource_index/packages
[0.473s] copying package.xml -> /home/devpc/Desktop/quad_ws/install/quad/share/quad
[0.473s] running install_egg_info
[0.474s] Copying ../../build/quad/quad.egg-info to /home/devpc/Desktop/quad_ws/install/quad/lib/python3.8/site-packages/quad-0.0.0-py3.8.egg-info
[0.475s] running install_scripts
[0.491s] Installing quad script to /home/devpc/Desktop/quad_ws/install/quad/lib/quad
[0.492s] writing list of installed files to '/home/devpc/Desktop/quad_ws/build/quad/install.log'
[0.512s] Invoked command in '/home/devpc/Desktop/quad_ws/src/quad' returned '0': PYTHONPATH=/home/devpc/Desktop/quad_ws/install/quad/lib/python3.8/site-packages:${PYTHONPATH} /usr/bin/python3 setup.py egg_info --egg-base ../../build/quad build --build-base /home/devpc/Desktop/quad_ws/build/quad/build install --prefix /home/devpc/Desktop/quad_ws/install/quad --record /home/devpc/Desktop/quad_ws/build/quad/install.log --single-version-externally-managed
