[0.783s] Invoking command in '/home/devpc/Desktop/quad_ws/src/teleop': PYTHONPATH=/home/devpc/Desktop/quad_ws/install/teleop/lib/python3.8/site-packages:${PYTHONPATH} /usr/bin/python3 setup.py egg_info --egg-base ../../build/teleop build --build-base /home/devpc/Desktop/quad_ws/build/teleop/build install --prefix /home/devpc/Desktop/quad_ws/install/teleop --record /home/devpc/Desktop/quad_ws/build/teleop/install.log --single-version-externally-managed
[1.112s] running egg_info
[1.113s] writing ../../build/teleop/teleop.egg-info/PKG-INFO
[1.113s] writing dependency_links to ../../build/teleop/teleop.egg-info/dependency_links.txt
[1.113s] writing entry points to ../../build/teleop/teleop.egg-info/entry_points.txt
[1.114s] writing requirements to ../../build/teleop/teleop.egg-info/requires.txt
[1.114s] writing top-level names to ../../build/teleop/teleop.egg-info/top_level.txt
[1.153s] reading manifest file '../../build/teleop/teleop.egg-info/SOURCES.txt'
[1.154s] writing manifest file '../../build/teleop/teleop.egg-info/SOURCES.txt'
[1.154s] running build
[1.154s] running build_py
[1.154s] running install
[1.155s] running install_lib
[1.156s] running install_data
[1.156s] running install_egg_info
[1.158s] removing '/home/devpc/Desktop/quad_ws/install/teleop/lib/python3.8/site-packages/teleop-0.0.0-py3.8.egg-info' (and everything under it)
[1.158s] Copying ../../build/teleop/teleop.egg-info to /home/devpc/Desktop/quad_ws/install/teleop/lib/python3.8/site-packages/teleop-0.0.0-py3.8.egg-info
[1.159s] running install_scripts
[1.178s] Installing teleop script to /home/devpc/Desktop/quad_ws/install/teleop/lib/teleop
[1.178s] writing list of installed files to '/home/devpc/Desktop/quad_ws/build/teleop/install.log'
