[0.058s] Invoking command in '/home/devpc/Desktop/microros_ws/build/shape_msgs': AMENT_PREFIX_PATH=/home/devpc/Desktop/microros_ws/install/geometry_msgs:/home/devpc/Desktop/microros_ws/install/std_msgs:/home/devpc/Desktop/microros_ws/install/builtin_interfaces:${AMENT_PREFIX_PATH} CMAKE_PREFIX_PATH=/home/devpc/Desktop/microros_ws/install/geometry_msgs:/home/devpc/Desktop/microros_ws/install/std_msgs:/home/devpc/Desktop/microros_ws/install/builtin_interfaces:/home/devpc/Desktop/microros_ws/install/rosidl_typesupport_microxrcedds_cpp:/home/devpc/Desktop/microros_ws/install/rosidl_typesupport_microxrcedds_c:/home/devpc/Desktop/microros_ws/install/microcdr:/home/devpc/Desktop/microros_ws/install/micro_ros_agent:/home/devpc/Desktop/microros_ws/install/microxrcedds_agent:/home/devpc/Desktop/microros_ws/install/micro_ros_setup:/home/devpc/Desktop/microros_ws/install/micro_ros_msgs:/home/devpc/Desktop/quad_ws/install/quad_interfaces:/home/devpc/Desktop/quad_ws/install/quad:/opt/ros/foxy LD_LIBRARY_PATH=/home/devpc/Desktop/microros_ws/install/geometry_msgs/lib:/home/devpc/Desktop/microros_ws/install/std_msgs/lib:/home/devpc/Desktop/microros_ws/install/builtin_interfaces/lib:${LD_LIBRARY_PATH} PYTHONPATH=/home/devpc/Desktop/microros_ws/install/geometry_msgs/lib/python3.8/site-packages:/home/devpc/Desktop/microros_ws/install/std_msgs/lib/python3.8/site-packages:/home/devpc/Desktop/microros_ws/install/builtin_interfaces/lib/python3.8/site-packages:${PYTHONPATH} /usr/bin/cmake /home/devpc/Desktop/microros_ws/src/ros2/common_interfaces/shape_msgs -DCMAKE_INSTALL_PREFIX=/home/devpc/Desktop/microros_ws/install/shape_msgs
[0.134s] -- The C compiler identification is GNU 9.3.0
[0.220s] -- The CXX compiler identification is GNU 9.3.0
[0.227s] -- Check for working C compiler: /usr/bin/cc
[0.336s] -- Check for working C compiler: /usr/bin/cc -- works
[0.338s] -- Detecting C compiler ABI info
[0.493s] -- Detecting C compiler ABI info - done
[0.522s] -- Detecting C compile features
[0.522s] -- Detecting C compile features - done
[0.526s] -- Check for working CXX compiler: /usr/bin/c++
[0.656s] -- Check for working CXX compiler: /usr/bin/c++ -- works
[0.658s] -- Detecting CXX compiler ABI info
[0.783s] -- Detecting CXX compiler ABI info - done
[0.806s] -- Detecting CXX compile features
[0.807s] -- Detecting CXX compile features - done
[0.813s] -- Found ament_cmake: 0.9.8 (/opt/ros/foxy/share/ament_cmake/cmake)
[0.897s] -- Found PythonInterp: /usr/bin/python3 (found suitable version "3.8.10", minimum required is "3") 
[0.898s] -- Using PYTHON_EXECUTABLE: /usr/bin/python3
[1.260s] -- Found geometry_msgs: 2.0.4 (/home/devpc/Desktop/microros_ws/install/geometry_msgs/share/geometry_msgs/cmake)
[1.313s] -- Using all available rosidl_typesupport_c: rosidl_typesupport_microxrcedds_c;rosidl_typesupport_fastrtps_c;rosidl_typesupport_introspection_c
[1.328s] -- Found rosidl_adapter: 1.2.1 (/opt/ros/foxy/share/rosidl_adapter/cmake)
[1.493s] -- Found OpenSSL: /usr/lib/x86_64-linux-gnu/libcrypto.so (found version "1.1.1f")  
[1.536s] -- Found FastRTPS: /opt/ros/foxy/include  
[1.657s] -- Using all available rosidl_typesupport_cpp: rosidl_typesupport_microxrcedds_cpp;rosidl_typesupport_fastrtps_cpp;rosidl_typesupport_introspection_cpp
[1.848s] -- Found rosidl_default_generators: 1.0.1 (/opt/ros/foxy/share/rosidl_default_generators/cmake)
[1.908s] -- Found PythonInterp: /usr/bin/python3 (found version "3.8.10") 
[2.272s] -- Found ament_cmake_cppcheck: 0.9.6 (/opt/ros/foxy/share/ament_cmake_cppcheck/cmake)
[2.277s] -- Found ament_cmake_cpplint: 0.9.6 (/opt/ros/foxy/share/ament_cmake_cpplint/cmake)
[2.281s] -- Found ament_cmake_uncrustify: 0.9.6 (/opt/ros/foxy/share/ament_cmake_uncrustify/cmake)
[2.286s] -- Found ament_cmake_ros: 0.9.2 (/opt/ros/foxy/share/ament_cmake_ros/cmake)
[2.886s] -- Using all available rosidl_typesupport_c: rosidl_typesupport_microxrcedds_c;rosidl_typesupport_fastrtps_c;rosidl_typesupport_introspection_c
[3.205s] -- Using all available rosidl_typesupport_cpp: rosidl_typesupport_microxrcedds_cpp;rosidl_typesupport_fastrtps_cpp;rosidl_typesupport_introspection_cpp
[3.250s] -- Found PythonInterp: /usr/bin/python3 (found suitable version "3.8.10", minimum required is "3.5") 
[3.254s] -- Found python_cmake_module: 0.8.1 (/opt/ros/foxy/share/python_cmake_module/cmake)
[3.296s] -- Found PythonLibs: /usr/lib/x86_64-linux-gnu/libpython3.8.so (found suitable version "3.8.10", minimum required is "3.5") 
[3.297s] -- Using PYTHON_EXECUTABLE: /usr/bin/python3
[3.297s] -- Using PYTHON_INCLUDE_DIRS: /usr/include/python3.8
[3.297s] -- Using PYTHON_LIBRARIES: /usr/lib/x86_64-linux-gnu/libpython3.8.so
[3.331s] -- Found PythonExtra: .so  
[3.507s] -- Found ament_cmake_flake8: 0.9.6 (/opt/ros/foxy/share/ament_cmake_flake8/cmake)
[3.511s] -- Found ament_cmake_pep257: 0.9.6 (/opt/ros/foxy/share/ament_cmake_pep257/cmake)
[3.537s] -- Configuring done
[3.698s] -- Generating done
[3.704s] -- Build files have been written to: /home/devpc/Desktop/microros_ws/build/shape_msgs
[3.727s] Invoked command in '/home/devpc/Desktop/microros_ws/build/shape_msgs' returned '0': AMENT_PREFIX_PATH=/home/devpc/Desktop/microros_ws/install/geometry_msgs:/home/devpc/Desktop/microros_ws/install/std_msgs:/home/devpc/Desktop/microros_ws/install/builtin_interfaces:${AMENT_PREFIX_PATH} CMAKE_PREFIX_PATH=/home/devpc/Desktop/microros_ws/install/geometry_msgs:/home/devpc/Desktop/microros_ws/install/std_msgs:/home/devpc/Desktop/microros_ws/install/builtin_interfaces:/home/devpc/Desktop/microros_ws/install/rosidl_typesupport_microxrcedds_cpp:/home/devpc/Desktop/microros_ws/install/rosidl_typesupport_microxrcedds_c:/home/devpc/Desktop/microros_ws/install/microcdr:/home/devpc/Desktop/microros_ws/install/micro_ros_agent:/home/devpc/Desktop/microros_ws/install/microxrcedds_agent:/home/devpc/Desktop/microros_ws/install/micro_ros_setup:/home/devpc/Desktop/microros_ws/install/micro_ros_msgs:/home/devpc/Desktop/quad_ws/install/quad_interfaces:/home/devpc/Desktop/quad_ws/install/quad:/opt/ros/foxy LD_LIBRARY_PATH=/home/devpc/Desktop/microros_ws/install/geometry_msgs/lib:/home/devpc/Desktop/microros_ws/install/std_msgs/lib:/home/devpc/Desktop/microros_ws/install/builtin_interfaces/lib:${LD_LIBRARY_PATH} PYTHONPATH=/home/devpc/Desktop/microros_ws/install/geometry_msgs/lib/python3.8/site-packages:/home/devpc/Desktop/microros_ws/install/std_msgs/lib/python3.8/site-packages:/home/devpc/Desktop/microros_ws/install/builtin_interfaces/lib/python3.8/site-packages:${PYTHONPATH} /usr/bin/cmake /home/devpc/Desktop/microros_ws/src/ros2/common_interfaces/shape_msgs -DCMAKE_INSTALL_PREFIX=/home/devpc/Desktop/microros_ws/install/shape_msgs
[3.731s] Invoking command in '/home/devpc/Desktop/microros_ws/build/shape_msgs': AMENT_PREFIX_PATH=/home/devpc/Desktop/microros_ws/install/geometry_msgs:/home/devpc/Desktop/microros_ws/install/std_msgs:/home/devpc/Desktop/microros_ws/install/builtin_interfaces:${AMENT_PREFIX_PATH} CMAKE_PREFIX_PATH=/home/devpc/Desktop/microros_ws/install/geometry_msgs:/home/devpc/Desktop/microros_ws/install/std_msgs:/home/devpc/Desktop/microros_ws/install/builtin_interfaces:/home/devpc/Desktop/microros_ws/install/rosidl_typesupport_microxrcedds_cpp:/home/devpc/Desktop/microros_ws/install/rosidl_typesupport_microxrcedds_c:/home/devpc/Desktop/microros_ws/install/microcdr:/home/devpc/Desktop/microros_ws/install/micro_ros_agent:/home/devpc/Desktop/microros_ws/install/microxrcedds_agent:/home/devpc/Desktop/microros_ws/install/micro_ros_setup:/home/devpc/Desktop/microros_ws/install/micro_ros_msgs:/home/devpc/Desktop/quad_ws/install/quad_interfaces:/home/devpc/Desktop/quad_ws/install/quad:/opt/ros/foxy LD_LIBRARY_PATH=/home/devpc/Desktop/microros_ws/install/geometry_msgs/lib:/home/devpc/Desktop/microros_ws/install/std_msgs/lib:/home/devpc/Desktop/microros_ws/install/builtin_interfaces/lib:${LD_LIBRARY_PATH} PYTHONPATH=/home/devpc/Desktop/microros_ws/install/geometry_msgs/lib/python3.8/site-packages:/home/devpc/Desktop/microros_ws/install/std_msgs/lib/python3.8/site-packages:/home/devpc/Desktop/microros_ws/install/builtin_interfaces/lib/python3.8/site-packages:${PYTHONPATH} /usr/bin/cmake --build /home/devpc/Desktop/microros_ws/build/shape_msgs -- -j8 -l8
[4.115s] [35m[1mScanning dependencies of target shape_msgs__cpp[0m
[4.115s] [  1%] [34m[1mGenerating C code for ROS interfaces[0m
[4.115s] [  2%] [34m[1mGenerating C++ code for ROS interfaces[0m
[5.854s] [35m[1mScanning dependencies of target shape_msgs__rosidl_generator_c[0m
[5.972s] [  4%] [32mBuilding C object CMakeFiles/shape_msgs__rosidl_generator_c.dir/rosidl_generator_c/shape_msgs/msg/detail/mesh__functions.c.o[0m
[5.998s] [  5%] [32mBuilding C object CMakeFiles/shape_msgs__rosidl_generator_c.dir/rosidl_generator_c/shape_msgs/msg/detail/mesh_triangle__functions.c.o[0m
[6.186s] [  7%] [32mBuilding C object CMakeFiles/shape_msgs__rosidl_generator_c.dir/rosidl_generator_c/shape_msgs/msg/detail/solid_primitive__functions.c.o[0m
[6.302s] [  7%] Built target shape_msgs__cpp
[6.419s] [  8%] [32mBuilding C object CMakeFiles/shape_msgs__rosidl_generator_c.dir/rosidl_generator_c/shape_msgs/msg/detail/plane__functions.c.o[0m
[6.608s] [ 10%] [32m[1mLinking C shared library libshape_msgs__rosidl_generator_c.so[0m
[6.741s] [ 10%] Built target shape_msgs__rosidl_generator_c
[6.808s] [ 11%] [34m[1mGenerating C++ type support for eProsima Micro XRCE-DDS[0m
[9.143s] [35m[1mScanning dependencies of target shape_msgs__rosidl_typesupport_microxrcedds_cpp[0m
[9.228s] [ 13%] [32mBuilding CXX object CMakeFiles/shape_msgs__rosidl_typesupport_microxrcedds_cpp.dir/rosidl_typesupport_microxrcedds_cpp/shape_msgs/msg/detail/microxrcedds/mesh__type_support_cpp.cpp.o[0m
[10.554s] [ 14%] [32mBuilding CXX object CMakeFiles/shape_msgs__rosidl_typesupport_microxrcedds_cpp.dir/rosidl_typesupport_microxrcedds_cpp/shape_msgs/msg/detail/microxrcedds/mesh_triangle__type_support_cpp.cpp.o[0m
[11.550s] [ 15%] [32mBuilding CXX object CMakeFiles/shape_msgs__rosidl_typesupport_microxrcedds_cpp.dir/rosidl_typesupport_microxrcedds_cpp/shape_msgs/msg/detail/microxrcedds/plane__type_support_cpp.cpp.o[0m
[12.161s] [ 17%] [32mBuilding CXX object CMakeFiles/shape_msgs__rosidl_typesupport_microxrcedds_cpp.dir/rosidl_typesupport_microxrcedds_cpp/shape_msgs/msg/detail/microxrcedds/solid_primitive__type_support_cpp.cpp.o[0m
[12.747s] [ 18%] [32m[1mLinking CXX shared library libshape_msgs__rosidl_typesupport_microxrcedds_cpp.so[0m
[12.907s] [ 18%] Built target shape_msgs__rosidl_typesupport_microxrcedds_cpp
[12.930s] [ 20%] [34m[1mGenerating C introspection for ROS interfaces[0m
[13.848s] [35m[1mScanning dependencies of target shape_msgs__rosidl_typesupport_introspection_c[0m
[13.872s] [ 21%] [32mBuilding C object CMakeFiles/shape_msgs__rosidl_typesupport_introspection_c.dir/rosidl_typesupport_introspection_c/shape_msgs/msg/detail/mesh__type_support.c.o[0m
[13.986s] [ 23%] [32mBuilding C object CMakeFiles/shape_msgs__rosidl_typesupport_introspection_c.dir/rosidl_typesupport_introspection_c/shape_msgs/msg/detail/plane__type_support.c.o[0m
[14.117s] [ 24%] [32mBuilding C object CMakeFiles/shape_msgs__rosidl_typesupport_introspection_c.dir/rosidl_typesupport_introspection_c/shape_msgs/msg/detail/solid_primitive__type_support.c.o[0m
[14.278s] [ 26%] [32mBuilding C object CMakeFiles/shape_msgs__rosidl_typesupport_introspection_c.dir/rosidl_typesupport_introspection_c/shape_msgs/msg/detail/mesh_triangle__type_support.c.o[0m
[14.332s] [ 27%] [32m[1mLinking C shared library libshape_msgs__rosidl_typesupport_introspection_c.so[0m
[14.382s] [ 27%] Built target shape_msgs__rosidl_typesupport_introspection_c
[14.425s] [ 28%] [34m[1mGenerating C type support for eProsima Micro XRCE-DDS[0m
[15.704s] [35m[1mScanning dependencies of target shape_msgs__rosidl_typesupport_microxrcedds_c[0m
[15.749s] [ 30%] [32mBuilding C object CMakeFiles/shape_msgs__rosidl_typesupport_microxrcedds_c.dir/rosidl_typesupport_microxrcedds_c/shape_msgs/msg/detail/microxrcedds/mesh__type_support_c.c.o[0m
[15.881s] [ 31%] [32mBuilding C object CMakeFiles/shape_msgs__rosidl_typesupport_microxrcedds_c.dir/rosidl_typesupport_microxrcedds_c/shape_msgs/msg/detail/microxrcedds/solid_primitive__type_support_c.c.o[0m
[15.957s] [ 33%] [32mBuilding C object CMakeFiles/shape_msgs__rosidl_typesupport_microxrcedds_c.dir/rosidl_typesupport_microxrcedds_c/shape_msgs/msg/detail/microxrcedds/plane__type_support_c.c.o[0m
[16.022s] [ 34%] [32mBuilding C object CMakeFiles/shape_msgs__rosidl_typesupport_microxrcedds_c.dir/rosidl_typesupport_microxrcedds_c/shape_msgs/msg/detail/microxrcedds/mesh_triangle__type_support_c.c.o[0m
[16.106s] [ 36%] [32m[1mLinking C shared library libshape_msgs__rosidl_typesupport_microxrcedds_c.so[0m
[16.207s] [ 36%] Built target shape_msgs__rosidl_typesupport_microxrcedds_c
[16.224s] [ 37%] [34m[1mGenerating C type support dispatch for ROS interfaces[0m
[17.003s] [35m[1mScanning dependencies of target shape_msgs__rosidl_typesupport_c[0m
[17.025s] [ 39%] [32mBuilding CXX object CMakeFiles/shape_msgs__rosidl_typesupport_c.dir/rosidl_typesupport_c/shape_msgs/msg/mesh__type_support.cpp.o[0m
[17.070s] [ 40%] [32mBuilding CXX object CMakeFiles/shape_msgs__rosidl_typesupport_c.dir/rosidl_typesupport_c/shape_msgs/msg/solid_primitive__type_support.cpp.o[0m
[17.164s] [ 42%] [32mBuilding CXX object CMakeFiles/shape_msgs__rosidl_typesupport_c.dir/rosidl_typesupport_c/shape_msgs/msg/plane__type_support.cpp.o[0m
[17.221s] [ 43%] [32mBuilding CXX object CMakeFiles/shape_msgs__rosidl_typesupport_c.dir/rosidl_typesupport_c/shape_msgs/msg/mesh_triangle__type_support.cpp.o[0m
[17.297s] [ 44%] [32m[1mLinking CXX shared library libshape_msgs__rosidl_typesupport_c.so[0m
[17.428s] [ 44%] Built target shape_msgs__rosidl_typesupport_c
[17.442s] [ 46%] [34m[1mGenerating C++ type support for eProsima Fast-RTPS[0m
[18.447s] [35m[1mScanning dependencies of target shape_msgs__rosidl_typesupport_fastrtps_cpp[0m
[18.510s] [ 47%] [32mBuilding CXX object CMakeFiles/shape_msgs__rosidl_typesupport_fastrtps_cpp.dir/rosidl_typesupport_fastrtps_cpp/shape_msgs/msg/detail/dds_fastrtps/mesh__type_support.cpp.o[0m
[19.636s] [ 49%] [32mBuilding CXX object CMakeFiles/shape_msgs__rosidl_typesupport_fastrtps_cpp.dir/rosidl_typesupport_fastrtps_cpp/shape_msgs/msg/detail/dds_fastrtps/solid_primitive__type_support.cpp.o[0m
[20.840s] [ 50%] [32mBuilding CXX object CMakeFiles/shape_msgs__rosidl_typesupport_fastrtps_cpp.dir/rosidl_typesupport_fastrtps_cpp/shape_msgs/msg/detail/dds_fastrtps/plane__type_support.cpp.o[0m
[21.808s] [ 52%] [32mBuilding CXX object CMakeFiles/shape_msgs__rosidl_typesupport_fastrtps_cpp.dir/rosidl_typesupport_fastrtps_cpp/shape_msgs/msg/detail/dds_fastrtps/mesh_triangle__type_support.cpp.o[0m
[22.648s] [ 53%] [32m[1mLinking CXX shared library libshape_msgs__rosidl_typesupport_fastrtps_cpp.so[0m
[22.838s] [ 53%] Built target shape_msgs__rosidl_typesupport_fastrtps_cpp
[22.856s] [ 55%] [34m[1mGenerating C++ type support dispatch for ROS interfaces[0m
[23.610s] [35m[1mScanning dependencies of target shape_msgs__rosidl_typesupport_cpp[0m
[23.632s] [ 56%] [32mBuilding CXX object CMakeFiles/shape_msgs__rosidl_typesupport_cpp.dir/rosidl_typesupport_cpp/shape_msgs/msg/mesh__type_support.cpp.o[0m
[24.170s] [ 57%] [32mBuilding CXX object CMakeFiles/shape_msgs__rosidl_typesupport_cpp.dir/rosidl_typesupport_cpp/shape_msgs/msg/solid_primitive__type_support.cpp.o[0m
[24.748s] [ 59%] [32mBuilding CXX object CMakeFiles/shape_msgs__rosidl_typesupport_cpp.dir/rosidl_typesupport_cpp/shape_msgs/msg/plane__type_support.cpp.o[0m
[25.265s] [ 60%] [32mBuilding CXX object CMakeFiles/shape_msgs__rosidl_typesupport_cpp.dir/rosidl_typesupport_cpp/shape_msgs/msg/mesh_triangle__type_support.cpp.o[0m
[25.824s] [ 62%] [32m[1mLinking CXX shared library libshape_msgs__rosidl_typesupport_cpp.so[0m
[25.888s] [ 62%] Built target shape_msgs__rosidl_typesupport_cpp
[25.919s] [ 63%] [34m[1mGenerating C type support for eProsima Fast-RTPS[0m
[26.847s] [35m[1mScanning dependencies of target shape_msgs__rosidl_typesupport_fastrtps_c[0m
[26.882s] [ 65%] [32mBuilding CXX object CMakeFiles/shape_msgs__rosidl_typesupport_fastrtps_c.dir/rosidl_typesupport_fastrtps_c/shape_msgs/msg/detail/mesh__type_support_c.cpp.o[0m
[27.536s] [ 66%] [32mBuilding CXX object CMakeFiles/shape_msgs__rosidl_typesupport_fastrtps_c.dir/rosidl_typesupport_fastrtps_c/shape_msgs/msg/detail/solid_primitive__type_support_c.cpp.o[0m
[28.195s] [ 68%] [32mBuilding CXX object CMakeFiles/shape_msgs__rosidl_typesupport_fastrtps_c.dir/rosidl_typesupport_fastrtps_c/shape_msgs/msg/detail/plane__type_support_c.cpp.o[0m
[28.839s] [ 69%] [32mBuilding CXX object CMakeFiles/shape_msgs__rosidl_typesupport_fastrtps_c.dir/rosidl_typesupport_fastrtps_c/shape_msgs/msg/detail/mesh_triangle__type_support_c.cpp.o[0m
[29.564s] [ 71%] [32m[1mLinking CXX shared library libshape_msgs__rosidl_typesupport_fastrtps_c.so[0m
[29.740s] [ 71%] Built target shape_msgs__rosidl_typesupport_fastrtps_c
[29.757s] [ 72%] [34m[1mGenerating C++ introspection for ROS interfaces[0m
[30.631s] [35m[1mScanning dependencies of target shape_msgs__rosidl_typesupport_introspection_cpp[0m
[30.655s] [ 73%] [32mBuilding CXX object CMakeFiles/shape_msgs__rosidl_typesupport_introspection_cpp.dir/rosidl_typesupport_introspection_cpp/shape_msgs/msg/detail/mesh__type_support.cpp.o[0m
[31.335s] [ 75%] [32mBuilding CXX object CMakeFiles/shape_msgs__rosidl_typesupport_introspection_cpp.dir/rosidl_typesupport_introspection_cpp/shape_msgs/msg/detail/solid_primitive__type_support.cpp.o[0m
[31.922s] [ 76%] [32mBuilding CXX object CMakeFiles/shape_msgs__rosidl_typesupport_introspection_cpp.dir/rosidl_typesupport_introspection_cpp/shape_msgs/msg/detail/plane__type_support.cpp.o[0m
[32.455s] [ 78%] [32mBuilding CXX object CMakeFiles/shape_msgs__rosidl_typesupport_introspection_cpp.dir/rosidl_typesupport_introspection_cpp/shape_msgs/msg/detail/mesh_triangle__type_support.cpp.o[0m
[32.973s] [ 79%] [32m[1mLinking CXX shared library libshape_msgs__rosidl_typesupport_introspection_cpp.so[0m
[33.115s] [ 79%] Built target shape_msgs__rosidl_typesupport_introspection_cpp
[33.130s] [35m[1mScanning dependencies of target shape_msgs[0m
[33.148s] [ 79%] Built target shape_msgs
[33.167s] [35m[1mScanning dependencies of target shape_msgs__py[0m
[33.193s] [ 81%] [34m[1mGenerating Python code for ROS interfaces[0m
[34.935s] [ 81%] Built target shape_msgs__py
[34.952s] [35m[1mScanning dependencies of target shape_msgs__python[0m
[34.999s] [ 82%] [32mBuilding C object CMakeFiles/shape_msgs__python.dir/rosidl_generator_py/shape_msgs/msg/_mesh_s.c.o[0m
[35.172s] [ 84%] [32mBuilding C object CMakeFiles/shape_msgs__python.dir/rosidl_generator_py/shape_msgs/msg/_solid_primitive_s.c.o[0m
[35.338s] [ 85%] [32mBuilding C object CMakeFiles/shape_msgs__python.dir/rosidl_generator_py/shape_msgs/msg/_plane_s.c.o[0m
[35.506s] [ 86%] [32mBuilding C object CMakeFiles/shape_msgs__python.dir/rosidl_generator_py/shape_msgs/msg/_mesh_triangle_s.c.o[0m
[35.654s] [ 88%] [32m[1mLinking C shared library rosidl_generator_py/shape_msgs/libshape_msgs__python.so[0m
[35.722s] [ 88%] Built target shape_msgs__python
[35.736s] [35m[1mScanning dependencies of target shape_msgs__rosidl_typesupport_introspection_c__pyext[0m
[35.765s] [ 89%] [32mBuilding C object CMakeFiles/shape_msgs__rosidl_typesupport_introspection_c__pyext.dir/rosidl_generator_py/shape_msgs/_shape_msgs_s.ep.rosidl_typesupport_introspection_c.c.o[0m
[35.928s] [ 91%] [32m[1mLinking C shared library rosidl_generator_py/shape_msgs/shape_msgs_s__rosidl_typesupport_introspection_c.cpython-38-x86_64-linux-gnu.so[0m
[35.988s] [ 91%] Built target shape_msgs__rosidl_typesupport_introspection_c__pyext
[36.002s] [35m[1mScanning dependencies of target shape_msgs__rosidl_typesupport_c__pyext[0m
[36.037s] [ 92%] [32mBuilding C object CMakeFiles/shape_msgs__rosidl_typesupport_c__pyext.dir/rosidl_generator_py/shape_msgs/_shape_msgs_s.ep.rosidl_typesupport_c.c.o[0m
[36.200s] [ 94%] [32m[1mLinking C shared library rosidl_generator_py/shape_msgs/shape_msgs_s__rosidl_typesupport_c.cpython-38-x86_64-linux-gnu.so[0m
[36.266s] [ 94%] Built target shape_msgs__rosidl_typesupport_c__pyext
[36.289s] [35m[1mScanning dependencies of target shape_msgs__rosidl_typesupport_microxrcedds_c__pyext[0m
[36.324s] [ 95%] [32mBuilding C object CMakeFiles/shape_msgs__rosidl_typesupport_microxrcedds_c__pyext.dir/rosidl_generator_py/shape_msgs/_shape_msgs_s.ep.rosidl_typesupport_microxrcedds_c.c.o[0m
[36.497s] [ 97%] [32m[1mLinking C shared library rosidl_generator_py/shape_msgs/shape_msgs_s__rosidl_typesupport_microxrcedds_c.cpython-38-x86_64-linux-gnu.so[0m
[36.559s] [ 97%] Built target shape_msgs__rosidl_typesupport_microxrcedds_c__pyext
[36.575s] [35m[1mScanning dependencies of target shape_msgs__rosidl_typesupport_fastrtps_c__pyext[0m
[36.612s] [ 98%] [32mBuilding C object CMakeFiles/shape_msgs__rosidl_typesupport_fastrtps_c__pyext.dir/rosidl_generator_py/shape_msgs/_shape_msgs_s.ep.rosidl_typesupport_fastrtps_c.c.o[0m
[36.778s] [100%] [32m[1mLinking CXX shared library rosidl_generator_py/shape_msgs/shape_msgs_s__rosidl_typesupport_fastrtps_c.cpython-38-x86_64-linux-gnu.so[0m
[36.885s] [100%] Built target shape_msgs__rosidl_typesupport_fastrtps_c__pyext
[36.927s] Invoked command in '/home/devpc/Desktop/microros_ws/build/shape_msgs' returned '0': AMENT_PREFIX_PATH=/home/devpc/Desktop/microros_ws/install/geometry_msgs:/home/devpc/Desktop/microros_ws/install/std_msgs:/home/devpc/Desktop/microros_ws/install/builtin_interfaces:${AMENT_PREFIX_PATH} CMAKE_PREFIX_PATH=/home/devpc/Desktop/microros_ws/install/geometry_msgs:/home/devpc/Desktop/microros_ws/install/std_msgs:/home/devpc/Desktop/microros_ws/install/builtin_interfaces:/home/devpc/Desktop/microros_ws/install/rosidl_typesupport_microxrcedds_cpp:/home/devpc/Desktop/microros_ws/install/rosidl_typesupport_microxrcedds_c:/home/devpc/Desktop/microros_ws/install/microcdr:/home/devpc/Desktop/microros_ws/install/micro_ros_agent:/home/devpc/Desktop/microros_ws/install/microxrcedds_agent:/home/devpc/Desktop/microros_ws/install/micro_ros_setup:/home/devpc/Desktop/microros_ws/install/micro_ros_msgs:/home/devpc/Desktop/quad_ws/install/quad_interfaces:/home/devpc/Desktop/quad_ws/install/quad:/opt/ros/foxy LD_LIBRARY_PATH=/home/devpc/Desktop/microros_ws/install/geometry_msgs/lib:/home/devpc/Desktop/microros_ws/install/std_msgs/lib:/home/devpc/Desktop/microros_ws/install/builtin_interfaces/lib:${LD_LIBRARY_PATH} PYTHONPATH=/home/devpc/Desktop/microros_ws/install/geometry_msgs/lib/python3.8/site-packages:/home/devpc/Desktop/microros_ws/install/std_msgs/lib/python3.8/site-packages:/home/devpc/Desktop/microros_ws/install/builtin_interfaces/lib/python3.8/site-packages:${PYTHONPATH} /usr/bin/cmake --build /home/devpc/Desktop/microros_ws/build/shape_msgs -- -j8 -l8
[37.102s] Invoking command in '/home/devpc/Desktop/microros_ws/build/shape_msgs': AMENT_PREFIX_PATH=/home/devpc/Desktop/microros_ws/install/geometry_msgs:/home/devpc/Desktop/microros_ws/install/std_msgs:/home/devpc/Desktop/microros_ws/install/builtin_interfaces:${AMENT_PREFIX_PATH} CMAKE_PREFIX_PATH=/home/devpc/Desktop/microros_ws/install/geometry_msgs:/home/devpc/Desktop/microros_ws/install/std_msgs:/home/devpc/Desktop/microros_ws/install/builtin_interfaces:/home/devpc/Desktop/microros_ws/install/rosidl_typesupport_microxrcedds_cpp:/home/devpc/Desktop/microros_ws/install/rosidl_typesupport_microxrcedds_c:/home/devpc/Desktop/microros_ws/install/microcdr:/home/devpc/Desktop/microros_ws/install/micro_ros_agent:/home/devpc/Desktop/microros_ws/install/microxrcedds_agent:/home/devpc/Desktop/microros_ws/install/micro_ros_setup:/home/devpc/Desktop/microros_ws/install/micro_ros_msgs:/home/devpc/Desktop/quad_ws/install/quad_interfaces:/home/devpc/Desktop/quad_ws/install/quad:/opt/ros/foxy LD_LIBRARY_PATH=/home/devpc/Desktop/microros_ws/install/geometry_msgs/lib:/home/devpc/Desktop/microros_ws/install/std_msgs/lib:/home/devpc/Desktop/microros_ws/install/builtin_interfaces/lib:${LD_LIBRARY_PATH} PYTHONPATH=/home/devpc/Desktop/microros_ws/install/geometry_msgs/lib/python3.8/site-packages:/home/devpc/Desktop/microros_ws/install/std_msgs/lib/python3.8/site-packages:/home/devpc/Desktop/microros_ws/install/builtin_interfaces/lib/python3.8/site-packages:${PYTHONPATH} /usr/bin/cmake --install /home/devpc/Desktop/microros_ws/build/shape_msgs
[42.111s] -- Install configuration: ""
[42.111s] -- Installing: /home/devpc/Desktop/microros_ws/install/shape_msgs/share/ament_index/resource_index/rosidl_interfaces/shape_msgs
[42.111s] -- Installing: /home/devpc/Desktop/microros_ws/install/shape_msgs/include/shape_msgs
[42.112s] -- Installing: /home/devpc/Desktop/microros_ws/install/shape_msgs/include/shape_msgs/msg
[42.112s] -- Installing: /home/devpc/Desktop/microros_ws/install/shape_msgs/include/shape_msgs/msg/mesh_triangle.h
[42.112s] -- Installing: /home/devpc/Desktop/microros_ws/install/shape_msgs/include/shape_msgs/msg/plane.h
[42.112s] -- Installing: /home/devpc/Desktop/microros_ws/install/shape_msgs/include/shape_msgs/msg/detail
[42.112s] -- Installing: /home/devpc/Desktop/microros_ws/install/shape_msgs/include/shape_msgs/msg/detail/plane__functions.h
[42.112s] -- Installing: /home/devpc/Desktop/microros_ws/install/shape_msgs/include/shape_msgs/msg/detail/plane__struct.h
[42.112s] -- Installing: /home/devpc/Desktop/microros_ws/install/shape_msgs/include/shape_msgs/msg/detail/mesh_triangle__struct.h
[42.113s] -- Installing: /home/devpc/Desktop/microros_ws/install/shape_msgs/include/shape_msgs/msg/detail/solid_primitive__type_support.h
[42.113s] -- Installing: /home/devpc/Desktop/microros_ws/install/shape_msgs/include/shape_msgs/msg/detail/solid_primitive__functions.h
[42.113s] -- Installing: /home/devpc/Desktop/microros_ws/install/shape_msgs/include/shape_msgs/msg/detail/mesh__functions.c
[42.113s] -- Installing: /home/devpc/Desktop/microros_ws/install/shape_msgs/include/shape_msgs/msg/detail/mesh__functions.h
[42.113s] -- Installing: /home/devpc/Desktop/microros_ws/install/shape_msgs/include/shape_msgs/msg/detail/solid_primitive__functions.c
[42.127s] -- Installing: /home/devpc/Desktop/microros_ws/install/shape_msgs/include/shape_msgs/msg/detail/solid_primitive__struct.h
[42.127s] -- Installing: /home/devpc/Desktop/microros_ws/install/shape_msgs/include/shape_msgs/msg/detail/mesh_triangle__functions.c
[42.128s] -- Installing: /home/devpc/Desktop/microros_ws/install/shape_msgs/include/shape_msgs/msg/detail/plane__functions.c
[42.128s] -- Installing: /home/devpc/Desktop/microros_ws/install/shape_msgs/include/shape_msgs/msg/detail/mesh_triangle__functions.h
[42.128s] -- Installing: /home/devpc/Desktop/microros_ws/install/shape_msgs/include/shape_msgs/msg/detail/plane__type_support.h
[42.128s] -- Installing: /home/devpc/Desktop/microros_ws/install/shape_msgs/include/shape_msgs/msg/detail/mesh__type_support.h
[42.128s] -- Installing: /home/devpc/Desktop/microros_ws/install/shape_msgs/include/shape_msgs/msg/detail/mesh_triangle__type_support.h
[42.128s] -- Installing: /home/devpc/Desktop/microros_ws/install/shape_msgs/include/shape_msgs/msg/detail/mesh__struct.h
[42.128s] -- Installing: /home/devpc/Desktop/microros_ws/install/shape_msgs/include/shape_msgs/msg/solid_primitive.h
[42.129s] -- Installing: /home/devpc/Desktop/microros_ws/install/shape_msgs/include/shape_msgs/msg/mesh.h
[42.129s] -- Installing: /home/devpc/Desktop/microros_ws/install/shape_msgs/include/shape_msgs/msg/rosidl_generator_c__visibility_control.h
[42.129s] -- Installing: /home/devpc/Desktop/microros_ws/install/shape_msgs/share/shape_msgs/environment/library_path.sh
[42.129s] -- Installing: /home/devpc/Desktop/microros_ws/install/shape_msgs/share/shape_msgs/environment/library_path.dsv
[42.129s] -- Installing: /home/devpc/Desktop/microros_ws/install/shape_msgs/lib/libshape_msgs__rosidl_generator_c.so
[42.129s] -- Set runtime path of "/home/devpc/Desktop/microros_ws/install/shape_msgs/lib/libshape_msgs__rosidl_generator_c.so" to ""
[42.129s] -- Up-to-date: /home/devpc/Desktop/microros_ws/install/shape_msgs/include/shape_msgs
[42.129s] -- Up-to-date: /home/devpc/Desktop/microros_ws/install/shape_msgs/include/shape_msgs/msg
[42.130s] -- Up-to-date: /home/devpc/Desktop/microros_ws/install/shape_msgs/include/shape_msgs/msg/detail
[42.130s] -- Installing: /home/devpc/Desktop/microros_ws/install/shape_msgs/include/shape_msgs/msg/detail/plane__rosidl_typesupport_microxrcedds_c.h
[42.130s] -- Installing: /home/devpc/Desktop/microros_ws/install/shape_msgs/include/shape_msgs/msg/detail/mesh__rosidl_typesupport_microxrcedds_c.h
[42.130s] -- Installing: /home/devpc/Desktop/microros_ws/install/shape_msgs/include/shape_msgs/msg/detail/solid_primitive__rosidl_typesupport_microxrcedds_c.h
[42.130s] -- Installing: /home/devpc/Desktop/microros_ws/install/shape_msgs/include/shape_msgs/msg/detail/microxrcedds
[42.130s] -- Installing: /home/devpc/Desktop/microros_ws/install/shape_msgs/include/shape_msgs/msg/detail/mesh_triangle__rosidl_typesupport_microxrcedds_c.h
[42.130s] -- Installing: /home/devpc/Desktop/microros_ws/install/shape_msgs/include/shape_msgs/msg/rosidl_typesupport_microxrcedds_c__visibility_control.h
[42.131s] -- Installing: /home/devpc/Desktop/microros_ws/install/shape_msgs/lib/libshape_msgs__rosidl_typesupport_microxrcedds_c.so
[42.131s] -- Set runtime path of "/home/devpc/Desktop/microros_ws/install/shape_msgs/lib/libshape_msgs__rosidl_typesupport_microxrcedds_c.so" to ""
[42.131s] -- Up-to-date: /home/devpc/Desktop/microros_ws/install/shape_msgs/include/shape_msgs
[42.131s] -- Up-to-date: /home/devpc/Desktop/microros_ws/install/shape_msgs/include/shape_msgs/msg
[42.131s] -- Up-to-date: /home/devpc/Desktop/microros_ws/install/shape_msgs/include/shape_msgs/msg/detail
[42.131s] -- Installing: /home/devpc/Desktop/microros_ws/install/shape_msgs/include/shape_msgs/msg/detail/mesh__rosidl_typesupport_fastrtps_c.h
[42.131s] -- Installing: /home/devpc/Desktop/microros_ws/install/shape_msgs/include/shape_msgs/msg/detail/solid_primitive__rosidl_typesupport_fastrtps_c.h
[42.132s] -- Installing: /home/devpc/Desktop/microros_ws/install/shape_msgs/include/shape_msgs/msg/detail/mesh_triangle__rosidl_typesupport_fastrtps_c.h
[42.132s] -- Installing: /home/devpc/Desktop/microros_ws/install/shape_msgs/include/shape_msgs/msg/detail/plane__rosidl_typesupport_fastrtps_c.h
[42.132s] -- Installing: /home/devpc/Desktop/microros_ws/install/shape_msgs/include/shape_msgs/msg/rosidl_typesupport_fastrtps_c__visibility_control.h
[42.132s] -- Installing: /home/devpc/Desktop/microros_ws/install/shape_msgs/lib/libshape_msgs__rosidl_typesupport_fastrtps_c.so
[42.132s] -- Set runtime path of "/home/devpc/Desktop/microros_ws/install/shape_msgs/lib/libshape_msgs__rosidl_typesupport_fastrtps_c.so" to ""
[42.132s] -- Up-to-date: /home/devpc/Desktop/microros_ws/install/shape_msgs/include/shape_msgs
[42.132s] -- Up-to-date: /home/devpc/Desktop/microros_ws/install/shape_msgs/include/shape_msgs/msg
[42.132s] -- Up-to-date: /home/devpc/Desktop/microros_ws/install/shape_msgs/include/shape_msgs/msg/detail
[42.133s] -- Installing: /home/devpc/Desktop/microros_ws/install/shape_msgs/include/shape_msgs/msg/detail/plane__rosidl_typesupport_fastrtps_cpp.hpp
[42.133s] -- Installing: /home/devpc/Desktop/microros_ws/install/shape_msgs/include/shape_msgs/msg/detail/solid_primitive__rosidl_typesupport_fastrtps_cpp.hpp
[42.133s] -- Installing: /home/devpc/Desktop/microros_ws/install/shape_msgs/include/shape_msgs/msg/detail/mesh__rosidl_typesupport_fastrtps_cpp.hpp
[42.133s] -- Installing: /home/devpc/Desktop/microros_ws/install/shape_msgs/include/shape_msgs/msg/detail/dds_fastrtps
[42.133s] -- Installing: /home/devpc/Desktop/microros_ws/install/shape_msgs/include/shape_msgs/msg/detail/mesh_triangle__rosidl_typesupport_fastrtps_cpp.hpp
[42.133s] -- Installing: /home/devpc/Desktop/microros_ws/install/shape_msgs/include/shape_msgs/msg/rosidl_typesupport_fastrtps_cpp__visibility_control.h
[42.133s] -- Installing: /home/devpc/Desktop/microros_ws/install/shape_msgs/lib/libshape_msgs__rosidl_typesupport_fastrtps_cpp.so
[42.134s] -- Set runtime path of "/home/devpc/Desktop/microros_ws/install/shape_msgs/lib/libshape_msgs__rosidl_typesupport_fastrtps_cpp.so" to ""
[42.134s] -- Up-to-date: /home/devpc/Desktop/microros_ws/install/shape_msgs/include/shape_msgs
[42.134s] -- Up-to-date: /home/devpc/Desktop/microros_ws/install/shape_msgs/include/shape_msgs/msg
[42.134s] -- Up-to-date: /home/devpc/Desktop/microros_ws/install/shape_msgs/include/shape_msgs/msg/detail
[42.134s] -- Installing: /home/devpc/Desktop/microros_ws/install/shape_msgs/include/shape_msgs/msg/detail/mesh_triangle__type_support.c
[42.134s] -- Installing: /home/devpc/Desktop/microros_ws/install/shape_msgs/include/shape_msgs/msg/detail/plane__rosidl_typesupport_introspection_c.h
[42.136s] -- Installing: /home/devpc/Desktop/microros_ws/install/shape_msgs/include/shape_msgs/msg/detail/mesh__type_support.c
[42.149s] -- Installing: /home/devpc/Desktop/microros_ws/install/shape_msgs/include/shape_msgs/msg/detail/mesh_triangle__rosidl_typesupport_introspection_c.h
[42.149s] -- Installing: /home/devpc/Desktop/microros_ws/install/shape_msgs/include/shape_msgs/msg/detail/solid_primitive__type_support.c
[42.150s] -- Installing: /home/devpc/Desktop/microros_ws/install/shape_msgs/include/shape_msgs/msg/detail/mesh__rosidl_typesupport_introspection_c.h
[42.150s] -- Installing: /home/devpc/Desktop/microros_ws/install/shape_msgs/include/shape_msgs/msg/detail/solid_primitive__rosidl_typesupport_introspection_c.h
[42.150s] -- Installing: /home/devpc/Desktop/microros_ws/install/shape_msgs/include/shape_msgs/msg/detail/plane__type_support.c
[42.151s] -- Installing: /home/devpc/Desktop/microros_ws/install/shape_msgs/include/shape_msgs/msg/rosidl_typesupport_introspection_c__visibility_control.h
[42.151s] -- Installing: /home/devpc/Desktop/microros_ws/install/shape_msgs/lib/libshape_msgs__rosidl_typesupport_introspection_c.so
[42.152s] -- Set runtime path of "/home/devpc/Desktop/microros_ws/install/shape_msgs/lib/libshape_msgs__rosidl_typesupport_introspection_c.so" to ""
[42.152s] -- Installing: /home/devpc/Desktop/microros_ws/install/shape_msgs/lib/libshape_msgs__rosidl_typesupport_c.so
[42.152s] -- Set runtime path of "/home/devpc/Desktop/microros_ws/install/shape_msgs/lib/libshape_msgs__rosidl_typesupport_c.so" to ""
[42.153s] -- Up-to-date: /home/devpc/Desktop/microros_ws/install/shape_msgs/include/shape_msgs
[42.154s] -- Up-to-date: /home/devpc/Desktop/microros_ws/install/shape_msgs/include/shape_msgs/msg
[42.154s] -- Installing: /home/devpc/Desktop/microros_ws/install/shape_msgs/include/shape_msgs/msg/solid_primitive.hpp
[42.156s] -- Installing: /home/devpc/Desktop/microros_ws/install/shape_msgs/include/shape_msgs/msg/mesh_triangle.hpp
[42.156s] -- Up-to-date: /home/devpc/Desktop/microros_ws/install/shape_msgs/include/shape_msgs/msg/detail
[42.156s] -- Installing: /home/devpc/Desktop/microros_ws/install/shape_msgs/include/shape_msgs/msg/detail/mesh__builder.hpp
[42.157s] -- Installing: /home/devpc/Desktop/microros_ws/install/shape_msgs/include/shape_msgs/msg/detail/plane__traits.hpp
[42.157s] -- Installing: /home/devpc/Desktop/microros_ws/install/shape_msgs/include/shape_msgs/msg/detail/solid_primitive__builder.hpp
[42.157s] -- Installing: /home/devpc/Desktop/microros_ws/install/shape_msgs/include/shape_msgs/msg/detail/plane__struct.hpp
[42.157s] -- Installing: /home/devpc/Desktop/microros_ws/install/shape_msgs/include/shape_msgs/msg/detail/mesh__struct.hpp
[42.157s] -- Installing: /home/devpc/Desktop/microros_ws/install/shape_msgs/include/shape_msgs/msg/detail/solid_primitive__traits.hpp
[42.157s] -- Installing: /home/devpc/Desktop/microros_ws/install/shape_msgs/include/shape_msgs/msg/detail/mesh__traits.hpp
[42.157s] -- Installing: /home/devpc/Desktop/microros_ws/install/shape_msgs/include/shape_msgs/msg/detail/solid_primitive__struct.hpp
[42.158s] -- Installing: /home/devpc/Desktop/microros_ws/install/shape_msgs/include/shape_msgs/msg/detail/mesh_triangle__builder.hpp
[42.158s] -- Installing: /home/devpc/Desktop/microros_ws/install/shape_msgs/include/shape_msgs/msg/detail/plane__builder.hpp
[42.158s] -- Installing: /home/devpc/Desktop/microros_ws/install/shape_msgs/include/shape_msgs/msg/detail/mesh_triangle__struct.hpp
[42.166s] -- Installing: /home/devpc/Desktop/microros_ws/install/shape_msgs/include/shape_msgs/msg/detail/mesh_triangle__traits.hpp
[42.167s] -- Installing: /home/devpc/Desktop/microros_ws/install/shape_msgs/include/shape_msgs/msg/mesh.hpp
[42.167s] -- Installing: /home/devpc/Desktop/microros_ws/install/shape_msgs/include/shape_msgs/msg/plane.hpp
[42.167s] -- Up-to-date: /home/devpc/Desktop/microros_ws/install/shape_msgs/include/shape_msgs
[42.167s] -- Up-to-date: /home/devpc/Desktop/microros_ws/install/shape_msgs/include/shape_msgs/msg
[42.167s] -- Up-to-date: /home/devpc/Desktop/microros_ws/install/shape_msgs/include/shape_msgs/msg/detail
[42.168s] -- Installing: /home/devpc/Desktop/microros_ws/install/shape_msgs/include/shape_msgs/msg/detail/solid_primitive__rosidl_typesupport_microxrcedds_cpp.hpp
[42.168s] -- Installing: /home/devpc/Desktop/microros_ws/install/shape_msgs/include/shape_msgs/msg/detail/mesh__rosidl_typesupport_microxrcedds_cpp.hpp
[42.168s] -- Up-to-date: /home/devpc/Desktop/microros_ws/install/shape_msgs/include/shape_msgs/msg/detail/microxrcedds
[42.168s] -- Installing: /home/devpc/Desktop/microros_ws/install/shape_msgs/include/shape_msgs/msg/detail/microxrcedds/mesh__type_support_cpp.cpp
[42.168s] -- Installing: /home/devpc/Desktop/microros_ws/install/shape_msgs/include/shape_msgs/msg/detail/microxrcedds/plane__type_support_cpp.cpp
[42.168s] -- Installing: /home/devpc/Desktop/microros_ws/install/shape_msgs/include/shape_msgs/msg/detail/microxrcedds/solid_primitive__type_support_cpp.cpp
[42.168s] -- Installing: /home/devpc/Desktop/microros_ws/install/shape_msgs/include/shape_msgs/msg/detail/microxrcedds/mesh_triangle__type_support_cpp.cpp
[42.169s] -- Installing: /home/devpc/Desktop/microros_ws/install/shape_msgs/include/shape_msgs/msg/detail/plane__rosidl_typesupport_microxrcedds_cpp.hpp
[42.169s] -- Installing: /home/devpc/Desktop/microros_ws/install/shape_msgs/include/shape_msgs/msg/detail/mesh_triangle__rosidl_typesupport_microxrcedds_cpp.hpp
[42.169s] -- Installing: /home/devpc/Desktop/microros_ws/install/shape_msgs/include/shape_msgs/msg/rosidl_typesupport_microxrcedds_cpp__visibility_control.h
[42.169s] -- Installing: /home/devpc/Desktop/microros_ws/install/shape_msgs/lib/libshape_msgs__rosidl_typesupport_microxrcedds_cpp.so
[42.169s] -- Set runtime path of "/home/devpc/Desktop/microros_ws/install/shape_msgs/lib/libshape_msgs__rosidl_typesupport_microxrcedds_cpp.so" to ""
[42.169s] -- Up-to-date: /home/devpc/Desktop/microros_ws/install/shape_msgs/include/shape_msgs
[42.169s] -- Up-to-date: /home/devpc/Desktop/microros_ws/install/shape_msgs/include/shape_msgs/msg
[42.170s] -- Up-to-date: /home/devpc/Desktop/microros_ws/install/shape_msgs/include/shape_msgs/msg/detail
[42.170s] -- Installing: /home/devpc/Desktop/microros_ws/install/shape_msgs/include/shape_msgs/msg/detail/mesh__rosidl_typesupport_introspection_cpp.hpp
[42.170s] -- Installing: /home/devpc/Desktop/microros_ws/install/shape_msgs/include/shape_msgs/msg/detail/mesh_triangle__rosidl_typesupport_introspection_cpp.hpp
[42.170s] -- Installing: /home/devpc/Desktop/microros_ws/install/shape_msgs/include/shape_msgs/msg/detail/plane__rosidl_typesupport_introspection_cpp.hpp
[42.170s] -- Installing: /home/devpc/Desktop/microros_ws/install/shape_msgs/include/shape_msgs/msg/detail/solid_primitive__type_support.cpp
[42.170s] -- Installing: /home/devpc/Desktop/microros_ws/install/shape_msgs/include/shape_msgs/msg/detail/plane__type_support.cpp
[42.170s] -- Installing: /home/devpc/Desktop/microros_ws/install/shape_msgs/include/shape_msgs/msg/detail/solid_primitive__rosidl_typesupport_introspection_cpp.hpp
[42.171s] -- Installing: /home/devpc/Desktop/microros_ws/install/shape_msgs/include/shape_msgs/msg/detail/mesh_triangle__type_support.cpp
[42.171s] -- Installing: /home/devpc/Desktop/microros_ws/install/shape_msgs/include/shape_msgs/msg/detail/mesh__type_support.cpp
[42.171s] -- Installing: /home/devpc/Desktop/microros_ws/install/shape_msgs/lib/libshape_msgs__rosidl_typesupport_introspection_cpp.so
[42.171s] -- Set runtime path of "/home/devpc/Desktop/microros_ws/install/shape_msgs/lib/libshape_msgs__rosidl_typesupport_introspection_cpp.so" to ""
[42.171s] -- Installing: /home/devpc/Desktop/microros_ws/install/shape_msgs/lib/libshape_msgs__rosidl_typesupport_cpp.so
[42.171s] -- Set runtime path of "/home/devpc/Desktop/microros_ws/install/shape_msgs/lib/libshape_msgs__rosidl_typesupport_cpp.so" to ""
[42.171s] -- Installing: /home/devpc/Desktop/microros_ws/install/shape_msgs/share/shape_msgs/environment/pythonpath.sh
[42.171s] -- Installing: /home/devpc/Desktop/microros_ws/install/shape_msgs/share/shape_msgs/environment/pythonpath.dsv
[42.172s] -- Installing: /home/devpc/Desktop/microros_ws/install/shape_msgs/lib/python3.8/site-packages/shape_msgs/__init__.py
[42.172s] Compiling '/home/devpc/Desktop/microros_ws/install/shape_msgs/lib/python3.8/site-packages/shape_msgs/__init__.py'...
[42.172s] -- Installing: /home/devpc/Desktop/microros_ws/install/shape_msgs/lib/python3.8/site-packages/shape_msgs/msg
[42.172s] -- Installing: /home/devpc/Desktop/microros_ws/install/shape_msgs/lib/python3.8/site-packages/shape_msgs/msg/_mesh_s.c
[42.172s] -- Installing: /home/devpc/Desktop/microros_ws/install/shape_msgs/lib/python3.8/site-packages/shape_msgs/msg/_plane_s.c
[42.173s] -- Installing: /home/devpc/Desktop/microros_ws/install/shape_msgs/lib/python3.8/site-packages/shape_msgs/msg/_mesh_triangle_s.c
[42.173s] -- Installing: /home/devpc/Desktop/microros_ws/install/shape_msgs/lib/python3.8/site-packages/shape_msgs/msg/_mesh.py
[42.173s] -- Installing: /home/devpc/Desktop/microros_ws/install/shape_msgs/lib/python3.8/site-packages/shape_msgs/msg/__init__.py
[42.173s] -- Installing: /home/devpc/Desktop/microros_ws/install/shape_msgs/lib/python3.8/site-packages/shape_msgs/msg/_solid_primitive_s.c
[42.173s] -- Installing: /home/devpc/Desktop/microros_ws/install/shape_msgs/lib/python3.8/site-packages/shape_msgs/msg/_mesh_triangle.py
[42.173s] -- Installing: /home/devpc/Desktop/microros_ws/install/shape_msgs/lib/python3.8/site-packages/shape_msgs/msg/_plane.py
[42.174s] -- Installing: /home/devpc/Desktop/microros_ws/install/shape_msgs/lib/python3.8/site-packages/shape_msgs/msg/_solid_primitive.py
[42.174s] -- Installing: /home/devpc/Desktop/microros_ws/install/shape_msgs/lib/python3.8/site-packages/shape_msgs/shape_msgs_s__rosidl_typesupport_microxrcedds_c.cpython-38-x86_64-linux-gnu.so
[42.174s] -- Set runtime path of "/home/devpc/Desktop/microros_ws/install/shape_msgs/lib/python3.8/site-packages/shape_msgs/shape_msgs_s__rosidl_typesupport_microxrcedds_c.cpython-38-x86_64-linux-gnu.so" to ""
[42.174s] -- Installing: /home/devpc/Desktop/microros_ws/install/shape_msgs/lib/python3.8/site-packages/shape_msgs/shape_msgs_s__rosidl_typesupport_fastrtps_c.cpython-38-x86_64-linux-gnu.so
[42.174s] -- Set runtime path of "/home/devpc/Desktop/microros_ws/install/shape_msgs/lib/python3.8/site-packages/shape_msgs/shape_msgs_s__rosidl_typesupport_fastrtps_c.cpython-38-x86_64-linux-gnu.so" to ""
[42.174s] -- Installing: /home/devpc/Desktop/microros_ws/install/shape_msgs/lib/python3.8/site-packages/shape_msgs/shape_msgs_s__rosidl_typesupport_introspection_c.cpython-38-x86_64-linux-gnu.so
[42.175s] -- Set runtime path of "/home/devpc/Desktop/microros_ws/install/shape_msgs/lib/python3.8/site-packages/shape_msgs/shape_msgs_s__rosidl_typesupport_introspection_c.cpython-38-x86_64-linux-gnu.so" to ""
[42.175s] -- Installing: /home/devpc/Desktop/microros_ws/install/shape_msgs/lib/python3.8/site-packages/shape_msgs/shape_msgs_s__rosidl_typesupport_c.cpython-38-x86_64-linux-gnu.so
[42.175s] -- Set runtime path of "/home/devpc/Desktop/microros_ws/install/shape_msgs/lib/python3.8/site-packages/shape_msgs/shape_msgs_s__rosidl_typesupport_c.cpython-38-x86_64-linux-gnu.so" to ""
[42.175s] -- Installing: /home/devpc/Desktop/microros_ws/install/shape_msgs/lib/libshape_msgs__python.so
[42.175s] -- Set runtime path of "/home/devpc/Desktop/microros_ws/install/shape_msgs/lib/libshape_msgs__python.so" to ""
[42.176s] -- Installing: /home/devpc/Desktop/microros_ws/install/shape_msgs/share/shape_msgs/msg/Mesh.idl
[42.176s] -- Installing: /home/devpc/Desktop/microros_ws/install/shape_msgs/share/shape_msgs/msg/MeshTriangle.idl
[42.176s] -- Installing: /home/devpc/Desktop/microros_ws/install/shape_msgs/share/shape_msgs/msg/Plane.idl
[42.176s] -- Installing: /home/devpc/Desktop/microros_ws/install/shape_msgs/share/shape_msgs/msg/SolidPrimitive.idl
[42.176s] -- Installing: /home/devpc/Desktop/microros_ws/install/shape_msgs/share/shape_msgs/msg/Mesh.msg
[42.176s] -- Installing: /home/devpc/Desktop/microros_ws/install/shape_msgs/share/shape_msgs/msg/MeshTriangle.msg
[42.176s] -- Installing: /home/devpc/Desktop/microros_ws/install/shape_msgs/share/shape_msgs/msg/Plane.msg
[42.176s] -- Installing: /home/devpc/Desktop/microros_ws/install/shape_msgs/share/shape_msgs/msg/SolidPrimitive.msg
[42.177s] -- Installing: /home/devpc/Desktop/microros_ws/install/shape_msgs/share/ament_index/resource_index/package_run_dependencies/shape_msgs
[42.177s] -- Installing: /home/devpc/Desktop/microros_ws/install/shape_msgs/share/ament_index/resource_index/parent_prefix_path/shape_msgs
[42.177s] -- Installing: /home/devpc/Desktop/microros_ws/install/shape_msgs/share/shape_msgs/environment/ament_prefix_path.sh
[42.177s] -- Installing: /home/devpc/Desktop/microros_ws/install/shape_msgs/share/shape_msgs/environment/ament_prefix_path.dsv
[42.177s] -- Installing: /home/devpc/Desktop/microros_ws/install/shape_msgs/share/shape_msgs/environment/path.sh
[42.177s] -- Installing: /home/devpc/Desktop/microros_ws/install/shape_msgs/share/shape_msgs/environment/path.dsv
[42.177s] -- Installing: /home/devpc/Desktop/microros_ws/install/shape_msgs/share/shape_msgs/local_setup.bash
[42.178s] -- Installing: /home/devpc/Desktop/microros_ws/install/shape_msgs/share/shape_msgs/local_setup.sh
[42.178s] -- Installing: /home/devpc/Desktop/microros_ws/install/shape_msgs/share/shape_msgs/local_setup.zsh
[42.178s] -- Installing: /home/devpc/Desktop/microros_ws/install/shape_msgs/share/shape_msgs/local_setup.dsv
[42.178s] -- Installing: /home/devpc/Desktop/microros_ws/install/shape_msgs/share/shape_msgs/package.dsv
[42.179s] -- Installing: /home/devpc/Desktop/microros_ws/install/shape_msgs/share/ament_index/resource_index/packages/shape_msgs
[42.179s] -- Installing: /home/devpc/Desktop/microros_ws/install/shape_msgs/share/shape_msgs/cmake/shape_msgs__rosidl_generator_cExport.cmake
[42.179s] -- Installing: /home/devpc/Desktop/microros_ws/install/shape_msgs/share/shape_msgs/cmake/shape_msgs__rosidl_generator_cExport-noconfig.cmake
[42.179s] -- Installing: /home/devpc/Desktop/microros_ws/install/shape_msgs/share/shape_msgs/cmake/shape_msgs__rosidl_typesupport_introspection_cExport.cmake
[42.179s] -- Installing: /home/devpc/Desktop/microros_ws/install/shape_msgs/share/shape_msgs/cmake/shape_msgs__rosidl_typesupport_introspection_cExport-noconfig.cmake
[42.179s] -- Installing: /home/devpc/Desktop/microros_ws/install/shape_msgs/share/shape_msgs/cmake/shape_msgs__rosidl_typesupport_cExport.cmake
[42.179s] -- Installing: /home/devpc/Desktop/microros_ws/install/shape_msgs/share/shape_msgs/cmake/shape_msgs__rosidl_typesupport_cExport-noconfig.cmake
[42.180s] -- Installing: /home/devpc/Desktop/microros_ws/install/shape_msgs/share/shape_msgs/cmake/shape_msgs__rosidl_generator_cppExport.cmake
[42.180s] -- Installing: /home/devpc/Desktop/microros_ws/install/shape_msgs/share/shape_msgs/cmake/shape_msgs__rosidl_typesupport_introspection_cppExport.cmake
[42.180s] -- Installing: /home/devpc/Desktop/microros_ws/install/shape_msgs/share/shape_msgs/cmake/shape_msgs__rosidl_typesupport_introspection_cppExport-noconfig.cmake
[42.180s] -- Installing: /home/devpc/Desktop/microros_ws/install/shape_msgs/share/shape_msgs/cmake/shape_msgs__rosidl_typesupport_cppExport.cmake
[42.180s] -- Installing: /home/devpc/Desktop/microros_ws/install/shape_msgs/share/shape_msgs/cmake/shape_msgs__rosidl_typesupport_cppExport-noconfig.cmake
[42.180s] -- Installing: /home/devpc/Desktop/microros_ws/install/shape_msgs/share/shape_msgs/cmake/rosidl_cmake-extras.cmake
[42.180s] -- Installing: /home/devpc/Desktop/microros_ws/install/shape_msgs/share/shape_msgs/cmake/ament_cmake_export_dependencies-extras.cmake
[42.180s] -- Installing: /home/devpc/Desktop/microros_ws/install/shape_msgs/share/shape_msgs/cmake/ament_cmake_export_libraries-extras.cmake
[42.181s] -- Installing: /home/devpc/Desktop/microros_ws/install/shape_msgs/share/shape_msgs/cmake/ament_cmake_export_targets-extras.cmake
[42.181s] -- Installing: /home/devpc/Desktop/microros_ws/install/shape_msgs/share/shape_msgs/cmake/ament_cmake_export_include_directories-extras.cmake
[42.181s] -- Installing: /home/devpc/Desktop/microros_ws/install/shape_msgs/share/shape_msgs/cmake/rosidl_cmake_export_typesupport_libraries-extras.cmake
[42.181s] -- Installing: /home/devpc/Desktop/microros_ws/install/shape_msgs/share/shape_msgs/cmake/rosidl_cmake_export_typesupport_targets-extras.cmake
[42.181s] -- Installing: /home/devpc/Desktop/microros_ws/install/shape_msgs/share/shape_msgs/cmake/shape_msgsConfig.cmake
[42.181s] -- Installing: /home/devpc/Desktop/microros_ws/install/shape_msgs/share/shape_msgs/cmake/shape_msgsConfig-version.cmake
[42.181s] -- Installing: /home/devpc/Desktop/microros_ws/install/shape_msgs/share/shape_msgs/package.xml
[42.221s] Invoked command in '/home/devpc/Desktop/microros_ws/build/shape_msgs' returned '0': AMENT_PREFIX_PATH=/home/devpc/Desktop/microros_ws/install/geometry_msgs:/home/devpc/Desktop/microros_ws/install/std_msgs:/home/devpc/Desktop/microros_ws/install/builtin_interfaces:${AMENT_PREFIX_PATH} CMAKE_PREFIX_PATH=/home/devpc/Desktop/microros_ws/install/geometry_msgs:/home/devpc/Desktop/microros_ws/install/std_msgs:/home/devpc/Desktop/microros_ws/install/builtin_interfaces:/home/devpc/Desktop/microros_ws/install/rosidl_typesupport_microxrcedds_cpp:/home/devpc/Desktop/microros_ws/install/rosidl_typesupport_microxrcedds_c:/home/devpc/Desktop/microros_ws/install/microcdr:/home/devpc/Desktop/microros_ws/install/micro_ros_agent:/home/devpc/Desktop/microros_ws/install/microxrcedds_agent:/home/devpc/Desktop/microros_ws/install/micro_ros_setup:/home/devpc/Desktop/microros_ws/install/micro_ros_msgs:/home/devpc/Desktop/quad_ws/install/quad_interfaces:/home/devpc/Desktop/quad_ws/install/quad:/opt/ros/foxy LD_LIBRARY_PATH=/home/devpc/Desktop/microros_ws/install/geometry_msgs/lib:/home/devpc/Desktop/microros_ws/install/std_msgs/lib:/home/devpc/Desktop/microros_ws/install/builtin_interfaces/lib:${LD_LIBRARY_PATH} PYTHONPATH=/home/devpc/Desktop/microros_ws/install/geometry_msgs/lib/python3.8/site-packages:/home/devpc/Desktop/microros_ws/install/std_msgs/lib/python3.8/site-packages:/home/devpc/Desktop/microros_ws/install/builtin_interfaces/lib/python3.8/site-packages:${PYTHONPATH} /usr/bin/cmake --install /home/devpc/Desktop/microros_ws/build/shape_msgs
