[0.091s] Invoking command in '/home/devpc/Desktop/microros_ws/build/action_msgs': CMAKE_PREFIX_PATH=/home/devpc/Desktop/microros_ws/install/unique_identifier_msgs:/home/devpc/Desktop/microros_ws/install/builtin_interfaces:/home/devpc/Desktop/microros_ws/install/common_interfaces:/home/devpc/Desktop/microros_ws/install/visualization_msgs:/home/devpc/Desktop/microros_ws/install/test_msgs:/home/devpc/Desktop/microros_ws/install/micro_ros_demos_rclc:/home/devpc/Desktop/microros_ws/install/example_interfaces:/home/devpc/Desktop/microros_ws/install/action_msgs:/home/devpc/Desktop/microros_ws/install/trajectory_msgs:/home/devpc/Desktop/microros_ws/install/stereo_msgs:/home/devpc/Desktop/microros_ws/install/std_srvs:/home/devpc/Desktop/microros_ws/install/shape_msgs:/home/devpc/Desktop/microros_ws/install/sensor_msgs:/home/devpc/Desktop/microros_ws/install/nav_msgs:/home/devpc/Desktop/microros_ws/install/diagnostic_msgs:/home/devpc/Desktop/microros_ws/install/geometry_msgs:/home/devpc/Desktop/microros_ws/install/drive_base_msgs:/home/devpc/Desktop/microros_ws/install/actionlib_msgs:/home/devpc/Desktop/microros_ws/install/std_msgs:/home/devpc/Desktop/microros_ws/install/statistics_msgs:/home/devpc/Desktop/microros_ws/install/rosidl_typesupport_microxrcedds_test_msg:/home/devpc/Desktop/microros_ws/install/rosidl_typesupport_microxrcedds_cpp_tests:/home/devpc/Desktop/microros_ws/install/rmw_microxrcedds:/home/devpc/Desktop/microros_ws/install/rosidl_typesupport_microxrcedds_cpp:/home/devpc/Desktop/microros_ws/install/rosidl_typesupport_microxrcedds_c_tests:/home/devpc/Desktop/microros_ws/install/rosidl_typesupport_microxrcedds_c:/home/devpc/Desktop/microros_ws/install/rosgraph_msgs:/home/devpc/Desktop/microros_ws/install/rclc:/home/devpc/Desktop/microros_ws/install/composition_interfaces:/home/devpc/Desktop/microros_ws/install/rcl_interfaces:/home/devpc/Desktop/microros_ws/install/microxrcedds_client:/home/devpc/Desktop/microros_ws/install/microcdr:/home/devpc/Desktop/microros_ws/install/micro_ros_demos_rclcpp:/home/devpc/Desktop/microros_ws/install/lifecycle_msgs:/home/devpc/Desktop/microros_ws/install/complex_msgs:/home/devpc/Desktop/microros_ws/install/micro_ros_agent:/home/devpc/Desktop/microros_ws/install/microxrcedds_agent:/home/devpc/Desktop/microros_ws/install/micro_ros_setup:/home/devpc/Desktop/microros_ws/install/micro_ros_msgs:/home/devpc/Desktop/quad_ws/install/quad_interfaces:/home/devpc/Desktop/microros_ws/install/sensor_msgs_py:/home/devpc/Desktop/quad_ws/install/quad:/opt/ros/foxy LD_LIBRARY_PATH=/home/devpc/Desktop/microros_ws/install/unique_identifier_msgs/lib:/home/devpc/Desktop/microros_ws/install/builtin_interfaces/lib:/home/devpc/Desktop/microros_ws/install/visualization_msgs/lib:/home/devpc/Desktop/microros_ws/install/test_msgs/lib:/home/devpc/Desktop/microros_ws/install/example_interfaces/lib:/home/devpc/Desktop/microros_ws/install/action_msgs/lib:/home/devpc/Desktop/microros_ws/install/trajectory_msgs/lib:/home/devpc/Desktop/microros_ws/install/stereo_msgs/lib:/home/devpc/Desktop/microros_ws/install/std_srvs/lib:/home/devpc/Desktop/microros_ws/install/shape_msgs/lib:/home/devpc/Desktop/microros_ws/install/sensor_msgs/lib:/home/devpc/Desktop/microros_ws/install/nav_msgs/lib:/home/devpc/Desktop/microros_ws/install/diagnostic_msgs/lib:/home/devpc/Desktop/microros_ws/install/geometry_msgs/lib:/home/devpc/Desktop/microros_ws/install/drive_base_msgs/lib:/home/devpc/Desktop/microros_ws/install/actionlib_msgs/lib:/home/devpc/Desktop/microros_ws/install/std_msgs/lib:/home/devpc/Desktop/microros_ws/install/statistics_msgs/lib:/home/devpc/Desktop/microros_ws/install/rosidl_typesupport_microxrcedds_test_msg/lib:/home/devpc/Desktop/microros_ws/install/rmw_microxrcedds/lib:/home/devpc/Desktop/microros_ws/install/rosidl_typesupport_microxrcedds_cpp/lib:/home/devpc/Desktop/microros_ws/install/rosidl_typesupport_microxrcedds_c/lib:/home/devpc/Desktop/microros_ws/install/rosgraph_msgs/lib:/home/devpc/Desktop/microros_ws/install/rclc/lib:/home/devpc/Desktop/microros_ws/install/composition_interfaces/lib:/home/devpc/Desktop/microros_ws/install/rcl_interfaces/lib:/home/devpc/Desktop/microros_ws/install/microxrcedds_client/lib:/home/devpc/Desktop/microros_ws/install/microcdr/lib:/home/devpc/Desktop/microros_ws/install/lifecycle_msgs/lib:/home/devpc/Desktop/microros_ws/install/complex_msgs/lib:/home/devpc/Desktop/microros_ws/install/microxrcedds_agent/lib:/home/devpc/Desktop/microros_ws/install/micro_ros_msgs/lib:/home/devpc/Desktop/quad_ws/install/quad_interfaces/lib:/opt/ros/foxy/opt/yaml_cpp_vendor/lib:/opt/ros/foxy/opt/rviz_ogre_vendor/lib:/opt/ros/foxy/lib/x86_64-linux-gnu:/opt/ros/foxy/lib PYTHONPATH=/home/devpc/Desktop/microros_ws/install/unique_identifier_msgs/lib/python3.8/site-packages:/home/devpc/Desktop/microros_ws/install/builtin_interfaces/lib/python3.8/site-packages:/home/devpc/Desktop/microros_ws/install/visualization_msgs/lib/python3.8/site-packages:/home/devpc/Desktop/microros_ws/install/test_msgs/lib/python3.8/site-packages:/home/devpc/Desktop/microros_ws/install/example_interfaces/lib/python3.8/site-packages:/home/devpc/Desktop/microros_ws/install/action_msgs/lib/python3.8/site-packages:/home/devpc/Desktop/microros_ws/install/trajectory_msgs/lib/python3.8/site-packages:/home/devpc/Desktop/microros_ws/install/stereo_msgs/lib/python3.8/site-packages:/home/devpc/Desktop/microros_ws/install/std_srvs/lib/python3.8/site-packages:/home/devpc/Desktop/microros_ws/install/shape_msgs/lib/python3.8/site-packages:/home/devpc/Desktop/microros_ws/install/sensor_msgs_py/lib/python3.8/site-packages:/home/devpc/Desktop/microros_ws/install/sensor_msgs/lib/python3.8/site-packages:/home/devpc/Desktop/microros_ws/install/nav_msgs/lib/python3.8/site-packages:/home/devpc/Desktop/microros_ws/install/diagnostic_msgs/lib/python3.8/site-packages:/home/devpc/Desktop/microros_ws/install/geometry_msgs/lib/python3.8/site-packages:/home/devpc/Desktop/microros_ws/install/drive_base_msgs/lib/python3.8/site-packages:/home/devpc/Desktop/microros_ws/install/actionlib_msgs/lib/python3.8/site-packages:/home/devpc/Desktop/microros_ws/install/std_msgs/lib/python3.8/site-packages:/home/devpc/Desktop/microros_ws/install/statistics_msgs/lib/python3.8/site-packages:/home/devpc/Desktop/microros_ws/install/rosidl_typesupport_microxrcedds_test_msg/lib/python3.8/site-packages:/home/devpc/Desktop/microros_ws/install/rosidl_typesupport_microxrcedds_cpp/lib/python3.8/site-packages:/home/devpc/Desktop/microros_ws/install/rosidl_typesupport_microxrcedds_c/lib/python3.8/site-packages:/home/devpc/Desktop/microros_ws/install/rosgraph_msgs/lib/python3.8/site-packages:/home/devpc/Desktop/microros_ws/install/composition_interfaces/lib/python3.8/site-packages:/home/devpc/Desktop/microros_ws/install/rcl_interfaces/lib/python3.8/site-packages:/home/devpc/Desktop/microros_ws/install/lifecycle_msgs/lib/python3.8/site-packages:/home/devpc/Desktop/microros_ws/install/complex_msgs/lib/python3.8/site-packages:/home/devpc/Desktop/microros_ws/install/micro_ros_msgs/lib/python3.8/site-packages:/home/devpc/Desktop/quad_ws/install/quad_interfaces/lib/python3.8/site-packages:/home/devpc/Desktop/quad_ws/install/quad/lib/python3.8/site-packages:/opt/ros/foxy/lib/python3.8/site-packages /usr/bin/cmake --build /home/devpc/Desktop/microros_ws/build/action_msgs -- -j8 -l8
[0.189s] [  1%] Built target action_msgs__cpp
[0.194s] [ 10%] Built target action_msgs__rosidl_generator_c
[0.298s] [ 18%] Built target action_msgs__rosidl_typesupport_cpp
[0.321s] [ 27%] Built target action_msgs__rosidl_typesupport_c
[0.341s] [ 36%] Built target action_msgs__rosidl_typesupport_introspection_cpp
[0.352s] [ 44%] Built target action_msgs__rosidl_typesupport_microxrcedds_cpp
[0.386s] [ 53%] Built target action_msgs__rosidl_typesupport_fastrtps_cpp
[0.412s] [ 62%] Built target action_msgs__rosidl_typesupport_microxrcedds_c
[0.428s] [ 71%] Built target action_msgs__rosidl_typesupport_introspection_c
[0.480s] [ 79%] Built target action_msgs__rosidl_typesupport_fastrtps_c
[0.514s] [ 79%] Built target action_msgs
[0.561s] [ 81%] Built target action_msgs__py
[0.604s] [ 88%] Built target action_msgs__python
[0.673s] [ 91%] Built target action_msgs__rosidl_typesupport_fastrtps_c__pyext
[0.691s] [ 94%] Built target action_msgs__rosidl_typesupport_introspection_c__pyext
[0.706s] [ 97%] Built target action_msgs__rosidl_typesupport_c__pyext
[0.719s] [100%] Built target action_msgs__rosidl_typesupport_microxrcedds_c__pyext
[0.766s] Invoked command in '/home/devpc/Desktop/microros_ws/build/action_msgs' returned '0': CMAKE_PREFIX_PATH=/home/devpc/Desktop/microros_ws/install/unique_identifier_msgs:/home/devpc/Desktop/microros_ws/install/builtin_interfaces:/home/devpc/Desktop/microros_ws/install/common_interfaces:/home/devpc/Desktop/microros_ws/install/visualization_msgs:/home/devpc/Desktop/microros_ws/install/test_msgs:/home/devpc/Desktop/microros_ws/install/micro_ros_demos_rclc:/home/devpc/Desktop/microros_ws/install/example_interfaces:/home/devpc/Desktop/microros_ws/install/action_msgs:/home/devpc/Desktop/microros_ws/install/trajectory_msgs:/home/devpc/Desktop/microros_ws/install/stereo_msgs:/home/devpc/Desktop/microros_ws/install/std_srvs:/home/devpc/Desktop/microros_ws/install/shape_msgs:/home/devpc/Desktop/microros_ws/install/sensor_msgs:/home/devpc/Desktop/microros_ws/install/nav_msgs:/home/devpc/Desktop/microros_ws/install/diagnostic_msgs:/home/devpc/Desktop/microros_ws/install/geometry_msgs:/home/devpc/Desktop/microros_ws/install/drive_base_msgs:/home/devpc/Desktop/microros_ws/install/actionlib_msgs:/home/devpc/Desktop/microros_ws/install/std_msgs:/home/devpc/Desktop/microros_ws/install/statistics_msgs:/home/devpc/Desktop/microros_ws/install/rosidl_typesupport_microxrcedds_test_msg:/home/devpc/Desktop/microros_ws/install/rosidl_typesupport_microxrcedds_cpp_tests:/home/devpc/Desktop/microros_ws/install/rmw_microxrcedds:/home/devpc/Desktop/microros_ws/install/rosidl_typesupport_microxrcedds_cpp:/home/devpc/Desktop/microros_ws/install/rosidl_typesupport_microxrcedds_c_tests:/home/devpc/Desktop/microros_ws/install/rosidl_typesupport_microxrcedds_c:/home/devpc/Desktop/microros_ws/install/rosgraph_msgs:/home/devpc/Desktop/microros_ws/install/rclc:/home/devpc/Desktop/microros_ws/install/composition_interfaces:/home/devpc/Desktop/microros_ws/install/rcl_interfaces:/home/devpc/Desktop/microros_ws/install/microxrcedds_client:/home/devpc/Desktop/microros_ws/install/microcdr:/home/devpc/Desktop/microros_ws/install/micro_ros_demos_rclcpp:/home/devpc/Desktop/microros_ws/install/lifecycle_msgs:/home/devpc/Desktop/microros_ws/install/complex_msgs:/home/devpc/Desktop/microros_ws/install/micro_ros_agent:/home/devpc/Desktop/microros_ws/install/microxrcedds_agent:/home/devpc/Desktop/microros_ws/install/micro_ros_setup:/home/devpc/Desktop/microros_ws/install/micro_ros_msgs:/home/devpc/Desktop/quad_ws/install/quad_interfaces:/home/devpc/Desktop/microros_ws/install/sensor_msgs_py:/home/devpc/Desktop/quad_ws/install/quad:/opt/ros/foxy LD_LIBRARY_PATH=/home/devpc/Desktop/microros_ws/install/unique_identifier_msgs/lib:/home/devpc/Desktop/microros_ws/install/builtin_interfaces/lib:/home/devpc/Desktop/microros_ws/install/visualization_msgs/lib:/home/devpc/Desktop/microros_ws/install/test_msgs/lib:/home/devpc/Desktop/microros_ws/install/example_interfaces/lib:/home/devpc/Desktop/microros_ws/install/action_msgs/lib:/home/devpc/Desktop/microros_ws/install/trajectory_msgs/lib:/home/devpc/Desktop/microros_ws/install/stereo_msgs/lib:/home/devpc/Desktop/microros_ws/install/std_srvs/lib:/home/devpc/Desktop/microros_ws/install/shape_msgs/lib:/home/devpc/Desktop/microros_ws/install/sensor_msgs/lib:/home/devpc/Desktop/microros_ws/install/nav_msgs/lib:/home/devpc/Desktop/microros_ws/install/diagnostic_msgs/lib:/home/devpc/Desktop/microros_ws/install/geometry_msgs/lib:/home/devpc/Desktop/microros_ws/install/drive_base_msgs/lib:/home/devpc/Desktop/microros_ws/install/actionlib_msgs/lib:/home/devpc/Desktop/microros_ws/install/std_msgs/lib:/home/devpc/Desktop/microros_ws/install/statistics_msgs/lib:/home/devpc/Desktop/microros_ws/install/rosidl_typesupport_microxrcedds_test_msg/lib:/home/devpc/Desktop/microros_ws/install/rmw_microxrcedds/lib:/home/devpc/Desktop/microros_ws/install/rosidl_typesupport_microxrcedds_cpp/lib:/home/devpc/Desktop/microros_ws/install/rosidl_typesupport_microxrcedds_c/lib:/home/devpc/Desktop/microros_ws/install/rosgraph_msgs/lib:/home/devpc/Desktop/microros_ws/install/rclc/lib:/home/devpc/Desktop/microros_ws/install/composition_interfaces/lib:/home/devpc/Desktop/microros_ws/install/rcl_interfaces/lib:/home/devpc/Desktop/microros_ws/install/microxrcedds_client/lib:/home/devpc/Desktop/microros_ws/install/microcdr/lib:/home/devpc/Desktop/microros_ws/install/lifecycle_msgs/lib:/home/devpc/Desktop/microros_ws/install/complex_msgs/lib:/home/devpc/Desktop/microros_ws/install/microxrcedds_agent/lib:/home/devpc/Desktop/microros_ws/install/micro_ros_msgs/lib:/home/devpc/Desktop/quad_ws/install/quad_interfaces/lib:/opt/ros/foxy/opt/yaml_cpp_vendor/lib:/opt/ros/foxy/opt/rviz_ogre_vendor/lib:/opt/ros/foxy/lib/x86_64-linux-gnu:/opt/ros/foxy/lib PYTHONPATH=/home/devpc/Desktop/microros_ws/install/unique_identifier_msgs/lib/python3.8/site-packages:/home/devpc/Desktop/microros_ws/install/builtin_interfaces/lib/python3.8/site-packages:/home/devpc/Desktop/microros_ws/install/visualization_msgs/lib/python3.8/site-packages:/home/devpc/Desktop/microros_ws/install/test_msgs/lib/python3.8/site-packages:/home/devpc/Desktop/microros_ws/install/example_interfaces/lib/python3.8/site-packages:/home/devpc/Desktop/microros_ws/install/action_msgs/lib/python3.8/site-packages:/home/devpc/Desktop/microros_ws/install/trajectory_msgs/lib/python3.8/site-packages:/home/devpc/Desktop/microros_ws/install/stereo_msgs/lib/python3.8/site-packages:/home/devpc/Desktop/microros_ws/install/std_srvs/lib/python3.8/site-packages:/home/devpc/Desktop/microros_ws/install/shape_msgs/lib/python3.8/site-packages:/home/devpc/Desktop/microros_ws/install/sensor_msgs_py/lib/python3.8/site-packages:/home/devpc/Desktop/microros_ws/install/sensor_msgs/lib/python3.8/site-packages:/home/devpc/Desktop/microros_ws/install/nav_msgs/lib/python3.8/site-packages:/home/devpc/Desktop/microros_ws/install/diagnostic_msgs/lib/python3.8/site-packages:/home/devpc/Desktop/microros_ws/install/geometry_msgs/lib/python3.8/site-packages:/home/devpc/Desktop/microros_ws/install/drive_base_msgs/lib/python3.8/site-packages:/home/devpc/Desktop/microros_ws/install/actionlib_msgs/lib/python3.8/site-packages:/home/devpc/Desktop/microros_ws/install/std_msgs/lib/python3.8/site-packages:/home/devpc/Desktop/microros_ws/install/statistics_msgs/lib/python3.8/site-packages:/home/devpc/Desktop/microros_ws/install/rosidl_typesupport_microxrcedds_test_msg/lib/python3.8/site-packages:/home/devpc/Desktop/microros_ws/install/rosidl_typesupport_microxrcedds_cpp/lib/python3.8/site-packages:/home/devpc/Desktop/microros_ws/install/rosidl_typesupport_microxrcedds_c/lib/python3.8/site-packages:/home/devpc/Desktop/microros_ws/install/rosgraph_msgs/lib/python3.8/site-packages:/home/devpc/Desktop/microros_ws/install/composition_interfaces/lib/python3.8/site-packages:/home/devpc/Desktop/microros_ws/install/rcl_interfaces/lib/python3.8/site-packages:/home/devpc/Desktop/microros_ws/install/lifecycle_msgs/lib/python3.8/site-packages:/home/devpc/Desktop/microros_ws/install/complex_msgs/lib/python3.8/site-packages:/home/devpc/Desktop/microros_ws/install/micro_ros_msgs/lib/python3.8/site-packages:/home/devpc/Desktop/quad_ws/install/quad_interfaces/lib/python3.8/site-packages:/home/devpc/Desktop/quad_ws/install/quad/lib/python3.8/site-packages:/opt/ros/foxy/lib/python3.8/site-packages /usr/bin/cmake --build /home/devpc/Desktop/microros_ws/build/action_msgs -- -j8 -l8
[1.052s] Invoking command in '/home/devpc/Desktop/microros_ws/build/action_msgs': CMAKE_PREFIX_PATH=/home/devpc/Desktop/microros_ws/install/unique_identifier_msgs:/home/devpc/Desktop/microros_ws/install/builtin_interfaces:/home/devpc/Desktop/microros_ws/install/common_interfaces:/home/devpc/Desktop/microros_ws/install/visualization_msgs:/home/devpc/Desktop/microros_ws/install/test_msgs:/home/devpc/Desktop/microros_ws/install/micro_ros_demos_rclc:/home/devpc/Desktop/microros_ws/install/example_interfaces:/home/devpc/Desktop/microros_ws/install/action_msgs:/home/devpc/Desktop/microros_ws/install/trajectory_msgs:/home/devpc/Desktop/microros_ws/install/stereo_msgs:/home/devpc/Desktop/microros_ws/install/std_srvs:/home/devpc/Desktop/microros_ws/install/shape_msgs:/home/devpc/Desktop/microros_ws/install/sensor_msgs:/home/devpc/Desktop/microros_ws/install/nav_msgs:/home/devpc/Desktop/microros_ws/install/diagnostic_msgs:/home/devpc/Desktop/microros_ws/install/geometry_msgs:/home/devpc/Desktop/microros_ws/install/drive_base_msgs:/home/devpc/Desktop/microros_ws/install/actionlib_msgs:/home/devpc/Desktop/microros_ws/install/std_msgs:/home/devpc/Desktop/microros_ws/install/statistics_msgs:/home/devpc/Desktop/microros_ws/install/rosidl_typesupport_microxrcedds_test_msg:/home/devpc/Desktop/microros_ws/install/rosidl_typesupport_microxrcedds_cpp_tests:/home/devpc/Desktop/microros_ws/install/rmw_microxrcedds:/home/devpc/Desktop/microros_ws/install/rosidl_typesupport_microxrcedds_cpp:/home/devpc/Desktop/microros_ws/install/rosidl_typesupport_microxrcedds_c_tests:/home/devpc/Desktop/microros_ws/install/rosidl_typesupport_microxrcedds_c:/home/devpc/Desktop/microros_ws/install/rosgraph_msgs:/home/devpc/Desktop/microros_ws/install/rclc:/home/devpc/Desktop/microros_ws/install/composition_interfaces:/home/devpc/Desktop/microros_ws/install/rcl_interfaces:/home/devpc/Desktop/microros_ws/install/microxrcedds_client:/home/devpc/Desktop/microros_ws/install/microcdr:/home/devpc/Desktop/microros_ws/install/micro_ros_demos_rclcpp:/home/devpc/Desktop/microros_ws/install/lifecycle_msgs:/home/devpc/Desktop/microros_ws/install/complex_msgs:/home/devpc/Desktop/microros_ws/install/micro_ros_agent:/home/devpc/Desktop/microros_ws/install/microxrcedds_agent:/home/devpc/Desktop/microros_ws/install/micro_ros_setup:/home/devpc/Desktop/microros_ws/install/micro_ros_msgs:/home/devpc/Desktop/quad_ws/install/quad_interfaces:/home/devpc/Desktop/microros_ws/install/sensor_msgs_py:/home/devpc/Desktop/quad_ws/install/quad:/opt/ros/foxy LD_LIBRARY_PATH=/home/devpc/Desktop/microros_ws/install/unique_identifier_msgs/lib:/home/devpc/Desktop/microros_ws/install/builtin_interfaces/lib:/home/devpc/Desktop/microros_ws/install/visualization_msgs/lib:/home/devpc/Desktop/microros_ws/install/test_msgs/lib:/home/devpc/Desktop/microros_ws/install/example_interfaces/lib:/home/devpc/Desktop/microros_ws/install/action_msgs/lib:/home/devpc/Desktop/microros_ws/install/trajectory_msgs/lib:/home/devpc/Desktop/microros_ws/install/stereo_msgs/lib:/home/devpc/Desktop/microros_ws/install/std_srvs/lib:/home/devpc/Desktop/microros_ws/install/shape_msgs/lib:/home/devpc/Desktop/microros_ws/install/sensor_msgs/lib:/home/devpc/Desktop/microros_ws/install/nav_msgs/lib:/home/devpc/Desktop/microros_ws/install/diagnostic_msgs/lib:/home/devpc/Desktop/microros_ws/install/geometry_msgs/lib:/home/devpc/Desktop/microros_ws/install/drive_base_msgs/lib:/home/devpc/Desktop/microros_ws/install/actionlib_msgs/lib:/home/devpc/Desktop/microros_ws/install/std_msgs/lib:/home/devpc/Desktop/microros_ws/install/statistics_msgs/lib:/home/devpc/Desktop/microros_ws/install/rosidl_typesupport_microxrcedds_test_msg/lib:/home/devpc/Desktop/microros_ws/install/rmw_microxrcedds/lib:/home/devpc/Desktop/microros_ws/install/rosidl_typesupport_microxrcedds_cpp/lib:/home/devpc/Desktop/microros_ws/install/rosidl_typesupport_microxrcedds_c/lib:/home/devpc/Desktop/microros_ws/install/rosgraph_msgs/lib:/home/devpc/Desktop/microros_ws/install/rclc/lib:/home/devpc/Desktop/microros_ws/install/composition_interfaces/lib:/home/devpc/Desktop/microros_ws/install/rcl_interfaces/lib:/home/devpc/Desktop/microros_ws/install/microxrcedds_client/lib:/home/devpc/Desktop/microros_ws/install/microcdr/lib:/home/devpc/Desktop/microros_ws/install/lifecycle_msgs/lib:/home/devpc/Desktop/microros_ws/install/complex_msgs/lib:/home/devpc/Desktop/microros_ws/install/microxrcedds_agent/lib:/home/devpc/Desktop/microros_ws/install/micro_ros_msgs/lib:/home/devpc/Desktop/quad_ws/install/quad_interfaces/lib:/opt/ros/foxy/opt/yaml_cpp_vendor/lib:/opt/ros/foxy/opt/rviz_ogre_vendor/lib:/opt/ros/foxy/lib/x86_64-linux-gnu:/opt/ros/foxy/lib PYTHONPATH=/home/devpc/Desktop/microros_ws/install/unique_identifier_msgs/lib/python3.8/site-packages:/home/devpc/Desktop/microros_ws/install/builtin_interfaces/lib/python3.8/site-packages:/home/devpc/Desktop/microros_ws/install/visualization_msgs/lib/python3.8/site-packages:/home/devpc/Desktop/microros_ws/install/test_msgs/lib/python3.8/site-packages:/home/devpc/Desktop/microros_ws/install/example_interfaces/lib/python3.8/site-packages:/home/devpc/Desktop/microros_ws/install/action_msgs/lib/python3.8/site-packages:/home/devpc/Desktop/microros_ws/install/trajectory_msgs/lib/python3.8/site-packages:/home/devpc/Desktop/microros_ws/install/stereo_msgs/lib/python3.8/site-packages:/home/devpc/Desktop/microros_ws/install/std_srvs/lib/python3.8/site-packages:/home/devpc/Desktop/microros_ws/install/shape_msgs/lib/python3.8/site-packages:/home/devpc/Desktop/microros_ws/install/sensor_msgs_py/lib/python3.8/site-packages:/home/devpc/Desktop/microros_ws/install/sensor_msgs/lib/python3.8/site-packages:/home/devpc/Desktop/microros_ws/install/nav_msgs/lib/python3.8/site-packages:/home/devpc/Desktop/microros_ws/install/diagnostic_msgs/lib/python3.8/site-packages:/home/devpc/Desktop/microros_ws/install/geometry_msgs/lib/python3.8/site-packages:/home/devpc/Desktop/microros_ws/install/drive_base_msgs/lib/python3.8/site-packages:/home/devpc/Desktop/microros_ws/install/actionlib_msgs/lib/python3.8/site-packages:/home/devpc/Desktop/microros_ws/install/std_msgs/lib/python3.8/site-packages:/home/devpc/Desktop/microros_ws/install/statistics_msgs/lib/python3.8/site-packages:/home/devpc/Desktop/microros_ws/install/rosidl_typesupport_microxrcedds_test_msg/lib/python3.8/site-packages:/home/devpc/Desktop/microros_ws/install/rosidl_typesupport_microxrcedds_cpp/lib/python3.8/site-packages:/home/devpc/Desktop/microros_ws/install/rosidl_typesupport_microxrcedds_c/lib/python3.8/site-packages:/home/devpc/Desktop/microros_ws/install/rosgraph_msgs/lib/python3.8/site-packages:/home/devpc/Desktop/microros_ws/install/composition_interfaces/lib/python3.8/site-packages:/home/devpc/Desktop/microros_ws/install/rcl_interfaces/lib/python3.8/site-packages:/home/devpc/Desktop/microros_ws/install/lifecycle_msgs/lib/python3.8/site-packages:/home/devpc/Desktop/microros_ws/install/complex_msgs/lib/python3.8/site-packages:/home/devpc/Desktop/microros_ws/install/micro_ros_msgs/lib/python3.8/site-packages:/home/devpc/Desktop/quad_ws/install/quad_interfaces/lib/python3.8/site-packages:/home/devpc/Desktop/quad_ws/install/quad/lib/python3.8/site-packages:/opt/ros/foxy/lib/python3.8/site-packages /usr/bin/cmake --install /home/devpc/Desktop/microros_ws/build/action_msgs
[1.085s] -- Install configuration: ""
[1.085s] -- Up-to-date: /home/devpc/Desktop/microros_ws/install/action_msgs/share/ament_index/resource_index/rosidl_interfaces/action_msgs
[1.085s] -- Up-to-date: /home/devpc/Desktop/microros_ws/install/action_msgs/include/action_msgs
[1.086s] -- Up-to-date: /home/devpc/Desktop/microros_ws/install/action_msgs/include/action_msgs/msg
[1.086s] -- Up-to-date: /home/devpc/Desktop/microros_ws/install/action_msgs/include/action_msgs/msg/detail
[1.086s] -- Up-to-date: /home/devpc/Desktop/microros_ws/install/action_msgs/include/action_msgs/msg/detail/goal_status__functions.h
[1.086s] -- Up-to-date: /home/devpc/Desktop/microros_ws/install/action_msgs/include/action_msgs/msg/detail/goal_status_array__type_support.h
[1.086s] -- Up-to-date: /home/devpc/Desktop/microros_ws/install/action_msgs/include/action_msgs/msg/detail/goal_status_array__struct.h
[1.086s] -- Up-to-date: /home/devpc/Desktop/microros_ws/install/action_msgs/include/action_msgs/msg/detail/goal_status__type_support.h
[1.086s] -- Up-to-date: /home/devpc/Desktop/microros_ws/install/action_msgs/include/action_msgs/msg/detail/goal_status_array__functions.c
[1.086s] -- Up-to-date: /home/devpc/Desktop/microros_ws/install/action_msgs/include/action_msgs/msg/detail/goal_info__type_support.h
[1.087s] -- Up-to-date: /home/devpc/Desktop/microros_ws/install/action_msgs/include/action_msgs/msg/detail/goal_info__functions.h
[1.087s] -- Up-to-date: /home/devpc/Desktop/microros_ws/install/action_msgs/include/action_msgs/msg/detail/goal_info__struct.h
[1.087s] -- Up-to-date: /home/devpc/Desktop/microros_ws/install/action_msgs/include/action_msgs/msg/detail/goal_status__functions.c
[1.087s] -- Up-to-date: /home/devpc/Desktop/microros_ws/install/action_msgs/include/action_msgs/msg/detail/goal_status__struct.h
[1.087s] -- Up-to-date: /home/devpc/Desktop/microros_ws/install/action_msgs/include/action_msgs/msg/detail/goal_info__functions.c
[1.087s] -- Up-to-date: /home/devpc/Desktop/microros_ws/install/action_msgs/include/action_msgs/msg/detail/goal_status_array__functions.h
[1.087s] -- Up-to-date: /home/devpc/Desktop/microros_ws/install/action_msgs/include/action_msgs/msg/goal_info.h
[1.088s] -- Up-to-date: /home/devpc/Desktop/microros_ws/install/action_msgs/include/action_msgs/msg/goal_status.h
[1.088s] -- Up-to-date: /home/devpc/Desktop/microros_ws/install/action_msgs/include/action_msgs/msg/goal_status_array.h
[1.088s] -- Up-to-date: /home/devpc/Desktop/microros_ws/install/action_msgs/include/action_msgs/msg/rosidl_generator_c__visibility_control.h
[1.088s] -- Up-to-date: /home/devpc/Desktop/microros_ws/install/action_msgs/include/action_msgs/srv
[1.088s] -- Up-to-date: /home/devpc/Desktop/microros_ws/install/action_msgs/include/action_msgs/srv/cancel_goal.h
[1.088s] -- Up-to-date: /home/devpc/Desktop/microros_ws/install/action_msgs/include/action_msgs/srv/detail
[1.088s] -- Up-to-date: /home/devpc/Desktop/microros_ws/install/action_msgs/include/action_msgs/srv/detail/cancel_goal__struct.h
[1.088s] -- Up-to-date: /home/devpc/Desktop/microros_ws/install/action_msgs/include/action_msgs/srv/detail/cancel_goal__type_support.h
[1.089s] -- Up-to-date: /home/devpc/Desktop/microros_ws/install/action_msgs/include/action_msgs/srv/detail/cancel_goal__functions.c
[1.089s] -- Up-to-date: /home/devpc/Desktop/microros_ws/install/action_msgs/include/action_msgs/srv/detail/cancel_goal__functions.h
[1.089s] -- Up-to-date: /home/devpc/Desktop/microros_ws/install/action_msgs/share/action_msgs/environment/library_path.sh
[1.089s] -- Up-to-date: /home/devpc/Desktop/microros_ws/install/action_msgs/share/action_msgs/environment/library_path.dsv
[1.089s] -- Up-to-date: /home/devpc/Desktop/microros_ws/install/action_msgs/lib/libaction_msgs__rosidl_generator_c.so
[1.089s] -- Up-to-date: /home/devpc/Desktop/microros_ws/install/action_msgs/include/action_msgs
[1.090s] -- Up-to-date: /home/devpc/Desktop/microros_ws/install/action_msgs/include/action_msgs/msg
[1.090s] -- Up-to-date: /home/devpc/Desktop/microros_ws/install/action_msgs/include/action_msgs/msg/detail
[1.090s] -- Up-to-date: /home/devpc/Desktop/microros_ws/install/action_msgs/include/action_msgs/msg/detail/goal_status_array__rosidl_typesupport_microxrcedds_c.h
[1.090s] -- Up-to-date: /home/devpc/Desktop/microros_ws/install/action_msgs/include/action_msgs/msg/detail/goal_status__rosidl_typesupport_microxrcedds_c.h
[1.090s] -- Up-to-date: /home/devpc/Desktop/microros_ws/install/action_msgs/include/action_msgs/msg/detail/goal_info__rosidl_typesupport_microxrcedds_c.h
[1.090s] -- Up-to-date: /home/devpc/Desktop/microros_ws/install/action_msgs/include/action_msgs/msg/detail/microxrcedds
[1.090s] -- Up-to-date: /home/devpc/Desktop/microros_ws/install/action_msgs/include/action_msgs/msg/rosidl_typesupport_microxrcedds_c__visibility_control.h
[1.090s] -- Up-to-date: /home/devpc/Desktop/microros_ws/install/action_msgs/include/action_msgs/srv
[1.091s] -- Up-to-date: /home/devpc/Desktop/microros_ws/install/action_msgs/include/action_msgs/srv/detail
[1.091s] -- Up-to-date: /home/devpc/Desktop/microros_ws/install/action_msgs/include/action_msgs/srv/detail/cancel_goal__rosidl_typesupport_microxrcedds_c.h
[1.091s] -- Up-to-date: /home/devpc/Desktop/microros_ws/install/action_msgs/include/action_msgs/srv/detail/microxrcedds
[1.091s] -- Up-to-date: /home/devpc/Desktop/microros_ws/install/action_msgs/lib/libaction_msgs__rosidl_typesupport_microxrcedds_c.so
[1.091s] -- Up-to-date: /home/devpc/Desktop/microros_ws/install/action_msgs/include/action_msgs
[1.091s] -- Up-to-date: /home/devpc/Desktop/microros_ws/install/action_msgs/include/action_msgs/msg
[1.091s] -- Up-to-date: /home/devpc/Desktop/microros_ws/install/action_msgs/include/action_msgs/msg/detail
[1.091s] -- Up-to-date: /home/devpc/Desktop/microros_ws/install/action_msgs/include/action_msgs/msg/detail/goal_status_array__rosidl_typesupport_fastrtps_c.h
[1.092s] -- Up-to-date: /home/devpc/Desktop/microros_ws/install/action_msgs/include/action_msgs/msg/detail/goal_status__rosidl_typesupport_fastrtps_c.h
[1.092s] -- Up-to-date: /home/devpc/Desktop/microros_ws/install/action_msgs/include/action_msgs/msg/detail/goal_info__rosidl_typesupport_fastrtps_c.h
[1.092s] -- Up-to-date: /home/devpc/Desktop/microros_ws/install/action_msgs/include/action_msgs/msg/rosidl_typesupport_fastrtps_c__visibility_control.h
[1.092s] -- Up-to-date: /home/devpc/Desktop/microros_ws/install/action_msgs/include/action_msgs/srv
[1.092s] -- Up-to-date: /home/devpc/Desktop/microros_ws/install/action_msgs/include/action_msgs/srv/detail
[1.092s] -- Up-to-date: /home/devpc/Desktop/microros_ws/install/action_msgs/include/action_msgs/srv/detail/cancel_goal__rosidl_typesupport_fastrtps_c.h
[1.092s] -- Up-to-date: /home/devpc/Desktop/microros_ws/install/action_msgs/lib/libaction_msgs__rosidl_typesupport_fastrtps_c.so
[1.093s] -- Up-to-date: /home/devpc/Desktop/microros_ws/install/action_msgs/include/action_msgs
[1.093s] -- Up-to-date: /home/devpc/Desktop/microros_ws/install/action_msgs/include/action_msgs/msg
[1.093s] -- Up-to-date: /home/devpc/Desktop/microros_ws/install/action_msgs/include/action_msgs/msg/detail
[1.093s] -- Up-to-date: /home/devpc/Desktop/microros_ws/install/action_msgs/include/action_msgs/msg/detail/goal_status__rosidl_typesupport_fastrtps_cpp.hpp
[1.093s] -- Up-to-date: /home/devpc/Desktop/microros_ws/install/action_msgs/include/action_msgs/msg/detail/goal_info__rosidl_typesupport_fastrtps_cpp.hpp
[1.093s] -- Up-to-date: /home/devpc/Desktop/microros_ws/install/action_msgs/include/action_msgs/msg/detail/goal_status_array__rosidl_typesupport_fastrtps_cpp.hpp
[1.093s] -- Up-to-date: /home/devpc/Desktop/microros_ws/install/action_msgs/include/action_msgs/msg/detail/dds_fastrtps
[1.094s] -- Up-to-date: /home/devpc/Desktop/microros_ws/install/action_msgs/include/action_msgs/msg/rosidl_typesupport_fastrtps_cpp__visibility_control.h
[1.094s] -- Up-to-date: /home/devpc/Desktop/microros_ws/install/action_msgs/include/action_msgs/srv
[1.094s] -- Up-to-date: /home/devpc/Desktop/microros_ws/install/action_msgs/include/action_msgs/srv/detail
[1.095s] -- Up-to-date: /home/devpc/Desktop/microros_ws/install/action_msgs/include/action_msgs/srv/detail/cancel_goal__rosidl_typesupport_fastrtps_cpp.hpp
[1.095s] -- Up-to-date: /home/devpc/Desktop/microros_ws/install/action_msgs/include/action_msgs/srv/detail/dds_fastrtps
[1.095s] -- Up-to-date: /home/devpc/Desktop/microros_ws/install/action_msgs/lib/libaction_msgs__rosidl_typesupport_fastrtps_cpp.so
[1.111s] -- Up-to-date: /home/devpc/Desktop/microros_ws/install/action_msgs/include/action_msgs
[1.111s] -- Up-to-date: /home/devpc/Desktop/microros_ws/install/action_msgs/include/action_msgs/msg
[1.112s] -- Up-to-date: /home/devpc/Desktop/microros_ws/install/action_msgs/include/action_msgs/msg/detail
[1.112s] -- Up-to-date: /home/devpc/Desktop/microros_ws/install/action_msgs/include/action_msgs/msg/detail/goal_status_array__type_support.c
[1.112s] -- Up-to-date: /home/devpc/Desktop/microros_ws/install/action_msgs/include/action_msgs/msg/detail/goal_info__rosidl_typesupport_introspection_c.h
[1.112s] -- Up-to-date: /home/devpc/Desktop/microros_ws/install/action_msgs/include/action_msgs/msg/detail/goal_status__type_support.c
[1.112s] -- Up-to-date: /home/devpc/Desktop/microros_ws/install/action_msgs/include/action_msgs/msg/detail/goal_info__type_support.c
[1.112s] -- Up-to-date: /home/devpc/Desktop/microros_ws/install/action_msgs/include/action_msgs/msg/detail/goal_status__rosidl_typesupport_introspection_c.h
[1.113s] -- Up-to-date: /home/devpc/Desktop/microros_ws/install/action_msgs/include/action_msgs/msg/detail/goal_status_array__rosidl_typesupport_introspection_c.h
[1.113s] -- Up-to-date: /home/devpc/Desktop/microros_ws/install/action_msgs/include/action_msgs/msg/rosidl_typesupport_introspection_c__visibility_control.h
[1.113s] -- Up-to-date: /home/devpc/Desktop/microros_ws/install/action_msgs/include/action_msgs/srv
[1.113s] -- Up-to-date: /home/devpc/Desktop/microros_ws/install/action_msgs/include/action_msgs/srv/detail
[1.114s] -- Up-to-date: /home/devpc/Desktop/microros_ws/install/action_msgs/include/action_msgs/srv/detail/cancel_goal__rosidl_typesupport_introspection_c.h
[1.114s] -- Up-to-date: /home/devpc/Desktop/microros_ws/install/action_msgs/include/action_msgs/srv/detail/cancel_goal__type_support.c
[1.114s] -- Up-to-date: /home/devpc/Desktop/microros_ws/install/action_msgs/lib/libaction_msgs__rosidl_typesupport_introspection_c.so
[1.115s] -- Up-to-date: /home/devpc/Desktop/microros_ws/install/action_msgs/lib/libaction_msgs__rosidl_typesupport_c.so
[1.116s] -- Up-to-date: /home/devpc/Desktop/microros_ws/install/action_msgs/include/action_msgs
[1.116s] -- Up-to-date: /home/devpc/Desktop/microros_ws/install/action_msgs/include/action_msgs/msg
[1.116s] -- Up-to-date: /home/devpc/Desktop/microros_ws/install/action_msgs/include/action_msgs/msg/detail
[1.116s] -- Up-to-date: /home/devpc/Desktop/microros_ws/install/action_msgs/include/action_msgs/msg/detail/goal_status__builder.hpp
[1.116s] -- Up-to-date: /home/devpc/Desktop/microros_ws/install/action_msgs/include/action_msgs/msg/detail/goal_status_array__traits.hpp
[1.116s] -- Up-to-date: /home/devpc/Desktop/microros_ws/install/action_msgs/include/action_msgs/msg/detail/goal_status__traits.hpp
[1.117s] -- Up-to-date: /home/devpc/Desktop/microros_ws/install/action_msgs/include/action_msgs/msg/detail/goal_status__struct.hpp
[1.117s] -- Up-to-date: /home/devpc/Desktop/microros_ws/install/action_msgs/include/action_msgs/msg/detail/goal_info__traits.hpp
[1.117s] -- Up-to-date: /home/devpc/Desktop/microros_ws/install/action_msgs/include/action_msgs/msg/detail/goal_status_array__struct.hpp
[1.117s] -- Up-to-date: /home/devpc/Desktop/microros_ws/install/action_msgs/include/action_msgs/msg/detail/goal_status_array__builder.hpp
[1.117s] -- Up-to-date: /home/devpc/Desktop/microros_ws/install/action_msgs/include/action_msgs/msg/detail/goal_info__builder.hpp
[1.117s] -- Up-to-date: /home/devpc/Desktop/microros_ws/install/action_msgs/include/action_msgs/msg/detail/goal_info__struct.hpp
[1.117s] -- Up-to-date: /home/devpc/Desktop/microros_ws/install/action_msgs/include/action_msgs/msg/goal_info.hpp
[1.118s] -- Up-to-date: /home/devpc/Desktop/microros_ws/install/action_msgs/include/action_msgs/msg/goal_status.hpp
[1.118s] -- Up-to-date: /home/devpc/Desktop/microros_ws/install/action_msgs/include/action_msgs/msg/goal_status_array.hpp
[1.118s] -- Up-to-date: /home/devpc/Desktop/microros_ws/install/action_msgs/include/action_msgs/srv
[1.118s] -- Up-to-date: /home/devpc/Desktop/microros_ws/install/action_msgs/include/action_msgs/srv/cancel_goal.hpp
[1.118s] -- Up-to-date: /home/devpc/Desktop/microros_ws/install/action_msgs/include/action_msgs/srv/detail
[1.118s] -- Up-to-date: /home/devpc/Desktop/microros_ws/install/action_msgs/include/action_msgs/srv/detail/cancel_goal__struct.hpp
[1.118s] -- Up-to-date: /home/devpc/Desktop/microros_ws/install/action_msgs/include/action_msgs/srv/detail/cancel_goal__builder.hpp
[1.118s] -- Up-to-date: /home/devpc/Desktop/microros_ws/install/action_msgs/include/action_msgs/srv/detail/cancel_goal__traits.hpp
[1.119s] -- Up-to-date: /home/devpc/Desktop/microros_ws/install/action_msgs/include/action_msgs
[1.119s] -- Up-to-date: /home/devpc/Desktop/microros_ws/install/action_msgs/include/action_msgs/msg
[1.119s] -- Up-to-date: /home/devpc/Desktop/microros_ws/install/action_msgs/include/action_msgs/msg/detail
[1.119s] -- Up-to-date: /home/devpc/Desktop/microros_ws/install/action_msgs/include/action_msgs/msg/detail/goal_status_array__rosidl_typesupport_microxrcedds_cpp.hpp
[1.119s] -- Up-to-date: /home/devpc/Desktop/microros_ws/install/action_msgs/include/action_msgs/msg/detail/goal_status__rosidl_typesupport_microxrcedds_cpp.hpp
[1.119s] -- Up-to-date: /home/devpc/Desktop/microros_ws/install/action_msgs/include/action_msgs/msg/detail/goal_info__rosidl_typesupport_microxrcedds_cpp.hpp
[1.119s] -- Up-to-date: /home/devpc/Desktop/microros_ws/install/action_msgs/include/action_msgs/msg/detail/microxrcedds
[1.119s] -- Up-to-date: /home/devpc/Desktop/microros_ws/install/action_msgs/include/action_msgs/msg/detail/microxrcedds/goal_status_array__type_support_cpp.cpp
[1.120s] -- Up-to-date: /home/devpc/Desktop/microros_ws/install/action_msgs/include/action_msgs/msg/detail/microxrcedds/goal_status__type_support_cpp.cpp
[1.120s] -- Up-to-date: /home/devpc/Desktop/microros_ws/install/action_msgs/include/action_msgs/msg/detail/microxrcedds/goal_info__type_support_cpp.cpp
[1.120s] -- Up-to-date: /home/devpc/Desktop/microros_ws/install/action_msgs/include/action_msgs/msg/rosidl_typesupport_microxrcedds_cpp__visibility_control.h
[1.120s] -- Up-to-date: /home/devpc/Desktop/microros_ws/install/action_msgs/include/action_msgs/srv
[1.120s] -- Up-to-date: /home/devpc/Desktop/microros_ws/install/action_msgs/include/action_msgs/srv/detail
[1.120s] -- Up-to-date: /home/devpc/Desktop/microros_ws/install/action_msgs/include/action_msgs/srv/detail/cancel_goal__rosidl_typesupport_microxrcedds_cpp.hpp
[1.120s] -- Up-to-date: /home/devpc/Desktop/microros_ws/install/action_msgs/include/action_msgs/srv/detail/microxrcedds
[1.121s] -- Up-to-date: /home/devpc/Desktop/microros_ws/install/action_msgs/include/action_msgs/srv/detail/microxrcedds/cancel_goal__type_support_cpp.cpp
[1.121s] -- Up-to-date: /home/devpc/Desktop/microros_ws/install/action_msgs/lib/libaction_msgs__rosidl_typesupport_microxrcedds_cpp.so
[1.121s] -- Up-to-date: /home/devpc/Desktop/microros_ws/install/action_msgs/include/action_msgs
[1.121s] -- Up-to-date: /home/devpc/Desktop/microros_ws/install/action_msgs/include/action_msgs/msg
[1.121s] -- Up-to-date: /home/devpc/Desktop/microros_ws/install/action_msgs/include/action_msgs/msg/detail
[1.121s] -- Up-to-date: /home/devpc/Desktop/microros_ws/install/action_msgs/include/action_msgs/msg/detail/goal_status__type_support.cpp
[1.121s] -- Up-to-date: /home/devpc/Desktop/microros_ws/install/action_msgs/include/action_msgs/msg/detail/goal_info__type_support.cpp
[1.121s] -- Up-to-date: /home/devpc/Desktop/microros_ws/install/action_msgs/include/action_msgs/msg/detail/goal_info__rosidl_typesupport_introspection_cpp.hpp
[1.122s] -- Up-to-date: /home/devpc/Desktop/microros_ws/install/action_msgs/include/action_msgs/msg/detail/goal_status__rosidl_typesupport_introspection_cpp.hpp
[1.122s] -- Up-to-date: /home/devpc/Desktop/microros_ws/install/action_msgs/include/action_msgs/msg/detail/goal_status_array__type_support.cpp
[1.122s] -- Up-to-date: /home/devpc/Desktop/microros_ws/install/action_msgs/include/action_msgs/msg/detail/goal_status_array__rosidl_typesupport_introspection_cpp.hpp
[1.122s] -- Up-to-date: /home/devpc/Desktop/microros_ws/install/action_msgs/include/action_msgs/srv
[1.122s] -- Up-to-date: /home/devpc/Desktop/microros_ws/install/action_msgs/include/action_msgs/srv/detail
[1.122s] -- Up-to-date: /home/devpc/Desktop/microros_ws/install/action_msgs/include/action_msgs/srv/detail/cancel_goal__rosidl_typesupport_introspection_cpp.hpp
[1.122s] -- Up-to-date: /home/devpc/Desktop/microros_ws/install/action_msgs/include/action_msgs/srv/detail/cancel_goal__type_support.cpp
[1.123s] -- Up-to-date: /home/devpc/Desktop/microros_ws/install/action_msgs/lib/libaction_msgs__rosidl_typesupport_introspection_cpp.so
[1.123s] -- Up-to-date: /home/devpc/Desktop/microros_ws/install/action_msgs/lib/libaction_msgs__rosidl_typesupport_cpp.so
[1.123s] -- Up-to-date: /home/devpc/Desktop/microros_ws/install/action_msgs/share/action_msgs/environment/pythonpath.sh
[1.123s] -- Up-to-date: /home/devpc/Desktop/microros_ws/install/action_msgs/share/action_msgs/environment/pythonpath.dsv
[1.123s] -- Up-to-date: /home/devpc/Desktop/microros_ws/install/action_msgs/lib/python3.8/site-packages/action_msgs/__init__.py
[1.147s] -- Up-to-date: /home/devpc/Desktop/microros_ws/install/action_msgs/lib/python3.8/site-packages/action_msgs/msg
[1.147s] -- Up-to-date: /home/devpc/Desktop/microros_ws/install/action_msgs/lib/python3.8/site-packages/action_msgs/msg/_goal_status.py
[1.148s] -- Up-to-date: /home/devpc/Desktop/microros_ws/install/action_msgs/lib/python3.8/site-packages/action_msgs/msg/_goal_status_s.c
[1.148s] -- Up-to-date: /home/devpc/Desktop/microros_ws/install/action_msgs/lib/python3.8/site-packages/action_msgs/msg/__init__.py
[1.148s] -- Up-to-date: /home/devpc/Desktop/microros_ws/install/action_msgs/lib/python3.8/site-packages/action_msgs/msg/_goal_status_array_s.c
[1.149s] -- Up-to-date: /home/devpc/Desktop/microros_ws/install/action_msgs/lib/python3.8/site-packages/action_msgs/msg/_goal_info_s.c
[1.149s] -- Up-to-date: /home/devpc/Desktop/microros_ws/install/action_msgs/lib/python3.8/site-packages/action_msgs/msg/_goal_info.py
[1.149s] -- Up-to-date: /home/devpc/Desktop/microros_ws/install/action_msgs/lib/python3.8/site-packages/action_msgs/msg/_goal_status_array.py
[1.149s] -- Up-to-date: /home/devpc/Desktop/microros_ws/install/action_msgs/lib/python3.8/site-packages/action_msgs/srv
[1.149s] -- Up-to-date: /home/devpc/Desktop/microros_ws/install/action_msgs/lib/python3.8/site-packages/action_msgs/srv/_cancel_goal.py
[1.150s] -- Up-to-date: /home/devpc/Desktop/microros_ws/install/action_msgs/lib/python3.8/site-packages/action_msgs/srv/__init__.py
[1.150s] -- Up-to-date: /home/devpc/Desktop/microros_ws/install/action_msgs/lib/python3.8/site-packages/action_msgs/srv/_cancel_goal_s.c
[1.150s] -- Up-to-date: /home/devpc/Desktop/microros_ws/install/action_msgs/lib/python3.8/site-packages/action_msgs/action_msgs_s__rosidl_typesupport_microxrcedds_c.cpython-38-x86_64-linux-gnu.so
[1.150s] -- Up-to-date: /home/devpc/Desktop/microros_ws/install/action_msgs/lib/python3.8/site-packages/action_msgs/action_msgs_s__rosidl_typesupport_fastrtps_c.cpython-38-x86_64-linux-gnu.so
[1.150s] -- Up-to-date: /home/devpc/Desktop/microros_ws/install/action_msgs/lib/python3.8/site-packages/action_msgs/action_msgs_s__rosidl_typesupport_introspection_c.cpython-38-x86_64-linux-gnu.so
[1.151s] -- Up-to-date: /home/devpc/Desktop/microros_ws/install/action_msgs/lib/python3.8/site-packages/action_msgs/action_msgs_s__rosidl_typesupport_c.cpython-38-x86_64-linux-gnu.so
[1.151s] -- Up-to-date: /home/devpc/Desktop/microros_ws/install/action_msgs/lib/libaction_msgs__python.so
[1.151s] -- Up-to-date: /home/devpc/Desktop/microros_ws/install/action_msgs/share/action_msgs/msg/GoalInfo.idl
[1.151s] -- Up-to-date: /home/devpc/Desktop/microros_ws/install/action_msgs/share/action_msgs/msg/GoalStatus.idl
[1.151s] -- Up-to-date: /home/devpc/Desktop/microros_ws/install/action_msgs/share/action_msgs/msg/GoalStatusArray.idl
[1.152s] -- Up-to-date: /home/devpc/Desktop/microros_ws/install/action_msgs/share/action_msgs/srv/CancelGoal.idl
[1.153s] -- Up-to-date: /home/devpc/Desktop/microros_ws/install/action_msgs/share/action_msgs/msg/GoalInfo.msg
[1.153s] -- Up-to-date: /home/devpc/Desktop/microros_ws/install/action_msgs/share/action_msgs/msg/GoalStatus.msg
[1.153s] -- Up-to-date: /home/devpc/Desktop/microros_ws/install/action_msgs/share/action_msgs/msg/GoalStatusArray.msg
[1.154s] -- Up-to-date: /home/devpc/Desktop/microros_ws/install/action_msgs/share/action_msgs/srv/CancelGoal.srv
[1.167s] -- Up-to-date: /home/devpc/Desktop/microros_ws/install/action_msgs/share/action_msgs/srv/CancelGoal_Request.msg
[1.167s] -- Up-to-date: /home/devpc/Desktop/microros_ws/install/action_msgs/share/action_msgs/srv/CancelGoal_Response.msg
[1.167s] -- Up-to-date: /home/devpc/Desktop/microros_ws/install/action_msgs/share/ament_index/resource_index/package_run_dependencies/action_msgs
[1.167s] -- Up-to-date: /home/devpc/Desktop/microros_ws/install/action_msgs/share/ament_index/resource_index/parent_prefix_path/action_msgs
[1.169s] -- Up-to-date: /home/devpc/Desktop/microros_ws/install/action_msgs/share/action_msgs/environment/ament_prefix_path.sh
[1.169s] -- Up-to-date: /home/devpc/Desktop/microros_ws/install/action_msgs/share/action_msgs/environment/ament_prefix_path.dsv
[1.170s] -- Up-to-date: /home/devpc/Desktop/microros_ws/install/action_msgs/share/action_msgs/environment/path.sh
[1.170s] -- Up-to-date: /home/devpc/Desktop/microros_ws/install/action_msgs/share/action_msgs/environment/path.dsv
[1.171s] -- Up-to-date: /home/devpc/Desktop/microros_ws/install/action_msgs/share/action_msgs/local_setup.bash
[1.173s] -- Up-to-date: /home/devpc/Desktop/microros_ws/install/action_msgs/share/action_msgs/local_setup.sh
[1.174s] -- Up-to-date: /home/devpc/Desktop/microros_ws/install/action_msgs/share/action_msgs/local_setup.zsh
[1.174s] -- Up-to-date: /home/devpc/Desktop/microros_ws/install/action_msgs/share/action_msgs/local_setup.dsv
[1.174s] -- Installing: /home/devpc/Desktop/microros_ws/install/action_msgs/share/action_msgs/package.dsv
[1.174s] -- Up-to-date: /home/devpc/Desktop/microros_ws/install/action_msgs/share/ament_index/resource_index/packages/action_msgs
[1.174s] -- Up-to-date: /home/devpc/Desktop/microros_ws/install/action_msgs/share/action_msgs/cmake/action_msgs__rosidl_generator_cExport.cmake
[1.175s] -- Up-to-date: /home/devpc/Desktop/microros_ws/install/action_msgs/share/action_msgs/cmake/action_msgs__rosidl_generator_cExport-noconfig.cmake
[1.175s] -- Up-to-date: /home/devpc/Desktop/microros_ws/install/action_msgs/share/action_msgs/cmake/action_msgs__rosidl_typesupport_introspection_cExport.cmake
[1.175s] -- Up-to-date: /home/devpc/Desktop/microros_ws/install/action_msgs/share/action_msgs/cmake/action_msgs__rosidl_typesupport_introspection_cExport-noconfig.cmake
[1.175s] -- Up-to-date: /home/devpc/Desktop/microros_ws/install/action_msgs/share/action_msgs/cmake/action_msgs__rosidl_typesupport_cExport.cmake
[1.176s] -- Up-to-date: /home/devpc/Desktop/microros_ws/install/action_msgs/share/action_msgs/cmake/action_msgs__rosidl_typesupport_cExport-noconfig.cmake
[1.176s] -- Up-to-date: /home/devpc/Desktop/microros_ws/install/action_msgs/share/action_msgs/cmake/action_msgs__rosidl_generator_cppExport.cmake
[1.176s] -- Up-to-date: /home/devpc/Desktop/microros_ws/install/action_msgs/share/action_msgs/cmake/action_msgs__rosidl_typesupport_introspection_cppExport.cmake
[1.176s] -- Up-to-date: /home/devpc/Desktop/microros_ws/install/action_msgs/share/action_msgs/cmake/action_msgs__rosidl_typesupport_introspection_cppExport-noconfig.cmake
[1.176s] -- Up-to-date: /home/devpc/Desktop/microros_ws/install/action_msgs/share/action_msgs/cmake/action_msgs__rosidl_typesupport_cppExport.cmake
[1.176s] -- Up-to-date: /home/devpc/Desktop/microros_ws/install/action_msgs/share/action_msgs/cmake/action_msgs__rosidl_typesupport_cppExport-noconfig.cmake
[1.177s] -- Up-to-date: /home/devpc/Desktop/microros_ws/install/action_msgs/share/action_msgs/cmake/rosidl_cmake-extras.cmake
[1.177s] -- Up-to-date: /home/devpc/Desktop/microros_ws/install/action_msgs/share/action_msgs/cmake/ament_cmake_export_dependencies-extras.cmake
[1.177s] -- Up-to-date: /home/devpc/Desktop/microros_ws/install/action_msgs/share/action_msgs/cmake/ament_cmake_export_libraries-extras.cmake
[1.177s] -- Up-to-date: /home/devpc/Desktop/microros_ws/install/action_msgs/share/action_msgs/cmake/ament_cmake_export_targets-extras.cmake
[1.177s] -- Up-to-date: /home/devpc/Desktop/microros_ws/install/action_msgs/share/action_msgs/cmake/ament_cmake_export_include_directories-extras.cmake
[1.178s] -- Up-to-date: /home/devpc/Desktop/microros_ws/install/action_msgs/share/action_msgs/cmake/rosidl_cmake_export_typesupport_libraries-extras.cmake
[1.179s] -- Up-to-date: /home/devpc/Desktop/microros_ws/install/action_msgs/share/action_msgs/cmake/rosidl_cmake_export_typesupport_targets-extras.cmake
[1.179s] -- Up-to-date: /home/devpc/Desktop/microros_ws/install/action_msgs/share/action_msgs/cmake/action_msgsConfig.cmake
[1.180s] -- Up-to-date: /home/devpc/Desktop/microros_ws/install/action_msgs/share/action_msgs/cmake/action_msgsConfig-version.cmake
[1.180s] -- Up-to-date: /home/devpc/Desktop/microros_ws/install/action_msgs/share/action_msgs/package.xml
[1.192s] Invoked command in '/home/devpc/Desktop/microros_ws/build/action_msgs' returned '0': CMAKE_PREFIX_PATH=/home/devpc/Desktop/microros_ws/install/unique_identifier_msgs:/home/devpc/Desktop/microros_ws/install/builtin_interfaces:/home/devpc/Desktop/microros_ws/install/common_interfaces:/home/devpc/Desktop/microros_ws/install/visualization_msgs:/home/devpc/Desktop/microros_ws/install/test_msgs:/home/devpc/Desktop/microros_ws/install/micro_ros_demos_rclc:/home/devpc/Desktop/microros_ws/install/example_interfaces:/home/devpc/Desktop/microros_ws/install/action_msgs:/home/devpc/Desktop/microros_ws/install/trajectory_msgs:/home/devpc/Desktop/microros_ws/install/stereo_msgs:/home/devpc/Desktop/microros_ws/install/std_srvs:/home/devpc/Desktop/microros_ws/install/shape_msgs:/home/devpc/Desktop/microros_ws/install/sensor_msgs:/home/devpc/Desktop/microros_ws/install/nav_msgs:/home/devpc/Desktop/microros_ws/install/diagnostic_msgs:/home/devpc/Desktop/microros_ws/install/geometry_msgs:/home/devpc/Desktop/microros_ws/install/drive_base_msgs:/home/devpc/Desktop/microros_ws/install/actionlib_msgs:/home/devpc/Desktop/microros_ws/install/std_msgs:/home/devpc/Desktop/microros_ws/install/statistics_msgs:/home/devpc/Desktop/microros_ws/install/rosidl_typesupport_microxrcedds_test_msg:/home/devpc/Desktop/microros_ws/install/rosidl_typesupport_microxrcedds_cpp_tests:/home/devpc/Desktop/microros_ws/install/rmw_microxrcedds:/home/devpc/Desktop/microros_ws/install/rosidl_typesupport_microxrcedds_cpp:/home/devpc/Desktop/microros_ws/install/rosidl_typesupport_microxrcedds_c_tests:/home/devpc/Desktop/microros_ws/install/rosidl_typesupport_microxrcedds_c:/home/devpc/Desktop/microros_ws/install/rosgraph_msgs:/home/devpc/Desktop/microros_ws/install/rclc:/home/devpc/Desktop/microros_ws/install/composition_interfaces:/home/devpc/Desktop/microros_ws/install/rcl_interfaces:/home/devpc/Desktop/microros_ws/install/microxrcedds_client:/home/devpc/Desktop/microros_ws/install/microcdr:/home/devpc/Desktop/microros_ws/install/micro_ros_demos_rclcpp:/home/devpc/Desktop/microros_ws/install/lifecycle_msgs:/home/devpc/Desktop/microros_ws/install/complex_msgs:/home/devpc/Desktop/microros_ws/install/micro_ros_agent:/home/devpc/Desktop/microros_ws/install/microxrcedds_agent:/home/devpc/Desktop/microros_ws/install/micro_ros_setup:/home/devpc/Desktop/microros_ws/install/micro_ros_msgs:/home/devpc/Desktop/quad_ws/install/quad_interfaces:/home/devpc/Desktop/microros_ws/install/sensor_msgs_py:/home/devpc/Desktop/quad_ws/install/quad:/opt/ros/foxy LD_LIBRARY_PATH=/home/devpc/Desktop/microros_ws/install/unique_identifier_msgs/lib:/home/devpc/Desktop/microros_ws/install/builtin_interfaces/lib:/home/devpc/Desktop/microros_ws/install/visualization_msgs/lib:/home/devpc/Desktop/microros_ws/install/test_msgs/lib:/home/devpc/Desktop/microros_ws/install/example_interfaces/lib:/home/devpc/Desktop/microros_ws/install/action_msgs/lib:/home/devpc/Desktop/microros_ws/install/trajectory_msgs/lib:/home/devpc/Desktop/microros_ws/install/stereo_msgs/lib:/home/devpc/Desktop/microros_ws/install/std_srvs/lib:/home/devpc/Desktop/microros_ws/install/shape_msgs/lib:/home/devpc/Desktop/microros_ws/install/sensor_msgs/lib:/home/devpc/Desktop/microros_ws/install/nav_msgs/lib:/home/devpc/Desktop/microros_ws/install/diagnostic_msgs/lib:/home/devpc/Desktop/microros_ws/install/geometry_msgs/lib:/home/devpc/Desktop/microros_ws/install/drive_base_msgs/lib:/home/devpc/Desktop/microros_ws/install/actionlib_msgs/lib:/home/devpc/Desktop/microros_ws/install/std_msgs/lib:/home/devpc/Desktop/microros_ws/install/statistics_msgs/lib:/home/devpc/Desktop/microros_ws/install/rosidl_typesupport_microxrcedds_test_msg/lib:/home/devpc/Desktop/microros_ws/install/rmw_microxrcedds/lib:/home/devpc/Desktop/microros_ws/install/rosidl_typesupport_microxrcedds_cpp/lib:/home/devpc/Desktop/microros_ws/install/rosidl_typesupport_microxrcedds_c/lib:/home/devpc/Desktop/microros_ws/install/rosgraph_msgs/lib:/home/devpc/Desktop/microros_ws/install/rclc/lib:/home/devpc/Desktop/microros_ws/install/composition_interfaces/lib:/home/devpc/Desktop/microros_ws/install/rcl_interfaces/lib:/home/devpc/Desktop/microros_ws/install/microxrcedds_client/lib:/home/devpc/Desktop/microros_ws/install/microcdr/lib:/home/devpc/Desktop/microros_ws/install/lifecycle_msgs/lib:/home/devpc/Desktop/microros_ws/install/complex_msgs/lib:/home/devpc/Desktop/microros_ws/install/microxrcedds_agent/lib:/home/devpc/Desktop/microros_ws/install/micro_ros_msgs/lib:/home/devpc/Desktop/quad_ws/install/quad_interfaces/lib:/opt/ros/foxy/opt/yaml_cpp_vendor/lib:/opt/ros/foxy/opt/rviz_ogre_vendor/lib:/opt/ros/foxy/lib/x86_64-linux-gnu:/opt/ros/foxy/lib PYTHONPATH=/home/devpc/Desktop/microros_ws/install/unique_identifier_msgs/lib/python3.8/site-packages:/home/devpc/Desktop/microros_ws/install/builtin_interfaces/lib/python3.8/site-packages:/home/devpc/Desktop/microros_ws/install/visualization_msgs/lib/python3.8/site-packages:/home/devpc/Desktop/microros_ws/install/test_msgs/lib/python3.8/site-packages:/home/devpc/Desktop/microros_ws/install/example_interfaces/lib/python3.8/site-packages:/home/devpc/Desktop/microros_ws/install/action_msgs/lib/python3.8/site-packages:/home/devpc/Desktop/microros_ws/install/trajectory_msgs/lib/python3.8/site-packages:/home/devpc/Desktop/microros_ws/install/stereo_msgs/lib/python3.8/site-packages:/home/devpc/Desktop/microros_ws/install/std_srvs/lib/python3.8/site-packages:/home/devpc/Desktop/microros_ws/install/shape_msgs/lib/python3.8/site-packages:/home/devpc/Desktop/microros_ws/install/sensor_msgs_py/lib/python3.8/site-packages:/home/devpc/Desktop/microros_ws/install/sensor_msgs/lib/python3.8/site-packages:/home/devpc/Desktop/microros_ws/install/nav_msgs/lib/python3.8/site-packages:/home/devpc/Desktop/microros_ws/install/diagnostic_msgs/lib/python3.8/site-packages:/home/devpc/Desktop/microros_ws/install/geometry_msgs/lib/python3.8/site-packages:/home/devpc/Desktop/microros_ws/install/drive_base_msgs/lib/python3.8/site-packages:/home/devpc/Desktop/microros_ws/install/actionlib_msgs/lib/python3.8/site-packages:/home/devpc/Desktop/microros_ws/install/std_msgs/lib/python3.8/site-packages:/home/devpc/Desktop/microros_ws/install/statistics_msgs/lib/python3.8/site-packages:/home/devpc/Desktop/microros_ws/install/rosidl_typesupport_microxrcedds_test_msg/lib/python3.8/site-packages:/home/devpc/Desktop/microros_ws/install/rosidl_typesupport_microxrcedds_cpp/lib/python3.8/site-packages:/home/devpc/Desktop/microros_ws/install/rosidl_typesupport_microxrcedds_c/lib/python3.8/site-packages:/home/devpc/Desktop/microros_ws/install/rosgraph_msgs/lib/python3.8/site-packages:/home/devpc/Desktop/microros_ws/install/composition_interfaces/lib/python3.8/site-packages:/home/devpc/Desktop/microros_ws/install/rcl_interfaces/lib/python3.8/site-packages:/home/devpc/Desktop/microros_ws/install/lifecycle_msgs/lib/python3.8/site-packages:/home/devpc/Desktop/microros_ws/install/complex_msgs/lib/python3.8/site-packages:/home/devpc/Desktop/microros_ws/install/micro_ros_msgs/lib/python3.8/site-packages:/home/devpc/Desktop/quad_ws/install/quad_interfaces/lib/python3.8/site-packages:/home/devpc/Desktop/quad_ws/install/quad/lib/python3.8/site-packages:/opt/ros/foxy/lib/python3.8/site-packages /usr/bin/cmake --install /home/devpc/Desktop/microros_ws/build/action_msgs
