[0.054s] Invoking command in '/home/devpc/Desktop/microros_ws/build/nav_msgs': CMAKE_PREFIX_PATH=/home/devpc/Desktop/microros_ws/install/geometry_msgs:/home/devpc/Desktop/microros_ws/install/std_msgs:/home/devpc/Desktop/microros_ws/install/builtin_interfaces:/home/devpc/Desktop/microros_ws/install/common_interfaces:/home/devpc/Desktop/microros_ws/install/visualization_msgs:/home/devpc/Desktop/microros_ws/install/test_msgs:/home/devpc/Desktop/microros_ws/install/micro_ros_demos_rclc:/home/devpc/Desktop/microros_ws/install/example_interfaces:/home/devpc/Desktop/microros_ws/install/action_msgs:/home/devpc/Desktop/microros_ws/install/unique_identifier_msgs:/home/devpc/Desktop/microros_ws/install/trajectory_msgs:/home/devpc/Desktop/microros_ws/install/stereo_msgs:/home/devpc/Desktop/microros_ws/install/std_srvs:/home/devpc/Desktop/microros_ws/install/shape_msgs:/home/devpc/Desktop/microros_ws/install/sensor_msgs:/home/devpc/Desktop/microros_ws/install/nav_msgs:/home/devpc/Desktop/microros_ws/install/diagnostic_msgs:/home/devpc/Desktop/microros_ws/install/drive_base_msgs:/home/devpc/Desktop/microros_ws/install/actionlib_msgs:/home/devpc/Desktop/microros_ws/install/statistics_msgs:/home/devpc/Desktop/microros_ws/install/rosidl_typesupport_microxrcedds_test_msg:/home/devpc/Desktop/microros_ws/install/rosidl_typesupport_microxrcedds_cpp_tests:/home/devpc/Desktop/microros_ws/install/rmw_microxrcedds:/home/devpc/Desktop/microros_ws/install/rosidl_typesupport_microxrcedds_cpp:/home/devpc/Desktop/microros_ws/install/rosidl_typesupport_microxrcedds_c_tests:/home/devpc/Desktop/microros_ws/install/rosidl_typesupport_microxrcedds_c:/home/devpc/Desktop/microros_ws/install/rosgraph_msgs:/home/devpc/Desktop/microros_ws/install/rclc:/home/devpc/Desktop/microros_ws/install/composition_interfaces:/home/devpc/Desktop/microros_ws/install/rcl_interfaces:/home/devpc/Desktop/microros_ws/install/microxrcedds_client:/home/devpc/Desktop/microros_ws/install/microcdr:/home/devpc/Desktop/microros_ws/install/micro_ros_demos_rclcpp:/home/devpc/Desktop/microros_ws/install/lifecycle_msgs:/home/devpc/Desktop/microros_ws/install/complex_msgs:/home/devpc/Desktop/microros_ws/install/micro_ros_agent:/home/devpc/Desktop/microros_ws/install/microxrcedds_agent:/home/devpc/Desktop/microros_ws/install/micro_ros_setup:/home/devpc/Desktop/microros_ws/install/micro_ros_msgs:/home/devpc/Desktop/quad_ws/install/quad_interfaces:/home/devpc/Desktop/microros_ws/install/sensor_msgs_py:/home/devpc/Desktop/quad_ws/install/quad:/opt/ros/foxy LD_LIBRARY_PATH=/home/devpc/Desktop/microros_ws/install/geometry_msgs/lib:/home/devpc/Desktop/microros_ws/install/std_msgs/lib:/home/devpc/Desktop/microros_ws/install/builtin_interfaces/lib:/home/devpc/Desktop/microros_ws/install/visualization_msgs/lib:/home/devpc/Desktop/microros_ws/install/test_msgs/lib:/home/devpc/Desktop/microros_ws/install/example_interfaces/lib:/home/devpc/Desktop/microros_ws/install/action_msgs/lib:/home/devpc/Desktop/microros_ws/install/unique_identifier_msgs/lib:/home/devpc/Desktop/microros_ws/install/trajectory_msgs/lib:/home/devpc/Desktop/microros_ws/install/stereo_msgs/lib:/home/devpc/Desktop/microros_ws/install/std_srvs/lib:/home/devpc/Desktop/microros_ws/install/shape_msgs/lib:/home/devpc/Desktop/microros_ws/install/sensor_msgs/lib:/home/devpc/Desktop/microros_ws/install/nav_msgs/lib:/home/devpc/Desktop/microros_ws/install/diagnostic_msgs/lib:/home/devpc/Desktop/microros_ws/install/drive_base_msgs/lib:/home/devpc/Desktop/microros_ws/install/actionlib_msgs/lib:/home/devpc/Desktop/microros_ws/install/statistics_msgs/lib:/home/devpc/Desktop/microros_ws/install/rosidl_typesupport_microxrcedds_test_msg/lib:/home/devpc/Desktop/microros_ws/install/rmw_microxrcedds/lib:/home/devpc/Desktop/microros_ws/install/rosidl_typesupport_microxrcedds_cpp/lib:/home/devpc/Desktop/microros_ws/install/rosidl_typesupport_microxrcedds_c/lib:/home/devpc/Desktop/microros_ws/install/rosgraph_msgs/lib:/home/devpc/Desktop/microros_ws/install/rclc/lib:/home/devpc/Desktop/microros_ws/install/composition_interfaces/lib:/home/devpc/Desktop/microros_ws/install/rcl_interfaces/lib:/home/devpc/Desktop/microros_ws/install/microxrcedds_client/lib:/home/devpc/Desktop/microros_ws/install/microcdr/lib:/home/devpc/Desktop/microros_ws/install/lifecycle_msgs/lib:/home/devpc/Desktop/microros_ws/install/complex_msgs/lib:/home/devpc/Desktop/microros_ws/install/microxrcedds_agent/lib:/home/devpc/Desktop/microros_ws/install/micro_ros_msgs/lib:/home/devpc/Desktop/quad_ws/install/quad_interfaces/lib:/opt/ros/foxy/opt/yaml_cpp_vendor/lib:/opt/ros/foxy/opt/rviz_ogre_vendor/lib:/opt/ros/foxy/lib/x86_64-linux-gnu:/opt/ros/foxy/lib PYTHONPATH=/home/devpc/Desktop/microros_ws/install/geometry_msgs/lib/python3.8/site-packages:/home/devpc/Desktop/microros_ws/install/std_msgs/lib/python3.8/site-packages:/home/devpc/Desktop/microros_ws/install/builtin_interfaces/lib/python3.8/site-packages:/home/devpc/Desktop/microros_ws/install/visualization_msgs/lib/python3.8/site-packages:/home/devpc/Desktop/microros_ws/install/test_msgs/lib/python3.8/site-packages:/home/devpc/Desktop/microros_ws/install/example_interfaces/lib/python3.8/site-packages:/home/devpc/Desktop/microros_ws/install/action_msgs/lib/python3.8/site-packages:/home/devpc/Desktop/microros_ws/install/unique_identifier_msgs/lib/python3.8/site-packages:/home/devpc/Desktop/microros_ws/install/trajectory_msgs/lib/python3.8/site-packages:/home/devpc/Desktop/microros_ws/install/stereo_msgs/lib/python3.8/site-packages:/home/devpc/Desktop/microros_ws/install/std_srvs/lib/python3.8/site-packages:/home/devpc/Desktop/microros_ws/install/shape_msgs/lib/python3.8/site-packages:/home/devpc/Desktop/microros_ws/install/sensor_msgs_py/lib/python3.8/site-packages:/home/devpc/Desktop/microros_ws/install/sensor_msgs/lib/python3.8/site-packages:/home/devpc/Desktop/microros_ws/install/nav_msgs/lib/python3.8/site-packages:/home/devpc/Desktop/microros_ws/install/diagnostic_msgs/lib/python3.8/site-packages:/home/devpc/Desktop/microros_ws/install/drive_base_msgs/lib/python3.8/site-packages:/home/devpc/Desktop/microros_ws/install/actionlib_msgs/lib/python3.8/site-packages:/home/devpc/Desktop/microros_ws/install/statistics_msgs/lib/python3.8/site-packages:/home/devpc/Desktop/microros_ws/install/rosidl_typesupport_microxrcedds_test_msg/lib/python3.8/site-packages:/home/devpc/Desktop/microros_ws/install/rosidl_typesupport_microxrcedds_cpp/lib/python3.8/site-packages:/home/devpc/Desktop/microros_ws/install/rosidl_typesupport_microxrcedds_c/lib/python3.8/site-packages:/home/devpc/Desktop/microros_ws/install/rosgraph_msgs/lib/python3.8/site-packages:/home/devpc/Desktop/microros_ws/install/composition_interfaces/lib/python3.8/site-packages:/home/devpc/Desktop/microros_ws/install/rcl_interfaces/lib/python3.8/site-packages:/home/devpc/Desktop/microros_ws/install/lifecycle_msgs/lib/python3.8/site-packages:/home/devpc/Desktop/microros_ws/install/complex_msgs/lib/python3.8/site-packages:/home/devpc/Desktop/microros_ws/install/micro_ros_msgs/lib/python3.8/site-packages:/home/devpc/Desktop/quad_ws/install/quad_interfaces/lib/python3.8/site-packages:/home/devpc/Desktop/quad_ws/install/quad/lib/python3.8/site-packages:/opt/ros/foxy/lib/python3.8/site-packages /usr/bin/cmake --build /home/devpc/Desktop/microros_ws/build/nav_msgs -- -j8 -l8
[0.170s] [  0%] Built target nav_msgs__cpp
[0.226s] [  9%] Built target nav_msgs__rosidl_generator_c
[0.295s] [ 19%] Built target nav_msgs__rosidl_typesupport_microxrcedds_cpp
[0.344s] [ 28%] Built target nav_msgs__rosidl_typesupport_cpp
[0.384s] [ 37%] Built target nav_msgs__rosidl_typesupport_introspection_cpp
[0.397s] [ 46%] Built target nav_msgs__rosidl_typesupport_fastrtps_cpp
[0.407s] [ 55%] Built target nav_msgs__rosidl_typesupport_microxrcedds_c
[0.414s] [ 64%] Built target nav_msgs__rosidl_typesupport_introspection_c
[0.487s] [ 73%] Built target nav_msgs__rosidl_typesupport_c
[0.492s] [ 82%] Built target nav_msgs__rosidl_typesupport_fastrtps_c
[0.526s] [ 82%] Built target nav_msgs
[0.565s] [ 83%] Built target nav_msgs__py
[0.628s] [ 92%] Built target nav_msgs__python
[0.716s] [ 94%] Built target nav_msgs__rosidl_typesupport_c__pyext
[0.723s] [ 96%] Built target nav_msgs__rosidl_typesupport_introspection_c__pyext
[0.725s] [ 98%] Built target nav_msgs__rosidl_typesupport_fastrtps_c__pyext
[0.732s] [100%] Built target nav_msgs__rosidl_typesupport_microxrcedds_c__pyext
[0.763s] Invoked command in '/home/devpc/Desktop/microros_ws/build/nav_msgs' returned '0': CMAKE_PREFIX_PATH=/home/devpc/Desktop/microros_ws/install/geometry_msgs:/home/devpc/Desktop/microros_ws/install/std_msgs:/home/devpc/Desktop/microros_ws/install/builtin_interfaces:/home/devpc/Desktop/microros_ws/install/common_interfaces:/home/devpc/Desktop/microros_ws/install/visualization_msgs:/home/devpc/Desktop/microros_ws/install/test_msgs:/home/devpc/Desktop/microros_ws/install/micro_ros_demos_rclc:/home/devpc/Desktop/microros_ws/install/example_interfaces:/home/devpc/Desktop/microros_ws/install/action_msgs:/home/devpc/Desktop/microros_ws/install/unique_identifier_msgs:/home/devpc/Desktop/microros_ws/install/trajectory_msgs:/home/devpc/Desktop/microros_ws/install/stereo_msgs:/home/devpc/Desktop/microros_ws/install/std_srvs:/home/devpc/Desktop/microros_ws/install/shape_msgs:/home/devpc/Desktop/microros_ws/install/sensor_msgs:/home/devpc/Desktop/microros_ws/install/nav_msgs:/home/devpc/Desktop/microros_ws/install/diagnostic_msgs:/home/devpc/Desktop/microros_ws/install/drive_base_msgs:/home/devpc/Desktop/microros_ws/install/actionlib_msgs:/home/devpc/Desktop/microros_ws/install/statistics_msgs:/home/devpc/Desktop/microros_ws/install/rosidl_typesupport_microxrcedds_test_msg:/home/devpc/Desktop/microros_ws/install/rosidl_typesupport_microxrcedds_cpp_tests:/home/devpc/Desktop/microros_ws/install/rmw_microxrcedds:/home/devpc/Desktop/microros_ws/install/rosidl_typesupport_microxrcedds_cpp:/home/devpc/Desktop/microros_ws/install/rosidl_typesupport_microxrcedds_c_tests:/home/devpc/Desktop/microros_ws/install/rosidl_typesupport_microxrcedds_c:/home/devpc/Desktop/microros_ws/install/rosgraph_msgs:/home/devpc/Desktop/microros_ws/install/rclc:/home/devpc/Desktop/microros_ws/install/composition_interfaces:/home/devpc/Desktop/microros_ws/install/rcl_interfaces:/home/devpc/Desktop/microros_ws/install/microxrcedds_client:/home/devpc/Desktop/microros_ws/install/microcdr:/home/devpc/Desktop/microros_ws/install/micro_ros_demos_rclcpp:/home/devpc/Desktop/microros_ws/install/lifecycle_msgs:/home/devpc/Desktop/microros_ws/install/complex_msgs:/home/devpc/Desktop/microros_ws/install/micro_ros_agent:/home/devpc/Desktop/microros_ws/install/microxrcedds_agent:/home/devpc/Desktop/microros_ws/install/micro_ros_setup:/home/devpc/Desktop/microros_ws/install/micro_ros_msgs:/home/devpc/Desktop/quad_ws/install/quad_interfaces:/home/devpc/Desktop/microros_ws/install/sensor_msgs_py:/home/devpc/Desktop/quad_ws/install/quad:/opt/ros/foxy LD_LIBRARY_PATH=/home/devpc/Desktop/microros_ws/install/geometry_msgs/lib:/home/devpc/Desktop/microros_ws/install/std_msgs/lib:/home/devpc/Desktop/microros_ws/install/builtin_interfaces/lib:/home/devpc/Desktop/microros_ws/install/visualization_msgs/lib:/home/devpc/Desktop/microros_ws/install/test_msgs/lib:/home/devpc/Desktop/microros_ws/install/example_interfaces/lib:/home/devpc/Desktop/microros_ws/install/action_msgs/lib:/home/devpc/Desktop/microros_ws/install/unique_identifier_msgs/lib:/home/devpc/Desktop/microros_ws/install/trajectory_msgs/lib:/home/devpc/Desktop/microros_ws/install/stereo_msgs/lib:/home/devpc/Desktop/microros_ws/install/std_srvs/lib:/home/devpc/Desktop/microros_ws/install/shape_msgs/lib:/home/devpc/Desktop/microros_ws/install/sensor_msgs/lib:/home/devpc/Desktop/microros_ws/install/nav_msgs/lib:/home/devpc/Desktop/microros_ws/install/diagnostic_msgs/lib:/home/devpc/Desktop/microros_ws/install/drive_base_msgs/lib:/home/devpc/Desktop/microros_ws/install/actionlib_msgs/lib:/home/devpc/Desktop/microros_ws/install/statistics_msgs/lib:/home/devpc/Desktop/microros_ws/install/rosidl_typesupport_microxrcedds_test_msg/lib:/home/devpc/Desktop/microros_ws/install/rmw_microxrcedds/lib:/home/devpc/Desktop/microros_ws/install/rosidl_typesupport_microxrcedds_cpp/lib:/home/devpc/Desktop/microros_ws/install/rosidl_typesupport_microxrcedds_c/lib:/home/devpc/Desktop/microros_ws/install/rosgraph_msgs/lib:/home/devpc/Desktop/microros_ws/install/rclc/lib:/home/devpc/Desktop/microros_ws/install/composition_interfaces/lib:/home/devpc/Desktop/microros_ws/install/rcl_interfaces/lib:/home/devpc/Desktop/microros_ws/install/microxrcedds_client/lib:/home/devpc/Desktop/microros_ws/install/microcdr/lib:/home/devpc/Desktop/microros_ws/install/lifecycle_msgs/lib:/home/devpc/Desktop/microros_ws/install/complex_msgs/lib:/home/devpc/Desktop/microros_ws/install/microxrcedds_agent/lib:/home/devpc/Desktop/microros_ws/install/micro_ros_msgs/lib:/home/devpc/Desktop/quad_ws/install/quad_interfaces/lib:/opt/ros/foxy/opt/yaml_cpp_vendor/lib:/opt/ros/foxy/opt/rviz_ogre_vendor/lib:/opt/ros/foxy/lib/x86_64-linux-gnu:/opt/ros/foxy/lib PYTHONPATH=/home/devpc/Desktop/microros_ws/install/geometry_msgs/lib/python3.8/site-packages:/home/devpc/Desktop/microros_ws/install/std_msgs/lib/python3.8/site-packages:/home/devpc/Desktop/microros_ws/install/builtin_interfaces/lib/python3.8/site-packages:/home/devpc/Desktop/microros_ws/install/visualization_msgs/lib/python3.8/site-packages:/home/devpc/Desktop/microros_ws/install/test_msgs/lib/python3.8/site-packages:/home/devpc/Desktop/microros_ws/install/example_interfaces/lib/python3.8/site-packages:/home/devpc/Desktop/microros_ws/install/action_msgs/lib/python3.8/site-packages:/home/devpc/Desktop/microros_ws/install/unique_identifier_msgs/lib/python3.8/site-packages:/home/devpc/Desktop/microros_ws/install/trajectory_msgs/lib/python3.8/site-packages:/home/devpc/Desktop/microros_ws/install/stereo_msgs/lib/python3.8/site-packages:/home/devpc/Desktop/microros_ws/install/std_srvs/lib/python3.8/site-packages:/home/devpc/Desktop/microros_ws/install/shape_msgs/lib/python3.8/site-packages:/home/devpc/Desktop/microros_ws/install/sensor_msgs_py/lib/python3.8/site-packages:/home/devpc/Desktop/microros_ws/install/sensor_msgs/lib/python3.8/site-packages:/home/devpc/Desktop/microros_ws/install/nav_msgs/lib/python3.8/site-packages:/home/devpc/Desktop/microros_ws/install/diagnostic_msgs/lib/python3.8/site-packages:/home/devpc/Desktop/microros_ws/install/drive_base_msgs/lib/python3.8/site-packages:/home/devpc/Desktop/microros_ws/install/actionlib_msgs/lib/python3.8/site-packages:/home/devpc/Desktop/microros_ws/install/statistics_msgs/lib/python3.8/site-packages:/home/devpc/Desktop/microros_ws/install/rosidl_typesupport_microxrcedds_test_msg/lib/python3.8/site-packages:/home/devpc/Desktop/microros_ws/install/rosidl_typesupport_microxrcedds_cpp/lib/python3.8/site-packages:/home/devpc/Desktop/microros_ws/install/rosidl_typesupport_microxrcedds_c/lib/python3.8/site-packages:/home/devpc/Desktop/microros_ws/install/rosgraph_msgs/lib/python3.8/site-packages:/home/devpc/Desktop/microros_ws/install/composition_interfaces/lib/python3.8/site-packages:/home/devpc/Desktop/microros_ws/install/rcl_interfaces/lib/python3.8/site-packages:/home/devpc/Desktop/microros_ws/install/lifecycle_msgs/lib/python3.8/site-packages:/home/devpc/Desktop/microros_ws/install/complex_msgs/lib/python3.8/site-packages:/home/devpc/Desktop/microros_ws/install/micro_ros_msgs/lib/python3.8/site-packages:/home/devpc/Desktop/quad_ws/install/quad_interfaces/lib/python3.8/site-packages:/home/devpc/Desktop/quad_ws/install/quad/lib/python3.8/site-packages:/opt/ros/foxy/lib/python3.8/site-packages /usr/bin/cmake --build /home/devpc/Desktop/microros_ws/build/nav_msgs -- -j8 -l8
[1.199s] Invoking command in '/home/devpc/Desktop/microros_ws/build/nav_msgs': CMAKE_PREFIX_PATH=/home/devpc/Desktop/microros_ws/install/geometry_msgs:/home/devpc/Desktop/microros_ws/install/std_msgs:/home/devpc/Desktop/microros_ws/install/builtin_interfaces:/home/devpc/Desktop/microros_ws/install/common_interfaces:/home/devpc/Desktop/microros_ws/install/visualization_msgs:/home/devpc/Desktop/microros_ws/install/test_msgs:/home/devpc/Desktop/microros_ws/install/micro_ros_demos_rclc:/home/devpc/Desktop/microros_ws/install/example_interfaces:/home/devpc/Desktop/microros_ws/install/action_msgs:/home/devpc/Desktop/microros_ws/install/unique_identifier_msgs:/home/devpc/Desktop/microros_ws/install/trajectory_msgs:/home/devpc/Desktop/microros_ws/install/stereo_msgs:/home/devpc/Desktop/microros_ws/install/std_srvs:/home/devpc/Desktop/microros_ws/install/shape_msgs:/home/devpc/Desktop/microros_ws/install/sensor_msgs:/home/devpc/Desktop/microros_ws/install/nav_msgs:/home/devpc/Desktop/microros_ws/install/diagnostic_msgs:/home/devpc/Desktop/microros_ws/install/drive_base_msgs:/home/devpc/Desktop/microros_ws/install/actionlib_msgs:/home/devpc/Desktop/microros_ws/install/statistics_msgs:/home/devpc/Desktop/microros_ws/install/rosidl_typesupport_microxrcedds_test_msg:/home/devpc/Desktop/microros_ws/install/rosidl_typesupport_microxrcedds_cpp_tests:/home/devpc/Desktop/microros_ws/install/rmw_microxrcedds:/home/devpc/Desktop/microros_ws/install/rosidl_typesupport_microxrcedds_cpp:/home/devpc/Desktop/microros_ws/install/rosidl_typesupport_microxrcedds_c_tests:/home/devpc/Desktop/microros_ws/install/rosidl_typesupport_microxrcedds_c:/home/devpc/Desktop/microros_ws/install/rosgraph_msgs:/home/devpc/Desktop/microros_ws/install/rclc:/home/devpc/Desktop/microros_ws/install/composition_interfaces:/home/devpc/Desktop/microros_ws/install/rcl_interfaces:/home/devpc/Desktop/microros_ws/install/microxrcedds_client:/home/devpc/Desktop/microros_ws/install/microcdr:/home/devpc/Desktop/microros_ws/install/micro_ros_demos_rclcpp:/home/devpc/Desktop/microros_ws/install/lifecycle_msgs:/home/devpc/Desktop/microros_ws/install/complex_msgs:/home/devpc/Desktop/microros_ws/install/micro_ros_agent:/home/devpc/Desktop/microros_ws/install/microxrcedds_agent:/home/devpc/Desktop/microros_ws/install/micro_ros_setup:/home/devpc/Desktop/microros_ws/install/micro_ros_msgs:/home/devpc/Desktop/quad_ws/install/quad_interfaces:/home/devpc/Desktop/microros_ws/install/sensor_msgs_py:/home/devpc/Desktop/quad_ws/install/quad:/opt/ros/foxy LD_LIBRARY_PATH=/home/devpc/Desktop/microros_ws/install/geometry_msgs/lib:/home/devpc/Desktop/microros_ws/install/std_msgs/lib:/home/devpc/Desktop/microros_ws/install/builtin_interfaces/lib:/home/devpc/Desktop/microros_ws/install/visualization_msgs/lib:/home/devpc/Desktop/microros_ws/install/test_msgs/lib:/home/devpc/Desktop/microros_ws/install/example_interfaces/lib:/home/devpc/Desktop/microros_ws/install/action_msgs/lib:/home/devpc/Desktop/microros_ws/install/unique_identifier_msgs/lib:/home/devpc/Desktop/microros_ws/install/trajectory_msgs/lib:/home/devpc/Desktop/microros_ws/install/stereo_msgs/lib:/home/devpc/Desktop/microros_ws/install/std_srvs/lib:/home/devpc/Desktop/microros_ws/install/shape_msgs/lib:/home/devpc/Desktop/microros_ws/install/sensor_msgs/lib:/home/devpc/Desktop/microros_ws/install/nav_msgs/lib:/home/devpc/Desktop/microros_ws/install/diagnostic_msgs/lib:/home/devpc/Desktop/microros_ws/install/drive_base_msgs/lib:/home/devpc/Desktop/microros_ws/install/actionlib_msgs/lib:/home/devpc/Desktop/microros_ws/install/statistics_msgs/lib:/home/devpc/Desktop/microros_ws/install/rosidl_typesupport_microxrcedds_test_msg/lib:/home/devpc/Desktop/microros_ws/install/rmw_microxrcedds/lib:/home/devpc/Desktop/microros_ws/install/rosidl_typesupport_microxrcedds_cpp/lib:/home/devpc/Desktop/microros_ws/install/rosidl_typesupport_microxrcedds_c/lib:/home/devpc/Desktop/microros_ws/install/rosgraph_msgs/lib:/home/devpc/Desktop/microros_ws/install/rclc/lib:/home/devpc/Desktop/microros_ws/install/composition_interfaces/lib:/home/devpc/Desktop/microros_ws/install/rcl_interfaces/lib:/home/devpc/Desktop/microros_ws/install/microxrcedds_client/lib:/home/devpc/Desktop/microros_ws/install/microcdr/lib:/home/devpc/Desktop/microros_ws/install/lifecycle_msgs/lib:/home/devpc/Desktop/microros_ws/install/complex_msgs/lib:/home/devpc/Desktop/microros_ws/install/microxrcedds_agent/lib:/home/devpc/Desktop/microros_ws/install/micro_ros_msgs/lib:/home/devpc/Desktop/quad_ws/install/quad_interfaces/lib:/opt/ros/foxy/opt/yaml_cpp_vendor/lib:/opt/ros/foxy/opt/rviz_ogre_vendor/lib:/opt/ros/foxy/lib/x86_64-linux-gnu:/opt/ros/foxy/lib PYTHONPATH=/home/devpc/Desktop/microros_ws/install/geometry_msgs/lib/python3.8/site-packages:/home/devpc/Desktop/microros_ws/install/std_msgs/lib/python3.8/site-packages:/home/devpc/Desktop/microros_ws/install/builtin_interfaces/lib/python3.8/site-packages:/home/devpc/Desktop/microros_ws/install/visualization_msgs/lib/python3.8/site-packages:/home/devpc/Desktop/microros_ws/install/test_msgs/lib/python3.8/site-packages:/home/devpc/Desktop/microros_ws/install/example_interfaces/lib/python3.8/site-packages:/home/devpc/Desktop/microros_ws/install/action_msgs/lib/python3.8/site-packages:/home/devpc/Desktop/microros_ws/install/unique_identifier_msgs/lib/python3.8/site-packages:/home/devpc/Desktop/microros_ws/install/trajectory_msgs/lib/python3.8/site-packages:/home/devpc/Desktop/microros_ws/install/stereo_msgs/lib/python3.8/site-packages:/home/devpc/Desktop/microros_ws/install/std_srvs/lib/python3.8/site-packages:/home/devpc/Desktop/microros_ws/install/shape_msgs/lib/python3.8/site-packages:/home/devpc/Desktop/microros_ws/install/sensor_msgs_py/lib/python3.8/site-packages:/home/devpc/Desktop/microros_ws/install/sensor_msgs/lib/python3.8/site-packages:/home/devpc/Desktop/microros_ws/install/nav_msgs/lib/python3.8/site-packages:/home/devpc/Desktop/microros_ws/install/diagnostic_msgs/lib/python3.8/site-packages:/home/devpc/Desktop/microros_ws/install/drive_base_msgs/lib/python3.8/site-packages:/home/devpc/Desktop/microros_ws/install/actionlib_msgs/lib/python3.8/site-packages:/home/devpc/Desktop/microros_ws/install/statistics_msgs/lib/python3.8/site-packages:/home/devpc/Desktop/microros_ws/install/rosidl_typesupport_microxrcedds_test_msg/lib/python3.8/site-packages:/home/devpc/Desktop/microros_ws/install/rosidl_typesupport_microxrcedds_cpp/lib/python3.8/site-packages:/home/devpc/Desktop/microros_ws/install/rosidl_typesupport_microxrcedds_c/lib/python3.8/site-packages:/home/devpc/Desktop/microros_ws/install/rosgraph_msgs/lib/python3.8/site-packages:/home/devpc/Desktop/microros_ws/install/composition_interfaces/lib/python3.8/site-packages:/home/devpc/Desktop/microros_ws/install/rcl_interfaces/lib/python3.8/site-packages:/home/devpc/Desktop/microros_ws/install/lifecycle_msgs/lib/python3.8/site-packages:/home/devpc/Desktop/microros_ws/install/complex_msgs/lib/python3.8/site-packages:/home/devpc/Desktop/microros_ws/install/micro_ros_msgs/lib/python3.8/site-packages:/home/devpc/Desktop/quad_ws/install/quad_interfaces/lib/python3.8/site-packages:/home/devpc/Desktop/quad_ws/install/quad/lib/python3.8/site-packages:/opt/ros/foxy/lib/python3.8/site-packages /usr/bin/cmake --install /home/devpc/Desktop/microros_ws/build/nav_msgs
[1.214s] -- Install configuration: ""
[1.215s] -- Up-to-date: /home/devpc/Desktop/microros_ws/install/nav_msgs/share/ament_index/resource_index/rosidl_interfaces/nav_msgs
[1.215s] -- Up-to-date: /home/devpc/Desktop/microros_ws/install/nav_msgs/include/nav_msgs
[1.216s] -- Up-to-date: /home/devpc/Desktop/microros_ws/install/nav_msgs/include/nav_msgs/msg
[1.216s] -- Up-to-date: /home/devpc/Desktop/microros_ws/install/nav_msgs/include/nav_msgs/msg/map_meta_data.h
[1.216s] -- Up-to-date: /home/devpc/Desktop/microros_ws/install/nav_msgs/include/nav_msgs/msg/detail
[1.216s] -- Up-to-date: /home/devpc/Desktop/microros_ws/install/nav_msgs/include/nav_msgs/msg/detail/occupancy_grid__functions.c
[1.217s] -- Up-to-date: /home/devpc/Desktop/microros_ws/install/nav_msgs/include/nav_msgs/msg/detail/grid_cells__type_support.h
[1.217s] -- Up-to-date: /home/devpc/Desktop/microros_ws/install/nav_msgs/include/nav_msgs/msg/detail/path__type_support.h
[1.217s] -- Up-to-date: /home/devpc/Desktop/microros_ws/install/nav_msgs/include/nav_msgs/msg/detail/map_meta_data__type_support.h
[1.218s] -- Up-to-date: /home/devpc/Desktop/microros_ws/install/nav_msgs/include/nav_msgs/msg/detail/path__functions.h
[1.218s] -- Up-to-date: /home/devpc/Desktop/microros_ws/install/nav_msgs/include/nav_msgs/msg/detail/map_meta_data__struct.h
[1.218s] -- Up-to-date: /home/devpc/Desktop/microros_ws/install/nav_msgs/include/nav_msgs/msg/detail/grid_cells__functions.c
[1.218s] -- Up-to-date: /home/devpc/Desktop/microros_ws/install/nav_msgs/include/nav_msgs/msg/detail/map_meta_data__functions.c
[1.219s] -- Up-to-date: /home/devpc/Desktop/microros_ws/install/nav_msgs/include/nav_msgs/msg/detail/odometry__struct.h
[1.219s] -- Up-to-date: /home/devpc/Desktop/microros_ws/install/nav_msgs/include/nav_msgs/msg/detail/occupancy_grid__type_support.h
[1.219s] -- Up-to-date: /home/devpc/Desktop/microros_ws/install/nav_msgs/include/nav_msgs/msg/detail/occupancy_grid__struct.h
[1.219s] -- Up-to-date: /home/devpc/Desktop/microros_ws/install/nav_msgs/include/nav_msgs/msg/detail/occupancy_grid__functions.h
[1.219s] -- Up-to-date: /home/devpc/Desktop/microros_ws/install/nav_msgs/include/nav_msgs/msg/detail/grid_cells__functions.h
[1.219s] -- Up-to-date: /home/devpc/Desktop/microros_ws/install/nav_msgs/include/nav_msgs/msg/detail/odometry__functions.c
[1.220s] -- Up-to-date: /home/devpc/Desktop/microros_ws/install/nav_msgs/include/nav_msgs/msg/detail/grid_cells__struct.h
[1.220s] -- Up-to-date: /home/devpc/Desktop/microros_ws/install/nav_msgs/include/nav_msgs/msg/detail/odometry__functions.h
[1.220s] -- Up-to-date: /home/devpc/Desktop/microros_ws/install/nav_msgs/include/nav_msgs/msg/detail/map_meta_data__functions.h
[1.220s] -- Up-to-date: /home/devpc/Desktop/microros_ws/install/nav_msgs/include/nav_msgs/msg/detail/odometry__type_support.h
[1.221s] -- Up-to-date: /home/devpc/Desktop/microros_ws/install/nav_msgs/include/nav_msgs/msg/detail/path__struct.h
[1.221s] -- Up-to-date: /home/devpc/Desktop/microros_ws/install/nav_msgs/include/nav_msgs/msg/detail/path__functions.c
[1.221s] -- Up-to-date: /home/devpc/Desktop/microros_ws/install/nav_msgs/include/nav_msgs/msg/grid_cells.h
[1.221s] -- Up-to-date: /home/devpc/Desktop/microros_ws/install/nav_msgs/include/nav_msgs/msg/occupancy_grid.h
[1.221s] -- Up-to-date: /home/devpc/Desktop/microros_ws/install/nav_msgs/include/nav_msgs/msg/odometry.h
[1.222s] -- Up-to-date: /home/devpc/Desktop/microros_ws/install/nav_msgs/include/nav_msgs/msg/path.h
[1.222s] -- Up-to-date: /home/devpc/Desktop/microros_ws/install/nav_msgs/include/nav_msgs/msg/rosidl_generator_c__visibility_control.h
[1.222s] -- Up-to-date: /home/devpc/Desktop/microros_ws/install/nav_msgs/include/nav_msgs/srv
[1.223s] -- Up-to-date: /home/devpc/Desktop/microros_ws/install/nav_msgs/include/nav_msgs/srv/detail
[1.224s] -- Up-to-date: /home/devpc/Desktop/microros_ws/install/nav_msgs/include/nav_msgs/srv/detail/get_plan__type_support.h
[1.225s] -- Up-to-date: /home/devpc/Desktop/microros_ws/install/nav_msgs/include/nav_msgs/srv/detail/get_map__functions.h
[1.225s] -- Up-to-date: /home/devpc/Desktop/microros_ws/install/nav_msgs/include/nav_msgs/srv/detail/get_plan__struct.h
[1.225s] -- Up-to-date: /home/devpc/Desktop/microros_ws/install/nav_msgs/include/nav_msgs/srv/detail/get_map__struct.h
[1.225s] -- Up-to-date: /home/devpc/Desktop/microros_ws/install/nav_msgs/include/nav_msgs/srv/detail/set_map__functions.h
[1.226s] -- Up-to-date: /home/devpc/Desktop/microros_ws/install/nav_msgs/include/nav_msgs/srv/detail/set_map__functions.c
[1.226s] -- Up-to-date: /home/devpc/Desktop/microros_ws/install/nav_msgs/include/nav_msgs/srv/detail/set_map__struct.h
[1.226s] -- Up-to-date: /home/devpc/Desktop/microros_ws/install/nav_msgs/include/nav_msgs/srv/detail/get_plan__functions.h
[1.226s] -- Up-to-date: /home/devpc/Desktop/microros_ws/install/nav_msgs/include/nav_msgs/srv/detail/get_map__type_support.h
[1.226s] -- Up-to-date: /home/devpc/Desktop/microros_ws/install/nav_msgs/include/nav_msgs/srv/detail/set_map__type_support.h
[1.227s] -- Up-to-date: /home/devpc/Desktop/microros_ws/install/nav_msgs/include/nav_msgs/srv/detail/get_map__functions.c
[1.227s] -- Up-to-date: /home/devpc/Desktop/microros_ws/install/nav_msgs/include/nav_msgs/srv/detail/get_plan__functions.c
[1.227s] -- Up-to-date: /home/devpc/Desktop/microros_ws/install/nav_msgs/include/nav_msgs/srv/get_plan.h
[1.227s] -- Up-to-date: /home/devpc/Desktop/microros_ws/install/nav_msgs/include/nav_msgs/srv/get_map.h
[1.227s] -- Up-to-date: /home/devpc/Desktop/microros_ws/install/nav_msgs/include/nav_msgs/srv/set_map.h
[1.227s] -- Up-to-date: /home/devpc/Desktop/microros_ws/install/nav_msgs/share/nav_msgs/environment/library_path.sh
[1.227s] -- Up-to-date: /home/devpc/Desktop/microros_ws/install/nav_msgs/share/nav_msgs/environment/library_path.dsv
[1.227s] -- Up-to-date: /home/devpc/Desktop/microros_ws/install/nav_msgs/lib/libnav_msgs__rosidl_generator_c.so
[1.227s] -- Up-to-date: /home/devpc/Desktop/microros_ws/install/nav_msgs/include/nav_msgs
[1.227s] -- Up-to-date: /home/devpc/Desktop/microros_ws/install/nav_msgs/include/nav_msgs/msg
[1.228s] -- Up-to-date: /home/devpc/Desktop/microros_ws/install/nav_msgs/include/nav_msgs/msg/detail
[1.228s] -- Up-to-date: /home/devpc/Desktop/microros_ws/install/nav_msgs/include/nav_msgs/msg/detail/occupancy_grid__rosidl_typesupport_microxrcedds_c.h
[1.228s] -- Up-to-date: /home/devpc/Desktop/microros_ws/install/nav_msgs/include/nav_msgs/msg/detail/odometry__rosidl_typesupport_microxrcedds_c.h
[1.228s] -- Up-to-date: /home/devpc/Desktop/microros_ws/install/nav_msgs/include/nav_msgs/msg/detail/grid_cells__rosidl_typesupport_microxrcedds_c.h
[1.228s] -- Up-to-date: /home/devpc/Desktop/microros_ws/install/nav_msgs/include/nav_msgs/msg/detail/path__rosidl_typesupport_microxrcedds_c.h
[1.228s] -- Up-to-date: /home/devpc/Desktop/microros_ws/install/nav_msgs/include/nav_msgs/msg/detail/map_meta_data__rosidl_typesupport_microxrcedds_c.h
[1.229s] -- Up-to-date: /home/devpc/Desktop/microros_ws/install/nav_msgs/include/nav_msgs/msg/detail/microxrcedds
[1.229s] -- Up-to-date: /home/devpc/Desktop/microros_ws/install/nav_msgs/include/nav_msgs/msg/rosidl_typesupport_microxrcedds_c__visibility_control.h
[1.229s] -- Up-to-date: /home/devpc/Desktop/microros_ws/install/nav_msgs/include/nav_msgs/srv
[1.229s] -- Up-to-date: /home/devpc/Desktop/microros_ws/install/nav_msgs/include/nav_msgs/srv/detail
[1.229s] -- Up-to-date: /home/devpc/Desktop/microros_ws/install/nav_msgs/include/nav_msgs/srv/detail/get_plan__rosidl_typesupport_microxrcedds_c.h
[1.229s] -- Up-to-date: /home/devpc/Desktop/microros_ws/install/nav_msgs/include/nav_msgs/srv/detail/set_map__rosidl_typesupport_microxrcedds_c.h
[1.230s] -- Up-to-date: /home/devpc/Desktop/microros_ws/install/nav_msgs/include/nav_msgs/srv/detail/get_map__rosidl_typesupport_microxrcedds_c.h
[1.230s] -- Up-to-date: /home/devpc/Desktop/microros_ws/install/nav_msgs/include/nav_msgs/srv/detail/microxrcedds
[1.230s] -- Up-to-date: /home/devpc/Desktop/microros_ws/install/nav_msgs/lib/libnav_msgs__rosidl_typesupport_microxrcedds_c.so
[1.230s] -- Up-to-date: /home/devpc/Desktop/microros_ws/install/nav_msgs/include/nav_msgs
[1.230s] -- Up-to-date: /home/devpc/Desktop/microros_ws/install/nav_msgs/include/nav_msgs/msg
[1.231s] -- Up-to-date: /home/devpc/Desktop/microros_ws/install/nav_msgs/include/nav_msgs/msg/detail
[1.231s] -- Up-to-date: /home/devpc/Desktop/microros_ws/install/nav_msgs/include/nav_msgs/msg/detail/path__rosidl_typesupport_fastrtps_c.h
[1.231s] -- Up-to-date: /home/devpc/Desktop/microros_ws/install/nav_msgs/include/nav_msgs/msg/detail/map_meta_data__rosidl_typesupport_fastrtps_c.h
[1.231s] -- Up-to-date: /home/devpc/Desktop/microros_ws/install/nav_msgs/include/nav_msgs/msg/detail/odometry__rosidl_typesupport_fastrtps_c.h
[1.231s] -- Up-to-date: /home/devpc/Desktop/microros_ws/install/nav_msgs/include/nav_msgs/msg/detail/occupancy_grid__rosidl_typesupport_fastrtps_c.h
[1.231s] -- Up-to-date: /home/devpc/Desktop/microros_ws/install/nav_msgs/include/nav_msgs/msg/detail/grid_cells__rosidl_typesupport_fastrtps_c.h
[1.232s] -- Up-to-date: /home/devpc/Desktop/microros_ws/install/nav_msgs/include/nav_msgs/msg/rosidl_typesupport_fastrtps_c__visibility_control.h
[1.232s] -- Up-to-date: /home/devpc/Desktop/microros_ws/install/nav_msgs/include/nav_msgs/srv
[1.232s] -- Up-to-date: /home/devpc/Desktop/microros_ws/install/nav_msgs/include/nav_msgs/srv/detail
[1.232s] -- Up-to-date: /home/devpc/Desktop/microros_ws/install/nav_msgs/include/nav_msgs/srv/detail/get_plan__rosidl_typesupport_fastrtps_c.h
[1.232s] -- Up-to-date: /home/devpc/Desktop/microros_ws/install/nav_msgs/include/nav_msgs/srv/detail/set_map__rosidl_typesupport_fastrtps_c.h
[1.233s] -- Up-to-date: /home/devpc/Desktop/microros_ws/install/nav_msgs/include/nav_msgs/srv/detail/get_map__rosidl_typesupport_fastrtps_c.h
[1.233s] -- Up-to-date: /home/devpc/Desktop/microros_ws/install/nav_msgs/lib/libnav_msgs__rosidl_typesupport_fastrtps_c.so
[1.233s] -- Up-to-date: /home/devpc/Desktop/microros_ws/install/nav_msgs/include/nav_msgs
[1.233s] -- Up-to-date: /home/devpc/Desktop/microros_ws/install/nav_msgs/include/nav_msgs/msg
[1.233s] -- Up-to-date: /home/devpc/Desktop/microros_ws/install/nav_msgs/include/nav_msgs/msg/detail
[1.234s] -- Up-to-date: /home/devpc/Desktop/microros_ws/install/nav_msgs/include/nav_msgs/msg/detail/occupancy_grid__rosidl_typesupport_fastrtps_cpp.hpp
[1.234s] -- Up-to-date: /home/devpc/Desktop/microros_ws/install/nav_msgs/include/nav_msgs/msg/detail/odometry__rosidl_typesupport_fastrtps_cpp.hpp
[1.234s] -- Up-to-date: /home/devpc/Desktop/microros_ws/install/nav_msgs/include/nav_msgs/msg/detail/path__rosidl_typesupport_fastrtps_cpp.hpp
[1.234s] -- Up-to-date: /home/devpc/Desktop/microros_ws/install/nav_msgs/include/nav_msgs/msg/detail/map_meta_data__rosidl_typesupport_fastrtps_cpp.hpp
[1.234s] -- Up-to-date: /home/devpc/Desktop/microros_ws/install/nav_msgs/include/nav_msgs/msg/detail/dds_fastrtps
[1.235s] -- Up-to-date: /home/devpc/Desktop/microros_ws/install/nav_msgs/include/nav_msgs/msg/detail/grid_cells__rosidl_typesupport_fastrtps_cpp.hpp
[1.235s] -- Up-to-date: /home/devpc/Desktop/microros_ws/install/nav_msgs/include/nav_msgs/msg/rosidl_typesupport_fastrtps_cpp__visibility_control.h
[1.235s] -- Up-to-date: /home/devpc/Desktop/microros_ws/install/nav_msgs/include/nav_msgs/srv
[1.235s] -- Up-to-date: /home/devpc/Desktop/microros_ws/install/nav_msgs/include/nav_msgs/srv/detail
[1.235s] -- Up-to-date: /home/devpc/Desktop/microros_ws/install/nav_msgs/include/nav_msgs/srv/detail/set_map__rosidl_typesupport_fastrtps_cpp.hpp
[1.236s] -- Up-to-date: /home/devpc/Desktop/microros_ws/install/nav_msgs/include/nav_msgs/srv/detail/get_map__rosidl_typesupport_fastrtps_cpp.hpp
[1.236s] -- Up-to-date: /home/devpc/Desktop/microros_ws/install/nav_msgs/include/nav_msgs/srv/detail/dds_fastrtps
[1.236s] -- Up-to-date: /home/devpc/Desktop/microros_ws/install/nav_msgs/include/nav_msgs/srv/detail/get_plan__rosidl_typesupport_fastrtps_cpp.hpp
[1.236s] -- Up-to-date: /home/devpc/Desktop/microros_ws/install/nav_msgs/lib/libnav_msgs__rosidl_typesupport_fastrtps_cpp.so
[1.236s] -- Up-to-date: /home/devpc/Desktop/microros_ws/install/nav_msgs/include/nav_msgs
[1.237s] -- Up-to-date: /home/devpc/Desktop/microros_ws/install/nav_msgs/include/nav_msgs/msg
[1.237s] -- Up-to-date: /home/devpc/Desktop/microros_ws/install/nav_msgs/include/nav_msgs/msg/detail
[1.237s] -- Up-to-date: /home/devpc/Desktop/microros_ws/install/nav_msgs/include/nav_msgs/msg/detail/grid_cells__type_support.c
[1.237s] -- Up-to-date: /home/devpc/Desktop/microros_ws/install/nav_msgs/include/nav_msgs/msg/detail/path__rosidl_typesupport_introspection_c.h
[1.237s] -- Up-to-date: /home/devpc/Desktop/microros_ws/install/nav_msgs/include/nav_msgs/msg/detail/path__type_support.c
[1.237s] -- Up-to-date: /home/devpc/Desktop/microros_ws/install/nav_msgs/include/nav_msgs/msg/detail/odometry__type_support.c
[1.237s] -- Up-to-date: /home/devpc/Desktop/microros_ws/install/nav_msgs/include/nav_msgs/msg/detail/occupancy_grid__rosidl_typesupport_introspection_c.h
[1.238s] -- Up-to-date: /home/devpc/Desktop/microros_ws/install/nav_msgs/include/nav_msgs/msg/detail/map_meta_data__rosidl_typesupport_introspection_c.h
[1.238s] -- Up-to-date: /home/devpc/Desktop/microros_ws/install/nav_msgs/include/nav_msgs/msg/detail/grid_cells__rosidl_typesupport_introspection_c.h
[1.238s] -- Up-to-date: /home/devpc/Desktop/microros_ws/install/nav_msgs/include/nav_msgs/msg/detail/occupancy_grid__type_support.c
[1.238s] -- Up-to-date: /home/devpc/Desktop/microros_ws/install/nav_msgs/include/nav_msgs/msg/detail/map_meta_data__type_support.c
[1.238s] -- Up-to-date: /home/devpc/Desktop/microros_ws/install/nav_msgs/include/nav_msgs/msg/detail/odometry__rosidl_typesupport_introspection_c.h
[1.239s] -- Up-to-date: /home/devpc/Desktop/microros_ws/install/nav_msgs/include/nav_msgs/msg/rosidl_typesupport_introspection_c__visibility_control.h
[1.239s] -- Up-to-date: /home/devpc/Desktop/microros_ws/install/nav_msgs/include/nav_msgs/srv
[1.239s] -- Up-to-date: /home/devpc/Desktop/microros_ws/install/nav_msgs/include/nav_msgs/srv/detail
[1.239s] -- Up-to-date: /home/devpc/Desktop/microros_ws/install/nav_msgs/include/nav_msgs/srv/detail/set_map__type_support.c
[1.239s] -- Up-to-date: /home/devpc/Desktop/microros_ws/install/nav_msgs/include/nav_msgs/srv/detail/get_plan__type_support.c
[1.240s] -- Up-to-date: /home/devpc/Desktop/microros_ws/install/nav_msgs/include/nav_msgs/srv/detail/set_map__rosidl_typesupport_introspection_c.h
[1.240s] -- Up-to-date: /home/devpc/Desktop/microros_ws/install/nav_msgs/include/nav_msgs/srv/detail/get_plan__rosidl_typesupport_introspection_c.h
[1.240s] -- Up-to-date: /home/devpc/Desktop/microros_ws/install/nav_msgs/include/nav_msgs/srv/detail/get_map__type_support.c
[1.240s] -- Up-to-date: /home/devpc/Desktop/microros_ws/install/nav_msgs/include/nav_msgs/srv/detail/get_map__rosidl_typesupport_introspection_c.h
[1.240s] -- Up-to-date: /home/devpc/Desktop/microros_ws/install/nav_msgs/lib/libnav_msgs__rosidl_typesupport_introspection_c.so
[1.240s] -- Up-to-date: /home/devpc/Desktop/microros_ws/install/nav_msgs/lib/libnav_msgs__rosidl_typesupport_c.so
[1.240s] -- Up-to-date: /home/devpc/Desktop/microros_ws/install/nav_msgs/include/nav_msgs
[1.240s] -- Up-to-date: /home/devpc/Desktop/microros_ws/install/nav_msgs/include/nav_msgs/msg
[1.241s] -- Up-to-date: /home/devpc/Desktop/microros_ws/install/nav_msgs/include/nav_msgs/msg/grid_cells.hpp
[1.241s] -- Up-to-date: /home/devpc/Desktop/microros_ws/install/nav_msgs/include/nav_msgs/msg/odometry.hpp
[1.241s] -- Up-to-date: /home/devpc/Desktop/microros_ws/install/nav_msgs/include/nav_msgs/msg/detail
[1.241s] -- Up-to-date: /home/devpc/Desktop/microros_ws/install/nav_msgs/include/nav_msgs/msg/detail/odometry__traits.hpp
[1.241s] -- Up-to-date: /home/devpc/Desktop/microros_ws/install/nav_msgs/include/nav_msgs/msg/detail/grid_cells__builder.hpp
[1.241s] -- Up-to-date: /home/devpc/Desktop/microros_ws/install/nav_msgs/include/nav_msgs/msg/detail/grid_cells__traits.hpp
[1.241s] -- Up-to-date: /home/devpc/Desktop/microros_ws/install/nav_msgs/include/nav_msgs/msg/detail/odometry__builder.hpp
[1.242s] -- Up-to-date: /home/devpc/Desktop/microros_ws/install/nav_msgs/include/nav_msgs/msg/detail/occupancy_grid__traits.hpp
[1.242s] -- Up-to-date: /home/devpc/Desktop/microros_ws/install/nav_msgs/include/nav_msgs/msg/detail/occupancy_grid__builder.hpp
[1.242s] -- Up-to-date: /home/devpc/Desktop/microros_ws/install/nav_msgs/include/nav_msgs/msg/detail/path__traits.hpp
[1.242s] -- Up-to-date: /home/devpc/Desktop/microros_ws/install/nav_msgs/include/nav_msgs/msg/detail/map_meta_data__builder.hpp
[1.242s] -- Up-to-date: /home/devpc/Desktop/microros_ws/install/nav_msgs/include/nav_msgs/msg/detail/map_meta_data__struct.hpp
[1.242s] -- Up-to-date: /home/devpc/Desktop/microros_ws/install/nav_msgs/include/nav_msgs/msg/detail/occupancy_grid__struct.hpp
[1.242s] -- Up-to-date: /home/devpc/Desktop/microros_ws/install/nav_msgs/include/nav_msgs/msg/detail/grid_cells__struct.hpp
[1.243s] -- Up-to-date: /home/devpc/Desktop/microros_ws/install/nav_msgs/include/nav_msgs/msg/detail/odometry__struct.hpp
[1.243s] -- Up-to-date: /home/devpc/Desktop/microros_ws/install/nav_msgs/include/nav_msgs/msg/detail/map_meta_data__traits.hpp
[1.243s] -- Up-to-date: /home/devpc/Desktop/microros_ws/install/nav_msgs/include/nav_msgs/msg/detail/path__builder.hpp
[1.243s] -- Up-to-date: /home/devpc/Desktop/microros_ws/install/nav_msgs/include/nav_msgs/msg/detail/path__struct.hpp
[1.243s] -- Up-to-date: /home/devpc/Desktop/microros_ws/install/nav_msgs/include/nav_msgs/msg/path.hpp
[1.243s] -- Up-to-date: /home/devpc/Desktop/microros_ws/install/nav_msgs/include/nav_msgs/msg/occupancy_grid.hpp
[1.243s] -- Up-to-date: /home/devpc/Desktop/microros_ws/install/nav_msgs/include/nav_msgs/msg/map_meta_data.hpp
[1.243s] -- Up-to-date: /home/devpc/Desktop/microros_ws/install/nav_msgs/include/nav_msgs/srv
[1.244s] -- Up-to-date: /home/devpc/Desktop/microros_ws/install/nav_msgs/include/nav_msgs/srv/get_plan.hpp
[1.244s] -- Up-to-date: /home/devpc/Desktop/microros_ws/install/nav_msgs/include/nav_msgs/srv/get_map.hpp
[1.244s] -- Up-to-date: /home/devpc/Desktop/microros_ws/install/nav_msgs/include/nav_msgs/srv/set_map.hpp
[1.244s] -- Up-to-date: /home/devpc/Desktop/microros_ws/install/nav_msgs/include/nav_msgs/srv/detail
[1.244s] -- Up-to-date: /home/devpc/Desktop/microros_ws/install/nav_msgs/include/nav_msgs/srv/detail/get_plan__traits.hpp
[1.244s] -- Up-to-date: /home/devpc/Desktop/microros_ws/install/nav_msgs/include/nav_msgs/srv/detail/get_plan__struct.hpp
[1.244s] -- Up-to-date: /home/devpc/Desktop/microros_ws/install/nav_msgs/include/nav_msgs/srv/detail/get_map__traits.hpp
[1.244s] -- Up-to-date: /home/devpc/Desktop/microros_ws/install/nav_msgs/include/nav_msgs/srv/detail/set_map__struct.hpp
[1.245s] -- Up-to-date: /home/devpc/Desktop/microros_ws/install/nav_msgs/include/nav_msgs/srv/detail/set_map__traits.hpp
[1.245s] -- Up-to-date: /home/devpc/Desktop/microros_ws/install/nav_msgs/include/nav_msgs/srv/detail/set_map__builder.hpp
[1.245s] -- Up-to-date: /home/devpc/Desktop/microros_ws/install/nav_msgs/include/nav_msgs/srv/detail/get_plan__builder.hpp
[1.245s] -- Up-to-date: /home/devpc/Desktop/microros_ws/install/nav_msgs/include/nav_msgs/srv/detail/get_map__builder.hpp
[1.245s] -- Up-to-date: /home/devpc/Desktop/microros_ws/install/nav_msgs/include/nav_msgs/srv/detail/get_map__struct.hpp
[1.245s] -- Up-to-date: /home/devpc/Desktop/microros_ws/install/nav_msgs/include/nav_msgs
[1.245s] -- Up-to-date: /home/devpc/Desktop/microros_ws/install/nav_msgs/include/nav_msgs/msg
[1.245s] -- Up-to-date: /home/devpc/Desktop/microros_ws/install/nav_msgs/include/nav_msgs/msg/detail
[1.245s] -- Up-to-date: /home/devpc/Desktop/microros_ws/install/nav_msgs/include/nav_msgs/msg/detail/grid_cells__rosidl_typesupport_microxrcedds_cpp.hpp
[1.246s] -- Up-to-date: /home/devpc/Desktop/microros_ws/install/nav_msgs/include/nav_msgs/msg/detail/path__rosidl_typesupport_microxrcedds_cpp.hpp
[1.246s] -- Up-to-date: /home/devpc/Desktop/microros_ws/install/nav_msgs/include/nav_msgs/msg/detail/odometry__rosidl_typesupport_microxrcedds_cpp.hpp
[1.246s] -- Up-to-date: /home/devpc/Desktop/microros_ws/install/nav_msgs/include/nav_msgs/msg/detail/map_meta_data__rosidl_typesupport_microxrcedds_cpp.hpp
[1.246s] -- Up-to-date: /home/devpc/Desktop/microros_ws/install/nav_msgs/include/nav_msgs/msg/detail/microxrcedds
[1.246s] -- Up-to-date: /home/devpc/Desktop/microros_ws/install/nav_msgs/include/nav_msgs/msg/detail/microxrcedds/path__type_support_cpp.cpp
[1.246s] -- Up-to-date: /home/devpc/Desktop/microros_ws/install/nav_msgs/include/nav_msgs/msg/detail/microxrcedds/odometry__type_support_cpp.cpp
[1.246s] -- Up-to-date: /home/devpc/Desktop/microros_ws/install/nav_msgs/include/nav_msgs/msg/detail/microxrcedds/grid_cells__type_support_cpp.cpp
[1.247s] -- Up-to-date: /home/devpc/Desktop/microros_ws/install/nav_msgs/include/nav_msgs/msg/detail/microxrcedds/map_meta_data__type_support_cpp.cpp
[1.247s] -- Up-to-date: /home/devpc/Desktop/microros_ws/install/nav_msgs/include/nav_msgs/msg/detail/microxrcedds/occupancy_grid__type_support_cpp.cpp
[1.247s] -- Up-to-date: /home/devpc/Desktop/microros_ws/install/nav_msgs/include/nav_msgs/msg/detail/occupancy_grid__rosidl_typesupport_microxrcedds_cpp.hpp
[1.247s] -- Up-to-date: /home/devpc/Desktop/microros_ws/install/nav_msgs/include/nav_msgs/msg/rosidl_typesupport_microxrcedds_cpp__visibility_control.h
[1.247s] -- Up-to-date: /home/devpc/Desktop/microros_ws/install/nav_msgs/include/nav_msgs/srv
[1.247s] -- Up-to-date: /home/devpc/Desktop/microros_ws/install/nav_msgs/include/nav_msgs/srv/detail
[1.247s] -- Up-to-date: /home/devpc/Desktop/microros_ws/install/nav_msgs/include/nav_msgs/srv/detail/get_plan__rosidl_typesupport_microxrcedds_cpp.hpp
[1.247s] -- Up-to-date: /home/devpc/Desktop/microros_ws/install/nav_msgs/include/nav_msgs/srv/detail/set_map__rosidl_typesupport_microxrcedds_cpp.hpp
[1.247s] -- Up-to-date: /home/devpc/Desktop/microros_ws/install/nav_msgs/include/nav_msgs/srv/detail/get_map__rosidl_typesupport_microxrcedds_cpp.hpp
[1.247s] -- Up-to-date: /home/devpc/Desktop/microros_ws/install/nav_msgs/include/nav_msgs/srv/detail/microxrcedds
[1.247s] -- Up-to-date: /home/devpc/Desktop/microros_ws/install/nav_msgs/include/nav_msgs/srv/detail/microxrcedds/set_map__type_support_cpp.cpp
[1.248s] -- Up-to-date: /home/devpc/Desktop/microros_ws/install/nav_msgs/include/nav_msgs/srv/detail/microxrcedds/get_map__type_support_cpp.cpp
[1.248s] -- Up-to-date: /home/devpc/Desktop/microros_ws/install/nav_msgs/include/nav_msgs/srv/detail/microxrcedds/get_plan__type_support_cpp.cpp
[1.248s] -- Up-to-date: /home/devpc/Desktop/microros_ws/install/nav_msgs/lib/libnav_msgs__rosidl_typesupport_microxrcedds_cpp.so
[1.248s] -- Up-to-date: /home/devpc/Desktop/microros_ws/install/nav_msgs/include/nav_msgs
[1.248s] -- Up-to-date: /home/devpc/Desktop/microros_ws/install/nav_msgs/include/nav_msgs/msg
[1.248s] -- Up-to-date: /home/devpc/Desktop/microros_ws/install/nav_msgs/include/nav_msgs/msg/detail
[1.248s] -- Up-to-date: /home/devpc/Desktop/microros_ws/install/nav_msgs/include/nav_msgs/msg/detail/map_meta_data__rosidl_typesupport_introspection_cpp.hpp
[1.248s] -- Up-to-date: /home/devpc/Desktop/microros_ws/install/nav_msgs/include/nav_msgs/msg/detail/occupancy_grid__rosidl_typesupport_introspection_cpp.hpp
[1.248s] -- Up-to-date: /home/devpc/Desktop/microros_ws/install/nav_msgs/include/nav_msgs/msg/detail/map_meta_data__type_support.cpp
[1.248s] -- Up-to-date: /home/devpc/Desktop/microros_ws/install/nav_msgs/include/nav_msgs/msg/detail/occupancy_grid__type_support.cpp
[1.248s] -- Up-to-date: /home/devpc/Desktop/microros_ws/install/nav_msgs/include/nav_msgs/msg/detail/grid_cells__rosidl_typesupport_introspection_cpp.hpp
[1.249s] -- Up-to-date: /home/devpc/Desktop/microros_ws/install/nav_msgs/include/nav_msgs/msg/detail/path__rosidl_typesupport_introspection_cpp.hpp
[1.249s] -- Up-to-date: /home/devpc/Desktop/microros_ws/install/nav_msgs/include/nav_msgs/msg/detail/odometry__type_support.cpp
[1.249s] -- Up-to-date: /home/devpc/Desktop/microros_ws/install/nav_msgs/include/nav_msgs/msg/detail/path__type_support.cpp
[1.249s] -- Up-to-date: /home/devpc/Desktop/microros_ws/install/nav_msgs/include/nav_msgs/msg/detail/grid_cells__type_support.cpp
[1.249s] -- Up-to-date: /home/devpc/Desktop/microros_ws/install/nav_msgs/include/nav_msgs/msg/detail/odometry__rosidl_typesupport_introspection_cpp.hpp
[1.249s] -- Up-to-date: /home/devpc/Desktop/microros_ws/install/nav_msgs/include/nav_msgs/srv
[1.249s] -- Up-to-date: /home/devpc/Desktop/microros_ws/install/nav_msgs/include/nav_msgs/srv/detail
[1.249s] -- Up-to-date: /home/devpc/Desktop/microros_ws/install/nav_msgs/include/nav_msgs/srv/detail/set_map__rosidl_typesupport_introspection_cpp.hpp
[1.249s] -- Up-to-date: /home/devpc/Desktop/microros_ws/install/nav_msgs/include/nav_msgs/srv/detail/get_plan__rosidl_typesupport_introspection_cpp.hpp
[1.249s] -- Up-to-date: /home/devpc/Desktop/microros_ws/install/nav_msgs/include/nav_msgs/srv/detail/set_map__type_support.cpp
[1.249s] -- Up-to-date: /home/devpc/Desktop/microros_ws/install/nav_msgs/include/nav_msgs/srv/detail/get_map__type_support.cpp
[1.250s] -- Up-to-date: /home/devpc/Desktop/microros_ws/install/nav_msgs/include/nav_msgs/srv/detail/get_plan__type_support.cpp
[1.250s] -- Up-to-date: /home/devpc/Desktop/microros_ws/install/nav_msgs/include/nav_msgs/srv/detail/get_map__rosidl_typesupport_introspection_cpp.hpp
[1.250s] -- Up-to-date: /home/devpc/Desktop/microros_ws/install/nav_msgs/lib/libnav_msgs__rosidl_typesupport_introspection_cpp.so
[1.250s] -- Up-to-date: /home/devpc/Desktop/microros_ws/install/nav_msgs/lib/libnav_msgs__rosidl_typesupport_cpp.so
[1.250s] -- Up-to-date: /home/devpc/Desktop/microros_ws/install/nav_msgs/share/nav_msgs/environment/pythonpath.sh
[1.250s] -- Up-to-date: /home/devpc/Desktop/microros_ws/install/nav_msgs/share/nav_msgs/environment/pythonpath.dsv
[1.250s] -- Up-to-date: /home/devpc/Desktop/microros_ws/install/nav_msgs/lib/python3.8/site-packages/nav_msgs/__init__.py
[1.298s] -- Up-to-date: /home/devpc/Desktop/microros_ws/install/nav_msgs/lib/python3.8/site-packages/nav_msgs/msg
[1.298s] -- Up-to-date: /home/devpc/Desktop/microros_ws/install/nav_msgs/lib/python3.8/site-packages/nav_msgs/msg/_path_s.c
[1.299s] -- Up-to-date: /home/devpc/Desktop/microros_ws/install/nav_msgs/lib/python3.8/site-packages/nav_msgs/msg/_odometry.py
[1.299s] -- Up-to-date: /home/devpc/Desktop/microros_ws/install/nav_msgs/lib/python3.8/site-packages/nav_msgs/msg/__init__.py
[1.299s] -- Up-to-date: /home/devpc/Desktop/microros_ws/install/nav_msgs/lib/python3.8/site-packages/nav_msgs/msg/_grid_cells.py
[1.299s] -- Up-to-date: /home/devpc/Desktop/microros_ws/install/nav_msgs/lib/python3.8/site-packages/nav_msgs/msg/_odometry_s.c
[1.299s] -- Up-to-date: /home/devpc/Desktop/microros_ws/install/nav_msgs/lib/python3.8/site-packages/nav_msgs/msg/_map_meta_data_s.c
[1.299s] -- Up-to-date: /home/devpc/Desktop/microros_ws/install/nav_msgs/lib/python3.8/site-packages/nav_msgs/msg/_occupancy_grid.py
[1.299s] -- Up-to-date: /home/devpc/Desktop/microros_ws/install/nav_msgs/lib/python3.8/site-packages/nav_msgs/msg/_grid_cells_s.c
[1.300s] -- Up-to-date: /home/devpc/Desktop/microros_ws/install/nav_msgs/lib/python3.8/site-packages/nav_msgs/msg/_map_meta_data.py
[1.300s] -- Up-to-date: /home/devpc/Desktop/microros_ws/install/nav_msgs/lib/python3.8/site-packages/nav_msgs/msg/_path.py
[1.300s] -- Up-to-date: /home/devpc/Desktop/microros_ws/install/nav_msgs/lib/python3.8/site-packages/nav_msgs/msg/_occupancy_grid_s.c
[1.300s] -- Up-to-date: /home/devpc/Desktop/microros_ws/install/nav_msgs/lib/python3.8/site-packages/nav_msgs/srv
[1.300s] -- Up-to-date: /home/devpc/Desktop/microros_ws/install/nav_msgs/lib/python3.8/site-packages/nav_msgs/srv/_get_plan_s.c
[1.300s] -- Up-to-date: /home/devpc/Desktop/microros_ws/install/nav_msgs/lib/python3.8/site-packages/nav_msgs/srv/__init__.py
[1.300s] -- Up-to-date: /home/devpc/Desktop/microros_ws/install/nav_msgs/lib/python3.8/site-packages/nav_msgs/srv/_set_map_s.c
[1.300s] -- Up-to-date: /home/devpc/Desktop/microros_ws/install/nav_msgs/lib/python3.8/site-packages/nav_msgs/srv/_get_plan.py
[1.301s] -- Up-to-date: /home/devpc/Desktop/microros_ws/install/nav_msgs/lib/python3.8/site-packages/nav_msgs/srv/_set_map.py
[1.301s] -- Up-to-date: /home/devpc/Desktop/microros_ws/install/nav_msgs/lib/python3.8/site-packages/nav_msgs/srv/_get_map.py
[1.301s] -- Up-to-date: /home/devpc/Desktop/microros_ws/install/nav_msgs/lib/python3.8/site-packages/nav_msgs/srv/_get_map_s.c
[1.301s] -- Up-to-date: /home/devpc/Desktop/microros_ws/install/nav_msgs/lib/python3.8/site-packages/nav_msgs/nav_msgs_s__rosidl_typesupport_microxrcedds_c.cpython-38-x86_64-linux-gnu.so
[1.301s] -- Up-to-date: /home/devpc/Desktop/microros_ws/install/nav_msgs/lib/python3.8/site-packages/nav_msgs/nav_msgs_s__rosidl_typesupport_fastrtps_c.cpython-38-x86_64-linux-gnu.so
[1.301s] -- Up-to-date: /home/devpc/Desktop/microros_ws/install/nav_msgs/lib/python3.8/site-packages/nav_msgs/nav_msgs_s__rosidl_typesupport_introspection_c.cpython-38-x86_64-linux-gnu.so
[1.302s] -- Up-to-date: /home/devpc/Desktop/microros_ws/install/nav_msgs/lib/python3.8/site-packages/nav_msgs/nav_msgs_s__rosidl_typesupport_c.cpython-38-x86_64-linux-gnu.so
[1.302s] -- Up-to-date: /home/devpc/Desktop/microros_ws/install/nav_msgs/lib/libnav_msgs__python.so
[1.303s] -- Up-to-date: /home/devpc/Desktop/microros_ws/install/nav_msgs/share/nav_msgs/msg/GridCells.idl
[1.303s] -- Up-to-date: /home/devpc/Desktop/microros_ws/install/nav_msgs/share/nav_msgs/msg/MapMetaData.idl
[1.303s] -- Up-to-date: /home/devpc/Desktop/microros_ws/install/nav_msgs/share/nav_msgs/msg/OccupancyGrid.idl
[1.303s] -- Up-to-date: /home/devpc/Desktop/microros_ws/install/nav_msgs/share/nav_msgs/msg/Odometry.idl
[1.303s] -- Up-to-date: /home/devpc/Desktop/microros_ws/install/nav_msgs/share/nav_msgs/msg/Path.idl
[1.303s] -- Up-to-date: /home/devpc/Desktop/microros_ws/install/nav_msgs/share/nav_msgs/srv/GetMap.idl
[1.304s] -- Up-to-date: /home/devpc/Desktop/microros_ws/install/nav_msgs/share/nav_msgs/srv/GetPlan.idl
[1.304s] -- Up-to-date: /home/devpc/Desktop/microros_ws/install/nav_msgs/share/nav_msgs/srv/SetMap.idl
[1.304s] -- Up-to-date: /home/devpc/Desktop/microros_ws/install/nav_msgs/share/nav_msgs/msg/GridCells.msg
[1.305s] -- Up-to-date: /home/devpc/Desktop/microros_ws/install/nav_msgs/share/nav_msgs/msg/MapMetaData.msg
[1.305s] -- Up-to-date: /home/devpc/Desktop/microros_ws/install/nav_msgs/share/nav_msgs/msg/OccupancyGrid.msg
[1.305s] -- Up-to-date: /home/devpc/Desktop/microros_ws/install/nav_msgs/share/nav_msgs/msg/Odometry.msg
[1.305s] -- Up-to-date: /home/devpc/Desktop/microros_ws/install/nav_msgs/share/nav_msgs/msg/Path.msg
[1.305s] -- Up-to-date: /home/devpc/Desktop/microros_ws/install/nav_msgs/share/nav_msgs/srv/GetMap.srv
[1.306s] -- Up-to-date: /home/devpc/Desktop/microros_ws/install/nav_msgs/share/nav_msgs/srv/GetMap_Request.msg
[1.306s] -- Up-to-date: /home/devpc/Desktop/microros_ws/install/nav_msgs/share/nav_msgs/srv/GetMap_Response.msg
[1.306s] -- Up-to-date: /home/devpc/Desktop/microros_ws/install/nav_msgs/share/nav_msgs/srv/GetPlan.srv
[1.306s] -- Up-to-date: /home/devpc/Desktop/microros_ws/install/nav_msgs/share/nav_msgs/srv/GetPlan_Request.msg
[1.306s] -- Up-to-date: /home/devpc/Desktop/microros_ws/install/nav_msgs/share/nav_msgs/srv/GetPlan_Response.msg
[1.306s] -- Up-to-date: /home/devpc/Desktop/microros_ws/install/nav_msgs/share/nav_msgs/srv/SetMap.srv
[1.306s] -- Up-to-date: /home/devpc/Desktop/microros_ws/install/nav_msgs/share/nav_msgs/srv/SetMap_Request.msg
[1.307s] -- Up-to-date: /home/devpc/Desktop/microros_ws/install/nav_msgs/share/nav_msgs/srv/SetMap_Response.msg
[1.307s] -- Up-to-date: /home/devpc/Desktop/microros_ws/install/nav_msgs/share/ament_index/resource_index/package_run_dependencies/nav_msgs
[1.307s] -- Up-to-date: /home/devpc/Desktop/microros_ws/install/nav_msgs/share/ament_index/resource_index/parent_prefix_path/nav_msgs
[1.307s] -- Up-to-date: /home/devpc/Desktop/microros_ws/install/nav_msgs/share/nav_msgs/environment/ament_prefix_path.sh
[1.307s] -- Up-to-date: /home/devpc/Desktop/microros_ws/install/nav_msgs/share/nav_msgs/environment/ament_prefix_path.dsv
[1.307s] -- Up-to-date: /home/devpc/Desktop/microros_ws/install/nav_msgs/share/nav_msgs/environment/path.sh
[1.307s] -- Up-to-date: /home/devpc/Desktop/microros_ws/install/nav_msgs/share/nav_msgs/environment/path.dsv
[1.308s] -- Up-to-date: /home/devpc/Desktop/microros_ws/install/nav_msgs/share/nav_msgs/local_setup.bash
[1.308s] -- Up-to-date: /home/devpc/Desktop/microros_ws/install/nav_msgs/share/nav_msgs/local_setup.sh
[1.308s] -- Up-to-date: /home/devpc/Desktop/microros_ws/install/nav_msgs/share/nav_msgs/local_setup.zsh
[1.308s] -- Up-to-date: /home/devpc/Desktop/microros_ws/install/nav_msgs/share/nav_msgs/local_setup.dsv
[1.308s] -- Installing: /home/devpc/Desktop/microros_ws/install/nav_msgs/share/nav_msgs/package.dsv
[1.308s] -- Up-to-date: /home/devpc/Desktop/microros_ws/install/nav_msgs/share/ament_index/resource_index/packages/nav_msgs
[1.309s] -- Up-to-date: /home/devpc/Desktop/microros_ws/install/nav_msgs/share/nav_msgs/cmake/nav_msgs__rosidl_generator_cExport.cmake
[1.309s] -- Up-to-date: /home/devpc/Desktop/microros_ws/install/nav_msgs/share/nav_msgs/cmake/nav_msgs__rosidl_generator_cExport-noconfig.cmake
[1.309s] -- Up-to-date: /home/devpc/Desktop/microros_ws/install/nav_msgs/share/nav_msgs/cmake/nav_msgs__rosidl_typesupport_introspection_cExport.cmake
[1.309s] -- Up-to-date: /home/devpc/Desktop/microros_ws/install/nav_msgs/share/nav_msgs/cmake/nav_msgs__rosidl_typesupport_introspection_cExport-noconfig.cmake
[1.310s] -- Up-to-date: /home/devpc/Desktop/microros_ws/install/nav_msgs/share/nav_msgs/cmake/nav_msgs__rosidl_typesupport_cExport.cmake
[1.310s] -- Up-to-date: /home/devpc/Desktop/microros_ws/install/nav_msgs/share/nav_msgs/cmake/nav_msgs__rosidl_typesupport_cExport-noconfig.cmake
[1.310s] -- Up-to-date: /home/devpc/Desktop/microros_ws/install/nav_msgs/share/nav_msgs/cmake/nav_msgs__rosidl_generator_cppExport.cmake
[1.310s] -- Up-to-date: /home/devpc/Desktop/microros_ws/install/nav_msgs/share/nav_msgs/cmake/nav_msgs__rosidl_typesupport_introspection_cppExport.cmake
[1.311s] -- Up-to-date: /home/devpc/Desktop/microros_ws/install/nav_msgs/share/nav_msgs/cmake/nav_msgs__rosidl_typesupport_introspection_cppExport-noconfig.cmake
[1.311s] -- Up-to-date: /home/devpc/Desktop/microros_ws/install/nav_msgs/share/nav_msgs/cmake/nav_msgs__rosidl_typesupport_cppExport.cmake
[1.318s] -- Up-to-date: /home/devpc/Desktop/microros_ws/install/nav_msgs/share/nav_msgs/cmake/nav_msgs__rosidl_typesupport_cppExport-noconfig.cmake
[1.318s] -- Up-to-date: /home/devpc/Desktop/microros_ws/install/nav_msgs/share/nav_msgs/cmake/rosidl_cmake-extras.cmake
[1.318s] -- Up-to-date: /home/devpc/Desktop/microros_ws/install/nav_msgs/share/nav_msgs/cmake/ament_cmake_export_dependencies-extras.cmake
[1.318s] -- Up-to-date: /home/devpc/Desktop/microros_ws/install/nav_msgs/share/nav_msgs/cmake/ament_cmake_export_libraries-extras.cmake
[1.320s] -- Up-to-date: /home/devpc/Desktop/microros_ws/install/nav_msgs/share/nav_msgs/cmake/ament_cmake_export_targets-extras.cmake
[1.320s] -- Up-to-date: /home/devpc/Desktop/microros_ws/install/nav_msgs/share/nav_msgs/cmake/ament_cmake_export_include_directories-extras.cmake
[1.320s] -- Up-to-date: /home/devpc/Desktop/microros_ws/install/nav_msgs/share/nav_msgs/cmake/rosidl_cmake_export_typesupport_libraries-extras.cmake
[1.320s] -- Up-to-date: /home/devpc/Desktop/microros_ws/install/nav_msgs/share/nav_msgs/cmake/rosidl_cmake_export_typesupport_targets-extras.cmake
[1.321s] -- Up-to-date: /home/devpc/Desktop/microros_ws/install/nav_msgs/share/nav_msgs/cmake/nav_msgsConfig.cmake
[1.321s] -- Up-to-date: /home/devpc/Desktop/microros_ws/install/nav_msgs/share/nav_msgs/cmake/nav_msgsConfig-version.cmake
[1.321s] -- Up-to-date: /home/devpc/Desktop/microros_ws/install/nav_msgs/share/nav_msgs/package.xml
[1.322s] Invoked command in '/home/devpc/Desktop/microros_ws/build/nav_msgs' returned '0': CMAKE_PREFIX_PATH=/home/devpc/Desktop/microros_ws/install/geometry_msgs:/home/devpc/Desktop/microros_ws/install/std_msgs:/home/devpc/Desktop/microros_ws/install/builtin_interfaces:/home/devpc/Desktop/microros_ws/install/common_interfaces:/home/devpc/Desktop/microros_ws/install/visualization_msgs:/home/devpc/Desktop/microros_ws/install/test_msgs:/home/devpc/Desktop/microros_ws/install/micro_ros_demos_rclc:/home/devpc/Desktop/microros_ws/install/example_interfaces:/home/devpc/Desktop/microros_ws/install/action_msgs:/home/devpc/Desktop/microros_ws/install/unique_identifier_msgs:/home/devpc/Desktop/microros_ws/install/trajectory_msgs:/home/devpc/Desktop/microros_ws/install/stereo_msgs:/home/devpc/Desktop/microros_ws/install/std_srvs:/home/devpc/Desktop/microros_ws/install/shape_msgs:/home/devpc/Desktop/microros_ws/install/sensor_msgs:/home/devpc/Desktop/microros_ws/install/nav_msgs:/home/devpc/Desktop/microros_ws/install/diagnostic_msgs:/home/devpc/Desktop/microros_ws/install/drive_base_msgs:/home/devpc/Desktop/microros_ws/install/actionlib_msgs:/home/devpc/Desktop/microros_ws/install/statistics_msgs:/home/devpc/Desktop/microros_ws/install/rosidl_typesupport_microxrcedds_test_msg:/home/devpc/Desktop/microros_ws/install/rosidl_typesupport_microxrcedds_cpp_tests:/home/devpc/Desktop/microros_ws/install/rmw_microxrcedds:/home/devpc/Desktop/microros_ws/install/rosidl_typesupport_microxrcedds_cpp:/home/devpc/Desktop/microros_ws/install/rosidl_typesupport_microxrcedds_c_tests:/home/devpc/Desktop/microros_ws/install/rosidl_typesupport_microxrcedds_c:/home/devpc/Desktop/microros_ws/install/rosgraph_msgs:/home/devpc/Desktop/microros_ws/install/rclc:/home/devpc/Desktop/microros_ws/install/composition_interfaces:/home/devpc/Desktop/microros_ws/install/rcl_interfaces:/home/devpc/Desktop/microros_ws/install/microxrcedds_client:/home/devpc/Desktop/microros_ws/install/microcdr:/home/devpc/Desktop/microros_ws/install/micro_ros_demos_rclcpp:/home/devpc/Desktop/microros_ws/install/lifecycle_msgs:/home/devpc/Desktop/microros_ws/install/complex_msgs:/home/devpc/Desktop/microros_ws/install/micro_ros_agent:/home/devpc/Desktop/microros_ws/install/microxrcedds_agent:/home/devpc/Desktop/microros_ws/install/micro_ros_setup:/home/devpc/Desktop/microros_ws/install/micro_ros_msgs:/home/devpc/Desktop/quad_ws/install/quad_interfaces:/home/devpc/Desktop/microros_ws/install/sensor_msgs_py:/home/devpc/Desktop/quad_ws/install/quad:/opt/ros/foxy LD_LIBRARY_PATH=/home/devpc/Desktop/microros_ws/install/geometry_msgs/lib:/home/devpc/Desktop/microros_ws/install/std_msgs/lib:/home/devpc/Desktop/microros_ws/install/builtin_interfaces/lib:/home/devpc/Desktop/microros_ws/install/visualization_msgs/lib:/home/devpc/Desktop/microros_ws/install/test_msgs/lib:/home/devpc/Desktop/microros_ws/install/example_interfaces/lib:/home/devpc/Desktop/microros_ws/install/action_msgs/lib:/home/devpc/Desktop/microros_ws/install/unique_identifier_msgs/lib:/home/devpc/Desktop/microros_ws/install/trajectory_msgs/lib:/home/devpc/Desktop/microros_ws/install/stereo_msgs/lib:/home/devpc/Desktop/microros_ws/install/std_srvs/lib:/home/devpc/Desktop/microros_ws/install/shape_msgs/lib:/home/devpc/Desktop/microros_ws/install/sensor_msgs/lib:/home/devpc/Desktop/microros_ws/install/nav_msgs/lib:/home/devpc/Desktop/microros_ws/install/diagnostic_msgs/lib:/home/devpc/Desktop/microros_ws/install/drive_base_msgs/lib:/home/devpc/Desktop/microros_ws/install/actionlib_msgs/lib:/home/devpc/Desktop/microros_ws/install/statistics_msgs/lib:/home/devpc/Desktop/microros_ws/install/rosidl_typesupport_microxrcedds_test_msg/lib:/home/devpc/Desktop/microros_ws/install/rmw_microxrcedds/lib:/home/devpc/Desktop/microros_ws/install/rosidl_typesupport_microxrcedds_cpp/lib:/home/devpc/Desktop/microros_ws/install/rosidl_typesupport_microxrcedds_c/lib:/home/devpc/Desktop/microros_ws/install/rosgraph_msgs/lib:/home/devpc/Desktop/microros_ws/install/rclc/lib:/home/devpc/Desktop/microros_ws/install/composition_interfaces/lib:/home/devpc/Desktop/microros_ws/install/rcl_interfaces/lib:/home/devpc/Desktop/microros_ws/install/microxrcedds_client/lib:/home/devpc/Desktop/microros_ws/install/microcdr/lib:/home/devpc/Desktop/microros_ws/install/lifecycle_msgs/lib:/home/devpc/Desktop/microros_ws/install/complex_msgs/lib:/home/devpc/Desktop/microros_ws/install/microxrcedds_agent/lib:/home/devpc/Desktop/microros_ws/install/micro_ros_msgs/lib:/home/devpc/Desktop/quad_ws/install/quad_interfaces/lib:/opt/ros/foxy/opt/yaml_cpp_vendor/lib:/opt/ros/foxy/opt/rviz_ogre_vendor/lib:/opt/ros/foxy/lib/x86_64-linux-gnu:/opt/ros/foxy/lib PYTHONPATH=/home/devpc/Desktop/microros_ws/install/geometry_msgs/lib/python3.8/site-packages:/home/devpc/Desktop/microros_ws/install/std_msgs/lib/python3.8/site-packages:/home/devpc/Desktop/microros_ws/install/builtin_interfaces/lib/python3.8/site-packages:/home/devpc/Desktop/microros_ws/install/visualization_msgs/lib/python3.8/site-packages:/home/devpc/Desktop/microros_ws/install/test_msgs/lib/python3.8/site-packages:/home/devpc/Desktop/microros_ws/install/example_interfaces/lib/python3.8/site-packages:/home/devpc/Desktop/microros_ws/install/action_msgs/lib/python3.8/site-packages:/home/devpc/Desktop/microros_ws/install/unique_identifier_msgs/lib/python3.8/site-packages:/home/devpc/Desktop/microros_ws/install/trajectory_msgs/lib/python3.8/site-packages:/home/devpc/Desktop/microros_ws/install/stereo_msgs/lib/python3.8/site-packages:/home/devpc/Desktop/microros_ws/install/std_srvs/lib/python3.8/site-packages:/home/devpc/Desktop/microros_ws/install/shape_msgs/lib/python3.8/site-packages:/home/devpc/Desktop/microros_ws/install/sensor_msgs_py/lib/python3.8/site-packages:/home/devpc/Desktop/microros_ws/install/sensor_msgs/lib/python3.8/site-packages:/home/devpc/Desktop/microros_ws/install/nav_msgs/lib/python3.8/site-packages:/home/devpc/Desktop/microros_ws/install/diagnostic_msgs/lib/python3.8/site-packages:/home/devpc/Desktop/microros_ws/install/drive_base_msgs/lib/python3.8/site-packages:/home/devpc/Desktop/microros_ws/install/actionlib_msgs/lib/python3.8/site-packages:/home/devpc/Desktop/microros_ws/install/statistics_msgs/lib/python3.8/site-packages:/home/devpc/Desktop/microros_ws/install/rosidl_typesupport_microxrcedds_test_msg/lib/python3.8/site-packages:/home/devpc/Desktop/microros_ws/install/rosidl_typesupport_microxrcedds_cpp/lib/python3.8/site-packages:/home/devpc/Desktop/microros_ws/install/rosidl_typesupport_microxrcedds_c/lib/python3.8/site-packages:/home/devpc/Desktop/microros_ws/install/rosgraph_msgs/lib/python3.8/site-packages:/home/devpc/Desktop/microros_ws/install/composition_interfaces/lib/python3.8/site-packages:/home/devpc/Desktop/microros_ws/install/rcl_interfaces/lib/python3.8/site-packages:/home/devpc/Desktop/microros_ws/install/lifecycle_msgs/lib/python3.8/site-packages:/home/devpc/Desktop/microros_ws/install/complex_msgs/lib/python3.8/site-packages:/home/devpc/Desktop/microros_ws/install/micro_ros_msgs/lib/python3.8/site-packages:/home/devpc/Desktop/quad_ws/install/quad_interfaces/lib/python3.8/site-packages:/home/devpc/Desktop/quad_ws/install/quad/lib/python3.8/site-packages:/opt/ros/foxy/lib/python3.8/site-packages /usr/bin/cmake --install /home/devpc/Desktop/microros_ws/build/nav_msgs
