[  1%] Built target actionlib_msgs__cpp
[ 10%] Built target actionlib_msgs__rosidl_generator_c
[ 18%] Built target actionlib_msgs__rosidl_typesupport_cpp
[ 27%] Built target actionlib_msgs__rosidl_typesupport_microxrcedds_cpp
[ 35%] Built target actionlib_msgs__rosidl_typesupport_c
[ 44%] Built target actionlib_msgs__rosidl_typesupport_introspection_cpp
[ 52%] Built target actionlib_msgs__rosidl_typesupport_fastrtps_cpp
[ 61%] Built target actionlib_msgs__rosidl_typesupport_microxrcedds_c
[ 69%] Built target actionlib_msgs__rosidl_typesupport_introspection_c
[ 77%] Built target actionlib_msgs__rosidl_typesupport_fastrtps_c
[ 77%] Built target actionlib_msgs
[ 79%] Built target actionlib_msgs__py
[ 86%] Built target actionlib_msgs__python
[ 89%] Built target actionlib_msgs__rosidl_typesupport_fastrtps_c__pyext
[ 93%] Built target actionlib_msgs__rosidl_typesupport_introspection_c__pyext
[ 96%] Built target actionlib_msgs__rosidl_typesupport_c__pyext
[100%] Built target actionlib_msgs__rosidl_typesupport_microxrcedds_c__pyext
-- Install configuration: ""
-- Up-to-date: /home/devpc/Desktop/microros_ws/install/actionlib_msgs/share/ament_index/resource_index/rosidl_interfaces/actionlib_msgs
-- Up-to-date: /home/devpc/Desktop/microros_ws/install/actionlib_msgs/include/actionlib_msgs
-- Up-to-date: /home/devpc/Desktop/microros_ws/install/actionlib_msgs/include/actionlib_msgs/msg
-- Up-to-date: /home/devpc/Desktop/microros_ws/install/actionlib_msgs/include/actionlib_msgs/msg/detail
-- Up-to-date: /home/devpc/Desktop/microros_ws/install/actionlib_msgs/include/actionlib_msgs/msg/detail/goal_status__functions.h
-- Up-to-date: /home/devpc/Desktop/microros_ws/install/actionlib_msgs/include/actionlib_msgs/msg/detail/goal_status_array__type_support.h
-- Up-to-date: /home/devpc/Desktop/microros_ws/install/actionlib_msgs/include/actionlib_msgs/msg/detail/goal_status_array__struct.h
-- Up-to-date: /home/devpc/Desktop/microros_ws/install/actionlib_msgs/include/actionlib_msgs/msg/detail/goal_id__functions.c
-- Up-to-date: /home/devpc/Desktop/microros_ws/install/actionlib_msgs/include/actionlib_msgs/msg/detail/goal_status__type_support.h
-- Up-to-date: /home/devpc/Desktop/microros_ws/install/actionlib_msgs/include/actionlib_msgs/msg/detail/goal_status_array__functions.c
-- Up-to-date: /home/devpc/Desktop/microros_ws/install/actionlib_msgs/include/actionlib_msgs/msg/detail/goal_id__type_support.h
-- Up-to-date: /home/devpc/Desktop/microros_ws/install/actionlib_msgs/include/actionlib_msgs/msg/detail/goal_status__functions.c
-- Up-to-date: /home/devpc/Desktop/microros_ws/install/actionlib_msgs/include/actionlib_msgs/msg/detail/goal_status__struct.h
-- Up-to-date: /home/devpc/Desktop/microros_ws/install/actionlib_msgs/include/actionlib_msgs/msg/detail/goal_status_array__functions.h
-- Up-to-date: /home/devpc/Desktop/microros_ws/install/actionlib_msgs/include/actionlib_msgs/msg/detail/goal_id__functions.h
-- Up-to-date: /home/devpc/Desktop/microros_ws/install/actionlib_msgs/include/actionlib_msgs/msg/detail/goal_id__struct.h
-- Up-to-date: /home/devpc/Desktop/microros_ws/install/actionlib_msgs/include/actionlib_msgs/msg/goal_status.h
-- Up-to-date: /home/devpc/Desktop/microros_ws/install/actionlib_msgs/include/actionlib_msgs/msg/goal_id.h
-- Up-to-date: /home/devpc/Desktop/microros_ws/install/actionlib_msgs/include/actionlib_msgs/msg/goal_status_array.h
-- Up-to-date: /home/devpc/Desktop/microros_ws/install/actionlib_msgs/include/actionlib_msgs/msg/rosidl_generator_c__visibility_control.h
-- Up-to-date: /home/devpc/Desktop/microros_ws/install/actionlib_msgs/share/actionlib_msgs/environment/library_path.sh
-- Up-to-date: /home/devpc/Desktop/microros_ws/install/actionlib_msgs/share/actionlib_msgs/environment/library_path.dsv
-- Up-to-date: /home/devpc/Desktop/microros_ws/install/actionlib_msgs/lib/libactionlib_msgs__rosidl_generator_c.so
-- Up-to-date: /home/devpc/Desktop/microros_ws/install/actionlib_msgs/include/actionlib_msgs
-- Up-to-date: /home/devpc/Desktop/microros_ws/install/actionlib_msgs/include/actionlib_msgs/msg
-- Up-to-date: /home/devpc/Desktop/microros_ws/install/actionlib_msgs/include/actionlib_msgs/msg/detail
-- Up-to-date: /home/devpc/Desktop/microros_ws/install/actionlib_msgs/include/actionlib_msgs/msg/detail/goal_status_array__rosidl_typesupport_microxrcedds_c.h
-- Up-to-date: /home/devpc/Desktop/microros_ws/install/actionlib_msgs/include/actionlib_msgs/msg/detail/goal_status__rosidl_typesupport_microxrcedds_c.h
-- Up-to-date: /home/devpc/Desktop/microros_ws/install/actionlib_msgs/include/actionlib_msgs/msg/detail/goal_id__rosidl_typesupport_microxrcedds_c.h
-- Up-to-date: /home/devpc/Desktop/microros_ws/install/actionlib_msgs/include/actionlib_msgs/msg/detail/microxrcedds
-- Up-to-date: /home/devpc/Desktop/microros_ws/install/actionlib_msgs/include/actionlib_msgs/msg/rosidl_typesupport_microxrcedds_c__visibility_control.h
-- Up-to-date: /home/devpc/Desktop/microros_ws/install/actionlib_msgs/lib/libactionlib_msgs__rosidl_typesupport_microxrcedds_c.so
-- Up-to-date: /home/devpc/Desktop/microros_ws/install/actionlib_msgs/include/actionlib_msgs
-- Up-to-date: /home/devpc/Desktop/microros_ws/install/actionlib_msgs/include/actionlib_msgs/msg
-- Up-to-date: /home/devpc/Desktop/microros_ws/install/actionlib_msgs/include/actionlib_msgs/msg/detail
-- Up-to-date: /home/devpc/Desktop/microros_ws/install/actionlib_msgs/include/actionlib_msgs/msg/detail/goal_status_array__rosidl_typesupport_fastrtps_c.h
-- Up-to-date: /home/devpc/Desktop/microros_ws/install/actionlib_msgs/include/actionlib_msgs/msg/detail/goal_status__rosidl_typesupport_fastrtps_c.h
-- Up-to-date: /home/devpc/Desktop/microros_ws/install/actionlib_msgs/include/actionlib_msgs/msg/detail/goal_id__rosidl_typesupport_fastrtps_c.h
-- Up-to-date: /home/devpc/Desktop/microros_ws/install/actionlib_msgs/include/actionlib_msgs/msg/rosidl_typesupport_fastrtps_c__visibility_control.h
-- Up-to-date: /home/devpc/Desktop/microros_ws/install/actionlib_msgs/lib/libactionlib_msgs__rosidl_typesupport_fastrtps_c.so
-- Up-to-date: /home/devpc/Desktop/microros_ws/install/actionlib_msgs/include/actionlib_msgs
-- Up-to-date: /home/devpc/Desktop/microros_ws/install/actionlib_msgs/include/actionlib_msgs/msg
-- Up-to-date: /home/devpc/Desktop/microros_ws/install/actionlib_msgs/include/actionlib_msgs/msg/detail
-- Up-to-date: /home/devpc/Desktop/microros_ws/install/actionlib_msgs/include/actionlib_msgs/msg/detail/goal_status__rosidl_typesupport_fastrtps_cpp.hpp
-- Up-to-date: /home/devpc/Desktop/microros_ws/install/actionlib_msgs/include/actionlib_msgs/msg/detail/goal_id__rosidl_typesupport_fastrtps_cpp.hpp
-- Up-to-date: /home/devpc/Desktop/microros_ws/install/actionlib_msgs/include/actionlib_msgs/msg/detail/goal_status_array__rosidl_typesupport_fastrtps_cpp.hpp
-- Up-to-date: /home/devpc/Desktop/microros_ws/install/actionlib_msgs/include/actionlib_msgs/msg/detail/dds_fastrtps
-- Up-to-date: /home/devpc/Desktop/microros_ws/install/actionlib_msgs/include/actionlib_msgs/msg/rosidl_typesupport_fastrtps_cpp__visibility_control.h
-- Up-to-date: /home/devpc/Desktop/microros_ws/install/actionlib_msgs/lib/libactionlib_msgs__rosidl_typesupport_fastrtps_cpp.so
-- Up-to-date: /home/devpc/Desktop/microros_ws/install/actionlib_msgs/include/actionlib_msgs
-- Up-to-date: /home/devpc/Desktop/microros_ws/install/actionlib_msgs/include/actionlib_msgs/msg
-- Up-to-date: /home/devpc/Desktop/microros_ws/install/actionlib_msgs/include/actionlib_msgs/msg/detail
-- Up-to-date: /home/devpc/Desktop/microros_ws/install/actionlib_msgs/include/actionlib_msgs/msg/detail/goal_status_array__type_support.c
-- Up-to-date: /home/devpc/Desktop/microros_ws/install/actionlib_msgs/include/actionlib_msgs/msg/detail/goal_id__type_support.c
-- Up-to-date: /home/devpc/Desktop/microros_ws/install/actionlib_msgs/include/actionlib_msgs/msg/detail/goal_status__type_support.c
-- Up-to-date: /home/devpc/Desktop/microros_ws/install/actionlib_msgs/include/actionlib_msgs/msg/detail/goal_id__rosidl_typesupport_introspection_c.h
-- Up-to-date: /home/devpc/Desktop/microros_ws/install/actionlib_msgs/include/actionlib_msgs/msg/detail/goal_status__rosidl_typesupport_introspection_c.h
-- Up-to-date: /home/devpc/Desktop/microros_ws/install/actionlib_msgs/include/actionlib_msgs/msg/detail/goal_status_array__rosidl_typesupport_introspection_c.h
-- Up-to-date: /home/devpc/Desktop/microros_ws/install/actionlib_msgs/include/actionlib_msgs/msg/rosidl_typesupport_introspection_c__visibility_control.h
-- Up-to-date: /home/devpc/Desktop/microros_ws/install/actionlib_msgs/lib/libactionlib_msgs__rosidl_typesupport_introspection_c.so
-- Up-to-date: /home/devpc/Desktop/microros_ws/install/actionlib_msgs/lib/libactionlib_msgs__rosidl_typesupport_c.so
-- Up-to-date: /home/devpc/Desktop/microros_ws/install/actionlib_msgs/include/actionlib_msgs
-- Up-to-date: /home/devpc/Desktop/microros_ws/install/actionlib_msgs/include/actionlib_msgs/msg
-- Up-to-date: /home/devpc/Desktop/microros_ws/install/actionlib_msgs/include/actionlib_msgs/msg/goal_id.hpp
-- Up-to-date: /home/devpc/Desktop/microros_ws/install/actionlib_msgs/include/actionlib_msgs/msg/detail
-- Up-to-date: /home/devpc/Desktop/microros_ws/install/actionlib_msgs/include/actionlib_msgs/msg/detail/goal_status__builder.hpp
-- Up-to-date: /home/devpc/Desktop/microros_ws/install/actionlib_msgs/include/actionlib_msgs/msg/detail/goal_status_array__traits.hpp
-- Up-to-date: /home/devpc/Desktop/microros_ws/install/actionlib_msgs/include/actionlib_msgs/msg/detail/goal_status__traits.hpp
-- Up-to-date: /home/devpc/Desktop/microros_ws/install/actionlib_msgs/include/actionlib_msgs/msg/detail/goal_status__struct.hpp
-- Up-to-date: /home/devpc/Desktop/microros_ws/install/actionlib_msgs/include/actionlib_msgs/msg/detail/goal_id__builder.hpp
-- Up-to-date: /home/devpc/Desktop/microros_ws/install/actionlib_msgs/include/actionlib_msgs/msg/detail/goal_status_array__struct.hpp
-- Up-to-date: /home/devpc/Desktop/microros_ws/install/actionlib_msgs/include/actionlib_msgs/msg/detail/goal_status_array__builder.hpp
-- Up-to-date: /home/devpc/Desktop/microros_ws/install/actionlib_msgs/include/actionlib_msgs/msg/detail/goal_id__traits.hpp
-- Up-to-date: /home/devpc/Desktop/microros_ws/install/actionlib_msgs/include/actionlib_msgs/msg/detail/goal_id__struct.hpp
-- Up-to-date: /home/devpc/Desktop/microros_ws/install/actionlib_msgs/include/actionlib_msgs/msg/goal_status.hpp
-- Up-to-date: /home/devpc/Desktop/microros_ws/install/actionlib_msgs/include/actionlib_msgs/msg/goal_status_array.hpp
-- Up-to-date: /home/devpc/Desktop/microros_ws/install/actionlib_msgs/include/actionlib_msgs
-- Up-to-date: /home/devpc/Desktop/microros_ws/install/actionlib_msgs/include/actionlib_msgs/msg
-- Up-to-date: /home/devpc/Desktop/microros_ws/install/actionlib_msgs/include/actionlib_msgs/msg/detail
-- Up-to-date: /home/devpc/Desktop/microros_ws/install/actionlib_msgs/include/actionlib_msgs/msg/detail/goal_status_array__rosidl_typesupport_microxrcedds_cpp.hpp
-- Up-to-date: /home/devpc/Desktop/microros_ws/install/actionlib_msgs/include/actionlib_msgs/msg/detail/goal_status__rosidl_typesupport_microxrcedds_cpp.hpp
-- Up-to-date: /home/devpc/Desktop/microros_ws/install/actionlib_msgs/include/actionlib_msgs/msg/detail/microxrcedds
-- Up-to-date: /home/devpc/Desktop/microros_ws/install/actionlib_msgs/include/actionlib_msgs/msg/detail/microxrcedds/goal_status_array__type_support_cpp.cpp
-- Up-to-date: /home/devpc/Desktop/microros_ws/install/actionlib_msgs/include/actionlib_msgs/msg/detail/microxrcedds/goal_status__type_support_cpp.cpp
-- Up-to-date: /home/devpc/Desktop/microros_ws/install/actionlib_msgs/include/actionlib_msgs/msg/detail/microxrcedds/goal_id__type_support_cpp.cpp
-- Up-to-date: /home/devpc/Desktop/microros_ws/install/actionlib_msgs/include/actionlib_msgs/msg/detail/goal_id__rosidl_typesupport_microxrcedds_cpp.hpp
-- Up-to-date: /home/devpc/Desktop/microros_ws/install/actionlib_msgs/include/actionlib_msgs/msg/rosidl_typesupport_microxrcedds_cpp__visibility_control.h
-- Up-to-date: /home/devpc/Desktop/microros_ws/install/actionlib_msgs/lib/libactionlib_msgs__rosidl_typesupport_microxrcedds_cpp.so
-- Up-to-date: /home/devpc/Desktop/microros_ws/install/actionlib_msgs/include/actionlib_msgs
-- Up-to-date: /home/devpc/Desktop/microros_ws/install/actionlib_msgs/include/actionlib_msgs/msg
-- Up-to-date: /home/devpc/Desktop/microros_ws/install/actionlib_msgs/include/actionlib_msgs/msg/detail
-- Up-to-date: /home/devpc/Desktop/microros_ws/install/actionlib_msgs/include/actionlib_msgs/msg/detail/goal_status__type_support.cpp
-- Up-to-date: /home/devpc/Desktop/microros_ws/install/actionlib_msgs/include/actionlib_msgs/msg/detail/goal_id__rosidl_typesupport_introspection_cpp.hpp
-- Up-to-date: /home/devpc/Desktop/microros_ws/install/actionlib_msgs/include/actionlib_msgs/msg/detail/goal_status__rosidl_typesupport_introspection_cpp.hpp
-- Up-to-date: /home/devpc/Desktop/microros_ws/install/actionlib_msgs/include/actionlib_msgs/msg/detail/goal_id__type_support.cpp
-- Up-to-date: /home/devpc/Desktop/microros_ws/install/actionlib_msgs/include/actionlib_msgs/msg/detail/goal_status_array__type_support.cpp
-- Up-to-date: /home/devpc/Desktop/microros_ws/install/actionlib_msgs/include/actionlib_msgs/msg/detail/goal_status_array__rosidl_typesupport_introspection_cpp.hpp
-- Up-to-date: /home/devpc/Desktop/microros_ws/install/actionlib_msgs/lib/libactionlib_msgs__rosidl_typesupport_introspection_cpp.so
-- Up-to-date: /home/devpc/Desktop/microros_ws/install/actionlib_msgs/lib/libactionlib_msgs__rosidl_typesupport_cpp.so
-- Up-to-date: /home/devpc/Desktop/microros_ws/install/actionlib_msgs/share/actionlib_msgs/environment/pythonpath.sh
-- Up-to-date: /home/devpc/Desktop/microros_ws/install/actionlib_msgs/share/actionlib_msgs/environment/pythonpath.dsv
-- Up-to-date: /home/devpc/Desktop/microros_ws/install/actionlib_msgs/lib/python3.8/site-packages/actionlib_msgs/__init__.py
-- Up-to-date: /home/devpc/Desktop/microros_ws/install/actionlib_msgs/lib/python3.8/site-packages/actionlib_msgs/msg
-- Up-to-date: /home/devpc/Desktop/microros_ws/install/actionlib_msgs/lib/python3.8/site-packages/actionlib_msgs/msg/_goal_status.py
-- Up-to-date: /home/devpc/Desktop/microros_ws/install/actionlib_msgs/lib/python3.8/site-packages/actionlib_msgs/msg/_goal_status_s.c
-- Up-to-date: /home/devpc/Desktop/microros_ws/install/actionlib_msgs/lib/python3.8/site-packages/actionlib_msgs/msg/__init__.py
-- Up-to-date: /home/devpc/Desktop/microros_ws/install/actionlib_msgs/lib/python3.8/site-packages/actionlib_msgs/msg/_goal_id_s.c
-- Up-to-date: /home/devpc/Desktop/microros_ws/install/actionlib_msgs/lib/python3.8/site-packages/actionlib_msgs/msg/_goal_status_array_s.c
-- Up-to-date: /home/devpc/Desktop/microros_ws/install/actionlib_msgs/lib/python3.8/site-packages/actionlib_msgs/msg/_goal_id.py
-- Up-to-date: /home/devpc/Desktop/microros_ws/install/actionlib_msgs/lib/python3.8/site-packages/actionlib_msgs/msg/_goal_status_array.py
-- Up-to-date: /home/devpc/Desktop/microros_ws/install/actionlib_msgs/lib/python3.8/site-packages/actionlib_msgs/actionlib_msgs_s__rosidl_typesupport_microxrcedds_c.cpython-38-x86_64-linux-gnu.so
-- Up-to-date: /home/devpc/Desktop/microros_ws/install/actionlib_msgs/lib/python3.8/site-packages/actionlib_msgs/actionlib_msgs_s__rosidl_typesupport_fastrtps_c.cpython-38-x86_64-linux-gnu.so
-- Up-to-date: /home/devpc/Desktop/microros_ws/install/actionlib_msgs/lib/python3.8/site-packages/actionlib_msgs/actionlib_msgs_s__rosidl_typesupport_introspection_c.cpython-38-x86_64-linux-gnu.so
-- Up-to-date: /home/devpc/Desktop/microros_ws/install/actionlib_msgs/lib/python3.8/site-packages/actionlib_msgs/actionlib_msgs_s__rosidl_typesupport_c.cpython-38-x86_64-linux-gnu.so
-- Up-to-date: /home/devpc/Desktop/microros_ws/install/actionlib_msgs/lib/libactionlib_msgs__python.so
-- Up-to-date: /home/devpc/Desktop/microros_ws/install/actionlib_msgs/share/actionlib_msgs/msg/GoalID.idl
-- Up-to-date: /home/devpc/Desktop/microros_ws/install/actionlib_msgs/share/actionlib_msgs/msg/GoalStatus.idl
-- Up-to-date: /home/devpc/Desktop/microros_ws/install/actionlib_msgs/share/actionlib_msgs/msg/GoalStatusArray.idl
-- Up-to-date: /home/devpc/Desktop/microros_ws/install/actionlib_msgs/share/actionlib_msgs/msg/GoalID.msg
-- Up-to-date: /home/devpc/Desktop/microros_ws/install/actionlib_msgs/share/actionlib_msgs/msg/GoalStatus.msg
-- Up-to-date: /home/devpc/Desktop/microros_ws/install/actionlib_msgs/share/actionlib_msgs/msg/GoalStatusArray.msg
-- Up-to-date: /home/devpc/Desktop/microros_ws/install/actionlib_msgs/share/ament_index/resource_index/package_run_dependencies/actionlib_msgs
-- Up-to-date: /home/devpc/Desktop/microros_ws/install/actionlib_msgs/share/ament_index/resource_index/parent_prefix_path/actionlib_msgs
-- Up-to-date: /home/devpc/Desktop/microros_ws/install/actionlib_msgs/share/actionlib_msgs/environment/ament_prefix_path.sh
-- Up-to-date: /home/devpc/Desktop/microros_ws/install/actionlib_msgs/share/actionlib_msgs/environment/ament_prefix_path.dsv
-- Up-to-date: /home/devpc/Desktop/microros_ws/install/actionlib_msgs/share/actionlib_msgs/environment/path.sh
-- Up-to-date: /home/devpc/Desktop/microros_ws/install/actionlib_msgs/share/actionlib_msgs/environment/path.dsv
-- Up-to-date: /home/devpc/Desktop/microros_ws/install/actionlib_msgs/share/actionlib_msgs/local_setup.bash
-- Up-to-date: /home/devpc/Desktop/microros_ws/install/actionlib_msgs/share/actionlib_msgs/local_setup.sh
-- Up-to-date: /home/devpc/Desktop/microros_ws/install/actionlib_msgs/share/actionlib_msgs/local_setup.zsh
-- Up-to-date: /home/devpc/Desktop/microros_ws/install/actionlib_msgs/share/actionlib_msgs/local_setup.dsv
-- Installing: /home/devpc/Desktop/microros_ws/install/actionlib_msgs/share/actionlib_msgs/package.dsv
-- Up-to-date: /home/devpc/Desktop/microros_ws/install/actionlib_msgs/share/ament_index/resource_index/packages/actionlib_msgs
-- Up-to-date: /home/devpc/Desktop/microros_ws/install/actionlib_msgs/share/actionlib_msgs/cmake/actionlib_msgs__rosidl_generator_cExport.cmake
-- Up-to-date: /home/devpc/Desktop/microros_ws/install/actionlib_msgs/share/actionlib_msgs/cmake/actionlib_msgs__rosidl_generator_cExport-noconfig.cmake
-- Up-to-date: /home/devpc/Desktop/microros_ws/install/actionlib_msgs/share/actionlib_msgs/cmake/actionlib_msgs__rosidl_typesupport_introspection_cExport.cmake
-- Up-to-date: /home/devpc/Desktop/microros_ws/install/actionlib_msgs/share/actionlib_msgs/cmake/actionlib_msgs__rosidl_typesupport_introspection_cExport-noconfig.cmake
-- Up-to-date: /home/devpc/Desktop/microros_ws/install/actionlib_msgs/share/actionlib_msgs/cmake/actionlib_msgs__rosidl_typesupport_cExport.cmake
-- Up-to-date: /home/devpc/Desktop/microros_ws/install/actionlib_msgs/share/actionlib_msgs/cmake/actionlib_msgs__rosidl_typesupport_cExport-noconfig.cmake
-- Up-to-date: /home/devpc/Desktop/microros_ws/install/actionlib_msgs/share/actionlib_msgs/cmake/actionlib_msgs__rosidl_generator_cppExport.cmake
-- Up-to-date: /home/devpc/Desktop/microros_ws/install/actionlib_msgs/share/actionlib_msgs/cmake/actionlib_msgs__rosidl_typesupport_introspection_cppExport.cmake
-- Up-to-date: /home/devpc/Desktop/microros_ws/install/actionlib_msgs/share/actionlib_msgs/cmake/actionlib_msgs__rosidl_typesupport_introspection_cppExport-noconfig.cmake
-- Up-to-date: /home/devpc/Desktop/microros_ws/install/actionlib_msgs/share/actionlib_msgs/cmake/actionlib_msgs__rosidl_typesupport_cppExport.cmake
-- Up-to-date: /home/devpc/Desktop/microros_ws/install/actionlib_msgs/share/actionlib_msgs/cmake/actionlib_msgs__rosidl_typesupport_cppExport-noconfig.cmake
-- Up-to-date: /home/devpc/Desktop/microros_ws/install/actionlib_msgs/share/actionlib_msgs/cmake/rosidl_cmake-extras.cmake
-- Up-to-date: /home/devpc/Desktop/microros_ws/install/actionlib_msgs/share/actionlib_msgs/cmake/ament_cmake_export_dependencies-extras.cmake
-- Up-to-date: /home/devpc/Desktop/microros_ws/install/actionlib_msgs/share/actionlib_msgs/cmake/ament_cmake_export_libraries-extras.cmake
-- Up-to-date: /home/devpc/Desktop/microros_ws/install/actionlib_msgs/share/actionlib_msgs/cmake/ament_cmake_export_targets-extras.cmake
-- Up-to-date: /home/devpc/Desktop/microros_ws/install/actionlib_msgs/share/actionlib_msgs/cmake/ament_cmake_export_include_directories-extras.cmake
-- Up-to-date: /home/devpc/Desktop/microros_ws/install/actionlib_msgs/share/actionlib_msgs/cmake/rosidl_cmake_export_typesupport_libraries-extras.cmake
-- Up-to-date: /home/devpc/Desktop/microros_ws/install/actionlib_msgs/share/actionlib_msgs/cmake/rosidl_cmake_export_typesupport_targets-extras.cmake
-- Up-to-date: /home/devpc/Desktop/microros_ws/install/actionlib_msgs/share/actionlib_msgs/cmake/actionlib_msgsConfig.cmake
-- Up-to-date: /home/devpc/Desktop/microros_ws/install/actionlib_msgs/share/actionlib_msgs/cmake/actionlib_msgsConfig-version.cmake
-- Up-to-date: /home/devpc/Desktop/microros_ws/install/actionlib_msgs/share/actionlib_msgs/package.xml
