[0.034s] Invoking command in '/home/devpc/Desktop/microros_ws/build/actionlib_msgs': CMAKE_PREFIX_PATH=/home/devpc/Desktop/microros_ws/install/std_msgs:/home/devpc/Desktop/microros_ws/install/builtin_interfaces:/home/devpc/Desktop/microros_ws/install/common_interfaces:/home/devpc/Desktop/microros_ws/install/visualization_msgs:/home/devpc/Desktop/microros_ws/install/test_msgs:/home/devpc/Desktop/microros_ws/install/micro_ros_demos_rclc:/home/devpc/Desktop/microros_ws/install/example_interfaces:/home/devpc/Desktop/microros_ws/install/action_msgs:/home/devpc/Desktop/microros_ws/install/unique_identifier_msgs:/home/devpc/Desktop/microros_ws/install/trajectory_msgs:/home/devpc/Desktop/microros_ws/install/stereo_msgs:/home/devpc/Desktop/microros_ws/install/std_srvs:/home/devpc/Desktop/microros_ws/install/shape_msgs:/home/devpc/Desktop/microros_ws/install/sensor_msgs:/home/devpc/Desktop/microros_ws/install/nav_msgs:/home/devpc/Desktop/microros_ws/install/diagnostic_msgs:/home/devpc/Desktop/microros_ws/install/geometry_msgs:/home/devpc/Desktop/microros_ws/install/drive_base_msgs:/home/devpc/Desktop/microros_ws/install/actionlib_msgs:/home/devpc/Desktop/microros_ws/install/statistics_msgs:/home/devpc/Desktop/microros_ws/install/rosidl_typesupport_microxrcedds_test_msg:/home/devpc/Desktop/microros_ws/install/rosidl_typesupport_microxrcedds_cpp_tests:/home/devpc/Desktop/microros_ws/install/rmw_microxrcedds:/home/devpc/Desktop/microros_ws/install/rosidl_typesupport_microxrcedds_cpp:/home/devpc/Desktop/microros_ws/install/rosidl_typesupport_microxrcedds_c_tests:/home/devpc/Desktop/microros_ws/install/rosidl_typesupport_microxrcedds_c:/home/devpc/Desktop/microros_ws/install/rosgraph_msgs:/home/devpc/Desktop/microros_ws/install/rclc:/home/devpc/Desktop/microros_ws/install/composition_interfaces:/home/devpc/Desktop/microros_ws/install/rcl_interfaces:/home/devpc/Desktop/microros_ws/install/microxrcedds_client:/home/devpc/Desktop/microros_ws/install/microcdr:/home/devpc/Desktop/microros_ws/install/micro_ros_demos_rclcpp:/home/devpc/Desktop/microros_ws/install/lifecycle_msgs:/home/devpc/Desktop/microros_ws/install/complex_msgs:/home/devpc/Desktop/microros_ws/install/micro_ros_agent:/home/devpc/Desktop/microros_ws/install/microxrcedds_agent:/home/devpc/Desktop/microros_ws/install/micro_ros_setup:/home/devpc/Desktop/microros_ws/install/micro_ros_msgs:/home/devpc/Desktop/quad_ws/install/quad_interfaces:/home/devpc/Desktop/microros_ws/install/sensor_msgs_py:/home/devpc/Desktop/quad_ws/install/quad:/opt/ros/foxy LD_LIBRARY_PATH=/home/devpc/Desktop/microros_ws/install/std_msgs/lib:/home/devpc/Desktop/microros_ws/install/builtin_interfaces/lib:/home/devpc/Desktop/microros_ws/install/visualization_msgs/lib:/home/devpc/Desktop/microros_ws/install/test_msgs/lib:/home/devpc/Desktop/microros_ws/install/example_interfaces/lib:/home/devpc/Desktop/microros_ws/install/action_msgs/lib:/home/devpc/Desktop/microros_ws/install/unique_identifier_msgs/lib:/home/devpc/Desktop/microros_ws/install/trajectory_msgs/lib:/home/devpc/Desktop/microros_ws/install/stereo_msgs/lib:/home/devpc/Desktop/microros_ws/install/std_srvs/lib:/home/devpc/Desktop/microros_ws/install/shape_msgs/lib:/home/devpc/Desktop/microros_ws/install/sensor_msgs/lib:/home/devpc/Desktop/microros_ws/install/nav_msgs/lib:/home/devpc/Desktop/microros_ws/install/diagnostic_msgs/lib:/home/devpc/Desktop/microros_ws/install/geometry_msgs/lib:/home/devpc/Desktop/microros_ws/install/drive_base_msgs/lib:/home/devpc/Desktop/microros_ws/install/actionlib_msgs/lib:/home/devpc/Desktop/microros_ws/install/statistics_msgs/lib:/home/devpc/Desktop/microros_ws/install/rosidl_typesupport_microxrcedds_test_msg/lib:/home/devpc/Desktop/microros_ws/install/rmw_microxrcedds/lib:/home/devpc/Desktop/microros_ws/install/rosidl_typesupport_microxrcedds_cpp/lib:/home/devpc/Desktop/microros_ws/install/rosidl_typesupport_microxrcedds_c/lib:/home/devpc/Desktop/microros_ws/install/rosgraph_msgs/lib:/home/devpc/Desktop/microros_ws/install/rclc/lib:/home/devpc/Desktop/microros_ws/install/composition_interfaces/lib:/home/devpc/Desktop/microros_ws/install/rcl_interfaces/lib:/home/devpc/Desktop/microros_ws/install/microxrcedds_client/lib:/home/devpc/Desktop/microros_ws/install/microcdr/lib:/home/devpc/Desktop/microros_ws/install/lifecycle_msgs/lib:/home/devpc/Desktop/microros_ws/install/complex_msgs/lib:/home/devpc/Desktop/microros_ws/install/microxrcedds_agent/lib:/home/devpc/Desktop/microros_ws/install/micro_ros_msgs/lib:/home/devpc/Desktop/quad_ws/install/quad_interfaces/lib:/opt/ros/foxy/opt/yaml_cpp_vendor/lib:/opt/ros/foxy/opt/rviz_ogre_vendor/lib:/opt/ros/foxy/lib/x86_64-linux-gnu:/opt/ros/foxy/lib PYTHONPATH=/home/devpc/Desktop/microros_ws/install/std_msgs/lib/python3.8/site-packages:/home/devpc/Desktop/microros_ws/install/builtin_interfaces/lib/python3.8/site-packages:/home/devpc/Desktop/microros_ws/install/visualization_msgs/lib/python3.8/site-packages:/home/devpc/Desktop/microros_ws/install/test_msgs/lib/python3.8/site-packages:/home/devpc/Desktop/microros_ws/install/example_interfaces/lib/python3.8/site-packages:/home/devpc/Desktop/microros_ws/install/action_msgs/lib/python3.8/site-packages:/home/devpc/Desktop/microros_ws/install/unique_identifier_msgs/lib/python3.8/site-packages:/home/devpc/Desktop/microros_ws/install/trajectory_msgs/lib/python3.8/site-packages:/home/devpc/Desktop/microros_ws/install/stereo_msgs/lib/python3.8/site-packages:/home/devpc/Desktop/microros_ws/install/std_srvs/lib/python3.8/site-packages:/home/devpc/Desktop/microros_ws/install/shape_msgs/lib/python3.8/site-packages:/home/devpc/Desktop/microros_ws/install/sensor_msgs_py/lib/python3.8/site-packages:/home/devpc/Desktop/microros_ws/install/sensor_msgs/lib/python3.8/site-packages:/home/devpc/Desktop/microros_ws/install/nav_msgs/lib/python3.8/site-packages:/home/devpc/Desktop/microros_ws/install/diagnostic_msgs/lib/python3.8/site-packages:/home/devpc/Desktop/microros_ws/install/geometry_msgs/lib/python3.8/site-packages:/home/devpc/Desktop/microros_ws/install/drive_base_msgs/lib/python3.8/site-packages:/home/devpc/Desktop/microros_ws/install/actionlib_msgs/lib/python3.8/site-packages:/home/devpc/Desktop/microros_ws/install/statistics_msgs/lib/python3.8/site-packages:/home/devpc/Desktop/microros_ws/install/rosidl_typesupport_microxrcedds_test_msg/lib/python3.8/site-packages:/home/devpc/Desktop/microros_ws/install/rosidl_typesupport_microxrcedds_cpp/lib/python3.8/site-packages:/home/devpc/Desktop/microros_ws/install/rosidl_typesupport_microxrcedds_c/lib/python3.8/site-packages:/home/devpc/Desktop/microros_ws/install/rosgraph_msgs/lib/python3.8/site-packages:/home/devpc/Desktop/microros_ws/install/composition_interfaces/lib/python3.8/site-packages:/home/devpc/Desktop/microros_ws/install/rcl_interfaces/lib/python3.8/site-packages:/home/devpc/Desktop/microros_ws/install/lifecycle_msgs/lib/python3.8/site-packages:/home/devpc/Desktop/microros_ws/install/complex_msgs/lib/python3.8/site-packages:/home/devpc/Desktop/microros_ws/install/micro_ros_msgs/lib/python3.8/site-packages:/home/devpc/Desktop/quad_ws/install/quad_interfaces/lib/python3.8/site-packages:/home/devpc/Desktop/quad_ws/install/quad/lib/python3.8/site-packages:/opt/ros/foxy/lib/python3.8/site-packages /usr/bin/cmake --build /home/devpc/Desktop/microros_ws/build/actionlib_msgs -- -j8 -l8
[0.116s] [  1%] Built target actionlib_msgs__cpp
[0.126s] [ 10%] Built target actionlib_msgs__rosidl_generator_c
[0.190s] [ 18%] Built target actionlib_msgs__rosidl_typesupport_cpp
[0.213s] [ 27%] Built target actionlib_msgs__rosidl_typesupport_microxrcedds_cpp
[0.218s] [ 35%] Built target actionlib_msgs__rosidl_typesupport_c
[0.223s] [ 44%] Built target actionlib_msgs__rosidl_typesupport_introspection_cpp
[0.227s] [ 52%] Built target actionlib_msgs__rosidl_typesupport_fastrtps_cpp
[0.231s] [ 61%] Built target actionlib_msgs__rosidl_typesupport_microxrcedds_c
[0.246s] [ 69%] Built target actionlib_msgs__rosidl_typesupport_introspection_c
[0.280s] [ 77%] Built target actionlib_msgs__rosidl_typesupport_fastrtps_c
[0.315s] [ 77%] Built target actionlib_msgs
[0.355s] [ 79%] Built target actionlib_msgs__py
[0.392s] [ 86%] Built target actionlib_msgs__python
[0.437s] [ 89%] Built target actionlib_msgs__rosidl_typesupport_fastrtps_c__pyext
[0.439s] [ 93%] Built target actionlib_msgs__rosidl_typesupport_introspection_c__pyext
[0.447s] [ 96%] Built target actionlib_msgs__rosidl_typesupport_c__pyext
[0.464s] [100%] Built target actionlib_msgs__rosidl_typesupport_microxrcedds_c__pyext
[0.489s] Invoked command in '/home/devpc/Desktop/microros_ws/build/actionlib_msgs' returned '0': CMAKE_PREFIX_PATH=/home/devpc/Desktop/microros_ws/install/std_msgs:/home/devpc/Desktop/microros_ws/install/builtin_interfaces:/home/devpc/Desktop/microros_ws/install/common_interfaces:/home/devpc/Desktop/microros_ws/install/visualization_msgs:/home/devpc/Desktop/microros_ws/install/test_msgs:/home/devpc/Desktop/microros_ws/install/micro_ros_demos_rclc:/home/devpc/Desktop/microros_ws/install/example_interfaces:/home/devpc/Desktop/microros_ws/install/action_msgs:/home/devpc/Desktop/microros_ws/install/unique_identifier_msgs:/home/devpc/Desktop/microros_ws/install/trajectory_msgs:/home/devpc/Desktop/microros_ws/install/stereo_msgs:/home/devpc/Desktop/microros_ws/install/std_srvs:/home/devpc/Desktop/microros_ws/install/shape_msgs:/home/devpc/Desktop/microros_ws/install/sensor_msgs:/home/devpc/Desktop/microros_ws/install/nav_msgs:/home/devpc/Desktop/microros_ws/install/diagnostic_msgs:/home/devpc/Desktop/microros_ws/install/geometry_msgs:/home/devpc/Desktop/microros_ws/install/drive_base_msgs:/home/devpc/Desktop/microros_ws/install/actionlib_msgs:/home/devpc/Desktop/microros_ws/install/statistics_msgs:/home/devpc/Desktop/microros_ws/install/rosidl_typesupport_microxrcedds_test_msg:/home/devpc/Desktop/microros_ws/install/rosidl_typesupport_microxrcedds_cpp_tests:/home/devpc/Desktop/microros_ws/install/rmw_microxrcedds:/home/devpc/Desktop/microros_ws/install/rosidl_typesupport_microxrcedds_cpp:/home/devpc/Desktop/microros_ws/install/rosidl_typesupport_microxrcedds_c_tests:/home/devpc/Desktop/microros_ws/install/rosidl_typesupport_microxrcedds_c:/home/devpc/Desktop/microros_ws/install/rosgraph_msgs:/home/devpc/Desktop/microros_ws/install/rclc:/home/devpc/Desktop/microros_ws/install/composition_interfaces:/home/devpc/Desktop/microros_ws/install/rcl_interfaces:/home/devpc/Desktop/microros_ws/install/microxrcedds_client:/home/devpc/Desktop/microros_ws/install/microcdr:/home/devpc/Desktop/microros_ws/install/micro_ros_demos_rclcpp:/home/devpc/Desktop/microros_ws/install/lifecycle_msgs:/home/devpc/Desktop/microros_ws/install/complex_msgs:/home/devpc/Desktop/microros_ws/install/micro_ros_agent:/home/devpc/Desktop/microros_ws/install/microxrcedds_agent:/home/devpc/Desktop/microros_ws/install/micro_ros_setup:/home/devpc/Desktop/microros_ws/install/micro_ros_msgs:/home/devpc/Desktop/quad_ws/install/quad_interfaces:/home/devpc/Desktop/microros_ws/install/sensor_msgs_py:/home/devpc/Desktop/quad_ws/install/quad:/opt/ros/foxy LD_LIBRARY_PATH=/home/devpc/Desktop/microros_ws/install/std_msgs/lib:/home/devpc/Desktop/microros_ws/install/builtin_interfaces/lib:/home/devpc/Desktop/microros_ws/install/visualization_msgs/lib:/home/devpc/Desktop/microros_ws/install/test_msgs/lib:/home/devpc/Desktop/microros_ws/install/example_interfaces/lib:/home/devpc/Desktop/microros_ws/install/action_msgs/lib:/home/devpc/Desktop/microros_ws/install/unique_identifier_msgs/lib:/home/devpc/Desktop/microros_ws/install/trajectory_msgs/lib:/home/devpc/Desktop/microros_ws/install/stereo_msgs/lib:/home/devpc/Desktop/microros_ws/install/std_srvs/lib:/home/devpc/Desktop/microros_ws/install/shape_msgs/lib:/home/devpc/Desktop/microros_ws/install/sensor_msgs/lib:/home/devpc/Desktop/microros_ws/install/nav_msgs/lib:/home/devpc/Desktop/microros_ws/install/diagnostic_msgs/lib:/home/devpc/Desktop/microros_ws/install/geometry_msgs/lib:/home/devpc/Desktop/microros_ws/install/drive_base_msgs/lib:/home/devpc/Desktop/microros_ws/install/actionlib_msgs/lib:/home/devpc/Desktop/microros_ws/install/statistics_msgs/lib:/home/devpc/Desktop/microros_ws/install/rosidl_typesupport_microxrcedds_test_msg/lib:/home/devpc/Desktop/microros_ws/install/rmw_microxrcedds/lib:/home/devpc/Desktop/microros_ws/install/rosidl_typesupport_microxrcedds_cpp/lib:/home/devpc/Desktop/microros_ws/install/rosidl_typesupport_microxrcedds_c/lib:/home/devpc/Desktop/microros_ws/install/rosgraph_msgs/lib:/home/devpc/Desktop/microros_ws/install/rclc/lib:/home/devpc/Desktop/microros_ws/install/composition_interfaces/lib:/home/devpc/Desktop/microros_ws/install/rcl_interfaces/lib:/home/devpc/Desktop/microros_ws/install/microxrcedds_client/lib:/home/devpc/Desktop/microros_ws/install/microcdr/lib:/home/devpc/Desktop/microros_ws/install/lifecycle_msgs/lib:/home/devpc/Desktop/microros_ws/install/complex_msgs/lib:/home/devpc/Desktop/microros_ws/install/microxrcedds_agent/lib:/home/devpc/Desktop/microros_ws/install/micro_ros_msgs/lib:/home/devpc/Desktop/quad_ws/install/quad_interfaces/lib:/opt/ros/foxy/opt/yaml_cpp_vendor/lib:/opt/ros/foxy/opt/rviz_ogre_vendor/lib:/opt/ros/foxy/lib/x86_64-linux-gnu:/opt/ros/foxy/lib PYTHONPATH=/home/devpc/Desktop/microros_ws/install/std_msgs/lib/python3.8/site-packages:/home/devpc/Desktop/microros_ws/install/builtin_interfaces/lib/python3.8/site-packages:/home/devpc/Desktop/microros_ws/install/visualization_msgs/lib/python3.8/site-packages:/home/devpc/Desktop/microros_ws/install/test_msgs/lib/python3.8/site-packages:/home/devpc/Desktop/microros_ws/install/example_interfaces/lib/python3.8/site-packages:/home/devpc/Desktop/microros_ws/install/action_msgs/lib/python3.8/site-packages:/home/devpc/Desktop/microros_ws/install/unique_identifier_msgs/lib/python3.8/site-packages:/home/devpc/Desktop/microros_ws/install/trajectory_msgs/lib/python3.8/site-packages:/home/devpc/Desktop/microros_ws/install/stereo_msgs/lib/python3.8/site-packages:/home/devpc/Desktop/microros_ws/install/std_srvs/lib/python3.8/site-packages:/home/devpc/Desktop/microros_ws/install/shape_msgs/lib/python3.8/site-packages:/home/devpc/Desktop/microros_ws/install/sensor_msgs_py/lib/python3.8/site-packages:/home/devpc/Desktop/microros_ws/install/sensor_msgs/lib/python3.8/site-packages:/home/devpc/Desktop/microros_ws/install/nav_msgs/lib/python3.8/site-packages:/home/devpc/Desktop/microros_ws/install/diagnostic_msgs/lib/python3.8/site-packages:/home/devpc/Desktop/microros_ws/install/geometry_msgs/lib/python3.8/site-packages:/home/devpc/Desktop/microros_ws/install/drive_base_msgs/lib/python3.8/site-packages:/home/devpc/Desktop/microros_ws/install/actionlib_msgs/lib/python3.8/site-packages:/home/devpc/Desktop/microros_ws/install/statistics_msgs/lib/python3.8/site-packages:/home/devpc/Desktop/microros_ws/install/rosidl_typesupport_microxrcedds_test_msg/lib/python3.8/site-packages:/home/devpc/Desktop/microros_ws/install/rosidl_typesupport_microxrcedds_cpp/lib/python3.8/site-packages:/home/devpc/Desktop/microros_ws/install/rosidl_typesupport_microxrcedds_c/lib/python3.8/site-packages:/home/devpc/Desktop/microros_ws/install/rosgraph_msgs/lib/python3.8/site-packages:/home/devpc/Desktop/microros_ws/install/composition_interfaces/lib/python3.8/site-packages:/home/devpc/Desktop/microros_ws/install/rcl_interfaces/lib/python3.8/site-packages:/home/devpc/Desktop/microros_ws/install/lifecycle_msgs/lib/python3.8/site-packages:/home/devpc/Desktop/microros_ws/install/complex_msgs/lib/python3.8/site-packages:/home/devpc/Desktop/microros_ws/install/micro_ros_msgs/lib/python3.8/site-packages:/home/devpc/Desktop/quad_ws/install/quad_interfaces/lib/python3.8/site-packages:/home/devpc/Desktop/quad_ws/install/quad/lib/python3.8/site-packages:/opt/ros/foxy/lib/python3.8/site-packages /usr/bin/cmake --build /home/devpc/Desktop/microros_ws/build/actionlib_msgs -- -j8 -l8
[0.684s] Invoking command in '/home/devpc/Desktop/microros_ws/build/actionlib_msgs': CMAKE_PREFIX_PATH=/home/devpc/Desktop/microros_ws/install/std_msgs:/home/devpc/Desktop/microros_ws/install/builtin_interfaces:/home/devpc/Desktop/microros_ws/install/common_interfaces:/home/devpc/Desktop/microros_ws/install/visualization_msgs:/home/devpc/Desktop/microros_ws/install/test_msgs:/home/devpc/Desktop/microros_ws/install/micro_ros_demos_rclc:/home/devpc/Desktop/microros_ws/install/example_interfaces:/home/devpc/Desktop/microros_ws/install/action_msgs:/home/devpc/Desktop/microros_ws/install/unique_identifier_msgs:/home/devpc/Desktop/microros_ws/install/trajectory_msgs:/home/devpc/Desktop/microros_ws/install/stereo_msgs:/home/devpc/Desktop/microros_ws/install/std_srvs:/home/devpc/Desktop/microros_ws/install/shape_msgs:/home/devpc/Desktop/microros_ws/install/sensor_msgs:/home/devpc/Desktop/microros_ws/install/nav_msgs:/home/devpc/Desktop/microros_ws/install/diagnostic_msgs:/home/devpc/Desktop/microros_ws/install/geometry_msgs:/home/devpc/Desktop/microros_ws/install/drive_base_msgs:/home/devpc/Desktop/microros_ws/install/actionlib_msgs:/home/devpc/Desktop/microros_ws/install/statistics_msgs:/home/devpc/Desktop/microros_ws/install/rosidl_typesupport_microxrcedds_test_msg:/home/devpc/Desktop/microros_ws/install/rosidl_typesupport_microxrcedds_cpp_tests:/home/devpc/Desktop/microros_ws/install/rmw_microxrcedds:/home/devpc/Desktop/microros_ws/install/rosidl_typesupport_microxrcedds_cpp:/home/devpc/Desktop/microros_ws/install/rosidl_typesupport_microxrcedds_c_tests:/home/devpc/Desktop/microros_ws/install/rosidl_typesupport_microxrcedds_c:/home/devpc/Desktop/microros_ws/install/rosgraph_msgs:/home/devpc/Desktop/microros_ws/install/rclc:/home/devpc/Desktop/microros_ws/install/composition_interfaces:/home/devpc/Desktop/microros_ws/install/rcl_interfaces:/home/devpc/Desktop/microros_ws/install/microxrcedds_client:/home/devpc/Desktop/microros_ws/install/microcdr:/home/devpc/Desktop/microros_ws/install/micro_ros_demos_rclcpp:/home/devpc/Desktop/microros_ws/install/lifecycle_msgs:/home/devpc/Desktop/microros_ws/install/complex_msgs:/home/devpc/Desktop/microros_ws/install/micro_ros_agent:/home/devpc/Desktop/microros_ws/install/microxrcedds_agent:/home/devpc/Desktop/microros_ws/install/micro_ros_setup:/home/devpc/Desktop/microros_ws/install/micro_ros_msgs:/home/devpc/Desktop/quad_ws/install/quad_interfaces:/home/devpc/Desktop/microros_ws/install/sensor_msgs_py:/home/devpc/Desktop/quad_ws/install/quad:/opt/ros/foxy LD_LIBRARY_PATH=/home/devpc/Desktop/microros_ws/install/std_msgs/lib:/home/devpc/Desktop/microros_ws/install/builtin_interfaces/lib:/home/devpc/Desktop/microros_ws/install/visualization_msgs/lib:/home/devpc/Desktop/microros_ws/install/test_msgs/lib:/home/devpc/Desktop/microros_ws/install/example_interfaces/lib:/home/devpc/Desktop/microros_ws/install/action_msgs/lib:/home/devpc/Desktop/microros_ws/install/unique_identifier_msgs/lib:/home/devpc/Desktop/microros_ws/install/trajectory_msgs/lib:/home/devpc/Desktop/microros_ws/install/stereo_msgs/lib:/home/devpc/Desktop/microros_ws/install/std_srvs/lib:/home/devpc/Desktop/microros_ws/install/shape_msgs/lib:/home/devpc/Desktop/microros_ws/install/sensor_msgs/lib:/home/devpc/Desktop/microros_ws/install/nav_msgs/lib:/home/devpc/Desktop/microros_ws/install/diagnostic_msgs/lib:/home/devpc/Desktop/microros_ws/install/geometry_msgs/lib:/home/devpc/Desktop/microros_ws/install/drive_base_msgs/lib:/home/devpc/Desktop/microros_ws/install/actionlib_msgs/lib:/home/devpc/Desktop/microros_ws/install/statistics_msgs/lib:/home/devpc/Desktop/microros_ws/install/rosidl_typesupport_microxrcedds_test_msg/lib:/home/devpc/Desktop/microros_ws/install/rmw_microxrcedds/lib:/home/devpc/Desktop/microros_ws/install/rosidl_typesupport_microxrcedds_cpp/lib:/home/devpc/Desktop/microros_ws/install/rosidl_typesupport_microxrcedds_c/lib:/home/devpc/Desktop/microros_ws/install/rosgraph_msgs/lib:/home/devpc/Desktop/microros_ws/install/rclc/lib:/home/devpc/Desktop/microros_ws/install/composition_interfaces/lib:/home/devpc/Desktop/microros_ws/install/rcl_interfaces/lib:/home/devpc/Desktop/microros_ws/install/microxrcedds_client/lib:/home/devpc/Desktop/microros_ws/install/microcdr/lib:/home/devpc/Desktop/microros_ws/install/lifecycle_msgs/lib:/home/devpc/Desktop/microros_ws/install/complex_msgs/lib:/home/devpc/Desktop/microros_ws/install/microxrcedds_agent/lib:/home/devpc/Desktop/microros_ws/install/micro_ros_msgs/lib:/home/devpc/Desktop/quad_ws/install/quad_interfaces/lib:/opt/ros/foxy/opt/yaml_cpp_vendor/lib:/opt/ros/foxy/opt/rviz_ogre_vendor/lib:/opt/ros/foxy/lib/x86_64-linux-gnu:/opt/ros/foxy/lib PYTHONPATH=/home/devpc/Desktop/microros_ws/install/std_msgs/lib/python3.8/site-packages:/home/devpc/Desktop/microros_ws/install/builtin_interfaces/lib/python3.8/site-packages:/home/devpc/Desktop/microros_ws/install/visualization_msgs/lib/python3.8/site-packages:/home/devpc/Desktop/microros_ws/install/test_msgs/lib/python3.8/site-packages:/home/devpc/Desktop/microros_ws/install/example_interfaces/lib/python3.8/site-packages:/home/devpc/Desktop/microros_ws/install/action_msgs/lib/python3.8/site-packages:/home/devpc/Desktop/microros_ws/install/unique_identifier_msgs/lib/python3.8/site-packages:/home/devpc/Desktop/microros_ws/install/trajectory_msgs/lib/python3.8/site-packages:/home/devpc/Desktop/microros_ws/install/stereo_msgs/lib/python3.8/site-packages:/home/devpc/Desktop/microros_ws/install/std_srvs/lib/python3.8/site-packages:/home/devpc/Desktop/microros_ws/install/shape_msgs/lib/python3.8/site-packages:/home/devpc/Desktop/microros_ws/install/sensor_msgs_py/lib/python3.8/site-packages:/home/devpc/Desktop/microros_ws/install/sensor_msgs/lib/python3.8/site-packages:/home/devpc/Desktop/microros_ws/install/nav_msgs/lib/python3.8/site-packages:/home/devpc/Desktop/microros_ws/install/diagnostic_msgs/lib/python3.8/site-packages:/home/devpc/Desktop/microros_ws/install/geometry_msgs/lib/python3.8/site-packages:/home/devpc/Desktop/microros_ws/install/drive_base_msgs/lib/python3.8/site-packages:/home/devpc/Desktop/microros_ws/install/actionlib_msgs/lib/python3.8/site-packages:/home/devpc/Desktop/microros_ws/install/statistics_msgs/lib/python3.8/site-packages:/home/devpc/Desktop/microros_ws/install/rosidl_typesupport_microxrcedds_test_msg/lib/python3.8/site-packages:/home/devpc/Desktop/microros_ws/install/rosidl_typesupport_microxrcedds_cpp/lib/python3.8/site-packages:/home/devpc/Desktop/microros_ws/install/rosidl_typesupport_microxrcedds_c/lib/python3.8/site-packages:/home/devpc/Desktop/microros_ws/install/rosgraph_msgs/lib/python3.8/site-packages:/home/devpc/Desktop/microros_ws/install/composition_interfaces/lib/python3.8/site-packages:/home/devpc/Desktop/microros_ws/install/rcl_interfaces/lib/python3.8/site-packages:/home/devpc/Desktop/microros_ws/install/lifecycle_msgs/lib/python3.8/site-packages:/home/devpc/Desktop/microros_ws/install/complex_msgs/lib/python3.8/site-packages:/home/devpc/Desktop/microros_ws/install/micro_ros_msgs/lib/python3.8/site-packages:/home/devpc/Desktop/quad_ws/install/quad_interfaces/lib/python3.8/site-packages:/home/devpc/Desktop/quad_ws/install/quad/lib/python3.8/site-packages:/opt/ros/foxy/lib/python3.8/site-packages /usr/bin/cmake --install /home/devpc/Desktop/microros_ws/build/actionlib_msgs
[0.696s] -- Install configuration: ""
[0.697s] -- Up-to-date: /home/devpc/Desktop/microros_ws/install/actionlib_msgs/share/ament_index/resource_index/rosidl_interfaces/actionlib_msgs
[0.697s] -- Up-to-date: /home/devpc/Desktop/microros_ws/install/actionlib_msgs/include/actionlib_msgs
[0.697s] -- Up-to-date: /home/devpc/Desktop/microros_ws/install/actionlib_msgs/include/actionlib_msgs/msg
[0.698s] -- Up-to-date: /home/devpc/Desktop/microros_ws/install/actionlib_msgs/include/actionlib_msgs/msg/detail
[0.698s] -- Up-to-date: /home/devpc/Desktop/microros_ws/install/actionlib_msgs/include/actionlib_msgs/msg/detail/goal_status__functions.h
[0.698s] -- Up-to-date: /home/devpc/Desktop/microros_ws/install/actionlib_msgs/include/actionlib_msgs/msg/detail/goal_status_array__type_support.h
[0.698s] -- Up-to-date: /home/devpc/Desktop/microros_ws/install/actionlib_msgs/include/actionlib_msgs/msg/detail/goal_status_array__struct.h
[0.698s] -- Up-to-date: /home/devpc/Desktop/microros_ws/install/actionlib_msgs/include/actionlib_msgs/msg/detail/goal_id__functions.c
[0.699s] -- Up-to-date: /home/devpc/Desktop/microros_ws/install/actionlib_msgs/include/actionlib_msgs/msg/detail/goal_status__type_support.h
[0.699s] -- Up-to-date: /home/devpc/Desktop/microros_ws/install/actionlib_msgs/include/actionlib_msgs/msg/detail/goal_status_array__functions.c
[0.699s] -- Up-to-date: /home/devpc/Desktop/microros_ws/install/actionlib_msgs/include/actionlib_msgs/msg/detail/goal_id__type_support.h
[0.699s] -- Up-to-date: /home/devpc/Desktop/microros_ws/install/actionlib_msgs/include/actionlib_msgs/msg/detail/goal_status__functions.c
[0.699s] -- Up-to-date: /home/devpc/Desktop/microros_ws/install/actionlib_msgs/include/actionlib_msgs/msg/detail/goal_status__struct.h
[0.700s] -- Up-to-date: /home/devpc/Desktop/microros_ws/install/actionlib_msgs/include/actionlib_msgs/msg/detail/goal_status_array__functions.h
[0.700s] -- Up-to-date: /home/devpc/Desktop/microros_ws/install/actionlib_msgs/include/actionlib_msgs/msg/detail/goal_id__functions.h
[0.700s] -- Up-to-date: /home/devpc/Desktop/microros_ws/install/actionlib_msgs/include/actionlib_msgs/msg/detail/goal_id__struct.h
[0.700s] -- Up-to-date: /home/devpc/Desktop/microros_ws/install/actionlib_msgs/include/actionlib_msgs/msg/goal_status.h
[0.701s] -- Up-to-date: /home/devpc/Desktop/microros_ws/install/actionlib_msgs/include/actionlib_msgs/msg/goal_id.h
[0.701s] -- Up-to-date: /home/devpc/Desktop/microros_ws/install/actionlib_msgs/include/actionlib_msgs/msg/goal_status_array.h
[0.701s] -- Up-to-date: /home/devpc/Desktop/microros_ws/install/actionlib_msgs/include/actionlib_msgs/msg/rosidl_generator_c__visibility_control.h
[0.701s] -- Up-to-date: /home/devpc/Desktop/microros_ws/install/actionlib_msgs/share/actionlib_msgs/environment/library_path.sh
[0.702s] -- Up-to-date: /home/devpc/Desktop/microros_ws/install/actionlib_msgs/share/actionlib_msgs/environment/library_path.dsv
[0.702s] -- Up-to-date: /home/devpc/Desktop/microros_ws/install/actionlib_msgs/lib/libactionlib_msgs__rosidl_generator_c.so
[0.702s] -- Up-to-date: /home/devpc/Desktop/microros_ws/install/actionlib_msgs/include/actionlib_msgs
[0.702s] -- Up-to-date: /home/devpc/Desktop/microros_ws/install/actionlib_msgs/include/actionlib_msgs/msg
[0.702s] -- Up-to-date: /home/devpc/Desktop/microros_ws/install/actionlib_msgs/include/actionlib_msgs/msg/detail
[0.703s] -- Up-to-date: /home/devpc/Desktop/microros_ws/install/actionlib_msgs/include/actionlib_msgs/msg/detail/goal_status_array__rosidl_typesupport_microxrcedds_c.h
[0.703s] -- Up-to-date: /home/devpc/Desktop/microros_ws/install/actionlib_msgs/include/actionlib_msgs/msg/detail/goal_status__rosidl_typesupport_microxrcedds_c.h
[0.703s] -- Up-to-date: /home/devpc/Desktop/microros_ws/install/actionlib_msgs/include/actionlib_msgs/msg/detail/goal_id__rosidl_typesupport_microxrcedds_c.h
[0.703s] -- Up-to-date: /home/devpc/Desktop/microros_ws/install/actionlib_msgs/include/actionlib_msgs/msg/detail/microxrcedds
[0.703s] -- Up-to-date: /home/devpc/Desktop/microros_ws/install/actionlib_msgs/include/actionlib_msgs/msg/rosidl_typesupport_microxrcedds_c__visibility_control.h
[0.703s] -- Up-to-date: /home/devpc/Desktop/microros_ws/install/actionlib_msgs/lib/libactionlib_msgs__rosidl_typesupport_microxrcedds_c.so
[0.704s] -- Up-to-date: /home/devpc/Desktop/microros_ws/install/actionlib_msgs/include/actionlib_msgs
[0.704s] -- Up-to-date: /home/devpc/Desktop/microros_ws/install/actionlib_msgs/include/actionlib_msgs/msg
[0.704s] -- Up-to-date: /home/devpc/Desktop/microros_ws/install/actionlib_msgs/include/actionlib_msgs/msg/detail
[0.704s] -- Up-to-date: /home/devpc/Desktop/microros_ws/install/actionlib_msgs/include/actionlib_msgs/msg/detail/goal_status_array__rosidl_typesupport_fastrtps_c.h
[0.704s] -- Up-to-date: /home/devpc/Desktop/microros_ws/install/actionlib_msgs/include/actionlib_msgs/msg/detail/goal_status__rosidl_typesupport_fastrtps_c.h
[0.704s] -- Up-to-date: /home/devpc/Desktop/microros_ws/install/actionlib_msgs/include/actionlib_msgs/msg/detail/goal_id__rosidl_typesupport_fastrtps_c.h
[0.704s] -- Up-to-date: /home/devpc/Desktop/microros_ws/install/actionlib_msgs/include/actionlib_msgs/msg/rosidl_typesupport_fastrtps_c__visibility_control.h
[0.705s] -- Up-to-date: /home/devpc/Desktop/microros_ws/install/actionlib_msgs/lib/libactionlib_msgs__rosidl_typesupport_fastrtps_c.so
[0.705s] -- Up-to-date: /home/devpc/Desktop/microros_ws/install/actionlib_msgs/include/actionlib_msgs
[0.705s] -- Up-to-date: /home/devpc/Desktop/microros_ws/install/actionlib_msgs/include/actionlib_msgs/msg
[0.705s] -- Up-to-date: /home/devpc/Desktop/microros_ws/install/actionlib_msgs/include/actionlib_msgs/msg/detail
[0.705s] -- Up-to-date: /home/devpc/Desktop/microros_ws/install/actionlib_msgs/include/actionlib_msgs/msg/detail/goal_status__rosidl_typesupport_fastrtps_cpp.hpp
[0.705s] -- Up-to-date: /home/devpc/Desktop/microros_ws/install/actionlib_msgs/include/actionlib_msgs/msg/detail/goal_id__rosidl_typesupport_fastrtps_cpp.hpp
[0.705s] -- Up-to-date: /home/devpc/Desktop/microros_ws/install/actionlib_msgs/include/actionlib_msgs/msg/detail/goal_status_array__rosidl_typesupport_fastrtps_cpp.hpp
[0.706s] -- Up-to-date: /home/devpc/Desktop/microros_ws/install/actionlib_msgs/include/actionlib_msgs/msg/detail/dds_fastrtps
[0.706s] -- Up-to-date: /home/devpc/Desktop/microros_ws/install/actionlib_msgs/include/actionlib_msgs/msg/rosidl_typesupport_fastrtps_cpp__visibility_control.h
[0.706s] -- Up-to-date: /home/devpc/Desktop/microros_ws/install/actionlib_msgs/lib/libactionlib_msgs__rosidl_typesupport_fastrtps_cpp.so
[0.706s] -- Up-to-date: /home/devpc/Desktop/microros_ws/install/actionlib_msgs/include/actionlib_msgs
[0.706s] -- Up-to-date: /home/devpc/Desktop/microros_ws/install/actionlib_msgs/include/actionlib_msgs/msg
[0.706s] -- Up-to-date: /home/devpc/Desktop/microros_ws/install/actionlib_msgs/include/actionlib_msgs/msg/detail
[0.706s] -- Up-to-date: /home/devpc/Desktop/microros_ws/install/actionlib_msgs/include/actionlib_msgs/msg/detail/goal_status_array__type_support.c
[0.707s] -- Up-to-date: /home/devpc/Desktop/microros_ws/install/actionlib_msgs/include/actionlib_msgs/msg/detail/goal_id__type_support.c
[0.707s] -- Up-to-date: /home/devpc/Desktop/microros_ws/install/actionlib_msgs/include/actionlib_msgs/msg/detail/goal_status__type_support.c
[0.707s] -- Up-to-date: /home/devpc/Desktop/microros_ws/install/actionlib_msgs/include/actionlib_msgs/msg/detail/goal_id__rosidl_typesupport_introspection_c.h
[0.707s] -- Up-to-date: /home/devpc/Desktop/microros_ws/install/actionlib_msgs/include/actionlib_msgs/msg/detail/goal_status__rosidl_typesupport_introspection_c.h
[0.707s] -- Up-to-date: /home/devpc/Desktop/microros_ws/install/actionlib_msgs/include/actionlib_msgs/msg/detail/goal_status_array__rosidl_typesupport_introspection_c.h
[0.708s] -- Up-to-date: /home/devpc/Desktop/microros_ws/install/actionlib_msgs/include/actionlib_msgs/msg/rosidl_typesupport_introspection_c__visibility_control.h
[0.708s] -- Up-to-date: /home/devpc/Desktop/microros_ws/install/actionlib_msgs/lib/libactionlib_msgs__rosidl_typesupport_introspection_c.so
[0.708s] -- Up-to-date: /home/devpc/Desktop/microros_ws/install/actionlib_msgs/lib/libactionlib_msgs__rosidl_typesupport_c.so
[0.708s] -- Up-to-date: /home/devpc/Desktop/microros_ws/install/actionlib_msgs/include/actionlib_msgs
[0.708s] -- Up-to-date: /home/devpc/Desktop/microros_ws/install/actionlib_msgs/include/actionlib_msgs/msg
[0.708s] -- Up-to-date: /home/devpc/Desktop/microros_ws/install/actionlib_msgs/include/actionlib_msgs/msg/goal_id.hpp
[0.709s] -- Up-to-date: /home/devpc/Desktop/microros_ws/install/actionlib_msgs/include/actionlib_msgs/msg/detail
[0.709s] -- Up-to-date: /home/devpc/Desktop/microros_ws/install/actionlib_msgs/include/actionlib_msgs/msg/detail/goal_status__builder.hpp
[0.709s] -- Up-to-date: /home/devpc/Desktop/microros_ws/install/actionlib_msgs/include/actionlib_msgs/msg/detail/goal_status_array__traits.hpp
[0.709s] -- Up-to-date: /home/devpc/Desktop/microros_ws/install/actionlib_msgs/include/actionlib_msgs/msg/detail/goal_status__traits.hpp
[0.709s] -- Up-to-date: /home/devpc/Desktop/microros_ws/install/actionlib_msgs/include/actionlib_msgs/msg/detail/goal_status__struct.hpp
[0.709s] -- Up-to-date: /home/devpc/Desktop/microros_ws/install/actionlib_msgs/include/actionlib_msgs/msg/detail/goal_id__builder.hpp
[0.709s] -- Up-to-date: /home/devpc/Desktop/microros_ws/install/actionlib_msgs/include/actionlib_msgs/msg/detail/goal_status_array__struct.hpp
[0.709s] -- Up-to-date: /home/devpc/Desktop/microros_ws/install/actionlib_msgs/include/actionlib_msgs/msg/detail/goal_status_array__builder.hpp
[0.709s] -- Up-to-date: /home/devpc/Desktop/microros_ws/install/actionlib_msgs/include/actionlib_msgs/msg/detail/goal_id__traits.hpp
[0.709s] -- Up-to-date: /home/devpc/Desktop/microros_ws/install/actionlib_msgs/include/actionlib_msgs/msg/detail/goal_id__struct.hpp
[0.709s] -- Up-to-date: /home/devpc/Desktop/microros_ws/install/actionlib_msgs/include/actionlib_msgs/msg/goal_status.hpp
[0.709s] -- Up-to-date: /home/devpc/Desktop/microros_ws/install/actionlib_msgs/include/actionlib_msgs/msg/goal_status_array.hpp
[0.710s] -- Up-to-date: /home/devpc/Desktop/microros_ws/install/actionlib_msgs/include/actionlib_msgs
[0.710s] -- Up-to-date: /home/devpc/Desktop/microros_ws/install/actionlib_msgs/include/actionlib_msgs/msg
[0.710s] -- Up-to-date: /home/devpc/Desktop/microros_ws/install/actionlib_msgs/include/actionlib_msgs/msg/detail
[0.710s] -- Up-to-date: /home/devpc/Desktop/microros_ws/install/actionlib_msgs/include/actionlib_msgs/msg/detail/goal_status_array__rosidl_typesupport_microxrcedds_cpp.hpp
[0.710s] -- Up-to-date: /home/devpc/Desktop/microros_ws/install/actionlib_msgs/include/actionlib_msgs/msg/detail/goal_status__rosidl_typesupport_microxrcedds_cpp.hpp
[0.710s] -- Up-to-date: /home/devpc/Desktop/microros_ws/install/actionlib_msgs/include/actionlib_msgs/msg/detail/microxrcedds
[0.710s] -- Up-to-date: /home/devpc/Desktop/microros_ws/install/actionlib_msgs/include/actionlib_msgs/msg/detail/microxrcedds/goal_status_array__type_support_cpp.cpp
[0.711s] -- Up-to-date: /home/devpc/Desktop/microros_ws/install/actionlib_msgs/include/actionlib_msgs/msg/detail/microxrcedds/goal_status__type_support_cpp.cpp
[0.711s] -- Up-to-date: /home/devpc/Desktop/microros_ws/install/actionlib_msgs/include/actionlib_msgs/msg/detail/microxrcedds/goal_id__type_support_cpp.cpp
[0.711s] -- Up-to-date: /home/devpc/Desktop/microros_ws/install/actionlib_msgs/include/actionlib_msgs/msg/detail/goal_id__rosidl_typesupport_microxrcedds_cpp.hpp
[0.711s] -- Up-to-date: /home/devpc/Desktop/microros_ws/install/actionlib_msgs/include/actionlib_msgs/msg/rosidl_typesupport_microxrcedds_cpp__visibility_control.h
[0.712s] -- Up-to-date: /home/devpc/Desktop/microros_ws/install/actionlib_msgs/lib/libactionlib_msgs__rosidl_typesupport_microxrcedds_cpp.so
[0.712s] -- Up-to-date: /home/devpc/Desktop/microros_ws/install/actionlib_msgs/include/actionlib_msgs
[0.712s] -- Up-to-date: /home/devpc/Desktop/microros_ws/install/actionlib_msgs/include/actionlib_msgs/msg
[0.712s] -- Up-to-date: /home/devpc/Desktop/microros_ws/install/actionlib_msgs/include/actionlib_msgs/msg/detail
[0.712s] -- Up-to-date: /home/devpc/Desktop/microros_ws/install/actionlib_msgs/include/actionlib_msgs/msg/detail/goal_status__type_support.cpp
[0.712s] -- Up-to-date: /home/devpc/Desktop/microros_ws/install/actionlib_msgs/include/actionlib_msgs/msg/detail/goal_id__rosidl_typesupport_introspection_cpp.hpp
[0.713s] -- Up-to-date: /home/devpc/Desktop/microros_ws/install/actionlib_msgs/include/actionlib_msgs/msg/detail/goal_status__rosidl_typesupport_introspection_cpp.hpp
[0.713s] -- Up-to-date: /home/devpc/Desktop/microros_ws/install/actionlib_msgs/include/actionlib_msgs/msg/detail/goal_id__type_support.cpp
[0.713s] -- Up-to-date: /home/devpc/Desktop/microros_ws/install/actionlib_msgs/include/actionlib_msgs/msg/detail/goal_status_array__type_support.cpp
[0.713s] -- Up-to-date: /home/devpc/Desktop/microros_ws/install/actionlib_msgs/include/actionlib_msgs/msg/detail/goal_status_array__rosidl_typesupport_introspection_cpp.hpp
[0.714s] -- Up-to-date: /home/devpc/Desktop/microros_ws/install/actionlib_msgs/lib/libactionlib_msgs__rosidl_typesupport_introspection_cpp.so
[0.714s] -- Up-to-date: /home/devpc/Desktop/microros_ws/install/actionlib_msgs/lib/libactionlib_msgs__rosidl_typesupport_cpp.so
[0.714s] -- Up-to-date: /home/devpc/Desktop/microros_ws/install/actionlib_msgs/share/actionlib_msgs/environment/pythonpath.sh
[0.714s] -- Up-to-date: /home/devpc/Desktop/microros_ws/install/actionlib_msgs/share/actionlib_msgs/environment/pythonpath.dsv
[0.714s] -- Up-to-date: /home/devpc/Desktop/microros_ws/install/actionlib_msgs/lib/python3.8/site-packages/actionlib_msgs/__init__.py
[0.757s] -- Up-to-date: /home/devpc/Desktop/microros_ws/install/actionlib_msgs/lib/python3.8/site-packages/actionlib_msgs/msg
[0.757s] -- Up-to-date: /home/devpc/Desktop/microros_ws/install/actionlib_msgs/lib/python3.8/site-packages/actionlib_msgs/msg/_goal_status.py
[0.758s] -- Up-to-date: /home/devpc/Desktop/microros_ws/install/actionlib_msgs/lib/python3.8/site-packages/actionlib_msgs/msg/_goal_status_s.c
[0.758s] -- Up-to-date: /home/devpc/Desktop/microros_ws/install/actionlib_msgs/lib/python3.8/site-packages/actionlib_msgs/msg/__init__.py
[0.758s] -- Up-to-date: /home/devpc/Desktop/microros_ws/install/actionlib_msgs/lib/python3.8/site-packages/actionlib_msgs/msg/_goal_id_s.c
[0.759s] -- Up-to-date: /home/devpc/Desktop/microros_ws/install/actionlib_msgs/lib/python3.8/site-packages/actionlib_msgs/msg/_goal_status_array_s.c
[0.759s] -- Up-to-date: /home/devpc/Desktop/microros_ws/install/actionlib_msgs/lib/python3.8/site-packages/actionlib_msgs/msg/_goal_id.py
[0.759s] -- Up-to-date: /home/devpc/Desktop/microros_ws/install/actionlib_msgs/lib/python3.8/site-packages/actionlib_msgs/msg/_goal_status_array.py
[0.759s] -- Up-to-date: /home/devpc/Desktop/microros_ws/install/actionlib_msgs/lib/python3.8/site-packages/actionlib_msgs/actionlib_msgs_s__rosidl_typesupport_microxrcedds_c.cpython-38-x86_64-linux-gnu.so
[0.765s] -- Up-to-date: /home/devpc/Desktop/microros_ws/install/actionlib_msgs/lib/python3.8/site-packages/actionlib_msgs/actionlib_msgs_s__rosidl_typesupport_fastrtps_c.cpython-38-x86_64-linux-gnu.so
[0.768s] -- Up-to-date: /home/devpc/Desktop/microros_ws/install/actionlib_msgs/lib/python3.8/site-packages/actionlib_msgs/actionlib_msgs_s__rosidl_typesupport_introspection_c.cpython-38-x86_64-linux-gnu.so
[0.769s] -- Up-to-date: /home/devpc/Desktop/microros_ws/install/actionlib_msgs/lib/python3.8/site-packages/actionlib_msgs/actionlib_msgs_s__rosidl_typesupport_c.cpython-38-x86_64-linux-gnu.so
[0.771s] -- Up-to-date: /home/devpc/Desktop/microros_ws/install/actionlib_msgs/lib/libactionlib_msgs__python.so
[0.771s] -- Up-to-date: /home/devpc/Desktop/microros_ws/install/actionlib_msgs/share/actionlib_msgs/msg/GoalID.idl
[0.771s] -- Up-to-date: /home/devpc/Desktop/microros_ws/install/actionlib_msgs/share/actionlib_msgs/msg/GoalStatus.idl
[0.771s] -- Up-to-date: /home/devpc/Desktop/microros_ws/install/actionlib_msgs/share/actionlib_msgs/msg/GoalStatusArray.idl
[0.771s] -- Up-to-date: /home/devpc/Desktop/microros_ws/install/actionlib_msgs/share/actionlib_msgs/msg/GoalID.msg
[0.772s] -- Up-to-date: /home/devpc/Desktop/microros_ws/install/actionlib_msgs/share/actionlib_msgs/msg/GoalStatus.msg
[0.772s] -- Up-to-date: /home/devpc/Desktop/microros_ws/install/actionlib_msgs/share/actionlib_msgs/msg/GoalStatusArray.msg
[0.773s] -- Up-to-date: /home/devpc/Desktop/microros_ws/install/actionlib_msgs/share/ament_index/resource_index/package_run_dependencies/actionlib_msgs
[0.773s] -- Up-to-date: /home/devpc/Desktop/microros_ws/install/actionlib_msgs/share/ament_index/resource_index/parent_prefix_path/actionlib_msgs
[0.775s] -- Up-to-date: /home/devpc/Desktop/microros_ws/install/actionlib_msgs/share/actionlib_msgs/environment/ament_prefix_path.sh
[0.775s] -- Up-to-date: /home/devpc/Desktop/microros_ws/install/actionlib_msgs/share/actionlib_msgs/environment/ament_prefix_path.dsv
[0.775s] -- Up-to-date: /home/devpc/Desktop/microros_ws/install/actionlib_msgs/share/actionlib_msgs/environment/path.sh
[0.775s] -- Up-to-date: /home/devpc/Desktop/microros_ws/install/actionlib_msgs/share/actionlib_msgs/environment/path.dsv
[0.775s] -- Up-to-date: /home/devpc/Desktop/microros_ws/install/actionlib_msgs/share/actionlib_msgs/local_setup.bash
[0.776s] -- Up-to-date: /home/devpc/Desktop/microros_ws/install/actionlib_msgs/share/actionlib_msgs/local_setup.sh
[0.776s] -- Up-to-date: /home/devpc/Desktop/microros_ws/install/actionlib_msgs/share/actionlib_msgs/local_setup.zsh
[0.777s] -- Up-to-date: /home/devpc/Desktop/microros_ws/install/actionlib_msgs/share/actionlib_msgs/local_setup.dsv
[0.777s] -- Installing: /home/devpc/Desktop/microros_ws/install/actionlib_msgs/share/actionlib_msgs/package.dsv
[0.778s] -- Up-to-date: /home/devpc/Desktop/microros_ws/install/actionlib_msgs/share/ament_index/resource_index/packages/actionlib_msgs
[0.781s] -- Up-to-date: /home/devpc/Desktop/microros_ws/install/actionlib_msgs/share/actionlib_msgs/cmake/actionlib_msgs__rosidl_generator_cExport.cmake
[0.781s] -- Up-to-date: /home/devpc/Desktop/microros_ws/install/actionlib_msgs/share/actionlib_msgs/cmake/actionlib_msgs__rosidl_generator_cExport-noconfig.cmake
[0.781s] -- Up-to-date: /home/devpc/Desktop/microros_ws/install/actionlib_msgs/share/actionlib_msgs/cmake/actionlib_msgs__rosidl_typesupport_introspection_cExport.cmake
[0.782s] -- Up-to-date: /home/devpc/Desktop/microros_ws/install/actionlib_msgs/share/actionlib_msgs/cmake/actionlib_msgs__rosidl_typesupport_introspection_cExport-noconfig.cmake
[0.782s] -- Up-to-date: /home/devpc/Desktop/microros_ws/install/actionlib_msgs/share/actionlib_msgs/cmake/actionlib_msgs__rosidl_typesupport_cExport.cmake
[0.782s] -- Up-to-date: /home/devpc/Desktop/microros_ws/install/actionlib_msgs/share/actionlib_msgs/cmake/actionlib_msgs__rosidl_typesupport_cExport-noconfig.cmake
[0.782s] -- Up-to-date: /home/devpc/Desktop/microros_ws/install/actionlib_msgs/share/actionlib_msgs/cmake/actionlib_msgs__rosidl_generator_cppExport.cmake
[0.783s] -- Up-to-date: /home/devpc/Desktop/microros_ws/install/actionlib_msgs/share/actionlib_msgs/cmake/actionlib_msgs__rosidl_typesupport_introspection_cppExport.cmake
[0.784s] -- Up-to-date: /home/devpc/Desktop/microros_ws/install/actionlib_msgs/share/actionlib_msgs/cmake/actionlib_msgs__rosidl_typesupport_introspection_cppExport-noconfig.cmake
[0.784s] -- Up-to-date: /home/devpc/Desktop/microros_ws/install/actionlib_msgs/share/actionlib_msgs/cmake/actionlib_msgs__rosidl_typesupport_cppExport.cmake
[0.784s] -- Up-to-date: /home/devpc/Desktop/microros_ws/install/actionlib_msgs/share/actionlib_msgs/cmake/actionlib_msgs__rosidl_typesupport_cppExport-noconfig.cmake
[0.785s] -- Up-to-date: /home/devpc/Desktop/microros_ws/install/actionlib_msgs/share/actionlib_msgs/cmake/rosidl_cmake-extras.cmake
[0.785s] -- Up-to-date: /home/devpc/Desktop/microros_ws/install/actionlib_msgs/share/actionlib_msgs/cmake/ament_cmake_export_dependencies-extras.cmake
[0.787s] -- Up-to-date: /home/devpc/Desktop/microros_ws/install/actionlib_msgs/share/actionlib_msgs/cmake/ament_cmake_export_libraries-extras.cmake
[0.787s] -- Up-to-date: /home/devpc/Desktop/microros_ws/install/actionlib_msgs/share/actionlib_msgs/cmake/ament_cmake_export_targets-extras.cmake
[0.787s] -- Up-to-date: /home/devpc/Desktop/microros_ws/install/actionlib_msgs/share/actionlib_msgs/cmake/ament_cmake_export_include_directories-extras.cmake
[0.794s] -- Up-to-date: /home/devpc/Desktop/microros_ws/install/actionlib_msgs/share/actionlib_msgs/cmake/rosidl_cmake_export_typesupport_libraries-extras.cmake
[0.794s] -- Up-to-date: /home/devpc/Desktop/microros_ws/install/actionlib_msgs/share/actionlib_msgs/cmake/rosidl_cmake_export_typesupport_targets-extras.cmake
[0.794s] -- Up-to-date: /home/devpc/Desktop/microros_ws/install/actionlib_msgs/share/actionlib_msgs/cmake/actionlib_msgsConfig.cmake
[0.794s] -- Up-to-date: /home/devpc/Desktop/microros_ws/install/actionlib_msgs/share/actionlib_msgs/cmake/actionlib_msgsConfig-version.cmake
[0.795s] -- Up-to-date: /home/devpc/Desktop/microros_ws/install/actionlib_msgs/share/actionlib_msgs/package.xml
[0.798s] Invoked command in '/home/devpc/Desktop/microros_ws/build/actionlib_msgs' returned '0': CMAKE_PREFIX_PATH=/home/devpc/Desktop/microros_ws/install/std_msgs:/home/devpc/Desktop/microros_ws/install/builtin_interfaces:/home/devpc/Desktop/microros_ws/install/common_interfaces:/home/devpc/Desktop/microros_ws/install/visualization_msgs:/home/devpc/Desktop/microros_ws/install/test_msgs:/home/devpc/Desktop/microros_ws/install/micro_ros_demos_rclc:/home/devpc/Desktop/microros_ws/install/example_interfaces:/home/devpc/Desktop/microros_ws/install/action_msgs:/home/devpc/Desktop/microros_ws/install/unique_identifier_msgs:/home/devpc/Desktop/microros_ws/install/trajectory_msgs:/home/devpc/Desktop/microros_ws/install/stereo_msgs:/home/devpc/Desktop/microros_ws/install/std_srvs:/home/devpc/Desktop/microros_ws/install/shape_msgs:/home/devpc/Desktop/microros_ws/install/sensor_msgs:/home/devpc/Desktop/microros_ws/install/nav_msgs:/home/devpc/Desktop/microros_ws/install/diagnostic_msgs:/home/devpc/Desktop/microros_ws/install/geometry_msgs:/home/devpc/Desktop/microros_ws/install/drive_base_msgs:/home/devpc/Desktop/microros_ws/install/actionlib_msgs:/home/devpc/Desktop/microros_ws/install/statistics_msgs:/home/devpc/Desktop/microros_ws/install/rosidl_typesupport_microxrcedds_test_msg:/home/devpc/Desktop/microros_ws/install/rosidl_typesupport_microxrcedds_cpp_tests:/home/devpc/Desktop/microros_ws/install/rmw_microxrcedds:/home/devpc/Desktop/microros_ws/install/rosidl_typesupport_microxrcedds_cpp:/home/devpc/Desktop/microros_ws/install/rosidl_typesupport_microxrcedds_c_tests:/home/devpc/Desktop/microros_ws/install/rosidl_typesupport_microxrcedds_c:/home/devpc/Desktop/microros_ws/install/rosgraph_msgs:/home/devpc/Desktop/microros_ws/install/rclc:/home/devpc/Desktop/microros_ws/install/composition_interfaces:/home/devpc/Desktop/microros_ws/install/rcl_interfaces:/home/devpc/Desktop/microros_ws/install/microxrcedds_client:/home/devpc/Desktop/microros_ws/install/microcdr:/home/devpc/Desktop/microros_ws/install/micro_ros_demos_rclcpp:/home/devpc/Desktop/microros_ws/install/lifecycle_msgs:/home/devpc/Desktop/microros_ws/install/complex_msgs:/home/devpc/Desktop/microros_ws/install/micro_ros_agent:/home/devpc/Desktop/microros_ws/install/microxrcedds_agent:/home/devpc/Desktop/microros_ws/install/micro_ros_setup:/home/devpc/Desktop/microros_ws/install/micro_ros_msgs:/home/devpc/Desktop/quad_ws/install/quad_interfaces:/home/devpc/Desktop/microros_ws/install/sensor_msgs_py:/home/devpc/Desktop/quad_ws/install/quad:/opt/ros/foxy LD_LIBRARY_PATH=/home/devpc/Desktop/microros_ws/install/std_msgs/lib:/home/devpc/Desktop/microros_ws/install/builtin_interfaces/lib:/home/devpc/Desktop/microros_ws/install/visualization_msgs/lib:/home/devpc/Desktop/microros_ws/install/test_msgs/lib:/home/devpc/Desktop/microros_ws/install/example_interfaces/lib:/home/devpc/Desktop/microros_ws/install/action_msgs/lib:/home/devpc/Desktop/microros_ws/install/unique_identifier_msgs/lib:/home/devpc/Desktop/microros_ws/install/trajectory_msgs/lib:/home/devpc/Desktop/microros_ws/install/stereo_msgs/lib:/home/devpc/Desktop/microros_ws/install/std_srvs/lib:/home/devpc/Desktop/microros_ws/install/shape_msgs/lib:/home/devpc/Desktop/microros_ws/install/sensor_msgs/lib:/home/devpc/Desktop/microros_ws/install/nav_msgs/lib:/home/devpc/Desktop/microros_ws/install/diagnostic_msgs/lib:/home/devpc/Desktop/microros_ws/install/geometry_msgs/lib:/home/devpc/Desktop/microros_ws/install/drive_base_msgs/lib:/home/devpc/Desktop/microros_ws/install/actionlib_msgs/lib:/home/devpc/Desktop/microros_ws/install/statistics_msgs/lib:/home/devpc/Desktop/microros_ws/install/rosidl_typesupport_microxrcedds_test_msg/lib:/home/devpc/Desktop/microros_ws/install/rmw_microxrcedds/lib:/home/devpc/Desktop/microros_ws/install/rosidl_typesupport_microxrcedds_cpp/lib:/home/devpc/Desktop/microros_ws/install/rosidl_typesupport_microxrcedds_c/lib:/home/devpc/Desktop/microros_ws/install/rosgraph_msgs/lib:/home/devpc/Desktop/microros_ws/install/rclc/lib:/home/devpc/Desktop/microros_ws/install/composition_interfaces/lib:/home/devpc/Desktop/microros_ws/install/rcl_interfaces/lib:/home/devpc/Desktop/microros_ws/install/microxrcedds_client/lib:/home/devpc/Desktop/microros_ws/install/microcdr/lib:/home/devpc/Desktop/microros_ws/install/lifecycle_msgs/lib:/home/devpc/Desktop/microros_ws/install/complex_msgs/lib:/home/devpc/Desktop/microros_ws/install/microxrcedds_agent/lib:/home/devpc/Desktop/microros_ws/install/micro_ros_msgs/lib:/home/devpc/Desktop/quad_ws/install/quad_interfaces/lib:/opt/ros/foxy/opt/yaml_cpp_vendor/lib:/opt/ros/foxy/opt/rviz_ogre_vendor/lib:/opt/ros/foxy/lib/x86_64-linux-gnu:/opt/ros/foxy/lib PYTHONPATH=/home/devpc/Desktop/microros_ws/install/std_msgs/lib/python3.8/site-packages:/home/devpc/Desktop/microros_ws/install/builtin_interfaces/lib/python3.8/site-packages:/home/devpc/Desktop/microros_ws/install/visualization_msgs/lib/python3.8/site-packages:/home/devpc/Desktop/microros_ws/install/test_msgs/lib/python3.8/site-packages:/home/devpc/Desktop/microros_ws/install/example_interfaces/lib/python3.8/site-packages:/home/devpc/Desktop/microros_ws/install/action_msgs/lib/python3.8/site-packages:/home/devpc/Desktop/microros_ws/install/unique_identifier_msgs/lib/python3.8/site-packages:/home/devpc/Desktop/microros_ws/install/trajectory_msgs/lib/python3.8/site-packages:/home/devpc/Desktop/microros_ws/install/stereo_msgs/lib/python3.8/site-packages:/home/devpc/Desktop/microros_ws/install/std_srvs/lib/python3.8/site-packages:/home/devpc/Desktop/microros_ws/install/shape_msgs/lib/python3.8/site-packages:/home/devpc/Desktop/microros_ws/install/sensor_msgs_py/lib/python3.8/site-packages:/home/devpc/Desktop/microros_ws/install/sensor_msgs/lib/python3.8/site-packages:/home/devpc/Desktop/microros_ws/install/nav_msgs/lib/python3.8/site-packages:/home/devpc/Desktop/microros_ws/install/diagnostic_msgs/lib/python3.8/site-packages:/home/devpc/Desktop/microros_ws/install/geometry_msgs/lib/python3.8/site-packages:/home/devpc/Desktop/microros_ws/install/drive_base_msgs/lib/python3.8/site-packages:/home/devpc/Desktop/microros_ws/install/actionlib_msgs/lib/python3.8/site-packages:/home/devpc/Desktop/microros_ws/install/statistics_msgs/lib/python3.8/site-packages:/home/devpc/Desktop/microros_ws/install/rosidl_typesupport_microxrcedds_test_msg/lib/python3.8/site-packages:/home/devpc/Desktop/microros_ws/install/rosidl_typesupport_microxrcedds_cpp/lib/python3.8/site-packages:/home/devpc/Desktop/microros_ws/install/rosidl_typesupport_microxrcedds_c/lib/python3.8/site-packages:/home/devpc/Desktop/microros_ws/install/rosgraph_msgs/lib/python3.8/site-packages:/home/devpc/Desktop/microros_ws/install/composition_interfaces/lib/python3.8/site-packages:/home/devpc/Desktop/microros_ws/install/rcl_interfaces/lib/python3.8/site-packages:/home/devpc/Desktop/microros_ws/install/lifecycle_msgs/lib/python3.8/site-packages:/home/devpc/Desktop/microros_ws/install/complex_msgs/lib/python3.8/site-packages:/home/devpc/Desktop/microros_ws/install/micro_ros_msgs/lib/python3.8/site-packages:/home/devpc/Desktop/quad_ws/install/quad_interfaces/lib/python3.8/site-packages:/home/devpc/Desktop/quad_ws/install/quad/lib/python3.8/site-packages:/opt/ros/foxy/lib/python3.8/site-packages /usr/bin/cmake --install /home/devpc/Desktop/microros_ws/build/actionlib_msgs
