[0.060s] Invoking command in '/home/devpc/Desktop/microros_ws/build/lifecycle_msgs': CMAKE_PREFIX_PATH=${CMAKE_PREFIX_PATH}:/home/devpc/Desktop/microros_ws/install/sensor_msgs_py:/home/devpc/Desktop/quad_ws/install/quad:/opt/ros/foxy /usr/bin/cmake --build /home/devpc/Desktop/microros_ws/build/lifecycle_msgs -- -j8 -l8
[0.185s] [  0%] Built target lifecycle_msgs__cpp
[0.214s] [  9%] Built target lifecycle_msgs__rosidl_generator_c
[0.303s] [ 18%] Built target lifecycle_msgs__rosidl_typesupport_fastrtps_cpp
[0.313s] [ 28%] Built target lifecycle_msgs__rosidl_typesupport_microxrcedds_cpp
[0.344s] [ 37%] Built target lifecycle_msgs__rosidl_typesupport_introspection_cpp
[0.346s] [ 46%] Built target lifecycle_msgs__rosidl_typesupport_cpp
[0.401s] [ 55%] Built target lifecycle_msgs__rosidl_typesupport_c
[0.407s] [ 64%] Built target lifecycle_msgs__rosidl_typesupport_microxrcedds_c
[0.426s] [ 73%] Built target lifecycle_msgs__rosidl_typesupport_introspection_c
[0.435s] [ 82%] Built target lifecycle_msgs__rosidl_typesupport_fastrtps_c
[0.496s] [ 82%] Built target lifecycle_msgs
[0.520s] [ 83%] Built target lifecycle_msgs__py
[0.600s] [ 92%] Built target lifecycle_msgs__python
[0.685s] [ 94%] Built target lifecycle_msgs__rosidl_typesupport_fastrtps_c__pyext
[0.691s] [ 96%] Built target lifecycle_msgs__rosidl_typesupport_microxrcedds_c__pyext
[0.702s] [ 98%] Built target lifecycle_msgs__rosidl_typesupport_c__pyext
[0.702s] [100%] Built target lifecycle_msgs__rosidl_typesupport_introspection_c__pyext
[0.723s] Invoked command in '/home/devpc/Desktop/microros_ws/build/lifecycle_msgs' returned '0': CMAKE_PREFIX_PATH=${CMAKE_PREFIX_PATH}:/home/devpc/Desktop/microros_ws/install/sensor_msgs_py:/home/devpc/Desktop/quad_ws/install/quad:/opt/ros/foxy /usr/bin/cmake --build /home/devpc/Desktop/microros_ws/build/lifecycle_msgs -- -j8 -l8
[1.180s] Invoking command in '/home/devpc/Desktop/microros_ws/build/lifecycle_msgs': CMAKE_PREFIX_PATH=${CMAKE_PREFIX_PATH}:/home/devpc/Desktop/microros_ws/install/sensor_msgs_py:/home/devpc/Desktop/quad_ws/install/quad:/opt/ros/foxy /usr/bin/cmake --install /home/devpc/Desktop/microros_ws/build/lifecycle_msgs
[1.195s] -- Install configuration: ""
[1.196s] -- Up-to-date: /home/devpc/Desktop/microros_ws/install/lifecycle_msgs/share/ament_index/resource_index/rosidl_interfaces/lifecycle_msgs
[1.196s] -- Up-to-date: /home/devpc/Desktop/microros_ws/install/lifecycle_msgs/include/lifecycle_msgs
[1.196s] -- Up-to-date: /home/devpc/Desktop/microros_ws/install/lifecycle_msgs/include/lifecycle_msgs/msg
[1.196s] -- Up-to-date: /home/devpc/Desktop/microros_ws/install/lifecycle_msgs/include/lifecycle_msgs/msg/detail
[1.197s] -- Up-to-date: /home/devpc/Desktop/microros_ws/install/lifecycle_msgs/include/lifecycle_msgs/msg/detail/transition__functions.h
[1.197s] -- Up-to-date: /home/devpc/Desktop/microros_ws/install/lifecycle_msgs/include/lifecycle_msgs/msg/detail/transition_description__functions.h
[1.197s] -- Up-to-date: /home/devpc/Desktop/microros_ws/install/lifecycle_msgs/include/lifecycle_msgs/msg/detail/state__functions.c
[1.198s] -- Up-to-date: /home/devpc/Desktop/microros_ws/install/lifecycle_msgs/include/lifecycle_msgs/msg/detail/state__functions.h
[1.198s] -- Up-to-date: /home/devpc/Desktop/microros_ws/install/lifecycle_msgs/include/lifecycle_msgs/msg/detail/transition_event__functions.h
[1.198s] -- Up-to-date: /home/devpc/Desktop/microros_ws/install/lifecycle_msgs/include/lifecycle_msgs/msg/detail/transition__type_support.h
[1.198s] -- Up-to-date: /home/devpc/Desktop/microros_ws/install/lifecycle_msgs/include/lifecycle_msgs/msg/detail/transition_description__type_support.h
[1.202s] -- Up-to-date: /home/devpc/Desktop/microros_ws/install/lifecycle_msgs/include/lifecycle_msgs/msg/detail/transition_event__functions.c
[1.203s] -- Up-to-date: /home/devpc/Desktop/microros_ws/install/lifecycle_msgs/include/lifecycle_msgs/msg/detail/state__type_support.h
[1.203s] -- Up-to-date: /home/devpc/Desktop/microros_ws/install/lifecycle_msgs/include/lifecycle_msgs/msg/detail/transition_event__struct.h
[1.203s] -- Up-to-date: /home/devpc/Desktop/microros_ws/install/lifecycle_msgs/include/lifecycle_msgs/msg/detail/transition_description__struct.h
[1.203s] -- Up-to-date: /home/devpc/Desktop/microros_ws/install/lifecycle_msgs/include/lifecycle_msgs/msg/detail/transition_description__functions.c
[1.204s] -- Up-to-date: /home/devpc/Desktop/microros_ws/install/lifecycle_msgs/include/lifecycle_msgs/msg/detail/transition_event__type_support.h
[1.204s] -- Up-to-date: /home/devpc/Desktop/microros_ws/install/lifecycle_msgs/include/lifecycle_msgs/msg/detail/transition__struct.h
[1.204s] -- Up-to-date: /home/devpc/Desktop/microros_ws/install/lifecycle_msgs/include/lifecycle_msgs/msg/detail/transition__functions.c
[1.204s] -- Up-to-date: /home/devpc/Desktop/microros_ws/install/lifecycle_msgs/include/lifecycle_msgs/msg/detail/state__struct.h
[1.205s] -- Up-to-date: /home/devpc/Desktop/microros_ws/install/lifecycle_msgs/include/lifecycle_msgs/msg/state.h
[1.205s] -- Up-to-date: /home/devpc/Desktop/microros_ws/install/lifecycle_msgs/include/lifecycle_msgs/msg/transition_description.h
[1.205s] -- Up-to-date: /home/devpc/Desktop/microros_ws/install/lifecycle_msgs/include/lifecycle_msgs/msg/transition.h
[1.206s] -- Up-to-date: /home/devpc/Desktop/microros_ws/install/lifecycle_msgs/include/lifecycle_msgs/msg/rosidl_generator_c__visibility_control.h
[1.206s] -- Up-to-date: /home/devpc/Desktop/microros_ws/install/lifecycle_msgs/include/lifecycle_msgs/msg/transition_event.h
[1.206s] -- Up-to-date: /home/devpc/Desktop/microros_ws/install/lifecycle_msgs/include/lifecycle_msgs/srv
[1.207s] -- Up-to-date: /home/devpc/Desktop/microros_ws/install/lifecycle_msgs/include/lifecycle_msgs/srv/detail
[1.207s] -- Up-to-date: /home/devpc/Desktop/microros_ws/install/lifecycle_msgs/include/lifecycle_msgs/srv/detail/get_available_transitions__functions.c
[1.207s] -- Up-to-date: /home/devpc/Desktop/microros_ws/install/lifecycle_msgs/include/lifecycle_msgs/srv/detail/get_available_transitions__type_support.h
[1.207s] -- Up-to-date: /home/devpc/Desktop/microros_ws/install/lifecycle_msgs/include/lifecycle_msgs/srv/detail/change_state__functions.c
[1.208s] -- Up-to-date: /home/devpc/Desktop/microros_ws/install/lifecycle_msgs/include/lifecycle_msgs/srv/detail/get_available_states__type_support.h
[1.208s] -- Up-to-date: /home/devpc/Desktop/microros_ws/install/lifecycle_msgs/include/lifecycle_msgs/srv/detail/get_state__struct.h
[1.208s] -- Up-to-date: /home/devpc/Desktop/microros_ws/install/lifecycle_msgs/include/lifecycle_msgs/srv/detail/change_state__functions.h
[1.208s] -- Up-to-date: /home/devpc/Desktop/microros_ws/install/lifecycle_msgs/include/lifecycle_msgs/srv/detail/get_available_transitions__struct.h
[1.208s] -- Up-to-date: /home/devpc/Desktop/microros_ws/install/lifecycle_msgs/include/lifecycle_msgs/srv/detail/get_state__type_support.h
[1.209s] -- Up-to-date: /home/devpc/Desktop/microros_ws/install/lifecycle_msgs/include/lifecycle_msgs/srv/detail/get_available_transitions__functions.h
[1.209s] -- Up-to-date: /home/devpc/Desktop/microros_ws/install/lifecycle_msgs/include/lifecycle_msgs/srv/detail/get_state__functions.c
[1.209s] -- Up-to-date: /home/devpc/Desktop/microros_ws/install/lifecycle_msgs/include/lifecycle_msgs/srv/detail/get_available_states__struct.h
[1.210s] -- Up-to-date: /home/devpc/Desktop/microros_ws/install/lifecycle_msgs/include/lifecycle_msgs/srv/detail/change_state__struct.h
[1.211s] -- Up-to-date: /home/devpc/Desktop/microros_ws/install/lifecycle_msgs/include/lifecycle_msgs/srv/detail/get_available_states__functions.h
[1.211s] -- Up-to-date: /home/devpc/Desktop/microros_ws/install/lifecycle_msgs/include/lifecycle_msgs/srv/detail/get_state__functions.h
[1.211s] -- Up-to-date: /home/devpc/Desktop/microros_ws/install/lifecycle_msgs/include/lifecycle_msgs/srv/detail/get_available_states__functions.c
[1.211s] -- Up-to-date: /home/devpc/Desktop/microros_ws/install/lifecycle_msgs/include/lifecycle_msgs/srv/detail/change_state__type_support.h
[1.211s] -- Up-to-date: /home/devpc/Desktop/microros_ws/install/lifecycle_msgs/include/lifecycle_msgs/srv/get_state.h
[1.212s] -- Up-to-date: /home/devpc/Desktop/microros_ws/install/lifecycle_msgs/include/lifecycle_msgs/srv/get_available_transitions.h
[1.212s] -- Up-to-date: /home/devpc/Desktop/microros_ws/install/lifecycle_msgs/include/lifecycle_msgs/srv/get_available_states.h
[1.212s] -- Up-to-date: /home/devpc/Desktop/microros_ws/install/lifecycle_msgs/include/lifecycle_msgs/srv/change_state.h
[1.212s] -- Up-to-date: /home/devpc/Desktop/microros_ws/install/lifecycle_msgs/share/lifecycle_msgs/environment/library_path.sh
[1.212s] -- Up-to-date: /home/devpc/Desktop/microros_ws/install/lifecycle_msgs/share/lifecycle_msgs/environment/library_path.dsv
[1.213s] -- Up-to-date: /home/devpc/Desktop/microros_ws/install/lifecycle_msgs/lib/liblifecycle_msgs__rosidl_generator_c.so
[1.213s] -- Up-to-date: /home/devpc/Desktop/microros_ws/install/lifecycle_msgs/include/lifecycle_msgs
[1.214s] -- Up-to-date: /home/devpc/Desktop/microros_ws/install/lifecycle_msgs/include/lifecycle_msgs/msg
[1.214s] -- Up-to-date: /home/devpc/Desktop/microros_ws/install/lifecycle_msgs/include/lifecycle_msgs/msg/detail
[1.214s] -- Up-to-date: /home/devpc/Desktop/microros_ws/install/lifecycle_msgs/include/lifecycle_msgs/msg/detail/state__rosidl_typesupport_microxrcedds_c.h
[1.214s] -- Up-to-date: /home/devpc/Desktop/microros_ws/install/lifecycle_msgs/include/lifecycle_msgs/msg/detail/transition_event__rosidl_typesupport_microxrcedds_c.h
[1.215s] -- Up-to-date: /home/devpc/Desktop/microros_ws/install/lifecycle_msgs/include/lifecycle_msgs/msg/detail/transition__rosidl_typesupport_microxrcedds_c.h
[1.215s] -- Up-to-date: /home/devpc/Desktop/microros_ws/install/lifecycle_msgs/include/lifecycle_msgs/msg/detail/microxrcedds
[1.215s] -- Up-to-date: /home/devpc/Desktop/microros_ws/install/lifecycle_msgs/include/lifecycle_msgs/msg/detail/transition_description__rosidl_typesupport_microxrcedds_c.h
[1.215s] -- Up-to-date: /home/devpc/Desktop/microros_ws/install/lifecycle_msgs/include/lifecycle_msgs/msg/rosidl_typesupport_microxrcedds_c__visibility_control.h
[1.215s] -- Up-to-date: /home/devpc/Desktop/microros_ws/install/lifecycle_msgs/include/lifecycle_msgs/srv
[1.216s] -- Up-to-date: /home/devpc/Desktop/microros_ws/install/lifecycle_msgs/include/lifecycle_msgs/srv/detail
[1.216s] -- Up-to-date: /home/devpc/Desktop/microros_ws/install/lifecycle_msgs/include/lifecycle_msgs/srv/detail/get_available_states__rosidl_typesupport_microxrcedds_c.h
[1.217s] -- Up-to-date: /home/devpc/Desktop/microros_ws/install/lifecycle_msgs/include/lifecycle_msgs/srv/detail/get_state__rosidl_typesupport_microxrcedds_c.h
[1.217s] -- Up-to-date: /home/devpc/Desktop/microros_ws/install/lifecycle_msgs/include/lifecycle_msgs/srv/detail/get_available_transitions__rosidl_typesupport_microxrcedds_c.h
[1.218s] -- Up-to-date: /home/devpc/Desktop/microros_ws/install/lifecycle_msgs/include/lifecycle_msgs/srv/detail/change_state__rosidl_typesupport_microxrcedds_c.h
[1.218s] -- Up-to-date: /home/devpc/Desktop/microros_ws/install/lifecycle_msgs/include/lifecycle_msgs/srv/detail/microxrcedds
[1.218s] -- Up-to-date: /home/devpc/Desktop/microros_ws/install/lifecycle_msgs/lib/liblifecycle_msgs__rosidl_typesupport_microxrcedds_c.so
[1.219s] -- Up-to-date: /home/devpc/Desktop/microros_ws/install/lifecycle_msgs/include/lifecycle_msgs
[1.219s] -- Up-to-date: /home/devpc/Desktop/microros_ws/install/lifecycle_msgs/include/lifecycle_msgs/msg
[1.219s] -- Up-to-date: /home/devpc/Desktop/microros_ws/install/lifecycle_msgs/include/lifecycle_msgs/msg/detail
[1.219s] -- Up-to-date: /home/devpc/Desktop/microros_ws/install/lifecycle_msgs/include/lifecycle_msgs/msg/detail/transition_event__rosidl_typesupport_fastrtps_c.h
[1.220s] -- Up-to-date: /home/devpc/Desktop/microros_ws/install/lifecycle_msgs/include/lifecycle_msgs/msg/detail/transition_description__rosidl_typesupport_fastrtps_c.h
[1.220s] -- Up-to-date: /home/devpc/Desktop/microros_ws/install/lifecycle_msgs/include/lifecycle_msgs/msg/detail/state__rosidl_typesupport_fastrtps_c.h
[1.220s] -- Up-to-date: /home/devpc/Desktop/microros_ws/install/lifecycle_msgs/include/lifecycle_msgs/msg/detail/transition__rosidl_typesupport_fastrtps_c.h
[1.220s] -- Up-to-date: /home/devpc/Desktop/microros_ws/install/lifecycle_msgs/include/lifecycle_msgs/msg/rosidl_typesupport_fastrtps_c__visibility_control.h
[1.220s] -- Up-to-date: /home/devpc/Desktop/microros_ws/install/lifecycle_msgs/include/lifecycle_msgs/srv
[1.221s] -- Up-to-date: /home/devpc/Desktop/microros_ws/install/lifecycle_msgs/include/lifecycle_msgs/srv/detail
[1.221s] -- Up-to-date: /home/devpc/Desktop/microros_ws/install/lifecycle_msgs/include/lifecycle_msgs/srv/detail/get_available_transitions__rosidl_typesupport_fastrtps_c.h
[1.221s] -- Up-to-date: /home/devpc/Desktop/microros_ws/install/lifecycle_msgs/include/lifecycle_msgs/srv/detail/change_state__rosidl_typesupport_fastrtps_c.h
[1.222s] -- Up-to-date: /home/devpc/Desktop/microros_ws/install/lifecycle_msgs/include/lifecycle_msgs/srv/detail/get_available_states__rosidl_typesupport_fastrtps_c.h
[1.222s] -- Up-to-date: /home/devpc/Desktop/microros_ws/install/lifecycle_msgs/include/lifecycle_msgs/srv/detail/get_state__rosidl_typesupport_fastrtps_c.h
[1.222s] -- Up-to-date: /home/devpc/Desktop/microros_ws/install/lifecycle_msgs/lib/liblifecycle_msgs__rosidl_typesupport_fastrtps_c.so
[1.223s] -- Up-to-date: /home/devpc/Desktop/microros_ws/install/lifecycle_msgs/include/lifecycle_msgs
[1.226s] -- Up-to-date: /home/devpc/Desktop/microros_ws/install/lifecycle_msgs/include/lifecycle_msgs/msg
[1.226s] -- Up-to-date: /home/devpc/Desktop/microros_ws/install/lifecycle_msgs/include/lifecycle_msgs/msg/detail
[1.226s] -- Up-to-date: /home/devpc/Desktop/microros_ws/install/lifecycle_msgs/include/lifecycle_msgs/msg/detail/transition_description__rosidl_typesupport_fastrtps_cpp.hpp
[1.226s] -- Up-to-date: /home/devpc/Desktop/microros_ws/install/lifecycle_msgs/include/lifecycle_msgs/msg/detail/transition__rosidl_typesupport_fastrtps_cpp.hpp
[1.227s] -- Up-to-date: /home/devpc/Desktop/microros_ws/install/lifecycle_msgs/include/lifecycle_msgs/msg/detail/state__rosidl_typesupport_fastrtps_cpp.hpp
[1.227s] -- Up-to-date: /home/devpc/Desktop/microros_ws/install/lifecycle_msgs/include/lifecycle_msgs/msg/detail/transition_event__rosidl_typesupport_fastrtps_cpp.hpp
[1.227s] -- Up-to-date: /home/devpc/Desktop/microros_ws/install/lifecycle_msgs/include/lifecycle_msgs/msg/detail/dds_fastrtps
[1.227s] -- Up-to-date: /home/devpc/Desktop/microros_ws/install/lifecycle_msgs/include/lifecycle_msgs/msg/rosidl_typesupport_fastrtps_cpp__visibility_control.h
[1.227s] -- Up-to-date: /home/devpc/Desktop/microros_ws/install/lifecycle_msgs/include/lifecycle_msgs/srv
[1.227s] -- Up-to-date: /home/devpc/Desktop/microros_ws/install/lifecycle_msgs/include/lifecycle_msgs/srv/detail
[1.227s] -- Up-to-date: /home/devpc/Desktop/microros_ws/install/lifecycle_msgs/include/lifecycle_msgs/srv/detail/change_state__rosidl_typesupport_fastrtps_cpp.hpp
[1.228s] -- Up-to-date: /home/devpc/Desktop/microros_ws/install/lifecycle_msgs/include/lifecycle_msgs/srv/detail/get_available_transitions__rosidl_typesupport_fastrtps_cpp.hpp
[1.228s] -- Up-to-date: /home/devpc/Desktop/microros_ws/install/lifecycle_msgs/include/lifecycle_msgs/srv/detail/get_state__rosidl_typesupport_fastrtps_cpp.hpp
[1.228s] -- Up-to-date: /home/devpc/Desktop/microros_ws/install/lifecycle_msgs/include/lifecycle_msgs/srv/detail/dds_fastrtps
[1.228s] -- Up-to-date: /home/devpc/Desktop/microros_ws/install/lifecycle_msgs/include/lifecycle_msgs/srv/detail/get_available_states__rosidl_typesupport_fastrtps_cpp.hpp
[1.228s] -- Up-to-date: /home/devpc/Desktop/microros_ws/install/lifecycle_msgs/lib/liblifecycle_msgs__rosidl_typesupport_fastrtps_cpp.so
[1.228s] -- Up-to-date: /home/devpc/Desktop/microros_ws/install/lifecycle_msgs/include/lifecycle_msgs
[1.228s] -- Up-to-date: /home/devpc/Desktop/microros_ws/install/lifecycle_msgs/include/lifecycle_msgs/msg
[1.229s] -- Up-to-date: /home/devpc/Desktop/microros_ws/install/lifecycle_msgs/include/lifecycle_msgs/msg/detail
[1.229s] -- Up-to-date: /home/devpc/Desktop/microros_ws/install/lifecycle_msgs/include/lifecycle_msgs/msg/detail/transition__rosidl_typesupport_introspection_c.h
[1.229s] -- Up-to-date: /home/devpc/Desktop/microros_ws/install/lifecycle_msgs/include/lifecycle_msgs/msg/detail/transition_event__rosidl_typesupport_introspection_c.h
[1.229s] -- Up-to-date: /home/devpc/Desktop/microros_ws/install/lifecycle_msgs/include/lifecycle_msgs/msg/detail/transition_description__type_support.c
[1.229s] -- Up-to-date: /home/devpc/Desktop/microros_ws/install/lifecycle_msgs/include/lifecycle_msgs/msg/detail/state__rosidl_typesupport_introspection_c.h
[1.229s] -- Up-to-date: /home/devpc/Desktop/microros_ws/install/lifecycle_msgs/include/lifecycle_msgs/msg/detail/state__type_support.c
[1.229s] -- Up-to-date: /home/devpc/Desktop/microros_ws/install/lifecycle_msgs/include/lifecycle_msgs/msg/detail/transition__type_support.c
[1.230s] -- Up-to-date: /home/devpc/Desktop/microros_ws/install/lifecycle_msgs/include/lifecycle_msgs/msg/detail/transition_description__rosidl_typesupport_introspection_c.h
[1.230s] -- Up-to-date: /home/devpc/Desktop/microros_ws/install/lifecycle_msgs/include/lifecycle_msgs/msg/detail/transition_event__type_support.c
[1.230s] -- Up-to-date: /home/devpc/Desktop/microros_ws/install/lifecycle_msgs/include/lifecycle_msgs/msg/rosidl_typesupport_introspection_c__visibility_control.h
[1.231s] -- Up-to-date: /home/devpc/Desktop/microros_ws/install/lifecycle_msgs/include/lifecycle_msgs/srv
[1.231s] -- Up-to-date: /home/devpc/Desktop/microros_ws/install/lifecycle_msgs/include/lifecycle_msgs/srv/detail
[1.231s] -- Up-to-date: /home/devpc/Desktop/microros_ws/install/lifecycle_msgs/include/lifecycle_msgs/srv/detail/change_state__type_support.c
[1.231s] -- Up-to-date: /home/devpc/Desktop/microros_ws/install/lifecycle_msgs/include/lifecycle_msgs/srv/detail/get_available_transitions__rosidl_typesupport_introspection_c.h
[1.232s] -- Up-to-date: /home/devpc/Desktop/microros_ws/install/lifecycle_msgs/include/lifecycle_msgs/srv/detail/get_state__type_support.c
[1.232s] -- Up-to-date: /home/devpc/Desktop/microros_ws/install/lifecycle_msgs/include/lifecycle_msgs/srv/detail/get_available_states__type_support.c
[1.232s] -- Up-to-date: /home/devpc/Desktop/microros_ws/install/lifecycle_msgs/include/lifecycle_msgs/srv/detail/get_state__rosidl_typesupport_introspection_c.h
[1.232s] -- Up-to-date: /home/devpc/Desktop/microros_ws/install/lifecycle_msgs/include/lifecycle_msgs/srv/detail/get_available_states__rosidl_typesupport_introspection_c.h
[1.233s] -- Up-to-date: /home/devpc/Desktop/microros_ws/install/lifecycle_msgs/include/lifecycle_msgs/srv/detail/change_state__rosidl_typesupport_introspection_c.h
[1.233s] -- Up-to-date: /home/devpc/Desktop/microros_ws/install/lifecycle_msgs/include/lifecycle_msgs/srv/detail/get_available_transitions__type_support.c
[1.233s] -- Up-to-date: /home/devpc/Desktop/microros_ws/install/lifecycle_msgs/lib/liblifecycle_msgs__rosidl_typesupport_introspection_c.so
[1.233s] -- Up-to-date: /home/devpc/Desktop/microros_ws/install/lifecycle_msgs/lib/liblifecycle_msgs__rosidl_typesupport_c.so
[1.234s] -- Up-to-date: /home/devpc/Desktop/microros_ws/install/lifecycle_msgs/include/lifecycle_msgs
[1.234s] -- Up-to-date: /home/devpc/Desktop/microros_ws/install/lifecycle_msgs/include/lifecycle_msgs/msg
[1.235s] -- Up-to-date: /home/devpc/Desktop/microros_ws/install/lifecycle_msgs/include/lifecycle_msgs/msg/detail
[1.235s] -- Up-to-date: /home/devpc/Desktop/microros_ws/install/lifecycle_msgs/include/lifecycle_msgs/msg/detail/transition__traits.hpp
[1.236s] -- Up-to-date: /home/devpc/Desktop/microros_ws/install/lifecycle_msgs/include/lifecycle_msgs/msg/detail/transition_event__builder.hpp
[1.236s] -- Up-to-date: /home/devpc/Desktop/microros_ws/install/lifecycle_msgs/include/lifecycle_msgs/msg/detail/transition_event__struct.hpp
[1.236s] -- Up-to-date: /home/devpc/Desktop/microros_ws/install/lifecycle_msgs/include/lifecycle_msgs/msg/detail/state__builder.hpp
[1.236s] -- Up-to-date: /home/devpc/Desktop/microros_ws/install/lifecycle_msgs/include/lifecycle_msgs/msg/detail/transition_description__builder.hpp
[1.237s] -- Up-to-date: /home/devpc/Desktop/microros_ws/install/lifecycle_msgs/include/lifecycle_msgs/msg/detail/state__struct.hpp
[1.237s] -- Up-to-date: /home/devpc/Desktop/microros_ws/install/lifecycle_msgs/include/lifecycle_msgs/msg/detail/transition_event__traits.hpp
[1.238s] -- Up-to-date: /home/devpc/Desktop/microros_ws/install/lifecycle_msgs/include/lifecycle_msgs/msg/detail/transition_description__struct.hpp
[1.238s] -- Up-to-date: /home/devpc/Desktop/microros_ws/install/lifecycle_msgs/include/lifecycle_msgs/msg/detail/transition__struct.hpp
[1.238s] -- Up-to-date: /home/devpc/Desktop/microros_ws/install/lifecycle_msgs/include/lifecycle_msgs/msg/detail/state__traits.hpp
[1.239s] -- Up-to-date: /home/devpc/Desktop/microros_ws/install/lifecycle_msgs/include/lifecycle_msgs/msg/detail/transition__builder.hpp
[1.239s] -- Up-to-date: /home/devpc/Desktop/microros_ws/install/lifecycle_msgs/include/lifecycle_msgs/msg/detail/transition_description__traits.hpp
[1.239s] -- Up-to-date: /home/devpc/Desktop/microros_ws/install/lifecycle_msgs/include/lifecycle_msgs/msg/transition_event.hpp
[1.240s] -- Up-to-date: /home/devpc/Desktop/microros_ws/install/lifecycle_msgs/include/lifecycle_msgs/msg/transition.hpp
[1.240s] -- Up-to-date: /home/devpc/Desktop/microros_ws/install/lifecycle_msgs/include/lifecycle_msgs/msg/state.hpp
[1.241s] -- Up-to-date: /home/devpc/Desktop/microros_ws/install/lifecycle_msgs/include/lifecycle_msgs/msg/transition_description.hpp
[1.242s] -- Up-to-date: /home/devpc/Desktop/microros_ws/install/lifecycle_msgs/include/lifecycle_msgs/srv
[1.242s] -- Up-to-date: /home/devpc/Desktop/microros_ws/install/lifecycle_msgs/include/lifecycle_msgs/srv/get_available_transitions.hpp
[1.242s] -- Up-to-date: /home/devpc/Desktop/microros_ws/install/lifecycle_msgs/include/lifecycle_msgs/srv/get_available_states.hpp
[1.243s] -- Up-to-date: /home/devpc/Desktop/microros_ws/install/lifecycle_msgs/include/lifecycle_msgs/srv/detail
[1.243s] -- Up-to-date: /home/devpc/Desktop/microros_ws/install/lifecycle_msgs/include/lifecycle_msgs/srv/detail/get_state__traits.hpp
[1.243s] -- Up-to-date: /home/devpc/Desktop/microros_ws/install/lifecycle_msgs/include/lifecycle_msgs/srv/detail/change_state__struct.hpp
[1.244s] -- Up-to-date: /home/devpc/Desktop/microros_ws/install/lifecycle_msgs/include/lifecycle_msgs/srv/detail/get_state__builder.hpp
[1.244s] -- Up-to-date: /home/devpc/Desktop/microros_ws/install/lifecycle_msgs/include/lifecycle_msgs/srv/detail/change_state__builder.hpp
[1.244s] -- Up-to-date: /home/devpc/Desktop/microros_ws/install/lifecycle_msgs/include/lifecycle_msgs/srv/detail/get_available_states__struct.hpp
[1.245s] -- Up-to-date: /home/devpc/Desktop/microros_ws/install/lifecycle_msgs/include/lifecycle_msgs/srv/detail/get_available_transitions__traits.hpp
[1.245s] -- Up-to-date: /home/devpc/Desktop/microros_ws/install/lifecycle_msgs/include/lifecycle_msgs/srv/detail/get_available_transitions__struct.hpp
[1.245s] -- Up-to-date: /home/devpc/Desktop/microros_ws/install/lifecycle_msgs/include/lifecycle_msgs/srv/detail/change_state__traits.hpp
[1.246s] -- Up-to-date: /home/devpc/Desktop/microros_ws/install/lifecycle_msgs/include/lifecycle_msgs/srv/detail/get_available_states__traits.hpp
[1.246s] -- Up-to-date: /home/devpc/Desktop/microros_ws/install/lifecycle_msgs/include/lifecycle_msgs/srv/detail/get_available_states__builder.hpp
[1.246s] -- Up-to-date: /home/devpc/Desktop/microros_ws/install/lifecycle_msgs/include/lifecycle_msgs/srv/detail/get_state__struct.hpp
[1.246s] -- Up-to-date: /home/devpc/Desktop/microros_ws/install/lifecycle_msgs/include/lifecycle_msgs/srv/detail/get_available_transitions__builder.hpp
[1.247s] -- Up-to-date: /home/devpc/Desktop/microros_ws/install/lifecycle_msgs/include/lifecycle_msgs/srv/change_state.hpp
[1.247s] -- Up-to-date: /home/devpc/Desktop/microros_ws/install/lifecycle_msgs/include/lifecycle_msgs/srv/get_state.hpp
[1.248s] -- Up-to-date: /home/devpc/Desktop/microros_ws/install/lifecycle_msgs/include/lifecycle_msgs
[1.249s] -- Up-to-date: /home/devpc/Desktop/microros_ws/install/lifecycle_msgs/include/lifecycle_msgs/msg
[1.252s] -- Up-to-date: /home/devpc/Desktop/microros_ws/install/lifecycle_msgs/include/lifecycle_msgs/msg/detail
[1.252s] -- Up-to-date: /home/devpc/Desktop/microros_ws/install/lifecycle_msgs/include/lifecycle_msgs/msg/detail/transition__rosidl_typesupport_microxrcedds_cpp.hpp
[1.252s] -- Up-to-date: /home/devpc/Desktop/microros_ws/install/lifecycle_msgs/include/lifecycle_msgs/msg/detail/state__rosidl_typesupport_microxrcedds_cpp.hpp
[1.252s] -- Up-to-date: /home/devpc/Desktop/microros_ws/install/lifecycle_msgs/include/lifecycle_msgs/msg/detail/transition_description__rosidl_typesupport_microxrcedds_cpp.hpp
[1.253s] -- Up-to-date: /home/devpc/Desktop/microros_ws/install/lifecycle_msgs/include/lifecycle_msgs/msg/detail/microxrcedds
[1.253s] -- Up-to-date: /home/devpc/Desktop/microros_ws/install/lifecycle_msgs/include/lifecycle_msgs/msg/detail/microxrcedds/state__type_support_cpp.cpp
[1.253s] -- Up-to-date: /home/devpc/Desktop/microros_ws/install/lifecycle_msgs/include/lifecycle_msgs/msg/detail/microxrcedds/transition_description__type_support_cpp.cpp
[1.253s] -- Up-to-date: /home/devpc/Desktop/microros_ws/install/lifecycle_msgs/include/lifecycle_msgs/msg/detail/microxrcedds/transition_event__type_support_cpp.cpp
[1.253s] -- Up-to-date: /home/devpc/Desktop/microros_ws/install/lifecycle_msgs/include/lifecycle_msgs/msg/detail/microxrcedds/transition__type_support_cpp.cpp
[1.254s] -- Up-to-date: /home/devpc/Desktop/microros_ws/install/lifecycle_msgs/include/lifecycle_msgs/msg/detail/transition_event__rosidl_typesupport_microxrcedds_cpp.hpp
[1.254s] -- Up-to-date: /home/devpc/Desktop/microros_ws/install/lifecycle_msgs/include/lifecycle_msgs/msg/rosidl_typesupport_microxrcedds_cpp__visibility_control.h
[1.254s] -- Up-to-date: /home/devpc/Desktop/microros_ws/install/lifecycle_msgs/include/lifecycle_msgs/srv
[1.254s] -- Up-to-date: /home/devpc/Desktop/microros_ws/install/lifecycle_msgs/include/lifecycle_msgs/srv/detail
[1.254s] -- Up-to-date: /home/devpc/Desktop/microros_ws/install/lifecycle_msgs/include/lifecycle_msgs/srv/detail/get_available_transitions__rosidl_typesupport_microxrcedds_cpp.hpp
[1.254s] -- Up-to-date: /home/devpc/Desktop/microros_ws/install/lifecycle_msgs/include/lifecycle_msgs/srv/detail/get_state__rosidl_typesupport_microxrcedds_cpp.hpp
[1.255s] -- Up-to-date: /home/devpc/Desktop/microros_ws/install/lifecycle_msgs/include/lifecycle_msgs/srv/detail/get_available_states__rosidl_typesupport_microxrcedds_cpp.hpp
[1.255s] -- Up-to-date: /home/devpc/Desktop/microros_ws/install/lifecycle_msgs/include/lifecycle_msgs/srv/detail/microxrcedds
[1.255s] -- Up-to-date: /home/devpc/Desktop/microros_ws/install/lifecycle_msgs/include/lifecycle_msgs/srv/detail/microxrcedds/get_available_states__type_support_cpp.cpp
[1.255s] -- Up-to-date: /home/devpc/Desktop/microros_ws/install/lifecycle_msgs/include/lifecycle_msgs/srv/detail/microxrcedds/get_state__type_support_cpp.cpp
[1.255s] -- Up-to-date: /home/devpc/Desktop/microros_ws/install/lifecycle_msgs/include/lifecycle_msgs/srv/detail/microxrcedds/change_state__type_support_cpp.cpp
[1.255s] -- Up-to-date: /home/devpc/Desktop/microros_ws/install/lifecycle_msgs/include/lifecycle_msgs/srv/detail/microxrcedds/get_available_transitions__type_support_cpp.cpp
[1.255s] -- Up-to-date: /home/devpc/Desktop/microros_ws/install/lifecycle_msgs/include/lifecycle_msgs/srv/detail/change_state__rosidl_typesupport_microxrcedds_cpp.hpp
[1.255s] -- Up-to-date: /home/devpc/Desktop/microros_ws/install/lifecycle_msgs/lib/liblifecycle_msgs__rosidl_typesupport_microxrcedds_cpp.so
[1.256s] -- Up-to-date: /home/devpc/Desktop/microros_ws/install/lifecycle_msgs/include/lifecycle_msgs
[1.256s] -- Up-to-date: /home/devpc/Desktop/microros_ws/install/lifecycle_msgs/include/lifecycle_msgs/msg
[1.256s] -- Up-to-date: /home/devpc/Desktop/microros_ws/install/lifecycle_msgs/include/lifecycle_msgs/msg/detail
[1.256s] -- Up-to-date: /home/devpc/Desktop/microros_ws/install/lifecycle_msgs/include/lifecycle_msgs/msg/detail/state__rosidl_typesupport_introspection_cpp.hpp
[1.256s] -- Up-to-date: /home/devpc/Desktop/microros_ws/install/lifecycle_msgs/include/lifecycle_msgs/msg/detail/state__type_support.cpp
[1.256s] -- Up-to-date: /home/devpc/Desktop/microros_ws/install/lifecycle_msgs/include/lifecycle_msgs/msg/detail/transition__type_support.cpp
[1.256s] -- Up-to-date: /home/devpc/Desktop/microros_ws/install/lifecycle_msgs/include/lifecycle_msgs/msg/detail/transition_event__type_support.cpp
[1.257s] -- Up-to-date: /home/devpc/Desktop/microros_ws/install/lifecycle_msgs/include/lifecycle_msgs/msg/detail/transition_description__rosidl_typesupport_introspection_cpp.hpp
[1.257s] -- Up-to-date: /home/devpc/Desktop/microros_ws/install/lifecycle_msgs/include/lifecycle_msgs/msg/detail/transition_description__type_support.cpp
[1.257s] -- Up-to-date: /home/devpc/Desktop/microros_ws/install/lifecycle_msgs/include/lifecycle_msgs/msg/detail/transition_event__rosidl_typesupport_introspection_cpp.hpp
[1.257s] -- Up-to-date: /home/devpc/Desktop/microros_ws/install/lifecycle_msgs/include/lifecycle_msgs/msg/detail/transition__rosidl_typesupport_introspection_cpp.hpp
[1.258s] -- Up-to-date: /home/devpc/Desktop/microros_ws/install/lifecycle_msgs/include/lifecycle_msgs/srv
[1.258s] -- Up-to-date: /home/devpc/Desktop/microros_ws/install/lifecycle_msgs/include/lifecycle_msgs/srv/detail
[1.258s] -- Up-to-date: /home/devpc/Desktop/microros_ws/install/lifecycle_msgs/include/lifecycle_msgs/srv/detail/change_state__type_support.cpp
[1.258s] -- Up-to-date: /home/devpc/Desktop/microros_ws/install/lifecycle_msgs/include/lifecycle_msgs/srv/detail/get_available_transitions__type_support.cpp
[1.258s] -- Up-to-date: /home/devpc/Desktop/microros_ws/install/lifecycle_msgs/include/lifecycle_msgs/srv/detail/change_state__rosidl_typesupport_introspection_cpp.hpp
[1.258s] -- Up-to-date: /home/devpc/Desktop/microros_ws/install/lifecycle_msgs/include/lifecycle_msgs/srv/detail/get_state__type_support.cpp
[1.258s] -- Up-to-date: /home/devpc/Desktop/microros_ws/install/lifecycle_msgs/include/lifecycle_msgs/srv/detail/get_state__rosidl_typesupport_introspection_cpp.hpp
[1.258s] -- Up-to-date: /home/devpc/Desktop/microros_ws/install/lifecycle_msgs/include/lifecycle_msgs/srv/detail/get_available_states__type_support.cpp
[1.259s] -- Up-to-date: /home/devpc/Desktop/microros_ws/install/lifecycle_msgs/include/lifecycle_msgs/srv/detail/get_available_transitions__rosidl_typesupport_introspection_cpp.hpp
[1.259s] -- Up-to-date: /home/devpc/Desktop/microros_ws/install/lifecycle_msgs/include/lifecycle_msgs/srv/detail/get_available_states__rosidl_typesupport_introspection_cpp.hpp
[1.259s] -- Up-to-date: /home/devpc/Desktop/microros_ws/install/lifecycle_msgs/lib/liblifecycle_msgs__rosidl_typesupport_introspection_cpp.so
[1.259s] -- Up-to-date: /home/devpc/Desktop/microros_ws/install/lifecycle_msgs/lib/liblifecycle_msgs__rosidl_typesupport_cpp.so
[1.259s] -- Up-to-date: /home/devpc/Desktop/microros_ws/install/lifecycle_msgs/share/lifecycle_msgs/environment/pythonpath.sh
[1.259s] -- Up-to-date: /home/devpc/Desktop/microros_ws/install/lifecycle_msgs/share/lifecycle_msgs/environment/pythonpath.dsv
[1.259s] -- Up-to-date: /home/devpc/Desktop/microros_ws/install/lifecycle_msgs/lib/python3.8/site-packages/lifecycle_msgs/__init__.py
[1.262s] -- Up-to-date: /home/devpc/Desktop/microros_ws/install/lifecycle_msgs/lib/python3.8/site-packages/lifecycle_msgs/msg
[1.262s] -- Up-to-date: /home/devpc/Desktop/microros_ws/install/lifecycle_msgs/lib/python3.8/site-packages/lifecycle_msgs/msg/_transition_event_s.c
[1.262s] -- Up-to-date: /home/devpc/Desktop/microros_ws/install/lifecycle_msgs/lib/python3.8/site-packages/lifecycle_msgs/msg/_state_s.c
[1.262s] -- Up-to-date: /home/devpc/Desktop/microros_ws/install/lifecycle_msgs/lib/python3.8/site-packages/lifecycle_msgs/msg/__init__.py
[1.262s] -- Up-to-date: /home/devpc/Desktop/microros_ws/install/lifecycle_msgs/lib/python3.8/site-packages/lifecycle_msgs/msg/_transition_description.py
[1.262s] -- Up-to-date: /home/devpc/Desktop/microros_ws/install/lifecycle_msgs/lib/python3.8/site-packages/lifecycle_msgs/msg/_state.py
[1.263s] -- Up-to-date: /home/devpc/Desktop/microros_ws/install/lifecycle_msgs/lib/python3.8/site-packages/lifecycle_msgs/msg/_transition.py
[1.263s] -- Up-to-date: /home/devpc/Desktop/microros_ws/install/lifecycle_msgs/lib/python3.8/site-packages/lifecycle_msgs/msg/_transition_description_s.c
[1.263s] -- Up-to-date: /home/devpc/Desktop/microros_ws/install/lifecycle_msgs/lib/python3.8/site-packages/lifecycle_msgs/msg/_transition_event.py
[1.264s] -- Up-to-date: /home/devpc/Desktop/microros_ws/install/lifecycle_msgs/lib/python3.8/site-packages/lifecycle_msgs/msg/_transition_s.c
[1.264s] -- Up-to-date: /home/devpc/Desktop/microros_ws/install/lifecycle_msgs/lib/python3.8/site-packages/lifecycle_msgs/srv
[1.264s] -- Up-to-date: /home/devpc/Desktop/microros_ws/install/lifecycle_msgs/lib/python3.8/site-packages/lifecycle_msgs/srv/_get_state_s.c
[1.264s] -- Up-to-date: /home/devpc/Desktop/microros_ws/install/lifecycle_msgs/lib/python3.8/site-packages/lifecycle_msgs/srv/_change_state_s.c
[1.265s] -- Up-to-date: /home/devpc/Desktop/microros_ws/install/lifecycle_msgs/lib/python3.8/site-packages/lifecycle_msgs/srv/__init__.py
[1.266s] -- Up-to-date: /home/devpc/Desktop/microros_ws/install/lifecycle_msgs/lib/python3.8/site-packages/lifecycle_msgs/srv/_get_available_transitions.py
[1.266s] -- Up-to-date: /home/devpc/Desktop/microros_ws/install/lifecycle_msgs/lib/python3.8/site-packages/lifecycle_msgs/srv/_get_state.py
[1.266s] -- Up-to-date: /home/devpc/Desktop/microros_ws/install/lifecycle_msgs/lib/python3.8/site-packages/lifecycle_msgs/srv/_get_available_states_s.c
[1.267s] -- Up-to-date: /home/devpc/Desktop/microros_ws/install/lifecycle_msgs/lib/python3.8/site-packages/lifecycle_msgs/srv/_get_available_transitions_s.c
[1.267s] -- Up-to-date: /home/devpc/Desktop/microros_ws/install/lifecycle_msgs/lib/python3.8/site-packages/lifecycle_msgs/srv/_change_state.py
[1.268s] -- Up-to-date: /home/devpc/Desktop/microros_ws/install/lifecycle_msgs/lib/python3.8/site-packages/lifecycle_msgs/srv/_get_available_states.py
[1.268s] -- Up-to-date: /home/devpc/Desktop/microros_ws/install/lifecycle_msgs/lib/python3.8/site-packages/lifecycle_msgs/lifecycle_msgs_s__rosidl_typesupport_microxrcedds_c.cpython-38-x86_64-linux-gnu.so
[1.268s] -- Up-to-date: /home/devpc/Desktop/microros_ws/install/lifecycle_msgs/lib/python3.8/site-packages/lifecycle_msgs/lifecycle_msgs_s__rosidl_typesupport_fastrtps_c.cpython-38-x86_64-linux-gnu.so
[1.269s] -- Up-to-date: /home/devpc/Desktop/microros_ws/install/lifecycle_msgs/lib/python3.8/site-packages/lifecycle_msgs/lifecycle_msgs_s__rosidl_typesupport_introspection_c.cpython-38-x86_64-linux-gnu.so
[1.269s] -- Up-to-date: /home/devpc/Desktop/microros_ws/install/lifecycle_msgs/lib/python3.8/site-packages/lifecycle_msgs/lifecycle_msgs_s__rosidl_typesupport_c.cpython-38-x86_64-linux-gnu.so
[1.270s] -- Up-to-date: /home/devpc/Desktop/microros_ws/install/lifecycle_msgs/lib/liblifecycle_msgs__python.so
[1.270s] -- Up-to-date: /home/devpc/Desktop/microros_ws/install/lifecycle_msgs/share/lifecycle_msgs/msg/State.idl
[1.270s] -- Up-to-date: /home/devpc/Desktop/microros_ws/install/lifecycle_msgs/share/lifecycle_msgs/msg/Transition.idl
[1.270s] -- Up-to-date: /home/devpc/Desktop/microros_ws/install/lifecycle_msgs/share/lifecycle_msgs/msg/TransitionDescription.idl
[1.270s] -- Up-to-date: /home/devpc/Desktop/microros_ws/install/lifecycle_msgs/share/lifecycle_msgs/msg/TransitionEvent.idl
[1.270s] -- Up-to-date: /home/devpc/Desktop/microros_ws/install/lifecycle_msgs/share/lifecycle_msgs/srv/ChangeState.idl
[1.271s] -- Up-to-date: /home/devpc/Desktop/microros_ws/install/lifecycle_msgs/share/lifecycle_msgs/srv/GetAvailableStates.idl
[1.271s] -- Up-to-date: /home/devpc/Desktop/microros_ws/install/lifecycle_msgs/share/lifecycle_msgs/srv/GetAvailableTransitions.idl
[1.271s] -- Up-to-date: /home/devpc/Desktop/microros_ws/install/lifecycle_msgs/share/lifecycle_msgs/srv/GetState.idl
[1.272s] -- Up-to-date: /home/devpc/Desktop/microros_ws/install/lifecycle_msgs/share/lifecycle_msgs/msg/State.msg
[1.273s] -- Up-to-date: /home/devpc/Desktop/microros_ws/install/lifecycle_msgs/share/lifecycle_msgs/msg/Transition.msg
[1.273s] -- Up-to-date: /home/devpc/Desktop/microros_ws/install/lifecycle_msgs/share/lifecycle_msgs/msg/TransitionDescription.msg
[1.273s] -- Up-to-date: /home/devpc/Desktop/microros_ws/install/lifecycle_msgs/share/lifecycle_msgs/msg/TransitionEvent.msg
[1.273s] -- Up-to-date: /home/devpc/Desktop/microros_ws/install/lifecycle_msgs/share/lifecycle_msgs/srv/ChangeState.srv
[1.274s] -- Up-to-date: /home/devpc/Desktop/microros_ws/install/lifecycle_msgs/share/lifecycle_msgs/srv/ChangeState_Request.msg
[1.275s] -- Up-to-date: /home/devpc/Desktop/microros_ws/install/lifecycle_msgs/share/lifecycle_msgs/srv/ChangeState_Response.msg
[1.276s] -- Up-to-date: /home/devpc/Desktop/microros_ws/install/lifecycle_msgs/share/lifecycle_msgs/srv/GetAvailableStates.srv
[1.277s] -- Up-to-date: /home/devpc/Desktop/microros_ws/install/lifecycle_msgs/share/lifecycle_msgs/srv/GetAvailableStates_Request.msg
[1.277s] -- Up-to-date: /home/devpc/Desktop/microros_ws/install/lifecycle_msgs/share/lifecycle_msgs/srv/GetAvailableStates_Response.msg
[1.277s] -- Up-to-date: /home/devpc/Desktop/microros_ws/install/lifecycle_msgs/share/lifecycle_msgs/srv/GetAvailableTransitions.srv
[1.277s] -- Up-to-date: /home/devpc/Desktop/microros_ws/install/lifecycle_msgs/share/lifecycle_msgs/srv/GetAvailableTransitions_Request.msg
[1.277s] -- Up-to-date: /home/devpc/Desktop/microros_ws/install/lifecycle_msgs/share/lifecycle_msgs/srv/GetAvailableTransitions_Response.msg
[1.277s] -- Up-to-date: /home/devpc/Desktop/microros_ws/install/lifecycle_msgs/share/lifecycle_msgs/srv/GetState.srv
[1.278s] -- Up-to-date: /home/devpc/Desktop/microros_ws/install/lifecycle_msgs/share/lifecycle_msgs/srv/GetState_Request.msg
[1.278s] -- Up-to-date: /home/devpc/Desktop/microros_ws/install/lifecycle_msgs/share/lifecycle_msgs/srv/GetState_Response.msg
[1.278s] -- Up-to-date: /home/devpc/Desktop/microros_ws/install/lifecycle_msgs/share/ament_index/resource_index/package_run_dependencies/lifecycle_msgs
[1.278s] -- Up-to-date: /home/devpc/Desktop/microros_ws/install/lifecycle_msgs/share/ament_index/resource_index/parent_prefix_path/lifecycle_msgs
[1.278s] -- Up-to-date: /home/devpc/Desktop/microros_ws/install/lifecycle_msgs/share/lifecycle_msgs/environment/ament_prefix_path.sh
[1.278s] -- Up-to-date: /home/devpc/Desktop/microros_ws/install/lifecycle_msgs/share/lifecycle_msgs/environment/ament_prefix_path.dsv
[1.279s] -- Up-to-date: /home/devpc/Desktop/microros_ws/install/lifecycle_msgs/share/lifecycle_msgs/environment/path.sh
[1.279s] -- Up-to-date: /home/devpc/Desktop/microros_ws/install/lifecycle_msgs/share/lifecycle_msgs/environment/path.dsv
[1.279s] -- Up-to-date: /home/devpc/Desktop/microros_ws/install/lifecycle_msgs/share/lifecycle_msgs/local_setup.bash
[1.279s] -- Up-to-date: /home/devpc/Desktop/microros_ws/install/lifecycle_msgs/share/lifecycle_msgs/local_setup.sh
[1.279s] -- Up-to-date: /home/devpc/Desktop/microros_ws/install/lifecycle_msgs/share/lifecycle_msgs/local_setup.zsh
[1.279s] -- Up-to-date: /home/devpc/Desktop/microros_ws/install/lifecycle_msgs/share/lifecycle_msgs/local_setup.dsv
[1.279s] -- Installing: /home/devpc/Desktop/microros_ws/install/lifecycle_msgs/share/lifecycle_msgs/package.dsv
[1.280s] -- Up-to-date: /home/devpc/Desktop/microros_ws/install/lifecycle_msgs/share/ament_index/resource_index/packages/lifecycle_msgs
[1.280s] -- Up-to-date: /home/devpc/Desktop/microros_ws/install/lifecycle_msgs/share/lifecycle_msgs/cmake/lifecycle_msgs__rosidl_generator_cExport.cmake
[1.280s] -- Up-to-date: /home/devpc/Desktop/microros_ws/install/lifecycle_msgs/share/lifecycle_msgs/cmake/lifecycle_msgs__rosidl_generator_cExport-noconfig.cmake
[1.280s] -- Up-to-date: /home/devpc/Desktop/microros_ws/install/lifecycle_msgs/share/lifecycle_msgs/cmake/lifecycle_msgs__rosidl_typesupport_introspection_cExport.cmake
[1.280s] -- Up-to-date: /home/devpc/Desktop/microros_ws/install/lifecycle_msgs/share/lifecycle_msgs/cmake/lifecycle_msgs__rosidl_typesupport_introspection_cExport-noconfig.cmake
[1.280s] -- Up-to-date: /home/devpc/Desktop/microros_ws/install/lifecycle_msgs/share/lifecycle_msgs/cmake/lifecycle_msgs__rosidl_typesupport_cExport.cmake
[1.280s] -- Up-to-date: /home/devpc/Desktop/microros_ws/install/lifecycle_msgs/share/lifecycle_msgs/cmake/lifecycle_msgs__rosidl_typesupport_cExport-noconfig.cmake
[1.280s] -- Up-to-date: /home/devpc/Desktop/microros_ws/install/lifecycle_msgs/share/lifecycle_msgs/cmake/lifecycle_msgs__rosidl_generator_cppExport.cmake
[1.281s] -- Up-to-date: /home/devpc/Desktop/microros_ws/install/lifecycle_msgs/share/lifecycle_msgs/cmake/lifecycle_msgs__rosidl_typesupport_introspection_cppExport.cmake
[1.281s] -- Up-to-date: /home/devpc/Desktop/microros_ws/install/lifecycle_msgs/share/lifecycle_msgs/cmake/lifecycle_msgs__rosidl_typesupport_introspection_cppExport-noconfig.cmake
[1.281s] -- Up-to-date: /home/devpc/Desktop/microros_ws/install/lifecycle_msgs/share/lifecycle_msgs/cmake/lifecycle_msgs__rosidl_typesupport_cppExport.cmake
[1.281s] -- Up-to-date: /home/devpc/Desktop/microros_ws/install/lifecycle_msgs/share/lifecycle_msgs/cmake/lifecycle_msgs__rosidl_typesupport_cppExport-noconfig.cmake
[1.281s] -- Up-to-date: /home/devpc/Desktop/microros_ws/install/lifecycle_msgs/share/lifecycle_msgs/cmake/rosidl_cmake-extras.cmake
[1.281s] -- Up-to-date: /home/devpc/Desktop/microros_ws/install/lifecycle_msgs/share/lifecycle_msgs/cmake/ament_cmake_export_dependencies-extras.cmake
[1.282s] -- Up-to-date: /home/devpc/Desktop/microros_ws/install/lifecycle_msgs/share/lifecycle_msgs/cmake/ament_cmake_export_libraries-extras.cmake
[1.282s] -- Up-to-date: /home/devpc/Desktop/microros_ws/install/lifecycle_msgs/share/lifecycle_msgs/cmake/ament_cmake_export_targets-extras.cmake
[1.282s] -- Up-to-date: /home/devpc/Desktop/microros_ws/install/lifecycle_msgs/share/lifecycle_msgs/cmake/ament_cmake_export_include_directories-extras.cmake
[1.282s] -- Up-to-date: /home/devpc/Desktop/microros_ws/install/lifecycle_msgs/share/lifecycle_msgs/cmake/rosidl_cmake_export_typesupport_libraries-extras.cmake
[1.282s] -- Up-to-date: /home/devpc/Desktop/microros_ws/install/lifecycle_msgs/share/lifecycle_msgs/cmake/rosidl_cmake_export_typesupport_targets-extras.cmake
[1.282s] -- Up-to-date: /home/devpc/Desktop/microros_ws/install/lifecycle_msgs/share/lifecycle_msgs/cmake/lifecycle_msgsConfig.cmake
[1.282s] -- Up-to-date: /home/devpc/Desktop/microros_ws/install/lifecycle_msgs/share/lifecycle_msgs/cmake/lifecycle_msgsConfig-version.cmake
[1.282s] -- Up-to-date: /home/devpc/Desktop/microros_ws/install/lifecycle_msgs/share/lifecycle_msgs/package.xml
[1.323s] Invoked command in '/home/devpc/Desktop/microros_ws/build/lifecycle_msgs' returned '0': CMAKE_PREFIX_PATH=${CMAKE_PREFIX_PATH}:/home/devpc/Desktop/microros_ws/install/sensor_msgs_py:/home/devpc/Desktop/quad_ws/install/quad:/opt/ros/foxy /usr/bin/cmake --install /home/devpc/Desktop/microros_ws/build/lifecycle_msgs
