[0.103s] Invoking command in '/home/devpc/Desktop/microros_ws/build/rosidl_typesupport_microxrcedds_cpp': CMAKE_PREFIX_PATH=/home/devpc/Desktop/microros_ws/install/rosidl_typesupport_microxrcedds_c:/home/devpc/Desktop/microros_ws/install/microcdr:/home/devpc/Desktop/microros_ws/install/rosidl_typesupport_microxrcedds_cpp:/home/devpc/Desktop/microros_ws/install/micro_ros_agent:/home/devpc/Desktop/microros_ws/install/microxrcedds_agent:/home/devpc/Desktop/microros_ws/install/micro_ros_setup:/home/devpc/Desktop/microros_ws/install/micro_ros_msgs:/home/devpc/Desktop/quad_ws/install/quad_interfaces:/home/devpc/Desktop/quad_ws/install/quad:/opt/ros/foxy LD_LIBRARY_PATH=/home/devpc/Desktop/microros_ws/install/rosidl_typesupport_microxrcedds_c/lib:/home/devpc/Desktop/microros_ws/install/microcdr/lib:/home/devpc/Desktop/microros_ws/install/rosidl_typesupport_microxrcedds_cpp/lib:/home/devpc/Desktop/microros_ws/install/microxrcedds_agent/lib:/home/devpc/Desktop/microros_ws/install/micro_ros_msgs/lib:/home/devpc/Desktop/quad_ws/install/quad_interfaces/lib:/opt/ros/foxy/opt/yaml_cpp_vendor/lib:/opt/ros/foxy/opt/rviz_ogre_vendor/lib:/opt/ros/foxy/lib/x86_64-linux-gnu:/opt/ros/foxy/lib PYTHONPATH=/home/devpc/Desktop/microros_ws/install/rosidl_typesupport_microxrcedds_c/lib/python3.8/site-packages:/home/devpc/Desktop/microros_ws/install/rosidl_typesupport_microxrcedds_cpp/lib/python3.8/site-packages:/home/devpc/Desktop/microros_ws/install/micro_ros_msgs/lib/python3.8/site-packages:/home/devpc/Desktop/quad_ws/install/quad_interfaces/lib/python3.8/site-packages:/home/devpc/Desktop/quad_ws/install/quad/lib/python3.8/site-packages:/opt/ros/foxy/lib/python3.8/site-packages /usr/bin/cmake --build /home/devpc/Desktop/microros_ws/build/rosidl_typesupport_microxrcedds_cpp -- -j8 -l8
[1.362s] [100%] Built target rosidl_typesupport_microxrcedds_cpp
[1.403s] Invoked command in '/home/devpc/Desktop/microros_ws/build/rosidl_typesupport_microxrcedds_cpp' returned '0': CMAKE_PREFIX_PATH=/home/devpc/Desktop/microros_ws/install/rosidl_typesupport_microxrcedds_c:/home/devpc/Desktop/microros_ws/install/microcdr:/home/devpc/Desktop/microros_ws/install/rosidl_typesupport_microxrcedds_cpp:/home/devpc/Desktop/microros_ws/install/micro_ros_agent:/home/devpc/Desktop/microros_ws/install/microxrcedds_agent:/home/devpc/Desktop/microros_ws/install/micro_ros_setup:/home/devpc/Desktop/microros_ws/install/micro_ros_msgs:/home/devpc/Desktop/quad_ws/install/quad_interfaces:/home/devpc/Desktop/quad_ws/install/quad:/opt/ros/foxy LD_LIBRARY_PATH=/home/devpc/Desktop/microros_ws/install/rosidl_typesupport_microxrcedds_c/lib:/home/devpc/Desktop/microros_ws/install/microcdr/lib:/home/devpc/Desktop/microros_ws/install/rosidl_typesupport_microxrcedds_cpp/lib:/home/devpc/Desktop/microros_ws/install/microxrcedds_agent/lib:/home/devpc/Desktop/microros_ws/install/micro_ros_msgs/lib:/home/devpc/Desktop/quad_ws/install/quad_interfaces/lib:/opt/ros/foxy/opt/yaml_cpp_vendor/lib:/opt/ros/foxy/opt/rviz_ogre_vendor/lib:/opt/ros/foxy/lib/x86_64-linux-gnu:/opt/ros/foxy/lib PYTHONPATH=/home/devpc/Desktop/microros_ws/install/rosidl_typesupport_microxrcedds_c/lib/python3.8/site-packages:/home/devpc/Desktop/microros_ws/install/rosidl_typesupport_microxrcedds_cpp/lib/python3.8/site-packages:/home/devpc/Desktop/microros_ws/install/micro_ros_msgs/lib/python3.8/site-packages:/home/devpc/Desktop/quad_ws/install/quad_interfaces/lib/python3.8/site-packages:/home/devpc/Desktop/quad_ws/install/quad/lib/python3.8/site-packages:/opt/ros/foxy/lib/python3.8/site-packages /usr/bin/cmake --build /home/devpc/Desktop/microros_ws/build/rosidl_typesupport_microxrcedds_cpp -- -j8 -l8
[1.730s] Invoking command in '/home/devpc/Desktop/microros_ws/build/rosidl_typesupport_microxrcedds_cpp': CMAKE_PREFIX_PATH=/home/devpc/Desktop/microros_ws/install/rosidl_typesupport_microxrcedds_c:/home/devpc/Desktop/microros_ws/install/microcdr:/home/devpc/Desktop/microros_ws/install/rosidl_typesupport_microxrcedds_cpp:/home/devpc/Desktop/microros_ws/install/micro_ros_agent:/home/devpc/Desktop/microros_ws/install/microxrcedds_agent:/home/devpc/Desktop/microros_ws/install/micro_ros_setup:/home/devpc/Desktop/microros_ws/install/micro_ros_msgs:/home/devpc/Desktop/quad_ws/install/quad_interfaces:/home/devpc/Desktop/quad_ws/install/quad:/opt/ros/foxy LD_LIBRARY_PATH=/home/devpc/Desktop/microros_ws/install/rosidl_typesupport_microxrcedds_c/lib:/home/devpc/Desktop/microros_ws/install/microcdr/lib:/home/devpc/Desktop/microros_ws/install/rosidl_typesupport_microxrcedds_cpp/lib:/home/devpc/Desktop/microros_ws/install/microxrcedds_agent/lib:/home/devpc/Desktop/microros_ws/install/micro_ros_msgs/lib:/home/devpc/Desktop/quad_ws/install/quad_interfaces/lib:/opt/ros/foxy/opt/yaml_cpp_vendor/lib:/opt/ros/foxy/opt/rviz_ogre_vendor/lib:/opt/ros/foxy/lib/x86_64-linux-gnu:/opt/ros/foxy/lib PYTHONPATH=/home/devpc/Desktop/microros_ws/install/rosidl_typesupport_microxrcedds_c/lib/python3.8/site-packages:/home/devpc/Desktop/microros_ws/install/rosidl_typesupport_microxrcedds_cpp/lib/python3.8/site-packages:/home/devpc/Desktop/microros_ws/install/micro_ros_msgs/lib/python3.8/site-packages:/home/devpc/Desktop/quad_ws/install/quad_interfaces/lib/python3.8/site-packages:/home/devpc/Desktop/quad_ws/install/quad/lib/python3.8/site-packages:/opt/ros/foxy/lib/python3.8/site-packages /usr/bin/cmake --install /home/devpc/Desktop/microros_ws/build/rosidl_typesupport_microxrcedds_cpp
[1.770s] -- Install configuration: ""
[1.771s] -- Up-to-date: /home/devpc/Desktop/microros_ws/install/rosidl_typesupport_microxrcedds_cpp/share/rosidl_typesupport_microxrcedds_cpp/environment/pythonpath.sh
[1.771s] -- Up-to-date: /home/devpc/Desktop/microros_ws/install/rosidl_typesupport_microxrcedds_cpp/share/rosidl_typesupport_microxrcedds_cpp/environment/pythonpath.dsv
[1.771s] -- Up-to-date: /home/devpc/Desktop/microros_ws/install/rosidl_typesupport_microxrcedds_cpp/lib/python3.8/site-packages/rosidl_typesupport_microxrcedds_cpp
[1.771s] -- Up-to-date: /home/devpc/Desktop/microros_ws/install/rosidl_typesupport_microxrcedds_cpp/lib/python3.8/site-packages/rosidl_typesupport_microxrcedds_cpp/__init__.py
[1.858s] Listing '/home/devpc/Desktop/microros_ws/install/rosidl_typesupport_microxrcedds_cpp/lib/python3.8/site-packages/rosidl_typesupport_microxrcedds_cpp'...
[1.872s] -- Up-to-date: /home/devpc/Desktop/microros_ws/install/rosidl_typesupport_microxrcedds_cpp/share/rosidl_typesupport_microxrcedds_cpp/environment/library_path.sh
[1.872s] -- Up-to-date: /home/devpc/Desktop/microros_ws/install/rosidl_typesupport_microxrcedds_cpp/share/rosidl_typesupport_microxrcedds_cpp/environment/library_path.dsv
[1.873s] -- Up-to-date: /home/devpc/Desktop/microros_ws/install/rosidl_typesupport_microxrcedds_cpp/share/ament_index/resource_index/rosidl_typesupport_cpp/rosidl_typesupport_microxrcedds_cpp
[1.873s] -- Up-to-date: /home/devpc/Desktop/microros_ws/install/rosidl_typesupport_microxrcedds_cpp/share/ament_index/resource_index/package_run_dependencies/rosidl_typesupport_microxrcedds_cpp
[1.873s] -- Up-to-date: /home/devpc/Desktop/microros_ws/install/rosidl_typesupport_microxrcedds_cpp/share/ament_index/resource_index/parent_prefix_path/rosidl_typesupport_microxrcedds_cpp
[1.873s] -- Up-to-date: /home/devpc/Desktop/microros_ws/install/rosidl_typesupport_microxrcedds_cpp/share/rosidl_typesupport_microxrcedds_cpp/environment/ament_prefix_path.sh
[1.874s] -- Up-to-date: /home/devpc/Desktop/microros_ws/install/rosidl_typesupport_microxrcedds_cpp/share/rosidl_typesupport_microxrcedds_cpp/environment/ament_prefix_path.dsv
[1.874s] -- Up-to-date: /home/devpc/Desktop/microros_ws/install/rosidl_typesupport_microxrcedds_cpp/share/rosidl_typesupport_microxrcedds_cpp/environment/path.sh
[1.874s] -- Up-to-date: /home/devpc/Desktop/microros_ws/install/rosidl_typesupport_microxrcedds_cpp/share/rosidl_typesupport_microxrcedds_cpp/environment/path.dsv
[1.874s] -- Up-to-date: /home/devpc/Desktop/microros_ws/install/rosidl_typesupport_microxrcedds_cpp/share/rosidl_typesupport_microxrcedds_cpp/local_setup.bash
[1.874s] -- Up-to-date: /home/devpc/Desktop/microros_ws/install/rosidl_typesupport_microxrcedds_cpp/share/rosidl_typesupport_microxrcedds_cpp/local_setup.sh
[1.874s] -- Up-to-date: /home/devpc/Desktop/microros_ws/install/rosidl_typesupport_microxrcedds_cpp/share/rosidl_typesupport_microxrcedds_cpp/local_setup.zsh
[1.875s] -- Up-to-date: /home/devpc/Desktop/microros_ws/install/rosidl_typesupport_microxrcedds_cpp/share/rosidl_typesupport_microxrcedds_cpp/local_setup.dsv
[1.875s] -- Up-to-date: /home/devpc/Desktop/microros_ws/install/rosidl_typesupport_microxrcedds_cpp/share/rosidl_typesupport_microxrcedds_cpp/package.dsv
[1.875s] -- Up-to-date: /home/devpc/Desktop/microros_ws/install/rosidl_typesupport_microxrcedds_cpp/share/ament_index/resource_index/packages/rosidl_typesupport_microxrcedds_cpp
[1.875s] -- Up-to-date: /home/devpc/Desktop/microros_ws/install/rosidl_typesupport_microxrcedds_cpp/share/rosidl_typesupport_microxrcedds_cpp/cmake/rosidl_typesupport_microxrcedds_cppExport.cmake
[1.875s] -- Up-to-date: /home/devpc/Desktop/microros_ws/install/rosidl_typesupport_microxrcedds_cpp/share/rosidl_typesupport_microxrcedds_cpp/cmake/rosidl_typesupport_microxrcedds_cppExport-noconfig.cmake
[1.875s] -- Up-to-date: /home/devpc/Desktop/microros_ws/install/rosidl_typesupport_microxrcedds_cpp/share/rosidl_typesupport_microxrcedds_cpp/cmake/rosidl_typesupport_microxrcedds_cpp-extras.cmake
[1.876s] -- Up-to-date: /home/devpc/Desktop/microros_ws/install/rosidl_typesupport_microxrcedds_cpp/share/rosidl_typesupport_microxrcedds_cpp/cmake/ament_cmake_export_dependencies-extras.cmake
[1.876s] -- Up-to-date: /home/devpc/Desktop/microros_ws/install/rosidl_typesupport_microxrcedds_cpp/share/rosidl_typesupport_microxrcedds_cpp/cmake/ament_cmake_export_include_directories-extras.cmake
[1.876s] -- Up-to-date: /home/devpc/Desktop/microros_ws/install/rosidl_typesupport_microxrcedds_cpp/share/rosidl_typesupport_microxrcedds_cpp/cmake/ament_cmake_export_libraries-extras.cmake
[1.876s] -- Up-to-date: /home/devpc/Desktop/microros_ws/install/rosidl_typesupport_microxrcedds_cpp/share/rosidl_typesupport_microxrcedds_cpp/cmake/ament_cmake_export_targets-extras.cmake
[1.876s] -- Up-to-date: /home/devpc/Desktop/microros_ws/install/rosidl_typesupport_microxrcedds_cpp/share/rosidl_typesupport_microxrcedds_cpp/cmake/rosidl_typesupport_microxrcedds_cppConfig.cmake
[1.877s] -- Up-to-date: /home/devpc/Desktop/microros_ws/install/rosidl_typesupport_microxrcedds_cpp/share/rosidl_typesupport_microxrcedds_cpp/cmake/rosidl_typesupport_microxrcedds_cppConfig-version.cmake
[1.877s] -- Up-to-date: /home/devpc/Desktop/microros_ws/install/rosidl_typesupport_microxrcedds_cpp/share/rosidl_typesupport_microxrcedds_cpp/package.xml
[1.877s] -- Up-to-date: /home/devpc/Desktop/microros_ws/install/rosidl_typesupport_microxrcedds_cpp/lib/rosidl_typesupport_microxrcedds_cpp/rosidl_typesupport_microxrcedds_cpp
[1.877s] -- Up-to-date: /home/devpc/Desktop/microros_ws/install/rosidl_typesupport_microxrcedds_cpp/share/rosidl_typesupport_microxrcedds_cpp/cmake
[1.877s] -- Up-to-date: /home/devpc/Desktop/microros_ws/install/rosidl_typesupport_microxrcedds_cpp/share/rosidl_typesupport_microxrcedds_cpp/cmake/rosidl_typesupport_microxrcedds_cpp_generate_interfaces.cmake
[1.877s] -- Up-to-date: /home/devpc/Desktop/microros_ws/install/rosidl_typesupport_microxrcedds_cpp/share/rosidl_typesupport_microxrcedds_cpp/resource
[1.877s] -- Up-to-date: /home/devpc/Desktop/microros_ws/install/rosidl_typesupport_microxrcedds_cpp/share/rosidl_typesupport_microxrcedds_cpp/resource/msg__rosidl_typesupport_microxrcedds_cpp.hpp.em
[1.878s] -- Up-to-date: /home/devpc/Desktop/microros_ws/install/rosidl_typesupport_microxrcedds_cpp/share/rosidl_typesupport_microxrcedds_cpp/resource/msg__type_support_cpp.cpp.em
[1.878s] -- Up-to-date: /home/devpc/Desktop/microros_ws/install/rosidl_typesupport_microxrcedds_cpp/share/rosidl_typesupport_microxrcedds_cpp/resource/srv__rosidl_typesupport_microxrcedds_cpp.hpp.em
[1.878s] -- Up-to-date: /home/devpc/Desktop/microros_ws/install/rosidl_typesupport_microxrcedds_cpp/share/rosidl_typesupport_microxrcedds_cpp/resource/srv__type_support_cpp.cpp.em
[1.878s] -- Up-to-date: /home/devpc/Desktop/microros_ws/install/rosidl_typesupport_microxrcedds_cpp/share/rosidl_typesupport_microxrcedds_cpp/resource/idl__rosidl_typesupport_microxrcedds_cpp.hpp.em
[1.878s] -- Up-to-date: /home/devpc/Desktop/microros_ws/install/rosidl_typesupport_microxrcedds_cpp/share/rosidl_typesupport_microxrcedds_cpp/resource/idl__type_support_cpp.cpp.em
[1.878s] -- Up-to-date: /home/devpc/Desktop/microros_ws/install/rosidl_typesupport_microxrcedds_cpp/share/rosidl_typesupport_microxrcedds_cpp/resource/rosidl_typesupport_microxrcedds_cpp__visibility_control.h.in
[1.878s] -- Up-to-date: /home/devpc/Desktop/microros_ws/install/rosidl_typesupport_microxrcedds_cpp/include
[1.879s] -- Up-to-date: /home/devpc/Desktop/microros_ws/install/rosidl_typesupport_microxrcedds_cpp/include/rosidl_typesupport_microxrcedds_cpp
[1.879s] -- Up-to-date: /home/devpc/Desktop/microros_ws/install/rosidl_typesupport_microxrcedds_cpp/include/rosidl_typesupport_microxrcedds_cpp/message_type_support_decl.hpp
[1.879s] -- Up-to-date: /home/devpc/Desktop/microros_ws/install/rosidl_typesupport_microxrcedds_cpp/include/rosidl_typesupport_microxrcedds_cpp/identifier.hpp
[1.909s] -- Up-to-date: /home/devpc/Desktop/microros_ws/install/rosidl_typesupport_microxrcedds_cpp/include/rosidl_typesupport_microxrcedds_cpp/identifier.h
[1.910s] -- Up-to-date: /home/devpc/Desktop/microros_ws/install/rosidl_typesupport_microxrcedds_cpp/include/rosidl_typesupport_microxrcedds_cpp/visibility_control.h
[1.910s] -- Up-to-date: /home/devpc/Desktop/microros_ws/install/rosidl_typesupport_microxrcedds_cpp/include/rosidl_typesupport_microxrcedds_cpp/service_type_support_decl.hpp
[1.910s] -- Up-to-date: /home/devpc/Desktop/microros_ws/install/rosidl_typesupport_microxrcedds_cpp/lib/librosidl_typesupport_microxrcedds_cpp.so
[1.910s] Invoked command in '/home/devpc/Desktop/microros_ws/build/rosidl_typesupport_microxrcedds_cpp' returned '0': CMAKE_PREFIX_PATH=/home/devpc/Desktop/microros_ws/install/rosidl_typesupport_microxrcedds_c:/home/devpc/Desktop/microros_ws/install/microcdr:/home/devpc/Desktop/microros_ws/install/rosidl_typesupport_microxrcedds_cpp:/home/devpc/Desktop/microros_ws/install/micro_ros_agent:/home/devpc/Desktop/microros_ws/install/microxrcedds_agent:/home/devpc/Desktop/microros_ws/install/micro_ros_setup:/home/devpc/Desktop/microros_ws/install/micro_ros_msgs:/home/devpc/Desktop/quad_ws/install/quad_interfaces:/home/devpc/Desktop/quad_ws/install/quad:/opt/ros/foxy LD_LIBRARY_PATH=/home/devpc/Desktop/microros_ws/install/rosidl_typesupport_microxrcedds_c/lib:/home/devpc/Desktop/microros_ws/install/microcdr/lib:/home/devpc/Desktop/microros_ws/install/rosidl_typesupport_microxrcedds_cpp/lib:/home/devpc/Desktop/microros_ws/install/microxrcedds_agent/lib:/home/devpc/Desktop/microros_ws/install/micro_ros_msgs/lib:/home/devpc/Desktop/quad_ws/install/quad_interfaces/lib:/opt/ros/foxy/opt/yaml_cpp_vendor/lib:/opt/ros/foxy/opt/rviz_ogre_vendor/lib:/opt/ros/foxy/lib/x86_64-linux-gnu:/opt/ros/foxy/lib PYTHONPATH=/home/devpc/Desktop/microros_ws/install/rosidl_typesupport_microxrcedds_c/lib/python3.8/site-packages:/home/devpc/Desktop/microros_ws/install/rosidl_typesupport_microxrcedds_cpp/lib/python3.8/site-packages:/home/devpc/Desktop/microros_ws/install/micro_ros_msgs/lib/python3.8/site-packages:/home/devpc/Desktop/quad_ws/install/quad_interfaces/lib/python3.8/site-packages:/home/devpc/Desktop/quad_ws/install/quad/lib/python3.8/site-packages:/opt/ros/foxy/lib/python3.8/site-packages /usr/bin/cmake --install /home/devpc/Desktop/microros_ws/build/rosidl_typesupport_microxrcedds_cpp
