[0.568s] Invoking command in '/home/devpc/Desktop/quad_ws/src/quad': PYTHONPATH=/home/devpc/Desktop/quad_ws/install/quad/lib/python3.8/site-packages:${PYTHONPATH} /usr/bin/python3 setup.py egg_info --egg-base ../../build/quad build --build-base /home/devpc/Desktop/quad_ws/build/quad/build install --prefix /home/devpc/Desktop/quad_ws/install/quad --record /home/devpc/Desktop/quad_ws/build/quad/install.log --single-version-externally-managed
[0.912s] running egg_info
[0.912s] writing ../../build/quad/quad.egg-info/PKG-INFO
[0.913s] writing dependency_links to ../../build/quad/quad.egg-info/dependency_links.txt
[0.913s] writing entry points to ../../build/quad/quad.egg-info/entry_points.txt
[0.913s] writing requirements to ../../build/quad/quad.egg-info/requires.txt
[0.913s] writing top-level names to ../../build/quad/quad.egg-info/top_level.txt
[0.974s] reading manifest file '../../build/quad/quad.egg-info/SOURCES.txt'
[0.975s] writing manifest file '../../build/quad/quad.egg-info/SOURCES.txt'
[0.975s] running build
[0.975s] running build_py
[0.976s] running install
[0.977s] running install_lib
[0.979s] running install_data
[0.980s] copying config/quad_params.yaml -> /home/devpc/Desktop/quad_ws/install/quad/share/quad/urdf
[0.980s] running install_egg_info
[0.982s] removing '/home/devpc/Desktop/quad_ws/install/quad/lib/python3.8/site-packages/quad-0.0.1-py3.8.egg-info' (and everything under it)
[0.982s] Copying ../../build/quad/quad.egg-info to /home/devpc/Desktop/quad_ws/install/quad/lib/python3.8/site-packages/quad-0.0.1-py3.8.egg-info
[0.984s] running install_scripts
[1.008s] Installing motion_servos_calibration script to /home/devpc/Desktop/quad_ws/install/quad/lib/quad
[1.008s] Installing quad script to /home/devpc/Desktop/quad_ws/install/quad/lib/quad
[1.009s] writing list of installed files to '/home/devpc/Desktop/quad_ws/build/quad/install.log'
[1.044s] Invoked command in '/home/devpc/Desktop/quad_ws/src/quad' returned '0': PYTHONPATH=/home/devpc/Desktop/quad_ws/install/quad/lib/python3.8/site-packages:${PYTHONPATH} /usr/bin/python3 setup.py egg_info --egg-base ../../build/quad build --build-base /home/devpc/Desktop/quad_ws/build/quad/build install --prefix /home/devpc/Desktop/quad_ws/install/quad --record /home/devpc/Desktop/quad_ws/build/quad/install.log --single-version-externally-managed
