[0.010s] Invoking command in '/home/devpc/Desktop/microros_ws/build/microcdr': /usr/bin/cmake /home/devpc/Desktop/microros_ws/src/eProsima/Micro-CDR -DUCDR_ISOLATED_INSTALL=OFF -DBUILD_SHARED_LIBS=ON -DCMAKE_INSTALL_PREFIX=/home/devpc/Desktop/microros_ws/install/microcdr
[0.023s] -- Setting build type to 'Release' as none was specified.
[0.096s] -- The C compiler identification is GNU 9.3.0
[0.103s] -- Check for working C compiler: /usr/bin/cc
[0.171s] -- Check for working C compiler: /usr/bin/cc -- works
[0.174s] -- Detecting C compiler ABI info
[0.240s] -- Detecting C compiler ABI info - done
[0.252s] -- Detecting C compile features
[0.252s] -- Detecting C compile features - done
[0.297s] -- The CXX compiler identification is GNU 9.3.0
[0.301s] -- Check for working CXX compiler: /usr/bin/c++
[0.366s] -- Check for working CXX compiler: /usr/bin/c++ -- works
[0.367s] -- Detecting CXX compiler ABI info
[0.461s] -- Detecting CXX compiler ABI info - done
[0.475s] -- Detecting CXX compile features
[0.476s] -- Detecting CXX compile features - done
[0.487s] -- Configuring done
[0.488s] -- Generating done
[0.489s] -- Build files have been written to: /home/devpc/Desktop/microros_ws/build/microcdr
[0.492s] Invoked command in '/home/devpc/Desktop/microros_ws/build/microcdr' returned '0': /usr/bin/cmake /home/devpc/Desktop/microros_ws/src/eProsima/Micro-CDR -DUCDR_ISOLATED_INSTALL=OFF -DBUILD_SHARED_LIBS=ON -DCMAKE_INSTALL_PREFIX=/home/devpc/Desktop/microros_ws/install/microcdr
[0.498s] Invoking command in '/home/devpc/Desktop/microros_ws/build/microcdr': /usr/bin/cmake --build /home/devpc/Desktop/microros_ws/build/microcdr -- -j8 -l8
[0.540s] [35m[1mScanning dependencies of target ucdr[0m
[0.549s] [ 12%] [34m[1mCreating directories for 'ucdr'[0m
[0.611s] [ 25%] [34m[1mNo download step for 'ucdr'[0m
[0.633s] [ 50%] [34m[1mNo update step for 'ucdr'[0m
[0.633s] [ 50%] [34m[1mNo patch step for 'ucdr'[0m
[0.654s] [ 62%] [34m[1mPerforming configure step for 'ucdr'[0m
[0.662s] loading initial cache file /home/devpc/Desktop/microros_ws/build/microcdr/ucdr-prefix/tmp/ucdr-cache-Release.cmake
[0.671s] -- Configuring done
[0.674s] -- Generating done
[0.675s] -- Build files have been written to: /home/devpc/Desktop/microros_ws/build/microcdr
[0.695s] [ 75%] [34m[1mPerforming build step for 'ucdr'[0m
[0.735s] [35m[1mScanning dependencies of target microcdr[0m
[0.750s] [ 16%] [32mBuilding C object CMakeFiles/microcdr.dir/src/c/types/sequence.c.o[0m
[0.752s] [ 66%] [32mBuilding C object CMakeFiles/microcdr.dir/src/c/common.c.o[0m
[0.752s] [ 66%] [32mBuilding C object CMakeFiles/microcdr.dir/src/c/types/basic.c.o[0m
[0.753s] [ 66%] [32mBuilding C object CMakeFiles/microcdr.dir/src/c/types/string.c.o[0m
[0.753s] [ 83%] [32mBuilding C object CMakeFiles/microcdr.dir/src/c/types/array.c.o[0m
[0.972s] [100%] [32m[1mLinking C shared library libmicrocdr.so[0m
[1.041s] [100%] Built target microcdr
[1.078s] [34m[1mNo install step for 'ucdr'[0m
[1.105s] [34m[1mCompleted 'ucdr'[0m
[1.137s] Built target ucdr
[1.147s] Invoked command in '/home/devpc/Desktop/microros_ws/build/microcdr' returned '0': /usr/bin/cmake --build /home/devpc/Desktop/microros_ws/build/microcdr -- -j8 -l8
[1.179s] Invoking command in '/home/devpc/Desktop/microros_ws/build/microcdr': /usr/bin/cmake --install /home/devpc/Desktop/microros_ws/build/microcdr
[1.186s] -- Install configuration: "Release"
[1.186s] -- Installing: /home/devpc/Desktop/microros_ws/install/microcdr/lib/libmicrocdr.so.1.2.2
[1.186s] -- Installing: /home/devpc/Desktop/microros_ws/install/microcdr/lib/libmicrocdr.so.1.2
[1.187s] -- Installing: /home/devpc/Desktop/microros_ws/install/microcdr/lib/libmicrocdr.so
[1.187s] -- Installing: /home/devpc/Desktop/microros_ws/install/microcdr/include/ucdr
[1.187s] -- Installing: /home/devpc/Desktop/microros_ws/install/microcdr/include/ucdr/microcdr.h
[1.187s] -- Installing: /home/devpc/Desktop/microros_ws/install/microcdr/include/ucdr/visibility.h
[1.187s] -- Installing: /home/devpc/Desktop/microros_ws/install/microcdr/include/ucdr/config.h
[1.187s] -- Installing: /home/devpc/Desktop/microros_ws/install/microcdr/share/microcdr/cmake/microcdrTargets.cmake
[1.187s] -- Installing: /home/devpc/Desktop/microros_ws/install/microcdr/share/microcdr/cmake/microcdrTargets-release.cmake
[1.187s] -- Installing: /home/devpc/Desktop/microros_ws/install/microcdr/share/microcdr/cmake/microcdrConfig.cmake
[1.187s] -- Installing: /home/devpc/Desktop/microros_ws/install/microcdr/share/microcdr/cmake/microcdrConfigVersion.cmake
[1.189s] Invoked command in '/home/devpc/Desktop/microros_ws/build/microcdr' returned '0': /usr/bin/cmake --install /home/devpc/Desktop/microros_ws/build/microcdr
