Not searching for unused variables given on the command line.
-- Found ament_cmake: 0.9.8 (/opt/ros/foxy/share/ament_cmake/cmake)
-- Found PythonInterp: /usr/bin/python3 (found suitable version "3.8.10", minimum required is "3") 
-- Using PYTHON_EXECUTABLE: /usr/bin/python3
-- Found rosidl_default_generators: 1.0.1 (/opt/ros/foxy/share/rosidl_default_generators/cmake)
-- Using all available rosidl_typesupport_c: rosidl_typesupport_microxrcedds_c;rosidl_typesupport_fastrtps_c;rosidl_typesupport_introspection_c
-- Found rosidl_adapter: 1.2.1 (/opt/ros/foxy/share/rosidl_adapter/cmake)
-- Using all available rosidl_typesupport_cpp: rosidl_typesupport_microxrcedds_cpp;rosidl_typesupport_fastrtps_cpp;rosidl_typesupport_introspection_cpp
-- Found PythonInterp: /usr/bin/python3 (found version "3.8.10") 
-- Found ament_cmake_cppcheck: 0.9.6 (/opt/ros/foxy/share/ament_cmake_cppcheck/cmake)
-- Found ament_cmake_cpplint: 0.9.6 (/opt/ros/foxy/share/ament_cmake_cpplint/cmake)
-- Found ament_cmake_uncrustify: 0.9.6 (/opt/ros/foxy/share/ament_cmake_uncrustify/cmake)
-- Found ament_cmake_ros: 0.9.2 (/opt/ros/foxy/share/ament_cmake_ros/cmake)
-- Using all available rosidl_typesupport_c: rosidl_typesupport_microxrcedds_c;rosidl_typesupport_fastrtps_c;rosidl_typesupport_introspection_c
-- Using all available rosidl_typesupport_cpp: rosidl_typesupport_microxrcedds_cpp;rosidl_typesupport_fastrtps_cpp;rosidl_typesupport_introspection_cpp
-- Found PythonInterp: /usr/bin/python3 (found suitable version "3.8.10", minimum required is "3.5") 
-- Found python_cmake_module: 0.8.1 (/opt/ros/foxy/share/python_cmake_module/cmake)
-- Using PYTHON_EXECUTABLE: /usr/bin/python3
-- Using PYTHON_INCLUDE_DIRS: /usr/include/python3.8
-- Using PYTHON_LIBRARIES: /usr/lib/x86_64-linux-gnu/libpython3.8.so
-- Found ament_cmake_flake8: 0.9.6 (/opt/ros/foxy/share/ament_cmake_flake8/cmake)
-- Found ament_cmake_pep257: 0.9.6 (/opt/ros/foxy/share/ament_cmake_pep257/cmake)
-- Configuring done
-- Generating done
-- Build files have been written to: /home/devpc/Desktop/microros_ws/build/builtin_interfaces
[  8%] Built target builtin_interfaces__rosidl_generator_c
[ 10%] Built target builtin_interfaces__cpp
[ 18%] Built target builtin_interfaces__rosidl_typesupport_microxrcedds_c
[ 26%] Built target builtin_interfaces__rosidl_typesupport_introspection_c
[ 34%] Built target builtin_interfaces__rosidl_typesupport_c
[ 42%] Built target builtin_interfaces__rosidl_typesupport_introspection_cpp
[ 51%] Built target builtin_interfaces__rosidl_typesupport_fastrtps_cpp
[ 59%] Built target builtin_interfaces__rosidl_typesupport_cpp
[ 67%] Built target builtin_interfaces__rosidl_typesupport_microxrcedds_cpp
[ 75%] Built target builtin_interfaces__rosidl_typesupport_fastrtps_c
[ 75%] Built target builtin_interfaces
[ 77%] Built target builtin_interfaces__py
[ 83%] Built target builtin_interfaces__python
[ 87%] Built target builtin_interfaces__rosidl_typesupport_fastrtps_c__pyext
[ 91%] Built target builtin_interfaces__rosidl_typesupport_introspection_c__pyext
[ 95%] Built target builtin_interfaces__rosidl_typesupport_microxrcedds_c__pyext
[100%] Built target builtin_interfaces__rosidl_typesupport_c__pyext
-- Install configuration: ""
-- Up-to-date: /home/devpc/Desktop/microros_ws/install/builtin_interfaces/share/ament_index/resource_index/rosidl_interfaces/builtin_interfaces
-- Up-to-date: /home/devpc/Desktop/microros_ws/install/builtin_interfaces/include/builtin_interfaces
-- Up-to-date: /home/devpc/Desktop/microros_ws/install/builtin_interfaces/include/builtin_interfaces/msg
-- Up-to-date: /home/devpc/Desktop/microros_ws/install/builtin_interfaces/include/builtin_interfaces/msg/detail
-- Up-to-date: /home/devpc/Desktop/microros_ws/install/builtin_interfaces/include/builtin_interfaces/msg/detail/duration__type_support.h
-- Up-to-date: /home/devpc/Desktop/microros_ws/install/builtin_interfaces/include/builtin_interfaces/msg/detail/time__type_support.h
-- Up-to-date: /home/devpc/Desktop/microros_ws/install/builtin_interfaces/include/builtin_interfaces/msg/detail/time__functions.h
-- Up-to-date: /home/devpc/Desktop/microros_ws/install/builtin_interfaces/include/builtin_interfaces/msg/detail/duration__functions.h
-- Up-to-date: /home/devpc/Desktop/microros_ws/install/builtin_interfaces/include/builtin_interfaces/msg/detail/time__struct.h
-- Up-to-date: /home/devpc/Desktop/microros_ws/install/builtin_interfaces/include/builtin_interfaces/msg/detail/time__functions.c
-- Up-to-date: /home/devpc/Desktop/microros_ws/install/builtin_interfaces/include/builtin_interfaces/msg/detail/duration__struct.h
-- Up-to-date: /home/devpc/Desktop/microros_ws/install/builtin_interfaces/include/builtin_interfaces/msg/detail/duration__functions.c
-- Up-to-date: /home/devpc/Desktop/microros_ws/install/builtin_interfaces/include/builtin_interfaces/msg/time.h
-- Up-to-date: /home/devpc/Desktop/microros_ws/install/builtin_interfaces/include/builtin_interfaces/msg/duration.h
-- Up-to-date: /home/devpc/Desktop/microros_ws/install/builtin_interfaces/include/builtin_interfaces/msg/rosidl_generator_c__visibility_control.h
-- Up-to-date: /home/devpc/Desktop/microros_ws/install/builtin_interfaces/share/builtin_interfaces/environment/library_path.sh
-- Installing: /home/devpc/Desktop/microros_ws/install/builtin_interfaces/share/builtin_interfaces/environment/library_path.dsv
-- Up-to-date: /home/devpc/Desktop/microros_ws/install/builtin_interfaces/lib/libbuiltin_interfaces__rosidl_generator_c.so
-- Up-to-date: /home/devpc/Desktop/microros_ws/install/builtin_interfaces/include/builtin_interfaces
-- Up-to-date: /home/devpc/Desktop/microros_ws/install/builtin_interfaces/include/builtin_interfaces/msg
-- Up-to-date: /home/devpc/Desktop/microros_ws/install/builtin_interfaces/include/builtin_interfaces/msg/detail
-- Up-to-date: /home/devpc/Desktop/microros_ws/install/builtin_interfaces/include/builtin_interfaces/msg/detail/time__rosidl_typesupport_microxrcedds_c.h
-- Up-to-date: /home/devpc/Desktop/microros_ws/install/builtin_interfaces/include/builtin_interfaces/msg/detail/microxrcedds
-- Up-to-date: /home/devpc/Desktop/microros_ws/install/builtin_interfaces/include/builtin_interfaces/msg/detail/duration__rosidl_typesupport_microxrcedds_c.h
-- Up-to-date: /home/devpc/Desktop/microros_ws/install/builtin_interfaces/include/builtin_interfaces/msg/rosidl_typesupport_microxrcedds_c__visibility_control.h
-- Up-to-date: /home/devpc/Desktop/microros_ws/install/builtin_interfaces/lib/libbuiltin_interfaces__rosidl_typesupport_microxrcedds_c.so
-- Up-to-date: /home/devpc/Desktop/microros_ws/install/builtin_interfaces/include/builtin_interfaces
-- Up-to-date: /home/devpc/Desktop/microros_ws/install/builtin_interfaces/include/builtin_interfaces/msg
-- Up-to-date: /home/devpc/Desktop/microros_ws/install/builtin_interfaces/include/builtin_interfaces/msg/detail
-- Up-to-date: /home/devpc/Desktop/microros_ws/install/builtin_interfaces/include/builtin_interfaces/msg/detail/duration__rosidl_typesupport_fastrtps_c.h
-- Up-to-date: /home/devpc/Desktop/microros_ws/install/builtin_interfaces/include/builtin_interfaces/msg/detail/time__rosidl_typesupport_fastrtps_c.h
-- Up-to-date: /home/devpc/Desktop/microros_ws/install/builtin_interfaces/include/builtin_interfaces/msg/rosidl_typesupport_fastrtps_c__visibility_control.h
-- Up-to-date: /home/devpc/Desktop/microros_ws/install/builtin_interfaces/lib/libbuiltin_interfaces__rosidl_typesupport_fastrtps_c.so
-- Up-to-date: /home/devpc/Desktop/microros_ws/install/builtin_interfaces/include/builtin_interfaces
-- Up-to-date: /home/devpc/Desktop/microros_ws/install/builtin_interfaces/include/builtin_interfaces/msg
-- Up-to-date: /home/devpc/Desktop/microros_ws/install/builtin_interfaces/include/builtin_interfaces/msg/detail
-- Up-to-date: /home/devpc/Desktop/microros_ws/install/builtin_interfaces/include/builtin_interfaces/msg/detail/duration__rosidl_typesupport_fastrtps_cpp.hpp
-- Up-to-date: /home/devpc/Desktop/microros_ws/install/builtin_interfaces/include/builtin_interfaces/msg/detail/time__rosidl_typesupport_fastrtps_cpp.hpp
-- Up-to-date: /home/devpc/Desktop/microros_ws/install/builtin_interfaces/include/builtin_interfaces/msg/detail/dds_fastrtps
-- Up-to-date: /home/devpc/Desktop/microros_ws/install/builtin_interfaces/include/builtin_interfaces/msg/rosidl_typesupport_fastrtps_cpp__visibility_control.h
-- Up-to-date: /home/devpc/Desktop/microros_ws/install/builtin_interfaces/lib/libbuiltin_interfaces__rosidl_typesupport_fastrtps_cpp.so
-- Up-to-date: /home/devpc/Desktop/microros_ws/install/builtin_interfaces/include/builtin_interfaces
-- Up-to-date: /home/devpc/Desktop/microros_ws/install/builtin_interfaces/include/builtin_interfaces/msg
-- Up-to-date: /home/devpc/Desktop/microros_ws/install/builtin_interfaces/include/builtin_interfaces/msg/detail
-- Up-to-date: /home/devpc/Desktop/microros_ws/install/builtin_interfaces/include/builtin_interfaces/msg/detail/duration__type_support.c
-- Up-to-date: /home/devpc/Desktop/microros_ws/install/builtin_interfaces/include/builtin_interfaces/msg/detail/time__type_support.c
-- Up-to-date: /home/devpc/Desktop/microros_ws/install/builtin_interfaces/include/builtin_interfaces/msg/detail/time__rosidl_typesupport_introspection_c.h
-- Up-to-date: /home/devpc/Desktop/microros_ws/install/builtin_interfaces/include/builtin_interfaces/msg/detail/duration__rosidl_typesupport_introspection_c.h
-- Up-to-date: /home/devpc/Desktop/microros_ws/install/builtin_interfaces/include/builtin_interfaces/msg/rosidl_typesupport_introspection_c__visibility_control.h
-- Up-to-date: /home/devpc/Desktop/microros_ws/install/builtin_interfaces/lib/libbuiltin_interfaces__rosidl_typesupport_introspection_c.so
-- Up-to-date: /home/devpc/Desktop/microros_ws/install/builtin_interfaces/lib/libbuiltin_interfaces__rosidl_typesupport_c.so
-- Up-to-date: /home/devpc/Desktop/microros_ws/install/builtin_interfaces/include/builtin_interfaces
-- Up-to-date: /home/devpc/Desktop/microros_ws/install/builtin_interfaces/include/builtin_interfaces/msg
-- Up-to-date: /home/devpc/Desktop/microros_ws/install/builtin_interfaces/include/builtin_interfaces/msg/time.hpp
-- Up-to-date: /home/devpc/Desktop/microros_ws/install/builtin_interfaces/include/builtin_interfaces/msg/duration.hpp
-- Up-to-date: /home/devpc/Desktop/microros_ws/install/builtin_interfaces/include/builtin_interfaces/msg/detail
-- Up-to-date: /home/devpc/Desktop/microros_ws/install/builtin_interfaces/include/builtin_interfaces/msg/detail/time__traits.hpp
-- Up-to-date: /home/devpc/Desktop/microros_ws/install/builtin_interfaces/include/builtin_interfaces/msg/detail/time__struct.hpp
-- Up-to-date: /home/devpc/Desktop/microros_ws/install/builtin_interfaces/include/builtin_interfaces/msg/detail/duration__builder.hpp
-- Up-to-date: /home/devpc/Desktop/microros_ws/install/builtin_interfaces/include/builtin_interfaces/msg/detail/duration__traits.hpp
-- Up-to-date: /home/devpc/Desktop/microros_ws/install/builtin_interfaces/include/builtin_interfaces/msg/detail/duration__struct.hpp
-- Up-to-date: /home/devpc/Desktop/microros_ws/install/builtin_interfaces/include/builtin_interfaces/msg/detail/time__builder.hpp
-- Up-to-date: /home/devpc/Desktop/microros_ws/install/builtin_interfaces/include/builtin_interfaces
-- Up-to-date: /home/devpc/Desktop/microros_ws/install/builtin_interfaces/include/builtin_interfaces/msg
-- Up-to-date: /home/devpc/Desktop/microros_ws/install/builtin_interfaces/include/builtin_interfaces/msg/detail
-- Up-to-date: /home/devpc/Desktop/microros_ws/install/builtin_interfaces/include/builtin_interfaces/msg/detail/time__rosidl_typesupport_microxrcedds_cpp.hpp
-- Up-to-date: /home/devpc/Desktop/microros_ws/install/builtin_interfaces/include/builtin_interfaces/msg/detail/microxrcedds
-- Up-to-date: /home/devpc/Desktop/microros_ws/install/builtin_interfaces/include/builtin_interfaces/msg/detail/microxrcedds/time__type_support_cpp.cpp
-- Up-to-date: /home/devpc/Desktop/microros_ws/install/builtin_interfaces/include/builtin_interfaces/msg/detail/microxrcedds/duration__type_support_cpp.cpp
-- Up-to-date: /home/devpc/Desktop/microros_ws/install/builtin_interfaces/include/builtin_interfaces/msg/detail/duration__rosidl_typesupport_microxrcedds_cpp.hpp
-- Up-to-date: /home/devpc/Desktop/microros_ws/install/builtin_interfaces/include/builtin_interfaces/msg/rosidl_typesupport_microxrcedds_cpp__visibility_control.h
-- Up-to-date: /home/devpc/Desktop/microros_ws/install/builtin_interfaces/lib/libbuiltin_interfaces__rosidl_typesupport_microxrcedds_cpp.so
-- Up-to-date: /home/devpc/Desktop/microros_ws/install/builtin_interfaces/include/builtin_interfaces
-- Up-to-date: /home/devpc/Desktop/microros_ws/install/builtin_interfaces/include/builtin_interfaces/msg
-- Up-to-date: /home/devpc/Desktop/microros_ws/install/builtin_interfaces/include/builtin_interfaces/msg/detail
-- Up-to-date: /home/devpc/Desktop/microros_ws/install/builtin_interfaces/include/builtin_interfaces/msg/detail/duration__type_support.cpp
-- Up-to-date: /home/devpc/Desktop/microros_ws/install/builtin_interfaces/include/builtin_interfaces/msg/detail/time__rosidl_typesupport_introspection_cpp.hpp
-- Up-to-date: /home/devpc/Desktop/microros_ws/install/builtin_interfaces/include/builtin_interfaces/msg/detail/time__type_support.cpp
-- Up-to-date: /home/devpc/Desktop/microros_ws/install/builtin_interfaces/include/builtin_interfaces/msg/detail/duration__rosidl_typesupport_introspection_cpp.hpp
-- Up-to-date: /home/devpc/Desktop/microros_ws/install/builtin_interfaces/lib/libbuiltin_interfaces__rosidl_typesupport_introspection_cpp.so
-- Up-to-date: /home/devpc/Desktop/microros_ws/install/builtin_interfaces/lib/libbuiltin_interfaces__rosidl_typesupport_cpp.so
-- Up-to-date: /home/devpc/Desktop/microros_ws/install/builtin_interfaces/share/builtin_interfaces/environment/pythonpath.sh
-- Installing: /home/devpc/Desktop/microros_ws/install/builtin_interfaces/share/builtin_interfaces/environment/pythonpath.dsv
-- Installing: /home/devpc/Desktop/microros_ws/install/builtin_interfaces/lib/python3.8/site-packages/builtin_interfaces/__init__.py
Compiling '/home/devpc/Desktop/microros_ws/install/builtin_interfaces/lib/python3.8/site-packages/builtin_interfaces/__init__.py'...
-- Up-to-date: /home/devpc/Desktop/microros_ws/install/builtin_interfaces/lib/python3.8/site-packages/builtin_interfaces/msg
-- Up-to-date: /home/devpc/Desktop/microros_ws/install/builtin_interfaces/lib/python3.8/site-packages/builtin_interfaces/msg/_time_s.c
-- Up-to-date: /home/devpc/Desktop/microros_ws/install/builtin_interfaces/lib/python3.8/site-packages/builtin_interfaces/msg/__init__.py
-- Up-to-date: /home/devpc/Desktop/microros_ws/install/builtin_interfaces/lib/python3.8/site-packages/builtin_interfaces/msg/_duration.py
-- Up-to-date: /home/devpc/Desktop/microros_ws/install/builtin_interfaces/lib/python3.8/site-packages/builtin_interfaces/msg/_duration_s.c
-- Up-to-date: /home/devpc/Desktop/microros_ws/install/builtin_interfaces/lib/python3.8/site-packages/builtin_interfaces/msg/_time.py
-- Up-to-date: /home/devpc/Desktop/microros_ws/install/builtin_interfaces/lib/python3.8/site-packages/builtin_interfaces/builtin_interfaces_s__rosidl_typesupport_microxrcedds_c.cpython-38-x86_64-linux-gnu.so
-- Up-to-date: /home/devpc/Desktop/microros_ws/install/builtin_interfaces/lib/python3.8/site-packages/builtin_interfaces/builtin_interfaces_s__rosidl_typesupport_fastrtps_c.cpython-38-x86_64-linux-gnu.so
-- Up-to-date: /home/devpc/Desktop/microros_ws/install/builtin_interfaces/lib/python3.8/site-packages/builtin_interfaces/builtin_interfaces_s__rosidl_typesupport_introspection_c.cpython-38-x86_64-linux-gnu.so
-- Up-to-date: /home/devpc/Desktop/microros_ws/install/builtin_interfaces/lib/python3.8/site-packages/builtin_interfaces/builtin_interfaces_s__rosidl_typesupport_c.cpython-38-x86_64-linux-gnu.so
-- Up-to-date: /home/devpc/Desktop/microros_ws/install/builtin_interfaces/lib/libbuiltin_interfaces__python.so
-- Up-to-date: /home/devpc/Desktop/microros_ws/install/builtin_interfaces/share/builtin_interfaces/msg/Duration.idl
-- Up-to-date: /home/devpc/Desktop/microros_ws/install/builtin_interfaces/share/builtin_interfaces/msg/Time.idl
-- Up-to-date: /home/devpc/Desktop/microros_ws/install/builtin_interfaces/share/builtin_interfaces/msg/Duration.msg
-- Up-to-date: /home/devpc/Desktop/microros_ws/install/builtin_interfaces/share/builtin_interfaces/msg/Time.msg
-- Up-to-date: /home/devpc/Desktop/microros_ws/install/builtin_interfaces/share/ament_index/resource_index/package_run_dependencies/builtin_interfaces
-- Installing: /home/devpc/Desktop/microros_ws/install/builtin_interfaces/share/ament_index/resource_index/parent_prefix_path/builtin_interfaces
-- Up-to-date: /home/devpc/Desktop/microros_ws/install/builtin_interfaces/share/builtin_interfaces/environment/ament_prefix_path.sh
-- Installing: /home/devpc/Desktop/microros_ws/install/builtin_interfaces/share/builtin_interfaces/environment/ament_prefix_path.dsv
-- Up-to-date: /home/devpc/Desktop/microros_ws/install/builtin_interfaces/share/builtin_interfaces/environment/path.sh
-- Installing: /home/devpc/Desktop/microros_ws/install/builtin_interfaces/share/builtin_interfaces/environment/path.dsv
-- Up-to-date: /home/devpc/Desktop/microros_ws/install/builtin_interfaces/share/builtin_interfaces/local_setup.bash
-- Up-to-date: /home/devpc/Desktop/microros_ws/install/builtin_interfaces/share/builtin_interfaces/local_setup.sh
-- Up-to-date: /home/devpc/Desktop/microros_ws/install/builtin_interfaces/share/builtin_interfaces/local_setup.zsh
-- Installing: /home/devpc/Desktop/microros_ws/install/builtin_interfaces/share/builtin_interfaces/local_setup.dsv
-- Installing: /home/devpc/Desktop/microros_ws/install/builtin_interfaces/share/builtin_interfaces/package.dsv
-- Up-to-date: /home/devpc/Desktop/microros_ws/install/builtin_interfaces/share/ament_index/resource_index/packages/builtin_interfaces
-- Up-to-date: /home/devpc/Desktop/microros_ws/install/builtin_interfaces/share/builtin_interfaces/cmake/builtin_interfaces__rosidl_generator_cExport.cmake
-- Installing: /home/devpc/Desktop/microros_ws/install/builtin_interfaces/share/builtin_interfaces/cmake/builtin_interfaces__rosidl_generator_cExport-noconfig.cmake
-- Up-to-date: /home/devpc/Desktop/microros_ws/install/builtin_interfaces/share/builtin_interfaces/cmake/builtin_interfaces__rosidl_typesupport_introspection_cExport.cmake
-- Installing: /home/devpc/Desktop/microros_ws/install/builtin_interfaces/share/builtin_interfaces/cmake/builtin_interfaces__rosidl_typesupport_introspection_cExport-noconfig.cmake
-- Up-to-date: /home/devpc/Desktop/microros_ws/install/builtin_interfaces/share/builtin_interfaces/cmake/builtin_interfaces__rosidl_typesupport_cExport.cmake
-- Installing: /home/devpc/Desktop/microros_ws/install/builtin_interfaces/share/builtin_interfaces/cmake/builtin_interfaces__rosidl_typesupport_cExport-noconfig.cmake
-- Up-to-date: /home/devpc/Desktop/microros_ws/install/builtin_interfaces/share/builtin_interfaces/cmake/builtin_interfaces__rosidl_generator_cppExport.cmake
-- Up-to-date: /home/devpc/Desktop/microros_ws/install/builtin_interfaces/share/builtin_interfaces/cmake/builtin_interfaces__rosidl_typesupport_introspection_cppExport.cmake
-- Installing: /home/devpc/Desktop/microros_ws/install/builtin_interfaces/share/builtin_interfaces/cmake/builtin_interfaces__rosidl_typesupport_introspection_cppExport-noconfig.cmake
-- Up-to-date: /home/devpc/Desktop/microros_ws/install/builtin_interfaces/share/builtin_interfaces/cmake/builtin_interfaces__rosidl_typesupport_cppExport.cmake
-- Installing: /home/devpc/Desktop/microros_ws/install/builtin_interfaces/share/builtin_interfaces/cmake/builtin_interfaces__rosidl_typesupport_cppExport-noconfig.cmake
-- Up-to-date: /home/devpc/Desktop/microros_ws/install/builtin_interfaces/share/builtin_interfaces/cmake/rosidl_cmake-extras.cmake
-- Up-to-date: /home/devpc/Desktop/microros_ws/install/builtin_interfaces/share/builtin_interfaces/cmake/ament_cmake_export_dependencies-extras.cmake
-- Up-to-date: /home/devpc/Desktop/microros_ws/install/builtin_interfaces/share/builtin_interfaces/cmake/ament_cmake_export_libraries-extras.cmake
-- Up-to-date: /home/devpc/Desktop/microros_ws/install/builtin_interfaces/share/builtin_interfaces/cmake/ament_cmake_export_targets-extras.cmake
-- Up-to-date: /home/devpc/Desktop/microros_ws/install/builtin_interfaces/share/builtin_interfaces/cmake/ament_cmake_export_include_directories-extras.cmake
-- Up-to-date: /home/devpc/Desktop/microros_ws/install/builtin_interfaces/share/builtin_interfaces/cmake/rosidl_cmake_export_typesupport_libraries-extras.cmake
-- Up-to-date: /home/devpc/Desktop/microros_ws/install/builtin_interfaces/share/builtin_interfaces/cmake/rosidl_cmake_export_typesupport_targets-extras.cmake
-- Up-to-date: /home/devpc/Desktop/microros_ws/install/builtin_interfaces/share/builtin_interfaces/cmake/builtin_interfacesConfig.cmake
-- Up-to-date: /home/devpc/Desktop/microros_ws/install/builtin_interfaces/share/builtin_interfaces/cmake/builtin_interfacesConfig-version.cmake
-- Up-to-date: /home/devpc/Desktop/microros_ws/install/builtin_interfaces/share/builtin_interfaces/package.xml
