[0.533s] Invoking command in '/home/devpc/Desktop/quad_ws/src/teleop': PYTHONPATH=/home/devpc/Desktop/quad_ws/install/teleop/lib/python3.8/site-packages:${PYTHONPATH} /usr/bin/python3 setup.py egg_info --egg-base ../../build/teleop build --build-base /home/devpc/Desktop/quad_ws/build/teleop/build install --prefix /home/devpc/Desktop/quad_ws/install/teleop --record /home/devpc/Desktop/quad_ws/build/teleop/install.log --single-version-externally-managed
[0.799s] running egg_info
[0.800s] writing ../../build/teleop/teleop.egg-info/PKG-INFO
[0.800s] writing dependency_links to ../../build/teleop/teleop.egg-info/dependency_links.txt
[0.800s] writing entry points to ../../build/teleop/teleop.egg-info/entry_points.txt
[0.800s] writing requirements to ../../build/teleop/teleop.egg-info/requires.txt
[0.800s] writing top-level names to ../../build/teleop/teleop.egg-info/top_level.txt
[0.864s] reading manifest file '../../build/teleop/teleop.egg-info/SOURCES.txt'
[0.865s] writing manifest file '../../build/teleop/teleop.egg-info/SOURCES.txt'
[0.865s] running build
[0.865s] running build_py
[0.866s] running install
[0.867s] running install_lib
[0.869s] running install_data
[0.869s] running install_egg_info
[0.871s] removing '/home/devpc/Desktop/quad_ws/install/teleop/lib/python3.8/site-packages/teleop-0.0.0-py3.8.egg-info' (and everything under it)
[0.872s] Copying ../../build/teleop/teleop.egg-info to /home/devpc/Desktop/quad_ws/install/teleop/lib/python3.8/site-packages/teleop-0.0.0-py3.8.egg-info
[0.873s] running install_scripts
[0.898s] Installing teleop script to /home/devpc/Desktop/quad_ws/install/teleop/lib/teleop
[0.898s] writing list of installed files to '/home/devpc/Desktop/quad_ws/build/teleop/install.log'
[0.932s] Invoked command in '/home/devpc/Desktop/quad_ws/src/teleop' returned '0': PYTHONPATH=/home/devpc/Desktop/quad_ws/install/teleop/lib/python3.8/site-packages:${PYTHONPATH} /usr/bin/python3 setup.py egg_info --egg-base ../../build/teleop build --build-base /home/devpc/Desktop/quad_ws/build/teleop/build install --prefix /home/devpc/Desktop/quad_ws/install/teleop --record /home/devpc/Desktop/quad_ws/build/teleop/install.log --single-version-externally-managed
