-- The C compiler identification is GNU 9.3.0
-- The CXX compiler identification is GNU 9.3.0
-- Check for working C compiler: /usr/bin/cc
-- Check for working C compiler: /usr/bin/cc -- works
-- Detecting C compiler ABI info
-- Detecting C compiler ABI info - done
-- Detecting C compile features
-- Detecting C compile features - done
-- Check for working CXX compiler: /usr/bin/c++
-- Check for working CXX compiler: /usr/bin/c++ -- works
-- Detecting CXX compiler ABI info
-- Detecting CXX compiler ABI info - done
-- Detecting CXX compile features
-- Detecting CXX compile features - done
-- Found ament_cmake: 0.9.8 (/opt/ros/foxy/share/ament_cmake/cmake)
-- Found PythonInterp: /usr/bin/python3 (found suitable version "3.8.10", minimum required is "3") 
-- Using PYTHON_EXECUTABLE: /usr/bin/python3
-- Found std_msgs: 2.0.4 (/home/devpc/Desktop/microros_ws/install/std_msgs/share/std_msgs/cmake)
-- Using all available rosidl_typesupport_c: rosidl_typesupport_microxrcedds_c;rosidl_typesupport_fastrtps_c;rosidl_typesupport_introspection_c
-- Found rosidl_adapter: 1.2.1 (/opt/ros/foxy/share/rosidl_adapter/cmake)
-- Found OpenSSL: /usr/lib/x86_64-linux-gnu/libcrypto.so (found version "1.1.1f")  
-- Found FastRTPS: /opt/ros/foxy/include  
-- Using all available rosidl_typesupport_cpp: rosidl_typesupport_microxrcedds_cpp;rosidl_typesupport_fastrtps_cpp;rosidl_typesupport_introspection_cpp
-- Found rosidl_default_generators: 1.0.1 (/opt/ros/foxy/share/rosidl_default_generators/cmake)
-- Found PythonInterp: /usr/bin/python3 (found version "3.8.10") 
-- Found ament_cmake_cppcheck: 0.9.6 (/opt/ros/foxy/share/ament_cmake_cppcheck/cmake)
-- Found ament_cmake_cpplint: 0.9.6 (/opt/ros/foxy/share/ament_cmake_cpplint/cmake)
-- Found ament_cmake_uncrustify: 0.9.6 (/opt/ros/foxy/share/ament_cmake_uncrustify/cmake)
-- Found ament_cmake_ros: 0.9.2 (/opt/ros/foxy/share/ament_cmake_ros/cmake)
-- Using all available rosidl_typesupport_c: rosidl_typesupport_microxrcedds_c;rosidl_typesupport_fastrtps_c;rosidl_typesupport_introspection_c
-- Using all available rosidl_typesupport_cpp: rosidl_typesupport_microxrcedds_cpp;rosidl_typesupport_fastrtps_cpp;rosidl_typesupport_introspection_cpp
-- Found PythonInterp: /usr/bin/python3 (found suitable version "3.8.10", minimum required is "3.5") 
-- Found python_cmake_module: 0.8.1 (/opt/ros/foxy/share/python_cmake_module/cmake)
-- Found PythonLibs: /usr/lib/x86_64-linux-gnu/libpython3.8.so (found suitable version "3.8.10", minimum required is "3.5") 
-- Using PYTHON_EXECUTABLE: /usr/bin/python3
-- Using PYTHON_INCLUDE_DIRS: /usr/include/python3.8
-- Using PYTHON_LIBRARIES: /usr/lib/x86_64-linux-gnu/libpython3.8.so
-- Found PythonExtra: .so  
-- Found ament_cmake_flake8: 0.9.6 (/opt/ros/foxy/share/ament_cmake_flake8/cmake)
-- Found ament_cmake_pep257: 0.9.6 (/opt/ros/foxy/share/ament_cmake_pep257/cmake)
-- Configuring done
-- Generating done
-- Build files have been written to: /home/devpc/Desktop/microros_ws/build/drive_base_msgs
[35m[1mScanning dependencies of target drive_base_msgs__cpp[0m
[  1%] [34m[1mGenerating C code for ROS interfaces[0m
[  2%] [34m[1mGenerating C++ code for ROS interfaces[0m
[35m[1mScanning dependencies of target drive_base_msgs__rosidl_generator_c[0m
[  4%] [32mBuilding C object CMakeFiles/drive_base_msgs__rosidl_generator_c.dir/rosidl_generator_c/drive_base_msgs/msg/detail/command_header__functions.c.o[0m
[  5%] [32mBuilding C object CMakeFiles/drive_base_msgs__rosidl_generator_c.dir/rosidl_generator_c/drive_base_msgs/msg/detail/base_info__functions.c.o[0m
[  7%] [32mBuilding C object CMakeFiles/drive_base_msgs__rosidl_generator_c.dir/rosidl_generator_c/drive_base_msgs/msg/detail/command_status__functions.c.o[0m
[  7%] Built target drive_base_msgs__cpp
[  8%] [34m[1mGenerating C++ type support for eProsima Fast-RTPS[0m
[ 10%] [32mBuilding C object CMakeFiles/drive_base_msgs__rosidl_generator_c.dir/rosidl_generator_c/drive_base_msgs/msg/detail/trv_command__functions.c.o[0m
[ 11%] [34m[1mGenerating C++ introspection for ROS interfaces[0m
[ 13%] [32m[1mLinking C shared library libdrive_base_msgs__rosidl_generator_c.so[0m
[ 13%] Built target drive_base_msgs__rosidl_generator_c
[ 14%] [34m[1mGenerating C++ type support for eProsima Micro XRCE-DDS[0m
[35m[1mScanning dependencies of target drive_base_msgs__rosidl_typesupport_microxrcedds_cpp[0m
[ 15%] [32mBuilding CXX object CMakeFiles/drive_base_msgs__rosidl_typesupport_microxrcedds_cpp.dir/rosidl_typesupport_microxrcedds_cpp/drive_base_msgs/msg/detail/microxrcedds/command_header__type_support_cpp.cpp.o[0m
[ 17%] [32mBuilding CXX object CMakeFiles/drive_base_msgs__rosidl_typesupport_microxrcedds_cpp.dir/rosidl_typesupport_microxrcedds_cpp/drive_base_msgs/msg/detail/microxrcedds/base_info__type_support_cpp.cpp.o[0m
[35m[1mScanning dependencies of target drive_base_msgs__rosidl_typesupport_introspection_cpp[0m
[ 18%] [32mBuilding CXX object CMakeFiles/drive_base_msgs__rosidl_typesupport_introspection_cpp.dir/rosidl_typesupport_introspection_cpp/drive_base_msgs/msg/detail/command_header__type_support.cpp.o[0m
[35m[1mScanning dependencies of target drive_base_msgs__rosidl_typesupport_fastrtps_cpp[0m
[ 20%] [32mBuilding CXX object CMakeFiles/drive_base_msgs__rosidl_typesupport_fastrtps_cpp.dir/rosidl_typesupport_fastrtps_cpp/drive_base_msgs/msg/detail/dds_fastrtps/command_header__type_support.cpp.o[0m
[ 21%] [32mBuilding CXX object CMakeFiles/drive_base_msgs__rosidl_typesupport_introspection_cpp.dir/rosidl_typesupport_introspection_cpp/drive_base_msgs/msg/detail/base_info__type_support.cpp.o[0m
[ 23%] [32mBuilding CXX object CMakeFiles/drive_base_msgs__rosidl_typesupport_microxrcedds_cpp.dir/rosidl_typesupport_microxrcedds_cpp/drive_base_msgs/msg/detail/microxrcedds/command_status__type_support_cpp.cpp.o[0m
[ 24%] [32mBuilding CXX object CMakeFiles/drive_base_msgs__rosidl_typesupport_fastrtps_cpp.dir/rosidl_typesupport_fastrtps_cpp/drive_base_msgs/msg/detail/dds_fastrtps/base_info__type_support.cpp.o[0m
[ 26%] [32mBuilding CXX object CMakeFiles/drive_base_msgs__rosidl_typesupport_introspection_cpp.dir/rosidl_typesupport_introspection_cpp/drive_base_msgs/msg/detail/command_status__type_support.cpp.o[0m
[ 27%] [32mBuilding CXX object CMakeFiles/drive_base_msgs__rosidl_typesupport_microxrcedds_cpp.dir/rosidl_typesupport_microxrcedds_cpp/drive_base_msgs/msg/detail/microxrcedds/trv_command__type_support_cpp.cpp.o[0m
[ 28%] [32mBuilding CXX object CMakeFiles/drive_base_msgs__rosidl_typesupport_introspection_cpp.dir/rosidl_typesupport_introspection_cpp/drive_base_msgs/msg/detail/trv_command__type_support.cpp.o[0m
[ 30%] [32m[1mLinking CXX shared library libdrive_base_msgs__rosidl_typesupport_microxrcedds_cpp.so[0m
[ 30%] Built target drive_base_msgs__rosidl_typesupport_microxrcedds_cpp
[ 31%] [32mBuilding CXX object CMakeFiles/drive_base_msgs__rosidl_typesupport_fastrtps_cpp.dir/rosidl_typesupport_fastrtps_cpp/drive_base_msgs/msg/detail/dds_fastrtps/trv_command__type_support.cpp.o[0m
[ 33%] [32m[1mLinking CXX shared library libdrive_base_msgs__rosidl_typesupport_introspection_cpp.so[0m
[ 33%] Built target drive_base_msgs__rosidl_typesupport_introspection_cpp
[ 34%] [32mBuilding CXX object CMakeFiles/drive_base_msgs__rosidl_typesupport_fastrtps_cpp.dir/rosidl_typesupport_fastrtps_cpp/drive_base_msgs/msg/detail/dds_fastrtps/command_status__type_support.cpp.o[0m
[ 36%] [32m[1mLinking CXX shared library libdrive_base_msgs__rosidl_typesupport_fastrtps_cpp.so[0m
[ 36%] Built target drive_base_msgs__rosidl_typesupport_fastrtps_cpp
[ 37%] [34m[1mGenerating C type support dispatch for ROS interfaces[0m
[35m[1mScanning dependencies of target drive_base_msgs__rosidl_typesupport_c[0m
[ 39%] [32mBuilding CXX object CMakeFiles/drive_base_msgs__rosidl_typesupport_c.dir/rosidl_typesupport_c/drive_base_msgs/msg/command_header__type_support.cpp.o[0m
[ 40%] [32mBuilding CXX object CMakeFiles/drive_base_msgs__rosidl_typesupport_c.dir/rosidl_typesupport_c/drive_base_msgs/msg/trv_command__type_support.cpp.o[0m
[ 42%] [32mBuilding CXX object CMakeFiles/drive_base_msgs__rosidl_typesupport_c.dir/rosidl_typesupport_c/drive_base_msgs/msg/command_status__type_support.cpp.o[0m
[ 43%] [32mBuilding CXX object CMakeFiles/drive_base_msgs__rosidl_typesupport_c.dir/rosidl_typesupport_c/drive_base_msgs/msg/base_info__type_support.cpp.o[0m
[ 44%] [32m[1mLinking CXX shared library libdrive_base_msgs__rosidl_typesupport_c.so[0m
[ 44%] Built target drive_base_msgs__rosidl_typesupport_c
[ 46%] [34m[1mGenerating C type support for eProsima Fast-RTPS[0m
[35m[1mScanning dependencies of target drive_base_msgs__rosidl_typesupport_fastrtps_c[0m
[ 47%] [32mBuilding CXX object CMakeFiles/drive_base_msgs__rosidl_typesupport_fastrtps_c.dir/rosidl_typesupport_fastrtps_c/drive_base_msgs/msg/detail/command_header__type_support_c.cpp.o[0m
[ 49%] [32mBuilding CXX object CMakeFiles/drive_base_msgs__rosidl_typesupport_fastrtps_c.dir/rosidl_typesupport_fastrtps_c/drive_base_msgs/msg/detail/trv_command__type_support_c.cpp.o[0m
[ 50%] [32mBuilding CXX object CMakeFiles/drive_base_msgs__rosidl_typesupport_fastrtps_c.dir/rosidl_typesupport_fastrtps_c/drive_base_msgs/msg/detail/command_status__type_support_c.cpp.o[0m
[ 52%] [32mBuilding CXX object CMakeFiles/drive_base_msgs__rosidl_typesupport_fastrtps_c.dir/rosidl_typesupport_fastrtps_c/drive_base_msgs/msg/detail/base_info__type_support_c.cpp.o[0m
[ 53%] [32m[1mLinking CXX shared library libdrive_base_msgs__rosidl_typesupport_fastrtps_c.so[0m
[ 53%] Built target drive_base_msgs__rosidl_typesupport_fastrtps_c
[ 55%] [34m[1mGenerating C type support for eProsima Micro XRCE-DDS[0m
[35m[1mScanning dependencies of target drive_base_msgs__rosidl_typesupport_microxrcedds_c[0m
[ 56%] [32mBuilding C object CMakeFiles/drive_base_msgs__rosidl_typesupport_microxrcedds_c.dir/rosidl_typesupport_microxrcedds_c/drive_base_msgs/msg/detail/microxrcedds/command_header__type_support_c.c.o[0m
[ 57%] [32mBuilding C object CMakeFiles/drive_base_msgs__rosidl_typesupport_microxrcedds_c.dir/rosidl_typesupport_microxrcedds_c/drive_base_msgs/msg/detail/microxrcedds/trv_command__type_support_c.c.o[0m
[ 59%] [32mBuilding C object CMakeFiles/drive_base_msgs__rosidl_typesupport_microxrcedds_c.dir/rosidl_typesupport_microxrcedds_c/drive_base_msgs/msg/detail/microxrcedds/command_status__type_support_c.c.o[0m
[ 60%] [32mBuilding C object CMakeFiles/drive_base_msgs__rosidl_typesupport_microxrcedds_c.dir/rosidl_typesupport_microxrcedds_c/drive_base_msgs/msg/detail/microxrcedds/base_info__type_support_c.c.o[0m
[ 62%] [32m[1mLinking C shared library libdrive_base_msgs__rosidl_typesupport_microxrcedds_c.so[0m
[ 62%] Built target drive_base_msgs__rosidl_typesupport_microxrcedds_c
[ 63%] [34m[1mGenerating C introspection for ROS interfaces[0m
[35m[1mScanning dependencies of target drive_base_msgs__rosidl_typesupport_introspection_c[0m
[ 65%] [32mBuilding C object CMakeFiles/drive_base_msgs__rosidl_typesupport_introspection_c.dir/rosidl_typesupport_introspection_c/drive_base_msgs/msg/detail/command_header__type_support.c.o[0m
[ 66%] [32mBuilding C object CMakeFiles/drive_base_msgs__rosidl_typesupport_introspection_c.dir/rosidl_typesupport_introspection_c/drive_base_msgs/msg/detail/trv_command__type_support.c.o[0m
[ 68%] [32mBuilding C object CMakeFiles/drive_base_msgs__rosidl_typesupport_introspection_c.dir/rosidl_typesupport_introspection_c/drive_base_msgs/msg/detail/command_status__type_support.c.o[0m
[ 69%] [32mBuilding C object CMakeFiles/drive_base_msgs__rosidl_typesupport_introspection_c.dir/rosidl_typesupport_introspection_c/drive_base_msgs/msg/detail/base_info__type_support.c.o[0m
[ 71%] [32m[1mLinking C shared library libdrive_base_msgs__rosidl_typesupport_introspection_c.so[0m
[ 71%] Built target drive_base_msgs__rosidl_typesupport_introspection_c
[ 72%] [34m[1mGenerating C++ type support dispatch for ROS interfaces[0m
[35m[1mScanning dependencies of target drive_base_msgs__rosidl_typesupport_cpp[0m
[ 73%] [32mBuilding CXX object CMakeFiles/drive_base_msgs__rosidl_typesupport_cpp.dir/rosidl_typesupport_cpp/drive_base_msgs/msg/command_header__type_support.cpp.o[0m
[ 75%] [32mBuilding CXX object CMakeFiles/drive_base_msgs__rosidl_typesupport_cpp.dir/rosidl_typesupport_cpp/drive_base_msgs/msg/trv_command__type_support.cpp.o[0m
[ 76%] [32mBuilding CXX object CMakeFiles/drive_base_msgs__rosidl_typesupport_cpp.dir/rosidl_typesupport_cpp/drive_base_msgs/msg/command_status__type_support.cpp.o[0m
[ 78%] [32mBuilding CXX object CMakeFiles/drive_base_msgs__rosidl_typesupport_cpp.dir/rosidl_typesupport_cpp/drive_base_msgs/msg/base_info__type_support.cpp.o[0m
[ 79%] [32m[1mLinking CXX shared library libdrive_base_msgs__rosidl_typesupport_cpp.so[0m
[ 79%] Built target drive_base_msgs__rosidl_typesupport_cpp
[35m[1mScanning dependencies of target drive_base_msgs[0m
[ 79%] Built target drive_base_msgs
[35m[1mScanning dependencies of target drive_base_msgs__py[0m
[ 81%] [34m[1mGenerating Python code for ROS interfaces[0m
[ 81%] Built target drive_base_msgs__py
[35m[1mScanning dependencies of target drive_base_msgs__python[0m
[ 82%] [32mBuilding C object CMakeFiles/drive_base_msgs__python.dir/rosidl_generator_py/drive_base_msgs/msg/_command_header_s.c.o[0m
[ 84%] [32mBuilding C object CMakeFiles/drive_base_msgs__python.dir/rosidl_generator_py/drive_base_msgs/msg/_trv_command_s.c.o[0m
[ 85%] [32mBuilding C object CMakeFiles/drive_base_msgs__python.dir/rosidl_generator_py/drive_base_msgs/msg/_command_status_s.c.o[0m
[ 86%] [32mBuilding C object CMakeFiles/drive_base_msgs__python.dir/rosidl_generator_py/drive_base_msgs/msg/_base_info_s.c.o[0m
[ 88%] [32m[1mLinking C shared library rosidl_generator_py/drive_base_msgs/libdrive_base_msgs__python.so[0m
[ 88%] Built target drive_base_msgs__python
[35m[1mScanning dependencies of target drive_base_msgs__rosidl_typesupport_c__pyext[0m
[ 89%] [32mBuilding C object CMakeFiles/drive_base_msgs__rosidl_typesupport_c__pyext.dir/rosidl_generator_py/drive_base_msgs/_drive_base_msgs_s.ep.rosidl_typesupport_c.c.o[0m
[ 91%] [32m[1mLinking C shared library rosidl_generator_py/drive_base_msgs/drive_base_msgs_s__rosidl_typesupport_c.cpython-38-x86_64-linux-gnu.so[0m
[ 91%] Built target drive_base_msgs__rosidl_typesupport_c__pyext
[35m[1mScanning dependencies of target drive_base_msgs__rosidl_typesupport_introspection_c__pyext[0m
[ 92%] [32mBuilding C object CMakeFiles/drive_base_msgs__rosidl_typesupport_introspection_c__pyext.dir/rosidl_generator_py/drive_base_msgs/_drive_base_msgs_s.ep.rosidl_typesupport_introspection_c.c.o[0m
[ 94%] [32m[1mLinking C shared library rosidl_generator_py/drive_base_msgs/drive_base_msgs_s__rosidl_typesupport_introspection_c.cpython-38-x86_64-linux-gnu.so[0m
[ 94%] Built target drive_base_msgs__rosidl_typesupport_introspection_c__pyext
[35m[1mScanning dependencies of target drive_base_msgs__rosidl_typesupport_microxrcedds_c__pyext[0m
[ 95%] [32mBuilding C object CMakeFiles/drive_base_msgs__rosidl_typesupport_microxrcedds_c__pyext.dir/rosidl_generator_py/drive_base_msgs/_drive_base_msgs_s.ep.rosidl_typesupport_microxrcedds_c.c.o[0m
[ 97%] [32m[1mLinking C shared library rosidl_generator_py/drive_base_msgs/drive_base_msgs_s__rosidl_typesupport_microxrcedds_c.cpython-38-x86_64-linux-gnu.so[0m
[ 97%] Built target drive_base_msgs__rosidl_typesupport_microxrcedds_c__pyext
[35m[1mScanning dependencies of target drive_base_msgs__rosidl_typesupport_fastrtps_c__pyext[0m
[ 98%] [32mBuilding C object CMakeFiles/drive_base_msgs__rosidl_typesupport_fastrtps_c__pyext.dir/rosidl_generator_py/drive_base_msgs/_drive_base_msgs_s.ep.rosidl_typesupport_fastrtps_c.c.o[0m
[100%] [32m[1mLinking CXX shared library rosidl_generator_py/drive_base_msgs/drive_base_msgs_s__rosidl_typesupport_fastrtps_c.cpython-38-x86_64-linux-gnu.so[0m
[100%] Built target drive_base_msgs__rosidl_typesupport_fastrtps_c__pyext
-- Install configuration: ""
-- Installing: /home/devpc/Desktop/microros_ws/install/drive_base_msgs/share/ament_index/resource_index/rosidl_interfaces/drive_base_msgs
-- Installing: /home/devpc/Desktop/microros_ws/install/drive_base_msgs/include/drive_base_msgs
-- Installing: /home/devpc/Desktop/microros_ws/install/drive_base_msgs/include/drive_base_msgs/msg
-- Installing: /home/devpc/Desktop/microros_ws/install/drive_base_msgs/include/drive_base_msgs/msg/base_info.h
-- Installing: /home/devpc/Desktop/microros_ws/install/drive_base_msgs/include/drive_base_msgs/msg/trv_command.h
-- Installing: /home/devpc/Desktop/microros_ws/install/drive_base_msgs/include/drive_base_msgs/msg/command_status.h
-- Installing: /home/devpc/Desktop/microros_ws/install/drive_base_msgs/include/drive_base_msgs/msg/detail
-- Installing: /home/devpc/Desktop/microros_ws/install/drive_base_msgs/include/drive_base_msgs/msg/detail/command_header__struct.h
-- Installing: /home/devpc/Desktop/microros_ws/install/drive_base_msgs/include/drive_base_msgs/msg/detail/command_header__type_support.h
-- Installing: /home/devpc/Desktop/microros_ws/install/drive_base_msgs/include/drive_base_msgs/msg/detail/base_info__type_support.h
-- Installing: /home/devpc/Desktop/microros_ws/install/drive_base_msgs/include/drive_base_msgs/msg/detail/trv_command__functions.c
-- Installing: /home/devpc/Desktop/microros_ws/install/drive_base_msgs/include/drive_base_msgs/msg/detail/command_status__functions.c
-- Installing: /home/devpc/Desktop/microros_ws/install/drive_base_msgs/include/drive_base_msgs/msg/detail/trv_command__struct.h
-- Installing: /home/devpc/Desktop/microros_ws/install/drive_base_msgs/include/drive_base_msgs/msg/detail/base_info__functions.c
-- Installing: /home/devpc/Desktop/microros_ws/install/drive_base_msgs/include/drive_base_msgs/msg/detail/command_header__functions.c
-- Installing: /home/devpc/Desktop/microros_ws/install/drive_base_msgs/include/drive_base_msgs/msg/detail/command_status__struct.h
-- Installing: /home/devpc/Desktop/microros_ws/install/drive_base_msgs/include/drive_base_msgs/msg/detail/trv_command__functions.h
-- Installing: /home/devpc/Desktop/microros_ws/install/drive_base_msgs/include/drive_base_msgs/msg/detail/trv_command__type_support.h
-- Installing: /home/devpc/Desktop/microros_ws/install/drive_base_msgs/include/drive_base_msgs/msg/detail/base_info__functions.h
-- Installing: /home/devpc/Desktop/microros_ws/install/drive_base_msgs/include/drive_base_msgs/msg/detail/command_status__type_support.h
-- Installing: /home/devpc/Desktop/microros_ws/install/drive_base_msgs/include/drive_base_msgs/msg/detail/command_status__functions.h
-- Installing: /home/devpc/Desktop/microros_ws/install/drive_base_msgs/include/drive_base_msgs/msg/detail/base_info__struct.h
-- Installing: /home/devpc/Desktop/microros_ws/install/drive_base_msgs/include/drive_base_msgs/msg/detail/command_header__functions.h
-- Installing: /home/devpc/Desktop/microros_ws/install/drive_base_msgs/include/drive_base_msgs/msg/command_header.h
-- Installing: /home/devpc/Desktop/microros_ws/install/drive_base_msgs/include/drive_base_msgs/msg/rosidl_generator_c__visibility_control.h
-- Installing: /home/devpc/Desktop/microros_ws/install/drive_base_msgs/share/drive_base_msgs/environment/library_path.sh
-- Installing: /home/devpc/Desktop/microros_ws/install/drive_base_msgs/share/drive_base_msgs/environment/library_path.dsv
-- Installing: /home/devpc/Desktop/microros_ws/install/drive_base_msgs/lib/libdrive_base_msgs__rosidl_generator_c.so
-- Set runtime path of "/home/devpc/Desktop/microros_ws/install/drive_base_msgs/lib/libdrive_base_msgs__rosidl_generator_c.so" to ""
-- Up-to-date: /home/devpc/Desktop/microros_ws/install/drive_base_msgs/include/drive_base_msgs
-- Up-to-date: /home/devpc/Desktop/microros_ws/install/drive_base_msgs/include/drive_base_msgs/msg
-- Up-to-date: /home/devpc/Desktop/microros_ws/install/drive_base_msgs/include/drive_base_msgs/msg/detail
-- Installing: /home/devpc/Desktop/microros_ws/install/drive_base_msgs/include/drive_base_msgs/msg/detail/base_info__rosidl_typesupport_microxrcedds_c.h
-- Installing: /home/devpc/Desktop/microros_ws/install/drive_base_msgs/include/drive_base_msgs/msg/detail/trv_command__rosidl_typesupport_microxrcedds_c.h
-- Installing: /home/devpc/Desktop/microros_ws/install/drive_base_msgs/include/drive_base_msgs/msg/detail/command_header__rosidl_typesupport_microxrcedds_c.h
-- Installing: /home/devpc/Desktop/microros_ws/install/drive_base_msgs/include/drive_base_msgs/msg/detail/command_status__rosidl_typesupport_microxrcedds_c.h
-- Installing: /home/devpc/Desktop/microros_ws/install/drive_base_msgs/include/drive_base_msgs/msg/detail/microxrcedds
-- Installing: /home/devpc/Desktop/microros_ws/install/drive_base_msgs/include/drive_base_msgs/msg/rosidl_typesupport_microxrcedds_c__visibility_control.h
-- Installing: /home/devpc/Desktop/microros_ws/install/drive_base_msgs/lib/libdrive_base_msgs__rosidl_typesupport_microxrcedds_c.so
-- Set runtime path of "/home/devpc/Desktop/microros_ws/install/drive_base_msgs/lib/libdrive_base_msgs__rosidl_typesupport_microxrcedds_c.so" to ""
-- Up-to-date: /home/devpc/Desktop/microros_ws/install/drive_base_msgs/include/drive_base_msgs
-- Up-to-date: /home/devpc/Desktop/microros_ws/install/drive_base_msgs/include/drive_base_msgs/msg
-- Up-to-date: /home/devpc/Desktop/microros_ws/install/drive_base_msgs/include/drive_base_msgs/msg/detail
-- Installing: /home/devpc/Desktop/microros_ws/install/drive_base_msgs/include/drive_base_msgs/msg/detail/base_info__rosidl_typesupport_fastrtps_c.h
-- Installing: /home/devpc/Desktop/microros_ws/install/drive_base_msgs/include/drive_base_msgs/msg/detail/trv_command__rosidl_typesupport_fastrtps_c.h
-- Installing: /home/devpc/Desktop/microros_ws/install/drive_base_msgs/include/drive_base_msgs/msg/detail/command_status__rosidl_typesupport_fastrtps_c.h
-- Installing: /home/devpc/Desktop/microros_ws/install/drive_base_msgs/include/drive_base_msgs/msg/detail/command_header__rosidl_typesupport_fastrtps_c.h
-- Installing: /home/devpc/Desktop/microros_ws/install/drive_base_msgs/include/drive_base_msgs/msg/rosidl_typesupport_fastrtps_c__visibility_control.h
-- Installing: /home/devpc/Desktop/microros_ws/install/drive_base_msgs/lib/libdrive_base_msgs__rosidl_typesupport_fastrtps_c.so
-- Set runtime path of "/home/devpc/Desktop/microros_ws/install/drive_base_msgs/lib/libdrive_base_msgs__rosidl_typesupport_fastrtps_c.so" to ""
-- Up-to-date: /home/devpc/Desktop/microros_ws/install/drive_base_msgs/include/drive_base_msgs
-- Up-to-date: /home/devpc/Desktop/microros_ws/install/drive_base_msgs/include/drive_base_msgs/msg
-- Up-to-date: /home/devpc/Desktop/microros_ws/install/drive_base_msgs/include/drive_base_msgs/msg/detail
-- Installing: /home/devpc/Desktop/microros_ws/install/drive_base_msgs/include/drive_base_msgs/msg/detail/base_info__rosidl_typesupport_fastrtps_cpp.hpp
-- Installing: /home/devpc/Desktop/microros_ws/install/drive_base_msgs/include/drive_base_msgs/msg/detail/command_header__rosidl_typesupport_fastrtps_cpp.hpp
-- Installing: /home/devpc/Desktop/microros_ws/install/drive_base_msgs/include/drive_base_msgs/msg/detail/trv_command__rosidl_typesupport_fastrtps_cpp.hpp
-- Installing: /home/devpc/Desktop/microros_ws/install/drive_base_msgs/include/drive_base_msgs/msg/detail/command_status__rosidl_typesupport_fastrtps_cpp.hpp
-- Installing: /home/devpc/Desktop/microros_ws/install/drive_base_msgs/include/drive_base_msgs/msg/detail/dds_fastrtps
-- Installing: /home/devpc/Desktop/microros_ws/install/drive_base_msgs/include/drive_base_msgs/msg/rosidl_typesupport_fastrtps_cpp__visibility_control.h
-- Installing: /home/devpc/Desktop/microros_ws/install/drive_base_msgs/lib/libdrive_base_msgs__rosidl_typesupport_fastrtps_cpp.so
-- Set runtime path of "/home/devpc/Desktop/microros_ws/install/drive_base_msgs/lib/libdrive_base_msgs__rosidl_typesupport_fastrtps_cpp.so" to ""
-- Up-to-date: /home/devpc/Desktop/microros_ws/install/drive_base_msgs/include/drive_base_msgs
-- Up-to-date: /home/devpc/Desktop/microros_ws/install/drive_base_msgs/include/drive_base_msgs/msg
-- Up-to-date: /home/devpc/Desktop/microros_ws/install/drive_base_msgs/include/drive_base_msgs/msg/detail
-- Installing: /home/devpc/Desktop/microros_ws/install/drive_base_msgs/include/drive_base_msgs/msg/detail/command_header__type_support.c
-- Installing: /home/devpc/Desktop/microros_ws/install/drive_base_msgs/include/drive_base_msgs/msg/detail/base_info__rosidl_typesupport_introspection_c.h
-- Installing: /home/devpc/Desktop/microros_ws/install/drive_base_msgs/include/drive_base_msgs/msg/detail/trv_command__rosidl_typesupport_introspection_c.h
-- Installing: /home/devpc/Desktop/microros_ws/install/drive_base_msgs/include/drive_base_msgs/msg/detail/base_info__type_support.c
-- Installing: /home/devpc/Desktop/microros_ws/install/drive_base_msgs/include/drive_base_msgs/msg/detail/command_status__rosidl_typesupport_introspection_c.h
-- Installing: /home/devpc/Desktop/microros_ws/install/drive_base_msgs/include/drive_base_msgs/msg/detail/command_header__rosidl_typesupport_introspection_c.h
-- Installing: /home/devpc/Desktop/microros_ws/install/drive_base_msgs/include/drive_base_msgs/msg/detail/command_status__type_support.c
-- Installing: /home/devpc/Desktop/microros_ws/install/drive_base_msgs/include/drive_base_msgs/msg/detail/trv_command__type_support.c
-- Installing: /home/devpc/Desktop/microros_ws/install/drive_base_msgs/include/drive_base_msgs/msg/rosidl_typesupport_introspection_c__visibility_control.h
-- Installing: /home/devpc/Desktop/microros_ws/install/drive_base_msgs/lib/libdrive_base_msgs__rosidl_typesupport_introspection_c.so
-- Set runtime path of "/home/devpc/Desktop/microros_ws/install/drive_base_msgs/lib/libdrive_base_msgs__rosidl_typesupport_introspection_c.so" to ""
-- Installing: /home/devpc/Desktop/microros_ws/install/drive_base_msgs/lib/libdrive_base_msgs__rosidl_typesupport_c.so
-- Set runtime path of "/home/devpc/Desktop/microros_ws/install/drive_base_msgs/lib/libdrive_base_msgs__rosidl_typesupport_c.so" to ""
-- Up-to-date: /home/devpc/Desktop/microros_ws/install/drive_base_msgs/include/drive_base_msgs
-- Up-to-date: /home/devpc/Desktop/microros_ws/install/drive_base_msgs/include/drive_base_msgs/msg
-- Up-to-date: /home/devpc/Desktop/microros_ws/install/drive_base_msgs/include/drive_base_msgs/msg/detail
-- Installing: /home/devpc/Desktop/microros_ws/install/drive_base_msgs/include/drive_base_msgs/msg/detail/command_header__struct.hpp
-- Installing: /home/devpc/Desktop/microros_ws/install/drive_base_msgs/include/drive_base_msgs/msg/detail/command_header__traits.hpp
-- Installing: /home/devpc/Desktop/microros_ws/install/drive_base_msgs/include/drive_base_msgs/msg/detail/trv_command__builder.hpp
-- Installing: /home/devpc/Desktop/microros_ws/install/drive_base_msgs/include/drive_base_msgs/msg/detail/base_info__struct.hpp
-- Installing: /home/devpc/Desktop/microros_ws/install/drive_base_msgs/include/drive_base_msgs/msg/detail/command_status__traits.hpp
-- Installing: /home/devpc/Desktop/microros_ws/install/drive_base_msgs/include/drive_base_msgs/msg/detail/command_status__struct.hpp
-- Installing: /home/devpc/Desktop/microros_ws/install/drive_base_msgs/include/drive_base_msgs/msg/detail/command_status__builder.hpp
-- Installing: /home/devpc/Desktop/microros_ws/install/drive_base_msgs/include/drive_base_msgs/msg/detail/trv_command__struct.hpp
-- Installing: /home/devpc/Desktop/microros_ws/install/drive_base_msgs/include/drive_base_msgs/msg/detail/command_header__builder.hpp
-- Installing: /home/devpc/Desktop/microros_ws/install/drive_base_msgs/include/drive_base_msgs/msg/detail/trv_command__traits.hpp
-- Installing: /home/devpc/Desktop/microros_ws/install/drive_base_msgs/include/drive_base_msgs/msg/detail/base_info__builder.hpp
-- Installing: /home/devpc/Desktop/microros_ws/install/drive_base_msgs/include/drive_base_msgs/msg/detail/base_info__traits.hpp
-- Installing: /home/devpc/Desktop/microros_ws/install/drive_base_msgs/include/drive_base_msgs/msg/command_header.hpp
-- Installing: /home/devpc/Desktop/microros_ws/install/drive_base_msgs/include/drive_base_msgs/msg/base_info.hpp
-- Installing: /home/devpc/Desktop/microros_ws/install/drive_base_msgs/include/drive_base_msgs/msg/trv_command.hpp
-- Installing: /home/devpc/Desktop/microros_ws/install/drive_base_msgs/include/drive_base_msgs/msg/command_status.hpp
-- Up-to-date: /home/devpc/Desktop/microros_ws/install/drive_base_msgs/include/drive_base_msgs
-- Up-to-date: /home/devpc/Desktop/microros_ws/install/drive_base_msgs/include/drive_base_msgs/msg
-- Up-to-date: /home/devpc/Desktop/microros_ws/install/drive_base_msgs/include/drive_base_msgs/msg/detail
-- Installing: /home/devpc/Desktop/microros_ws/install/drive_base_msgs/include/drive_base_msgs/msg/detail/command_status__rosidl_typesupport_microxrcedds_cpp.hpp
-- Installing: /home/devpc/Desktop/microros_ws/install/drive_base_msgs/include/drive_base_msgs/msg/detail/base_info__rosidl_typesupport_microxrcedds_cpp.hpp
-- Installing: /home/devpc/Desktop/microros_ws/install/drive_base_msgs/include/drive_base_msgs/msg/detail/command_header__rosidl_typesupport_microxrcedds_cpp.hpp
-- Installing: /home/devpc/Desktop/microros_ws/install/drive_base_msgs/include/drive_base_msgs/msg/detail/trv_command__rosidl_typesupport_microxrcedds_cpp.hpp
-- Up-to-date: /home/devpc/Desktop/microros_ws/install/drive_base_msgs/include/drive_base_msgs/msg/detail/microxrcedds
-- Installing: /home/devpc/Desktop/microros_ws/install/drive_base_msgs/include/drive_base_msgs/msg/detail/microxrcedds/trv_command__type_support_cpp.cpp
-- Installing: /home/devpc/Desktop/microros_ws/install/drive_base_msgs/include/drive_base_msgs/msg/detail/microxrcedds/command_status__type_support_cpp.cpp
-- Installing: /home/devpc/Desktop/microros_ws/install/drive_base_msgs/include/drive_base_msgs/msg/detail/microxrcedds/base_info__type_support_cpp.cpp
-- Installing: /home/devpc/Desktop/microros_ws/install/drive_base_msgs/include/drive_base_msgs/msg/detail/microxrcedds/command_header__type_support_cpp.cpp
-- Installing: /home/devpc/Desktop/microros_ws/install/drive_base_msgs/include/drive_base_msgs/msg/rosidl_typesupport_microxrcedds_cpp__visibility_control.h
-- Installing: /home/devpc/Desktop/microros_ws/install/drive_base_msgs/lib/libdrive_base_msgs__rosidl_typesupport_microxrcedds_cpp.so
-- Set runtime path of "/home/devpc/Desktop/microros_ws/install/drive_base_msgs/lib/libdrive_base_msgs__rosidl_typesupport_microxrcedds_cpp.so" to ""
-- Up-to-date: /home/devpc/Desktop/microros_ws/install/drive_base_msgs/include/drive_base_msgs
-- Up-to-date: /home/devpc/Desktop/microros_ws/install/drive_base_msgs/include/drive_base_msgs/msg
-- Up-to-date: /home/devpc/Desktop/microros_ws/install/drive_base_msgs/include/drive_base_msgs/msg/detail
-- Installing: /home/devpc/Desktop/microros_ws/install/drive_base_msgs/include/drive_base_msgs/msg/detail/base_info__rosidl_typesupport_introspection_cpp.hpp
-- Installing: /home/devpc/Desktop/microros_ws/install/drive_base_msgs/include/drive_base_msgs/msg/detail/command_status__rosidl_typesupport_introspection_cpp.hpp
-- Installing: /home/devpc/Desktop/microros_ws/install/drive_base_msgs/include/drive_base_msgs/msg/detail/command_status__type_support.cpp
-- Installing: /home/devpc/Desktop/microros_ws/install/drive_base_msgs/include/drive_base_msgs/msg/detail/base_info__type_support.cpp
-- Installing: /home/devpc/Desktop/microros_ws/install/drive_base_msgs/include/drive_base_msgs/msg/detail/command_header__type_support.cpp
-- Installing: /home/devpc/Desktop/microros_ws/install/drive_base_msgs/include/drive_base_msgs/msg/detail/command_header__rosidl_typesupport_introspection_cpp.hpp
-- Installing: /home/devpc/Desktop/microros_ws/install/drive_base_msgs/include/drive_base_msgs/msg/detail/trv_command__type_support.cpp
-- Installing: /home/devpc/Desktop/microros_ws/install/drive_base_msgs/include/drive_base_msgs/msg/detail/trv_command__rosidl_typesupport_introspection_cpp.hpp
-- Installing: /home/devpc/Desktop/microros_ws/install/drive_base_msgs/lib/libdrive_base_msgs__rosidl_typesupport_introspection_cpp.so
-- Set runtime path of "/home/devpc/Desktop/microros_ws/install/drive_base_msgs/lib/libdrive_base_msgs__rosidl_typesupport_introspection_cpp.so" to ""
-- Installing: /home/devpc/Desktop/microros_ws/install/drive_base_msgs/lib/libdrive_base_msgs__rosidl_typesupport_cpp.so
-- Set runtime path of "/home/devpc/Desktop/microros_ws/install/drive_base_msgs/lib/libdrive_base_msgs__rosidl_typesupport_cpp.so" to ""
-- Installing: /home/devpc/Desktop/microros_ws/install/drive_base_msgs/share/drive_base_msgs/environment/pythonpath.sh
-- Installing: /home/devpc/Desktop/microros_ws/install/drive_base_msgs/share/drive_base_msgs/environment/pythonpath.dsv
-- Installing: /home/devpc/Desktop/microros_ws/install/drive_base_msgs/lib/python3.8/site-packages/drive_base_msgs/__init__.py
Compiling '/home/devpc/Desktop/microros_ws/install/drive_base_msgs/lib/python3.8/site-packages/drive_base_msgs/__init__.py'...
-- Installing: /home/devpc/Desktop/microros_ws/install/drive_base_msgs/lib/python3.8/site-packages/drive_base_msgs/msg
-- Installing: /home/devpc/Desktop/microros_ws/install/drive_base_msgs/lib/python3.8/site-packages/drive_base_msgs/msg/_command_status.py
-- Installing: /home/devpc/Desktop/microros_ws/install/drive_base_msgs/lib/python3.8/site-packages/drive_base_msgs/msg/__init__.py
-- Installing: /home/devpc/Desktop/microros_ws/install/drive_base_msgs/lib/python3.8/site-packages/drive_base_msgs/msg/_command_header.py
-- Installing: /home/devpc/Desktop/microros_ws/install/drive_base_msgs/lib/python3.8/site-packages/drive_base_msgs/msg/_trv_command.py
-- Installing: /home/devpc/Desktop/microros_ws/install/drive_base_msgs/lib/python3.8/site-packages/drive_base_msgs/msg/_base_info_s.c
-- Installing: /home/devpc/Desktop/microros_ws/install/drive_base_msgs/lib/python3.8/site-packages/drive_base_msgs/msg/_command_status_s.c
-- Installing: /home/devpc/Desktop/microros_ws/install/drive_base_msgs/lib/python3.8/site-packages/drive_base_msgs/msg/_base_info.py
-- Installing: /home/devpc/Desktop/microros_ws/install/drive_base_msgs/lib/python3.8/site-packages/drive_base_msgs/msg/_trv_command_s.c
-- Installing: /home/devpc/Desktop/microros_ws/install/drive_base_msgs/lib/python3.8/site-packages/drive_base_msgs/msg/_command_header_s.c
-- Installing: /home/devpc/Desktop/microros_ws/install/drive_base_msgs/lib/python3.8/site-packages/drive_base_msgs/drive_base_msgs_s__rosidl_typesupport_microxrcedds_c.cpython-38-x86_64-linux-gnu.so
-- Set runtime path of "/home/devpc/Desktop/microros_ws/install/drive_base_msgs/lib/python3.8/site-packages/drive_base_msgs/drive_base_msgs_s__rosidl_typesupport_microxrcedds_c.cpython-38-x86_64-linux-gnu.so" to ""
-- Installing: /home/devpc/Desktop/microros_ws/install/drive_base_msgs/lib/python3.8/site-packages/drive_base_msgs/drive_base_msgs_s__rosidl_typesupport_fastrtps_c.cpython-38-x86_64-linux-gnu.so
-- Set runtime path of "/home/devpc/Desktop/microros_ws/install/drive_base_msgs/lib/python3.8/site-packages/drive_base_msgs/drive_base_msgs_s__rosidl_typesupport_fastrtps_c.cpython-38-x86_64-linux-gnu.so" to ""
-- Installing: /home/devpc/Desktop/microros_ws/install/drive_base_msgs/lib/python3.8/site-packages/drive_base_msgs/drive_base_msgs_s__rosidl_typesupport_introspection_c.cpython-38-x86_64-linux-gnu.so
-- Set runtime path of "/home/devpc/Desktop/microros_ws/install/drive_base_msgs/lib/python3.8/site-packages/drive_base_msgs/drive_base_msgs_s__rosidl_typesupport_introspection_c.cpython-38-x86_64-linux-gnu.so" to ""
-- Installing: /home/devpc/Desktop/microros_ws/install/drive_base_msgs/lib/python3.8/site-packages/drive_base_msgs/drive_base_msgs_s__rosidl_typesupport_c.cpython-38-x86_64-linux-gnu.so
-- Set runtime path of "/home/devpc/Desktop/microros_ws/install/drive_base_msgs/lib/python3.8/site-packages/drive_base_msgs/drive_base_msgs_s__rosidl_typesupport_c.cpython-38-x86_64-linux-gnu.so" to ""
-- Installing: /home/devpc/Desktop/microros_ws/install/drive_base_msgs/lib/libdrive_base_msgs__python.so
-- Set runtime path of "/home/devpc/Desktop/microros_ws/install/drive_base_msgs/lib/libdrive_base_msgs__python.so" to ""
-- Installing: /home/devpc/Desktop/microros_ws/install/drive_base_msgs/share/drive_base_msgs/msg/CommandHeader.idl
-- Installing: /home/devpc/Desktop/microros_ws/install/drive_base_msgs/share/drive_base_msgs/msg/BaseInfo.idl
-- Installing: /home/devpc/Desktop/microros_ws/install/drive_base_msgs/share/drive_base_msgs/msg/CommandStatus.idl
-- Installing: /home/devpc/Desktop/microros_ws/install/drive_base_msgs/share/drive_base_msgs/msg/TRVCommand.idl
-- Installing: /home/devpc/Desktop/microros_ws/install/drive_base_msgs/share/drive_base_msgs/msg/CommandHeader.msg
-- Installing: /home/devpc/Desktop/microros_ws/install/drive_base_msgs/share/drive_base_msgs/msg/BaseInfo.msg
-- Installing: /home/devpc/Desktop/microros_ws/install/drive_base_msgs/share/drive_base_msgs/msg/CommandStatus.msg
-- Installing: /home/devpc/Desktop/microros_ws/install/drive_base_msgs/share/drive_base_msgs/msg/TRVCommand.msg
-- Installing: /home/devpc/Desktop/microros_ws/install/drive_base_msgs/share/ament_index/resource_index/package_run_dependencies/drive_base_msgs
-- Installing: /home/devpc/Desktop/microros_ws/install/drive_base_msgs/share/ament_index/resource_index/parent_prefix_path/drive_base_msgs
-- Installing: /home/devpc/Desktop/microros_ws/install/drive_base_msgs/share/drive_base_msgs/environment/ament_prefix_path.sh
-- Installing: /home/devpc/Desktop/microros_ws/install/drive_base_msgs/share/drive_base_msgs/environment/ament_prefix_path.dsv
-- Installing: /home/devpc/Desktop/microros_ws/install/drive_base_msgs/share/drive_base_msgs/environment/path.sh
-- Installing: /home/devpc/Desktop/microros_ws/install/drive_base_msgs/share/drive_base_msgs/environment/path.dsv
-- Installing: /home/devpc/Desktop/microros_ws/install/drive_base_msgs/share/drive_base_msgs/local_setup.bash
-- Installing: /home/devpc/Desktop/microros_ws/install/drive_base_msgs/share/drive_base_msgs/local_setup.sh
-- Installing: /home/devpc/Desktop/microros_ws/install/drive_base_msgs/share/drive_base_msgs/local_setup.zsh
-- Installing: /home/devpc/Desktop/microros_ws/install/drive_base_msgs/share/drive_base_msgs/local_setup.dsv
-- Installing: /home/devpc/Desktop/microros_ws/install/drive_base_msgs/share/drive_base_msgs/package.dsv
-- Installing: /home/devpc/Desktop/microros_ws/install/drive_base_msgs/share/ament_index/resource_index/packages/drive_base_msgs
-- Installing: /home/devpc/Desktop/microros_ws/install/drive_base_msgs/share/drive_base_msgs/cmake/drive_base_msgs__rosidl_generator_cExport.cmake
-- Installing: /home/devpc/Desktop/microros_ws/install/drive_base_msgs/share/drive_base_msgs/cmake/drive_base_msgs__rosidl_generator_cExport-noconfig.cmake
-- Installing: /home/devpc/Desktop/microros_ws/install/drive_base_msgs/share/drive_base_msgs/cmake/drive_base_msgs__rosidl_typesupport_introspection_cExport.cmake
-- Installing: /home/devpc/Desktop/microros_ws/install/drive_base_msgs/share/drive_base_msgs/cmake/drive_base_msgs__rosidl_typesupport_introspection_cExport-noconfig.cmake
-- Installing: /home/devpc/Desktop/microros_ws/install/drive_base_msgs/share/drive_base_msgs/cmake/drive_base_msgs__rosidl_typesupport_cExport.cmake
-- Installing: /home/devpc/Desktop/microros_ws/install/drive_base_msgs/share/drive_base_msgs/cmake/drive_base_msgs__rosidl_typesupport_cExport-noconfig.cmake
-- Installing: /home/devpc/Desktop/microros_ws/install/drive_base_msgs/share/drive_base_msgs/cmake/drive_base_msgs__rosidl_generator_cppExport.cmake
-- Installing: /home/devpc/Desktop/microros_ws/install/drive_base_msgs/share/drive_base_msgs/cmake/drive_base_msgs__rosidl_typesupport_introspection_cppExport.cmake
-- Installing: /home/devpc/Desktop/microros_ws/install/drive_base_msgs/share/drive_base_msgs/cmake/drive_base_msgs__rosidl_typesupport_introspection_cppExport-noconfig.cmake
-- Installing: /home/devpc/Desktop/microros_ws/install/drive_base_msgs/share/drive_base_msgs/cmake/drive_base_msgs__rosidl_typesupport_cppExport.cmake
-- Installing: /home/devpc/Desktop/microros_ws/install/drive_base_msgs/share/drive_base_msgs/cmake/drive_base_msgs__rosidl_typesupport_cppExport-noconfig.cmake
-- Installing: /home/devpc/Desktop/microros_ws/install/drive_base_msgs/share/drive_base_msgs/cmake/rosidl_cmake-extras.cmake
-- Installing: /home/devpc/Desktop/microros_ws/install/drive_base_msgs/share/drive_base_msgs/cmake/ament_cmake_export_dependencies-extras.cmake
-- Installing: /home/devpc/Desktop/microros_ws/install/drive_base_msgs/share/drive_base_msgs/cmake/ament_cmake_export_libraries-extras.cmake
-- Installing: /home/devpc/Desktop/microros_ws/install/drive_base_msgs/share/drive_base_msgs/cmake/ament_cmake_export_targets-extras.cmake
-- Installing: /home/devpc/Desktop/microros_ws/install/drive_base_msgs/share/drive_base_msgs/cmake/ament_cmake_export_include_directories-extras.cmake
-- Installing: /home/devpc/Desktop/microros_ws/install/drive_base_msgs/share/drive_base_msgs/cmake/rosidl_cmake_export_typesupport_libraries-extras.cmake
-- Installing: /home/devpc/Desktop/microros_ws/install/drive_base_msgs/share/drive_base_msgs/cmake/rosidl_cmake_export_typesupport_targets-extras.cmake
-- Installing: /home/devpc/Desktop/microros_ws/install/drive_base_msgs/share/drive_base_msgs/cmake/drive_base_msgsConfig.cmake
-- Installing: /home/devpc/Desktop/microros_ws/install/drive_base_msgs/share/drive_base_msgs/cmake/drive_base_msgsConfig-version.cmake
-- Installing: /home/devpc/Desktop/microros_ws/install/drive_base_msgs/share/drive_base_msgs/package.xml
