[0.029s] Invoking command in '/home/devpc/Desktop/microros_ws/build/drive_base_msgs': AMENT_PREFIX_PATH=/home/devpc/Desktop/microros_ws/install/std_msgs:/home/devpc/Desktop/microros_ws/install/builtin_interfaces:${AMENT_PREFIX_PATH} CMAKE_PREFIX_PATH=/home/devpc/Desktop/microros_ws/install/std_msgs:/home/devpc/Desktop/microros_ws/install/builtin_interfaces:/home/devpc/Desktop/microros_ws/install/rosidl_typesupport_microxrcedds_cpp:/home/devpc/Desktop/microros_ws/install/rosidl_typesupport_microxrcedds_c:/home/devpc/Desktop/microros_ws/install/microcdr:/home/devpc/Desktop/microros_ws/install/micro_ros_agent:/home/devpc/Desktop/microros_ws/install/microxrcedds_agent:/home/devpc/Desktop/microros_ws/install/micro_ros_setup:/home/devpc/Desktop/microros_ws/install/micro_ros_msgs:/home/devpc/Desktop/quad_ws/install/quad_interfaces:/home/devpc/Desktop/quad_ws/install/quad:/opt/ros/foxy LD_LIBRARY_PATH=/home/devpc/Desktop/microros_ws/install/std_msgs/lib:/home/devpc/Desktop/microros_ws/install/builtin_interfaces/lib:${LD_LIBRARY_PATH} PYTHONPATH=/home/devpc/Desktop/microros_ws/install/std_msgs/lib/python3.8/site-packages:/home/devpc/Desktop/microros_ws/install/builtin_interfaces/lib/python3.8/site-packages:${PYTHONPATH} /usr/bin/cmake /home/devpc/Desktop/microros_ws/src/uros/drive_base/drive_base_msgs -DCMAKE_INSTALL_PREFIX=/home/devpc/Desktop/microros_ws/install/drive_base_msgs
[0.092s] -- The C compiler identification is GNU 9.3.0
[0.163s] -- The CXX compiler identification is GNU 9.3.0
[0.171s] -- Check for working C compiler: /usr/bin/cc
[0.247s] -- Check for working C compiler: /usr/bin/cc -- works
[0.249s] -- Detecting C compiler ABI info
[0.335s] -- Detecting C compiler ABI info - done
[0.354s] -- Detecting C compile features
[0.354s] -- Detecting C compile features - done
[0.358s] -- Check for working CXX compiler: /usr/bin/c++
[0.468s] -- Check for working CXX compiler: /usr/bin/c++ -- works
[0.468s] -- Detecting CXX compiler ABI info
[0.559s] -- Detecting CXX compiler ABI info - done
[0.572s] -- Detecting CXX compile features
[0.572s] -- Detecting CXX compile features - done
[0.575s] -- Found ament_cmake: 0.9.8 (/opt/ros/foxy/share/ament_cmake/cmake)
[0.600s] -- Found PythonInterp: /usr/bin/python3 (found suitable version "3.8.10", minimum required is "3") 
[0.600s] -- Using PYTHON_EXECUTABLE: /usr/bin/python3
[0.804s] -- Found std_msgs: 2.0.4 (/home/devpc/Desktop/microros_ws/install/std_msgs/share/std_msgs/cmake)
[0.847s] -- Using all available rosidl_typesupport_c: rosidl_typesupport_microxrcedds_c;rosidl_typesupport_fastrtps_c;rosidl_typesupport_introspection_c
[0.861s] -- Found rosidl_adapter: 1.2.1 (/opt/ros/foxy/share/rosidl_adapter/cmake)
[0.997s] -- Found OpenSSL: /usr/lib/x86_64-linux-gnu/libcrypto.so (found version "1.1.1f")  
[1.041s] -- Found FastRTPS: /opt/ros/foxy/include  
[1.157s] -- Using all available rosidl_typesupport_cpp: rosidl_typesupport_microxrcedds_cpp;rosidl_typesupport_fastrtps_cpp;rosidl_typesupport_introspection_cpp
[1.259s] -- Found rosidl_default_generators: 1.0.1 (/opt/ros/foxy/share/rosidl_default_generators/cmake)
[1.315s] -- Found PythonInterp: /usr/bin/python3 (found version "3.8.10") 
[1.594s] -- Found ament_cmake_cppcheck: 0.9.6 (/opt/ros/foxy/share/ament_cmake_cppcheck/cmake)
[1.598s] -- Found ament_cmake_cpplint: 0.9.6 (/opt/ros/foxy/share/ament_cmake_cpplint/cmake)
[1.602s] -- Found ament_cmake_uncrustify: 0.9.6 (/opt/ros/foxy/share/ament_cmake_uncrustify/cmake)
[1.607s] -- Found ament_cmake_ros: 0.9.2 (/opt/ros/foxy/share/ament_cmake_ros/cmake)
[2.020s] -- Using all available rosidl_typesupport_c: rosidl_typesupport_microxrcedds_c;rosidl_typesupport_fastrtps_c;rosidl_typesupport_introspection_c
[2.210s] -- Using all available rosidl_typesupport_cpp: rosidl_typesupport_microxrcedds_cpp;rosidl_typesupport_fastrtps_cpp;rosidl_typesupport_introspection_cpp
[2.252s] -- Found PythonInterp: /usr/bin/python3 (found suitable version "3.8.10", minimum required is "3.5") 
[2.255s] -- Found python_cmake_module: 0.8.1 (/opt/ros/foxy/share/python_cmake_module/cmake)
[2.297s] -- Found PythonLibs: /usr/lib/x86_64-linux-gnu/libpython3.8.so (found suitable version "3.8.10", minimum required is "3.5") 
[2.297s] -- Using PYTHON_EXECUTABLE: /usr/bin/python3
[2.297s] -- Using PYTHON_INCLUDE_DIRS: /usr/include/python3.8
[2.297s] -- Using PYTHON_LIBRARIES: /usr/lib/x86_64-linux-gnu/libpython3.8.so
[2.332s] -- Found PythonExtra: .so  
[2.469s] -- Found ament_cmake_flake8: 0.9.6 (/opt/ros/foxy/share/ament_cmake_flake8/cmake)
[2.473s] -- Found ament_cmake_pep257: 0.9.6 (/opt/ros/foxy/share/ament_cmake_pep257/cmake)
[2.491s] -- Configuring done
[2.604s] -- Generating done
[2.610s] -- Build files have been written to: /home/devpc/Desktop/microros_ws/build/drive_base_msgs
[2.636s] Invoked command in '/home/devpc/Desktop/microros_ws/build/drive_base_msgs' returned '0': AMENT_PREFIX_PATH=/home/devpc/Desktop/microros_ws/install/std_msgs:/home/devpc/Desktop/microros_ws/install/builtin_interfaces:${AMENT_PREFIX_PATH} CMAKE_PREFIX_PATH=/home/devpc/Desktop/microros_ws/install/std_msgs:/home/devpc/Desktop/microros_ws/install/builtin_interfaces:/home/devpc/Desktop/microros_ws/install/rosidl_typesupport_microxrcedds_cpp:/home/devpc/Desktop/microros_ws/install/rosidl_typesupport_microxrcedds_c:/home/devpc/Desktop/microros_ws/install/microcdr:/home/devpc/Desktop/microros_ws/install/micro_ros_agent:/home/devpc/Desktop/microros_ws/install/microxrcedds_agent:/home/devpc/Desktop/microros_ws/install/micro_ros_setup:/home/devpc/Desktop/microros_ws/install/micro_ros_msgs:/home/devpc/Desktop/quad_ws/install/quad_interfaces:/home/devpc/Desktop/quad_ws/install/quad:/opt/ros/foxy LD_LIBRARY_PATH=/home/devpc/Desktop/microros_ws/install/std_msgs/lib:/home/devpc/Desktop/microros_ws/install/builtin_interfaces/lib:${LD_LIBRARY_PATH} PYTHONPATH=/home/devpc/Desktop/microros_ws/install/std_msgs/lib/python3.8/site-packages:/home/devpc/Desktop/microros_ws/install/builtin_interfaces/lib/python3.8/site-packages:${PYTHONPATH} /usr/bin/cmake /home/devpc/Desktop/microros_ws/src/uros/drive_base/drive_base_msgs -DCMAKE_INSTALL_PREFIX=/home/devpc/Desktop/microros_ws/install/drive_base_msgs
[2.638s] Invoking command in '/home/devpc/Desktop/microros_ws/build/drive_base_msgs': AMENT_PREFIX_PATH=/home/devpc/Desktop/microros_ws/install/std_msgs:/home/devpc/Desktop/microros_ws/install/builtin_interfaces:${AMENT_PREFIX_PATH} CMAKE_PREFIX_PATH=/home/devpc/Desktop/microros_ws/install/std_msgs:/home/devpc/Desktop/microros_ws/install/builtin_interfaces:/home/devpc/Desktop/microros_ws/install/rosidl_typesupport_microxrcedds_cpp:/home/devpc/Desktop/microros_ws/install/rosidl_typesupport_microxrcedds_c:/home/devpc/Desktop/microros_ws/install/microcdr:/home/devpc/Desktop/microros_ws/install/micro_ros_agent:/home/devpc/Desktop/microros_ws/install/microxrcedds_agent:/home/devpc/Desktop/microros_ws/install/micro_ros_setup:/home/devpc/Desktop/microros_ws/install/micro_ros_msgs:/home/devpc/Desktop/quad_ws/install/quad_interfaces:/home/devpc/Desktop/quad_ws/install/quad:/opt/ros/foxy LD_LIBRARY_PATH=/home/devpc/Desktop/microros_ws/install/std_msgs/lib:/home/devpc/Desktop/microros_ws/install/builtin_interfaces/lib:${LD_LIBRARY_PATH} PYTHONPATH=/home/devpc/Desktop/microros_ws/install/std_msgs/lib/python3.8/site-packages:/home/devpc/Desktop/microros_ws/install/builtin_interfaces/lib/python3.8/site-packages:${PYTHONPATH} /usr/bin/cmake --build /home/devpc/Desktop/microros_ws/build/drive_base_msgs -- -j8 -l8
[2.707s] [35m[1mScanning dependencies of target drive_base_msgs__cpp[0m
[2.725s] [  1%] [34m[1mGenerating C code for ROS interfaces[0m
[2.729s] [  2%] [34m[1mGenerating C++ code for ROS interfaces[0m
[4.783s] [35m[1mScanning dependencies of target drive_base_msgs__rosidl_generator_c[0m
[4.849s] [  4%] [32mBuilding C object CMakeFiles/drive_base_msgs__rosidl_generator_c.dir/rosidl_generator_c/drive_base_msgs/msg/detail/command_header__functions.c.o[0m
[4.868s] [  5%] [32mBuilding C object CMakeFiles/drive_base_msgs__rosidl_generator_c.dir/rosidl_generator_c/drive_base_msgs/msg/detail/base_info__functions.c.o[0m
[4.880s] [  7%] [32mBuilding C object CMakeFiles/drive_base_msgs__rosidl_generator_c.dir/rosidl_generator_c/drive_base_msgs/msg/detail/command_status__functions.c.o[0m
[4.943s] [  7%] Built target drive_base_msgs__cpp
[5.010s] [  8%] [34m[1mGenerating C++ type support for eProsima Fast-RTPS[0m
[5.038s] [ 10%] [32mBuilding C object CMakeFiles/drive_base_msgs__rosidl_generator_c.dir/rosidl_generator_c/drive_base_msgs/msg/detail/trv_command__functions.c.o[0m
[5.052s] [ 11%] [34m[1mGenerating C++ introspection for ROS interfaces[0m
[5.238s] [ 13%] [32m[1mLinking C shared library libdrive_base_msgs__rosidl_generator_c.so[0m
[5.407s] [ 13%] Built target drive_base_msgs__rosidl_generator_c
[5.478s] [ 14%] [34m[1mGenerating C++ type support for eProsima Micro XRCE-DDS[0m
[7.123s] [35m[1mScanning dependencies of target drive_base_msgs__rosidl_typesupport_microxrcedds_cpp[0m
[7.202s] [ 15%] [32mBuilding CXX object CMakeFiles/drive_base_msgs__rosidl_typesupport_microxrcedds_cpp.dir/rosidl_typesupport_microxrcedds_cpp/drive_base_msgs/msg/detail/microxrcedds/command_header__type_support_cpp.cpp.o[0m
[7.974s] [ 17%] [32mBuilding CXX object CMakeFiles/drive_base_msgs__rosidl_typesupport_microxrcedds_cpp.dir/rosidl_typesupport_microxrcedds_cpp/drive_base_msgs/msg/detail/microxrcedds/base_info__type_support_cpp.cpp.o[0m
[8.014s] [35m[1mScanning dependencies of target drive_base_msgs__rosidl_typesupport_introspection_cpp[0m
[8.081s] [ 18%] [32mBuilding CXX object CMakeFiles/drive_base_msgs__rosidl_typesupport_introspection_cpp.dir/rosidl_typesupport_introspection_cpp/drive_base_msgs/msg/detail/command_header__type_support.cpp.o[0m
[8.118s] [35m[1mScanning dependencies of target drive_base_msgs__rosidl_typesupport_fastrtps_cpp[0m
[8.232s] [ 20%] [32mBuilding CXX object CMakeFiles/drive_base_msgs__rosidl_typesupport_fastrtps_cpp.dir/rosidl_typesupport_fastrtps_cpp/drive_base_msgs/msg/detail/dds_fastrtps/command_header__type_support.cpp.o[0m
[8.710s] [ 21%] [32mBuilding CXX object CMakeFiles/drive_base_msgs__rosidl_typesupport_introspection_cpp.dir/rosidl_typesupport_introspection_cpp/drive_base_msgs/msg/detail/base_info__type_support.cpp.o[0m
[8.731s] [ 23%] [32mBuilding CXX object CMakeFiles/drive_base_msgs__rosidl_typesupport_microxrcedds_cpp.dir/rosidl_typesupport_microxrcedds_cpp/drive_base_msgs/msg/detail/microxrcedds/command_status__type_support_cpp.cpp.o[0m
[9.411s] [ 24%] [32mBuilding CXX object CMakeFiles/drive_base_msgs__rosidl_typesupport_fastrtps_cpp.dir/rosidl_typesupport_fastrtps_cpp/drive_base_msgs/msg/detail/dds_fastrtps/base_info__type_support.cpp.o[0m
[9.434s] [ 26%] [32mBuilding CXX object CMakeFiles/drive_base_msgs__rosidl_typesupport_introspection_cpp.dir/rosidl_typesupport_introspection_cpp/drive_base_msgs/msg/detail/command_status__type_support.cpp.o[0m
[9.467s] [ 27%] [32mBuilding CXX object CMakeFiles/drive_base_msgs__rosidl_typesupport_microxrcedds_cpp.dir/rosidl_typesupport_microxrcedds_cpp/drive_base_msgs/msg/detail/microxrcedds/trv_command__type_support_cpp.cpp.o[0m
[9.980s] [ 28%] [32mBuilding CXX object CMakeFiles/drive_base_msgs__rosidl_typesupport_introspection_cpp.dir/rosidl_typesupport_introspection_cpp/drive_base_msgs/msg/detail/trv_command__type_support.cpp.o[0m
[10.142s] [ 30%] [32m[1mLinking CXX shared library libdrive_base_msgs__rosidl_typesupport_microxrcedds_cpp.so[0m
[10.217s] [ 30%] Built target drive_base_msgs__rosidl_typesupport_microxrcedds_cpp
[10.334s] [ 31%] [32mBuilding CXX object CMakeFiles/drive_base_msgs__rosidl_typesupport_fastrtps_cpp.dir/rosidl_typesupport_fastrtps_cpp/drive_base_msgs/msg/detail/dds_fastrtps/trv_command__type_support.cpp.o[0m
[10.506s] [ 33%] [32m[1mLinking CXX shared library libdrive_base_msgs__rosidl_typesupport_introspection_cpp.so[0m
[10.609s] [ 33%] Built target drive_base_msgs__rosidl_typesupport_introspection_cpp
[10.976s] [ 34%] [32mBuilding CXX object CMakeFiles/drive_base_msgs__rosidl_typesupport_fastrtps_cpp.dir/rosidl_typesupport_fastrtps_cpp/drive_base_msgs/msg/detail/dds_fastrtps/command_status__type_support.cpp.o[0m
[11.702s] [ 36%] [32m[1mLinking CXX shared library libdrive_base_msgs__rosidl_typesupport_fastrtps_cpp.so[0m
[11.856s] [ 36%] Built target drive_base_msgs__rosidl_typesupport_fastrtps_cpp
[11.871s] [ 37%] [34m[1mGenerating C type support dispatch for ROS interfaces[0m
[12.889s] [35m[1mScanning dependencies of target drive_base_msgs__rosidl_typesupport_c[0m
[12.904s] [ 39%] [32mBuilding CXX object CMakeFiles/drive_base_msgs__rosidl_typesupport_c.dir/rosidl_typesupport_c/drive_base_msgs/msg/command_header__type_support.cpp.o[0m
[12.935s] [ 40%] [32mBuilding CXX object CMakeFiles/drive_base_msgs__rosidl_typesupport_c.dir/rosidl_typesupport_c/drive_base_msgs/msg/trv_command__type_support.cpp.o[0m
[12.969s] [ 42%] [32mBuilding CXX object CMakeFiles/drive_base_msgs__rosidl_typesupport_c.dir/rosidl_typesupport_c/drive_base_msgs/msg/command_status__type_support.cpp.o[0m
[13.017s] [ 43%] [32mBuilding CXX object CMakeFiles/drive_base_msgs__rosidl_typesupport_c.dir/rosidl_typesupport_c/drive_base_msgs/msg/base_info__type_support.cpp.o[0m
[13.066s] [ 44%] [32m[1mLinking CXX shared library libdrive_base_msgs__rosidl_typesupport_c.so[0m
[13.115s] [ 44%] Built target drive_base_msgs__rosidl_typesupport_c
[13.128s] [ 46%] [34m[1mGenerating C type support for eProsima Fast-RTPS[0m
[13.869s] [35m[1mScanning dependencies of target drive_base_msgs__rosidl_typesupport_fastrtps_c[0m
[13.889s] [ 47%] [32mBuilding CXX object CMakeFiles/drive_base_msgs__rosidl_typesupport_fastrtps_c.dir/rosidl_typesupport_fastrtps_c/drive_base_msgs/msg/detail/command_header__type_support_c.cpp.o[0m
[14.278s] [ 49%] [32mBuilding CXX object CMakeFiles/drive_base_msgs__rosidl_typesupport_fastrtps_c.dir/rosidl_typesupport_fastrtps_c/drive_base_msgs/msg/detail/trv_command__type_support_c.cpp.o[0m
[14.687s] [ 50%] [32mBuilding CXX object CMakeFiles/drive_base_msgs__rosidl_typesupport_fastrtps_c.dir/rosidl_typesupport_fastrtps_c/drive_base_msgs/msg/detail/command_status__type_support_c.cpp.o[0m
[15.068s] [ 52%] [32mBuilding CXX object CMakeFiles/drive_base_msgs__rosidl_typesupport_fastrtps_c.dir/rosidl_typesupport_fastrtps_c/drive_base_msgs/msg/detail/base_info__type_support_c.cpp.o[0m
[15.587s] [ 53%] [32m[1mLinking CXX shared library libdrive_base_msgs__rosidl_typesupport_fastrtps_c.so[0m
[15.743s] [ 53%] Built target drive_base_msgs__rosidl_typesupport_fastrtps_c
[15.759s] [ 55%] [34m[1mGenerating C type support for eProsima Micro XRCE-DDS[0m
[16.755s] [35m[1mScanning dependencies of target drive_base_msgs__rosidl_typesupport_microxrcedds_c[0m
[16.773s] [ 56%] [32mBuilding C object CMakeFiles/drive_base_msgs__rosidl_typesupport_microxrcedds_c.dir/rosidl_typesupport_microxrcedds_c/drive_base_msgs/msg/detail/microxrcedds/command_header__type_support_c.c.o[0m
[16.821s] [ 57%] [32mBuilding C object CMakeFiles/drive_base_msgs__rosidl_typesupport_microxrcedds_c.dir/rosidl_typesupport_microxrcedds_c/drive_base_msgs/msg/detail/microxrcedds/trv_command__type_support_c.c.o[0m
[16.862s] [ 59%] [32mBuilding C object CMakeFiles/drive_base_msgs__rosidl_typesupport_microxrcedds_c.dir/rosidl_typesupport_microxrcedds_c/drive_base_msgs/msg/detail/microxrcedds/command_status__type_support_c.c.o[0m
[16.902s] [ 60%] [32mBuilding C object CMakeFiles/drive_base_msgs__rosidl_typesupport_microxrcedds_c.dir/rosidl_typesupport_microxrcedds_c/drive_base_msgs/msg/detail/microxrcedds/base_info__type_support_c.c.o[0m
[16.947s] [ 62%] [32m[1mLinking C shared library libdrive_base_msgs__rosidl_typesupport_microxrcedds_c.so[0m
[16.983s] [ 62%] Built target drive_base_msgs__rosidl_typesupport_microxrcedds_c
[16.993s] [ 63%] [34m[1mGenerating C introspection for ROS interfaces[0m
[17.955s] [35m[1mScanning dependencies of target drive_base_msgs__rosidl_typesupport_introspection_c[0m
[17.974s] [ 65%] [32mBuilding C object CMakeFiles/drive_base_msgs__rosidl_typesupport_introspection_c.dir/rosidl_typesupport_introspection_c/drive_base_msgs/msg/detail/command_header__type_support.c.o[0m
[18.010s] [ 66%] [32mBuilding C object CMakeFiles/drive_base_msgs__rosidl_typesupport_introspection_c.dir/rosidl_typesupport_introspection_c/drive_base_msgs/msg/detail/trv_command__type_support.c.o[0m
[18.043s] [ 68%] [32mBuilding C object CMakeFiles/drive_base_msgs__rosidl_typesupport_introspection_c.dir/rosidl_typesupport_introspection_c/drive_base_msgs/msg/detail/command_status__type_support.c.o[0m
[18.077s] [ 69%] [32mBuilding C object CMakeFiles/drive_base_msgs__rosidl_typesupport_introspection_c.dir/rosidl_typesupport_introspection_c/drive_base_msgs/msg/detail/base_info__type_support.c.o[0m
[18.111s] [ 71%] [32m[1mLinking C shared library libdrive_base_msgs__rosidl_typesupport_introspection_c.so[0m
[18.143s] [ 71%] Built target drive_base_msgs__rosidl_typesupport_introspection_c
[18.156s] [ 72%] [34m[1mGenerating C++ type support dispatch for ROS interfaces[0m
[18.964s] [35m[1mScanning dependencies of target drive_base_msgs__rosidl_typesupport_cpp[0m
[18.983s] [ 73%] [32mBuilding CXX object CMakeFiles/drive_base_msgs__rosidl_typesupport_cpp.dir/rosidl_typesupport_cpp/drive_base_msgs/msg/command_header__type_support.cpp.o[0m
[19.425s] [ 75%] [32mBuilding CXX object CMakeFiles/drive_base_msgs__rosidl_typesupport_cpp.dir/rosidl_typesupport_cpp/drive_base_msgs/msg/trv_command__type_support.cpp.o[0m
[19.803s] [ 76%] [32mBuilding CXX object CMakeFiles/drive_base_msgs__rosidl_typesupport_cpp.dir/rosidl_typesupport_cpp/drive_base_msgs/msg/command_status__type_support.cpp.o[0m
[20.179s] [ 78%] [32mBuilding CXX object CMakeFiles/drive_base_msgs__rosidl_typesupport_cpp.dir/rosidl_typesupport_cpp/drive_base_msgs/msg/base_info__type_support.cpp.o[0m
[20.691s] [ 79%] [32m[1mLinking CXX shared library libdrive_base_msgs__rosidl_typesupport_cpp.so[0m
[20.750s] [ 79%] Built target drive_base_msgs__rosidl_typesupport_cpp
[20.764s] [35m[1mScanning dependencies of target drive_base_msgs[0m
[20.780s] [ 79%] Built target drive_base_msgs
[20.794s] [35m[1mScanning dependencies of target drive_base_msgs__py[0m
[20.804s] [ 81%] [34m[1mGenerating Python code for ROS interfaces[0m
[22.808s] [ 81%] Built target drive_base_msgs__py
[22.820s] [35m[1mScanning dependencies of target drive_base_msgs__python[0m
[22.853s] [ 82%] [32mBuilding C object CMakeFiles/drive_base_msgs__python.dir/rosidl_generator_py/drive_base_msgs/msg/_command_header_s.c.o[0m
[22.994s] [ 84%] [32mBuilding C object CMakeFiles/drive_base_msgs__python.dir/rosidl_generator_py/drive_base_msgs/msg/_trv_command_s.c.o[0m
[23.126s] [ 85%] [32mBuilding C object CMakeFiles/drive_base_msgs__python.dir/rosidl_generator_py/drive_base_msgs/msg/_command_status_s.c.o[0m
[23.262s] [ 86%] [32mBuilding C object CMakeFiles/drive_base_msgs__python.dir/rosidl_generator_py/drive_base_msgs/msg/_base_info_s.c.o[0m
[23.362s] [ 88%] [32m[1mLinking C shared library rosidl_generator_py/drive_base_msgs/libdrive_base_msgs__python.so[0m
[23.408s] [ 88%] Built target drive_base_msgs__python
[23.425s] [35m[1mScanning dependencies of target drive_base_msgs__rosidl_typesupport_c__pyext[0m
[23.441s] [ 89%] [32mBuilding C object CMakeFiles/drive_base_msgs__rosidl_typesupport_c__pyext.dir/rosidl_generator_py/drive_base_msgs/_drive_base_msgs_s.ep.rosidl_typesupport_c.c.o[0m
[23.538s] [ 91%] [32m[1mLinking C shared library rosidl_generator_py/drive_base_msgs/drive_base_msgs_s__rosidl_typesupport_c.cpython-38-x86_64-linux-gnu.so[0m
[23.588s] [ 91%] Built target drive_base_msgs__rosidl_typesupport_c__pyext
[23.603s] [35m[1mScanning dependencies of target drive_base_msgs__rosidl_typesupport_introspection_c__pyext[0m
[23.629s] [ 92%] [32mBuilding C object CMakeFiles/drive_base_msgs__rosidl_typesupport_introspection_c__pyext.dir/rosidl_generator_py/drive_base_msgs/_drive_base_msgs_s.ep.rosidl_typesupport_introspection_c.c.o[0m
[23.771s] [ 94%] [32m[1mLinking C shared library rosidl_generator_py/drive_base_msgs/drive_base_msgs_s__rosidl_typesupport_introspection_c.cpython-38-x86_64-linux-gnu.so[0m
[23.811s] [ 94%] Built target drive_base_msgs__rosidl_typesupport_introspection_c__pyext
[23.822s] [35m[1mScanning dependencies of target drive_base_msgs__rosidl_typesupport_microxrcedds_c__pyext[0m
[23.843s] [ 95%] [32mBuilding C object CMakeFiles/drive_base_msgs__rosidl_typesupport_microxrcedds_c__pyext.dir/rosidl_generator_py/drive_base_msgs/_drive_base_msgs_s.ep.rosidl_typesupport_microxrcedds_c.c.o[0m
[23.999s] [ 97%] [32m[1mLinking C shared library rosidl_generator_py/drive_base_msgs/drive_base_msgs_s__rosidl_typesupport_microxrcedds_c.cpython-38-x86_64-linux-gnu.so[0m
[24.054s] [ 97%] Built target drive_base_msgs__rosidl_typesupport_microxrcedds_c__pyext
[24.065s] [35m[1mScanning dependencies of target drive_base_msgs__rosidl_typesupport_fastrtps_c__pyext[0m
[24.085s] [ 98%] [32mBuilding C object CMakeFiles/drive_base_msgs__rosidl_typesupport_fastrtps_c__pyext.dir/rosidl_generator_py/drive_base_msgs/_drive_base_msgs_s.ep.rosidl_typesupport_fastrtps_c.c.o[0m
[24.177s] [100%] [32m[1mLinking CXX shared library rosidl_generator_py/drive_base_msgs/drive_base_msgs_s__rosidl_typesupport_fastrtps_c.cpython-38-x86_64-linux-gnu.so[0m
[24.239s] [100%] Built target drive_base_msgs__rosidl_typesupport_fastrtps_c__pyext
[24.251s] Invoked command in '/home/devpc/Desktop/microros_ws/build/drive_base_msgs' returned '0': AMENT_PREFIX_PATH=/home/devpc/Desktop/microros_ws/install/std_msgs:/home/devpc/Desktop/microros_ws/install/builtin_interfaces:${AMENT_PREFIX_PATH} CMAKE_PREFIX_PATH=/home/devpc/Desktop/microros_ws/install/std_msgs:/home/devpc/Desktop/microros_ws/install/builtin_interfaces:/home/devpc/Desktop/microros_ws/install/rosidl_typesupport_microxrcedds_cpp:/home/devpc/Desktop/microros_ws/install/rosidl_typesupport_microxrcedds_c:/home/devpc/Desktop/microros_ws/install/microcdr:/home/devpc/Desktop/microros_ws/install/micro_ros_agent:/home/devpc/Desktop/microros_ws/install/microxrcedds_agent:/home/devpc/Desktop/microros_ws/install/micro_ros_setup:/home/devpc/Desktop/microros_ws/install/micro_ros_msgs:/home/devpc/Desktop/quad_ws/install/quad_interfaces:/home/devpc/Desktop/quad_ws/install/quad:/opt/ros/foxy LD_LIBRARY_PATH=/home/devpc/Desktop/microros_ws/install/std_msgs/lib:/home/devpc/Desktop/microros_ws/install/builtin_interfaces/lib:${LD_LIBRARY_PATH} PYTHONPATH=/home/devpc/Desktop/microros_ws/install/std_msgs/lib/python3.8/site-packages:/home/devpc/Desktop/microros_ws/install/builtin_interfaces/lib/python3.8/site-packages:${PYTHONPATH} /usr/bin/cmake --build /home/devpc/Desktop/microros_ws/build/drive_base_msgs -- -j8 -l8
[24.350s] Invoking command in '/home/devpc/Desktop/microros_ws/build/drive_base_msgs': AMENT_PREFIX_PATH=/home/devpc/Desktop/microros_ws/install/std_msgs:/home/devpc/Desktop/microros_ws/install/builtin_interfaces:${AMENT_PREFIX_PATH} CMAKE_PREFIX_PATH=/home/devpc/Desktop/microros_ws/install/std_msgs:/home/devpc/Desktop/microros_ws/install/builtin_interfaces:/home/devpc/Desktop/microros_ws/install/rosidl_typesupport_microxrcedds_cpp:/home/devpc/Desktop/microros_ws/install/rosidl_typesupport_microxrcedds_c:/home/devpc/Desktop/microros_ws/install/microcdr:/home/devpc/Desktop/microros_ws/install/micro_ros_agent:/home/devpc/Desktop/microros_ws/install/microxrcedds_agent:/home/devpc/Desktop/microros_ws/install/micro_ros_setup:/home/devpc/Desktop/microros_ws/install/micro_ros_msgs:/home/devpc/Desktop/quad_ws/install/quad_interfaces:/home/devpc/Desktop/quad_ws/install/quad:/opt/ros/foxy LD_LIBRARY_PATH=/home/devpc/Desktop/microros_ws/install/std_msgs/lib:/home/devpc/Desktop/microros_ws/install/builtin_interfaces/lib:${LD_LIBRARY_PATH} PYTHONPATH=/home/devpc/Desktop/microros_ws/install/std_msgs/lib/python3.8/site-packages:/home/devpc/Desktop/microros_ws/install/builtin_interfaces/lib/python3.8/site-packages:${PYTHONPATH} /usr/bin/cmake --install /home/devpc/Desktop/microros_ws/build/drive_base_msgs
[24.359s] -- Install configuration: ""
[24.360s] -- Installing: /home/devpc/Desktop/microros_ws/install/drive_base_msgs/share/ament_index/resource_index/rosidl_interfaces/drive_base_msgs
[24.360s] -- Installing: /home/devpc/Desktop/microros_ws/install/drive_base_msgs/include/drive_base_msgs
[24.360s] -- Installing: /home/devpc/Desktop/microros_ws/install/drive_base_msgs/include/drive_base_msgs/msg
[24.360s] -- Installing: /home/devpc/Desktop/microros_ws/install/drive_base_msgs/include/drive_base_msgs/msg/base_info.h
[24.360s] -- Installing: /home/devpc/Desktop/microros_ws/install/drive_base_msgs/include/drive_base_msgs/msg/trv_command.h
[24.361s] -- Installing: /home/devpc/Desktop/microros_ws/install/drive_base_msgs/include/drive_base_msgs/msg/command_status.h
[24.361s] -- Installing: /home/devpc/Desktop/microros_ws/install/drive_base_msgs/include/drive_base_msgs/msg/detail
[24.361s] -- Installing: /home/devpc/Desktop/microros_ws/install/drive_base_msgs/include/drive_base_msgs/msg/detail/command_header__struct.h
[24.361s] -- Installing: /home/devpc/Desktop/microros_ws/install/drive_base_msgs/include/drive_base_msgs/msg/detail/command_header__type_support.h
[24.361s] -- Installing: /home/devpc/Desktop/microros_ws/install/drive_base_msgs/include/drive_base_msgs/msg/detail/base_info__type_support.h
[24.361s] -- Installing: /home/devpc/Desktop/microros_ws/install/drive_base_msgs/include/drive_base_msgs/msg/detail/trv_command__functions.c
[24.362s] -- Installing: /home/devpc/Desktop/microros_ws/install/drive_base_msgs/include/drive_base_msgs/msg/detail/command_status__functions.c
[24.362s] -- Installing: /home/devpc/Desktop/microros_ws/install/drive_base_msgs/include/drive_base_msgs/msg/detail/trv_command__struct.h
[24.362s] -- Installing: /home/devpc/Desktop/microros_ws/install/drive_base_msgs/include/drive_base_msgs/msg/detail/base_info__functions.c
[24.362s] -- Installing: /home/devpc/Desktop/microros_ws/install/drive_base_msgs/include/drive_base_msgs/msg/detail/command_header__functions.c
[24.362s] -- Installing: /home/devpc/Desktop/microros_ws/install/drive_base_msgs/include/drive_base_msgs/msg/detail/command_status__struct.h
[24.362s] -- Installing: /home/devpc/Desktop/microros_ws/install/drive_base_msgs/include/drive_base_msgs/msg/detail/trv_command__functions.h
[24.362s] -- Installing: /home/devpc/Desktop/microros_ws/install/drive_base_msgs/include/drive_base_msgs/msg/detail/trv_command__type_support.h
[24.363s] -- Installing: /home/devpc/Desktop/microros_ws/install/drive_base_msgs/include/drive_base_msgs/msg/detail/base_info__functions.h
[24.363s] -- Installing: /home/devpc/Desktop/microros_ws/install/drive_base_msgs/include/drive_base_msgs/msg/detail/command_status__type_support.h
[24.363s] -- Installing: /home/devpc/Desktop/microros_ws/install/drive_base_msgs/include/drive_base_msgs/msg/detail/command_status__functions.h
[24.363s] -- Installing: /home/devpc/Desktop/microros_ws/install/drive_base_msgs/include/drive_base_msgs/msg/detail/base_info__struct.h
[24.363s] -- Installing: /home/devpc/Desktop/microros_ws/install/drive_base_msgs/include/drive_base_msgs/msg/detail/command_header__functions.h
[24.363s] -- Installing: /home/devpc/Desktop/microros_ws/install/drive_base_msgs/include/drive_base_msgs/msg/command_header.h
[24.364s] -- Installing: /home/devpc/Desktop/microros_ws/install/drive_base_msgs/include/drive_base_msgs/msg/rosidl_generator_c__visibility_control.h
[24.364s] -- Installing: /home/devpc/Desktop/microros_ws/install/drive_base_msgs/share/drive_base_msgs/environment/library_path.sh
[24.364s] -- Installing: /home/devpc/Desktop/microros_ws/install/drive_base_msgs/share/drive_base_msgs/environment/library_path.dsv
[24.364s] -- Installing: /home/devpc/Desktop/microros_ws/install/drive_base_msgs/lib/libdrive_base_msgs__rosidl_generator_c.so
[24.365s] -- Set runtime path of "/home/devpc/Desktop/microros_ws/install/drive_base_msgs/lib/libdrive_base_msgs__rosidl_generator_c.so" to ""
[24.365s] -- Up-to-date: /home/devpc/Desktop/microros_ws/install/drive_base_msgs/include/drive_base_msgs
[24.365s] -- Up-to-date: /home/devpc/Desktop/microros_ws/install/drive_base_msgs/include/drive_base_msgs/msg
[24.365s] -- Up-to-date: /home/devpc/Desktop/microros_ws/install/drive_base_msgs/include/drive_base_msgs/msg/detail
[24.365s] -- Installing: /home/devpc/Desktop/microros_ws/install/drive_base_msgs/include/drive_base_msgs/msg/detail/base_info__rosidl_typesupport_microxrcedds_c.h
[24.365s] -- Installing: /home/devpc/Desktop/microros_ws/install/drive_base_msgs/include/drive_base_msgs/msg/detail/trv_command__rosidl_typesupport_microxrcedds_c.h
[24.365s] -- Installing: /home/devpc/Desktop/microros_ws/install/drive_base_msgs/include/drive_base_msgs/msg/detail/command_header__rosidl_typesupport_microxrcedds_c.h
[24.365s] -- Installing: /home/devpc/Desktop/microros_ws/install/drive_base_msgs/include/drive_base_msgs/msg/detail/command_status__rosidl_typesupport_microxrcedds_c.h
[24.366s] -- Installing: /home/devpc/Desktop/microros_ws/install/drive_base_msgs/include/drive_base_msgs/msg/detail/microxrcedds
[24.366s] -- Installing: /home/devpc/Desktop/microros_ws/install/drive_base_msgs/include/drive_base_msgs/msg/rosidl_typesupport_microxrcedds_c__visibility_control.h
[24.366s] -- Installing: /home/devpc/Desktop/microros_ws/install/drive_base_msgs/lib/libdrive_base_msgs__rosidl_typesupport_microxrcedds_c.so
[24.366s] -- Set runtime path of "/home/devpc/Desktop/microros_ws/install/drive_base_msgs/lib/libdrive_base_msgs__rosidl_typesupport_microxrcedds_c.so" to ""
[24.366s] -- Up-to-date: /home/devpc/Desktop/microros_ws/install/drive_base_msgs/include/drive_base_msgs
[24.366s] -- Up-to-date: /home/devpc/Desktop/microros_ws/install/drive_base_msgs/include/drive_base_msgs/msg
[24.366s] -- Up-to-date: /home/devpc/Desktop/microros_ws/install/drive_base_msgs/include/drive_base_msgs/msg/detail
[24.366s] -- Installing: /home/devpc/Desktop/microros_ws/install/drive_base_msgs/include/drive_base_msgs/msg/detail/base_info__rosidl_typesupport_fastrtps_c.h
[24.366s] -- Installing: /home/devpc/Desktop/microros_ws/install/drive_base_msgs/include/drive_base_msgs/msg/detail/trv_command__rosidl_typesupport_fastrtps_c.h
[24.367s] -- Installing: /home/devpc/Desktop/microros_ws/install/drive_base_msgs/include/drive_base_msgs/msg/detail/command_status__rosidl_typesupport_fastrtps_c.h
[24.367s] -- Installing: /home/devpc/Desktop/microros_ws/install/drive_base_msgs/include/drive_base_msgs/msg/detail/command_header__rosidl_typesupport_fastrtps_c.h
[24.367s] -- Installing: /home/devpc/Desktop/microros_ws/install/drive_base_msgs/include/drive_base_msgs/msg/rosidl_typesupport_fastrtps_c__visibility_control.h
[24.367s] -- Installing: /home/devpc/Desktop/microros_ws/install/drive_base_msgs/lib/libdrive_base_msgs__rosidl_typesupport_fastrtps_c.so
[24.367s] -- Set runtime path of "/home/devpc/Desktop/microros_ws/install/drive_base_msgs/lib/libdrive_base_msgs__rosidl_typesupport_fastrtps_c.so" to ""
[24.367s] -- Up-to-date: /home/devpc/Desktop/microros_ws/install/drive_base_msgs/include/drive_base_msgs
[24.367s] -- Up-to-date: /home/devpc/Desktop/microros_ws/install/drive_base_msgs/include/drive_base_msgs/msg
[24.367s] -- Up-to-date: /home/devpc/Desktop/microros_ws/install/drive_base_msgs/include/drive_base_msgs/msg/detail
[24.367s] -- Installing: /home/devpc/Desktop/microros_ws/install/drive_base_msgs/include/drive_base_msgs/msg/detail/base_info__rosidl_typesupport_fastrtps_cpp.hpp
[24.367s] -- Installing: /home/devpc/Desktop/microros_ws/install/drive_base_msgs/include/drive_base_msgs/msg/detail/command_header__rosidl_typesupport_fastrtps_cpp.hpp
[24.367s] -- Installing: /home/devpc/Desktop/microros_ws/install/drive_base_msgs/include/drive_base_msgs/msg/detail/trv_command__rosidl_typesupport_fastrtps_cpp.hpp
[24.368s] -- Installing: /home/devpc/Desktop/microros_ws/install/drive_base_msgs/include/drive_base_msgs/msg/detail/command_status__rosidl_typesupport_fastrtps_cpp.hpp
[24.368s] -- Installing: /home/devpc/Desktop/microros_ws/install/drive_base_msgs/include/drive_base_msgs/msg/detail/dds_fastrtps
[24.368s] -- Installing: /home/devpc/Desktop/microros_ws/install/drive_base_msgs/include/drive_base_msgs/msg/rosidl_typesupport_fastrtps_cpp__visibility_control.h
[24.368s] -- Installing: /home/devpc/Desktop/microros_ws/install/drive_base_msgs/lib/libdrive_base_msgs__rosidl_typesupport_fastrtps_cpp.so
[24.368s] -- Set runtime path of "/home/devpc/Desktop/microros_ws/install/drive_base_msgs/lib/libdrive_base_msgs__rosidl_typesupport_fastrtps_cpp.so" to ""
[24.368s] -- Up-to-date: /home/devpc/Desktop/microros_ws/install/drive_base_msgs/include/drive_base_msgs
[24.368s] -- Up-to-date: /home/devpc/Desktop/microros_ws/install/drive_base_msgs/include/drive_base_msgs/msg
[24.368s] -- Up-to-date: /home/devpc/Desktop/microros_ws/install/drive_base_msgs/include/drive_base_msgs/msg/detail
[24.368s] -- Installing: /home/devpc/Desktop/microros_ws/install/drive_base_msgs/include/drive_base_msgs/msg/detail/command_header__type_support.c
[24.368s] -- Installing: /home/devpc/Desktop/microros_ws/install/drive_base_msgs/include/drive_base_msgs/msg/detail/base_info__rosidl_typesupport_introspection_c.h
[24.368s] -- Installing: /home/devpc/Desktop/microros_ws/install/drive_base_msgs/include/drive_base_msgs/msg/detail/trv_command__rosidl_typesupport_introspection_c.h
[24.369s] -- Installing: /home/devpc/Desktop/microros_ws/install/drive_base_msgs/include/drive_base_msgs/msg/detail/base_info__type_support.c
[24.369s] -- Installing: /home/devpc/Desktop/microros_ws/install/drive_base_msgs/include/drive_base_msgs/msg/detail/command_status__rosidl_typesupport_introspection_c.h
[24.369s] -- Installing: /home/devpc/Desktop/microros_ws/install/drive_base_msgs/include/drive_base_msgs/msg/detail/command_header__rosidl_typesupport_introspection_c.h
[24.369s] -- Installing: /home/devpc/Desktop/microros_ws/install/drive_base_msgs/include/drive_base_msgs/msg/detail/command_status__type_support.c
[24.369s] -- Installing: /home/devpc/Desktop/microros_ws/install/drive_base_msgs/include/drive_base_msgs/msg/detail/trv_command__type_support.c
[24.369s] -- Installing: /home/devpc/Desktop/microros_ws/install/drive_base_msgs/include/drive_base_msgs/msg/rosidl_typesupport_introspection_c__visibility_control.h
[24.369s] -- Installing: /home/devpc/Desktop/microros_ws/install/drive_base_msgs/lib/libdrive_base_msgs__rosidl_typesupport_introspection_c.so
[24.369s] -- Set runtime path of "/home/devpc/Desktop/microros_ws/install/drive_base_msgs/lib/libdrive_base_msgs__rosidl_typesupport_introspection_c.so" to ""
[24.369s] -- Installing: /home/devpc/Desktop/microros_ws/install/drive_base_msgs/lib/libdrive_base_msgs__rosidl_typesupport_c.so
[24.369s] -- Set runtime path of "/home/devpc/Desktop/microros_ws/install/drive_base_msgs/lib/libdrive_base_msgs__rosidl_typesupport_c.so" to ""
[24.370s] -- Up-to-date: /home/devpc/Desktop/microros_ws/install/drive_base_msgs/include/drive_base_msgs
[24.370s] -- Up-to-date: /home/devpc/Desktop/microros_ws/install/drive_base_msgs/include/drive_base_msgs/msg
[24.370s] -- Up-to-date: /home/devpc/Desktop/microros_ws/install/drive_base_msgs/include/drive_base_msgs/msg/detail
[24.370s] -- Installing: /home/devpc/Desktop/microros_ws/install/drive_base_msgs/include/drive_base_msgs/msg/detail/command_header__struct.hpp
[24.370s] -- Installing: /home/devpc/Desktop/microros_ws/install/drive_base_msgs/include/drive_base_msgs/msg/detail/command_header__traits.hpp
[24.370s] -- Installing: /home/devpc/Desktop/microros_ws/install/drive_base_msgs/include/drive_base_msgs/msg/detail/trv_command__builder.hpp
[24.370s] -- Installing: /home/devpc/Desktop/microros_ws/install/drive_base_msgs/include/drive_base_msgs/msg/detail/base_info__struct.hpp
[24.370s] -- Installing: /home/devpc/Desktop/microros_ws/install/drive_base_msgs/include/drive_base_msgs/msg/detail/command_status__traits.hpp
[24.370s] -- Installing: /home/devpc/Desktop/microros_ws/install/drive_base_msgs/include/drive_base_msgs/msg/detail/command_status__struct.hpp
[24.371s] -- Installing: /home/devpc/Desktop/microros_ws/install/drive_base_msgs/include/drive_base_msgs/msg/detail/command_status__builder.hpp
[24.371s] -- Installing: /home/devpc/Desktop/microros_ws/install/drive_base_msgs/include/drive_base_msgs/msg/detail/trv_command__struct.hpp
[24.371s] -- Installing: /home/devpc/Desktop/microros_ws/install/drive_base_msgs/include/drive_base_msgs/msg/detail/command_header__builder.hpp
[24.371s] -- Installing: /home/devpc/Desktop/microros_ws/install/drive_base_msgs/include/drive_base_msgs/msg/detail/trv_command__traits.hpp
[24.371s] -- Installing: /home/devpc/Desktop/microros_ws/install/drive_base_msgs/include/drive_base_msgs/msg/detail/base_info__builder.hpp
[24.371s] -- Installing: /home/devpc/Desktop/microros_ws/install/drive_base_msgs/include/drive_base_msgs/msg/detail/base_info__traits.hpp
[24.371s] -- Installing: /home/devpc/Desktop/microros_ws/install/drive_base_msgs/include/drive_base_msgs/msg/command_header.hpp
[24.371s] -- Installing: /home/devpc/Desktop/microros_ws/install/drive_base_msgs/include/drive_base_msgs/msg/base_info.hpp
[24.371s] -- Installing: /home/devpc/Desktop/microros_ws/install/drive_base_msgs/include/drive_base_msgs/msg/trv_command.hpp
[24.371s] -- Installing: /home/devpc/Desktop/microros_ws/install/drive_base_msgs/include/drive_base_msgs/msg/command_status.hpp
[24.372s] -- Up-to-date: /home/devpc/Desktop/microros_ws/install/drive_base_msgs/include/drive_base_msgs
[24.372s] -- Up-to-date: /home/devpc/Desktop/microros_ws/install/drive_base_msgs/include/drive_base_msgs/msg
[24.372s] -- Up-to-date: /home/devpc/Desktop/microros_ws/install/drive_base_msgs/include/drive_base_msgs/msg/detail
[24.372s] -- Installing: /home/devpc/Desktop/microros_ws/install/drive_base_msgs/include/drive_base_msgs/msg/detail/command_status__rosidl_typesupport_microxrcedds_cpp.hpp
[24.372s] -- Installing: /home/devpc/Desktop/microros_ws/install/drive_base_msgs/include/drive_base_msgs/msg/detail/base_info__rosidl_typesupport_microxrcedds_cpp.hpp
[24.372s] -- Installing: /home/devpc/Desktop/microros_ws/install/drive_base_msgs/include/drive_base_msgs/msg/detail/command_header__rosidl_typesupport_microxrcedds_cpp.hpp
[24.372s] -- Installing: /home/devpc/Desktop/microros_ws/install/drive_base_msgs/include/drive_base_msgs/msg/detail/trv_command__rosidl_typesupport_microxrcedds_cpp.hpp
[24.372s] -- Up-to-date: /home/devpc/Desktop/microros_ws/install/drive_base_msgs/include/drive_base_msgs/msg/detail/microxrcedds
[24.372s] -- Installing: /home/devpc/Desktop/microros_ws/install/drive_base_msgs/include/drive_base_msgs/msg/detail/microxrcedds/trv_command__type_support_cpp.cpp
[24.372s] -- Installing: /home/devpc/Desktop/microros_ws/install/drive_base_msgs/include/drive_base_msgs/msg/detail/microxrcedds/command_status__type_support_cpp.cpp
[24.373s] -- Installing: /home/devpc/Desktop/microros_ws/install/drive_base_msgs/include/drive_base_msgs/msg/detail/microxrcedds/base_info__type_support_cpp.cpp
[24.373s] -- Installing: /home/devpc/Desktop/microros_ws/install/drive_base_msgs/include/drive_base_msgs/msg/detail/microxrcedds/command_header__type_support_cpp.cpp
[24.373s] -- Installing: /home/devpc/Desktop/microros_ws/install/drive_base_msgs/include/drive_base_msgs/msg/rosidl_typesupport_microxrcedds_cpp__visibility_control.h
[24.373s] -- Installing: /home/devpc/Desktop/microros_ws/install/drive_base_msgs/lib/libdrive_base_msgs__rosidl_typesupport_microxrcedds_cpp.so
[24.374s] -- Set runtime path of "/home/devpc/Desktop/microros_ws/install/drive_base_msgs/lib/libdrive_base_msgs__rosidl_typesupport_microxrcedds_cpp.so" to ""
[24.374s] -- Up-to-date: /home/devpc/Desktop/microros_ws/install/drive_base_msgs/include/drive_base_msgs
[24.374s] -- Up-to-date: /home/devpc/Desktop/microros_ws/install/drive_base_msgs/include/drive_base_msgs/msg
[24.374s] -- Up-to-date: /home/devpc/Desktop/microros_ws/install/drive_base_msgs/include/drive_base_msgs/msg/detail
[24.374s] -- Installing: /home/devpc/Desktop/microros_ws/install/drive_base_msgs/include/drive_base_msgs/msg/detail/base_info__rosidl_typesupport_introspection_cpp.hpp
[24.374s] -- Installing: /home/devpc/Desktop/microros_ws/install/drive_base_msgs/include/drive_base_msgs/msg/detail/command_status__rosidl_typesupport_introspection_cpp.hpp
[24.374s] -- Installing: /home/devpc/Desktop/microros_ws/install/drive_base_msgs/include/drive_base_msgs/msg/detail/command_status__type_support.cpp
[24.374s] -- Installing: /home/devpc/Desktop/microros_ws/install/drive_base_msgs/include/drive_base_msgs/msg/detail/base_info__type_support.cpp
[24.374s] -- Installing: /home/devpc/Desktop/microros_ws/install/drive_base_msgs/include/drive_base_msgs/msg/detail/command_header__type_support.cpp
[24.375s] -- Installing: /home/devpc/Desktop/microros_ws/install/drive_base_msgs/include/drive_base_msgs/msg/detail/command_header__rosidl_typesupport_introspection_cpp.hpp
[24.375s] -- Installing: /home/devpc/Desktop/microros_ws/install/drive_base_msgs/include/drive_base_msgs/msg/detail/trv_command__type_support.cpp
[24.375s] -- Installing: /home/devpc/Desktop/microros_ws/install/drive_base_msgs/include/drive_base_msgs/msg/detail/trv_command__rosidl_typesupport_introspection_cpp.hpp
[24.375s] -- Installing: /home/devpc/Desktop/microros_ws/install/drive_base_msgs/lib/libdrive_base_msgs__rosidl_typesupport_introspection_cpp.so
[24.376s] -- Set runtime path of "/home/devpc/Desktop/microros_ws/install/drive_base_msgs/lib/libdrive_base_msgs__rosidl_typesupport_introspection_cpp.so" to ""
[24.376s] -- Installing: /home/devpc/Desktop/microros_ws/install/drive_base_msgs/lib/libdrive_base_msgs__rosidl_typesupport_cpp.so
[24.376s] -- Set runtime path of "/home/devpc/Desktop/microros_ws/install/drive_base_msgs/lib/libdrive_base_msgs__rosidl_typesupport_cpp.so" to ""
[24.376s] -- Installing: /home/devpc/Desktop/microros_ws/install/drive_base_msgs/share/drive_base_msgs/environment/pythonpath.sh
[24.377s] -- Installing: /home/devpc/Desktop/microros_ws/install/drive_base_msgs/share/drive_base_msgs/environment/pythonpath.dsv
[24.377s] -- Installing: /home/devpc/Desktop/microros_ws/install/drive_base_msgs/lib/python3.8/site-packages/drive_base_msgs/__init__.py
[24.408s] Compiling '/home/devpc/Desktop/microros_ws/install/drive_base_msgs/lib/python3.8/site-packages/drive_base_msgs/__init__.py'...
[24.412s] -- Installing: /home/devpc/Desktop/microros_ws/install/drive_base_msgs/lib/python3.8/site-packages/drive_base_msgs/msg
[24.412s] -- Installing: /home/devpc/Desktop/microros_ws/install/drive_base_msgs/lib/python3.8/site-packages/drive_base_msgs/msg/_command_status.py
[24.412s] -- Installing: /home/devpc/Desktop/microros_ws/install/drive_base_msgs/lib/python3.8/site-packages/drive_base_msgs/msg/__init__.py
[24.412s] -- Installing: /home/devpc/Desktop/microros_ws/install/drive_base_msgs/lib/python3.8/site-packages/drive_base_msgs/msg/_command_header.py
[24.413s] -- Installing: /home/devpc/Desktop/microros_ws/install/drive_base_msgs/lib/python3.8/site-packages/drive_base_msgs/msg/_trv_command.py
[24.413s] -- Installing: /home/devpc/Desktop/microros_ws/install/drive_base_msgs/lib/python3.8/site-packages/drive_base_msgs/msg/_base_info_s.c
[24.413s] -- Installing: /home/devpc/Desktop/microros_ws/install/drive_base_msgs/lib/python3.8/site-packages/drive_base_msgs/msg/_command_status_s.c
[24.413s] -- Installing: /home/devpc/Desktop/microros_ws/install/drive_base_msgs/lib/python3.8/site-packages/drive_base_msgs/msg/_base_info.py
[24.413s] -- Installing: /home/devpc/Desktop/microros_ws/install/drive_base_msgs/lib/python3.8/site-packages/drive_base_msgs/msg/_trv_command_s.c
[24.413s] -- Installing: /home/devpc/Desktop/microros_ws/install/drive_base_msgs/lib/python3.8/site-packages/drive_base_msgs/msg/_command_header_s.c
[24.413s] -- Installing: /home/devpc/Desktop/microros_ws/install/drive_base_msgs/lib/python3.8/site-packages/drive_base_msgs/drive_base_msgs_s__rosidl_typesupport_microxrcedds_c.cpython-38-x86_64-linux-gnu.so
[24.414s] -- Set runtime path of "/home/devpc/Desktop/microros_ws/install/drive_base_msgs/lib/python3.8/site-packages/drive_base_msgs/drive_base_msgs_s__rosidl_typesupport_microxrcedds_c.cpython-38-x86_64-linux-gnu.so" to ""
[24.415s] -- Installing: /home/devpc/Desktop/microros_ws/install/drive_base_msgs/lib/python3.8/site-packages/drive_base_msgs/drive_base_msgs_s__rosidl_typesupport_fastrtps_c.cpython-38-x86_64-linux-gnu.so
[24.415s] -- Set runtime path of "/home/devpc/Desktop/microros_ws/install/drive_base_msgs/lib/python3.8/site-packages/drive_base_msgs/drive_base_msgs_s__rosidl_typesupport_fastrtps_c.cpython-38-x86_64-linux-gnu.so" to ""
[24.415s] -- Installing: /home/devpc/Desktop/microros_ws/install/drive_base_msgs/lib/python3.8/site-packages/drive_base_msgs/drive_base_msgs_s__rosidl_typesupport_introspection_c.cpython-38-x86_64-linux-gnu.so
[24.416s] -- Set runtime path of "/home/devpc/Desktop/microros_ws/install/drive_base_msgs/lib/python3.8/site-packages/drive_base_msgs/drive_base_msgs_s__rosidl_typesupport_introspection_c.cpython-38-x86_64-linux-gnu.so" to ""
[24.416s] -- Installing: /home/devpc/Desktop/microros_ws/install/drive_base_msgs/lib/python3.8/site-packages/drive_base_msgs/drive_base_msgs_s__rosidl_typesupport_c.cpython-38-x86_64-linux-gnu.so
[24.417s] -- Set runtime path of "/home/devpc/Desktop/microros_ws/install/drive_base_msgs/lib/python3.8/site-packages/drive_base_msgs/drive_base_msgs_s__rosidl_typesupport_c.cpython-38-x86_64-linux-gnu.so" to ""
[24.417s] -- Installing: /home/devpc/Desktop/microros_ws/install/drive_base_msgs/lib/libdrive_base_msgs__python.so
[24.418s] -- Set runtime path of "/home/devpc/Desktop/microros_ws/install/drive_base_msgs/lib/libdrive_base_msgs__python.so" to ""
[24.418s] -- Installing: /home/devpc/Desktop/microros_ws/install/drive_base_msgs/share/drive_base_msgs/msg/CommandHeader.idl
[24.418s] -- Installing: /home/devpc/Desktop/microros_ws/install/drive_base_msgs/share/drive_base_msgs/msg/BaseInfo.idl
[24.418s] -- Installing: /home/devpc/Desktop/microros_ws/install/drive_base_msgs/share/drive_base_msgs/msg/CommandStatus.idl
[24.419s] -- Installing: /home/devpc/Desktop/microros_ws/install/drive_base_msgs/share/drive_base_msgs/msg/TRVCommand.idl
[24.419s] -- Installing: /home/devpc/Desktop/microros_ws/install/drive_base_msgs/share/drive_base_msgs/msg/CommandHeader.msg
[24.419s] -- Installing: /home/devpc/Desktop/microros_ws/install/drive_base_msgs/share/drive_base_msgs/msg/BaseInfo.msg
[24.419s] -- Installing: /home/devpc/Desktop/microros_ws/install/drive_base_msgs/share/drive_base_msgs/msg/CommandStatus.msg
[24.419s] -- Installing: /home/devpc/Desktop/microros_ws/install/drive_base_msgs/share/drive_base_msgs/msg/TRVCommand.msg
[24.420s] -- Installing: /home/devpc/Desktop/microros_ws/install/drive_base_msgs/share/ament_index/resource_index/package_run_dependencies/drive_base_msgs
[24.420s] -- Installing: /home/devpc/Desktop/microros_ws/install/drive_base_msgs/share/ament_index/resource_index/parent_prefix_path/drive_base_msgs
[24.420s] -- Installing: /home/devpc/Desktop/microros_ws/install/drive_base_msgs/share/drive_base_msgs/environment/ament_prefix_path.sh
[24.420s] -- Installing: /home/devpc/Desktop/microros_ws/install/drive_base_msgs/share/drive_base_msgs/environment/ament_prefix_path.dsv
[24.421s] -- Installing: /home/devpc/Desktop/microros_ws/install/drive_base_msgs/share/drive_base_msgs/environment/path.sh
[24.421s] -- Installing: /home/devpc/Desktop/microros_ws/install/drive_base_msgs/share/drive_base_msgs/environment/path.dsv
[24.421s] -- Installing: /home/devpc/Desktop/microros_ws/install/drive_base_msgs/share/drive_base_msgs/local_setup.bash
[24.421s] -- Installing: /home/devpc/Desktop/microros_ws/install/drive_base_msgs/share/drive_base_msgs/local_setup.sh
[24.421s] -- Installing: /home/devpc/Desktop/microros_ws/install/drive_base_msgs/share/drive_base_msgs/local_setup.zsh
[24.422s] -- Installing: /home/devpc/Desktop/microros_ws/install/drive_base_msgs/share/drive_base_msgs/local_setup.dsv
[24.422s] -- Installing: /home/devpc/Desktop/microros_ws/install/drive_base_msgs/share/drive_base_msgs/package.dsv
[24.422s] -- Installing: /home/devpc/Desktop/microros_ws/install/drive_base_msgs/share/ament_index/resource_index/packages/drive_base_msgs
[24.422s] -- Installing: /home/devpc/Desktop/microros_ws/install/drive_base_msgs/share/drive_base_msgs/cmake/drive_base_msgs__rosidl_generator_cExport.cmake
[24.423s] -- Installing: /home/devpc/Desktop/microros_ws/install/drive_base_msgs/share/drive_base_msgs/cmake/drive_base_msgs__rosidl_generator_cExport-noconfig.cmake
[24.423s] -- Installing: /home/devpc/Desktop/microros_ws/install/drive_base_msgs/share/drive_base_msgs/cmake/drive_base_msgs__rosidl_typesupport_introspection_cExport.cmake
[24.423s] -- Installing: /home/devpc/Desktop/microros_ws/install/drive_base_msgs/share/drive_base_msgs/cmake/drive_base_msgs__rosidl_typesupport_introspection_cExport-noconfig.cmake
[24.423s] -- Installing: /home/devpc/Desktop/microros_ws/install/drive_base_msgs/share/drive_base_msgs/cmake/drive_base_msgs__rosidl_typesupport_cExport.cmake
[24.423s] -- Installing: /home/devpc/Desktop/microros_ws/install/drive_base_msgs/share/drive_base_msgs/cmake/drive_base_msgs__rosidl_typesupport_cExport-noconfig.cmake
[24.424s] -- Installing: /home/devpc/Desktop/microros_ws/install/drive_base_msgs/share/drive_base_msgs/cmake/drive_base_msgs__rosidl_generator_cppExport.cmake
[24.424s] -- Installing: /home/devpc/Desktop/microros_ws/install/drive_base_msgs/share/drive_base_msgs/cmake/drive_base_msgs__rosidl_typesupport_introspection_cppExport.cmake
[24.424s] -- Installing: /home/devpc/Desktop/microros_ws/install/drive_base_msgs/share/drive_base_msgs/cmake/drive_base_msgs__rosidl_typesupport_introspection_cppExport-noconfig.cmake
[24.424s] -- Installing: /home/devpc/Desktop/microros_ws/install/drive_base_msgs/share/drive_base_msgs/cmake/drive_base_msgs__rosidl_typesupport_cppExport.cmake
[24.425s] -- Installing: /home/devpc/Desktop/microros_ws/install/drive_base_msgs/share/drive_base_msgs/cmake/drive_base_msgs__rosidl_typesupport_cppExport-noconfig.cmake
[24.425s] -- Installing: /home/devpc/Desktop/microros_ws/install/drive_base_msgs/share/drive_base_msgs/cmake/rosidl_cmake-extras.cmake
[24.425s] -- Installing: /home/devpc/Desktop/microros_ws/install/drive_base_msgs/share/drive_base_msgs/cmake/ament_cmake_export_dependencies-extras.cmake
[24.425s] -- Installing: /home/devpc/Desktop/microros_ws/install/drive_base_msgs/share/drive_base_msgs/cmake/ament_cmake_export_libraries-extras.cmake
[24.425s] -- Installing: /home/devpc/Desktop/microros_ws/install/drive_base_msgs/share/drive_base_msgs/cmake/ament_cmake_export_targets-extras.cmake
[24.426s] -- Installing: /home/devpc/Desktop/microros_ws/install/drive_base_msgs/share/drive_base_msgs/cmake/ament_cmake_export_include_directories-extras.cmake
[24.426s] -- Installing: /home/devpc/Desktop/microros_ws/install/drive_base_msgs/share/drive_base_msgs/cmake/rosidl_cmake_export_typesupport_libraries-extras.cmake
[24.426s] -- Installing: /home/devpc/Desktop/microros_ws/install/drive_base_msgs/share/drive_base_msgs/cmake/rosidl_cmake_export_typesupport_targets-extras.cmake
[24.426s] -- Installing: /home/devpc/Desktop/microros_ws/install/drive_base_msgs/share/drive_base_msgs/cmake/drive_base_msgsConfig.cmake
[24.426s] -- Installing: /home/devpc/Desktop/microros_ws/install/drive_base_msgs/share/drive_base_msgs/cmake/drive_base_msgsConfig-version.cmake
[24.427s] -- Installing: /home/devpc/Desktop/microros_ws/install/drive_base_msgs/share/drive_base_msgs/package.xml
[24.432s] Invoked command in '/home/devpc/Desktop/microros_ws/build/drive_base_msgs' returned '0': AMENT_PREFIX_PATH=/home/devpc/Desktop/microros_ws/install/std_msgs:/home/devpc/Desktop/microros_ws/install/builtin_interfaces:${AMENT_PREFIX_PATH} CMAKE_PREFIX_PATH=/home/devpc/Desktop/microros_ws/install/std_msgs:/home/devpc/Desktop/microros_ws/install/builtin_interfaces:/home/devpc/Desktop/microros_ws/install/rosidl_typesupport_microxrcedds_cpp:/home/devpc/Desktop/microros_ws/install/rosidl_typesupport_microxrcedds_c:/home/devpc/Desktop/microros_ws/install/microcdr:/home/devpc/Desktop/microros_ws/install/micro_ros_agent:/home/devpc/Desktop/microros_ws/install/microxrcedds_agent:/home/devpc/Desktop/microros_ws/install/micro_ros_setup:/home/devpc/Desktop/microros_ws/install/micro_ros_msgs:/home/devpc/Desktop/quad_ws/install/quad_interfaces:/home/devpc/Desktop/quad_ws/install/quad:/opt/ros/foxy LD_LIBRARY_PATH=/home/devpc/Desktop/microros_ws/install/std_msgs/lib:/home/devpc/Desktop/microros_ws/install/builtin_interfaces/lib:${LD_LIBRARY_PATH} PYTHONPATH=/home/devpc/Desktop/microros_ws/install/std_msgs/lib/python3.8/site-packages:/home/devpc/Desktop/microros_ws/install/builtin_interfaces/lib/python3.8/site-packages:${PYTHONPATH} /usr/bin/cmake --install /home/devpc/Desktop/microros_ws/build/drive_base_msgs
