[0.052s] Invoking command in '/home/devpc/Desktop/microros_ws/build/action_msgs': AMENT_PREFIX_PATH=/home/devpc/Desktop/microros_ws/install/unique_identifier_msgs:/home/devpc/Desktop/microros_ws/install/builtin_interfaces:${AMENT_PREFIX_PATH} CMAKE_PREFIX_PATH=/home/devpc/Desktop/microros_ws/install/unique_identifier_msgs:/home/devpc/Desktop/microros_ws/install/builtin_interfaces:/home/devpc/Desktop/microros_ws/install/rosidl_typesupport_microxrcedds_cpp:/home/devpc/Desktop/microros_ws/install/rosidl_typesupport_microxrcedds_c:/home/devpc/Desktop/microros_ws/install/microcdr:/home/devpc/Desktop/microros_ws/install/micro_ros_agent:/home/devpc/Desktop/microros_ws/install/microxrcedds_agent:/home/devpc/Desktop/microros_ws/install/micro_ros_setup:/home/devpc/Desktop/microros_ws/install/micro_ros_msgs:/home/devpc/Desktop/quad_ws/install/quad_interfaces:/home/devpc/Desktop/quad_ws/install/quad:/opt/ros/foxy LD_LIBRARY_PATH=/home/devpc/Desktop/microros_ws/install/unique_identifier_msgs/lib:/home/devpc/Desktop/microros_ws/install/builtin_interfaces/lib:${LD_LIBRARY_PATH} PYTHONPATH=/home/devpc/Desktop/microros_ws/install/unique_identifier_msgs/lib/python3.8/site-packages:/home/devpc/Desktop/microros_ws/install/builtin_interfaces/lib/python3.8/site-packages:${PYTHONPATH} /usr/bin/cmake /home/devpc/Desktop/microros_ws/src/ros2/rcl_interfaces/action_msgs -DCMAKE_INSTALL_PREFIX=/home/devpc/Desktop/microros_ws/install/action_msgs
[0.140s] -- The C compiler identification is GNU 9.3.0
[0.232s] -- The CXX compiler identification is GNU 9.3.0
[0.233s] -- Check for working C compiler: /usr/bin/cc
[0.343s] -- Check for working C compiler: /usr/bin/cc -- works
[0.343s] -- Detecting C compiler ABI info
[0.499s] -- Detecting C compiler ABI info - done
[0.530s] -- Detecting C compile features
[0.531s] -- Detecting C compile features - done
[0.537s] -- Check for working CXX compiler: /usr/bin/c++
[0.803s] -- Check for working CXX compiler: /usr/bin/c++ -- works
[0.804s] -- Detecting CXX compiler ABI info
[1.011s] -- Detecting CXX compiler ABI info - done
[1.046s] -- Detecting CXX compile features
[1.047s] -- Detecting CXX compile features - done
[1.058s] -- Found ament_cmake: 0.9.8 (/opt/ros/foxy/share/ament_cmake/cmake)
[1.146s] -- Found PythonInterp: /usr/bin/python3 (found suitable version "3.8.10", minimum required is "3") 
[1.146s] -- Using PYTHON_EXECUTABLE: /usr/bin/python3
[1.648s] -- Found builtin_interfaces: 1.0.0 (/home/devpc/Desktop/microros_ws/install/builtin_interfaces/share/builtin_interfaces/cmake)
[1.703s] -- Using all available rosidl_typesupport_c: rosidl_typesupport_microxrcedds_c;rosidl_typesupport_fastrtps_c;rosidl_typesupport_introspection_c
[1.718s] -- Found rosidl_adapter: 1.2.1 (/opt/ros/foxy/share/rosidl_adapter/cmake)
[2.253s] -- Found OpenSSL: /usr/lib/x86_64-linux-gnu/libcrypto.so (found version "1.1.1f")  
[2.336s] -- Found FastRTPS: /opt/ros/foxy/include  
[2.590s] -- Using all available rosidl_typesupport_cpp: rosidl_typesupport_microxrcedds_cpp;rosidl_typesupport_fastrtps_cpp;rosidl_typesupport_introspection_cpp
[2.660s] -- Found rosidl_default_generators: 1.0.1 (/opt/ros/foxy/share/rosidl_default_generators/cmake)
[2.685s] -- Found unique_identifier_msgs: 2.1.3 (/home/devpc/Desktop/microros_ws/install/unique_identifier_msgs/share/unique_identifier_msgs/cmake)
[2.759s] -- Found PythonInterp: /usr/bin/python3 (found version "3.8.10") 
[3.005s] -- Found ament_cmake_cppcheck: 0.9.6 (/opt/ros/foxy/share/ament_cmake_cppcheck/cmake)
[3.009s] -- Found ament_cmake_cpplint: 0.9.6 (/opt/ros/foxy/share/ament_cmake_cpplint/cmake)
[3.013s] -- Found ament_cmake_uncrustify: 0.9.6 (/opt/ros/foxy/share/ament_cmake_uncrustify/cmake)
[3.017s] -- Found ament_cmake_ros: 0.9.2 (/opt/ros/foxy/share/ament_cmake_ros/cmake)
[3.172s] -- Using all available rosidl_typesupport_c: rosidl_typesupport_microxrcedds_c;rosidl_typesupport_fastrtps_c;rosidl_typesupport_introspection_c
[3.204s] -- Using all available rosidl_typesupport_cpp: rosidl_typesupport_microxrcedds_cpp;rosidl_typesupport_fastrtps_cpp;rosidl_typesupport_introspection_cpp
[3.243s] -- Found PythonInterp: /usr/bin/python3 (found suitable version "3.8.10", minimum required is "3.5") 
[3.245s] -- Found python_cmake_module: 0.8.1 (/opt/ros/foxy/share/python_cmake_module/cmake)
[3.271s] -- Found PythonLibs: /usr/lib/x86_64-linux-gnu/libpython3.8.so (found suitable version "3.8.10", minimum required is "3.5") 
[3.272s] -- Using PYTHON_EXECUTABLE: /usr/bin/python3
[3.272s] -- Using PYTHON_INCLUDE_DIRS: /usr/include/python3.8
[3.272s] -- Using PYTHON_LIBRARIES: /usr/lib/x86_64-linux-gnu/libpython3.8.so
[3.302s] -- Found PythonExtra: .so  
[3.396s] -- Found ament_cmake_flake8: 0.9.6 (/opt/ros/foxy/share/ament_cmake_flake8/cmake)
[3.400s] -- Found ament_cmake_pep257: 0.9.6 (/opt/ros/foxy/share/ament_cmake_pep257/cmake)
[3.453s] -- Found ament_lint_auto: 0.9.6 (/opt/ros/foxy/share/ament_lint_auto/cmake)
[3.456s] -- Added test 'copyright' to check source files copyright and LICENSE
[3.456s] -- Added test 'lint_cmake' to check CMake code style
[3.456s] -- Added test 'xmllint' to check XML markup files
[3.457s] -- Configuring done
[3.543s] -- Generating done
[3.548s] -- Build files have been written to: /home/devpc/Desktop/microros_ws/build/action_msgs
[3.570s] Invoked command in '/home/devpc/Desktop/microros_ws/build/action_msgs' returned '0': AMENT_PREFIX_PATH=/home/devpc/Desktop/microros_ws/install/unique_identifier_msgs:/home/devpc/Desktop/microros_ws/install/builtin_interfaces:${AMENT_PREFIX_PATH} CMAKE_PREFIX_PATH=/home/devpc/Desktop/microros_ws/install/unique_identifier_msgs:/home/devpc/Desktop/microros_ws/install/builtin_interfaces:/home/devpc/Desktop/microros_ws/install/rosidl_typesupport_microxrcedds_cpp:/home/devpc/Desktop/microros_ws/install/rosidl_typesupport_microxrcedds_c:/home/devpc/Desktop/microros_ws/install/microcdr:/home/devpc/Desktop/microros_ws/install/micro_ros_agent:/home/devpc/Desktop/microros_ws/install/microxrcedds_agent:/home/devpc/Desktop/microros_ws/install/micro_ros_setup:/home/devpc/Desktop/microros_ws/install/micro_ros_msgs:/home/devpc/Desktop/quad_ws/install/quad_interfaces:/home/devpc/Desktop/quad_ws/install/quad:/opt/ros/foxy LD_LIBRARY_PATH=/home/devpc/Desktop/microros_ws/install/unique_identifier_msgs/lib:/home/devpc/Desktop/microros_ws/install/builtin_interfaces/lib:${LD_LIBRARY_PATH} PYTHONPATH=/home/devpc/Desktop/microros_ws/install/unique_identifier_msgs/lib/python3.8/site-packages:/home/devpc/Desktop/microros_ws/install/builtin_interfaces/lib/python3.8/site-packages:${PYTHONPATH} /usr/bin/cmake /home/devpc/Desktop/microros_ws/src/ros2/rcl_interfaces/action_msgs -DCMAKE_INSTALL_PREFIX=/home/devpc/Desktop/microros_ws/install/action_msgs
[3.572s] Invoking command in '/home/devpc/Desktop/microros_ws/build/action_msgs': AMENT_PREFIX_PATH=/home/devpc/Desktop/microros_ws/install/unique_identifier_msgs:/home/devpc/Desktop/microros_ws/install/builtin_interfaces:${AMENT_PREFIX_PATH} CMAKE_PREFIX_PATH=/home/devpc/Desktop/microros_ws/install/unique_identifier_msgs:/home/devpc/Desktop/microros_ws/install/builtin_interfaces:/home/devpc/Desktop/microros_ws/install/rosidl_typesupport_microxrcedds_cpp:/home/devpc/Desktop/microros_ws/install/rosidl_typesupport_microxrcedds_c:/home/devpc/Desktop/microros_ws/install/microcdr:/home/devpc/Desktop/microros_ws/install/micro_ros_agent:/home/devpc/Desktop/microros_ws/install/microxrcedds_agent:/home/devpc/Desktop/microros_ws/install/micro_ros_setup:/home/devpc/Desktop/microros_ws/install/micro_ros_msgs:/home/devpc/Desktop/quad_ws/install/quad_interfaces:/home/devpc/Desktop/quad_ws/install/quad:/opt/ros/foxy LD_LIBRARY_PATH=/home/devpc/Desktop/microros_ws/install/unique_identifier_msgs/lib:/home/devpc/Desktop/microros_ws/install/builtin_interfaces/lib:${LD_LIBRARY_PATH} PYTHONPATH=/home/devpc/Desktop/microros_ws/install/unique_identifier_msgs/lib/python3.8/site-packages:/home/devpc/Desktop/microros_ws/install/builtin_interfaces/lib/python3.8/site-packages:${PYTHONPATH} /usr/bin/cmake --build /home/devpc/Desktop/microros_ws/build/action_msgs -- -j8 -l8
[3.683s] [  1%] [34m[1mGenerating C code for ROS interfaces[0m
[3.700s] [35m[1mScanning dependencies of target action_msgs__cpp[0m
[3.743s] [  2%] [34m[1mGenerating C++ code for ROS interfaces[0m
[5.572s] [35m[1mScanning dependencies of target action_msgs__rosidl_generator_c[0m
[5.608s] [  2%] Built target action_msgs__cpp
[5.630s] [  4%] [32mBuilding C object CMakeFiles/action_msgs__rosidl_generator_c.dir/rosidl_generator_c/action_msgs/msg/detail/goal_info__functions.c.o[0m
[5.646s] [  5%] [32mBuilding C object CMakeFiles/action_msgs__rosidl_generator_c.dir/rosidl_generator_c/action_msgs/msg/detail/goal_status_array__functions.c.o[0m
[5.684s] [  7%] [32mBuilding C object CMakeFiles/action_msgs__rosidl_generator_c.dir/rosidl_generator_c/action_msgs/msg/detail/goal_status__functions.c.o[0m
[5.686s] [  8%] [34m[1mGenerating C++ type support dispatch for ROS interfaces[0m
[5.688s] [ 10%] [32mBuilding C object CMakeFiles/action_msgs__rosidl_generator_c.dir/rosidl_generator_c/action_msgs/srv/detail/cancel_goal__functions.c.o[0m
[5.707s] [ 11%] [34m[1mGenerating C++ introspection for ROS interfaces[0m
[5.716s] [ 13%] [34m[1mGenerating C++ type support for eProsima Micro XRCE-DDS[0m
[5.737s] [ 14%] [34m[1mGenerating C++ type support for eProsima Fast-RTPS[0m
[5.940s] [ 15%] [32m[1mLinking C shared library libaction_msgs__rosidl_generator_c.so[0m
[6.158s] [ 15%] Built target action_msgs__rosidl_generator_c
[6.234s] [ 17%] [34m[1mGenerating C type support for eProsima Micro XRCE-DDS[0m
[6.236s] [ 18%] [34m[1mGenerating C introspection for ROS interfaces[0m
[6.259s] [ 20%] [34m[1mGenerating C type support dispatch for ROS interfaces[0m
[7.168s] [35m[1mScanning dependencies of target action_msgs__rosidl_typesupport_cpp[0m
[7.228s] [ 21%] [32mBuilding CXX object CMakeFiles/action_msgs__rosidl_typesupport_cpp.dir/rosidl_typesupport_cpp/action_msgs/msg/goal_status__type_support.cpp.o[0m
[7.244s] [ 23%] [32mBuilding CXX object CMakeFiles/action_msgs__rosidl_typesupport_cpp.dir/rosidl_typesupport_cpp/action_msgs/msg/goal_info__type_support.cpp.o[0m
[7.828s] [35m[1mScanning dependencies of target action_msgs__rosidl_typesupport_introspection_c[0m
[7.927s] [ 24%] [32mBuilding C object CMakeFiles/action_msgs__rosidl_typesupport_introspection_c.dir/rosidl_typesupport_introspection_c/action_msgs/msg/detail/goal_info__type_support.c.o[0m
[8.056s] [ 26%] [32mBuilding C object CMakeFiles/action_msgs__rosidl_typesupport_introspection_c.dir/rosidl_typesupport_introspection_c/action_msgs/msg/detail/goal_status__type_support.c.o[0m
[8.268s] [ 27%] [32mBuilding C object CMakeFiles/action_msgs__rosidl_typesupport_introspection_c.dir/rosidl_typesupport_introspection_c/action_msgs/msg/detail/goal_status_array__type_support.c.o[0m
[8.399s] [35m[1mScanning dependencies of target action_msgs__rosidl_typesupport_microxrcedds_cpp[0m
[8.480s] [ 28%] [32mBuilding C object CMakeFiles/action_msgs__rosidl_typesupport_introspection_c.dir/rosidl_typesupport_introspection_c/action_msgs/srv/detail/cancel_goal__type_support.c.o[0m
[8.519s] [ 30%] [32mBuilding CXX object CMakeFiles/action_msgs__rosidl_typesupport_cpp.dir/rosidl_typesupport_cpp/action_msgs/msg/goal_status_array__type_support.cpp.o[0m
[8.541s] [ 31%] [32mBuilding CXX object CMakeFiles/action_msgs__rosidl_typesupport_microxrcedds_cpp.dir/rosidl_typesupport_microxrcedds_cpp/action_msgs/msg/detail/microxrcedds/goal_info__type_support_cpp.cpp.o[0m
[8.584s] [35m[1mScanning dependencies of target action_msgs__rosidl_typesupport_introspection_cpp[0m
[8.644s] [ 33%] [32mBuilding CXX object CMakeFiles/action_msgs__rosidl_typesupport_microxrcedds_cpp.dir/rosidl_typesupport_microxrcedds_cpp/action_msgs/msg/detail/microxrcedds/goal_status__type_support_cpp.cpp.o[0m
[8.648s] [ 34%] [32mBuilding CXX object CMakeFiles/action_msgs__rosidl_typesupport_introspection_cpp.dir/rosidl_typesupport_introspection_cpp/action_msgs/msg/detail/goal_info__type_support.cpp.o[0m
[8.654s] [35m[1mScanning dependencies of target action_msgs__rosidl_typesupport_c[0m
[8.673s] [ 36%] [32m[1mLinking C shared library libaction_msgs__rosidl_typesupport_introspection_c.so[0m
[8.723s] [ 37%] [32mBuilding CXX object CMakeFiles/action_msgs__rosidl_typesupport_c.dir/rosidl_typesupport_c/action_msgs/msg/goal_info__type_support.cpp.o[0m
[8.821s] [ 37%] Built target action_msgs__rosidl_typesupport_introspection_c
[8.846s] [ 39%] [32mBuilding CXX object CMakeFiles/action_msgs__rosidl_typesupport_c.dir/rosidl_typesupport_c/action_msgs/msg/goal_status__type_support.cpp.o[0m
[8.907s] [ 40%] [32mBuilding CXX object CMakeFiles/action_msgs__rosidl_typesupport_c.dir/rosidl_typesupport_c/action_msgs/msg/goal_status_array__type_support.cpp.o[0m
[8.958s] [35m[1mScanning dependencies of target action_msgs__rosidl_typesupport_microxrcedds_c[0m
[8.980s] [ 42%] [32mBuilding C object CMakeFiles/action_msgs__rosidl_typesupport_microxrcedds_c.dir/rosidl_typesupport_microxrcedds_c/action_msgs/msg/detail/microxrcedds/goal_info__type_support_c.c.o[0m
[8.998s] [ 43%] [32mBuilding CXX object CMakeFiles/action_msgs__rosidl_typesupport_c.dir/rosidl_typesupport_c/action_msgs/srv/cancel_goal__type_support.cpp.o[0m
[9.080s] [ 44%] [32mBuilding CXX object CMakeFiles/action_msgs__rosidl_typesupport_cpp.dir/rosidl_typesupport_cpp/action_msgs/srv/cancel_goal__type_support.cpp.o[0m
[9.103s] [35m[1mScanning dependencies of target action_msgs__rosidl_typesupport_fastrtps_cpp[0m
[9.173s] [ 46%] [32mBuilding C object CMakeFiles/action_msgs__rosidl_typesupport_microxrcedds_c.dir/rosidl_typesupport_microxrcedds_c/action_msgs/msg/detail/microxrcedds/goal_status__type_support_c.c.o[0m
[9.187s] [ 47%] [32m[1mLinking CXX shared library libaction_msgs__rosidl_typesupport_c.so[0m
[9.213s] [ 49%] [32mBuilding CXX object CMakeFiles/action_msgs__rosidl_typesupport_fastrtps_cpp.dir/rosidl_typesupport_fastrtps_cpp/action_msgs/msg/detail/dds_fastrtps/goal_info__type_support.cpp.o[0m
[9.363s] [ 50%] [32mBuilding C object CMakeFiles/action_msgs__rosidl_typesupport_microxrcedds_c.dir/rosidl_typesupport_microxrcedds_c/action_msgs/msg/detail/microxrcedds/goal_status_array__type_support_c.c.o[0m
[9.386s] [ 52%] [32mBuilding CXX object CMakeFiles/action_msgs__rosidl_typesupport_fastrtps_cpp.dir/rosidl_typesupport_fastrtps_cpp/action_msgs/msg/detail/dds_fastrtps/goal_status__type_support.cpp.o[0m
[9.403s] [ 53%] [32mBuilding CXX object CMakeFiles/action_msgs__rosidl_typesupport_microxrcedds_cpp.dir/rosidl_typesupport_microxrcedds_cpp/action_msgs/msg/detail/microxrcedds/goal_status_array__type_support_cpp.cpp.o[0m
[9.415s] [ 53%] Built target action_msgs__rosidl_typesupport_c
[9.487s] [ 55%] [32mBuilding CXX object CMakeFiles/action_msgs__rosidl_typesupport_fastrtps_cpp.dir/rosidl_typesupport_fastrtps_cpp/action_msgs/msg/detail/dds_fastrtps/goal_status_array__type_support.cpp.o[0m
[9.623s] [ 56%] [32mBuilding C object CMakeFiles/action_msgs__rosidl_typesupport_microxrcedds_c.dir/rosidl_typesupport_microxrcedds_c/action_msgs/srv/detail/microxrcedds/cancel_goal__type_support_c.c.o[0m
[9.985s] [ 57%] [32m[1mLinking C shared library libaction_msgs__rosidl_typesupport_microxrcedds_c.so[0m
[10.108s] [ 59%] [32mBuilding CXX object CMakeFiles/action_msgs__rosidl_typesupport_introspection_cpp.dir/rosidl_typesupport_introspection_cpp/action_msgs/msg/detail/goal_status__type_support.cpp.o[0m
[10.302s] [ 59%] Built target action_msgs__rosidl_typesupport_microxrcedds_c
[10.347s] [ 60%] [32mBuilding CXX object CMakeFiles/action_msgs__rosidl_typesupport_microxrcedds_cpp.dir/rosidl_typesupport_microxrcedds_cpp/action_msgs/srv/detail/microxrcedds/cancel_goal__type_support_cpp.cpp.o[0m
[10.408s] [ 62%] [32mBuilding CXX object CMakeFiles/action_msgs__rosidl_typesupport_introspection_cpp.dir/rosidl_typesupport_introspection_cpp/action_msgs/msg/detail/goal_status_array__type_support.cpp.o[0m
[10.904s] [ 63%] [32m[1mLinking CXX shared library libaction_msgs__rosidl_typesupport_cpp.so[0m
[11.044s] [ 65%] [32mBuilding CXX object CMakeFiles/action_msgs__rosidl_typesupport_introspection_cpp.dir/rosidl_typesupport_introspection_cpp/action_msgs/srv/detail/cancel_goal__type_support.cpp.o[0m
[11.194s] [ 65%] Built target action_msgs__rosidl_typesupport_cpp
[11.255s] [ 66%] [32mBuilding CXX object CMakeFiles/action_msgs__rosidl_typesupport_fastrtps_cpp.dir/rosidl_typesupport_fastrtps_cpp/action_msgs/srv/detail/dds_fastrtps/cancel_goal__type_support.cpp.o[0m
[12.551s] [ 68%] [32m[1mLinking CXX shared library libaction_msgs__rosidl_typesupport_fastrtps_cpp.so[0m
[12.763s] [ 69%] [32m[1mLinking CXX shared library libaction_msgs__rosidl_typesupport_microxrcedds_cpp.so[0m
[12.967s] [ 69%] Built target action_msgs__rosidl_typesupport_fastrtps_cpp
[13.056s] [ 71%] [34m[1mGenerating C type support for eProsima Fast-RTPS[0m
[13.396s] [ 71%] Built target action_msgs__rosidl_typesupport_microxrcedds_cpp
[13.837s] [ 72%] [32m[1mLinking CXX shared library libaction_msgs__rosidl_typesupport_introspection_cpp.so[0m
[14.614s] [ 72%] Built target action_msgs__rosidl_typesupport_introspection_cpp
[15.645s] [35m[1mScanning dependencies of target action_msgs__rosidl_typesupport_fastrtps_c[0m
[15.786s] [ 73%] [32mBuilding CXX object CMakeFiles/action_msgs__rosidl_typesupport_fastrtps_c.dir/rosidl_typesupport_fastrtps_c/action_msgs/msg/detail/goal_info__type_support_c.cpp.o[0m
[16.840s] [ 75%] [32mBuilding CXX object CMakeFiles/action_msgs__rosidl_typesupport_fastrtps_c.dir/rosidl_typesupport_fastrtps_c/action_msgs/srv/detail/cancel_goal__type_support_c.cpp.o[0m
[18.094s] [ 76%] [32mBuilding CXX object CMakeFiles/action_msgs__rosidl_typesupport_fastrtps_c.dir/rosidl_typesupport_fastrtps_c/action_msgs/msg/detail/goal_status_array__type_support_c.cpp.o[0m
[18.964s] [ 78%] [32mBuilding CXX object CMakeFiles/action_msgs__rosidl_typesupport_fastrtps_c.dir/rosidl_typesupport_fastrtps_c/action_msgs/msg/detail/goal_status__type_support_c.cpp.o[0m
[19.699s] [ 79%] [32m[1mLinking CXX shared library libaction_msgs__rosidl_typesupport_fastrtps_c.so[0m
[19.851s] [ 79%] Built target action_msgs__rosidl_typesupport_fastrtps_c
[19.865s] [35m[1mScanning dependencies of target action_msgs[0m
[19.881s] [ 79%] Built target action_msgs
[19.896s] [35m[1mScanning dependencies of target action_msgs__py[0m
[19.912s] [ 81%] [34m[1mGenerating Python code for ROS interfaces[0m
[21.991s] [ 81%] Built target action_msgs__py
[22.011s] [35m[1mScanning dependencies of target action_msgs__python[0m
[22.087s] [ 82%] [32mBuilding C object CMakeFiles/action_msgs__python.dir/rosidl_generator_py/action_msgs/msg/_goal_info_s.c.o[0m
[22.293s] [ 84%] [32mBuilding C object CMakeFiles/action_msgs__python.dir/rosidl_generator_py/action_msgs/srv/_cancel_goal_s.c.o[0m
[22.476s] [ 85%] [32mBuilding C object CMakeFiles/action_msgs__python.dir/rosidl_generator_py/action_msgs/msg/_goal_status_array_s.c.o[0m
[22.680s] [ 86%] [32mBuilding C object CMakeFiles/action_msgs__python.dir/rosidl_generator_py/action_msgs/msg/_goal_status_s.c.o[0m
[22.848s] [ 88%] [32m[1mLinking C shared library rosidl_generator_py/action_msgs/libaction_msgs__python.so[0m
[22.924s] [ 88%] Built target action_msgs__python
[22.959s] [35m[1mScanning dependencies of target action_msgs__rosidl_typesupport_introspection_c__pyext[0m
[22.990s] [ 89%] [32mBuilding C object CMakeFiles/action_msgs__rosidl_typesupport_introspection_c__pyext.dir/rosidl_generator_py/action_msgs/_action_msgs_s.ep.rosidl_typesupport_introspection_c.c.o[0m
[23.171s] [ 91%] [32m[1mLinking C shared library rosidl_generator_py/action_msgs/action_msgs_s__rosidl_typesupport_introspection_c.cpython-38-x86_64-linux-gnu.so[0m
[23.271s] [ 91%] Built target action_msgs__rosidl_typesupport_introspection_c__pyext
[23.286s] [35m[1mScanning dependencies of target action_msgs__rosidl_typesupport_c__pyext[0m
[23.314s] [ 92%] [32mBuilding C object CMakeFiles/action_msgs__rosidl_typesupport_c__pyext.dir/rosidl_generator_py/action_msgs/_action_msgs_s.ep.rosidl_typesupport_c.c.o[0m
[23.532s] [ 94%] [32m[1mLinking C shared library rosidl_generator_py/action_msgs/action_msgs_s__rosidl_typesupport_c.cpython-38-x86_64-linux-gnu.so[0m
[23.590s] [ 94%] Built target action_msgs__rosidl_typesupport_c__pyext
[23.613s] [35m[1mScanning dependencies of target action_msgs__rosidl_typesupport_microxrcedds_c__pyext[0m
[23.686s] [ 95%] [32mBuilding C object CMakeFiles/action_msgs__rosidl_typesupport_microxrcedds_c__pyext.dir/rosidl_generator_py/action_msgs/_action_msgs_s.ep.rosidl_typesupport_microxrcedds_c.c.o[0m
[23.907s] [ 97%] [32m[1mLinking C shared library rosidl_generator_py/action_msgs/action_msgs_s__rosidl_typesupport_microxrcedds_c.cpython-38-x86_64-linux-gnu.so[0m
[23.960s] [ 97%] Built target action_msgs__rosidl_typesupport_microxrcedds_c__pyext
[23.975s] [35m[1mScanning dependencies of target action_msgs__rosidl_typesupport_fastrtps_c__pyext[0m
[24.005s] [ 98%] [32mBuilding C object CMakeFiles/action_msgs__rosidl_typesupport_fastrtps_c__pyext.dir/rosidl_generator_py/action_msgs/_action_msgs_s.ep.rosidl_typesupport_fastrtps_c.c.o[0m
[24.170s] [100%] [32m[1mLinking CXX shared library rosidl_generator_py/action_msgs/action_msgs_s__rosidl_typesupport_fastrtps_c.cpython-38-x86_64-linux-gnu.so[0m
[24.276s] [100%] Built target action_msgs__rosidl_typesupport_fastrtps_c__pyext
[24.294s] Invoked command in '/home/devpc/Desktop/microros_ws/build/action_msgs' returned '0': AMENT_PREFIX_PATH=/home/devpc/Desktop/microros_ws/install/unique_identifier_msgs:/home/devpc/Desktop/microros_ws/install/builtin_interfaces:${AMENT_PREFIX_PATH} CMAKE_PREFIX_PATH=/home/devpc/Desktop/microros_ws/install/unique_identifier_msgs:/home/devpc/Desktop/microros_ws/install/builtin_interfaces:/home/devpc/Desktop/microros_ws/install/rosidl_typesupport_microxrcedds_cpp:/home/devpc/Desktop/microros_ws/install/rosidl_typesupport_microxrcedds_c:/home/devpc/Desktop/microros_ws/install/microcdr:/home/devpc/Desktop/microros_ws/install/micro_ros_agent:/home/devpc/Desktop/microros_ws/install/microxrcedds_agent:/home/devpc/Desktop/microros_ws/install/micro_ros_setup:/home/devpc/Desktop/microros_ws/install/micro_ros_msgs:/home/devpc/Desktop/quad_ws/install/quad_interfaces:/home/devpc/Desktop/quad_ws/install/quad:/opt/ros/foxy LD_LIBRARY_PATH=/home/devpc/Desktop/microros_ws/install/unique_identifier_msgs/lib:/home/devpc/Desktop/microros_ws/install/builtin_interfaces/lib:${LD_LIBRARY_PATH} PYTHONPATH=/home/devpc/Desktop/microros_ws/install/unique_identifier_msgs/lib/python3.8/site-packages:/home/devpc/Desktop/microros_ws/install/builtin_interfaces/lib/python3.8/site-packages:${PYTHONPATH} /usr/bin/cmake --build /home/devpc/Desktop/microros_ws/build/action_msgs -- -j8 -l8
[24.534s] Invoking command in '/home/devpc/Desktop/microros_ws/build/action_msgs': AMENT_PREFIX_PATH=/home/devpc/Desktop/microros_ws/install/unique_identifier_msgs:/home/devpc/Desktop/microros_ws/install/builtin_interfaces:${AMENT_PREFIX_PATH} CMAKE_PREFIX_PATH=/home/devpc/Desktop/microros_ws/install/unique_identifier_msgs:/home/devpc/Desktop/microros_ws/install/builtin_interfaces:/home/devpc/Desktop/microros_ws/install/rosidl_typesupport_microxrcedds_cpp:/home/devpc/Desktop/microros_ws/install/rosidl_typesupport_microxrcedds_c:/home/devpc/Desktop/microros_ws/install/microcdr:/home/devpc/Desktop/microros_ws/install/micro_ros_agent:/home/devpc/Desktop/microros_ws/install/microxrcedds_agent:/home/devpc/Desktop/microros_ws/install/micro_ros_setup:/home/devpc/Desktop/microros_ws/install/micro_ros_msgs:/home/devpc/Desktop/quad_ws/install/quad_interfaces:/home/devpc/Desktop/quad_ws/install/quad:/opt/ros/foxy LD_LIBRARY_PATH=/home/devpc/Desktop/microros_ws/install/unique_identifier_msgs/lib:/home/devpc/Desktop/microros_ws/install/builtin_interfaces/lib:${LD_LIBRARY_PATH} PYTHONPATH=/home/devpc/Desktop/microros_ws/install/unique_identifier_msgs/lib/python3.8/site-packages:/home/devpc/Desktop/microros_ws/install/builtin_interfaces/lib/python3.8/site-packages:${PYTHONPATH} /usr/bin/cmake --install /home/devpc/Desktop/microros_ws/build/action_msgs
[24.546s] -- Install configuration: ""
[24.548s] -- Installing: /home/devpc/Desktop/microros_ws/install/action_msgs/share/ament_index/resource_index/rosidl_interfaces/action_msgs
[24.549s] -- Installing: /home/devpc/Desktop/microros_ws/install/action_msgs/include/action_msgs
[24.549s] -- Installing: /home/devpc/Desktop/microros_ws/install/action_msgs/include/action_msgs/msg
[24.549s] -- Installing: /home/devpc/Desktop/microros_ws/install/action_msgs/include/action_msgs/msg/detail
[24.549s] -- Installing: /home/devpc/Desktop/microros_ws/install/action_msgs/include/action_msgs/msg/detail/goal_status__functions.h
[24.549s] -- Installing: /home/devpc/Desktop/microros_ws/install/action_msgs/include/action_msgs/msg/detail/goal_status_array__type_support.h
[24.550s] -- Installing: /home/devpc/Desktop/microros_ws/install/action_msgs/include/action_msgs/msg/detail/goal_status_array__struct.h
[24.550s] -- Installing: /home/devpc/Desktop/microros_ws/install/action_msgs/include/action_msgs/msg/detail/goal_status__type_support.h
[24.550s] -- Installing: /home/devpc/Desktop/microros_ws/install/action_msgs/include/action_msgs/msg/detail/goal_status_array__functions.c
[24.550s] -- Installing: /home/devpc/Desktop/microros_ws/install/action_msgs/include/action_msgs/msg/detail/goal_info__type_support.h
[24.550s] -- Installing: /home/devpc/Desktop/microros_ws/install/action_msgs/include/action_msgs/msg/detail/goal_info__functions.h
[24.550s] -- Installing: /home/devpc/Desktop/microros_ws/install/action_msgs/include/action_msgs/msg/detail/goal_info__struct.h
[24.551s] -- Installing: /home/devpc/Desktop/microros_ws/install/action_msgs/include/action_msgs/msg/detail/goal_status__functions.c
[24.551s] -- Installing: /home/devpc/Desktop/microros_ws/install/action_msgs/include/action_msgs/msg/detail/goal_status__struct.h
[24.551s] -- Installing: /home/devpc/Desktop/microros_ws/install/action_msgs/include/action_msgs/msg/detail/goal_info__functions.c
[24.551s] -- Installing: /home/devpc/Desktop/microros_ws/install/action_msgs/include/action_msgs/msg/detail/goal_status_array__functions.h
[24.551s] -- Installing: /home/devpc/Desktop/microros_ws/install/action_msgs/include/action_msgs/msg/goal_info.h
[24.552s] -- Installing: /home/devpc/Desktop/microros_ws/install/action_msgs/include/action_msgs/msg/goal_status.h
[24.552s] -- Installing: /home/devpc/Desktop/microros_ws/install/action_msgs/include/action_msgs/msg/goal_status_array.h
[24.552s] -- Installing: /home/devpc/Desktop/microros_ws/install/action_msgs/include/action_msgs/msg/rosidl_generator_c__visibility_control.h
[24.552s] -- Installing: /home/devpc/Desktop/microros_ws/install/action_msgs/include/action_msgs/srv
[24.552s] -- Installing: /home/devpc/Desktop/microros_ws/install/action_msgs/include/action_msgs/srv/cancel_goal.h
[24.553s] -- Installing: /home/devpc/Desktop/microros_ws/install/action_msgs/include/action_msgs/srv/detail
[24.553s] -- Installing: /home/devpc/Desktop/microros_ws/install/action_msgs/include/action_msgs/srv/detail/cancel_goal__struct.h
[24.553s] -- Installing: /home/devpc/Desktop/microros_ws/install/action_msgs/include/action_msgs/srv/detail/cancel_goal__type_support.h
[24.553s] -- Installing: /home/devpc/Desktop/microros_ws/install/action_msgs/include/action_msgs/srv/detail/cancel_goal__functions.c
[24.553s] -- Installing: /home/devpc/Desktop/microros_ws/install/action_msgs/include/action_msgs/srv/detail/cancel_goal__functions.h
[24.553s] -- Installing: /home/devpc/Desktop/microros_ws/install/action_msgs/share/action_msgs/environment/library_path.sh
[24.553s] -- Installing: /home/devpc/Desktop/microros_ws/install/action_msgs/share/action_msgs/environment/library_path.dsv
[24.554s] -- Installing: /home/devpc/Desktop/microros_ws/install/action_msgs/lib/libaction_msgs__rosidl_generator_c.so
[24.554s] -- Set runtime path of "/home/devpc/Desktop/microros_ws/install/action_msgs/lib/libaction_msgs__rosidl_generator_c.so" to ""
[24.554s] -- Up-to-date: /home/devpc/Desktop/microros_ws/install/action_msgs/include/action_msgs
[24.554s] -- Up-to-date: /home/devpc/Desktop/microros_ws/install/action_msgs/include/action_msgs/msg
[24.554s] -- Up-to-date: /home/devpc/Desktop/microros_ws/install/action_msgs/include/action_msgs/msg/detail
[24.555s] -- Installing: /home/devpc/Desktop/microros_ws/install/action_msgs/include/action_msgs/msg/detail/goal_status_array__rosidl_typesupport_microxrcedds_c.h
[24.555s] -- Installing: /home/devpc/Desktop/microros_ws/install/action_msgs/include/action_msgs/msg/detail/goal_status__rosidl_typesupport_microxrcedds_c.h
[24.555s] -- Installing: /home/devpc/Desktop/microros_ws/install/action_msgs/include/action_msgs/msg/detail/goal_info__rosidl_typesupport_microxrcedds_c.h
[24.555s] -- Installing: /home/devpc/Desktop/microros_ws/install/action_msgs/include/action_msgs/msg/detail/microxrcedds
[24.555s] -- Installing: /home/devpc/Desktop/microros_ws/install/action_msgs/include/action_msgs/msg/rosidl_typesupport_microxrcedds_c__visibility_control.h
[24.555s] -- Up-to-date: /home/devpc/Desktop/microros_ws/install/action_msgs/include/action_msgs/srv
[24.555s] -- Up-to-date: /home/devpc/Desktop/microros_ws/install/action_msgs/include/action_msgs/srv/detail
[24.556s] -- Installing: /home/devpc/Desktop/microros_ws/install/action_msgs/include/action_msgs/srv/detail/cancel_goal__rosidl_typesupport_microxrcedds_c.h
[24.556s] -- Installing: /home/devpc/Desktop/microros_ws/install/action_msgs/include/action_msgs/srv/detail/microxrcedds
[24.556s] -- Installing: /home/devpc/Desktop/microros_ws/install/action_msgs/lib/libaction_msgs__rosidl_typesupport_microxrcedds_c.so
[24.556s] -- Set runtime path of "/home/devpc/Desktop/microros_ws/install/action_msgs/lib/libaction_msgs__rosidl_typesupport_microxrcedds_c.so" to ""
[24.556s] -- Up-to-date: /home/devpc/Desktop/microros_ws/install/action_msgs/include/action_msgs
[24.556s] -- Up-to-date: /home/devpc/Desktop/microros_ws/install/action_msgs/include/action_msgs/msg
[24.557s] -- Up-to-date: /home/devpc/Desktop/microros_ws/install/action_msgs/include/action_msgs/msg/detail
[24.557s] -- Installing: /home/devpc/Desktop/microros_ws/install/action_msgs/include/action_msgs/msg/detail/goal_status_array__rosidl_typesupport_fastrtps_c.h
[24.557s] -- Installing: /home/devpc/Desktop/microros_ws/install/action_msgs/include/action_msgs/msg/detail/goal_status__rosidl_typesupport_fastrtps_c.h
[24.557s] -- Installing: /home/devpc/Desktop/microros_ws/install/action_msgs/include/action_msgs/msg/detail/goal_info__rosidl_typesupport_fastrtps_c.h
[24.557s] -- Installing: /home/devpc/Desktop/microros_ws/install/action_msgs/include/action_msgs/msg/rosidl_typesupport_fastrtps_c__visibility_control.h
[24.557s] -- Up-to-date: /home/devpc/Desktop/microros_ws/install/action_msgs/include/action_msgs/srv
[24.558s] -- Up-to-date: /home/devpc/Desktop/microros_ws/install/action_msgs/include/action_msgs/srv/detail
[24.558s] -- Installing: /home/devpc/Desktop/microros_ws/install/action_msgs/include/action_msgs/srv/detail/cancel_goal__rosidl_typesupport_fastrtps_c.h
[24.558s] -- Installing: /home/devpc/Desktop/microros_ws/install/action_msgs/lib/libaction_msgs__rosidl_typesupport_fastrtps_c.so
[24.558s] -- Set runtime path of "/home/devpc/Desktop/microros_ws/install/action_msgs/lib/libaction_msgs__rosidl_typesupport_fastrtps_c.so" to ""
[24.560s] -- Up-to-date: /home/devpc/Desktop/microros_ws/install/action_msgs/include/action_msgs
[24.560s] -- Up-to-date: /home/devpc/Desktop/microros_ws/install/action_msgs/include/action_msgs/msg
[24.561s] -- Up-to-date: /home/devpc/Desktop/microros_ws/install/action_msgs/include/action_msgs/msg/detail
[24.561s] -- Installing: /home/devpc/Desktop/microros_ws/install/action_msgs/include/action_msgs/msg/detail/goal_status__rosidl_typesupport_fastrtps_cpp.hpp
[24.561s] -- Installing: /home/devpc/Desktop/microros_ws/install/action_msgs/include/action_msgs/msg/detail/goal_info__rosidl_typesupport_fastrtps_cpp.hpp
[24.561s] -- Installing: /home/devpc/Desktop/microros_ws/install/action_msgs/include/action_msgs/msg/detail/goal_status_array__rosidl_typesupport_fastrtps_cpp.hpp
[24.561s] -- Installing: /home/devpc/Desktop/microros_ws/install/action_msgs/include/action_msgs/msg/detail/dds_fastrtps
[24.562s] -- Installing: /home/devpc/Desktop/microros_ws/install/action_msgs/include/action_msgs/msg/rosidl_typesupport_fastrtps_cpp__visibility_control.h
[24.562s] -- Up-to-date: /home/devpc/Desktop/microros_ws/install/action_msgs/include/action_msgs/srv
[24.567s] -- Up-to-date: /home/devpc/Desktop/microros_ws/install/action_msgs/include/action_msgs/srv/detail
[24.568s] -- Installing: /home/devpc/Desktop/microros_ws/install/action_msgs/include/action_msgs/srv/detail/cancel_goal__rosidl_typesupport_fastrtps_cpp.hpp
[24.568s] -- Installing: /home/devpc/Desktop/microros_ws/install/action_msgs/include/action_msgs/srv/detail/dds_fastrtps
[24.568s] -- Installing: /home/devpc/Desktop/microros_ws/install/action_msgs/lib/libaction_msgs__rosidl_typesupport_fastrtps_cpp.so
[24.568s] -- Set runtime path of "/home/devpc/Desktop/microros_ws/install/action_msgs/lib/libaction_msgs__rosidl_typesupport_fastrtps_cpp.so" to ""
[24.568s] -- Up-to-date: /home/devpc/Desktop/microros_ws/install/action_msgs/include/action_msgs
[24.569s] -- Up-to-date: /home/devpc/Desktop/microros_ws/install/action_msgs/include/action_msgs/msg
[24.569s] -- Up-to-date: /home/devpc/Desktop/microros_ws/install/action_msgs/include/action_msgs/msg/detail
[24.569s] -- Installing: /home/devpc/Desktop/microros_ws/install/action_msgs/include/action_msgs/msg/detail/goal_status_array__type_support.c
[24.569s] -- Installing: /home/devpc/Desktop/microros_ws/install/action_msgs/include/action_msgs/msg/detail/goal_info__rosidl_typesupport_introspection_c.h
[24.569s] -- Installing: /home/devpc/Desktop/microros_ws/install/action_msgs/include/action_msgs/msg/detail/goal_status__type_support.c
[24.569s] -- Installing: /home/devpc/Desktop/microros_ws/install/action_msgs/include/action_msgs/msg/detail/goal_info__type_support.c
[24.569s] -- Installing: /home/devpc/Desktop/microros_ws/install/action_msgs/include/action_msgs/msg/detail/goal_status__rosidl_typesupport_introspection_c.h
[24.570s] -- Installing: /home/devpc/Desktop/microros_ws/install/action_msgs/include/action_msgs/msg/detail/goal_status_array__rosidl_typesupport_introspection_c.h
[24.570s] -- Installing: /home/devpc/Desktop/microros_ws/install/action_msgs/include/action_msgs/msg/rosidl_typesupport_introspection_c__visibility_control.h
[24.570s] -- Up-to-date: /home/devpc/Desktop/microros_ws/install/action_msgs/include/action_msgs/srv
[24.570s] -- Up-to-date: /home/devpc/Desktop/microros_ws/install/action_msgs/include/action_msgs/srv/detail
[24.570s] -- Installing: /home/devpc/Desktop/microros_ws/install/action_msgs/include/action_msgs/srv/detail/cancel_goal__rosidl_typesupport_introspection_c.h
[24.570s] -- Installing: /home/devpc/Desktop/microros_ws/install/action_msgs/include/action_msgs/srv/detail/cancel_goal__type_support.c
[24.570s] -- Installing: /home/devpc/Desktop/microros_ws/install/action_msgs/lib/libaction_msgs__rosidl_typesupport_introspection_c.so
[24.571s] -- Set runtime path of "/home/devpc/Desktop/microros_ws/install/action_msgs/lib/libaction_msgs__rosidl_typesupport_introspection_c.so" to ""
[24.571s] -- Installing: /home/devpc/Desktop/microros_ws/install/action_msgs/lib/libaction_msgs__rosidl_typesupport_c.so
[24.571s] -- Set runtime path of "/home/devpc/Desktop/microros_ws/install/action_msgs/lib/libaction_msgs__rosidl_typesupport_c.so" to ""
[24.571s] -- Up-to-date: /home/devpc/Desktop/microros_ws/install/action_msgs/include/action_msgs
[24.571s] -- Up-to-date: /home/devpc/Desktop/microros_ws/install/action_msgs/include/action_msgs/msg
[24.571s] -- Up-to-date: /home/devpc/Desktop/microros_ws/install/action_msgs/include/action_msgs/msg/detail
[24.571s] -- Installing: /home/devpc/Desktop/microros_ws/install/action_msgs/include/action_msgs/msg/detail/goal_status__builder.hpp
[24.571s] -- Installing: /home/devpc/Desktop/microros_ws/install/action_msgs/include/action_msgs/msg/detail/goal_status_array__traits.hpp
[24.572s] -- Installing: /home/devpc/Desktop/microros_ws/install/action_msgs/include/action_msgs/msg/detail/goal_status__traits.hpp
[24.572s] -- Installing: /home/devpc/Desktop/microros_ws/install/action_msgs/include/action_msgs/msg/detail/goal_status__struct.hpp
[24.572s] -- Installing: /home/devpc/Desktop/microros_ws/install/action_msgs/include/action_msgs/msg/detail/goal_info__traits.hpp
[24.572s] -- Installing: /home/devpc/Desktop/microros_ws/install/action_msgs/include/action_msgs/msg/detail/goal_status_array__struct.hpp
[24.572s] -- Installing: /home/devpc/Desktop/microros_ws/install/action_msgs/include/action_msgs/msg/detail/goal_status_array__builder.hpp
[24.572s] -- Installing: /home/devpc/Desktop/microros_ws/install/action_msgs/include/action_msgs/msg/detail/goal_info__builder.hpp
[24.572s] -- Installing: /home/devpc/Desktop/microros_ws/install/action_msgs/include/action_msgs/msg/detail/goal_info__struct.hpp
[24.573s] -- Installing: /home/devpc/Desktop/microros_ws/install/action_msgs/include/action_msgs/msg/goal_info.hpp
[24.573s] -- Installing: /home/devpc/Desktop/microros_ws/install/action_msgs/include/action_msgs/msg/goal_status.hpp
[24.573s] -- Installing: /home/devpc/Desktop/microros_ws/install/action_msgs/include/action_msgs/msg/goal_status_array.hpp
[24.573s] -- Up-to-date: /home/devpc/Desktop/microros_ws/install/action_msgs/include/action_msgs/srv
[24.573s] -- Installing: /home/devpc/Desktop/microros_ws/install/action_msgs/include/action_msgs/srv/cancel_goal.hpp
[24.573s] -- Up-to-date: /home/devpc/Desktop/microros_ws/install/action_msgs/include/action_msgs/srv/detail
[24.573s] -- Installing: /home/devpc/Desktop/microros_ws/install/action_msgs/include/action_msgs/srv/detail/cancel_goal__struct.hpp
[24.574s] -- Installing: /home/devpc/Desktop/microros_ws/install/action_msgs/include/action_msgs/srv/detail/cancel_goal__builder.hpp
[24.574s] -- Installing: /home/devpc/Desktop/microros_ws/install/action_msgs/include/action_msgs/srv/detail/cancel_goal__traits.hpp
[24.574s] -- Up-to-date: /home/devpc/Desktop/microros_ws/install/action_msgs/include/action_msgs
[24.574s] -- Up-to-date: /home/devpc/Desktop/microros_ws/install/action_msgs/include/action_msgs/msg
[24.574s] -- Up-to-date: /home/devpc/Desktop/microros_ws/install/action_msgs/include/action_msgs/msg/detail
[24.574s] -- Installing: /home/devpc/Desktop/microros_ws/install/action_msgs/include/action_msgs/msg/detail/goal_status_array__rosidl_typesupport_microxrcedds_cpp.hpp
[24.574s] -- Installing: /home/devpc/Desktop/microros_ws/install/action_msgs/include/action_msgs/msg/detail/goal_status__rosidl_typesupport_microxrcedds_cpp.hpp
[24.574s] -- Installing: /home/devpc/Desktop/microros_ws/install/action_msgs/include/action_msgs/msg/detail/goal_info__rosidl_typesupport_microxrcedds_cpp.hpp
[24.575s] -- Up-to-date: /home/devpc/Desktop/microros_ws/install/action_msgs/include/action_msgs/msg/detail/microxrcedds
[24.575s] -- Installing: /home/devpc/Desktop/microros_ws/install/action_msgs/include/action_msgs/msg/detail/microxrcedds/goal_status_array__type_support_cpp.cpp
[24.575s] -- Installing: /home/devpc/Desktop/microros_ws/install/action_msgs/include/action_msgs/msg/detail/microxrcedds/goal_status__type_support_cpp.cpp
[24.575s] -- Installing: /home/devpc/Desktop/microros_ws/install/action_msgs/include/action_msgs/msg/detail/microxrcedds/goal_info__type_support_cpp.cpp
[24.575s] -- Installing: /home/devpc/Desktop/microros_ws/install/action_msgs/include/action_msgs/msg/rosidl_typesupport_microxrcedds_cpp__visibility_control.h
[24.575s] -- Up-to-date: /home/devpc/Desktop/microros_ws/install/action_msgs/include/action_msgs/srv
[24.576s] -- Up-to-date: /home/devpc/Desktop/microros_ws/install/action_msgs/include/action_msgs/srv/detail
[24.576s] -- Installing: /home/devpc/Desktop/microros_ws/install/action_msgs/include/action_msgs/srv/detail/cancel_goal__rosidl_typesupport_microxrcedds_cpp.hpp
[24.576s] -- Up-to-date: /home/devpc/Desktop/microros_ws/install/action_msgs/include/action_msgs/srv/detail/microxrcedds
[24.576s] -- Installing: /home/devpc/Desktop/microros_ws/install/action_msgs/include/action_msgs/srv/detail/microxrcedds/cancel_goal__type_support_cpp.cpp
[24.576s] -- Installing: /home/devpc/Desktop/microros_ws/install/action_msgs/lib/libaction_msgs__rosidl_typesupport_microxrcedds_cpp.so
[24.577s] -- Set runtime path of "/home/devpc/Desktop/microros_ws/install/action_msgs/lib/libaction_msgs__rosidl_typesupport_microxrcedds_cpp.so" to ""
[24.577s] -- Up-to-date: /home/devpc/Desktop/microros_ws/install/action_msgs/include/action_msgs
[24.577s] -- Up-to-date: /home/devpc/Desktop/microros_ws/install/action_msgs/include/action_msgs/msg
[24.577s] -- Up-to-date: /home/devpc/Desktop/microros_ws/install/action_msgs/include/action_msgs/msg/detail
[24.577s] -- Installing: /home/devpc/Desktop/microros_ws/install/action_msgs/include/action_msgs/msg/detail/goal_status__type_support.cpp
[24.577s] -- Installing: /home/devpc/Desktop/microros_ws/install/action_msgs/include/action_msgs/msg/detail/goal_info__type_support.cpp
[24.577s] -- Installing: /home/devpc/Desktop/microros_ws/install/action_msgs/include/action_msgs/msg/detail/goal_info__rosidl_typesupport_introspection_cpp.hpp
[24.577s] -- Installing: /home/devpc/Desktop/microros_ws/install/action_msgs/include/action_msgs/msg/detail/goal_status__rosidl_typesupport_introspection_cpp.hpp
[24.578s] -- Installing: /home/devpc/Desktop/microros_ws/install/action_msgs/include/action_msgs/msg/detail/goal_status_array__type_support.cpp
[24.578s] -- Installing: /home/devpc/Desktop/microros_ws/install/action_msgs/include/action_msgs/msg/detail/goal_status_array__rosidl_typesupport_introspection_cpp.hpp
[24.578s] -- Up-to-date: /home/devpc/Desktop/microros_ws/install/action_msgs/include/action_msgs/srv
[24.578s] -- Up-to-date: /home/devpc/Desktop/microros_ws/install/action_msgs/include/action_msgs/srv/detail
[24.578s] -- Installing: /home/devpc/Desktop/microros_ws/install/action_msgs/include/action_msgs/srv/detail/cancel_goal__rosidl_typesupport_introspection_cpp.hpp
[24.578s] -- Installing: /home/devpc/Desktop/microros_ws/install/action_msgs/include/action_msgs/srv/detail/cancel_goal__type_support.cpp
[24.578s] -- Installing: /home/devpc/Desktop/microros_ws/install/action_msgs/lib/libaction_msgs__rosidl_typesupport_introspection_cpp.so
[24.578s] -- Set runtime path of "/home/devpc/Desktop/microros_ws/install/action_msgs/lib/libaction_msgs__rosidl_typesupport_introspection_cpp.so" to ""
[24.579s] -- Installing: /home/devpc/Desktop/microros_ws/install/action_msgs/lib/libaction_msgs__rosidl_typesupport_cpp.so
[24.579s] -- Set runtime path of "/home/devpc/Desktop/microros_ws/install/action_msgs/lib/libaction_msgs__rosidl_typesupport_cpp.so" to ""
[24.579s] -- Installing: /home/devpc/Desktop/microros_ws/install/action_msgs/share/action_msgs/environment/pythonpath.sh
[24.579s] -- Installing: /home/devpc/Desktop/microros_ws/install/action_msgs/share/action_msgs/environment/pythonpath.dsv
[24.579s] -- Installing: /home/devpc/Desktop/microros_ws/install/action_msgs/lib/python3.8/site-packages/action_msgs/__init__.py
[24.628s] Compiling '/home/devpc/Desktop/microros_ws/install/action_msgs/lib/python3.8/site-packages/action_msgs/__init__.py'...
[24.637s] -- Installing: /home/devpc/Desktop/microros_ws/install/action_msgs/lib/python3.8/site-packages/action_msgs/msg
[24.637s] -- Installing: /home/devpc/Desktop/microros_ws/install/action_msgs/lib/python3.8/site-packages/action_msgs/msg/_goal_status.py
[24.637s] -- Installing: /home/devpc/Desktop/microros_ws/install/action_msgs/lib/python3.8/site-packages/action_msgs/msg/_goal_status_s.c
[24.637s] -- Installing: /home/devpc/Desktop/microros_ws/install/action_msgs/lib/python3.8/site-packages/action_msgs/msg/__init__.py
[24.638s] -- Installing: /home/devpc/Desktop/microros_ws/install/action_msgs/lib/python3.8/site-packages/action_msgs/msg/_goal_status_array_s.c
[24.638s] -- Installing: /home/devpc/Desktop/microros_ws/install/action_msgs/lib/python3.8/site-packages/action_msgs/msg/_goal_info_s.c
[24.638s] -- Installing: /home/devpc/Desktop/microros_ws/install/action_msgs/lib/python3.8/site-packages/action_msgs/msg/_goal_info.py
[24.638s] -- Installing: /home/devpc/Desktop/microros_ws/install/action_msgs/lib/python3.8/site-packages/action_msgs/msg/_goal_status_array.py
[24.638s] -- Installing: /home/devpc/Desktop/microros_ws/install/action_msgs/lib/python3.8/site-packages/action_msgs/srv
[24.638s] -- Installing: /home/devpc/Desktop/microros_ws/install/action_msgs/lib/python3.8/site-packages/action_msgs/srv/_cancel_goal.py
[24.639s] -- Installing: /home/devpc/Desktop/microros_ws/install/action_msgs/lib/python3.8/site-packages/action_msgs/srv/__init__.py
[24.639s] -- Installing: /home/devpc/Desktop/microros_ws/install/action_msgs/lib/python3.8/site-packages/action_msgs/srv/_cancel_goal_s.c
[24.639s] -- Installing: /home/devpc/Desktop/microros_ws/install/action_msgs/lib/python3.8/site-packages/action_msgs/action_msgs_s__rosidl_typesupport_microxrcedds_c.cpython-38-x86_64-linux-gnu.so
[24.640s] -- Set runtime path of "/home/devpc/Desktop/microros_ws/install/action_msgs/lib/python3.8/site-packages/action_msgs/action_msgs_s__rosidl_typesupport_microxrcedds_c.cpython-38-x86_64-linux-gnu.so" to ""
[24.640s] -- Installing: /home/devpc/Desktop/microros_ws/install/action_msgs/lib/python3.8/site-packages/action_msgs/action_msgs_s__rosidl_typesupport_fastrtps_c.cpython-38-x86_64-linux-gnu.so
[24.641s] -- Set runtime path of "/home/devpc/Desktop/microros_ws/install/action_msgs/lib/python3.8/site-packages/action_msgs/action_msgs_s__rosidl_typesupport_fastrtps_c.cpython-38-x86_64-linux-gnu.so" to ""
[24.641s] -- Installing: /home/devpc/Desktop/microros_ws/install/action_msgs/lib/python3.8/site-packages/action_msgs/action_msgs_s__rosidl_typesupport_introspection_c.cpython-38-x86_64-linux-gnu.so
[24.642s] -- Set runtime path of "/home/devpc/Desktop/microros_ws/install/action_msgs/lib/python3.8/site-packages/action_msgs/action_msgs_s__rosidl_typesupport_introspection_c.cpython-38-x86_64-linux-gnu.so" to ""
[24.643s] -- Installing: /home/devpc/Desktop/microros_ws/install/action_msgs/lib/python3.8/site-packages/action_msgs/action_msgs_s__rosidl_typesupport_c.cpython-38-x86_64-linux-gnu.so
[24.643s] -- Set runtime path of "/home/devpc/Desktop/microros_ws/install/action_msgs/lib/python3.8/site-packages/action_msgs/action_msgs_s__rosidl_typesupport_c.cpython-38-x86_64-linux-gnu.so" to ""
[24.643s] -- Installing: /home/devpc/Desktop/microros_ws/install/action_msgs/lib/libaction_msgs__python.so
[24.644s] -- Set runtime path of "/home/devpc/Desktop/microros_ws/install/action_msgs/lib/libaction_msgs__python.so" to ""
[24.644s] -- Installing: /home/devpc/Desktop/microros_ws/install/action_msgs/share/action_msgs/msg/GoalInfo.idl
[24.645s] -- Installing: /home/devpc/Desktop/microros_ws/install/action_msgs/share/action_msgs/msg/GoalStatus.idl
[24.645s] -- Installing: /home/devpc/Desktop/microros_ws/install/action_msgs/share/action_msgs/msg/GoalStatusArray.idl
[24.645s] -- Installing: /home/devpc/Desktop/microros_ws/install/action_msgs/share/action_msgs/srv/CancelGoal.idl
[24.645s] -- Installing: /home/devpc/Desktop/microros_ws/install/action_msgs/share/action_msgs/msg/GoalInfo.msg
[24.645s] -- Installing: /home/devpc/Desktop/microros_ws/install/action_msgs/share/action_msgs/msg/GoalStatus.msg
[24.646s] -- Installing: /home/devpc/Desktop/microros_ws/install/action_msgs/share/action_msgs/msg/GoalStatusArray.msg
[24.646s] -- Installing: /home/devpc/Desktop/microros_ws/install/action_msgs/share/action_msgs/srv/CancelGoal.srv
[24.646s] -- Installing: /home/devpc/Desktop/microros_ws/install/action_msgs/share/action_msgs/srv/CancelGoal_Request.msg
[24.646s] -- Installing: /home/devpc/Desktop/microros_ws/install/action_msgs/share/action_msgs/srv/CancelGoal_Response.msg
[24.647s] -- Installing: /home/devpc/Desktop/microros_ws/install/action_msgs/share/ament_index/resource_index/package_run_dependencies/action_msgs
[24.647s] -- Installing: /home/devpc/Desktop/microros_ws/install/action_msgs/share/ament_index/resource_index/parent_prefix_path/action_msgs
[24.647s] -- Installing: /home/devpc/Desktop/microros_ws/install/action_msgs/share/action_msgs/environment/ament_prefix_path.sh
[24.647s] -- Installing: /home/devpc/Desktop/microros_ws/install/action_msgs/share/action_msgs/environment/ament_prefix_path.dsv
[24.647s] -- Installing: /home/devpc/Desktop/microros_ws/install/action_msgs/share/action_msgs/environment/path.sh
[24.648s] -- Installing: /home/devpc/Desktop/microros_ws/install/action_msgs/share/action_msgs/environment/path.dsv
[24.648s] -- Installing: /home/devpc/Desktop/microros_ws/install/action_msgs/share/action_msgs/local_setup.bash
[24.648s] -- Installing: /home/devpc/Desktop/microros_ws/install/action_msgs/share/action_msgs/local_setup.sh
[24.648s] -- Installing: /home/devpc/Desktop/microros_ws/install/action_msgs/share/action_msgs/local_setup.zsh
[24.649s] -- Installing: /home/devpc/Desktop/microros_ws/install/action_msgs/share/action_msgs/local_setup.dsv
[24.649s] -- Installing: /home/devpc/Desktop/microros_ws/install/action_msgs/share/action_msgs/package.dsv
[24.649s] -- Installing: /home/devpc/Desktop/microros_ws/install/action_msgs/share/ament_index/resource_index/packages/action_msgs
[24.649s] -- Installing: /home/devpc/Desktop/microros_ws/install/action_msgs/share/action_msgs/cmake/action_msgs__rosidl_generator_cExport.cmake
[24.650s] -- Installing: /home/devpc/Desktop/microros_ws/install/action_msgs/share/action_msgs/cmake/action_msgs__rosidl_generator_cExport-noconfig.cmake
[24.650s] -- Installing: /home/devpc/Desktop/microros_ws/install/action_msgs/share/action_msgs/cmake/action_msgs__rosidl_typesupport_introspection_cExport.cmake
[24.650s] -- Installing: /home/devpc/Desktop/microros_ws/install/action_msgs/share/action_msgs/cmake/action_msgs__rosidl_typesupport_introspection_cExport-noconfig.cmake
[24.650s] -- Installing: /home/devpc/Desktop/microros_ws/install/action_msgs/share/action_msgs/cmake/action_msgs__rosidl_typesupport_cExport.cmake
[24.651s] -- Installing: /home/devpc/Desktop/microros_ws/install/action_msgs/share/action_msgs/cmake/action_msgs__rosidl_typesupport_cExport-noconfig.cmake
[24.651s] -- Installing: /home/devpc/Desktop/microros_ws/install/action_msgs/share/action_msgs/cmake/action_msgs__rosidl_generator_cppExport.cmake
[24.651s] -- Installing: /home/devpc/Desktop/microros_ws/install/action_msgs/share/action_msgs/cmake/action_msgs__rosidl_typesupport_introspection_cppExport.cmake
[24.651s] -- Installing: /home/devpc/Desktop/microros_ws/install/action_msgs/share/action_msgs/cmake/action_msgs__rosidl_typesupport_introspection_cppExport-noconfig.cmake
[24.652s] -- Installing: /home/devpc/Desktop/microros_ws/install/action_msgs/share/action_msgs/cmake/action_msgs__rosidl_typesupport_cppExport.cmake
[24.652s] -- Installing: /home/devpc/Desktop/microros_ws/install/action_msgs/share/action_msgs/cmake/action_msgs__rosidl_typesupport_cppExport-noconfig.cmake
[24.652s] -- Installing: /home/devpc/Desktop/microros_ws/install/action_msgs/share/action_msgs/cmake/rosidl_cmake-extras.cmake
[24.652s] -- Installing: /home/devpc/Desktop/microros_ws/install/action_msgs/share/action_msgs/cmake/ament_cmake_export_dependencies-extras.cmake
[24.653s] -- Installing: /home/devpc/Desktop/microros_ws/install/action_msgs/share/action_msgs/cmake/ament_cmake_export_libraries-extras.cmake
[24.653s] -- Installing: /home/devpc/Desktop/microros_ws/install/action_msgs/share/action_msgs/cmake/ament_cmake_export_targets-extras.cmake
[24.653s] -- Installing: /home/devpc/Desktop/microros_ws/install/action_msgs/share/action_msgs/cmake/ament_cmake_export_include_directories-extras.cmake
[24.653s] -- Installing: /home/devpc/Desktop/microros_ws/install/action_msgs/share/action_msgs/cmake/rosidl_cmake_export_typesupport_libraries-extras.cmake
[24.654s] -- Installing: /home/devpc/Desktop/microros_ws/install/action_msgs/share/action_msgs/cmake/rosidl_cmake_export_typesupport_targets-extras.cmake
[24.654s] -- Installing: /home/devpc/Desktop/microros_ws/install/action_msgs/share/action_msgs/cmake/action_msgsConfig.cmake
[24.654s] -- Installing: /home/devpc/Desktop/microros_ws/install/action_msgs/share/action_msgs/cmake/action_msgsConfig-version.cmake
[24.654s] -- Installing: /home/devpc/Desktop/microros_ws/install/action_msgs/share/action_msgs/package.xml
[24.672s] Invoked command in '/home/devpc/Desktop/microros_ws/build/action_msgs' returned '0': AMENT_PREFIX_PATH=/home/devpc/Desktop/microros_ws/install/unique_identifier_msgs:/home/devpc/Desktop/microros_ws/install/builtin_interfaces:${AMENT_PREFIX_PATH} CMAKE_PREFIX_PATH=/home/devpc/Desktop/microros_ws/install/unique_identifier_msgs:/home/devpc/Desktop/microros_ws/install/builtin_interfaces:/home/devpc/Desktop/microros_ws/install/rosidl_typesupport_microxrcedds_cpp:/home/devpc/Desktop/microros_ws/install/rosidl_typesupport_microxrcedds_c:/home/devpc/Desktop/microros_ws/install/microcdr:/home/devpc/Desktop/microros_ws/install/micro_ros_agent:/home/devpc/Desktop/microros_ws/install/microxrcedds_agent:/home/devpc/Desktop/microros_ws/install/micro_ros_setup:/home/devpc/Desktop/microros_ws/install/micro_ros_msgs:/home/devpc/Desktop/quad_ws/install/quad_interfaces:/home/devpc/Desktop/quad_ws/install/quad:/opt/ros/foxy LD_LIBRARY_PATH=/home/devpc/Desktop/microros_ws/install/unique_identifier_msgs/lib:/home/devpc/Desktop/microros_ws/install/builtin_interfaces/lib:${LD_LIBRARY_PATH} PYTHONPATH=/home/devpc/Desktop/microros_ws/install/unique_identifier_msgs/lib/python3.8/site-packages:/home/devpc/Desktop/microros_ws/install/builtin_interfaces/lib/python3.8/site-packages:${PYTHONPATH} /usr/bin/cmake --install /home/devpc/Desktop/microros_ws/build/action_msgs
