[  2%] Built target builtin_interfaces__cpp
[ 10%] Built target builtin_interfaces__rosidl_generator_c
[ 18%] Built target builtin_interfaces__rosidl_typesupport_introspection_cpp
[ 26%] Built target builtin_interfaces__rosidl_typesupport_cpp
[ 34%] Built target builtin_interfaces__rosidl_typesupport_microxrcedds_cpp
[ 42%] Built target builtin_interfaces__rosidl_typesupport_fastrtps_cpp
[ 51%] Built target builtin_interfaces__rosidl_typesupport_microxrcedds_c
[ 59%] Built target builtin_interfaces__rosidl_typesupport_c
[ 67%] Built target builtin_interfaces__rosidl_typesupport_introspection_c
[ 75%] Built target builtin_interfaces__rosidl_typesupport_fastrtps_c
[ 75%] Built target builtin_interfaces
[ 77%] Built target builtin_interfaces__py
[ 83%] Built target builtin_interfaces__python
[ 87%] Built target builtin_interfaces__rosidl_typesupport_introspection_c__pyext
[ 91%] Built target builtin_interfaces__rosidl_typesupport_fastrtps_c__pyext
[ 95%] Built target builtin_interfaces__rosidl_typesupport_c__pyext
[100%] Built target builtin_interfaces__rosidl_typesupport_microxrcedds_c__pyext
-- Install configuration: ""
-- Up-to-date: /home/devpc/Desktop/microros_ws/install/builtin_interfaces/share/ament_index/resource_index/rosidl_interfaces/builtin_interfaces
-- Up-to-date: /home/devpc/Desktop/microros_ws/install/builtin_interfaces/include/builtin_interfaces
-- Up-to-date: /home/devpc/Desktop/microros_ws/install/builtin_interfaces/include/builtin_interfaces/msg
-- Up-to-date: /home/devpc/Desktop/microros_ws/install/builtin_interfaces/include/builtin_interfaces/msg/detail
-- Up-to-date: /home/devpc/Desktop/microros_ws/install/builtin_interfaces/include/builtin_interfaces/msg/detail/duration__type_support.h
-- Up-to-date: /home/devpc/Desktop/microros_ws/install/builtin_interfaces/include/builtin_interfaces/msg/detail/time__type_support.h
-- Up-to-date: /home/devpc/Desktop/microros_ws/install/builtin_interfaces/include/builtin_interfaces/msg/detail/time__functions.h
-- Up-to-date: /home/devpc/Desktop/microros_ws/install/builtin_interfaces/include/builtin_interfaces/msg/detail/duration__functions.h
-- Up-to-date: /home/devpc/Desktop/microros_ws/install/builtin_interfaces/include/builtin_interfaces/msg/detail/time__struct.h
-- Up-to-date: /home/devpc/Desktop/microros_ws/install/builtin_interfaces/include/builtin_interfaces/msg/detail/time__functions.c
-- Up-to-date: /home/devpc/Desktop/microros_ws/install/builtin_interfaces/include/builtin_interfaces/msg/detail/duration__struct.h
-- Up-to-date: /home/devpc/Desktop/microros_ws/install/builtin_interfaces/include/builtin_interfaces/msg/detail/duration__functions.c
-- Up-to-date: /home/devpc/Desktop/microros_ws/install/builtin_interfaces/include/builtin_interfaces/msg/time.h
-- Up-to-date: /home/devpc/Desktop/microros_ws/install/builtin_interfaces/include/builtin_interfaces/msg/duration.h
-- Up-to-date: /home/devpc/Desktop/microros_ws/install/builtin_interfaces/include/builtin_interfaces/msg/rosidl_generator_c__visibility_control.h
-- Up-to-date: /home/devpc/Desktop/microros_ws/install/builtin_interfaces/share/builtin_interfaces/environment/library_path.sh
-- Up-to-date: /home/devpc/Desktop/microros_ws/install/builtin_interfaces/share/builtin_interfaces/environment/library_path.dsv
-- Up-to-date: /home/devpc/Desktop/microros_ws/install/builtin_interfaces/lib/libbuiltin_interfaces__rosidl_generator_c.so
-- Up-to-date: /home/devpc/Desktop/microros_ws/install/builtin_interfaces/include/builtin_interfaces
-- Up-to-date: /home/devpc/Desktop/microros_ws/install/builtin_interfaces/include/builtin_interfaces/msg
-- Up-to-date: /home/devpc/Desktop/microros_ws/install/builtin_interfaces/include/builtin_interfaces/msg/detail
-- Up-to-date: /home/devpc/Desktop/microros_ws/install/builtin_interfaces/include/builtin_interfaces/msg/detail/time__rosidl_typesupport_microxrcedds_c.h
-- Up-to-date: /home/devpc/Desktop/microros_ws/install/builtin_interfaces/include/builtin_interfaces/msg/detail/microxrcedds
-- Up-to-date: /home/devpc/Desktop/microros_ws/install/builtin_interfaces/include/builtin_interfaces/msg/detail/duration__rosidl_typesupport_microxrcedds_c.h
-- Up-to-date: /home/devpc/Desktop/microros_ws/install/builtin_interfaces/include/builtin_interfaces/msg/rosidl_typesupport_microxrcedds_c__visibility_control.h
-- Up-to-date: /home/devpc/Desktop/microros_ws/install/builtin_interfaces/lib/libbuiltin_interfaces__rosidl_typesupport_microxrcedds_c.so
-- Up-to-date: /home/devpc/Desktop/microros_ws/install/builtin_interfaces/include/builtin_interfaces
-- Up-to-date: /home/devpc/Desktop/microros_ws/install/builtin_interfaces/include/builtin_interfaces/msg
-- Up-to-date: /home/devpc/Desktop/microros_ws/install/builtin_interfaces/include/builtin_interfaces/msg/detail
-- Up-to-date: /home/devpc/Desktop/microros_ws/install/builtin_interfaces/include/builtin_interfaces/msg/detail/duration__rosidl_typesupport_fastrtps_c.h
-- Up-to-date: /home/devpc/Desktop/microros_ws/install/builtin_interfaces/include/builtin_interfaces/msg/detail/time__rosidl_typesupport_fastrtps_c.h
-- Up-to-date: /home/devpc/Desktop/microros_ws/install/builtin_interfaces/include/builtin_interfaces/msg/rosidl_typesupport_fastrtps_c__visibility_control.h
-- Up-to-date: /home/devpc/Desktop/microros_ws/install/builtin_interfaces/lib/libbuiltin_interfaces__rosidl_typesupport_fastrtps_c.so
-- Up-to-date: /home/devpc/Desktop/microros_ws/install/builtin_interfaces/include/builtin_interfaces
-- Up-to-date: /home/devpc/Desktop/microros_ws/install/builtin_interfaces/include/builtin_interfaces/msg
-- Up-to-date: /home/devpc/Desktop/microros_ws/install/builtin_interfaces/include/builtin_interfaces/msg/detail
-- Up-to-date: /home/devpc/Desktop/microros_ws/install/builtin_interfaces/include/builtin_interfaces/msg/detail/duration__rosidl_typesupport_fastrtps_cpp.hpp
-- Up-to-date: /home/devpc/Desktop/microros_ws/install/builtin_interfaces/include/builtin_interfaces/msg/detail/time__rosidl_typesupport_fastrtps_cpp.hpp
-- Up-to-date: /home/devpc/Desktop/microros_ws/install/builtin_interfaces/include/builtin_interfaces/msg/detail/dds_fastrtps
-- Up-to-date: /home/devpc/Desktop/microros_ws/install/builtin_interfaces/include/builtin_interfaces/msg/rosidl_typesupport_fastrtps_cpp__visibility_control.h
-- Up-to-date: /home/devpc/Desktop/microros_ws/install/builtin_interfaces/lib/libbuiltin_interfaces__rosidl_typesupport_fastrtps_cpp.so
-- Up-to-date: /home/devpc/Desktop/microros_ws/install/builtin_interfaces/include/builtin_interfaces
-- Up-to-date: /home/devpc/Desktop/microros_ws/install/builtin_interfaces/include/builtin_interfaces/msg
-- Up-to-date: /home/devpc/Desktop/microros_ws/install/builtin_interfaces/include/builtin_interfaces/msg/detail
-- Up-to-date: /home/devpc/Desktop/microros_ws/install/builtin_interfaces/include/builtin_interfaces/msg/detail/duration__type_support.c
-- Up-to-date: /home/devpc/Desktop/microros_ws/install/builtin_interfaces/include/builtin_interfaces/msg/detail/time__type_support.c
-- Up-to-date: /home/devpc/Desktop/microros_ws/install/builtin_interfaces/include/builtin_interfaces/msg/detail/time__rosidl_typesupport_introspection_c.h
-- Up-to-date: /home/devpc/Desktop/microros_ws/install/builtin_interfaces/include/builtin_interfaces/msg/detail/duration__rosidl_typesupport_introspection_c.h
-- Up-to-date: /home/devpc/Desktop/microros_ws/install/builtin_interfaces/include/builtin_interfaces/msg/rosidl_typesupport_introspection_c__visibility_control.h
-- Up-to-date: /home/devpc/Desktop/microros_ws/install/builtin_interfaces/lib/libbuiltin_interfaces__rosidl_typesupport_introspection_c.so
-- Up-to-date: /home/devpc/Desktop/microros_ws/install/builtin_interfaces/lib/libbuiltin_interfaces__rosidl_typesupport_c.so
-- Up-to-date: /home/devpc/Desktop/microros_ws/install/builtin_interfaces/include/builtin_interfaces
-- Up-to-date: /home/devpc/Desktop/microros_ws/install/builtin_interfaces/include/builtin_interfaces/msg
-- Up-to-date: /home/devpc/Desktop/microros_ws/install/builtin_interfaces/include/builtin_interfaces/msg/time.hpp
-- Up-to-date: /home/devpc/Desktop/microros_ws/install/builtin_interfaces/include/builtin_interfaces/msg/duration.hpp
-- Up-to-date: /home/devpc/Desktop/microros_ws/install/builtin_interfaces/include/builtin_interfaces/msg/detail
-- Up-to-date: /home/devpc/Desktop/microros_ws/install/builtin_interfaces/include/builtin_interfaces/msg/detail/time__traits.hpp
-- Up-to-date: /home/devpc/Desktop/microros_ws/install/builtin_interfaces/include/builtin_interfaces/msg/detail/time__struct.hpp
-- Up-to-date: /home/devpc/Desktop/microros_ws/install/builtin_interfaces/include/builtin_interfaces/msg/detail/duration__builder.hpp
-- Up-to-date: /home/devpc/Desktop/microros_ws/install/builtin_interfaces/include/builtin_interfaces/msg/detail/duration__traits.hpp
-- Up-to-date: /home/devpc/Desktop/microros_ws/install/builtin_interfaces/include/builtin_interfaces/msg/detail/duration__struct.hpp
-- Up-to-date: /home/devpc/Desktop/microros_ws/install/builtin_interfaces/include/builtin_interfaces/msg/detail/time__builder.hpp
-- Up-to-date: /home/devpc/Desktop/microros_ws/install/builtin_interfaces/include/builtin_interfaces
-- Up-to-date: /home/devpc/Desktop/microros_ws/install/builtin_interfaces/include/builtin_interfaces/msg
-- Up-to-date: /home/devpc/Desktop/microros_ws/install/builtin_interfaces/include/builtin_interfaces/msg/detail
-- Up-to-date: /home/devpc/Desktop/microros_ws/install/builtin_interfaces/include/builtin_interfaces/msg/detail/time__rosidl_typesupport_microxrcedds_cpp.hpp
-- Up-to-date: /home/devpc/Desktop/microros_ws/install/builtin_interfaces/include/builtin_interfaces/msg/detail/microxrcedds
-- Up-to-date: /home/devpc/Desktop/microros_ws/install/builtin_interfaces/include/builtin_interfaces/msg/detail/microxrcedds/time__type_support_cpp.cpp
-- Up-to-date: /home/devpc/Desktop/microros_ws/install/builtin_interfaces/include/builtin_interfaces/msg/detail/microxrcedds/duration__type_support_cpp.cpp
-- Up-to-date: /home/devpc/Desktop/microros_ws/install/builtin_interfaces/include/builtin_interfaces/msg/detail/duration__rosidl_typesupport_microxrcedds_cpp.hpp
-- Up-to-date: /home/devpc/Desktop/microros_ws/install/builtin_interfaces/include/builtin_interfaces/msg/rosidl_typesupport_microxrcedds_cpp__visibility_control.h
-- Up-to-date: /home/devpc/Desktop/microros_ws/install/builtin_interfaces/lib/libbuiltin_interfaces__rosidl_typesupport_microxrcedds_cpp.so
-- Up-to-date: /home/devpc/Desktop/microros_ws/install/builtin_interfaces/include/builtin_interfaces
-- Up-to-date: /home/devpc/Desktop/microros_ws/install/builtin_interfaces/include/builtin_interfaces/msg
-- Up-to-date: /home/devpc/Desktop/microros_ws/install/builtin_interfaces/include/builtin_interfaces/msg/detail
-- Up-to-date: /home/devpc/Desktop/microros_ws/install/builtin_interfaces/include/builtin_interfaces/msg/detail/duration__type_support.cpp
-- Up-to-date: /home/devpc/Desktop/microros_ws/install/builtin_interfaces/include/builtin_interfaces/msg/detail/time__rosidl_typesupport_introspection_cpp.hpp
-- Up-to-date: /home/devpc/Desktop/microros_ws/install/builtin_interfaces/include/builtin_interfaces/msg/detail/time__type_support.cpp
-- Up-to-date: /home/devpc/Desktop/microros_ws/install/builtin_interfaces/include/builtin_interfaces/msg/detail/duration__rosidl_typesupport_introspection_cpp.hpp
-- Up-to-date: /home/devpc/Desktop/microros_ws/install/builtin_interfaces/lib/libbuiltin_interfaces__rosidl_typesupport_introspection_cpp.so
-- Up-to-date: /home/devpc/Desktop/microros_ws/install/builtin_interfaces/lib/libbuiltin_interfaces__rosidl_typesupport_cpp.so
-- Up-to-date: /home/devpc/Desktop/microros_ws/install/builtin_interfaces/share/builtin_interfaces/environment/pythonpath.sh
-- Up-to-date: /home/devpc/Desktop/microros_ws/install/builtin_interfaces/share/builtin_interfaces/environment/pythonpath.dsv
-- Up-to-date: /home/devpc/Desktop/microros_ws/install/builtin_interfaces/lib/python3.8/site-packages/builtin_interfaces/__init__.py
-- Up-to-date: /home/devpc/Desktop/microros_ws/install/builtin_interfaces/lib/python3.8/site-packages/builtin_interfaces/msg
-- Up-to-date: /home/devpc/Desktop/microros_ws/install/builtin_interfaces/lib/python3.8/site-packages/builtin_interfaces/msg/_time_s.c
-- Up-to-date: /home/devpc/Desktop/microros_ws/install/builtin_interfaces/lib/python3.8/site-packages/builtin_interfaces/msg/__init__.py
-- Up-to-date: /home/devpc/Desktop/microros_ws/install/builtin_interfaces/lib/python3.8/site-packages/builtin_interfaces/msg/_duration.py
-- Up-to-date: /home/devpc/Desktop/microros_ws/install/builtin_interfaces/lib/python3.8/site-packages/builtin_interfaces/msg/_duration_s.c
-- Up-to-date: /home/devpc/Desktop/microros_ws/install/builtin_interfaces/lib/python3.8/site-packages/builtin_interfaces/msg/_time.py
-- Up-to-date: /home/devpc/Desktop/microros_ws/install/builtin_interfaces/lib/python3.8/site-packages/builtin_interfaces/builtin_interfaces_s__rosidl_typesupport_microxrcedds_c.cpython-38-x86_64-linux-gnu.so
-- Up-to-date: /home/devpc/Desktop/microros_ws/install/builtin_interfaces/lib/python3.8/site-packages/builtin_interfaces/builtin_interfaces_s__rosidl_typesupport_fastrtps_c.cpython-38-x86_64-linux-gnu.so
-- Up-to-date: /home/devpc/Desktop/microros_ws/install/builtin_interfaces/lib/python3.8/site-packages/builtin_interfaces/builtin_interfaces_s__rosidl_typesupport_introspection_c.cpython-38-x86_64-linux-gnu.so
-- Up-to-date: /home/devpc/Desktop/microros_ws/install/builtin_interfaces/lib/python3.8/site-packages/builtin_interfaces/builtin_interfaces_s__rosidl_typesupport_c.cpython-38-x86_64-linux-gnu.so
-- Up-to-date: /home/devpc/Desktop/microros_ws/install/builtin_interfaces/lib/libbuiltin_interfaces__python.so
-- Up-to-date: /home/devpc/Desktop/microros_ws/install/builtin_interfaces/share/builtin_interfaces/msg/Duration.idl
-- Up-to-date: /home/devpc/Desktop/microros_ws/install/builtin_interfaces/share/builtin_interfaces/msg/Time.idl
-- Up-to-date: /home/devpc/Desktop/microros_ws/install/builtin_interfaces/share/builtin_interfaces/msg/Duration.msg
-- Up-to-date: /home/devpc/Desktop/microros_ws/install/builtin_interfaces/share/builtin_interfaces/msg/Time.msg
-- Up-to-date: /home/devpc/Desktop/microros_ws/install/builtin_interfaces/share/ament_index/resource_index/package_run_dependencies/builtin_interfaces
-- Up-to-date: /home/devpc/Desktop/microros_ws/install/builtin_interfaces/share/ament_index/resource_index/parent_prefix_path/builtin_interfaces
-- Up-to-date: /home/devpc/Desktop/microros_ws/install/builtin_interfaces/share/builtin_interfaces/environment/ament_prefix_path.sh
-- Up-to-date: /home/devpc/Desktop/microros_ws/install/builtin_interfaces/share/builtin_interfaces/environment/ament_prefix_path.dsv
-- Up-to-date: /home/devpc/Desktop/microros_ws/install/builtin_interfaces/share/builtin_interfaces/environment/path.sh
-- Up-to-date: /home/devpc/Desktop/microros_ws/install/builtin_interfaces/share/builtin_interfaces/environment/path.dsv
-- Up-to-date: /home/devpc/Desktop/microros_ws/install/builtin_interfaces/share/builtin_interfaces/local_setup.bash
-- Up-to-date: /home/devpc/Desktop/microros_ws/install/builtin_interfaces/share/builtin_interfaces/local_setup.sh
-- Up-to-date: /home/devpc/Desktop/microros_ws/install/builtin_interfaces/share/builtin_interfaces/local_setup.zsh
-- Up-to-date: /home/devpc/Desktop/microros_ws/install/builtin_interfaces/share/builtin_interfaces/local_setup.dsv
-- Installing: /home/devpc/Desktop/microros_ws/install/builtin_interfaces/share/builtin_interfaces/package.dsv
-- Up-to-date: /home/devpc/Desktop/microros_ws/install/builtin_interfaces/share/ament_index/resource_index/packages/builtin_interfaces
-- Up-to-date: /home/devpc/Desktop/microros_ws/install/builtin_interfaces/share/builtin_interfaces/cmake/builtin_interfaces__rosidl_generator_cExport.cmake
-- Up-to-date: /home/devpc/Desktop/microros_ws/install/builtin_interfaces/share/builtin_interfaces/cmake/builtin_interfaces__rosidl_generator_cExport-noconfig.cmake
-- Up-to-date: /home/devpc/Desktop/microros_ws/install/builtin_interfaces/share/builtin_interfaces/cmake/builtin_interfaces__rosidl_typesupport_introspection_cExport.cmake
-- Up-to-date: /home/devpc/Desktop/microros_ws/install/builtin_interfaces/share/builtin_interfaces/cmake/builtin_interfaces__rosidl_typesupport_introspection_cExport-noconfig.cmake
-- Up-to-date: /home/devpc/Desktop/microros_ws/install/builtin_interfaces/share/builtin_interfaces/cmake/builtin_interfaces__rosidl_typesupport_cExport.cmake
-- Up-to-date: /home/devpc/Desktop/microros_ws/install/builtin_interfaces/share/builtin_interfaces/cmake/builtin_interfaces__rosidl_typesupport_cExport-noconfig.cmake
-- Up-to-date: /home/devpc/Desktop/microros_ws/install/builtin_interfaces/share/builtin_interfaces/cmake/builtin_interfaces__rosidl_generator_cppExport.cmake
-- Up-to-date: /home/devpc/Desktop/microros_ws/install/builtin_interfaces/share/builtin_interfaces/cmake/builtin_interfaces__rosidl_typesupport_introspection_cppExport.cmake
-- Up-to-date: /home/devpc/Desktop/microros_ws/install/builtin_interfaces/share/builtin_interfaces/cmake/builtin_interfaces__rosidl_typesupport_introspection_cppExport-noconfig.cmake
-- Up-to-date: /home/devpc/Desktop/microros_ws/install/builtin_interfaces/share/builtin_interfaces/cmake/builtin_interfaces__rosidl_typesupport_cppExport.cmake
-- Up-to-date: /home/devpc/Desktop/microros_ws/install/builtin_interfaces/share/builtin_interfaces/cmake/builtin_interfaces__rosidl_typesupport_cppExport-noconfig.cmake
-- Up-to-date: /home/devpc/Desktop/microros_ws/install/builtin_interfaces/share/builtin_interfaces/cmake/rosidl_cmake-extras.cmake
-- Up-to-date: /home/devpc/Desktop/microros_ws/install/builtin_interfaces/share/builtin_interfaces/cmake/ament_cmake_export_dependencies-extras.cmake
-- Up-to-date: /home/devpc/Desktop/microros_ws/install/builtin_interfaces/share/builtin_interfaces/cmake/ament_cmake_export_libraries-extras.cmake
-- Up-to-date: /home/devpc/Desktop/microros_ws/install/builtin_interfaces/share/builtin_interfaces/cmake/ament_cmake_export_targets-extras.cmake
-- Up-to-date: /home/devpc/Desktop/microros_ws/install/builtin_interfaces/share/builtin_interfaces/cmake/ament_cmake_export_include_directories-extras.cmake
-- Up-to-date: /home/devpc/Desktop/microros_ws/install/builtin_interfaces/share/builtin_interfaces/cmake/rosidl_cmake_export_typesupport_libraries-extras.cmake
-- Up-to-date: /home/devpc/Desktop/microros_ws/install/builtin_interfaces/share/builtin_interfaces/cmake/rosidl_cmake_export_typesupport_targets-extras.cmake
-- Up-to-date: /home/devpc/Desktop/microros_ws/install/builtin_interfaces/share/builtin_interfaces/cmake/builtin_interfacesConfig.cmake
-- Up-to-date: /home/devpc/Desktop/microros_ws/install/builtin_interfaces/share/builtin_interfaces/cmake/builtin_interfacesConfig-version.cmake
-- Up-to-date: /home/devpc/Desktop/microros_ws/install/builtin_interfaces/share/builtin_interfaces/package.xml
