[0.081s] Invoking command in '/home/devpc/Desktop/microros_ws/build/builtin_interfaces': CMAKE_PREFIX_PATH=${CMAKE_PREFIX_PATH}:/home/devpc/Desktop/microros_ws/install/sensor_msgs_py:/home/devpc/Desktop/quad_ws/install/quad:/opt/ros/foxy /usr/bin/cmake --build /home/devpc/Desktop/microros_ws/build/builtin_interfaces -- -j8 -l8
[0.200s] [  2%] Built target builtin_interfaces__cpp
[0.213s] [ 10%] Built target builtin_interfaces__rosidl_generator_c
[0.300s] [ 18%] Built target builtin_interfaces__rosidl_typesupport_introspection_cpp
[0.314s] [ 26%] Built target builtin_interfaces__rosidl_typesupport_cpp
[0.368s] [ 34%] Built target builtin_interfaces__rosidl_typesupport_microxrcedds_cpp
[0.375s] [ 42%] Built target builtin_interfaces__rosidl_typesupport_fastrtps_cpp
[0.396s] [ 51%] Built target builtin_interfaces__rosidl_typesupport_microxrcedds_c
[0.424s] [ 59%] Built target builtin_interfaces__rosidl_typesupport_c
[0.440s] [ 67%] Built target builtin_interfaces__rosidl_typesupport_introspection_c
[0.460s] [ 75%] Built target builtin_interfaces__rosidl_typesupport_fastrtps_c
[0.499s] [ 75%] Built target builtin_interfaces
[0.577s] [ 77%] Built target builtin_interfaces__py
[0.587s] [ 83%] Built target builtin_interfaces__python
[0.688s] [ 87%] Built target builtin_interfaces__rosidl_typesupport_introspection_c__pyext
[0.693s] [ 91%] Built target builtin_interfaces__rosidl_typesupport_fastrtps_c__pyext
[0.713s] [ 95%] Built target builtin_interfaces__rosidl_typesupport_c__pyext
[0.717s] [100%] Built target builtin_interfaces__rosidl_typesupport_microxrcedds_c__pyext
[0.772s] Invoked command in '/home/devpc/Desktop/microros_ws/build/builtin_interfaces' returned '0': CMAKE_PREFIX_PATH=${CMAKE_PREFIX_PATH}:/home/devpc/Desktop/microros_ws/install/sensor_msgs_py:/home/devpc/Desktop/quad_ws/install/quad:/opt/ros/foxy /usr/bin/cmake --build /home/devpc/Desktop/microros_ws/build/builtin_interfaces -- -j8 -l8
[0.976s] Invoking command in '/home/devpc/Desktop/microros_ws/build/builtin_interfaces': CMAKE_PREFIX_PATH=${CMAKE_PREFIX_PATH}:/home/devpc/Desktop/microros_ws/install/sensor_msgs_py:/home/devpc/Desktop/quad_ws/install/quad:/opt/ros/foxy /usr/bin/cmake --install /home/devpc/Desktop/microros_ws/build/builtin_interfaces
[1.015s] -- Install configuration: ""
[1.015s] -- Up-to-date: /home/devpc/Desktop/microros_ws/install/builtin_interfaces/share/ament_index/resource_index/rosidl_interfaces/builtin_interfaces
[1.016s] -- Up-to-date: /home/devpc/Desktop/microros_ws/install/builtin_interfaces/include/builtin_interfaces
[1.016s] -- Up-to-date: /home/devpc/Desktop/microros_ws/install/builtin_interfaces/include/builtin_interfaces/msg
[1.016s] -- Up-to-date: /home/devpc/Desktop/microros_ws/install/builtin_interfaces/include/builtin_interfaces/msg/detail
[1.017s] -- Up-to-date: /home/devpc/Desktop/microros_ws/install/builtin_interfaces/include/builtin_interfaces/msg/detail/duration__type_support.h
[1.017s] -- Up-to-date: /home/devpc/Desktop/microros_ws/install/builtin_interfaces/include/builtin_interfaces/msg/detail/time__type_support.h
[1.017s] -- Up-to-date: /home/devpc/Desktop/microros_ws/install/builtin_interfaces/include/builtin_interfaces/msg/detail/time__functions.h
[1.017s] -- Up-to-date: /home/devpc/Desktop/microros_ws/install/builtin_interfaces/include/builtin_interfaces/msg/detail/duration__functions.h
[1.017s] -- Up-to-date: /home/devpc/Desktop/microros_ws/install/builtin_interfaces/include/builtin_interfaces/msg/detail/time__struct.h
[1.018s] -- Up-to-date: /home/devpc/Desktop/microros_ws/install/builtin_interfaces/include/builtin_interfaces/msg/detail/time__functions.c
[1.018s] -- Up-to-date: /home/devpc/Desktop/microros_ws/install/builtin_interfaces/include/builtin_interfaces/msg/detail/duration__struct.h
[1.018s] -- Up-to-date: /home/devpc/Desktop/microros_ws/install/builtin_interfaces/include/builtin_interfaces/msg/detail/duration__functions.c
[1.020s] -- Up-to-date: /home/devpc/Desktop/microros_ws/install/builtin_interfaces/include/builtin_interfaces/msg/time.h
[1.020s] -- Up-to-date: /home/devpc/Desktop/microros_ws/install/builtin_interfaces/include/builtin_interfaces/msg/duration.h
[1.020s] -- Up-to-date: /home/devpc/Desktop/microros_ws/install/builtin_interfaces/include/builtin_interfaces/msg/rosidl_generator_c__visibility_control.h
[1.021s] -- Up-to-date: /home/devpc/Desktop/microros_ws/install/builtin_interfaces/share/builtin_interfaces/environment/library_path.sh
[1.021s] -- Up-to-date: /home/devpc/Desktop/microros_ws/install/builtin_interfaces/share/builtin_interfaces/environment/library_path.dsv
[1.021s] -- Up-to-date: /home/devpc/Desktop/microros_ws/install/builtin_interfaces/lib/libbuiltin_interfaces__rosidl_generator_c.so
[1.022s] -- Up-to-date: /home/devpc/Desktop/microros_ws/install/builtin_interfaces/include/builtin_interfaces
[1.022s] -- Up-to-date: /home/devpc/Desktop/microros_ws/install/builtin_interfaces/include/builtin_interfaces/msg
[1.022s] -- Up-to-date: /home/devpc/Desktop/microros_ws/install/builtin_interfaces/include/builtin_interfaces/msg/detail
[1.023s] -- Up-to-date: /home/devpc/Desktop/microros_ws/install/builtin_interfaces/include/builtin_interfaces/msg/detail/time__rosidl_typesupport_microxrcedds_c.h
[1.023s] -- Up-to-date: /home/devpc/Desktop/microros_ws/install/builtin_interfaces/include/builtin_interfaces/msg/detail/microxrcedds
[1.025s] -- Up-to-date: /home/devpc/Desktop/microros_ws/install/builtin_interfaces/include/builtin_interfaces/msg/detail/duration__rosidl_typesupport_microxrcedds_c.h
[1.025s] -- Up-to-date: /home/devpc/Desktop/microros_ws/install/builtin_interfaces/include/builtin_interfaces/msg/rosidl_typesupport_microxrcedds_c__visibility_control.h
[1.025s] -- Up-to-date: /home/devpc/Desktop/microros_ws/install/builtin_interfaces/lib/libbuiltin_interfaces__rosidl_typesupport_microxrcedds_c.so
[1.026s] -- Up-to-date: /home/devpc/Desktop/microros_ws/install/builtin_interfaces/include/builtin_interfaces
[1.026s] -- Up-to-date: /home/devpc/Desktop/microros_ws/install/builtin_interfaces/include/builtin_interfaces/msg
[1.026s] -- Up-to-date: /home/devpc/Desktop/microros_ws/install/builtin_interfaces/include/builtin_interfaces/msg/detail
[1.027s] -- Up-to-date: /home/devpc/Desktop/microros_ws/install/builtin_interfaces/include/builtin_interfaces/msg/detail/duration__rosidl_typesupport_fastrtps_c.h
[1.027s] -- Up-to-date: /home/devpc/Desktop/microros_ws/install/builtin_interfaces/include/builtin_interfaces/msg/detail/time__rosidl_typesupport_fastrtps_c.h
[1.027s] -- Up-to-date: /home/devpc/Desktop/microros_ws/install/builtin_interfaces/include/builtin_interfaces/msg/rosidl_typesupport_fastrtps_c__visibility_control.h
[1.037s] -- Up-to-date: /home/devpc/Desktop/microros_ws/install/builtin_interfaces/lib/libbuiltin_interfaces__rosidl_typesupport_fastrtps_c.so
[1.038s] -- Up-to-date: /home/devpc/Desktop/microros_ws/install/builtin_interfaces/include/builtin_interfaces
[1.039s] -- Up-to-date: /home/devpc/Desktop/microros_ws/install/builtin_interfaces/include/builtin_interfaces/msg
[1.040s] -- Up-to-date: /home/devpc/Desktop/microros_ws/install/builtin_interfaces/include/builtin_interfaces/msg/detail
[1.042s] -- Up-to-date: /home/devpc/Desktop/microros_ws/install/builtin_interfaces/include/builtin_interfaces/msg/detail/duration__rosidl_typesupport_fastrtps_cpp.hpp
[1.042s] -- Up-to-date: /home/devpc/Desktop/microros_ws/install/builtin_interfaces/include/builtin_interfaces/msg/detail/time__rosidl_typesupport_fastrtps_cpp.hpp
[1.043s] -- Up-to-date: /home/devpc/Desktop/microros_ws/install/builtin_interfaces/include/builtin_interfaces/msg/detail/dds_fastrtps
[1.045s] -- Up-to-date: /home/devpc/Desktop/microros_ws/install/builtin_interfaces/include/builtin_interfaces/msg/rosidl_typesupport_fastrtps_cpp__visibility_control.h
[1.045s] -- Up-to-date: /home/devpc/Desktop/microros_ws/install/builtin_interfaces/lib/libbuiltin_interfaces__rosidl_typesupport_fastrtps_cpp.so
[1.045s] -- Up-to-date: /home/devpc/Desktop/microros_ws/install/builtin_interfaces/include/builtin_interfaces
[1.045s] -- Up-to-date: /home/devpc/Desktop/microros_ws/install/builtin_interfaces/include/builtin_interfaces/msg
[1.045s] -- Up-to-date: /home/devpc/Desktop/microros_ws/install/builtin_interfaces/include/builtin_interfaces/msg/detail
[1.045s] -- Up-to-date: /home/devpc/Desktop/microros_ws/install/builtin_interfaces/include/builtin_interfaces/msg/detail/duration__type_support.c
[1.045s] -- Up-to-date: /home/devpc/Desktop/microros_ws/install/builtin_interfaces/include/builtin_interfaces/msg/detail/time__type_support.c
[1.046s] -- Up-to-date: /home/devpc/Desktop/microros_ws/install/builtin_interfaces/include/builtin_interfaces/msg/detail/time__rosidl_typesupport_introspection_c.h
[1.046s] -- Up-to-date: /home/devpc/Desktop/microros_ws/install/builtin_interfaces/include/builtin_interfaces/msg/detail/duration__rosidl_typesupport_introspection_c.h
[1.046s] -- Up-to-date: /home/devpc/Desktop/microros_ws/install/builtin_interfaces/include/builtin_interfaces/msg/rosidl_typesupport_introspection_c__visibility_control.h
[1.052s] -- Up-to-date: /home/devpc/Desktop/microros_ws/install/builtin_interfaces/lib/libbuiltin_interfaces__rosidl_typesupport_introspection_c.so
[1.052s] -- Up-to-date: /home/devpc/Desktop/microros_ws/install/builtin_interfaces/lib/libbuiltin_interfaces__rosidl_typesupport_c.so
[1.053s] -- Up-to-date: /home/devpc/Desktop/microros_ws/install/builtin_interfaces/include/builtin_interfaces
[1.053s] -- Up-to-date: /home/devpc/Desktop/microros_ws/install/builtin_interfaces/include/builtin_interfaces/msg
[1.053s] -- Up-to-date: /home/devpc/Desktop/microros_ws/install/builtin_interfaces/include/builtin_interfaces/msg/time.hpp
[1.054s] -- Up-to-date: /home/devpc/Desktop/microros_ws/install/builtin_interfaces/include/builtin_interfaces/msg/duration.hpp
[1.054s] -- Up-to-date: /home/devpc/Desktop/microros_ws/install/builtin_interfaces/include/builtin_interfaces/msg/detail
[1.055s] -- Up-to-date: /home/devpc/Desktop/microros_ws/install/builtin_interfaces/include/builtin_interfaces/msg/detail/time__traits.hpp
[1.055s] -- Up-to-date: /home/devpc/Desktop/microros_ws/install/builtin_interfaces/include/builtin_interfaces/msg/detail/time__struct.hpp
[1.055s] -- Up-to-date: /home/devpc/Desktop/microros_ws/install/builtin_interfaces/include/builtin_interfaces/msg/detail/duration__builder.hpp
[1.055s] -- Up-to-date: /home/devpc/Desktop/microros_ws/install/builtin_interfaces/include/builtin_interfaces/msg/detail/duration__traits.hpp
[1.055s] -- Up-to-date: /home/devpc/Desktop/microros_ws/install/builtin_interfaces/include/builtin_interfaces/msg/detail/duration__struct.hpp
[1.055s] -- Up-to-date: /home/devpc/Desktop/microros_ws/install/builtin_interfaces/include/builtin_interfaces/msg/detail/time__builder.hpp
[1.055s] -- Up-to-date: /home/devpc/Desktop/microros_ws/install/builtin_interfaces/include/builtin_interfaces
[1.056s] -- Up-to-date: /home/devpc/Desktop/microros_ws/install/builtin_interfaces/include/builtin_interfaces/msg
[1.056s] -- Up-to-date: /home/devpc/Desktop/microros_ws/install/builtin_interfaces/include/builtin_interfaces/msg/detail
[1.056s] -- Up-to-date: /home/devpc/Desktop/microros_ws/install/builtin_interfaces/include/builtin_interfaces/msg/detail/time__rosidl_typesupport_microxrcedds_cpp.hpp
[1.056s] -- Up-to-date: /home/devpc/Desktop/microros_ws/install/builtin_interfaces/include/builtin_interfaces/msg/detail/microxrcedds
[1.056s] -- Up-to-date: /home/devpc/Desktop/microros_ws/install/builtin_interfaces/include/builtin_interfaces/msg/detail/microxrcedds/time__type_support_cpp.cpp
[1.056s] -- Up-to-date: /home/devpc/Desktop/microros_ws/install/builtin_interfaces/include/builtin_interfaces/msg/detail/microxrcedds/duration__type_support_cpp.cpp
[1.056s] -- Up-to-date: /home/devpc/Desktop/microros_ws/install/builtin_interfaces/include/builtin_interfaces/msg/detail/duration__rosidl_typesupport_microxrcedds_cpp.hpp
[1.056s] -- Up-to-date: /home/devpc/Desktop/microros_ws/install/builtin_interfaces/include/builtin_interfaces/msg/rosidl_typesupport_microxrcedds_cpp__visibility_control.h
[1.057s] -- Up-to-date: /home/devpc/Desktop/microros_ws/install/builtin_interfaces/lib/libbuiltin_interfaces__rosidl_typesupport_microxrcedds_cpp.so
[1.057s] -- Up-to-date: /home/devpc/Desktop/microros_ws/install/builtin_interfaces/include/builtin_interfaces
[1.057s] -- Up-to-date: /home/devpc/Desktop/microros_ws/install/builtin_interfaces/include/builtin_interfaces/msg
[1.057s] -- Up-to-date: /home/devpc/Desktop/microros_ws/install/builtin_interfaces/include/builtin_interfaces/msg/detail
[1.057s] -- Up-to-date: /home/devpc/Desktop/microros_ws/install/builtin_interfaces/include/builtin_interfaces/msg/detail/duration__type_support.cpp
[1.058s] -- Up-to-date: /home/devpc/Desktop/microros_ws/install/builtin_interfaces/include/builtin_interfaces/msg/detail/time__rosidl_typesupport_introspection_cpp.hpp
[1.058s] -- Up-to-date: /home/devpc/Desktop/microros_ws/install/builtin_interfaces/include/builtin_interfaces/msg/detail/time__type_support.cpp
[1.058s] -- Up-to-date: /home/devpc/Desktop/microros_ws/install/builtin_interfaces/include/builtin_interfaces/msg/detail/duration__rosidl_typesupport_introspection_cpp.hpp
[1.085s] -- Up-to-date: /home/devpc/Desktop/microros_ws/install/builtin_interfaces/lib/libbuiltin_interfaces__rosidl_typesupport_introspection_cpp.so
[1.086s] -- Up-to-date: /home/devpc/Desktop/microros_ws/install/builtin_interfaces/lib/libbuiltin_interfaces__rosidl_typesupport_cpp.so
[1.086s] -- Up-to-date: /home/devpc/Desktop/microros_ws/install/builtin_interfaces/share/builtin_interfaces/environment/pythonpath.sh
[1.086s] -- Up-to-date: /home/devpc/Desktop/microros_ws/install/builtin_interfaces/share/builtin_interfaces/environment/pythonpath.dsv
[1.086s] -- Up-to-date: /home/devpc/Desktop/microros_ws/install/builtin_interfaces/lib/python3.8/site-packages/builtin_interfaces/__init__.py
[1.125s] -- Up-to-date: /home/devpc/Desktop/microros_ws/install/builtin_interfaces/lib/python3.8/site-packages/builtin_interfaces/msg
[1.125s] -- Up-to-date: /home/devpc/Desktop/microros_ws/install/builtin_interfaces/lib/python3.8/site-packages/builtin_interfaces/msg/_time_s.c
[1.126s] -- Up-to-date: /home/devpc/Desktop/microros_ws/install/builtin_interfaces/lib/python3.8/site-packages/builtin_interfaces/msg/__init__.py
[1.126s] -- Up-to-date: /home/devpc/Desktop/microros_ws/install/builtin_interfaces/lib/python3.8/site-packages/builtin_interfaces/msg/_duration.py
[1.127s] -- Up-to-date: /home/devpc/Desktop/microros_ws/install/builtin_interfaces/lib/python3.8/site-packages/builtin_interfaces/msg/_duration_s.c
[1.127s] -- Up-to-date: /home/devpc/Desktop/microros_ws/install/builtin_interfaces/lib/python3.8/site-packages/builtin_interfaces/msg/_time.py
[1.128s] -- Up-to-date: /home/devpc/Desktop/microros_ws/install/builtin_interfaces/lib/python3.8/site-packages/builtin_interfaces/builtin_interfaces_s__rosidl_typesupport_microxrcedds_c.cpython-38-x86_64-linux-gnu.so
[1.128s] -- Up-to-date: /home/devpc/Desktop/microros_ws/install/builtin_interfaces/lib/python3.8/site-packages/builtin_interfaces/builtin_interfaces_s__rosidl_typesupport_fastrtps_c.cpython-38-x86_64-linux-gnu.so
[1.142s] -- Up-to-date: /home/devpc/Desktop/microros_ws/install/builtin_interfaces/lib/python3.8/site-packages/builtin_interfaces/builtin_interfaces_s__rosidl_typesupport_introspection_c.cpython-38-x86_64-linux-gnu.so
[1.142s] -- Up-to-date: /home/devpc/Desktop/microros_ws/install/builtin_interfaces/lib/python3.8/site-packages/builtin_interfaces/builtin_interfaces_s__rosidl_typesupport_c.cpython-38-x86_64-linux-gnu.so
[1.143s] -- Up-to-date: /home/devpc/Desktop/microros_ws/install/builtin_interfaces/lib/libbuiltin_interfaces__python.so
[1.143s] -- Up-to-date: /home/devpc/Desktop/microros_ws/install/builtin_interfaces/share/builtin_interfaces/msg/Duration.idl
[1.143s] -- Up-to-date: /home/devpc/Desktop/microros_ws/install/builtin_interfaces/share/builtin_interfaces/msg/Time.idl
[1.143s] -- Up-to-date: /home/devpc/Desktop/microros_ws/install/builtin_interfaces/share/builtin_interfaces/msg/Duration.msg
[1.144s] -- Up-to-date: /home/devpc/Desktop/microros_ws/install/builtin_interfaces/share/builtin_interfaces/msg/Time.msg
[1.144s] -- Up-to-date: /home/devpc/Desktop/microros_ws/install/builtin_interfaces/share/ament_index/resource_index/package_run_dependencies/builtin_interfaces
[1.144s] -- Up-to-date: /home/devpc/Desktop/microros_ws/install/builtin_interfaces/share/ament_index/resource_index/parent_prefix_path/builtin_interfaces
[1.144s] -- Up-to-date: /home/devpc/Desktop/microros_ws/install/builtin_interfaces/share/builtin_interfaces/environment/ament_prefix_path.sh
[1.144s] -- Up-to-date: /home/devpc/Desktop/microros_ws/install/builtin_interfaces/share/builtin_interfaces/environment/ament_prefix_path.dsv
[1.145s] -- Up-to-date: /home/devpc/Desktop/microros_ws/install/builtin_interfaces/share/builtin_interfaces/environment/path.sh
[1.145s] -- Up-to-date: /home/devpc/Desktop/microros_ws/install/builtin_interfaces/share/builtin_interfaces/environment/path.dsv
[1.145s] -- Up-to-date: /home/devpc/Desktop/microros_ws/install/builtin_interfaces/share/builtin_interfaces/local_setup.bash
[1.145s] -- Up-to-date: /home/devpc/Desktop/microros_ws/install/builtin_interfaces/share/builtin_interfaces/local_setup.sh
[1.145s] -- Up-to-date: /home/devpc/Desktop/microros_ws/install/builtin_interfaces/share/builtin_interfaces/local_setup.zsh
[1.145s] -- Up-to-date: /home/devpc/Desktop/microros_ws/install/builtin_interfaces/share/builtin_interfaces/local_setup.dsv
[1.146s] -- Installing: /home/devpc/Desktop/microros_ws/install/builtin_interfaces/share/builtin_interfaces/package.dsv
[1.146s] -- Up-to-date: /home/devpc/Desktop/microros_ws/install/builtin_interfaces/share/ament_index/resource_index/packages/builtin_interfaces
[1.146s] -- Up-to-date: /home/devpc/Desktop/microros_ws/install/builtin_interfaces/share/builtin_interfaces/cmake/builtin_interfaces__rosidl_generator_cExport.cmake
[1.146s] -- Up-to-date: /home/devpc/Desktop/microros_ws/install/builtin_interfaces/share/builtin_interfaces/cmake/builtin_interfaces__rosidl_generator_cExport-noconfig.cmake
[1.146s] -- Up-to-date: /home/devpc/Desktop/microros_ws/install/builtin_interfaces/share/builtin_interfaces/cmake/builtin_interfaces__rosidl_typesupport_introspection_cExport.cmake
[1.147s] -- Up-to-date: /home/devpc/Desktop/microros_ws/install/builtin_interfaces/share/builtin_interfaces/cmake/builtin_interfaces__rosidl_typesupport_introspection_cExport-noconfig.cmake
[1.149s] -- Up-to-date: /home/devpc/Desktop/microros_ws/install/builtin_interfaces/share/builtin_interfaces/cmake/builtin_interfaces__rosidl_typesupport_cExport.cmake
[1.149s] -- Up-to-date: /home/devpc/Desktop/microros_ws/install/builtin_interfaces/share/builtin_interfaces/cmake/builtin_interfaces__rosidl_typesupport_cExport-noconfig.cmake
[1.149s] -- Up-to-date: /home/devpc/Desktop/microros_ws/install/builtin_interfaces/share/builtin_interfaces/cmake/builtin_interfaces__rosidl_generator_cppExport.cmake
[1.150s] -- Up-to-date: /home/devpc/Desktop/microros_ws/install/builtin_interfaces/share/builtin_interfaces/cmake/builtin_interfaces__rosidl_typesupport_introspection_cppExport.cmake
[1.150s] -- Up-to-date: /home/devpc/Desktop/microros_ws/install/builtin_interfaces/share/builtin_interfaces/cmake/builtin_interfaces__rosidl_typesupport_introspection_cppExport-noconfig.cmake
[1.150s] -- Up-to-date: /home/devpc/Desktop/microros_ws/install/builtin_interfaces/share/builtin_interfaces/cmake/builtin_interfaces__rosidl_typesupport_cppExport.cmake
[1.152s] -- Up-to-date: /home/devpc/Desktop/microros_ws/install/builtin_interfaces/share/builtin_interfaces/cmake/builtin_interfaces__rosidl_typesupport_cppExport-noconfig.cmake
[1.153s] -- Up-to-date: /home/devpc/Desktop/microros_ws/install/builtin_interfaces/share/builtin_interfaces/cmake/rosidl_cmake-extras.cmake
[1.153s] -- Up-to-date: /home/devpc/Desktop/microros_ws/install/builtin_interfaces/share/builtin_interfaces/cmake/ament_cmake_export_dependencies-extras.cmake
[1.153s] -- Up-to-date: /home/devpc/Desktop/microros_ws/install/builtin_interfaces/share/builtin_interfaces/cmake/ament_cmake_export_libraries-extras.cmake
[1.153s] -- Up-to-date: /home/devpc/Desktop/microros_ws/install/builtin_interfaces/share/builtin_interfaces/cmake/ament_cmake_export_targets-extras.cmake
[1.154s] -- Up-to-date: /home/devpc/Desktop/microros_ws/install/builtin_interfaces/share/builtin_interfaces/cmake/ament_cmake_export_include_directories-extras.cmake
[1.154s] -- Up-to-date: /home/devpc/Desktop/microros_ws/install/builtin_interfaces/share/builtin_interfaces/cmake/rosidl_cmake_export_typesupport_libraries-extras.cmake
[1.154s] -- Up-to-date: /home/devpc/Desktop/microros_ws/install/builtin_interfaces/share/builtin_interfaces/cmake/rosidl_cmake_export_typesupport_targets-extras.cmake
[1.155s] -- Up-to-date: /home/devpc/Desktop/microros_ws/install/builtin_interfaces/share/builtin_interfaces/cmake/builtin_interfacesConfig.cmake
[1.155s] -- Up-to-date: /home/devpc/Desktop/microros_ws/install/builtin_interfaces/share/builtin_interfaces/cmake/builtin_interfacesConfig-version.cmake
[1.156s] -- Up-to-date: /home/devpc/Desktop/microros_ws/install/builtin_interfaces/share/builtin_interfaces/package.xml
[1.171s] Invoked command in '/home/devpc/Desktop/microros_ws/build/builtin_interfaces' returned '0': CMAKE_PREFIX_PATH=${CMAKE_PREFIX_PATH}:/home/devpc/Desktop/microros_ws/install/sensor_msgs_py:/home/devpc/Desktop/quad_ws/install/quad:/opt/ros/foxy /usr/bin/cmake --install /home/devpc/Desktop/microros_ws/build/builtin_interfaces
