[0.541s] Invoking command in '/home/devpc/Desktop/quad_ws/src/teleop': PYTHONPATH=/home/devpc/Desktop/quad_ws/install/teleop/lib/python3.8/site-packages:${PYTHONPATH} /usr/bin/python3 setup.py egg_info --egg-base ../../build/teleop build --build-base /home/devpc/Desktop/quad_ws/build/teleop/build install --prefix /home/devpc/Desktop/quad_ws/install/teleop --record /home/devpc/Desktop/quad_ws/build/teleop/install.log --single-version-externally-managed
[0.802s] running egg_info
[0.802s] writing ../../build/teleop/teleop.egg-info/PKG-INFO
[0.803s] writing dependency_links to ../../build/teleop/teleop.egg-info/dependency_links.txt
[0.803s] writing entry points to ../../build/teleop/teleop.egg-info/entry_points.txt
[0.803s] writing requirements to ../../build/teleop/teleop.egg-info/requires.txt
[0.803s] writing top-level names to ../../build/teleop/teleop.egg-info/top_level.txt
[0.849s] reading manifest file '../../build/teleop/teleop.egg-info/SOURCES.txt'
[0.850s] writing manifest file '../../build/teleop/teleop.egg-info/SOURCES.txt'
[0.850s] running build
[0.850s] running build_py
[0.850s] running install
[0.851s] running install_lib
[0.852s] running install_data
[0.853s] running install_egg_info
[0.854s] removing '/home/devpc/Desktop/quad_ws/install/teleop/lib/python3.8/site-packages/teleop-0.0.0-py3.8.egg-info' (and everything under it)
[0.854s] Copying ../../build/teleop/teleop.egg-info to /home/devpc/Desktop/quad_ws/install/teleop/lib/python3.8/site-packages/teleop-0.0.0-py3.8.egg-info
[0.856s] running install_scripts
[0.872s] Installing teleop script to /home/devpc/Desktop/quad_ws/install/teleop/lib/teleop
[0.872s] writing list of installed files to '/home/devpc/Desktop/quad_ws/build/teleop/install.log'
