[0.260s] Invoking command in '/home/devpc/Desktop/quad_ws/src/quad': PYTHONPATH=/home/devpc/Desktop/quad_ws/install/quad/lib/python3.8/site-packages:${PYTHONPATH} /usr/bin/python3 setup.py egg_info --egg-base ../../build/quad build --build-base /home/devpc/Desktop/quad_ws/build/quad/build install --prefix /home/devpc/Desktop/quad_ws/install/quad --record /home/devpc/Desktop/quad_ws/build/quad/install.log --single-version-externally-managed
[0.477s] running egg_info
[0.478s] writing ../../build/quad/quad.egg-info/PKG-INFO
[0.478s] writing dependency_links to ../../build/quad/quad.egg-info/dependency_links.txt
[0.478s] writing entry points to ../../build/quad/quad.egg-info/entry_points.txt
[0.478s] writing requirements to ../../build/quad/quad.egg-info/requires.txt
[0.478s] writing top-level names to ../../build/quad/quad.egg-info/top_level.txt
[0.536s] reading manifest file '../../build/quad/quad.egg-info/SOURCES.txt'
[0.538s] writing manifest file '../../build/quad/quad.egg-info/SOURCES.txt'
[0.538s] running build
[0.538s] running build_py
[0.538s] running install
[0.539s] running install_lib
[0.540s] running install_data
[0.541s] copying quad/src/kinematics.py -> /home/devpc/Desktop/quad_ws/install/quad/lib/quad/src
[0.542s] running install_egg_info
[0.543s] removing '/home/devpc/Desktop/quad_ws/install/quad/lib/python3.8/site-packages/quad-0.0.1-py3.8.egg-info' (and everything under it)
[0.543s] Copying ../../build/quad/quad.egg-info to /home/devpc/Desktop/quad_ws/install/quad/lib/python3.8/site-packages/quad-0.0.1-py3.8.egg-info
[0.544s] running install_scripts
[0.559s] Installing motion_servos_calibration script to /home/devpc/Desktop/quad_ws/install/quad/lib/quad
[0.559s] Installing quad script to /home/devpc/Desktop/quad_ws/install/quad/lib/quad
[0.560s] writing list of installed files to '/home/devpc/Desktop/quad_ws/build/quad/install.log'
[0.577s] Invoked command in '/home/devpc/Desktop/quad_ws/src/quad' returned '0': PYTHONPATH=/home/devpc/Desktop/quad_ws/install/quad/lib/python3.8/site-packages:${PYTHONPATH} /usr/bin/python3 setup.py egg_info --egg-base ../../build/quad build --build-base /home/devpc/Desktop/quad_ws/build/quad/build install --prefix /home/devpc/Desktop/quad_ws/install/quad --record /home/devpc/Desktop/quad_ws/build/quad/install.log --single-version-externally-managed
