[0.062s] Invoking command in '/home/devpc/Desktop/microros_ws/build/diagnostic_msgs': CMAKE_PREFIX_PATH=/home/devpc/Desktop/microros_ws/install/geometry_msgs:/home/devpc/Desktop/microros_ws/install/std_msgs:/home/devpc/Desktop/microros_ws/install/builtin_interfaces:/home/devpc/Desktop/microros_ws/install/common_interfaces:/home/devpc/Desktop/microros_ws/install/visualization_msgs:/home/devpc/Desktop/microros_ws/install/test_msgs:/home/devpc/Desktop/microros_ws/install/micro_ros_demos_rclc:/home/devpc/Desktop/microros_ws/install/example_interfaces:/home/devpc/Desktop/microros_ws/install/action_msgs:/home/devpc/Desktop/microros_ws/install/unique_identifier_msgs:/home/devpc/Desktop/microros_ws/install/trajectory_msgs:/home/devpc/Desktop/microros_ws/install/stereo_msgs:/home/devpc/Desktop/microros_ws/install/std_srvs:/home/devpc/Desktop/microros_ws/install/shape_msgs:/home/devpc/Desktop/microros_ws/install/sensor_msgs:/home/devpc/Desktop/microros_ws/install/nav_msgs:/home/devpc/Desktop/microros_ws/install/diagnostic_msgs:/home/devpc/Desktop/microros_ws/install/drive_base_msgs:/home/devpc/Desktop/microros_ws/install/actionlib_msgs:/home/devpc/Desktop/microros_ws/install/statistics_msgs:/home/devpc/Desktop/microros_ws/install/rosidl_typesupport_microxrcedds_test_msg:/home/devpc/Desktop/microros_ws/install/rosidl_typesupport_microxrcedds_cpp_tests:/home/devpc/Desktop/microros_ws/install/rmw_microxrcedds:/home/devpc/Desktop/microros_ws/install/rosidl_typesupport_microxrcedds_cpp:/home/devpc/Desktop/microros_ws/install/rosidl_typesupport_microxrcedds_c_tests:/home/devpc/Desktop/microros_ws/install/rosidl_typesupport_microxrcedds_c:/home/devpc/Desktop/microros_ws/install/rosgraph_msgs:/home/devpc/Desktop/microros_ws/install/rclc:/home/devpc/Desktop/microros_ws/install/composition_interfaces:/home/devpc/Desktop/microros_ws/install/rcl_interfaces:/home/devpc/Desktop/microros_ws/install/microxrcedds_client:/home/devpc/Desktop/microros_ws/install/microcdr:/home/devpc/Desktop/microros_ws/install/micro_ros_demos_rclcpp:/home/devpc/Desktop/microros_ws/install/lifecycle_msgs:/home/devpc/Desktop/microros_ws/install/complex_msgs:/home/devpc/Desktop/microros_ws/install/micro_ros_agent:/home/devpc/Desktop/microros_ws/install/microxrcedds_agent:/home/devpc/Desktop/microros_ws/install/micro_ros_setup:/home/devpc/Desktop/microros_ws/install/micro_ros_msgs:/home/devpc/Desktop/quad_ws/install/quad_interfaces:/home/devpc/Desktop/microros_ws/install/sensor_msgs_py:/home/devpc/Desktop/quad_ws/install/quad:/opt/ros/foxy LD_LIBRARY_PATH=/home/devpc/Desktop/microros_ws/install/geometry_msgs/lib:/home/devpc/Desktop/microros_ws/install/std_msgs/lib:/home/devpc/Desktop/microros_ws/install/builtin_interfaces/lib:/home/devpc/Desktop/microros_ws/install/visualization_msgs/lib:/home/devpc/Desktop/microros_ws/install/test_msgs/lib:/home/devpc/Desktop/microros_ws/install/example_interfaces/lib:/home/devpc/Desktop/microros_ws/install/action_msgs/lib:/home/devpc/Desktop/microros_ws/install/unique_identifier_msgs/lib:/home/devpc/Desktop/microros_ws/install/trajectory_msgs/lib:/home/devpc/Desktop/microros_ws/install/stereo_msgs/lib:/home/devpc/Desktop/microros_ws/install/std_srvs/lib:/home/devpc/Desktop/microros_ws/install/shape_msgs/lib:/home/devpc/Desktop/microros_ws/install/sensor_msgs/lib:/home/devpc/Desktop/microros_ws/install/nav_msgs/lib:/home/devpc/Desktop/microros_ws/install/diagnostic_msgs/lib:/home/devpc/Desktop/microros_ws/install/drive_base_msgs/lib:/home/devpc/Desktop/microros_ws/install/actionlib_msgs/lib:/home/devpc/Desktop/microros_ws/install/statistics_msgs/lib:/home/devpc/Desktop/microros_ws/install/rosidl_typesupport_microxrcedds_test_msg/lib:/home/devpc/Desktop/microros_ws/install/rmw_microxrcedds/lib:/home/devpc/Desktop/microros_ws/install/rosidl_typesupport_microxrcedds_cpp/lib:/home/devpc/Desktop/microros_ws/install/rosidl_typesupport_microxrcedds_c/lib:/home/devpc/Desktop/microros_ws/install/rosgraph_msgs/lib:/home/devpc/Desktop/microros_ws/install/rclc/lib:/home/devpc/Desktop/microros_ws/install/composition_interfaces/lib:/home/devpc/Desktop/microros_ws/install/rcl_interfaces/lib:/home/devpc/Desktop/microros_ws/install/microxrcedds_client/lib:/home/devpc/Desktop/microros_ws/install/microcdr/lib:/home/devpc/Desktop/microros_ws/install/lifecycle_msgs/lib:/home/devpc/Desktop/microros_ws/install/complex_msgs/lib:/home/devpc/Desktop/microros_ws/install/microxrcedds_agent/lib:/home/devpc/Desktop/microros_ws/install/micro_ros_msgs/lib:/home/devpc/Desktop/quad_ws/install/quad_interfaces/lib:/opt/ros/foxy/opt/yaml_cpp_vendor/lib:/opt/ros/foxy/opt/rviz_ogre_vendor/lib:/opt/ros/foxy/lib/x86_64-linux-gnu:/opt/ros/foxy/lib PYTHONPATH=/home/devpc/Desktop/microros_ws/install/geometry_msgs/lib/python3.8/site-packages:/home/devpc/Desktop/microros_ws/install/std_msgs/lib/python3.8/site-packages:/home/devpc/Desktop/microros_ws/install/builtin_interfaces/lib/python3.8/site-packages:/home/devpc/Desktop/microros_ws/install/visualization_msgs/lib/python3.8/site-packages:/home/devpc/Desktop/microros_ws/install/test_msgs/lib/python3.8/site-packages:/home/devpc/Desktop/microros_ws/install/example_interfaces/lib/python3.8/site-packages:/home/devpc/Desktop/microros_ws/install/action_msgs/lib/python3.8/site-packages:/home/devpc/Desktop/microros_ws/install/unique_identifier_msgs/lib/python3.8/site-packages:/home/devpc/Desktop/microros_ws/install/trajectory_msgs/lib/python3.8/site-packages:/home/devpc/Desktop/microros_ws/install/stereo_msgs/lib/python3.8/site-packages:/home/devpc/Desktop/microros_ws/install/std_srvs/lib/python3.8/site-packages:/home/devpc/Desktop/microros_ws/install/shape_msgs/lib/python3.8/site-packages:/home/devpc/Desktop/microros_ws/install/sensor_msgs_py/lib/python3.8/site-packages:/home/devpc/Desktop/microros_ws/install/sensor_msgs/lib/python3.8/site-packages:/home/devpc/Desktop/microros_ws/install/nav_msgs/lib/python3.8/site-packages:/home/devpc/Desktop/microros_ws/install/diagnostic_msgs/lib/python3.8/site-packages:/home/devpc/Desktop/microros_ws/install/drive_base_msgs/lib/python3.8/site-packages:/home/devpc/Desktop/microros_ws/install/actionlib_msgs/lib/python3.8/site-packages:/home/devpc/Desktop/microros_ws/install/statistics_msgs/lib/python3.8/site-packages:/home/devpc/Desktop/microros_ws/install/rosidl_typesupport_microxrcedds_test_msg/lib/python3.8/site-packages:/home/devpc/Desktop/microros_ws/install/rosidl_typesupport_microxrcedds_cpp/lib/python3.8/site-packages:/home/devpc/Desktop/microros_ws/install/rosidl_typesupport_microxrcedds_c/lib/python3.8/site-packages:/home/devpc/Desktop/microros_ws/install/rosgraph_msgs/lib/python3.8/site-packages:/home/devpc/Desktop/microros_ws/install/composition_interfaces/lib/python3.8/site-packages:/home/devpc/Desktop/microros_ws/install/rcl_interfaces/lib/python3.8/site-packages:/home/devpc/Desktop/microros_ws/install/lifecycle_msgs/lib/python3.8/site-packages:/home/devpc/Desktop/microros_ws/install/complex_msgs/lib/python3.8/site-packages:/home/devpc/Desktop/microros_ws/install/micro_ros_msgs/lib/python3.8/site-packages:/home/devpc/Desktop/quad_ws/install/quad_interfaces/lib/python3.8/site-packages:/home/devpc/Desktop/quad_ws/install/quad/lib/python3.8/site-packages:/opt/ros/foxy/lib/python3.8/site-packages /usr/bin/cmake --build /home/devpc/Desktop/microros_ws/build/diagnostic_msgs -- -j8 -l8
[0.153s] [  1%] Built target diagnostic_msgs__cpp
[0.159s] [ 10%] Built target diagnostic_msgs__rosidl_generator_c
[0.277s] [ 18%] Built target diagnostic_msgs__rosidl_typesupport_fastrtps_cpp
[0.287s] [ 27%] Built target diagnostic_msgs__rosidl_typesupport_introspection_cpp
[0.309s] [ 36%] Built target diagnostic_msgs__rosidl_typesupport_microxrcedds_cpp
[0.317s] [ 45%] Built target diagnostic_msgs__rosidl_typesupport_cpp
[0.339s] [ 54%] Built target diagnostic_msgs__rosidl_typesupport_introspection_c
[0.345s] [ 72%] Built target diagnostic_msgs__rosidl_typesupport_c
[0.346s] [ 72%] Built target diagnostic_msgs__rosidl_typesupport_microxrcedds_c
[0.455s] [ 81%] Built target diagnostic_msgs__rosidl_typesupport_fastrtps_c
[0.504s] [ 81%] Built target diagnostic_msgs
[0.535s] [ 82%] Built target diagnostic_msgs__py
[0.583s] [ 89%] Built target diagnostic_msgs__python
[0.661s] [ 92%] Built target diagnostic_msgs__rosidl_typesupport_introspection_c__pyext
[0.669s] [ 94%] Built target diagnostic_msgs__rosidl_typesupport_c__pyext
[0.674s] [ 97%] Built target diagnostic_msgs__rosidl_typesupport_fastrtps_c__pyext
[0.690s] [100%] Built target diagnostic_msgs__rosidl_typesupport_microxrcedds_c__pyext
[0.712s] Invoked command in '/home/devpc/Desktop/microros_ws/build/diagnostic_msgs' returned '0': CMAKE_PREFIX_PATH=/home/devpc/Desktop/microros_ws/install/geometry_msgs:/home/devpc/Desktop/microros_ws/install/std_msgs:/home/devpc/Desktop/microros_ws/install/builtin_interfaces:/home/devpc/Desktop/microros_ws/install/common_interfaces:/home/devpc/Desktop/microros_ws/install/visualization_msgs:/home/devpc/Desktop/microros_ws/install/test_msgs:/home/devpc/Desktop/microros_ws/install/micro_ros_demos_rclc:/home/devpc/Desktop/microros_ws/install/example_interfaces:/home/devpc/Desktop/microros_ws/install/action_msgs:/home/devpc/Desktop/microros_ws/install/unique_identifier_msgs:/home/devpc/Desktop/microros_ws/install/trajectory_msgs:/home/devpc/Desktop/microros_ws/install/stereo_msgs:/home/devpc/Desktop/microros_ws/install/std_srvs:/home/devpc/Desktop/microros_ws/install/shape_msgs:/home/devpc/Desktop/microros_ws/install/sensor_msgs:/home/devpc/Desktop/microros_ws/install/nav_msgs:/home/devpc/Desktop/microros_ws/install/diagnostic_msgs:/home/devpc/Desktop/microros_ws/install/drive_base_msgs:/home/devpc/Desktop/microros_ws/install/actionlib_msgs:/home/devpc/Desktop/microros_ws/install/statistics_msgs:/home/devpc/Desktop/microros_ws/install/rosidl_typesupport_microxrcedds_test_msg:/home/devpc/Desktop/microros_ws/install/rosidl_typesupport_microxrcedds_cpp_tests:/home/devpc/Desktop/microros_ws/install/rmw_microxrcedds:/home/devpc/Desktop/microros_ws/install/rosidl_typesupport_microxrcedds_cpp:/home/devpc/Desktop/microros_ws/install/rosidl_typesupport_microxrcedds_c_tests:/home/devpc/Desktop/microros_ws/install/rosidl_typesupport_microxrcedds_c:/home/devpc/Desktop/microros_ws/install/rosgraph_msgs:/home/devpc/Desktop/microros_ws/install/rclc:/home/devpc/Desktop/microros_ws/install/composition_interfaces:/home/devpc/Desktop/microros_ws/install/rcl_interfaces:/home/devpc/Desktop/microros_ws/install/microxrcedds_client:/home/devpc/Desktop/microros_ws/install/microcdr:/home/devpc/Desktop/microros_ws/install/micro_ros_demos_rclcpp:/home/devpc/Desktop/microros_ws/install/lifecycle_msgs:/home/devpc/Desktop/microros_ws/install/complex_msgs:/home/devpc/Desktop/microros_ws/install/micro_ros_agent:/home/devpc/Desktop/microros_ws/install/microxrcedds_agent:/home/devpc/Desktop/microros_ws/install/micro_ros_setup:/home/devpc/Desktop/microros_ws/install/micro_ros_msgs:/home/devpc/Desktop/quad_ws/install/quad_interfaces:/home/devpc/Desktop/microros_ws/install/sensor_msgs_py:/home/devpc/Desktop/quad_ws/install/quad:/opt/ros/foxy LD_LIBRARY_PATH=/home/devpc/Desktop/microros_ws/install/geometry_msgs/lib:/home/devpc/Desktop/microros_ws/install/std_msgs/lib:/home/devpc/Desktop/microros_ws/install/builtin_interfaces/lib:/home/devpc/Desktop/microros_ws/install/visualization_msgs/lib:/home/devpc/Desktop/microros_ws/install/test_msgs/lib:/home/devpc/Desktop/microros_ws/install/example_interfaces/lib:/home/devpc/Desktop/microros_ws/install/action_msgs/lib:/home/devpc/Desktop/microros_ws/install/unique_identifier_msgs/lib:/home/devpc/Desktop/microros_ws/install/trajectory_msgs/lib:/home/devpc/Desktop/microros_ws/install/stereo_msgs/lib:/home/devpc/Desktop/microros_ws/install/std_srvs/lib:/home/devpc/Desktop/microros_ws/install/shape_msgs/lib:/home/devpc/Desktop/microros_ws/install/sensor_msgs/lib:/home/devpc/Desktop/microros_ws/install/nav_msgs/lib:/home/devpc/Desktop/microros_ws/install/diagnostic_msgs/lib:/home/devpc/Desktop/microros_ws/install/drive_base_msgs/lib:/home/devpc/Desktop/microros_ws/install/actionlib_msgs/lib:/home/devpc/Desktop/microros_ws/install/statistics_msgs/lib:/home/devpc/Desktop/microros_ws/install/rosidl_typesupport_microxrcedds_test_msg/lib:/home/devpc/Desktop/microros_ws/install/rmw_microxrcedds/lib:/home/devpc/Desktop/microros_ws/install/rosidl_typesupport_microxrcedds_cpp/lib:/home/devpc/Desktop/microros_ws/install/rosidl_typesupport_microxrcedds_c/lib:/home/devpc/Desktop/microros_ws/install/rosgraph_msgs/lib:/home/devpc/Desktop/microros_ws/install/rclc/lib:/home/devpc/Desktop/microros_ws/install/composition_interfaces/lib:/home/devpc/Desktop/microros_ws/install/rcl_interfaces/lib:/home/devpc/Desktop/microros_ws/install/microxrcedds_client/lib:/home/devpc/Desktop/microros_ws/install/microcdr/lib:/home/devpc/Desktop/microros_ws/install/lifecycle_msgs/lib:/home/devpc/Desktop/microros_ws/install/complex_msgs/lib:/home/devpc/Desktop/microros_ws/install/microxrcedds_agent/lib:/home/devpc/Desktop/microros_ws/install/micro_ros_msgs/lib:/home/devpc/Desktop/quad_ws/install/quad_interfaces/lib:/opt/ros/foxy/opt/yaml_cpp_vendor/lib:/opt/ros/foxy/opt/rviz_ogre_vendor/lib:/opt/ros/foxy/lib/x86_64-linux-gnu:/opt/ros/foxy/lib PYTHONPATH=/home/devpc/Desktop/microros_ws/install/geometry_msgs/lib/python3.8/site-packages:/home/devpc/Desktop/microros_ws/install/std_msgs/lib/python3.8/site-packages:/home/devpc/Desktop/microros_ws/install/builtin_interfaces/lib/python3.8/site-packages:/home/devpc/Desktop/microros_ws/install/visualization_msgs/lib/python3.8/site-packages:/home/devpc/Desktop/microros_ws/install/test_msgs/lib/python3.8/site-packages:/home/devpc/Desktop/microros_ws/install/example_interfaces/lib/python3.8/site-packages:/home/devpc/Desktop/microros_ws/install/action_msgs/lib/python3.8/site-packages:/home/devpc/Desktop/microros_ws/install/unique_identifier_msgs/lib/python3.8/site-packages:/home/devpc/Desktop/microros_ws/install/trajectory_msgs/lib/python3.8/site-packages:/home/devpc/Desktop/microros_ws/install/stereo_msgs/lib/python3.8/site-packages:/home/devpc/Desktop/microros_ws/install/std_srvs/lib/python3.8/site-packages:/home/devpc/Desktop/microros_ws/install/shape_msgs/lib/python3.8/site-packages:/home/devpc/Desktop/microros_ws/install/sensor_msgs_py/lib/python3.8/site-packages:/home/devpc/Desktop/microros_ws/install/sensor_msgs/lib/python3.8/site-packages:/home/devpc/Desktop/microros_ws/install/nav_msgs/lib/python3.8/site-packages:/home/devpc/Desktop/microros_ws/install/diagnostic_msgs/lib/python3.8/site-packages:/home/devpc/Desktop/microros_ws/install/drive_base_msgs/lib/python3.8/site-packages:/home/devpc/Desktop/microros_ws/install/actionlib_msgs/lib/python3.8/site-packages:/home/devpc/Desktop/microros_ws/install/statistics_msgs/lib/python3.8/site-packages:/home/devpc/Desktop/microros_ws/install/rosidl_typesupport_microxrcedds_test_msg/lib/python3.8/site-packages:/home/devpc/Desktop/microros_ws/install/rosidl_typesupport_microxrcedds_cpp/lib/python3.8/site-packages:/home/devpc/Desktop/microros_ws/install/rosidl_typesupport_microxrcedds_c/lib/python3.8/site-packages:/home/devpc/Desktop/microros_ws/install/rosgraph_msgs/lib/python3.8/site-packages:/home/devpc/Desktop/microros_ws/install/composition_interfaces/lib/python3.8/site-packages:/home/devpc/Desktop/microros_ws/install/rcl_interfaces/lib/python3.8/site-packages:/home/devpc/Desktop/microros_ws/install/lifecycle_msgs/lib/python3.8/site-packages:/home/devpc/Desktop/microros_ws/install/complex_msgs/lib/python3.8/site-packages:/home/devpc/Desktop/microros_ws/install/micro_ros_msgs/lib/python3.8/site-packages:/home/devpc/Desktop/quad_ws/install/quad_interfaces/lib/python3.8/site-packages:/home/devpc/Desktop/quad_ws/install/quad/lib/python3.8/site-packages:/opt/ros/foxy/lib/python3.8/site-packages /usr/bin/cmake --build /home/devpc/Desktop/microros_ws/build/diagnostic_msgs -- -j8 -l8
[1.027s] Invoking command in '/home/devpc/Desktop/microros_ws/build/diagnostic_msgs': CMAKE_PREFIX_PATH=/home/devpc/Desktop/microros_ws/install/geometry_msgs:/home/devpc/Desktop/microros_ws/install/std_msgs:/home/devpc/Desktop/microros_ws/install/builtin_interfaces:/home/devpc/Desktop/microros_ws/install/common_interfaces:/home/devpc/Desktop/microros_ws/install/visualization_msgs:/home/devpc/Desktop/microros_ws/install/test_msgs:/home/devpc/Desktop/microros_ws/install/micro_ros_demos_rclc:/home/devpc/Desktop/microros_ws/install/example_interfaces:/home/devpc/Desktop/microros_ws/install/action_msgs:/home/devpc/Desktop/microros_ws/install/unique_identifier_msgs:/home/devpc/Desktop/microros_ws/install/trajectory_msgs:/home/devpc/Desktop/microros_ws/install/stereo_msgs:/home/devpc/Desktop/microros_ws/install/std_srvs:/home/devpc/Desktop/microros_ws/install/shape_msgs:/home/devpc/Desktop/microros_ws/install/sensor_msgs:/home/devpc/Desktop/microros_ws/install/nav_msgs:/home/devpc/Desktop/microros_ws/install/diagnostic_msgs:/home/devpc/Desktop/microros_ws/install/drive_base_msgs:/home/devpc/Desktop/microros_ws/install/actionlib_msgs:/home/devpc/Desktop/microros_ws/install/statistics_msgs:/home/devpc/Desktop/microros_ws/install/rosidl_typesupport_microxrcedds_test_msg:/home/devpc/Desktop/microros_ws/install/rosidl_typesupport_microxrcedds_cpp_tests:/home/devpc/Desktop/microros_ws/install/rmw_microxrcedds:/home/devpc/Desktop/microros_ws/install/rosidl_typesupport_microxrcedds_cpp:/home/devpc/Desktop/microros_ws/install/rosidl_typesupport_microxrcedds_c_tests:/home/devpc/Desktop/microros_ws/install/rosidl_typesupport_microxrcedds_c:/home/devpc/Desktop/microros_ws/install/rosgraph_msgs:/home/devpc/Desktop/microros_ws/install/rclc:/home/devpc/Desktop/microros_ws/install/composition_interfaces:/home/devpc/Desktop/microros_ws/install/rcl_interfaces:/home/devpc/Desktop/microros_ws/install/microxrcedds_client:/home/devpc/Desktop/microros_ws/install/microcdr:/home/devpc/Desktop/microros_ws/install/micro_ros_demos_rclcpp:/home/devpc/Desktop/microros_ws/install/lifecycle_msgs:/home/devpc/Desktop/microros_ws/install/complex_msgs:/home/devpc/Desktop/microros_ws/install/micro_ros_agent:/home/devpc/Desktop/microros_ws/install/microxrcedds_agent:/home/devpc/Desktop/microros_ws/install/micro_ros_setup:/home/devpc/Desktop/microros_ws/install/micro_ros_msgs:/home/devpc/Desktop/quad_ws/install/quad_interfaces:/home/devpc/Desktop/microros_ws/install/sensor_msgs_py:/home/devpc/Desktop/quad_ws/install/quad:/opt/ros/foxy LD_LIBRARY_PATH=/home/devpc/Desktop/microros_ws/install/geometry_msgs/lib:/home/devpc/Desktop/microros_ws/install/std_msgs/lib:/home/devpc/Desktop/microros_ws/install/builtin_interfaces/lib:/home/devpc/Desktop/microros_ws/install/visualization_msgs/lib:/home/devpc/Desktop/microros_ws/install/test_msgs/lib:/home/devpc/Desktop/microros_ws/install/example_interfaces/lib:/home/devpc/Desktop/microros_ws/install/action_msgs/lib:/home/devpc/Desktop/microros_ws/install/unique_identifier_msgs/lib:/home/devpc/Desktop/microros_ws/install/trajectory_msgs/lib:/home/devpc/Desktop/microros_ws/install/stereo_msgs/lib:/home/devpc/Desktop/microros_ws/install/std_srvs/lib:/home/devpc/Desktop/microros_ws/install/shape_msgs/lib:/home/devpc/Desktop/microros_ws/install/sensor_msgs/lib:/home/devpc/Desktop/microros_ws/install/nav_msgs/lib:/home/devpc/Desktop/microros_ws/install/diagnostic_msgs/lib:/home/devpc/Desktop/microros_ws/install/drive_base_msgs/lib:/home/devpc/Desktop/microros_ws/install/actionlib_msgs/lib:/home/devpc/Desktop/microros_ws/install/statistics_msgs/lib:/home/devpc/Desktop/microros_ws/install/rosidl_typesupport_microxrcedds_test_msg/lib:/home/devpc/Desktop/microros_ws/install/rmw_microxrcedds/lib:/home/devpc/Desktop/microros_ws/install/rosidl_typesupport_microxrcedds_cpp/lib:/home/devpc/Desktop/microros_ws/install/rosidl_typesupport_microxrcedds_c/lib:/home/devpc/Desktop/microros_ws/install/rosgraph_msgs/lib:/home/devpc/Desktop/microros_ws/install/rclc/lib:/home/devpc/Desktop/microros_ws/install/composition_interfaces/lib:/home/devpc/Desktop/microros_ws/install/rcl_interfaces/lib:/home/devpc/Desktop/microros_ws/install/microxrcedds_client/lib:/home/devpc/Desktop/microros_ws/install/microcdr/lib:/home/devpc/Desktop/microros_ws/install/lifecycle_msgs/lib:/home/devpc/Desktop/microros_ws/install/complex_msgs/lib:/home/devpc/Desktop/microros_ws/install/microxrcedds_agent/lib:/home/devpc/Desktop/microros_ws/install/micro_ros_msgs/lib:/home/devpc/Desktop/quad_ws/install/quad_interfaces/lib:/opt/ros/foxy/opt/yaml_cpp_vendor/lib:/opt/ros/foxy/opt/rviz_ogre_vendor/lib:/opt/ros/foxy/lib/x86_64-linux-gnu:/opt/ros/foxy/lib PYTHONPATH=/home/devpc/Desktop/microros_ws/install/geometry_msgs/lib/python3.8/site-packages:/home/devpc/Desktop/microros_ws/install/std_msgs/lib/python3.8/site-packages:/home/devpc/Desktop/microros_ws/install/builtin_interfaces/lib/python3.8/site-packages:/home/devpc/Desktop/microros_ws/install/visualization_msgs/lib/python3.8/site-packages:/home/devpc/Desktop/microros_ws/install/test_msgs/lib/python3.8/site-packages:/home/devpc/Desktop/microros_ws/install/example_interfaces/lib/python3.8/site-packages:/home/devpc/Desktop/microros_ws/install/action_msgs/lib/python3.8/site-packages:/home/devpc/Desktop/microros_ws/install/unique_identifier_msgs/lib/python3.8/site-packages:/home/devpc/Desktop/microros_ws/install/trajectory_msgs/lib/python3.8/site-packages:/home/devpc/Desktop/microros_ws/install/stereo_msgs/lib/python3.8/site-packages:/home/devpc/Desktop/microros_ws/install/std_srvs/lib/python3.8/site-packages:/home/devpc/Desktop/microros_ws/install/shape_msgs/lib/python3.8/site-packages:/home/devpc/Desktop/microros_ws/install/sensor_msgs_py/lib/python3.8/site-packages:/home/devpc/Desktop/microros_ws/install/sensor_msgs/lib/python3.8/site-packages:/home/devpc/Desktop/microros_ws/install/nav_msgs/lib/python3.8/site-packages:/home/devpc/Desktop/microros_ws/install/diagnostic_msgs/lib/python3.8/site-packages:/home/devpc/Desktop/microros_ws/install/drive_base_msgs/lib/python3.8/site-packages:/home/devpc/Desktop/microros_ws/install/actionlib_msgs/lib/python3.8/site-packages:/home/devpc/Desktop/microros_ws/install/statistics_msgs/lib/python3.8/site-packages:/home/devpc/Desktop/microros_ws/install/rosidl_typesupport_microxrcedds_test_msg/lib/python3.8/site-packages:/home/devpc/Desktop/microros_ws/install/rosidl_typesupport_microxrcedds_cpp/lib/python3.8/site-packages:/home/devpc/Desktop/microros_ws/install/rosidl_typesupport_microxrcedds_c/lib/python3.8/site-packages:/home/devpc/Desktop/microros_ws/install/rosgraph_msgs/lib/python3.8/site-packages:/home/devpc/Desktop/microros_ws/install/composition_interfaces/lib/python3.8/site-packages:/home/devpc/Desktop/microros_ws/install/rcl_interfaces/lib/python3.8/site-packages:/home/devpc/Desktop/microros_ws/install/lifecycle_msgs/lib/python3.8/site-packages:/home/devpc/Desktop/microros_ws/install/complex_msgs/lib/python3.8/site-packages:/home/devpc/Desktop/microros_ws/install/micro_ros_msgs/lib/python3.8/site-packages:/home/devpc/Desktop/quad_ws/install/quad_interfaces/lib/python3.8/site-packages:/home/devpc/Desktop/quad_ws/install/quad/lib/python3.8/site-packages:/opt/ros/foxy/lib/python3.8/site-packages /usr/bin/cmake --install /home/devpc/Desktop/microros_ws/build/diagnostic_msgs
[1.061s] -- Install configuration: ""
[1.062s] -- Up-to-date: /home/devpc/Desktop/microros_ws/install/diagnostic_msgs/share/ament_index/resource_index/rosidl_interfaces/diagnostic_msgs
[1.062s] -- Up-to-date: /home/devpc/Desktop/microros_ws/install/diagnostic_msgs/include/diagnostic_msgs
[1.063s] -- Up-to-date: /home/devpc/Desktop/microros_ws/install/diagnostic_msgs/include/diagnostic_msgs/msg
[1.063s] -- Up-to-date: /home/devpc/Desktop/microros_ws/install/diagnostic_msgs/include/diagnostic_msgs/msg/diagnostic_status.h
[1.063s] -- Up-to-date: /home/devpc/Desktop/microros_ws/install/diagnostic_msgs/include/diagnostic_msgs/msg/detail
[1.063s] -- Up-to-date: /home/devpc/Desktop/microros_ws/install/diagnostic_msgs/include/diagnostic_msgs/msg/detail/diagnostic_status__type_support.h
[1.064s] -- Up-to-date: /home/devpc/Desktop/microros_ws/install/diagnostic_msgs/include/diagnostic_msgs/msg/detail/diagnostic_status__functions.h
[1.064s] -- Up-to-date: /home/devpc/Desktop/microros_ws/install/diagnostic_msgs/include/diagnostic_msgs/msg/detail/diagnostic_array__functions.h
[1.064s] -- Up-to-date: /home/devpc/Desktop/microros_ws/install/diagnostic_msgs/include/diagnostic_msgs/msg/detail/diagnostic_array__functions.c
[1.064s] -- Up-to-date: /home/devpc/Desktop/microros_ws/install/diagnostic_msgs/include/diagnostic_msgs/msg/detail/diagnostic_status__struct.h
[1.064s] -- Up-to-date: /home/devpc/Desktop/microros_ws/install/diagnostic_msgs/include/diagnostic_msgs/msg/detail/diagnostic_array__type_support.h
[1.065s] -- Up-to-date: /home/devpc/Desktop/microros_ws/install/diagnostic_msgs/include/diagnostic_msgs/msg/detail/key_value__struct.h
[1.065s] -- Up-to-date: /home/devpc/Desktop/microros_ws/install/diagnostic_msgs/include/diagnostic_msgs/msg/detail/diagnostic_status__functions.c
[1.065s] -- Up-to-date: /home/devpc/Desktop/microros_ws/install/diagnostic_msgs/include/diagnostic_msgs/msg/detail/diagnostic_array__struct.h
[1.065s] -- Up-to-date: /home/devpc/Desktop/microros_ws/install/diagnostic_msgs/include/diagnostic_msgs/msg/detail/key_value__type_support.h
[1.065s] -- Up-to-date: /home/devpc/Desktop/microros_ws/install/diagnostic_msgs/include/diagnostic_msgs/msg/detail/key_value__functions.h
[1.065s] -- Up-to-date: /home/devpc/Desktop/microros_ws/install/diagnostic_msgs/include/diagnostic_msgs/msg/detail/key_value__functions.c
[1.066s] -- Up-to-date: /home/devpc/Desktop/microros_ws/install/diagnostic_msgs/include/diagnostic_msgs/msg/diagnostic_array.h
[1.066s] -- Up-to-date: /home/devpc/Desktop/microros_ws/install/diagnostic_msgs/include/diagnostic_msgs/msg/key_value.h
[1.066s] -- Up-to-date: /home/devpc/Desktop/microros_ws/install/diagnostic_msgs/include/diagnostic_msgs/msg/rosidl_generator_c__visibility_control.h
[1.066s] -- Up-to-date: /home/devpc/Desktop/microros_ws/install/diagnostic_msgs/include/diagnostic_msgs/srv
[1.066s] -- Up-to-date: /home/devpc/Desktop/microros_ws/install/diagnostic_msgs/include/diagnostic_msgs/srv/detail
[1.067s] -- Up-to-date: /home/devpc/Desktop/microros_ws/install/diagnostic_msgs/include/diagnostic_msgs/srv/detail/add_diagnostics__struct.h
[1.067s] -- Up-to-date: /home/devpc/Desktop/microros_ws/install/diagnostic_msgs/include/diagnostic_msgs/srv/detail/self_test__functions.h
[1.067s] -- Up-to-date: /home/devpc/Desktop/microros_ws/install/diagnostic_msgs/include/diagnostic_msgs/srv/detail/add_diagnostics__type_support.h
[1.067s] -- Up-to-date: /home/devpc/Desktop/microros_ws/install/diagnostic_msgs/include/diagnostic_msgs/srv/detail/self_test__struct.h
[1.067s] -- Up-to-date: /home/devpc/Desktop/microros_ws/install/diagnostic_msgs/include/diagnostic_msgs/srv/detail/self_test__type_support.h
[1.067s] -- Up-to-date: /home/devpc/Desktop/microros_ws/install/diagnostic_msgs/include/diagnostic_msgs/srv/detail/add_diagnostics__functions.h
[1.068s] -- Up-to-date: /home/devpc/Desktop/microros_ws/install/diagnostic_msgs/include/diagnostic_msgs/srv/detail/self_test__functions.c
[1.068s] -- Up-to-date: /home/devpc/Desktop/microros_ws/install/diagnostic_msgs/include/diagnostic_msgs/srv/detail/add_diagnostics__functions.c
[1.068s] -- Up-to-date: /home/devpc/Desktop/microros_ws/install/diagnostic_msgs/include/diagnostic_msgs/srv/add_diagnostics.h
[1.068s] -- Up-to-date: /home/devpc/Desktop/microros_ws/install/diagnostic_msgs/include/diagnostic_msgs/srv/self_test.h
[1.068s] -- Up-to-date: /home/devpc/Desktop/microros_ws/install/diagnostic_msgs/share/diagnostic_msgs/environment/library_path.sh
[1.068s] -- Up-to-date: /home/devpc/Desktop/microros_ws/install/diagnostic_msgs/share/diagnostic_msgs/environment/library_path.dsv
[1.069s] -- Up-to-date: /home/devpc/Desktop/microros_ws/install/diagnostic_msgs/lib/libdiagnostic_msgs__rosidl_generator_c.so
[1.069s] -- Up-to-date: /home/devpc/Desktop/microros_ws/install/diagnostic_msgs/include/diagnostic_msgs
[1.069s] -- Up-to-date: /home/devpc/Desktop/microros_ws/install/diagnostic_msgs/include/diagnostic_msgs/msg
[1.069s] -- Up-to-date: /home/devpc/Desktop/microros_ws/install/diagnostic_msgs/include/diagnostic_msgs/msg/detail
[1.069s] -- Up-to-date: /home/devpc/Desktop/microros_ws/install/diagnostic_msgs/include/diagnostic_msgs/msg/detail/key_value__rosidl_typesupport_microxrcedds_c.h
[1.069s] -- Up-to-date: /home/devpc/Desktop/microros_ws/install/diagnostic_msgs/include/diagnostic_msgs/msg/detail/diagnostic_array__rosidl_typesupport_microxrcedds_c.h
[1.069s] -- Up-to-date: /home/devpc/Desktop/microros_ws/install/diagnostic_msgs/include/diagnostic_msgs/msg/detail/diagnostic_status__rosidl_typesupport_microxrcedds_c.h
[1.070s] -- Up-to-date: /home/devpc/Desktop/microros_ws/install/diagnostic_msgs/include/diagnostic_msgs/msg/detail/microxrcedds
[1.070s] -- Up-to-date: /home/devpc/Desktop/microros_ws/install/diagnostic_msgs/include/diagnostic_msgs/msg/rosidl_typesupport_microxrcedds_c__visibility_control.h
[1.070s] -- Up-to-date: /home/devpc/Desktop/microros_ws/install/diagnostic_msgs/include/diagnostic_msgs/srv
[1.070s] -- Up-to-date: /home/devpc/Desktop/microros_ws/install/diagnostic_msgs/include/diagnostic_msgs/srv/detail
[1.070s] -- Up-to-date: /home/devpc/Desktop/microros_ws/install/diagnostic_msgs/include/diagnostic_msgs/srv/detail/add_diagnostics__rosidl_typesupport_microxrcedds_c.h
[1.070s] -- Up-to-date: /home/devpc/Desktop/microros_ws/install/diagnostic_msgs/include/diagnostic_msgs/srv/detail/self_test__rosidl_typesupport_microxrcedds_c.h
[1.070s] -- Up-to-date: /home/devpc/Desktop/microros_ws/install/diagnostic_msgs/include/diagnostic_msgs/srv/detail/microxrcedds
[1.070s] -- Up-to-date: /home/devpc/Desktop/microros_ws/install/diagnostic_msgs/lib/libdiagnostic_msgs__rosidl_typesupport_microxrcedds_c.so
[1.070s] -- Up-to-date: /home/devpc/Desktop/microros_ws/install/diagnostic_msgs/include/diagnostic_msgs
[1.070s] -- Up-to-date: /home/devpc/Desktop/microros_ws/install/diagnostic_msgs/include/diagnostic_msgs/msg
[1.070s] -- Up-to-date: /home/devpc/Desktop/microros_ws/install/diagnostic_msgs/include/diagnostic_msgs/msg/detail
[1.070s] -- Up-to-date: /home/devpc/Desktop/microros_ws/install/diagnostic_msgs/include/diagnostic_msgs/msg/detail/key_value__rosidl_typesupport_fastrtps_c.h
[1.071s] -- Up-to-date: /home/devpc/Desktop/microros_ws/install/diagnostic_msgs/include/diagnostic_msgs/msg/detail/diagnostic_status__rosidl_typesupport_fastrtps_c.h
[1.071s] -- Up-to-date: /home/devpc/Desktop/microros_ws/install/diagnostic_msgs/include/diagnostic_msgs/msg/detail/diagnostic_array__rosidl_typesupport_fastrtps_c.h
[1.071s] -- Up-to-date: /home/devpc/Desktop/microros_ws/install/diagnostic_msgs/include/diagnostic_msgs/msg/rosidl_typesupport_fastrtps_c__visibility_control.h
[1.071s] -- Up-to-date: /home/devpc/Desktop/microros_ws/install/diagnostic_msgs/include/diagnostic_msgs/srv
[1.071s] -- Up-to-date: /home/devpc/Desktop/microros_ws/install/diagnostic_msgs/include/diagnostic_msgs/srv/detail
[1.071s] -- Up-to-date: /home/devpc/Desktop/microros_ws/install/diagnostic_msgs/include/diagnostic_msgs/srv/detail/add_diagnostics__rosidl_typesupport_fastrtps_c.h
[1.071s] -- Up-to-date: /home/devpc/Desktop/microros_ws/install/diagnostic_msgs/include/diagnostic_msgs/srv/detail/self_test__rosidl_typesupport_fastrtps_c.h
[1.071s] -- Up-to-date: /home/devpc/Desktop/microros_ws/install/diagnostic_msgs/lib/libdiagnostic_msgs__rosidl_typesupport_fastrtps_c.so
[1.071s] -- Up-to-date: /home/devpc/Desktop/microros_ws/install/diagnostic_msgs/include/diagnostic_msgs
[1.072s] -- Up-to-date: /home/devpc/Desktop/microros_ws/install/diagnostic_msgs/include/diagnostic_msgs/msg
[1.072s] -- Up-to-date: /home/devpc/Desktop/microros_ws/install/diagnostic_msgs/include/diagnostic_msgs/msg/detail
[1.072s] -- Up-to-date: /home/devpc/Desktop/microros_ws/install/diagnostic_msgs/include/diagnostic_msgs/msg/detail/diagnostic_status__rosidl_typesupport_fastrtps_cpp.hpp
[1.072s] -- Up-to-date: /home/devpc/Desktop/microros_ws/install/diagnostic_msgs/include/diagnostic_msgs/msg/detail/key_value__rosidl_typesupport_fastrtps_cpp.hpp
[1.072s] -- Up-to-date: /home/devpc/Desktop/microros_ws/install/diagnostic_msgs/include/diagnostic_msgs/msg/detail/diagnostic_array__rosidl_typesupport_fastrtps_cpp.hpp
[1.072s] -- Up-to-date: /home/devpc/Desktop/microros_ws/install/diagnostic_msgs/include/diagnostic_msgs/msg/detail/dds_fastrtps
[1.072s] -- Up-to-date: /home/devpc/Desktop/microros_ws/install/diagnostic_msgs/include/diagnostic_msgs/msg/rosidl_typesupport_fastrtps_cpp__visibility_control.h
[1.072s] -- Up-to-date: /home/devpc/Desktop/microros_ws/install/diagnostic_msgs/include/diagnostic_msgs/srv
[1.073s] -- Up-to-date: /home/devpc/Desktop/microros_ws/install/diagnostic_msgs/include/diagnostic_msgs/srv/detail
[1.073s] -- Up-to-date: /home/devpc/Desktop/microros_ws/install/diagnostic_msgs/include/diagnostic_msgs/srv/detail/add_diagnostics__rosidl_typesupport_fastrtps_cpp.hpp
[1.073s] -- Up-to-date: /home/devpc/Desktop/microros_ws/install/diagnostic_msgs/include/diagnostic_msgs/srv/detail/dds_fastrtps
[1.073s] -- Up-to-date: /home/devpc/Desktop/microros_ws/install/diagnostic_msgs/include/diagnostic_msgs/srv/detail/self_test__rosidl_typesupport_fastrtps_cpp.hpp
[1.073s] -- Up-to-date: /home/devpc/Desktop/microros_ws/install/diagnostic_msgs/lib/libdiagnostic_msgs__rosidl_typesupport_fastrtps_cpp.so
[1.074s] -- Up-to-date: /home/devpc/Desktop/microros_ws/install/diagnostic_msgs/include/diagnostic_msgs
[1.074s] -- Up-to-date: /home/devpc/Desktop/microros_ws/install/diagnostic_msgs/include/diagnostic_msgs/msg
[1.074s] -- Up-to-date: /home/devpc/Desktop/microros_ws/install/diagnostic_msgs/include/diagnostic_msgs/msg/detail
[1.074s] -- Up-to-date: /home/devpc/Desktop/microros_ws/install/diagnostic_msgs/include/diagnostic_msgs/msg/detail/diagnostic_array__type_support.c
[1.074s] -- Up-to-date: /home/devpc/Desktop/microros_ws/install/diagnostic_msgs/include/diagnostic_msgs/msg/detail/diagnostic_status__type_support.c
[1.074s] -- Up-to-date: /home/devpc/Desktop/microros_ws/install/diagnostic_msgs/include/diagnostic_msgs/msg/detail/key_value__rosidl_typesupport_introspection_c.h
[1.074s] -- Up-to-date: /home/devpc/Desktop/microros_ws/install/diagnostic_msgs/include/diagnostic_msgs/msg/detail/diagnostic_array__rosidl_typesupport_introspection_c.h
[1.074s] -- Up-to-date: /home/devpc/Desktop/microros_ws/install/diagnostic_msgs/include/diagnostic_msgs/msg/detail/diagnostic_status__rosidl_typesupport_introspection_c.h
[1.074s] -- Up-to-date: /home/devpc/Desktop/microros_ws/install/diagnostic_msgs/include/diagnostic_msgs/msg/detail/key_value__type_support.c
[1.075s] -- Up-to-date: /home/devpc/Desktop/microros_ws/install/diagnostic_msgs/include/diagnostic_msgs/msg/rosidl_typesupport_introspection_c__visibility_control.h
[1.075s] -- Up-to-date: /home/devpc/Desktop/microros_ws/install/diagnostic_msgs/include/diagnostic_msgs/srv
[1.075s] -- Up-to-date: /home/devpc/Desktop/microros_ws/install/diagnostic_msgs/include/diagnostic_msgs/srv/detail
[1.075s] -- Up-to-date: /home/devpc/Desktop/microros_ws/install/diagnostic_msgs/include/diagnostic_msgs/srv/detail/self_test__rosidl_typesupport_introspection_c.h
[1.075s] -- Up-to-date: /home/devpc/Desktop/microros_ws/install/diagnostic_msgs/include/diagnostic_msgs/srv/detail/add_diagnostics__rosidl_typesupport_introspection_c.h
[1.075s] -- Up-to-date: /home/devpc/Desktop/microros_ws/install/diagnostic_msgs/include/diagnostic_msgs/srv/detail/add_diagnostics__type_support.c
[1.075s] -- Up-to-date: /home/devpc/Desktop/microros_ws/install/diagnostic_msgs/include/diagnostic_msgs/srv/detail/self_test__type_support.c
[1.076s] -- Up-to-date: /home/devpc/Desktop/microros_ws/install/diagnostic_msgs/lib/libdiagnostic_msgs__rosidl_typesupport_introspection_c.so
[1.076s] -- Up-to-date: /home/devpc/Desktop/microros_ws/install/diagnostic_msgs/lib/libdiagnostic_msgs__rosidl_typesupport_c.so
[1.076s] -- Up-to-date: /home/devpc/Desktop/microros_ws/install/diagnostic_msgs/include/diagnostic_msgs
[1.076s] -- Up-to-date: /home/devpc/Desktop/microros_ws/install/diagnostic_msgs/include/diagnostic_msgs/msg
[1.076s] -- Up-to-date: /home/devpc/Desktop/microros_ws/install/diagnostic_msgs/include/diagnostic_msgs/msg/diagnostic_array.hpp
[1.076s] -- Up-to-date: /home/devpc/Desktop/microros_ws/install/diagnostic_msgs/include/diagnostic_msgs/msg/detail
[1.076s] -- Up-to-date: /home/devpc/Desktop/microros_ws/install/diagnostic_msgs/include/diagnostic_msgs/msg/detail/diagnostic_array__traits.hpp
[1.076s] -- Up-to-date: /home/devpc/Desktop/microros_ws/install/diagnostic_msgs/include/diagnostic_msgs/msg/detail/key_value__struct.hpp
[1.076s] -- Up-to-date: /home/devpc/Desktop/microros_ws/install/diagnostic_msgs/include/diagnostic_msgs/msg/detail/diagnostic_array__struct.hpp
[1.076s] -- Up-to-date: /home/devpc/Desktop/microros_ws/install/diagnostic_msgs/include/diagnostic_msgs/msg/detail/diagnostic_status__struct.hpp
[1.077s] -- Up-to-date: /home/devpc/Desktop/microros_ws/install/diagnostic_msgs/include/diagnostic_msgs/msg/detail/diagnostic_array__builder.hpp
[1.077s] -- Up-to-date: /home/devpc/Desktop/microros_ws/install/diagnostic_msgs/include/diagnostic_msgs/msg/detail/diagnostic_status__builder.hpp
[1.077s] -- Up-to-date: /home/devpc/Desktop/microros_ws/install/diagnostic_msgs/include/diagnostic_msgs/msg/detail/key_value__builder.hpp
[1.077s] -- Up-to-date: /home/devpc/Desktop/microros_ws/install/diagnostic_msgs/include/diagnostic_msgs/msg/detail/diagnostic_status__traits.hpp
[1.077s] -- Up-to-date: /home/devpc/Desktop/microros_ws/install/diagnostic_msgs/include/diagnostic_msgs/msg/detail/key_value__traits.hpp
[1.077s] -- Up-to-date: /home/devpc/Desktop/microros_ws/install/diagnostic_msgs/include/diagnostic_msgs/msg/key_value.hpp
[1.077s] -- Up-to-date: /home/devpc/Desktop/microros_ws/install/diagnostic_msgs/include/diagnostic_msgs/msg/diagnostic_status.hpp
[1.077s] -- Up-to-date: /home/devpc/Desktop/microros_ws/install/diagnostic_msgs/include/diagnostic_msgs/srv
[1.077s] -- Up-to-date: /home/devpc/Desktop/microros_ws/install/diagnostic_msgs/include/diagnostic_msgs/srv/add_diagnostics.hpp
[1.078s] -- Up-to-date: /home/devpc/Desktop/microros_ws/install/diagnostic_msgs/include/diagnostic_msgs/srv/detail
[1.078s] -- Up-to-date: /home/devpc/Desktop/microros_ws/install/diagnostic_msgs/include/diagnostic_msgs/srv/detail/add_diagnostics__builder.hpp
[1.078s] -- Up-to-date: /home/devpc/Desktop/microros_ws/install/diagnostic_msgs/include/diagnostic_msgs/srv/detail/self_test__traits.hpp
[1.078s] -- Up-to-date: /home/devpc/Desktop/microros_ws/install/diagnostic_msgs/include/diagnostic_msgs/srv/detail/self_test__builder.hpp
[1.078s] -- Up-to-date: /home/devpc/Desktop/microros_ws/install/diagnostic_msgs/include/diagnostic_msgs/srv/detail/add_diagnostics__struct.hpp
[1.078s] -- Up-to-date: /home/devpc/Desktop/microros_ws/install/diagnostic_msgs/include/diagnostic_msgs/srv/detail/add_diagnostics__traits.hpp
[1.078s] -- Up-to-date: /home/devpc/Desktop/microros_ws/install/diagnostic_msgs/include/diagnostic_msgs/srv/detail/self_test__struct.hpp
[1.078s] -- Up-to-date: /home/devpc/Desktop/microros_ws/install/diagnostic_msgs/include/diagnostic_msgs/srv/self_test.hpp
[1.079s] -- Up-to-date: /home/devpc/Desktop/microros_ws/install/diagnostic_msgs/include/diagnostic_msgs
[1.079s] -- Up-to-date: /home/devpc/Desktop/microros_ws/install/diagnostic_msgs/include/diagnostic_msgs/msg
[1.079s] -- Up-to-date: /home/devpc/Desktop/microros_ws/install/diagnostic_msgs/include/diagnostic_msgs/msg/detail
[1.079s] -- Up-to-date: /home/devpc/Desktop/microros_ws/install/diagnostic_msgs/include/diagnostic_msgs/msg/detail/key_value__rosidl_typesupport_microxrcedds_cpp.hpp
[1.079s] -- Up-to-date: /home/devpc/Desktop/microros_ws/install/diagnostic_msgs/include/diagnostic_msgs/msg/detail/diagnostic_array__rosidl_typesupport_microxrcedds_cpp.hpp
[1.080s] -- Up-to-date: /home/devpc/Desktop/microros_ws/install/diagnostic_msgs/include/diagnostic_msgs/msg/detail/microxrcedds
[1.080s] -- Up-to-date: /home/devpc/Desktop/microros_ws/install/diagnostic_msgs/include/diagnostic_msgs/msg/detail/microxrcedds/diagnostic_array__type_support_cpp.cpp
[1.080s] -- Up-to-date: /home/devpc/Desktop/microros_ws/install/diagnostic_msgs/include/diagnostic_msgs/msg/detail/microxrcedds/diagnostic_status__type_support_cpp.cpp
[1.080s] -- Up-to-date: /home/devpc/Desktop/microros_ws/install/diagnostic_msgs/include/diagnostic_msgs/msg/detail/microxrcedds/key_value__type_support_cpp.cpp
[1.080s] -- Up-to-date: /home/devpc/Desktop/microros_ws/install/diagnostic_msgs/include/diagnostic_msgs/msg/detail/diagnostic_status__rosidl_typesupport_microxrcedds_cpp.hpp
[1.080s] -- Up-to-date: /home/devpc/Desktop/microros_ws/install/diagnostic_msgs/include/diagnostic_msgs/msg/rosidl_typesupport_microxrcedds_cpp__visibility_control.h
[1.081s] -- Up-to-date: /home/devpc/Desktop/microros_ws/install/diagnostic_msgs/include/diagnostic_msgs/srv
[1.081s] -- Up-to-date: /home/devpc/Desktop/microros_ws/install/diagnostic_msgs/include/diagnostic_msgs/srv/detail
[1.081s] -- Up-to-date: /home/devpc/Desktop/microros_ws/install/diagnostic_msgs/include/diagnostic_msgs/srv/detail/add_diagnostics__rosidl_typesupport_microxrcedds_cpp.hpp
[1.081s] -- Up-to-date: /home/devpc/Desktop/microros_ws/install/diagnostic_msgs/include/diagnostic_msgs/srv/detail/self_test__rosidl_typesupport_microxrcedds_cpp.hpp
[1.081s] -- Up-to-date: /home/devpc/Desktop/microros_ws/install/diagnostic_msgs/include/diagnostic_msgs/srv/detail/microxrcedds
[1.082s] -- Up-to-date: /home/devpc/Desktop/microros_ws/install/diagnostic_msgs/include/diagnostic_msgs/srv/detail/microxrcedds/add_diagnostics__type_support_cpp.cpp
[1.082s] -- Up-to-date: /home/devpc/Desktop/microros_ws/install/diagnostic_msgs/include/diagnostic_msgs/srv/detail/microxrcedds/self_test__type_support_cpp.cpp
[1.082s] -- Up-to-date: /home/devpc/Desktop/microros_ws/install/diagnostic_msgs/lib/libdiagnostic_msgs__rosidl_typesupport_microxrcedds_cpp.so
[1.082s] -- Up-to-date: /home/devpc/Desktop/microros_ws/install/diagnostic_msgs/include/diagnostic_msgs
[1.082s] -- Up-to-date: /home/devpc/Desktop/microros_ws/install/diagnostic_msgs/include/diagnostic_msgs/msg
[1.082s] -- Up-to-date: /home/devpc/Desktop/microros_ws/install/diagnostic_msgs/include/diagnostic_msgs/msg/detail
[1.082s] -- Up-to-date: /home/devpc/Desktop/microros_ws/install/diagnostic_msgs/include/diagnostic_msgs/msg/detail/key_value__rosidl_typesupport_introspection_cpp.hpp
[1.082s] -- Up-to-date: /home/devpc/Desktop/microros_ws/install/diagnostic_msgs/include/diagnostic_msgs/msg/detail/diagnostic_status__rosidl_typesupport_introspection_cpp.hpp
[1.083s] -- Up-to-date: /home/devpc/Desktop/microros_ws/install/diagnostic_msgs/include/diagnostic_msgs/msg/detail/diagnostic_array__type_support.cpp
[1.083s] -- Up-to-date: /home/devpc/Desktop/microros_ws/install/diagnostic_msgs/include/diagnostic_msgs/msg/detail/key_value__type_support.cpp
[1.083s] -- Up-to-date: /home/devpc/Desktop/microros_ws/install/diagnostic_msgs/include/diagnostic_msgs/msg/detail/diagnostic_status__type_support.cpp
[1.084s] -- Up-to-date: /home/devpc/Desktop/microros_ws/install/diagnostic_msgs/include/diagnostic_msgs/msg/detail/diagnostic_array__rosidl_typesupport_introspection_cpp.hpp
[1.085s] -- Up-to-date: /home/devpc/Desktop/microros_ws/install/diagnostic_msgs/include/diagnostic_msgs/srv
[1.085s] -- Up-to-date: /home/devpc/Desktop/microros_ws/install/diagnostic_msgs/include/diagnostic_msgs/srv/detail
[1.086s] -- Up-to-date: /home/devpc/Desktop/microros_ws/install/diagnostic_msgs/include/diagnostic_msgs/srv/detail/self_test__rosidl_typesupport_introspection_cpp.hpp
[1.086s] -- Up-to-date: /home/devpc/Desktop/microros_ws/install/diagnostic_msgs/include/diagnostic_msgs/srv/detail/add_diagnostics__type_support.cpp
[1.086s] -- Up-to-date: /home/devpc/Desktop/microros_ws/install/diagnostic_msgs/include/diagnostic_msgs/srv/detail/self_test__type_support.cpp
[1.086s] -- Up-to-date: /home/devpc/Desktop/microros_ws/install/diagnostic_msgs/include/diagnostic_msgs/srv/detail/add_diagnostics__rosidl_typesupport_introspection_cpp.hpp
[1.086s] -- Up-to-date: /home/devpc/Desktop/microros_ws/install/diagnostic_msgs/lib/libdiagnostic_msgs__rosidl_typesupport_introspection_cpp.so
[1.090s] -- Up-to-date: /home/devpc/Desktop/microros_ws/install/diagnostic_msgs/lib/libdiagnostic_msgs__rosidl_typesupport_cpp.so
[1.090s] -- Up-to-date: /home/devpc/Desktop/microros_ws/install/diagnostic_msgs/share/diagnostic_msgs/environment/pythonpath.sh
[1.090s] -- Up-to-date: /home/devpc/Desktop/microros_ws/install/diagnostic_msgs/share/diagnostic_msgs/environment/pythonpath.dsv
[1.090s] -- Up-to-date: /home/devpc/Desktop/microros_ws/install/diagnostic_msgs/lib/python3.8/site-packages/diagnostic_msgs/__init__.py
[1.132s] -- Up-to-date: /home/devpc/Desktop/microros_ws/install/diagnostic_msgs/lib/python3.8/site-packages/diagnostic_msgs/msg
[1.134s] -- Up-to-date: /home/devpc/Desktop/microros_ws/install/diagnostic_msgs/lib/python3.8/site-packages/diagnostic_msgs/msg/_key_value_s.c
[1.135s] -- Up-to-date: /home/devpc/Desktop/microros_ws/install/diagnostic_msgs/lib/python3.8/site-packages/diagnostic_msgs/msg/_key_value.py
[1.136s] -- Up-to-date: /home/devpc/Desktop/microros_ws/install/diagnostic_msgs/lib/python3.8/site-packages/diagnostic_msgs/msg/__init__.py
[1.136s] -- Up-to-date: /home/devpc/Desktop/microros_ws/install/diagnostic_msgs/lib/python3.8/site-packages/diagnostic_msgs/msg/_diagnostic_status_s.c
[1.136s] -- Up-to-date: /home/devpc/Desktop/microros_ws/install/diagnostic_msgs/lib/python3.8/site-packages/diagnostic_msgs/msg/_diagnostic_array_s.c
[1.137s] -- Up-to-date: /home/devpc/Desktop/microros_ws/install/diagnostic_msgs/lib/python3.8/site-packages/diagnostic_msgs/msg/_diagnostic_array.py
[1.137s] -- Up-to-date: /home/devpc/Desktop/microros_ws/install/diagnostic_msgs/lib/python3.8/site-packages/diagnostic_msgs/msg/_diagnostic_status.py
[1.137s] -- Up-to-date: /home/devpc/Desktop/microros_ws/install/diagnostic_msgs/lib/python3.8/site-packages/diagnostic_msgs/srv
[1.138s] -- Up-to-date: /home/devpc/Desktop/microros_ws/install/diagnostic_msgs/lib/python3.8/site-packages/diagnostic_msgs/srv/_self_test_s.c
[1.138s] -- Up-to-date: /home/devpc/Desktop/microros_ws/install/diagnostic_msgs/lib/python3.8/site-packages/diagnostic_msgs/srv/__init__.py
[1.138s] -- Up-to-date: /home/devpc/Desktop/microros_ws/install/diagnostic_msgs/lib/python3.8/site-packages/diagnostic_msgs/srv/_add_diagnostics_s.c
[1.139s] -- Up-to-date: /home/devpc/Desktop/microros_ws/install/diagnostic_msgs/lib/python3.8/site-packages/diagnostic_msgs/srv/_add_diagnostics.py
[1.139s] -- Up-to-date: /home/devpc/Desktop/microros_ws/install/diagnostic_msgs/lib/python3.8/site-packages/diagnostic_msgs/srv/_self_test.py
[1.141s] -- Up-to-date: /home/devpc/Desktop/microros_ws/install/diagnostic_msgs/lib/python3.8/site-packages/diagnostic_msgs/diagnostic_msgs_s__rosidl_typesupport_microxrcedds_c.cpython-38-x86_64-linux-gnu.so
[1.141s] -- Up-to-date: /home/devpc/Desktop/microros_ws/install/diagnostic_msgs/lib/python3.8/site-packages/diagnostic_msgs/diagnostic_msgs_s__rosidl_typesupport_fastrtps_c.cpython-38-x86_64-linux-gnu.so
[1.141s] -- Up-to-date: /home/devpc/Desktop/microros_ws/install/diagnostic_msgs/lib/python3.8/site-packages/diagnostic_msgs/diagnostic_msgs_s__rosidl_typesupport_introspection_c.cpython-38-x86_64-linux-gnu.so
[1.142s] -- Up-to-date: /home/devpc/Desktop/microros_ws/install/diagnostic_msgs/lib/python3.8/site-packages/diagnostic_msgs/diagnostic_msgs_s__rosidl_typesupport_c.cpython-38-x86_64-linux-gnu.so
[1.142s] -- Up-to-date: /home/devpc/Desktop/microros_ws/install/diagnostic_msgs/lib/libdiagnostic_msgs__python.so
[1.143s] -- Up-to-date: /home/devpc/Desktop/microros_ws/install/diagnostic_msgs/share/diagnostic_msgs/msg/DiagnosticArray.idl
[1.143s] -- Up-to-date: /home/devpc/Desktop/microros_ws/install/diagnostic_msgs/share/diagnostic_msgs/msg/DiagnosticStatus.idl
[1.143s] -- Up-to-date: /home/devpc/Desktop/microros_ws/install/diagnostic_msgs/share/diagnostic_msgs/msg/KeyValue.idl
[1.144s] -- Up-to-date: /home/devpc/Desktop/microros_ws/install/diagnostic_msgs/share/diagnostic_msgs/srv/AddDiagnostics.idl
[1.144s] -- Up-to-date: /home/devpc/Desktop/microros_ws/install/diagnostic_msgs/share/diagnostic_msgs/srv/SelfTest.idl
[1.144s] -- Up-to-date: /home/devpc/Desktop/microros_ws/install/diagnostic_msgs/share/diagnostic_msgs/msg/DiagnosticArray.msg
[1.145s] -- Up-to-date: /home/devpc/Desktop/microros_ws/install/diagnostic_msgs/share/diagnostic_msgs/msg/DiagnosticStatus.msg
[1.145s] -- Up-to-date: /home/devpc/Desktop/microros_ws/install/diagnostic_msgs/share/diagnostic_msgs/msg/KeyValue.msg
[1.146s] -- Up-to-date: /home/devpc/Desktop/microros_ws/install/diagnostic_msgs/share/diagnostic_msgs/srv/AddDiagnostics.srv
[1.147s] -- Up-to-date: /home/devpc/Desktop/microros_ws/install/diagnostic_msgs/share/diagnostic_msgs/srv/AddDiagnostics_Request.msg
[1.147s] -- Up-to-date: /home/devpc/Desktop/microros_ws/install/diagnostic_msgs/share/diagnostic_msgs/srv/AddDiagnostics_Response.msg
[1.148s] -- Up-to-date: /home/devpc/Desktop/microros_ws/install/diagnostic_msgs/share/diagnostic_msgs/srv/SelfTest.srv
[1.148s] -- Up-to-date: /home/devpc/Desktop/microros_ws/install/diagnostic_msgs/share/diagnostic_msgs/srv/SelfTest_Request.msg
[1.148s] -- Up-to-date: /home/devpc/Desktop/microros_ws/install/diagnostic_msgs/share/diagnostic_msgs/srv/SelfTest_Response.msg
[1.149s] -- Up-to-date: /home/devpc/Desktop/microros_ws/install/diagnostic_msgs/share/ament_index/resource_index/package_run_dependencies/diagnostic_msgs
[1.149s] -- Up-to-date: /home/devpc/Desktop/microros_ws/install/diagnostic_msgs/share/ament_index/resource_index/parent_prefix_path/diagnostic_msgs
[1.149s] -- Up-to-date: /home/devpc/Desktop/microros_ws/install/diagnostic_msgs/share/diagnostic_msgs/environment/ament_prefix_path.sh
[1.150s] -- Up-to-date: /home/devpc/Desktop/microros_ws/install/diagnostic_msgs/share/diagnostic_msgs/environment/ament_prefix_path.dsv
[1.150s] -- Up-to-date: /home/devpc/Desktop/microros_ws/install/diagnostic_msgs/share/diagnostic_msgs/environment/path.sh
[1.150s] -- Up-to-date: /home/devpc/Desktop/microros_ws/install/diagnostic_msgs/share/diagnostic_msgs/environment/path.dsv
[1.150s] -- Up-to-date: /home/devpc/Desktop/microros_ws/install/diagnostic_msgs/share/diagnostic_msgs/local_setup.bash
[1.151s] -- Up-to-date: /home/devpc/Desktop/microros_ws/install/diagnostic_msgs/share/diagnostic_msgs/local_setup.sh
[1.151s] -- Up-to-date: /home/devpc/Desktop/microros_ws/install/diagnostic_msgs/share/diagnostic_msgs/local_setup.zsh
[1.151s] -- Up-to-date: /home/devpc/Desktop/microros_ws/install/diagnostic_msgs/share/diagnostic_msgs/local_setup.dsv
[1.151s] -- Installing: /home/devpc/Desktop/microros_ws/install/diagnostic_msgs/share/diagnostic_msgs/package.dsv
[1.159s] -- Up-to-date: /home/devpc/Desktop/microros_ws/install/diagnostic_msgs/share/ament_index/resource_index/packages/diagnostic_msgs
[1.160s] -- Up-to-date: /home/devpc/Desktop/microros_ws/install/diagnostic_msgs/share/diagnostic_msgs/cmake/diagnostic_msgs__rosidl_generator_cExport.cmake
[1.160s] -- Up-to-date: /home/devpc/Desktop/microros_ws/install/diagnostic_msgs/share/diagnostic_msgs/cmake/diagnostic_msgs__rosidl_generator_cExport-noconfig.cmake
[1.160s] -- Up-to-date: /home/devpc/Desktop/microros_ws/install/diagnostic_msgs/share/diagnostic_msgs/cmake/diagnostic_msgs__rosidl_typesupport_introspection_cExport.cmake
[1.160s] -- Up-to-date: /home/devpc/Desktop/microros_ws/install/diagnostic_msgs/share/diagnostic_msgs/cmake/diagnostic_msgs__rosidl_typesupport_introspection_cExport-noconfig.cmake
[1.160s] -- Up-to-date: /home/devpc/Desktop/microros_ws/install/diagnostic_msgs/share/diagnostic_msgs/cmake/diagnostic_msgs__rosidl_typesupport_cExport.cmake
[1.161s] -- Up-to-date: /home/devpc/Desktop/microros_ws/install/diagnostic_msgs/share/diagnostic_msgs/cmake/diagnostic_msgs__rosidl_typesupport_cExport-noconfig.cmake
[1.161s] -- Up-to-date: /home/devpc/Desktop/microros_ws/install/diagnostic_msgs/share/diagnostic_msgs/cmake/diagnostic_msgs__rosidl_generator_cppExport.cmake
[1.161s] -- Up-to-date: /home/devpc/Desktop/microros_ws/install/diagnostic_msgs/share/diagnostic_msgs/cmake/diagnostic_msgs__rosidl_typesupport_introspection_cppExport.cmake
[1.162s] -- Up-to-date: /home/devpc/Desktop/microros_ws/install/diagnostic_msgs/share/diagnostic_msgs/cmake/diagnostic_msgs__rosidl_typesupport_introspection_cppExport-noconfig.cmake
[1.162s] -- Up-to-date: /home/devpc/Desktop/microros_ws/install/diagnostic_msgs/share/diagnostic_msgs/cmake/diagnostic_msgs__rosidl_typesupport_cppExport.cmake
[1.162s] -- Up-to-date: /home/devpc/Desktop/microros_ws/install/diagnostic_msgs/share/diagnostic_msgs/cmake/diagnostic_msgs__rosidl_typesupport_cppExport-noconfig.cmake
[1.162s] -- Up-to-date: /home/devpc/Desktop/microros_ws/install/diagnostic_msgs/share/diagnostic_msgs/cmake/rosidl_cmake-extras.cmake
[1.162s] -- Up-to-date: /home/devpc/Desktop/microros_ws/install/diagnostic_msgs/share/diagnostic_msgs/cmake/ament_cmake_export_dependencies-extras.cmake
[1.162s] -- Up-to-date: /home/devpc/Desktop/microros_ws/install/diagnostic_msgs/share/diagnostic_msgs/cmake/ament_cmake_export_libraries-extras.cmake
[1.162s] -- Up-to-date: /home/devpc/Desktop/microros_ws/install/diagnostic_msgs/share/diagnostic_msgs/cmake/ament_cmake_export_targets-extras.cmake
[1.163s] -- Up-to-date: /home/devpc/Desktop/microros_ws/install/diagnostic_msgs/share/diagnostic_msgs/cmake/ament_cmake_export_include_directories-extras.cmake
[1.163s] -- Up-to-date: /home/devpc/Desktop/microros_ws/install/diagnostic_msgs/share/diagnostic_msgs/cmake/rosidl_cmake_export_typesupport_libraries-extras.cmake
[1.163s] -- Up-to-date: /home/devpc/Desktop/microros_ws/install/diagnostic_msgs/share/diagnostic_msgs/cmake/rosidl_cmake_export_typesupport_targets-extras.cmake
[1.163s] -- Up-to-date: /home/devpc/Desktop/microros_ws/install/diagnostic_msgs/share/diagnostic_msgs/cmake/diagnostic_msgsConfig.cmake
[1.163s] -- Up-to-date: /home/devpc/Desktop/microros_ws/install/diagnostic_msgs/share/diagnostic_msgs/cmake/diagnostic_msgsConfig-version.cmake
[1.164s] -- Up-to-date: /home/devpc/Desktop/microros_ws/install/diagnostic_msgs/share/diagnostic_msgs/package.xml
[1.189s] Invoked command in '/home/devpc/Desktop/microros_ws/build/diagnostic_msgs' returned '0': CMAKE_PREFIX_PATH=/home/devpc/Desktop/microros_ws/install/geometry_msgs:/home/devpc/Desktop/microros_ws/install/std_msgs:/home/devpc/Desktop/microros_ws/install/builtin_interfaces:/home/devpc/Desktop/microros_ws/install/common_interfaces:/home/devpc/Desktop/microros_ws/install/visualization_msgs:/home/devpc/Desktop/microros_ws/install/test_msgs:/home/devpc/Desktop/microros_ws/install/micro_ros_demos_rclc:/home/devpc/Desktop/microros_ws/install/example_interfaces:/home/devpc/Desktop/microros_ws/install/action_msgs:/home/devpc/Desktop/microros_ws/install/unique_identifier_msgs:/home/devpc/Desktop/microros_ws/install/trajectory_msgs:/home/devpc/Desktop/microros_ws/install/stereo_msgs:/home/devpc/Desktop/microros_ws/install/std_srvs:/home/devpc/Desktop/microros_ws/install/shape_msgs:/home/devpc/Desktop/microros_ws/install/sensor_msgs:/home/devpc/Desktop/microros_ws/install/nav_msgs:/home/devpc/Desktop/microros_ws/install/diagnostic_msgs:/home/devpc/Desktop/microros_ws/install/drive_base_msgs:/home/devpc/Desktop/microros_ws/install/actionlib_msgs:/home/devpc/Desktop/microros_ws/install/statistics_msgs:/home/devpc/Desktop/microros_ws/install/rosidl_typesupport_microxrcedds_test_msg:/home/devpc/Desktop/microros_ws/install/rosidl_typesupport_microxrcedds_cpp_tests:/home/devpc/Desktop/microros_ws/install/rmw_microxrcedds:/home/devpc/Desktop/microros_ws/install/rosidl_typesupport_microxrcedds_cpp:/home/devpc/Desktop/microros_ws/install/rosidl_typesupport_microxrcedds_c_tests:/home/devpc/Desktop/microros_ws/install/rosidl_typesupport_microxrcedds_c:/home/devpc/Desktop/microros_ws/install/rosgraph_msgs:/home/devpc/Desktop/microros_ws/install/rclc:/home/devpc/Desktop/microros_ws/install/composition_interfaces:/home/devpc/Desktop/microros_ws/install/rcl_interfaces:/home/devpc/Desktop/microros_ws/install/microxrcedds_client:/home/devpc/Desktop/microros_ws/install/microcdr:/home/devpc/Desktop/microros_ws/install/micro_ros_demos_rclcpp:/home/devpc/Desktop/microros_ws/install/lifecycle_msgs:/home/devpc/Desktop/microros_ws/install/complex_msgs:/home/devpc/Desktop/microros_ws/install/micro_ros_agent:/home/devpc/Desktop/microros_ws/install/microxrcedds_agent:/home/devpc/Desktop/microros_ws/install/micro_ros_setup:/home/devpc/Desktop/microros_ws/install/micro_ros_msgs:/home/devpc/Desktop/quad_ws/install/quad_interfaces:/home/devpc/Desktop/microros_ws/install/sensor_msgs_py:/home/devpc/Desktop/quad_ws/install/quad:/opt/ros/foxy LD_LIBRARY_PATH=/home/devpc/Desktop/microros_ws/install/geometry_msgs/lib:/home/devpc/Desktop/microros_ws/install/std_msgs/lib:/home/devpc/Desktop/microros_ws/install/builtin_interfaces/lib:/home/devpc/Desktop/microros_ws/install/visualization_msgs/lib:/home/devpc/Desktop/microros_ws/install/test_msgs/lib:/home/devpc/Desktop/microros_ws/install/example_interfaces/lib:/home/devpc/Desktop/microros_ws/install/action_msgs/lib:/home/devpc/Desktop/microros_ws/install/unique_identifier_msgs/lib:/home/devpc/Desktop/microros_ws/install/trajectory_msgs/lib:/home/devpc/Desktop/microros_ws/install/stereo_msgs/lib:/home/devpc/Desktop/microros_ws/install/std_srvs/lib:/home/devpc/Desktop/microros_ws/install/shape_msgs/lib:/home/devpc/Desktop/microros_ws/install/sensor_msgs/lib:/home/devpc/Desktop/microros_ws/install/nav_msgs/lib:/home/devpc/Desktop/microros_ws/install/diagnostic_msgs/lib:/home/devpc/Desktop/microros_ws/install/drive_base_msgs/lib:/home/devpc/Desktop/microros_ws/install/actionlib_msgs/lib:/home/devpc/Desktop/microros_ws/install/statistics_msgs/lib:/home/devpc/Desktop/microros_ws/install/rosidl_typesupport_microxrcedds_test_msg/lib:/home/devpc/Desktop/microros_ws/install/rmw_microxrcedds/lib:/home/devpc/Desktop/microros_ws/install/rosidl_typesupport_microxrcedds_cpp/lib:/home/devpc/Desktop/microros_ws/install/rosidl_typesupport_microxrcedds_c/lib:/home/devpc/Desktop/microros_ws/install/rosgraph_msgs/lib:/home/devpc/Desktop/microros_ws/install/rclc/lib:/home/devpc/Desktop/microros_ws/install/composition_interfaces/lib:/home/devpc/Desktop/microros_ws/install/rcl_interfaces/lib:/home/devpc/Desktop/microros_ws/install/microxrcedds_client/lib:/home/devpc/Desktop/microros_ws/install/microcdr/lib:/home/devpc/Desktop/microros_ws/install/lifecycle_msgs/lib:/home/devpc/Desktop/microros_ws/install/complex_msgs/lib:/home/devpc/Desktop/microros_ws/install/microxrcedds_agent/lib:/home/devpc/Desktop/microros_ws/install/micro_ros_msgs/lib:/home/devpc/Desktop/quad_ws/install/quad_interfaces/lib:/opt/ros/foxy/opt/yaml_cpp_vendor/lib:/opt/ros/foxy/opt/rviz_ogre_vendor/lib:/opt/ros/foxy/lib/x86_64-linux-gnu:/opt/ros/foxy/lib PYTHONPATH=/home/devpc/Desktop/microros_ws/install/geometry_msgs/lib/python3.8/site-packages:/home/devpc/Desktop/microros_ws/install/std_msgs/lib/python3.8/site-packages:/home/devpc/Desktop/microros_ws/install/builtin_interfaces/lib/python3.8/site-packages:/home/devpc/Desktop/microros_ws/install/visualization_msgs/lib/python3.8/site-packages:/home/devpc/Desktop/microros_ws/install/test_msgs/lib/python3.8/site-packages:/home/devpc/Desktop/microros_ws/install/example_interfaces/lib/python3.8/site-packages:/home/devpc/Desktop/microros_ws/install/action_msgs/lib/python3.8/site-packages:/home/devpc/Desktop/microros_ws/install/unique_identifier_msgs/lib/python3.8/site-packages:/home/devpc/Desktop/microros_ws/install/trajectory_msgs/lib/python3.8/site-packages:/home/devpc/Desktop/microros_ws/install/stereo_msgs/lib/python3.8/site-packages:/home/devpc/Desktop/microros_ws/install/std_srvs/lib/python3.8/site-packages:/home/devpc/Desktop/microros_ws/install/shape_msgs/lib/python3.8/site-packages:/home/devpc/Desktop/microros_ws/install/sensor_msgs_py/lib/python3.8/site-packages:/home/devpc/Desktop/microros_ws/install/sensor_msgs/lib/python3.8/site-packages:/home/devpc/Desktop/microros_ws/install/nav_msgs/lib/python3.8/site-packages:/home/devpc/Desktop/microros_ws/install/diagnostic_msgs/lib/python3.8/site-packages:/home/devpc/Desktop/microros_ws/install/drive_base_msgs/lib/python3.8/site-packages:/home/devpc/Desktop/microros_ws/install/actionlib_msgs/lib/python3.8/site-packages:/home/devpc/Desktop/microros_ws/install/statistics_msgs/lib/python3.8/site-packages:/home/devpc/Desktop/microros_ws/install/rosidl_typesupport_microxrcedds_test_msg/lib/python3.8/site-packages:/home/devpc/Desktop/microros_ws/install/rosidl_typesupport_microxrcedds_cpp/lib/python3.8/site-packages:/home/devpc/Desktop/microros_ws/install/rosidl_typesupport_microxrcedds_c/lib/python3.8/site-packages:/home/devpc/Desktop/microros_ws/install/rosgraph_msgs/lib/python3.8/site-packages:/home/devpc/Desktop/microros_ws/install/composition_interfaces/lib/python3.8/site-packages:/home/devpc/Desktop/microros_ws/install/rcl_interfaces/lib/python3.8/site-packages:/home/devpc/Desktop/microros_ws/install/lifecycle_msgs/lib/python3.8/site-packages:/home/devpc/Desktop/microros_ws/install/complex_msgs/lib/python3.8/site-packages:/home/devpc/Desktop/microros_ws/install/micro_ros_msgs/lib/python3.8/site-packages:/home/devpc/Desktop/quad_ws/install/quad_interfaces/lib/python3.8/site-packages:/home/devpc/Desktop/quad_ws/install/quad/lib/python3.8/site-packages:/opt/ros/foxy/lib/python3.8/site-packages /usr/bin/cmake --install /home/devpc/Desktop/microros_ws/build/diagnostic_msgs
