[0.022s] Invoking command in '/home/devpc/Desktop/microros_ws/build/micro_ros_msgs': CMAKE_PREFIX_PATH=${CMAKE_PREFIX_PATH}:/opt/ros/foxy /usr/bin/cmake /home/devpc/Desktop/microros_ws/src/uros/micro_ros_msgs -DUAGENT_BUILD_EXECUTABLE=OFF -DUAGENT_P2P_PROFILE=OFF --no-warn-unused-cli -DCMAKE_INSTALL_PREFIX=/home/devpc/Desktop/microros_ws/install/micro_ros_msgs
[0.030s] Not searching for unused variables given on the command line.
[0.069s] -- The C compiler identification is GNU 9.3.0
[0.115s] -- The CXX compiler identification is GNU 9.3.0
[0.120s] -- Check for working C compiler: /usr/bin/cc
[0.182s] -- Check for working C compiler: /usr/bin/cc -- works
[0.184s] -- Detecting C compiler ABI info
[0.241s] -- Detecting C compiler ABI info - done
[0.254s] -- Detecting C compile features
[0.254s] -- Detecting C compile features - done
[0.257s] -- Check for working CXX compiler: /usr/bin/c++
[0.328s] -- Check for working CXX compiler: /usr/bin/c++ -- works
[0.329s] -- Detecting CXX compiler ABI info
[0.394s] -- Detecting CXX compiler ABI info - done
[0.413s] -- Detecting CXX compile features
[0.414s] -- Detecting CXX compile features - done
[0.417s] -- Found ament_cmake: 0.9.8 (/opt/ros/foxy/share/ament_cmake/cmake)
[0.439s] -- Found PythonInterp: /usr/bin/python3 (found suitable version "3.8.10", minimum required is "3") 
[0.439s] -- Using PYTHON_EXECUTABLE: /usr/bin/python3
[0.627s] -- Found rosidl_default_generators: 1.0.1 (/opt/ros/foxy/share/rosidl_default_generators/cmake)
[0.630s] -- Using all available rosidl_typesupport_c: rosidl_typesupport_fastrtps_c;rosidl_typesupport_introspection_c
[0.636s] -- Found rosidl_adapter: 1.2.1 (/opt/ros/foxy/share/rosidl_adapter/cmake)
[0.718s] -- Found OpenSSL: /usr/lib/x86_64-linux-gnu/libcrypto.so (found version "1.1.1f")  
[0.754s] -- Found FastRTPS: /opt/ros/foxy/include  
[0.838s] -- Using all available rosidl_typesupport_cpp: rosidl_typesupport_fastrtps_cpp;rosidl_typesupport_introspection_cpp
[0.866s] -- Found ament_lint_auto: 0.9.6 (/opt/ros/foxy/share/ament_lint_auto/cmake)
[0.953s] -- Found PythonInterp: /usr/bin/python3 (found version "3.8.10") 
[1.027s] -- Found ament_cmake_ros: 0.9.2 (/opt/ros/foxy/share/ament_cmake_ros/cmake)
[1.121s] -- Using all available rosidl_typesupport_c: rosidl_typesupport_fastrtps_c;rosidl_typesupport_introspection_c
[1.130s] -- Using all available rosidl_typesupport_cpp: rosidl_typesupport_fastrtps_cpp;rosidl_typesupport_introspection_cpp
[1.153s] -- Found PythonInterp: /usr/bin/python3 (found suitable version "3.8.10", minimum required is "3.5") 
[1.154s] -- Found python_cmake_module: 0.8.1 (/opt/ros/foxy/share/python_cmake_module/cmake)
[1.181s] -- Found PythonLibs: /usr/lib/x86_64-linux-gnu/libpython3.8.so (found suitable version "3.8.10", minimum required is "3.5") 
[1.181s] -- Using PYTHON_EXECUTABLE: /usr/bin/python3
[1.182s] -- Using PYTHON_INCLUDE_DIRS: /usr/include/python3.8
[1.182s] -- Using PYTHON_LIBRARIES: /usr/lib/x86_64-linux-gnu/libpython3.8.so
[1.206s] -- Found PythonExtra: .so  
[1.252s] -- Added test 'copyright' to check source files copyright and LICENSE
[1.263s] -- Added test 'lint_cmake' to check CMake code style
[1.269s] -- Added test 'xmllint' to check XML markup files
[1.275s] -- Configuring done
[1.306s] -- Generating done
[1.309s] -- Build files have been written to: /home/devpc/Desktop/microros_ws/build/micro_ros_msgs
[1.315s] Invoked command in '/home/devpc/Desktop/microros_ws/build/micro_ros_msgs' returned '0': CMAKE_PREFIX_PATH=${CMAKE_PREFIX_PATH}:/opt/ros/foxy /usr/bin/cmake /home/devpc/Desktop/microros_ws/src/uros/micro_ros_msgs -DUAGENT_BUILD_EXECUTABLE=OFF -DUAGENT_P2P_PROFILE=OFF --no-warn-unused-cli -DCMAKE_INSTALL_PREFIX=/home/devpc/Desktop/microros_ws/install/micro_ros_msgs
[1.316s] Invoking command in '/home/devpc/Desktop/microros_ws/build/micro_ros_msgs': CMAKE_PREFIX_PATH=${CMAKE_PREFIX_PATH}:/opt/ros/foxy /usr/bin/cmake --build /home/devpc/Desktop/microros_ws/build/micro_ros_msgs -- -j8 -l8
[1.350s] [  2%] [34m[1mGenerating C code for ROS interfaces[0m
[1.350s] [35m[1mScanning dependencies of target micro_ros_msgs__cpp[0m
[1.361s] [  4%] [34m[1mGenerating C++ code for ROS interfaces[0m
[1.746s] [35m[1mScanning dependencies of target micro_ros_msgs__rosidl_generator_c[0m
[1.757s] [  4%] Built target micro_ros_msgs__cpp
[1.759s] [ 10%] [32mBuilding C object CMakeFiles/micro_ros_msgs__rosidl_generator_c.dir/rosidl_generator_c/micro_ros_msgs/msg/detail/entity__functions.c.o[0m
[1.759s] [ 10%] [32mBuilding C object CMakeFiles/micro_ros_msgs__rosidl_generator_c.dir/rosidl_generator_c/micro_ros_msgs/msg/detail/graph__functions.c.o[0m
[1.760s] [ 10%] [32mBuilding C object CMakeFiles/micro_ros_msgs__rosidl_generator_c.dir/rosidl_generator_c/micro_ros_msgs/msg/detail/node__functions.c.o[0m
[1.769s] [ 14%] [34m[1mGenerating C++ type support for eProsima Fast-RTPS[0m
[1.769s] [ 14%] [34m[1mGenerating C++ introspection for ROS interfaces[0m
[1.770s] [ 17%] [34m[1mGenerating C++ type support dispatch for ROS interfaces[0m
[1.819s] [ 19%] [32m[1mLinking C shared library libmicro_ros_msgs__rosidl_generator_c.so[0m
[1.858s] [ 19%] Built target micro_ros_msgs__rosidl_generator_c
[1.871s] [ 21%] [34m[1mGenerating C type support dispatch for ROS interfaces[0m
[1.872s] [ 23%] [34m[1mGenerating C introspection for ROS interfaces[0m
[2.168s] [35m[1mScanning dependencies of target micro_ros_msgs__rosidl_typesupport_cpp[0m
[2.186s] [ 25%] [32mBuilding CXX object CMakeFiles/micro_ros_msgs__rosidl_typesupport_cpp.dir/rosidl_typesupport_cpp/micro_ros_msgs/msg/graph__type_support.cpp.o[0m
[2.188s] [ 27%] [32mBuilding CXX object CMakeFiles/micro_ros_msgs__rosidl_typesupport_cpp.dir/rosidl_typesupport_cpp/micro_ros_msgs/msg/node__type_support.cpp.o[0m
[2.230s] [ 29%] [32mBuilding CXX object CMakeFiles/micro_ros_msgs__rosidl_typesupport_cpp.dir/rosidl_typesupport_cpp/micro_ros_msgs/msg/entity__type_support.cpp.o[0m
[2.328s] [35m[1mScanning dependencies of target micro_ros_msgs__rosidl_typesupport_introspection_cpp[0m
[2.363s] [ 31%] [32mBuilding CXX object CMakeFiles/micro_ros_msgs__rosidl_typesupport_introspection_cpp.dir/rosidl_typesupport_introspection_cpp/micro_ros_msgs/msg/detail/graph__type_support.cpp.o[0m
[2.366s] [ 34%] [32mBuilding CXX object CMakeFiles/micro_ros_msgs__rosidl_typesupport_introspection_cpp.dir/rosidl_typesupport_introspection_cpp/micro_ros_msgs/msg/detail/node__type_support.cpp.o[0m
[2.411s] [35m[1mScanning dependencies of target micro_ros_msgs__rosidl_typesupport_c[0m
[2.418s] [35m[1mScanning dependencies of target micro_ros_msgs__rosidl_typesupport_fastrtps_cpp[0m
[2.458s] [ 36%] [32mBuilding CXX object CMakeFiles/micro_ros_msgs__rosidl_typesupport_c.dir/rosidl_typesupport_c/micro_ros_msgs/msg/graph__type_support.cpp.o[0m
[2.471s] [ 38%] [32mBuilding CXX object CMakeFiles/micro_ros_msgs__rosidl_typesupport_fastrtps_cpp.dir/rosidl_typesupport_fastrtps_cpp/micro_ros_msgs/msg/detail/dds_fastrtps/graph__type_support.cpp.o[0m
[2.523s] [35m[1mScanning dependencies of target micro_ros_msgs__rosidl_typesupport_introspection_c[0m
[2.581s] [ 40%] [32mBuilding CXX object CMakeFiles/micro_ros_msgs__rosidl_typesupport_c.dir/rosidl_typesupport_c/micro_ros_msgs/msg/node__type_support.cpp.o[0m
[2.605s] [ 42%] [32mBuilding C object CMakeFiles/micro_ros_msgs__rosidl_typesupport_introspection_c.dir/rosidl_typesupport_introspection_c/micro_ros_msgs/msg/detail/graph__type_support.c.o[0m
[2.686s] [ 44%] [32mBuilding C object CMakeFiles/micro_ros_msgs__rosidl_typesupport_introspection_c.dir/rosidl_typesupport_introspection_c/micro_ros_msgs/msg/detail/node__type_support.c.o[0m
[2.697s] [ 46%] [32mBuilding CXX object CMakeFiles/micro_ros_msgs__rosidl_typesupport_c.dir/rosidl_typesupport_c/micro_ros_msgs/msg/entity__type_support.cpp.o[0m
[2.765s] [ 48%] [32mBuilding C object CMakeFiles/micro_ros_msgs__rosidl_typesupport_introspection_c.dir/rosidl_typesupport_introspection_c/micro_ros_msgs/msg/detail/entity__type_support.c.o[0m
[2.775s] [ 51%] [32m[1mLinking CXX shared library libmicro_ros_msgs__rosidl_typesupport_c.so[0m
[2.784s] [ 53%] [32mBuilding CXX object CMakeFiles/micro_ros_msgs__rosidl_typesupport_introspection_cpp.dir/rosidl_typesupport_introspection_cpp/micro_ros_msgs/msg/detail/entity__type_support.cpp.o[0m
[2.795s] [ 55%] [32mBuilding CXX object CMakeFiles/micro_ros_msgs__rosidl_typesupport_fastrtps_cpp.dir/rosidl_typesupport_fastrtps_cpp/micro_ros_msgs/msg/detail/dds_fastrtps/node__type_support.cpp.o[0m
[2.813s] [ 57%] [32m[1mLinking C shared library libmicro_ros_msgs__rosidl_typesupport_introspection_c.so[0m
[2.838s] [ 57%] Built target micro_ros_msgs__rosidl_typesupport_c
[2.852s] [ 57%] Built target micro_ros_msgs__rosidl_typesupport_introspection_c
[2.854s] [ 59%] [32mBuilding CXX object CMakeFiles/micro_ros_msgs__rosidl_typesupport_fastrtps_cpp.dir/rosidl_typesupport_fastrtps_cpp/micro_ros_msgs/msg/detail/dds_fastrtps/entity__type_support.cpp.o[0m
[2.887s] [ 61%] [32m[1mLinking CXX shared library libmicro_ros_msgs__rosidl_typesupport_cpp.so[0m
[3.016s] [ 61%] Built target micro_ros_msgs__rosidl_typesupport_cpp
[3.403s] [ 63%] [32m[1mLinking CXX shared library libmicro_ros_msgs__rosidl_typesupport_introspection_cpp.so[0m
[3.488s] [ 63%] Built target micro_ros_msgs__rosidl_typesupport_introspection_cpp
[3.602s] [ 65%] [32m[1mLinking CXX shared library libmicro_ros_msgs__rosidl_typesupport_fastrtps_cpp.so[0m
[3.680s] [ 65%] Built target micro_ros_msgs__rosidl_typesupport_fastrtps_cpp
[3.688s] [ 68%] [34m[1mGenerating C type support for eProsima Fast-RTPS[0m
[4.011s] [35m[1mScanning dependencies of target micro_ros_msgs__rosidl_typesupport_fastrtps_c[0m
[4.024s] [ 74%] [32mBuilding CXX object CMakeFiles/micro_ros_msgs__rosidl_typesupport_fastrtps_c.dir/rosidl_typesupport_fastrtps_c/micro_ros_msgs/msg/detail/entity__type_support_c.cpp.o[0m
[4.024s] [ 74%] [32mBuilding CXX object CMakeFiles/micro_ros_msgs__rosidl_typesupport_fastrtps_c.dir/rosidl_typesupport_fastrtps_c/micro_ros_msgs/msg/detail/node__type_support_c.cpp.o[0m
[4.024s] [ 74%] [32mBuilding CXX object CMakeFiles/micro_ros_msgs__rosidl_typesupport_fastrtps_c.dir/rosidl_typesupport_fastrtps_c/micro_ros_msgs/msg/detail/graph__type_support_c.cpp.o[0m
[4.512s] [ 76%] [32m[1mLinking CXX shared library libmicro_ros_msgs__rosidl_typesupport_fastrtps_c.so[0m
[4.593s] [ 76%] Built target micro_ros_msgs__rosidl_typesupport_fastrtps_c
[4.602s] [35m[1mScanning dependencies of target micro_ros_msgs[0m
[4.610s] [ 76%] Built target micro_ros_msgs
[4.619s] [35m[1mScanning dependencies of target micro_ros_msgs__py[0m
[4.628s] [ 78%] [34m[1mGenerating Python code for ROS interfaces[0m
[5.229s] [ 78%] Built target micro_ros_msgs__py
[5.237s] [35m[1mScanning dependencies of target micro_ros_msgs__python[0m
[5.258s] [ 85%] [32mBuilding C object CMakeFiles/micro_ros_msgs__python.dir/rosidl_generator_py/micro_ros_msgs/msg/_node_s.c.o[0m
[5.258s] [ 85%] [32mBuilding C object CMakeFiles/micro_ros_msgs__python.dir/rosidl_generator_py/micro_ros_msgs/msg/_graph_s.c.o[0m
[5.258s] [ 85%] [32mBuilding C object CMakeFiles/micro_ros_msgs__python.dir/rosidl_generator_py/micro_ros_msgs/msg/_entity_s.c.o[0m
[5.358s] [ 87%] [32m[1mLinking C shared library rosidl_generator_py/micro_ros_msgs/libmicro_ros_msgs__python.so[0m
[5.391s] [ 87%] Built target micro_ros_msgs__python
[5.400s] [35m[1mScanning dependencies of target micro_ros_msgs__rosidl_typesupport_fastrtps_c__pyext[0m
[5.400s] [35m[1mScanning dependencies of target micro_ros_msgs__rosidl_typesupport_c__pyext[0m
[5.400s] [35m[1mScanning dependencies of target micro_ros_msgs__rosidl_typesupport_introspection_c__pyext[0m
[5.415s] [ 89%] [32mBuilding C object CMakeFiles/micro_ros_msgs__rosidl_typesupport_introspection_c__pyext.dir/rosidl_generator_py/micro_ros_msgs/_micro_ros_msgs_s.ep.rosidl_typesupport_introspection_c.c.o[0m
[5.417s] [ 91%] [32mBuilding C object CMakeFiles/micro_ros_msgs__rosidl_typesupport_c__pyext.dir/rosidl_generator_py/micro_ros_msgs/_micro_ros_msgs_s.ep.rosidl_typesupport_c.c.o[0m
[5.419s] [ 93%] [32mBuilding C object CMakeFiles/micro_ros_msgs__rosidl_typesupport_fastrtps_c__pyext.dir/rosidl_generator_py/micro_ros_msgs/_micro_ros_msgs_s.ep.rosidl_typesupport_fastrtps_c.c.o[0m
[5.498s] [ 95%] [32m[1mLinking C shared library rosidl_generator_py/micro_ros_msgs/micro_ros_msgs_s__rosidl_typesupport_introspection_c.cpython-38-x86_64-linux-gnu.so[0m
[5.502s] [ 97%] [32m[1mLinking C shared library rosidl_generator_py/micro_ros_msgs/micro_ros_msgs_s__rosidl_typesupport_c.cpython-38-x86_64-linux-gnu.so[0m
[5.508s] [100%] [32m[1mLinking CXX shared library rosidl_generator_py/micro_ros_msgs/micro_ros_msgs_s__rosidl_typesupport_fastrtps_c.cpython-38-x86_64-linux-gnu.so[0m
[5.527s] [100%] Built target micro_ros_msgs__rosidl_typesupport_introspection_c__pyext
[5.531s] [100%] Built target micro_ros_msgs__rosidl_typesupport_c__pyext
[5.562s] [100%] Built target micro_ros_msgs__rosidl_typesupport_fastrtps_c__pyext
[5.571s] Invoked command in '/home/devpc/Desktop/microros_ws/build/micro_ros_msgs' returned '0': CMAKE_PREFIX_PATH=${CMAKE_PREFIX_PATH}:/opt/ros/foxy /usr/bin/cmake --build /home/devpc/Desktop/microros_ws/build/micro_ros_msgs -- -j8 -l8
[5.636s] Invoking command in '/home/devpc/Desktop/microros_ws/build/micro_ros_msgs': CMAKE_PREFIX_PATH=${CMAKE_PREFIX_PATH}:/opt/ros/foxy /usr/bin/cmake --install /home/devpc/Desktop/microros_ws/build/micro_ros_msgs
[5.643s] -- Install configuration: ""
[5.644s] -- Installing: /home/devpc/Desktop/microros_ws/install/micro_ros_msgs/share/ament_index/resource_index/rosidl_interfaces/micro_ros_msgs
[5.644s] -- Installing: /home/devpc/Desktop/microros_ws/install/micro_ros_msgs/include/micro_ros_msgs
[5.644s] -- Installing: /home/devpc/Desktop/microros_ws/install/micro_ros_msgs/include/micro_ros_msgs/msg
[5.644s] -- Installing: /home/devpc/Desktop/microros_ws/install/micro_ros_msgs/include/micro_ros_msgs/msg/detail
[5.644s] -- Installing: /home/devpc/Desktop/microros_ws/install/micro_ros_msgs/include/micro_ros_msgs/msg/detail/entity__functions.c
[5.644s] -- Installing: /home/devpc/Desktop/microros_ws/install/micro_ros_msgs/include/micro_ros_msgs/msg/detail/entity__struct.h
[5.644s] -- Installing: /home/devpc/Desktop/microros_ws/install/micro_ros_msgs/include/micro_ros_msgs/msg/detail/graph__functions.c
[5.644s] -- Installing: /home/devpc/Desktop/microros_ws/install/micro_ros_msgs/include/micro_ros_msgs/msg/detail/node__struct.h
[5.644s] -- Installing: /home/devpc/Desktop/microros_ws/install/micro_ros_msgs/include/micro_ros_msgs/msg/detail/entity__type_support.h
[5.645s] -- Installing: /home/devpc/Desktop/microros_ws/install/micro_ros_msgs/include/micro_ros_msgs/msg/detail/graph__type_support.h
[5.645s] -- Installing: /home/devpc/Desktop/microros_ws/install/micro_ros_msgs/include/micro_ros_msgs/msg/detail/node__type_support.h
[5.645s] -- Installing: /home/devpc/Desktop/microros_ws/install/micro_ros_msgs/include/micro_ros_msgs/msg/detail/node__functions.h
[5.645s] -- Installing: /home/devpc/Desktop/microros_ws/install/micro_ros_msgs/include/micro_ros_msgs/msg/detail/graph__functions.h
[5.645s] -- Installing: /home/devpc/Desktop/microros_ws/install/micro_ros_msgs/include/micro_ros_msgs/msg/detail/node__functions.c
[5.645s] -- Installing: /home/devpc/Desktop/microros_ws/install/micro_ros_msgs/include/micro_ros_msgs/msg/detail/entity__functions.h
[5.645s] -- Installing: /home/devpc/Desktop/microros_ws/install/micro_ros_msgs/include/micro_ros_msgs/msg/detail/graph__struct.h
[5.645s] -- Installing: /home/devpc/Desktop/microros_ws/install/micro_ros_msgs/include/micro_ros_msgs/msg/node.h
[5.645s] -- Installing: /home/devpc/Desktop/microros_ws/install/micro_ros_msgs/include/micro_ros_msgs/msg/graph.h
[5.645s] -- Installing: /home/devpc/Desktop/microros_ws/install/micro_ros_msgs/include/micro_ros_msgs/msg/entity.h
[5.646s] -- Installing: /home/devpc/Desktop/microros_ws/install/micro_ros_msgs/include/micro_ros_msgs/msg/rosidl_generator_c__visibility_control.h
[5.646s] -- Installing: /home/devpc/Desktop/microros_ws/install/micro_ros_msgs/share/micro_ros_msgs/environment/library_path.sh
[5.646s] -- Installing: /home/devpc/Desktop/microros_ws/install/micro_ros_msgs/share/micro_ros_msgs/environment/library_path.dsv
[5.646s] -- Installing: /home/devpc/Desktop/microros_ws/install/micro_ros_msgs/lib/libmicro_ros_msgs__rosidl_generator_c.so
[5.646s] -- Set runtime path of "/home/devpc/Desktop/microros_ws/install/micro_ros_msgs/lib/libmicro_ros_msgs__rosidl_generator_c.so" to ""
[5.646s] -- Up-to-date: /home/devpc/Desktop/microros_ws/install/micro_ros_msgs/include/micro_ros_msgs
[5.646s] -- Up-to-date: /home/devpc/Desktop/microros_ws/install/micro_ros_msgs/include/micro_ros_msgs/msg
[5.646s] -- Up-to-date: /home/devpc/Desktop/microros_ws/install/micro_ros_msgs/include/micro_ros_msgs/msg/detail
[5.646s] -- Installing: /home/devpc/Desktop/microros_ws/install/micro_ros_msgs/include/micro_ros_msgs/msg/detail/graph__rosidl_typesupport_fastrtps_c.h
[5.646s] -- Installing: /home/devpc/Desktop/microros_ws/install/micro_ros_msgs/include/micro_ros_msgs/msg/detail/entity__rosidl_typesupport_fastrtps_c.h
[5.647s] -- Installing: /home/devpc/Desktop/microros_ws/install/micro_ros_msgs/include/micro_ros_msgs/msg/detail/node__rosidl_typesupport_fastrtps_c.h
[5.647s] -- Installing: /home/devpc/Desktop/microros_ws/install/micro_ros_msgs/include/micro_ros_msgs/msg/rosidl_typesupport_fastrtps_c__visibility_control.h
[5.647s] -- Installing: /home/devpc/Desktop/microros_ws/install/micro_ros_msgs/lib/libmicro_ros_msgs__rosidl_typesupport_fastrtps_c.so
[5.647s] -- Set runtime path of "/home/devpc/Desktop/microros_ws/install/micro_ros_msgs/lib/libmicro_ros_msgs__rosidl_typesupport_fastrtps_c.so" to ""
[5.647s] -- Up-to-date: /home/devpc/Desktop/microros_ws/install/micro_ros_msgs/include/micro_ros_msgs
[5.647s] -- Up-to-date: /home/devpc/Desktop/microros_ws/install/micro_ros_msgs/include/micro_ros_msgs/msg
[5.647s] -- Up-to-date: /home/devpc/Desktop/microros_ws/install/micro_ros_msgs/include/micro_ros_msgs/msg/detail
[5.647s] -- Installing: /home/devpc/Desktop/microros_ws/install/micro_ros_msgs/include/micro_ros_msgs/msg/detail/node__rosidl_typesupport_fastrtps_cpp.hpp
[5.647s] -- Installing: /home/devpc/Desktop/microros_ws/install/micro_ros_msgs/include/micro_ros_msgs/msg/detail/entity__rosidl_typesupport_fastrtps_cpp.hpp
[5.648s] -- Installing: /home/devpc/Desktop/microros_ws/install/micro_ros_msgs/include/micro_ros_msgs/msg/detail/graph__rosidl_typesupport_fastrtps_cpp.hpp
[5.648s] -- Installing: /home/devpc/Desktop/microros_ws/install/micro_ros_msgs/include/micro_ros_msgs/msg/detail/dds_fastrtps
[5.648s] -- Installing: /home/devpc/Desktop/microros_ws/install/micro_ros_msgs/include/micro_ros_msgs/msg/rosidl_typesupport_fastrtps_cpp__visibility_control.h
[5.648s] -- Installing: /home/devpc/Desktop/microros_ws/install/micro_ros_msgs/lib/libmicro_ros_msgs__rosidl_typesupport_fastrtps_cpp.so
[5.648s] -- Set runtime path of "/home/devpc/Desktop/microros_ws/install/micro_ros_msgs/lib/libmicro_ros_msgs__rosidl_typesupport_fastrtps_cpp.so" to ""
[5.648s] -- Up-to-date: /home/devpc/Desktop/microros_ws/install/micro_ros_msgs/include/micro_ros_msgs
[5.648s] -- Up-to-date: /home/devpc/Desktop/microros_ws/install/micro_ros_msgs/include/micro_ros_msgs/msg
[5.648s] -- Up-to-date: /home/devpc/Desktop/microros_ws/install/micro_ros_msgs/include/micro_ros_msgs/msg/detail
[5.648s] -- Installing: /home/devpc/Desktop/microros_ws/install/micro_ros_msgs/include/micro_ros_msgs/msg/detail/node__type_support.c
[5.649s] -- Installing: /home/devpc/Desktop/microros_ws/install/micro_ros_msgs/include/micro_ros_msgs/msg/detail/node__rosidl_typesupport_introspection_c.h
[5.649s] -- Installing: /home/devpc/Desktop/microros_ws/install/micro_ros_msgs/include/micro_ros_msgs/msg/detail/graph__type_support.c
[5.649s] -- Installing: /home/devpc/Desktop/microros_ws/install/micro_ros_msgs/include/micro_ros_msgs/msg/detail/entity__type_support.c
[5.649s] -- Installing: /home/devpc/Desktop/microros_ws/install/micro_ros_msgs/include/micro_ros_msgs/msg/detail/graph__rosidl_typesupport_introspection_c.h
[5.649s] -- Installing: /home/devpc/Desktop/microros_ws/install/micro_ros_msgs/include/micro_ros_msgs/msg/detail/entity__rosidl_typesupport_introspection_c.h
[5.649s] -- Installing: /home/devpc/Desktop/microros_ws/install/micro_ros_msgs/include/micro_ros_msgs/msg/rosidl_typesupport_introspection_c__visibility_control.h
[5.649s] -- Installing: /home/devpc/Desktop/microros_ws/install/micro_ros_msgs/lib/libmicro_ros_msgs__rosidl_typesupport_introspection_c.so
[5.649s] -- Set runtime path of "/home/devpc/Desktop/microros_ws/install/micro_ros_msgs/lib/libmicro_ros_msgs__rosidl_typesupport_introspection_c.so" to ""
[5.649s] -- Installing: /home/devpc/Desktop/microros_ws/install/micro_ros_msgs/lib/libmicro_ros_msgs__rosidl_typesupport_c.so
[5.650s] -- Set runtime path of "/home/devpc/Desktop/microros_ws/install/micro_ros_msgs/lib/libmicro_ros_msgs__rosidl_typesupport_c.so" to ""
[5.650s] -- Up-to-date: /home/devpc/Desktop/microros_ws/install/micro_ros_msgs/include/micro_ros_msgs
[5.650s] -- Up-to-date: /home/devpc/Desktop/microros_ws/install/micro_ros_msgs/include/micro_ros_msgs/msg
[5.650s] -- Installing: /home/devpc/Desktop/microros_ws/install/micro_ros_msgs/include/micro_ros_msgs/msg/entity.hpp
[5.650s] -- Up-to-date: /home/devpc/Desktop/microros_ws/install/micro_ros_msgs/include/micro_ros_msgs/msg/detail
[5.650s] -- Installing: /home/devpc/Desktop/microros_ws/install/micro_ros_msgs/include/micro_ros_msgs/msg/detail/entity__builder.hpp
[5.650s] -- Installing: /home/devpc/Desktop/microros_ws/install/micro_ros_msgs/include/micro_ros_msgs/msg/detail/graph__struct.hpp
[5.651s] -- Installing: /home/devpc/Desktop/microros_ws/install/micro_ros_msgs/include/micro_ros_msgs/msg/detail/node__struct.hpp
[5.651s] -- Installing: /home/devpc/Desktop/microros_ws/install/micro_ros_msgs/include/micro_ros_msgs/msg/detail/graph__builder.hpp
[5.651s] -- Installing: /home/devpc/Desktop/microros_ws/install/micro_ros_msgs/include/micro_ros_msgs/msg/detail/node__traits.hpp
[5.651s] -- Installing: /home/devpc/Desktop/microros_ws/install/micro_ros_msgs/include/micro_ros_msgs/msg/detail/node__builder.hpp
[5.651s] -- Installing: /home/devpc/Desktop/microros_ws/install/micro_ros_msgs/include/micro_ros_msgs/msg/detail/entity__struct.hpp
[5.651s] -- Installing: /home/devpc/Desktop/microros_ws/install/micro_ros_msgs/include/micro_ros_msgs/msg/detail/graph__traits.hpp
[5.651s] -- Installing: /home/devpc/Desktop/microros_ws/install/micro_ros_msgs/include/micro_ros_msgs/msg/detail/entity__traits.hpp
[5.651s] -- Installing: /home/devpc/Desktop/microros_ws/install/micro_ros_msgs/include/micro_ros_msgs/msg/node.hpp
[5.651s] -- Installing: /home/devpc/Desktop/microros_ws/install/micro_ros_msgs/include/micro_ros_msgs/msg/graph.hpp
[5.652s] -- Up-to-date: /home/devpc/Desktop/microros_ws/install/micro_ros_msgs/include/micro_ros_msgs
[5.652s] -- Up-to-date: /home/devpc/Desktop/microros_ws/install/micro_ros_msgs/include/micro_ros_msgs/msg
[5.652s] -- Up-to-date: /home/devpc/Desktop/microros_ws/install/micro_ros_msgs/include/micro_ros_msgs/msg/detail
[5.652s] -- Installing: /home/devpc/Desktop/microros_ws/install/micro_ros_msgs/include/micro_ros_msgs/msg/detail/entity__rosidl_typesupport_introspection_cpp.hpp
[5.652s] -- Installing: /home/devpc/Desktop/microros_ws/install/micro_ros_msgs/include/micro_ros_msgs/msg/detail/graph__rosidl_typesupport_introspection_cpp.hpp
[5.652s] -- Installing: /home/devpc/Desktop/microros_ws/install/micro_ros_msgs/include/micro_ros_msgs/msg/detail/graph__type_support.cpp
[5.652s] -- Installing: /home/devpc/Desktop/microros_ws/install/micro_ros_msgs/include/micro_ros_msgs/msg/detail/node__rosidl_typesupport_introspection_cpp.hpp
[5.652s] -- Installing: /home/devpc/Desktop/microros_ws/install/micro_ros_msgs/include/micro_ros_msgs/msg/detail/entity__type_support.cpp
[5.652s] -- Installing: /home/devpc/Desktop/microros_ws/install/micro_ros_msgs/include/micro_ros_msgs/msg/detail/node__type_support.cpp
[5.652s] -- Installing: /home/devpc/Desktop/microros_ws/install/micro_ros_msgs/lib/libmicro_ros_msgs__rosidl_typesupport_introspection_cpp.so
[5.652s] -- Set runtime path of "/home/devpc/Desktop/microros_ws/install/micro_ros_msgs/lib/libmicro_ros_msgs__rosidl_typesupport_introspection_cpp.so" to ""
[5.653s] -- Installing: /home/devpc/Desktop/microros_ws/install/micro_ros_msgs/lib/libmicro_ros_msgs__rosidl_typesupport_cpp.so
[5.653s] -- Set runtime path of "/home/devpc/Desktop/microros_ws/install/micro_ros_msgs/lib/libmicro_ros_msgs__rosidl_typesupport_cpp.so" to ""
[5.653s] -- Installing: /home/devpc/Desktop/microros_ws/install/micro_ros_msgs/share/micro_ros_msgs/environment/pythonpath.sh
[5.653s] -- Installing: /home/devpc/Desktop/microros_ws/install/micro_ros_msgs/share/micro_ros_msgs/environment/pythonpath.dsv
[5.653s] -- Installing: /home/devpc/Desktop/microros_ws/install/micro_ros_msgs/lib/python3.8/site-packages/micro_ros_msgs/__init__.py
[5.679s] Compiling '/home/devpc/Desktop/microros_ws/install/micro_ros_msgs/lib/python3.8/site-packages/micro_ros_msgs/__init__.py'...
[5.682s] -- Installing: /home/devpc/Desktop/microros_ws/install/micro_ros_msgs/lib/python3.8/site-packages/micro_ros_msgs/msg
[5.682s] -- Installing: /home/devpc/Desktop/microros_ws/install/micro_ros_msgs/lib/python3.8/site-packages/micro_ros_msgs/msg/__init__.py
[5.683s] -- Installing: /home/devpc/Desktop/microros_ws/install/micro_ros_msgs/lib/python3.8/site-packages/micro_ros_msgs/msg/_entity.py
[5.683s] -- Installing: /home/devpc/Desktop/microros_ws/install/micro_ros_msgs/lib/python3.8/site-packages/micro_ros_msgs/msg/_entity_s.c
[5.683s] -- Installing: /home/devpc/Desktop/microros_ws/install/micro_ros_msgs/lib/python3.8/site-packages/micro_ros_msgs/msg/_node.py
[5.683s] -- Installing: /home/devpc/Desktop/microros_ws/install/micro_ros_msgs/lib/python3.8/site-packages/micro_ros_msgs/msg/_graph.py
[5.683s] -- Installing: /home/devpc/Desktop/microros_ws/install/micro_ros_msgs/lib/python3.8/site-packages/micro_ros_msgs/msg/_graph_s.c
[5.683s] -- Installing: /home/devpc/Desktop/microros_ws/install/micro_ros_msgs/lib/python3.8/site-packages/micro_ros_msgs/msg/_node_s.c
[5.683s] -- Installing: /home/devpc/Desktop/microros_ws/install/micro_ros_msgs/lib/python3.8/site-packages/micro_ros_msgs/micro_ros_msgs_s__rosidl_typesupport_fastrtps_c.cpython-38-x86_64-linux-gnu.so
[5.684s] -- Set runtime path of "/home/devpc/Desktop/microros_ws/install/micro_ros_msgs/lib/python3.8/site-packages/micro_ros_msgs/micro_ros_msgs_s__rosidl_typesupport_fastrtps_c.cpython-38-x86_64-linux-gnu.so" to ""
[5.684s] -- Installing: /home/devpc/Desktop/microros_ws/install/micro_ros_msgs/lib/python3.8/site-packages/micro_ros_msgs/micro_ros_msgs_s__rosidl_typesupport_introspection_c.cpython-38-x86_64-linux-gnu.so
[5.685s] -- Set runtime path of "/home/devpc/Desktop/microros_ws/install/micro_ros_msgs/lib/python3.8/site-packages/micro_ros_msgs/micro_ros_msgs_s__rosidl_typesupport_introspection_c.cpython-38-x86_64-linux-gnu.so" to ""
[5.686s] -- Installing: /home/devpc/Desktop/microros_ws/install/micro_ros_msgs/lib/python3.8/site-packages/micro_ros_msgs/micro_ros_msgs_s__rosidl_typesupport_c.cpython-38-x86_64-linux-gnu.so
[5.687s] -- Set runtime path of "/home/devpc/Desktop/microros_ws/install/micro_ros_msgs/lib/python3.8/site-packages/micro_ros_msgs/micro_ros_msgs_s__rosidl_typesupport_c.cpython-38-x86_64-linux-gnu.so" to ""
[5.687s] -- Installing: /home/devpc/Desktop/microros_ws/install/micro_ros_msgs/lib/libmicro_ros_msgs__python.so
[5.688s] -- Set runtime path of "/home/devpc/Desktop/microros_ws/install/micro_ros_msgs/lib/libmicro_ros_msgs__python.so" to ""
[5.688s] -- Installing: /home/devpc/Desktop/microros_ws/install/micro_ros_msgs/share/micro_ros_msgs/msg/Graph.idl
[5.688s] -- Installing: /home/devpc/Desktop/microros_ws/install/micro_ros_msgs/share/micro_ros_msgs/msg/Node.idl
[5.689s] -- Installing: /home/devpc/Desktop/microros_ws/install/micro_ros_msgs/share/micro_ros_msgs/msg/Entity.idl
[5.689s] -- Installing: /home/devpc/Desktop/microros_ws/install/micro_ros_msgs/share/micro_ros_msgs/msg/Graph.msg
[5.689s] -- Installing: /home/devpc/Desktop/microros_ws/install/micro_ros_msgs/share/micro_ros_msgs/msg/Node.msg
[5.689s] -- Installing: /home/devpc/Desktop/microros_ws/install/micro_ros_msgs/share/micro_ros_msgs/msg/Entity.msg
[5.689s] -- Installing: /home/devpc/Desktop/microros_ws/install/micro_ros_msgs/share/ament_index/resource_index/package_run_dependencies/micro_ros_msgs
[5.690s] -- Installing: /home/devpc/Desktop/microros_ws/install/micro_ros_msgs/share/ament_index/resource_index/parent_prefix_path/micro_ros_msgs
[5.690s] -- Installing: /home/devpc/Desktop/microros_ws/install/micro_ros_msgs/share/micro_ros_msgs/environment/ament_prefix_path.sh
[5.690s] -- Installing: /home/devpc/Desktop/microros_ws/install/micro_ros_msgs/share/micro_ros_msgs/environment/ament_prefix_path.dsv
[5.690s] -- Installing: /home/devpc/Desktop/microros_ws/install/micro_ros_msgs/share/micro_ros_msgs/environment/path.sh
[5.690s] -- Installing: /home/devpc/Desktop/microros_ws/install/micro_ros_msgs/share/micro_ros_msgs/environment/path.dsv
[5.691s] -- Installing: /home/devpc/Desktop/microros_ws/install/micro_ros_msgs/share/micro_ros_msgs/local_setup.bash
[5.691s] -- Installing: /home/devpc/Desktop/microros_ws/install/micro_ros_msgs/share/micro_ros_msgs/local_setup.sh
[5.691s] -- Installing: /home/devpc/Desktop/microros_ws/install/micro_ros_msgs/share/micro_ros_msgs/local_setup.zsh
[5.691s] -- Installing: /home/devpc/Desktop/microros_ws/install/micro_ros_msgs/share/micro_ros_msgs/local_setup.dsv
[5.691s] -- Installing: /home/devpc/Desktop/microros_ws/install/micro_ros_msgs/share/micro_ros_msgs/package.dsv
[5.691s] -- Installing: /home/devpc/Desktop/microros_ws/install/micro_ros_msgs/share/ament_index/resource_index/packages/micro_ros_msgs
[5.692s] -- Installing: /home/devpc/Desktop/microros_ws/install/micro_ros_msgs/share/micro_ros_msgs/cmake/micro_ros_msgs__rosidl_generator_cExport.cmake
[5.692s] -- Installing: /home/devpc/Desktop/microros_ws/install/micro_ros_msgs/share/micro_ros_msgs/cmake/micro_ros_msgs__rosidl_generator_cExport-noconfig.cmake
[5.692s] -- Installing: /home/devpc/Desktop/microros_ws/install/micro_ros_msgs/share/micro_ros_msgs/cmake/micro_ros_msgs__rosidl_typesupport_introspection_cExport.cmake
[5.692s] -- Installing: /home/devpc/Desktop/microros_ws/install/micro_ros_msgs/share/micro_ros_msgs/cmake/micro_ros_msgs__rosidl_typesupport_introspection_cExport-noconfig.cmake
[5.692s] -- Installing: /home/devpc/Desktop/microros_ws/install/micro_ros_msgs/share/micro_ros_msgs/cmake/micro_ros_msgs__rosidl_typesupport_cExport.cmake
[5.692s] -- Installing: /home/devpc/Desktop/microros_ws/install/micro_ros_msgs/share/micro_ros_msgs/cmake/micro_ros_msgs__rosidl_typesupport_cExport-noconfig.cmake
[5.693s] -- Installing: /home/devpc/Desktop/microros_ws/install/micro_ros_msgs/share/micro_ros_msgs/cmake/micro_ros_msgs__rosidl_generator_cppExport.cmake
[5.693s] -- Installing: /home/devpc/Desktop/microros_ws/install/micro_ros_msgs/share/micro_ros_msgs/cmake/micro_ros_msgs__rosidl_typesupport_introspection_cppExport.cmake
[5.693s] -- Installing: /home/devpc/Desktop/microros_ws/install/micro_ros_msgs/share/micro_ros_msgs/cmake/micro_ros_msgs__rosidl_typesupport_introspection_cppExport-noconfig.cmake
[5.693s] -- Installing: /home/devpc/Desktop/microros_ws/install/micro_ros_msgs/share/micro_ros_msgs/cmake/micro_ros_msgs__rosidl_typesupport_cppExport.cmake
[5.693s] -- Installing: /home/devpc/Desktop/microros_ws/install/micro_ros_msgs/share/micro_ros_msgs/cmake/micro_ros_msgs__rosidl_typesupport_cppExport-noconfig.cmake
[5.693s] -- Installing: /home/devpc/Desktop/microros_ws/install/micro_ros_msgs/share/micro_ros_msgs/cmake/rosidl_cmake-extras.cmake
[5.693s] -- Installing: /home/devpc/Desktop/microros_ws/install/micro_ros_msgs/share/micro_ros_msgs/cmake/ament_cmake_export_dependencies-extras.cmake
[5.694s] -- Installing: /home/devpc/Desktop/microros_ws/install/micro_ros_msgs/share/micro_ros_msgs/cmake/ament_cmake_export_libraries-extras.cmake
[5.694s] -- Installing: /home/devpc/Desktop/microros_ws/install/micro_ros_msgs/share/micro_ros_msgs/cmake/ament_cmake_export_targets-extras.cmake
[5.694s] -- Installing: /home/devpc/Desktop/microros_ws/install/micro_ros_msgs/share/micro_ros_msgs/cmake/ament_cmake_export_include_directories-extras.cmake
[5.694s] -- Installing: /home/devpc/Desktop/microros_ws/install/micro_ros_msgs/share/micro_ros_msgs/cmake/rosidl_cmake_export_typesupport_libraries-extras.cmake
[5.694s] -- Installing: /home/devpc/Desktop/microros_ws/install/micro_ros_msgs/share/micro_ros_msgs/cmake/rosidl_cmake_export_typesupport_targets-extras.cmake
[5.694s] -- Installing: /home/devpc/Desktop/microros_ws/install/micro_ros_msgs/share/micro_ros_msgs/cmake/micro_ros_msgsConfig.cmake
[5.694s] -- Installing: /home/devpc/Desktop/microros_ws/install/micro_ros_msgs/share/micro_ros_msgs/cmake/micro_ros_msgsConfig-version.cmake
[5.694s] -- Installing: /home/devpc/Desktop/microros_ws/install/micro_ros_msgs/share/micro_ros_msgs/package.xml
[5.697s] Invoked command in '/home/devpc/Desktop/microros_ws/build/micro_ros_msgs' returned '0': CMAKE_PREFIX_PATH=${CMAKE_PREFIX_PATH}:/opt/ros/foxy /usr/bin/cmake --install /home/devpc/Desktop/microros_ws/build/micro_ros_msgs
