[0.062s] Invoking command in '/home/devpc/Desktop/microros_ws/build/nav_msgs': AMENT_PREFIX_PATH=/home/devpc/Desktop/microros_ws/install/geometry_msgs:/home/devpc/Desktop/microros_ws/install/std_msgs:/home/devpc/Desktop/microros_ws/install/builtin_interfaces:${AMENT_PREFIX_PATH} CMAKE_PREFIX_PATH=/home/devpc/Desktop/microros_ws/install/geometry_msgs:/home/devpc/Desktop/microros_ws/install/std_msgs:/home/devpc/Desktop/microros_ws/install/builtin_interfaces:/home/devpc/Desktop/microros_ws/install/rosidl_typesupport_microxrcedds_cpp:/home/devpc/Desktop/microros_ws/install/rosidl_typesupport_microxrcedds_c:/home/devpc/Desktop/microros_ws/install/microcdr:/home/devpc/Desktop/microros_ws/install/micro_ros_agent:/home/devpc/Desktop/microros_ws/install/microxrcedds_agent:/home/devpc/Desktop/microros_ws/install/micro_ros_setup:/home/devpc/Desktop/microros_ws/install/micro_ros_msgs:/home/devpc/Desktop/quad_ws/install/quad_interfaces:/home/devpc/Desktop/quad_ws/install/quad:/opt/ros/foxy LD_LIBRARY_PATH=/home/devpc/Desktop/microros_ws/install/geometry_msgs/lib:/home/devpc/Desktop/microros_ws/install/std_msgs/lib:/home/devpc/Desktop/microros_ws/install/builtin_interfaces/lib:${LD_LIBRARY_PATH} PYTHONPATH=/home/devpc/Desktop/microros_ws/install/geometry_msgs/lib/python3.8/site-packages:/home/devpc/Desktop/microros_ws/install/std_msgs/lib/python3.8/site-packages:/home/devpc/Desktop/microros_ws/install/builtin_interfaces/lib/python3.8/site-packages:${PYTHONPATH} /usr/bin/cmake /home/devpc/Desktop/microros_ws/src/ros2/common_interfaces/nav_msgs -DCMAKE_INSTALL_PREFIX=/home/devpc/Desktop/microros_ws/install/nav_msgs
[0.154s] -- The C compiler identification is GNU 9.3.0
[0.258s] -- The CXX compiler identification is GNU 9.3.0
[0.267s] -- Check for working C compiler: /usr/bin/cc
[0.376s] -- Check for working C compiler: /usr/bin/cc -- works
[0.377s] -- Detecting C compiler ABI info
[0.493s] -- Detecting C compiler ABI info - done
[0.529s] -- Detecting C compile features
[0.529s] -- Detecting C compile features - done
[0.533s] -- Check for working CXX compiler: /usr/bin/c++
[0.705s] -- Check for working CXX compiler: /usr/bin/c++ -- works
[0.706s] -- Detecting CXX compiler ABI info
[0.834s] -- Detecting CXX compiler ABI info - done
[0.863s] -- Detecting CXX compile features
[0.864s] -- Detecting CXX compile features - done
[0.876s] -- Found ament_cmake: 0.9.8 (/opt/ros/foxy/share/ament_cmake/cmake)
[0.971s] -- Found PythonInterp: /usr/bin/python3 (found suitable version "3.8.10", minimum required is "3") 
[0.971s] -- Using PYTHON_EXECUTABLE: /usr/bin/python3
[1.399s] -- Found builtin_interfaces: 1.0.0 (/home/devpc/Desktop/microros_ws/install/builtin_interfaces/share/builtin_interfaces/cmake)
[1.446s] -- Using all available rosidl_typesupport_c: rosidl_typesupport_microxrcedds_c;rosidl_typesupport_fastrtps_c;rosidl_typesupport_introspection_c
[1.460s] -- Found rosidl_adapter: 1.2.1 (/opt/ros/foxy/share/rosidl_adapter/cmake)
[1.628s] -- Found OpenSSL: /usr/lib/x86_64-linux-gnu/libcrypto.so (found version "1.1.1f")  
[1.706s] -- Found FastRTPS: /opt/ros/foxy/include  
[1.872s] -- Using all available rosidl_typesupport_cpp: rosidl_typesupport_microxrcedds_cpp;rosidl_typesupport_fastrtps_cpp;rosidl_typesupport_introspection_cpp
[1.989s] -- Found geometry_msgs: 2.0.4 (/home/devpc/Desktop/microros_ws/install/geometry_msgs/share/geometry_msgs/cmake)
[2.099s] -- Found rosidl_default_generators: 1.0.1 (/opt/ros/foxy/share/rosidl_default_generators/cmake)
[2.159s] -- Found PythonInterp: /usr/bin/python3 (found version "3.8.10") 
[2.602s] -- Found ament_cmake_cppcheck: 0.9.6 (/opt/ros/foxy/share/ament_cmake_cppcheck/cmake)
[2.607s] -- Found ament_cmake_cpplint: 0.9.6 (/opt/ros/foxy/share/ament_cmake_cpplint/cmake)
[2.611s] -- Found ament_cmake_uncrustify: 0.9.6 (/opt/ros/foxy/share/ament_cmake_uncrustify/cmake)
[2.617s] -- Found ament_cmake_ros: 0.9.2 (/opt/ros/foxy/share/ament_cmake_ros/cmake)
[3.299s] -- Using all available rosidl_typesupport_c: rosidl_typesupport_microxrcedds_c;rosidl_typesupport_fastrtps_c;rosidl_typesupport_introspection_c
[3.637s] -- Using all available rosidl_typesupport_cpp: rosidl_typesupport_microxrcedds_cpp;rosidl_typesupport_fastrtps_cpp;rosidl_typesupport_introspection_cpp
[3.723s] -- Found PythonInterp: /usr/bin/python3 (found suitable version "3.8.10", minimum required is "3.5") 
[3.726s] -- Found python_cmake_module: 0.8.1 (/opt/ros/foxy/share/python_cmake_module/cmake)
[3.774s] -- Found PythonLibs: /usr/lib/x86_64-linux-gnu/libpython3.8.so (found suitable version "3.8.10", minimum required is "3.5") 
[3.774s] -- Using PYTHON_EXECUTABLE: /usr/bin/python3
[3.775s] -- Using PYTHON_INCLUDE_DIRS: /usr/include/python3.8
[3.775s] -- Using PYTHON_LIBRARIES: /usr/lib/x86_64-linux-gnu/libpython3.8.so
[3.810s] -- Found PythonExtra: .so  
[4.110s] -- Found ament_cmake_flake8: 0.9.6 (/opt/ros/foxy/share/ament_cmake_flake8/cmake)
[4.131s] -- Found ament_cmake_pep257: 0.9.6 (/opt/ros/foxy/share/ament_cmake_pep257/cmake)
[4.164s] -- Configuring done
[4.411s] -- Generating done
[4.417s] -- Build files have been written to: /home/devpc/Desktop/microros_ws/build/nav_msgs
[4.446s] Invoked command in '/home/devpc/Desktop/microros_ws/build/nav_msgs' returned '0': AMENT_PREFIX_PATH=/home/devpc/Desktop/microros_ws/install/geometry_msgs:/home/devpc/Desktop/microros_ws/install/std_msgs:/home/devpc/Desktop/microros_ws/install/builtin_interfaces:${AMENT_PREFIX_PATH} CMAKE_PREFIX_PATH=/home/devpc/Desktop/microros_ws/install/geometry_msgs:/home/devpc/Desktop/microros_ws/install/std_msgs:/home/devpc/Desktop/microros_ws/install/builtin_interfaces:/home/devpc/Desktop/microros_ws/install/rosidl_typesupport_microxrcedds_cpp:/home/devpc/Desktop/microros_ws/install/rosidl_typesupport_microxrcedds_c:/home/devpc/Desktop/microros_ws/install/microcdr:/home/devpc/Desktop/microros_ws/install/micro_ros_agent:/home/devpc/Desktop/microros_ws/install/microxrcedds_agent:/home/devpc/Desktop/microros_ws/install/micro_ros_setup:/home/devpc/Desktop/microros_ws/install/micro_ros_msgs:/home/devpc/Desktop/quad_ws/install/quad_interfaces:/home/devpc/Desktop/quad_ws/install/quad:/opt/ros/foxy LD_LIBRARY_PATH=/home/devpc/Desktop/microros_ws/install/geometry_msgs/lib:/home/devpc/Desktop/microros_ws/install/std_msgs/lib:/home/devpc/Desktop/microros_ws/install/builtin_interfaces/lib:${LD_LIBRARY_PATH} PYTHONPATH=/home/devpc/Desktop/microros_ws/install/geometry_msgs/lib/python3.8/site-packages:/home/devpc/Desktop/microros_ws/install/std_msgs/lib/python3.8/site-packages:/home/devpc/Desktop/microros_ws/install/builtin_interfaces/lib/python3.8/site-packages:${PYTHONPATH} /usr/bin/cmake /home/devpc/Desktop/microros_ws/src/ros2/common_interfaces/nav_msgs -DCMAKE_INSTALL_PREFIX=/home/devpc/Desktop/microros_ws/install/nav_msgs
[4.447s] Invoking command in '/home/devpc/Desktop/microros_ws/build/nav_msgs': AMENT_PREFIX_PATH=/home/devpc/Desktop/microros_ws/install/geometry_msgs:/home/devpc/Desktop/microros_ws/install/std_msgs:/home/devpc/Desktop/microros_ws/install/builtin_interfaces:${AMENT_PREFIX_PATH} CMAKE_PREFIX_PATH=/home/devpc/Desktop/microros_ws/install/geometry_msgs:/home/devpc/Desktop/microros_ws/install/std_msgs:/home/devpc/Desktop/microros_ws/install/builtin_interfaces:/home/devpc/Desktop/microros_ws/install/rosidl_typesupport_microxrcedds_cpp:/home/devpc/Desktop/microros_ws/install/rosidl_typesupport_microxrcedds_c:/home/devpc/Desktop/microros_ws/install/microcdr:/home/devpc/Desktop/microros_ws/install/micro_ros_agent:/home/devpc/Desktop/microros_ws/install/microxrcedds_agent:/home/devpc/Desktop/microros_ws/install/micro_ros_setup:/home/devpc/Desktop/microros_ws/install/micro_ros_msgs:/home/devpc/Desktop/quad_ws/install/quad_interfaces:/home/devpc/Desktop/quad_ws/install/quad:/opt/ros/foxy LD_LIBRARY_PATH=/home/devpc/Desktop/microros_ws/install/geometry_msgs/lib:/home/devpc/Desktop/microros_ws/install/std_msgs/lib:/home/devpc/Desktop/microros_ws/install/builtin_interfaces/lib:${LD_LIBRARY_PATH} PYTHONPATH=/home/devpc/Desktop/microros_ws/install/geometry_msgs/lib/python3.8/site-packages:/home/devpc/Desktop/microros_ws/install/std_msgs/lib/python3.8/site-packages:/home/devpc/Desktop/microros_ws/install/builtin_interfaces/lib/python3.8/site-packages:${PYTHONPATH} /usr/bin/cmake --build /home/devpc/Desktop/microros_ws/build/nav_msgs -- -j8 -l8
[36.923s] [35m[1mScanning dependencies of target nav_msgs__cpp[0m
[36.924s] [  1%] [34m[1mGenerating C code for ROS interfaces[0m
[36.924s] [  1%] [34m[1mGenerating C++ code for ROS interfaces[0m
[36.924s] [  1%] Built target nav_msgs__cpp
[36.924s] [35m[1mScanning dependencies of target nav_msgs__rosidl_generator_c[0m
[36.924s] [  1%] [32mBuilding C object CMakeFiles/nav_msgs__rosidl_generator_c.dir/rosidl_generator_c/nav_msgs/msg/detail/grid_cells__functions.c.o[0m
[36.925s] [  2%] [32mBuilding C object CMakeFiles/nav_msgs__rosidl_generator_c.dir/rosidl_generator_c/nav_msgs/msg/detail/odometry__functions.c.o[0m
[36.925s] [  3%] [32mBuilding C object CMakeFiles/nav_msgs__rosidl_generator_c.dir/rosidl_generator_c/nav_msgs/msg/detail/path__functions.c.o[0m
[36.925s] [  4%] [32mBuilding C object CMakeFiles/nav_msgs__rosidl_generator_c.dir/rosidl_generator_c/nav_msgs/srv/detail/get_map__functions.c.o[0m
[36.925s] [  5%] [32mBuilding C object CMakeFiles/nav_msgs__rosidl_generator_c.dir/rosidl_generator_c/nav_msgs/srv/detail/get_plan__functions.c.o[0m
[36.925s] [  6%] [32mBuilding C object CMakeFiles/nav_msgs__rosidl_generator_c.dir/rosidl_generator_c/nav_msgs/srv/detail/set_map__functions.c.o[0m
[36.925s] [  7%] [32mBuilding C object CMakeFiles/nav_msgs__rosidl_generator_c.dir/rosidl_generator_c/nav_msgs/msg/detail/occupancy_grid__functions.c.o[0m
[36.925s] [  8%] [32mBuilding C object CMakeFiles/nav_msgs__rosidl_generator_c.dir/rosidl_generator_c/nav_msgs/msg/detail/map_meta_data__functions.c.o[0m
[36.926s] [  9%] [32m[1mLinking C shared library libnav_msgs__rosidl_generator_c.so[0m
[36.926s] [  9%] Built target nav_msgs__rosidl_generator_c
[36.926s] [ 10%] [34m[1mGenerating C++ type support for eProsima Fast-RTPS[0m
[36.926s] [35m[1mScanning dependencies of target nav_msgs__rosidl_typesupport_fastrtps_cpp[0m
[36.926s] [ 11%] [32mBuilding CXX object CMakeFiles/nav_msgs__rosidl_typesupport_fastrtps_cpp.dir/rosidl_typesupport_fastrtps_cpp/nav_msgs/msg/detail/dds_fastrtps/grid_cells__type_support.cpp.o[0m
[36.926s] [ 12%] [32mBuilding CXX object CMakeFiles/nav_msgs__rosidl_typesupport_fastrtps_cpp.dir/rosidl_typesupport_fastrtps_cpp/nav_msgs/msg/detail/dds_fastrtps/map_meta_data__type_support.cpp.o[0m
[36.927s] [ 13%] [32mBuilding CXX object CMakeFiles/nav_msgs__rosidl_typesupport_fastrtps_cpp.dir/rosidl_typesupport_fastrtps_cpp/nav_msgs/msg/detail/dds_fastrtps/occupancy_grid__type_support.cpp.o[0m
[36.927s] [ 14%] [32mBuilding CXX object CMakeFiles/nav_msgs__rosidl_typesupport_fastrtps_cpp.dir/rosidl_typesupport_fastrtps_cpp/nav_msgs/msg/detail/dds_fastrtps/odometry__type_support.cpp.o[0m
[36.927s] [ 14%] [32mBuilding CXX object CMakeFiles/nav_msgs__rosidl_typesupport_fastrtps_cpp.dir/rosidl_typesupport_fastrtps_cpp/nav_msgs/msg/detail/dds_fastrtps/path__type_support.cpp.o[0m
[36.927s] [ 15%] [32mBuilding CXX object CMakeFiles/nav_msgs__rosidl_typesupport_fastrtps_cpp.dir/rosidl_typesupport_fastrtps_cpp/nav_msgs/srv/detail/dds_fastrtps/get_map__type_support.cpp.o[0m
[36.927s] [ 16%] [32mBuilding CXX object CMakeFiles/nav_msgs__rosidl_typesupport_fastrtps_cpp.dir/rosidl_typesupport_fastrtps_cpp/nav_msgs/srv/detail/dds_fastrtps/get_plan__type_support.cpp.o[0m
[36.927s] [ 17%] [32mBuilding CXX object CMakeFiles/nav_msgs__rosidl_typesupport_fastrtps_cpp.dir/rosidl_typesupport_fastrtps_cpp/nav_msgs/srv/detail/dds_fastrtps/set_map__type_support.cpp.o[0m
[36.927s] [ 18%] [32m[1mLinking CXX shared library libnav_msgs__rosidl_typesupport_fastrtps_cpp.so[0m
[36.928s] [ 18%] Built target nav_msgs__rosidl_typesupport_fastrtps_cpp
[36.928s] [ 19%] [34m[1mGenerating C type support dispatch for ROS interfaces[0m
[36.928s] [35m[1mScanning dependencies of target nav_msgs__rosidl_typesupport_c[0m
[36.928s] [ 20%] [32mBuilding CXX object CMakeFiles/nav_msgs__rosidl_typesupport_c.dir/rosidl_typesupport_c/nav_msgs/msg/grid_cells__type_support.cpp.o[0m
[36.928s] [ 21%] [32mBuilding CXX object CMakeFiles/nav_msgs__rosidl_typesupport_c.dir/rosidl_typesupport_c/nav_msgs/msg/map_meta_data__type_support.cpp.o[0m
[36.928s] [ 21%] [32mBuilding CXX object CMakeFiles/nav_msgs__rosidl_typesupport_c.dir/rosidl_typesupport_c/nav_msgs/msg/occupancy_grid__type_support.cpp.o[0m
[36.928s] [ 22%] [32mBuilding CXX object CMakeFiles/nav_msgs__rosidl_typesupport_c.dir/rosidl_typesupport_c/nav_msgs/msg/odometry__type_support.cpp.o[0m
[36.929s] [ 23%] [32mBuilding CXX object CMakeFiles/nav_msgs__rosidl_typesupport_c.dir/rosidl_typesupport_c/nav_msgs/msg/path__type_support.cpp.o[0m
[36.929s] [ 24%] [32mBuilding CXX object CMakeFiles/nav_msgs__rosidl_typesupport_c.dir/rosidl_typesupport_c/nav_msgs/srv/get_map__type_support.cpp.o[0m
[36.929s] [ 25%] [32mBuilding CXX object CMakeFiles/nav_msgs__rosidl_typesupport_c.dir/rosidl_typesupport_c/nav_msgs/srv/get_plan__type_support.cpp.o[0m
[36.929s] [ 26%] [32mBuilding CXX object CMakeFiles/nav_msgs__rosidl_typesupport_c.dir/rosidl_typesupport_c/nav_msgs/srv/set_map__type_support.cpp.o[0m
[36.929s] [ 27%] [32m[1mLinking CXX shared library libnav_msgs__rosidl_typesupport_c.so[0m
[36.929s] [ 27%] Built target nav_msgs__rosidl_typesupport_c
[36.930s] [ 28%] [34m[1mGenerating C type support for eProsima Fast-RTPS[0m
[36.930s] [35m[1mScanning dependencies of target nav_msgs__rosidl_typesupport_fastrtps_c[0m
[36.930s] [ 29%] [32mBuilding CXX object CMakeFiles/nav_msgs__rosidl_typesupport_fastrtps_c.dir/rosidl_typesupport_fastrtps_c/nav_msgs/msg/detail/grid_cells__type_support_c.cpp.o[0m
[36.930s] [ 30%] [32mBuilding CXX object CMakeFiles/nav_msgs__rosidl_typesupport_fastrtps_c.dir/rosidl_typesupport_fastrtps_c/nav_msgs/msg/detail/occupancy_grid__type_support_c.cpp.o[0m
[36.930s] [ 31%] [32mBuilding CXX object CMakeFiles/nav_msgs__rosidl_typesupport_fastrtps_c.dir/rosidl_typesupport_fastrtps_c/nav_msgs/msg/detail/odometry__type_support_c.cpp.o[0m
[36.930s] [ 31%] [32mBuilding CXX object CMakeFiles/nav_msgs__rosidl_typesupport_fastrtps_c.dir/rosidl_typesupport_fastrtps_c/nav_msgs/msg/detail/path__type_support_c.cpp.o[0m
[36.930s] [ 32%] [32mBuilding CXX object CMakeFiles/nav_msgs__rosidl_typesupport_fastrtps_c.dir/rosidl_typesupport_fastrtps_c/nav_msgs/srv/detail/get_map__type_support_c.cpp.o[0m
[36.931s] [ 33%] [32mBuilding CXX object CMakeFiles/nav_msgs__rosidl_typesupport_fastrtps_c.dir/rosidl_typesupport_fastrtps_c/nav_msgs/srv/detail/get_plan__type_support_c.cpp.o[0m
[36.931s] [ 34%] [32mBuilding CXX object CMakeFiles/nav_msgs__rosidl_typesupport_fastrtps_c.dir/rosidl_typesupport_fastrtps_c/nav_msgs/srv/detail/set_map__type_support_c.cpp.o[0m
[36.931s] [ 35%] [32mBuilding CXX object CMakeFiles/nav_msgs__rosidl_typesupport_fastrtps_c.dir/rosidl_typesupport_fastrtps_c/nav_msgs/msg/detail/map_meta_data__type_support_c.cpp.o[0m
[36.932s] [ 36%] [32m[1mLinking CXX shared library libnav_msgs__rosidl_typesupport_fastrtps_c.so[0m
[36.932s] [ 36%] Built target nav_msgs__rosidl_typesupport_fastrtps_c
[36.932s] [ 37%] [34m[1mGenerating C introspection for ROS interfaces[0m
[36.932s] [35m[1mScanning dependencies of target nav_msgs__rosidl_typesupport_introspection_c[0m
[36.932s] [ 38%] [32mBuilding C object CMakeFiles/nav_msgs__rosidl_typesupport_introspection_c.dir/rosidl_typesupport_introspection_c/nav_msgs/msg/detail/grid_cells__type_support.c.o[0m
[36.932s] [ 39%] [32mBuilding C object CMakeFiles/nav_msgs__rosidl_typesupport_introspection_c.dir/rosidl_typesupport_introspection_c/nav_msgs/msg/detail/odometry__type_support.c.o[0m
[36.933s] [ 40%] [32mBuilding C object CMakeFiles/nav_msgs__rosidl_typesupport_introspection_c.dir/rosidl_typesupport_introspection_c/nav_msgs/msg/detail/path__type_support.c.o[0m
[36.933s] [ 41%] [32mBuilding C object CMakeFiles/nav_msgs__rosidl_typesupport_introspection_c.dir/rosidl_typesupport_introspection_c/nav_msgs/srv/detail/get_map__type_support.c.o[0m
[36.933s] [ 41%] [32mBuilding C object CMakeFiles/nav_msgs__rosidl_typesupport_introspection_c.dir/rosidl_typesupport_introspection_c/nav_msgs/srv/detail/get_plan__type_support.c.o[0m
[36.933s] [ 42%] [32mBuilding C object CMakeFiles/nav_msgs__rosidl_typesupport_introspection_c.dir/rosidl_typesupport_introspection_c/nav_msgs/srv/detail/set_map__type_support.c.o[0m
[36.933s] [ 43%] [32mBuilding C object CMakeFiles/nav_msgs__rosidl_typesupport_introspection_c.dir/rosidl_typesupport_introspection_c/nav_msgs/msg/detail/occupancy_grid__type_support.c.o[0m
[36.934s] [ 44%] [32mBuilding C object CMakeFiles/nav_msgs__rosidl_typesupport_introspection_c.dir/rosidl_typesupport_introspection_c/nav_msgs/msg/detail/map_meta_data__type_support.c.o[0m
[36.934s] [ 45%] [32m[1mLinking C shared library libnav_msgs__rosidl_typesupport_introspection_c.so[0m
[36.934s] [ 45%] Built target nav_msgs__rosidl_typesupport_introspection_c
[36.934s] [ 46%] [34m[1mGenerating C type support for eProsima Micro XRCE-DDS[0m
[36.934s] [35m[1mScanning dependencies of target nav_msgs__rosidl_typesupport_microxrcedds_c[0m
[36.934s] [ 47%] [32mBuilding C object CMakeFiles/nav_msgs__rosidl_typesupport_microxrcedds_c.dir/rosidl_typesupport_microxrcedds_c/nav_msgs/msg/detail/microxrcedds/grid_cells__type_support_c.c.o[0m
[36.934s] [ 48%] [32mBuilding C object CMakeFiles/nav_msgs__rosidl_typesupport_microxrcedds_c.dir/rosidl_typesupport_microxrcedds_c/nav_msgs/msg/detail/microxrcedds/path__type_support_c.c.o[0m
[36.935s] [ 49%] [32mBuilding C object CMakeFiles/nav_msgs__rosidl_typesupport_microxrcedds_c.dir/rosidl_typesupport_microxrcedds_c/nav_msgs/srv/detail/microxrcedds/get_map__type_support_c.c.o[0m
[36.935s] [ 50%] [32mBuilding C object CMakeFiles/nav_msgs__rosidl_typesupport_microxrcedds_c.dir/rosidl_typesupport_microxrcedds_c/nav_msgs/srv/detail/microxrcedds/get_plan__type_support_c.c.o[0m
[36.935s] [ 51%] [32mBuilding C object CMakeFiles/nav_msgs__rosidl_typesupport_microxrcedds_c.dir/rosidl_typesupport_microxrcedds_c/nav_msgs/srv/detail/microxrcedds/set_map__type_support_c.c.o[0m
[36.935s] [ 52%] [32mBuilding C object CMakeFiles/nav_msgs__rosidl_typesupport_microxrcedds_c.dir/rosidl_typesupport_microxrcedds_c/nav_msgs/msg/detail/microxrcedds/odometry__type_support_c.c.o[0m
[36.935s] [ 53%] [32mBuilding C object CMakeFiles/nav_msgs__rosidl_typesupport_microxrcedds_c.dir/rosidl_typesupport_microxrcedds_c/nav_msgs/msg/detail/microxrcedds/occupancy_grid__type_support_c.c.o[0m
[36.935s] [ 54%] [32mBuilding C object CMakeFiles/nav_msgs__rosidl_typesupport_microxrcedds_c.dir/rosidl_typesupport_microxrcedds_c/nav_msgs/msg/detail/microxrcedds/map_meta_data__type_support_c.c.o[0m
[36.935s] [ 54%] [32m[1mLinking C shared library libnav_msgs__rosidl_typesupport_microxrcedds_c.so[0m
[36.936s] [ 54%] Built target nav_msgs__rosidl_typesupport_microxrcedds_c
[36.936s] [ 55%] [34m[1mGenerating C++ type support dispatch for ROS interfaces[0m
[36.936s] [35m[1mScanning dependencies of target nav_msgs__rosidl_typesupport_cpp[0m
[36.936s] [ 56%] [32mBuilding CXX object CMakeFiles/nav_msgs__rosidl_typesupport_cpp.dir/rosidl_typesupport_cpp/nav_msgs/msg/grid_cells__type_support.cpp.o[0m
[37.423s] [ 57%] [32mBuilding CXX object CMakeFiles/nav_msgs__rosidl_typesupport_cpp.dir/rosidl_typesupport_cpp/nav_msgs/srv/get_map__type_support.cpp.o[0m
[37.945s] [ 58%] [32mBuilding CXX object CMakeFiles/nav_msgs__rosidl_typesupport_cpp.dir/rosidl_typesupport_cpp/nav_msgs/srv/get_plan__type_support.cpp.o[0m
[38.406s] [ 59%] [32mBuilding CXX object CMakeFiles/nav_msgs__rosidl_typesupport_cpp.dir/rosidl_typesupport_cpp/nav_msgs/srv/set_map__type_support.cpp.o[0m
[38.858s] [ 60%] [32mBuilding CXX object CMakeFiles/nav_msgs__rosidl_typesupport_cpp.dir/rosidl_typesupport_cpp/nav_msgs/msg/path__type_support.cpp.o[0m
[39.352s] [ 61%] [32mBuilding CXX object CMakeFiles/nav_msgs__rosidl_typesupport_cpp.dir/rosidl_typesupport_cpp/nav_msgs/msg/odometry__type_support.cpp.o[0m
[39.862s] [ 61%] [32mBuilding CXX object CMakeFiles/nav_msgs__rosidl_typesupport_cpp.dir/rosidl_typesupport_cpp/nav_msgs/msg/occupancy_grid__type_support.cpp.o[0m
[40.326s] [ 62%] [32mBuilding CXX object CMakeFiles/nav_msgs__rosidl_typesupport_cpp.dir/rosidl_typesupport_cpp/nav_msgs/msg/map_meta_data__type_support.cpp.o[0m
[40.783s] [ 63%] [32m[1mLinking CXX shared library libnav_msgs__rosidl_typesupport_cpp.so[0m
[40.844s] [ 63%] Built target nav_msgs__rosidl_typesupport_cpp
[40.855s] [ 64%] [34m[1mGenerating C++ type support for eProsima Micro XRCE-DDS[0m
[42.349s] [35m[1mScanning dependencies of target nav_msgs__rosidl_typesupport_microxrcedds_cpp[0m
[42.388s] [ 65%] [32mBuilding CXX object CMakeFiles/nav_msgs__rosidl_typesupport_microxrcedds_cpp.dir/rosidl_typesupport_microxrcedds_cpp/nav_msgs/msg/detail/microxrcedds/grid_cells__type_support_cpp.cpp.o[0m
[42.874s] [ 66%] [32mBuilding CXX object CMakeFiles/nav_msgs__rosidl_typesupport_microxrcedds_cpp.dir/rosidl_typesupport_microxrcedds_cpp/nav_msgs/srv/detail/microxrcedds/get_plan__type_support_cpp.cpp.o[0m
[43.220s] [ 67%] [32mBuilding CXX object CMakeFiles/nav_msgs__rosidl_typesupport_microxrcedds_cpp.dir/rosidl_typesupport_microxrcedds_cpp/nav_msgs/srv/detail/microxrcedds/set_map__type_support_cpp.cpp.o[0m
[43.664s] [ 68%] [32mBuilding CXX object CMakeFiles/nav_msgs__rosidl_typesupport_microxrcedds_cpp.dir/rosidl_typesupport_microxrcedds_cpp/nav_msgs/srv/detail/microxrcedds/get_map__type_support_cpp.cpp.o[0m
[44.055s] [ 69%] [32mBuilding CXX object CMakeFiles/nav_msgs__rosidl_typesupport_microxrcedds_cpp.dir/rosidl_typesupport_microxrcedds_cpp/nav_msgs/msg/detail/microxrcedds/path__type_support_cpp.cpp.o[0m
[44.672s] [ 70%] [32mBuilding CXX object CMakeFiles/nav_msgs__rosidl_typesupport_microxrcedds_cpp.dir/rosidl_typesupport_microxrcedds_cpp/nav_msgs/msg/detail/microxrcedds/odometry__type_support_cpp.cpp.o[0m
[45.189s] [ 71%] [32mBuilding CXX object CMakeFiles/nav_msgs__rosidl_typesupport_microxrcedds_cpp.dir/rosidl_typesupport_microxrcedds_cpp/nav_msgs/msg/detail/microxrcedds/occupancy_grid__type_support_cpp.cpp.o[0m
[45.594s] [ 72%] [32mBuilding CXX object CMakeFiles/nav_msgs__rosidl_typesupport_microxrcedds_cpp.dir/rosidl_typesupport_microxrcedds_cpp/nav_msgs/msg/detail/microxrcedds/map_meta_data__type_support_cpp.cpp.o[0m
[45.941s] [ 73%] [32m[1mLinking CXX shared library libnav_msgs__rosidl_typesupport_microxrcedds_cpp.so[0m
[46.051s] [ 73%] Built target nav_msgs__rosidl_typesupport_microxrcedds_cpp
[46.063s] [ 74%] [34m[1mGenerating C++ introspection for ROS interfaces[0m
[47.065s] [35m[1mScanning dependencies of target nav_msgs__rosidl_typesupport_introspection_cpp[0m
[47.087s] [ 75%] [32mBuilding CXX object CMakeFiles/nav_msgs__rosidl_typesupport_introspection_cpp.dir/rosidl_typesupport_introspection_cpp/nav_msgs/msg/detail/grid_cells__type_support.cpp.o[0m
[47.580s] [ 76%] [32mBuilding CXX object CMakeFiles/nav_msgs__rosidl_typesupport_introspection_cpp.dir/rosidl_typesupport_introspection_cpp/nav_msgs/srv/detail/set_map__type_support.cpp.o[0m
[47.924s] [ 76%] [32mBuilding CXX object CMakeFiles/nav_msgs__rosidl_typesupport_introspection_cpp.dir/rosidl_typesupport_introspection_cpp/nav_msgs/srv/detail/get_plan__type_support.cpp.o[0m
[48.274s] [ 77%] [32mBuilding CXX object CMakeFiles/nav_msgs__rosidl_typesupport_introspection_cpp.dir/rosidl_typesupport_introspection_cpp/nav_msgs/srv/detail/get_map__type_support.cpp.o[0m
[48.685s] [ 78%] [32mBuilding CXX object CMakeFiles/nav_msgs__rosidl_typesupport_introspection_cpp.dir/rosidl_typesupport_introspection_cpp/nav_msgs/msg/detail/path__type_support.cpp.o[0m
[49.115s] [ 79%] [32mBuilding CXX object CMakeFiles/nav_msgs__rosidl_typesupport_introspection_cpp.dir/rosidl_typesupport_introspection_cpp/nav_msgs/msg/detail/odometry__type_support.cpp.o[0m
[49.544s] [ 80%] [32mBuilding CXX object CMakeFiles/nav_msgs__rosidl_typesupport_introspection_cpp.dir/rosidl_typesupport_introspection_cpp/nav_msgs/msg/detail/occupancy_grid__type_support.cpp.o[0m
[50.008s] [ 81%] [32mBuilding CXX object CMakeFiles/nav_msgs__rosidl_typesupport_introspection_cpp.dir/rosidl_typesupport_introspection_cpp/nav_msgs/msg/detail/map_meta_data__type_support.cpp.o[0m
[50.323s] [ 82%] [32m[1mLinking CXX shared library libnav_msgs__rosidl_typesupport_introspection_cpp.so[0m
[50.453s] [ 82%] Built target nav_msgs__rosidl_typesupport_introspection_cpp
[50.465s] [35m[1mScanning dependencies of target nav_msgs[0m
[50.476s] [ 82%] Built target nav_msgs
[50.490s] [35m[1mScanning dependencies of target nav_msgs__py[0m
[50.506s] [ 83%] [34m[1mGenerating Python code for ROS interfaces[0m
[53.008s] [ 83%] Built target nav_msgs__py
[53.021s] [35m[1mScanning dependencies of target nav_msgs__python[0m
[53.075s] [ 84%] [32mBuilding C object CMakeFiles/nav_msgs__python.dir/rosidl_generator_py/nav_msgs/msg/_grid_cells_s.c.o[0m
[53.190s] [ 85%] [32mBuilding C object CMakeFiles/nav_msgs__python.dir/rosidl_generator_py/nav_msgs/srv/_set_map_s.c.o[0m
[53.290s] [ 86%] [32mBuilding C object CMakeFiles/nav_msgs__python.dir/rosidl_generator_py/nav_msgs/srv/_get_plan_s.c.o[0m
[53.396s] [ 87%] [32mBuilding C object CMakeFiles/nav_msgs__python.dir/rosidl_generator_py/nav_msgs/srv/_get_map_s.c.o[0m
[53.499s] [ 88%] [32mBuilding C object CMakeFiles/nav_msgs__python.dir/rosidl_generator_py/nav_msgs/msg/_path_s.c.o[0m
[53.602s] [ 89%] [32mBuilding C object CMakeFiles/nav_msgs__python.dir/rosidl_generator_py/nav_msgs/msg/_odometry_s.c.o[0m
[53.732s] [ 90%] [32mBuilding C object CMakeFiles/nav_msgs__python.dir/rosidl_generator_py/nav_msgs/msg/_occupancy_grid_s.c.o[0m
[53.894s] [ 91%] [32mBuilding C object CMakeFiles/nav_msgs__python.dir/rosidl_generator_py/nav_msgs/msg/_map_meta_data_s.c.o[0m
[54.054s] [ 92%] [32m[1mLinking C shared library rosidl_generator_py/nav_msgs/libnav_msgs__python.so[0m
[54.099s] [ 92%] Built target nav_msgs__python
[54.109s] [35m[1mScanning dependencies of target nav_msgs__rosidl_typesupport_c__pyext[0m
[54.132s] [ 93%] [32mBuilding C object CMakeFiles/nav_msgs__rosidl_typesupport_c__pyext.dir/rosidl_generator_py/nav_msgs/_nav_msgs_s.ep.rosidl_typesupport_c.c.o[0m
[54.251s] [ 94%] [32m[1mLinking C shared library rosidl_generator_py/nav_msgs/nav_msgs_s__rosidl_typesupport_c.cpython-38-x86_64-linux-gnu.so[0m
[54.303s] [ 94%] Built target nav_msgs__rosidl_typesupport_c__pyext
[54.314s] [35m[1mScanning dependencies of target nav_msgs__rosidl_typesupport_introspection_c__pyext[0m
[54.337s] [ 95%] [32mBuilding C object CMakeFiles/nav_msgs__rosidl_typesupport_introspection_c__pyext.dir/rosidl_generator_py/nav_msgs/_nav_msgs_s.ep.rosidl_typesupport_introspection_c.c.o[0m
[54.534s] [ 96%] [32m[1mLinking C shared library rosidl_generator_py/nav_msgs/nav_msgs_s__rosidl_typesupport_introspection_c.cpython-38-x86_64-linux-gnu.so[0m
[54.572s] [ 96%] Built target nav_msgs__rosidl_typesupport_introspection_c__pyext
[54.582s] [35m[1mScanning dependencies of target nav_msgs__rosidl_typesupport_microxrcedds_c__pyext[0m
[54.605s] [ 97%] [32mBuilding C object CMakeFiles/nav_msgs__rosidl_typesupport_microxrcedds_c__pyext.dir/rosidl_generator_py/nav_msgs/_nav_msgs_s.ep.rosidl_typesupport_microxrcedds_c.c.o[0m
[54.725s] [ 98%] [32m[1mLinking C shared library rosidl_generator_py/nav_msgs/nav_msgs_s__rosidl_typesupport_microxrcedds_c.cpython-38-x86_64-linux-gnu.so[0m
[54.769s] [ 98%] Built target nav_msgs__rosidl_typesupport_microxrcedds_c__pyext
[54.781s] [35m[1mScanning dependencies of target nav_msgs__rosidl_typesupport_fastrtps_c__pyext[0m
[54.804s] [ 99%] [32mBuilding C object CMakeFiles/nav_msgs__rosidl_typesupport_fastrtps_c__pyext.dir/rosidl_generator_py/nav_msgs/_nav_msgs_s.ep.rosidl_typesupport_fastrtps_c.c.o[0m
[54.978s] [100%] [32m[1mLinking CXX shared library rosidl_generator_py/nav_msgs/nav_msgs_s__rosidl_typesupport_fastrtps_c.cpython-38-x86_64-linux-gnu.so[0m
[55.050s] [100%] Built target nav_msgs__rosidl_typesupport_fastrtps_c__pyext
[55.065s] Invoked command in '/home/devpc/Desktop/microros_ws/build/nav_msgs' returned '0': AMENT_PREFIX_PATH=/home/devpc/Desktop/microros_ws/install/geometry_msgs:/home/devpc/Desktop/microros_ws/install/std_msgs:/home/devpc/Desktop/microros_ws/install/builtin_interfaces:${AMENT_PREFIX_PATH} CMAKE_PREFIX_PATH=/home/devpc/Desktop/microros_ws/install/geometry_msgs:/home/devpc/Desktop/microros_ws/install/std_msgs:/home/devpc/Desktop/microros_ws/install/builtin_interfaces:/home/devpc/Desktop/microros_ws/install/rosidl_typesupport_microxrcedds_cpp:/home/devpc/Desktop/microros_ws/install/rosidl_typesupport_microxrcedds_c:/home/devpc/Desktop/microros_ws/install/microcdr:/home/devpc/Desktop/microros_ws/install/micro_ros_agent:/home/devpc/Desktop/microros_ws/install/microxrcedds_agent:/home/devpc/Desktop/microros_ws/install/micro_ros_setup:/home/devpc/Desktop/microros_ws/install/micro_ros_msgs:/home/devpc/Desktop/quad_ws/install/quad_interfaces:/home/devpc/Desktop/quad_ws/install/quad:/opt/ros/foxy LD_LIBRARY_PATH=/home/devpc/Desktop/microros_ws/install/geometry_msgs/lib:/home/devpc/Desktop/microros_ws/install/std_msgs/lib:/home/devpc/Desktop/microros_ws/install/builtin_interfaces/lib:${LD_LIBRARY_PATH} PYTHONPATH=/home/devpc/Desktop/microros_ws/install/geometry_msgs/lib/python3.8/site-packages:/home/devpc/Desktop/microros_ws/install/std_msgs/lib/python3.8/site-packages:/home/devpc/Desktop/microros_ws/install/builtin_interfaces/lib/python3.8/site-packages:${PYTHONPATH} /usr/bin/cmake --build /home/devpc/Desktop/microros_ws/build/nav_msgs -- -j8 -l8
[55.263s] Invoking command in '/home/devpc/Desktop/microros_ws/build/nav_msgs': AMENT_PREFIX_PATH=/home/devpc/Desktop/microros_ws/install/geometry_msgs:/home/devpc/Desktop/microros_ws/install/std_msgs:/home/devpc/Desktop/microros_ws/install/builtin_interfaces:${AMENT_PREFIX_PATH} CMAKE_PREFIX_PATH=/home/devpc/Desktop/microros_ws/install/geometry_msgs:/home/devpc/Desktop/microros_ws/install/std_msgs:/home/devpc/Desktop/microros_ws/install/builtin_interfaces:/home/devpc/Desktop/microros_ws/install/rosidl_typesupport_microxrcedds_cpp:/home/devpc/Desktop/microros_ws/install/rosidl_typesupport_microxrcedds_c:/home/devpc/Desktop/microros_ws/install/microcdr:/home/devpc/Desktop/microros_ws/install/micro_ros_agent:/home/devpc/Desktop/microros_ws/install/microxrcedds_agent:/home/devpc/Desktop/microros_ws/install/micro_ros_setup:/home/devpc/Desktop/microros_ws/install/micro_ros_msgs:/home/devpc/Desktop/quad_ws/install/quad_interfaces:/home/devpc/Desktop/quad_ws/install/quad:/opt/ros/foxy LD_LIBRARY_PATH=/home/devpc/Desktop/microros_ws/install/geometry_msgs/lib:/home/devpc/Desktop/microros_ws/install/std_msgs/lib:/home/devpc/Desktop/microros_ws/install/builtin_interfaces/lib:${LD_LIBRARY_PATH} PYTHONPATH=/home/devpc/Desktop/microros_ws/install/geometry_msgs/lib/python3.8/site-packages:/home/devpc/Desktop/microros_ws/install/std_msgs/lib/python3.8/site-packages:/home/devpc/Desktop/microros_ws/install/builtin_interfaces/lib/python3.8/site-packages:${PYTHONPATH} /usr/bin/cmake --install /home/devpc/Desktop/microros_ws/build/nav_msgs
[55.269s] -- Install configuration: ""
[55.269s] -- Installing: /home/devpc/Desktop/microros_ws/install/nav_msgs/share/ament_index/resource_index/rosidl_interfaces/nav_msgs
[55.270s] -- Installing: /home/devpc/Desktop/microros_ws/install/nav_msgs/include/nav_msgs
[55.270s] -- Installing: /home/devpc/Desktop/microros_ws/install/nav_msgs/include/nav_msgs/msg
[55.270s] -- Installing: /home/devpc/Desktop/microros_ws/install/nav_msgs/include/nav_msgs/msg/map_meta_data.h
[55.271s] -- Installing: /home/devpc/Desktop/microros_ws/install/nav_msgs/include/nav_msgs/msg/detail
[55.271s] -- Installing: /home/devpc/Desktop/microros_ws/install/nav_msgs/include/nav_msgs/msg/detail/occupancy_grid__functions.c
[55.271s] -- Installing: /home/devpc/Desktop/microros_ws/install/nav_msgs/include/nav_msgs/msg/detail/grid_cells__type_support.h
[55.272s] -- Installing: /home/devpc/Desktop/microros_ws/install/nav_msgs/include/nav_msgs/msg/detail/path__type_support.h
[55.274s] -- Installing: /home/devpc/Desktop/microros_ws/install/nav_msgs/include/nav_msgs/msg/detail/map_meta_data__type_support.h
[55.275s] -- Installing: /home/devpc/Desktop/microros_ws/install/nav_msgs/include/nav_msgs/msg/detail/path__functions.h
[55.276s] -- Installing: /home/devpc/Desktop/microros_ws/install/nav_msgs/include/nav_msgs/msg/detail/map_meta_data__struct.h
[55.276s] -- Installing: /home/devpc/Desktop/microros_ws/install/nav_msgs/include/nav_msgs/msg/detail/grid_cells__functions.c
[55.276s] -- Installing: /home/devpc/Desktop/microros_ws/install/nav_msgs/include/nav_msgs/msg/detail/map_meta_data__functions.c
[55.276s] -- Installing: /home/devpc/Desktop/microros_ws/install/nav_msgs/include/nav_msgs/msg/detail/odometry__struct.h
[55.276s] -- Installing: /home/devpc/Desktop/microros_ws/install/nav_msgs/include/nav_msgs/msg/detail/occupancy_grid__type_support.h
[55.276s] -- Installing: /home/devpc/Desktop/microros_ws/install/nav_msgs/include/nav_msgs/msg/detail/occupancy_grid__struct.h
[55.277s] -- Installing: /home/devpc/Desktop/microros_ws/install/nav_msgs/include/nav_msgs/msg/detail/occupancy_grid__functions.h
[55.277s] -- Installing: /home/devpc/Desktop/microros_ws/install/nav_msgs/include/nav_msgs/msg/detail/grid_cells__functions.h
[55.277s] -- Installing: /home/devpc/Desktop/microros_ws/install/nav_msgs/include/nav_msgs/msg/detail/odometry__functions.c
[55.277s] -- Installing: /home/devpc/Desktop/microros_ws/install/nav_msgs/include/nav_msgs/msg/detail/grid_cells__struct.h
[55.277s] -- Installing: /home/devpc/Desktop/microros_ws/install/nav_msgs/include/nav_msgs/msg/detail/odometry__functions.h
[55.277s] -- Installing: /home/devpc/Desktop/microros_ws/install/nav_msgs/include/nav_msgs/msg/detail/map_meta_data__functions.h
[55.278s] -- Installing: /home/devpc/Desktop/microros_ws/install/nav_msgs/include/nav_msgs/msg/detail/odometry__type_support.h
[55.278s] -- Installing: /home/devpc/Desktop/microros_ws/install/nav_msgs/include/nav_msgs/msg/detail/path__struct.h
[55.278s] -- Installing: /home/devpc/Desktop/microros_ws/install/nav_msgs/include/nav_msgs/msg/detail/path__functions.c
[55.278s] -- Installing: /home/devpc/Desktop/microros_ws/install/nav_msgs/include/nav_msgs/msg/grid_cells.h
[55.278s] -- Installing: /home/devpc/Desktop/microros_ws/install/nav_msgs/include/nav_msgs/msg/occupancy_grid.h
[55.278s] -- Installing: /home/devpc/Desktop/microros_ws/install/nav_msgs/include/nav_msgs/msg/odometry.h
[55.278s] -- Installing: /home/devpc/Desktop/microros_ws/install/nav_msgs/include/nav_msgs/msg/path.h
[55.279s] -- Installing: /home/devpc/Desktop/microros_ws/install/nav_msgs/include/nav_msgs/msg/rosidl_generator_c__visibility_control.h
[55.279s] -- Installing: /home/devpc/Desktop/microros_ws/install/nav_msgs/include/nav_msgs/srv
[55.279s] -- Installing: /home/devpc/Desktop/microros_ws/install/nav_msgs/include/nav_msgs/srv/detail
[55.279s] -- Installing: /home/devpc/Desktop/microros_ws/install/nav_msgs/include/nav_msgs/srv/detail/get_plan__type_support.h
[55.279s] -- Installing: /home/devpc/Desktop/microros_ws/install/nav_msgs/include/nav_msgs/srv/detail/get_map__functions.h
[55.279s] -- Installing: /home/devpc/Desktop/microros_ws/install/nav_msgs/include/nav_msgs/srv/detail/get_plan__struct.h
[55.279s] -- Installing: /home/devpc/Desktop/microros_ws/install/nav_msgs/include/nav_msgs/srv/detail/get_map__struct.h
[55.280s] -- Installing: /home/devpc/Desktop/microros_ws/install/nav_msgs/include/nav_msgs/srv/detail/set_map__functions.h
[55.280s] -- Installing: /home/devpc/Desktop/microros_ws/install/nav_msgs/include/nav_msgs/srv/detail/set_map__functions.c
[55.280s] -- Installing: /home/devpc/Desktop/microros_ws/install/nav_msgs/include/nav_msgs/srv/detail/set_map__struct.h
[55.280s] -- Installing: /home/devpc/Desktop/microros_ws/install/nav_msgs/include/nav_msgs/srv/detail/get_plan__functions.h
[55.280s] -- Installing: /home/devpc/Desktop/microros_ws/install/nav_msgs/include/nav_msgs/srv/detail/get_map__type_support.h
[55.280s] -- Installing: /home/devpc/Desktop/microros_ws/install/nav_msgs/include/nav_msgs/srv/detail/set_map__type_support.h
[55.280s] -- Installing: /home/devpc/Desktop/microros_ws/install/nav_msgs/include/nav_msgs/srv/detail/get_map__functions.c
[55.280s] -- Installing: /home/devpc/Desktop/microros_ws/install/nav_msgs/include/nav_msgs/srv/detail/get_plan__functions.c
[55.281s] -- Installing: /home/devpc/Desktop/microros_ws/install/nav_msgs/include/nav_msgs/srv/get_plan.h
[55.281s] -- Installing: /home/devpc/Desktop/microros_ws/install/nav_msgs/include/nav_msgs/srv/get_map.h
[55.281s] -- Installing: /home/devpc/Desktop/microros_ws/install/nav_msgs/include/nav_msgs/srv/set_map.h
[55.281s] -- Installing: /home/devpc/Desktop/microros_ws/install/nav_msgs/share/nav_msgs/environment/library_path.sh
[55.281s] -- Installing: /home/devpc/Desktop/microros_ws/install/nav_msgs/share/nav_msgs/environment/library_path.dsv
[55.281s] -- Installing: /home/devpc/Desktop/microros_ws/install/nav_msgs/lib/libnav_msgs__rosidl_generator_c.so
[55.281s] -- Set runtime path of "/home/devpc/Desktop/microros_ws/install/nav_msgs/lib/libnav_msgs__rosidl_generator_c.so" to ""
[55.282s] -- Up-to-date: /home/devpc/Desktop/microros_ws/install/nav_msgs/include/nav_msgs
[55.282s] -- Up-to-date: /home/devpc/Desktop/microros_ws/install/nav_msgs/include/nav_msgs/msg
[55.282s] -- Up-to-date: /home/devpc/Desktop/microros_ws/install/nav_msgs/include/nav_msgs/msg/detail
[55.282s] -- Installing: /home/devpc/Desktop/microros_ws/install/nav_msgs/include/nav_msgs/msg/detail/occupancy_grid__rosidl_typesupport_microxrcedds_c.h
[55.282s] -- Installing: /home/devpc/Desktop/microros_ws/install/nav_msgs/include/nav_msgs/msg/detail/odometry__rosidl_typesupport_microxrcedds_c.h
[55.282s] -- Installing: /home/devpc/Desktop/microros_ws/install/nav_msgs/include/nav_msgs/msg/detail/grid_cells__rosidl_typesupport_microxrcedds_c.h
[55.282s] -- Installing: /home/devpc/Desktop/microros_ws/install/nav_msgs/include/nav_msgs/msg/detail/path__rosidl_typesupport_microxrcedds_c.h
[55.283s] -- Installing: /home/devpc/Desktop/microros_ws/install/nav_msgs/include/nav_msgs/msg/detail/map_meta_data__rosidl_typesupport_microxrcedds_c.h
[55.283s] -- Installing: /home/devpc/Desktop/microros_ws/install/nav_msgs/include/nav_msgs/msg/detail/microxrcedds
[55.283s] -- Installing: /home/devpc/Desktop/microros_ws/install/nav_msgs/include/nav_msgs/msg/rosidl_typesupport_microxrcedds_c__visibility_control.h
[55.283s] -- Up-to-date: /home/devpc/Desktop/microros_ws/install/nav_msgs/include/nav_msgs/srv
[55.283s] -- Up-to-date: /home/devpc/Desktop/microros_ws/install/nav_msgs/include/nav_msgs/srv/detail
[55.283s] -- Installing: /home/devpc/Desktop/microros_ws/install/nav_msgs/include/nav_msgs/srv/detail/get_plan__rosidl_typesupport_microxrcedds_c.h
[55.284s] -- Installing: /home/devpc/Desktop/microros_ws/install/nav_msgs/include/nav_msgs/srv/detail/set_map__rosidl_typesupport_microxrcedds_c.h
[55.284s] -- Installing: /home/devpc/Desktop/microros_ws/install/nav_msgs/include/nav_msgs/srv/detail/get_map__rosidl_typesupport_microxrcedds_c.h
[55.284s] -- Installing: /home/devpc/Desktop/microros_ws/install/nav_msgs/include/nav_msgs/srv/detail/microxrcedds
[55.284s] -- Installing: /home/devpc/Desktop/microros_ws/install/nav_msgs/lib/libnav_msgs__rosidl_typesupport_microxrcedds_c.so
[55.284s] -- Set runtime path of "/home/devpc/Desktop/microros_ws/install/nav_msgs/lib/libnav_msgs__rosidl_typesupport_microxrcedds_c.so" to ""
[55.284s] -- Up-to-date: /home/devpc/Desktop/microros_ws/install/nav_msgs/include/nav_msgs
[55.284s] -- Up-to-date: /home/devpc/Desktop/microros_ws/install/nav_msgs/include/nav_msgs/msg
[55.285s] -- Up-to-date: /home/devpc/Desktop/microros_ws/install/nav_msgs/include/nav_msgs/msg/detail
[55.285s] -- Installing: /home/devpc/Desktop/microros_ws/install/nav_msgs/include/nav_msgs/msg/detail/path__rosidl_typesupport_fastrtps_c.h
[55.285s] -- Installing: /home/devpc/Desktop/microros_ws/install/nav_msgs/include/nav_msgs/msg/detail/map_meta_data__rosidl_typesupport_fastrtps_c.h
[55.285s] -- Installing: /home/devpc/Desktop/microros_ws/install/nav_msgs/include/nav_msgs/msg/detail/odometry__rosidl_typesupport_fastrtps_c.h
[55.285s] -- Installing: /home/devpc/Desktop/microros_ws/install/nav_msgs/include/nav_msgs/msg/detail/occupancy_grid__rosidl_typesupport_fastrtps_c.h
[55.285s] -- Installing: /home/devpc/Desktop/microros_ws/install/nav_msgs/include/nav_msgs/msg/detail/grid_cells__rosidl_typesupport_fastrtps_c.h
[55.285s] -- Installing: /home/devpc/Desktop/microros_ws/install/nav_msgs/include/nav_msgs/msg/rosidl_typesupport_fastrtps_c__visibility_control.h
[55.286s] -- Up-to-date: /home/devpc/Desktop/microros_ws/install/nav_msgs/include/nav_msgs/srv
[55.286s] -- Up-to-date: /home/devpc/Desktop/microros_ws/install/nav_msgs/include/nav_msgs/srv/detail
[55.286s] -- Installing: /home/devpc/Desktop/microros_ws/install/nav_msgs/include/nav_msgs/srv/detail/get_plan__rosidl_typesupport_fastrtps_c.h
[55.286s] -- Installing: /home/devpc/Desktop/microros_ws/install/nav_msgs/include/nav_msgs/srv/detail/set_map__rosidl_typesupport_fastrtps_c.h
[55.286s] -- Installing: /home/devpc/Desktop/microros_ws/install/nav_msgs/include/nav_msgs/srv/detail/get_map__rosidl_typesupport_fastrtps_c.h
[55.286s] -- Installing: /home/devpc/Desktop/microros_ws/install/nav_msgs/lib/libnav_msgs__rosidl_typesupport_fastrtps_c.so
[55.286s] -- Set runtime path of "/home/devpc/Desktop/microros_ws/install/nav_msgs/lib/libnav_msgs__rosidl_typesupport_fastrtps_c.so" to ""
[55.287s] -- Up-to-date: /home/devpc/Desktop/microros_ws/install/nav_msgs/include/nav_msgs
[55.287s] -- Up-to-date: /home/devpc/Desktop/microros_ws/install/nav_msgs/include/nav_msgs/msg
[55.287s] -- Up-to-date: /home/devpc/Desktop/microros_ws/install/nav_msgs/include/nav_msgs/msg/detail
[55.287s] -- Installing: /home/devpc/Desktop/microros_ws/install/nav_msgs/include/nav_msgs/msg/detail/occupancy_grid__rosidl_typesupport_fastrtps_cpp.hpp
[55.287s] -- Installing: /home/devpc/Desktop/microros_ws/install/nav_msgs/include/nav_msgs/msg/detail/odometry__rosidl_typesupport_fastrtps_cpp.hpp
[55.287s] -- Installing: /home/devpc/Desktop/microros_ws/install/nav_msgs/include/nav_msgs/msg/detail/path__rosidl_typesupport_fastrtps_cpp.hpp
[55.287s] -- Installing: /home/devpc/Desktop/microros_ws/install/nav_msgs/include/nav_msgs/msg/detail/map_meta_data__rosidl_typesupport_fastrtps_cpp.hpp
[55.288s] -- Installing: /home/devpc/Desktop/microros_ws/install/nav_msgs/include/nav_msgs/msg/detail/dds_fastrtps
[55.288s] -- Installing: /home/devpc/Desktop/microros_ws/install/nav_msgs/include/nav_msgs/msg/detail/grid_cells__rosidl_typesupport_fastrtps_cpp.hpp
[55.288s] -- Installing: /home/devpc/Desktop/microros_ws/install/nav_msgs/include/nav_msgs/msg/rosidl_typesupport_fastrtps_cpp__visibility_control.h
[55.288s] -- Up-to-date: /home/devpc/Desktop/microros_ws/install/nav_msgs/include/nav_msgs/srv
[55.288s] -- Up-to-date: /home/devpc/Desktop/microros_ws/install/nav_msgs/include/nav_msgs/srv/detail
[55.289s] -- Installing: /home/devpc/Desktop/microros_ws/install/nav_msgs/include/nav_msgs/srv/detail/set_map__rosidl_typesupport_fastrtps_cpp.hpp
[55.289s] -- Installing: /home/devpc/Desktop/microros_ws/install/nav_msgs/include/nav_msgs/srv/detail/get_map__rosidl_typesupport_fastrtps_cpp.hpp
[55.289s] -- Installing: /home/devpc/Desktop/microros_ws/install/nav_msgs/include/nav_msgs/srv/detail/dds_fastrtps
[55.289s] -- Installing: /home/devpc/Desktop/microros_ws/install/nav_msgs/include/nav_msgs/srv/detail/get_plan__rosidl_typesupport_fastrtps_cpp.hpp
[55.289s] -- Installing: /home/devpc/Desktop/microros_ws/install/nav_msgs/lib/libnav_msgs__rosidl_typesupport_fastrtps_cpp.so
[55.289s] -- Set runtime path of "/home/devpc/Desktop/microros_ws/install/nav_msgs/lib/libnav_msgs__rosidl_typesupport_fastrtps_cpp.so" to ""
[55.290s] -- Up-to-date: /home/devpc/Desktop/microros_ws/install/nav_msgs/include/nav_msgs
[55.290s] -- Up-to-date: /home/devpc/Desktop/microros_ws/install/nav_msgs/include/nav_msgs/msg
[55.290s] -- Up-to-date: /home/devpc/Desktop/microros_ws/install/nav_msgs/include/nav_msgs/msg/detail
[55.290s] -- Installing: /home/devpc/Desktop/microros_ws/install/nav_msgs/include/nav_msgs/msg/detail/grid_cells__type_support.c
[55.290s] -- Installing: /home/devpc/Desktop/microros_ws/install/nav_msgs/include/nav_msgs/msg/detail/path__rosidl_typesupport_introspection_c.h
[55.290s] -- Installing: /home/devpc/Desktop/microros_ws/install/nav_msgs/include/nav_msgs/msg/detail/path__type_support.c
[55.291s] -- Installing: /home/devpc/Desktop/microros_ws/install/nav_msgs/include/nav_msgs/msg/detail/odometry__type_support.c
[55.291s] -- Installing: /home/devpc/Desktop/microros_ws/install/nav_msgs/include/nav_msgs/msg/detail/occupancy_grid__rosidl_typesupport_introspection_c.h
[55.291s] -- Installing: /home/devpc/Desktop/microros_ws/install/nav_msgs/include/nav_msgs/msg/detail/map_meta_data__rosidl_typesupport_introspection_c.h
[55.291s] -- Installing: /home/devpc/Desktop/microros_ws/install/nav_msgs/include/nav_msgs/msg/detail/grid_cells__rosidl_typesupport_introspection_c.h
[55.291s] -- Installing: /home/devpc/Desktop/microros_ws/install/nav_msgs/include/nav_msgs/msg/detail/occupancy_grid__type_support.c
[55.291s] -- Installing: /home/devpc/Desktop/microros_ws/install/nav_msgs/include/nav_msgs/msg/detail/map_meta_data__type_support.c
[55.291s] -- Installing: /home/devpc/Desktop/microros_ws/install/nav_msgs/include/nav_msgs/msg/detail/odometry__rosidl_typesupport_introspection_c.h
[55.292s] -- Installing: /home/devpc/Desktop/microros_ws/install/nav_msgs/include/nav_msgs/msg/rosidl_typesupport_introspection_c__visibility_control.h
[55.292s] -- Up-to-date: /home/devpc/Desktop/microros_ws/install/nav_msgs/include/nav_msgs/srv
[55.292s] -- Up-to-date: /home/devpc/Desktop/microros_ws/install/nav_msgs/include/nav_msgs/srv/detail
[55.292s] -- Installing: /home/devpc/Desktop/microros_ws/install/nav_msgs/include/nav_msgs/srv/detail/set_map__type_support.c
[55.292s] -- Installing: /home/devpc/Desktop/microros_ws/install/nav_msgs/include/nav_msgs/srv/detail/get_plan__type_support.c
[55.292s] -- Installing: /home/devpc/Desktop/microros_ws/install/nav_msgs/include/nav_msgs/srv/detail/set_map__rosidl_typesupport_introspection_c.h
[55.293s] -- Installing: /home/devpc/Desktop/microros_ws/install/nav_msgs/include/nav_msgs/srv/detail/get_plan__rosidl_typesupport_introspection_c.h
[55.293s] -- Installing: /home/devpc/Desktop/microros_ws/install/nav_msgs/include/nav_msgs/srv/detail/get_map__type_support.c
[55.293s] -- Installing: /home/devpc/Desktop/microros_ws/install/nav_msgs/include/nav_msgs/srv/detail/get_map__rosidl_typesupport_introspection_c.h
[55.293s] -- Installing: /home/devpc/Desktop/microros_ws/install/nav_msgs/lib/libnav_msgs__rosidl_typesupport_introspection_c.so
[55.293s] -- Set runtime path of "/home/devpc/Desktop/microros_ws/install/nav_msgs/lib/libnav_msgs__rosidl_typesupport_introspection_c.so" to ""
[55.293s] -- Installing: /home/devpc/Desktop/microros_ws/install/nav_msgs/lib/libnav_msgs__rosidl_typesupport_c.so
[55.294s] -- Set runtime path of "/home/devpc/Desktop/microros_ws/install/nav_msgs/lib/libnav_msgs__rosidl_typesupport_c.so" to ""
[55.294s] -- Up-to-date: /home/devpc/Desktop/microros_ws/install/nav_msgs/include/nav_msgs
[55.294s] -- Up-to-date: /home/devpc/Desktop/microros_ws/install/nav_msgs/include/nav_msgs/msg
[55.294s] -- Installing: /home/devpc/Desktop/microros_ws/install/nav_msgs/include/nav_msgs/msg/grid_cells.hpp
[55.294s] -- Installing: /home/devpc/Desktop/microros_ws/install/nav_msgs/include/nav_msgs/msg/odometry.hpp
[55.294s] -- Up-to-date: /home/devpc/Desktop/microros_ws/install/nav_msgs/include/nav_msgs/msg/detail
[55.294s] -- Installing: /home/devpc/Desktop/microros_ws/install/nav_msgs/include/nav_msgs/msg/detail/odometry__traits.hpp
[55.295s] -- Installing: /home/devpc/Desktop/microros_ws/install/nav_msgs/include/nav_msgs/msg/detail/grid_cells__builder.hpp
[55.295s] -- Installing: /home/devpc/Desktop/microros_ws/install/nav_msgs/include/nav_msgs/msg/detail/grid_cells__traits.hpp
[55.295s] -- Installing: /home/devpc/Desktop/microros_ws/install/nav_msgs/include/nav_msgs/msg/detail/odometry__builder.hpp
[55.295s] -- Installing: /home/devpc/Desktop/microros_ws/install/nav_msgs/include/nav_msgs/msg/detail/occupancy_grid__traits.hpp
[55.295s] -- Installing: /home/devpc/Desktop/microros_ws/install/nav_msgs/include/nav_msgs/msg/detail/occupancy_grid__builder.hpp
[55.295s] -- Installing: /home/devpc/Desktop/microros_ws/install/nav_msgs/include/nav_msgs/msg/detail/path__traits.hpp
[55.296s] -- Installing: /home/devpc/Desktop/microros_ws/install/nav_msgs/include/nav_msgs/msg/detail/map_meta_data__builder.hpp
[55.296s] -- Installing: /home/devpc/Desktop/microros_ws/install/nav_msgs/include/nav_msgs/msg/detail/map_meta_data__struct.hpp
[55.296s] -- Installing: /home/devpc/Desktop/microros_ws/install/nav_msgs/include/nav_msgs/msg/detail/occupancy_grid__struct.hpp
[55.296s] -- Installing: /home/devpc/Desktop/microros_ws/install/nav_msgs/include/nav_msgs/msg/detail/grid_cells__struct.hpp
[55.296s] -- Installing: /home/devpc/Desktop/microros_ws/install/nav_msgs/include/nav_msgs/msg/detail/odometry__struct.hpp
[55.296s] -- Installing: /home/devpc/Desktop/microros_ws/install/nav_msgs/include/nav_msgs/msg/detail/map_meta_data__traits.hpp
[55.296s] -- Installing: /home/devpc/Desktop/microros_ws/install/nav_msgs/include/nav_msgs/msg/detail/path__builder.hpp
[55.297s] -- Installing: /home/devpc/Desktop/microros_ws/install/nav_msgs/include/nav_msgs/msg/detail/path__struct.hpp
[55.297s] -- Installing: /home/devpc/Desktop/microros_ws/install/nav_msgs/include/nav_msgs/msg/path.hpp
[55.297s] -- Installing: /home/devpc/Desktop/microros_ws/install/nav_msgs/include/nav_msgs/msg/occupancy_grid.hpp
[55.297s] -- Installing: /home/devpc/Desktop/microros_ws/install/nav_msgs/include/nav_msgs/msg/map_meta_data.hpp
[55.297s] -- Up-to-date: /home/devpc/Desktop/microros_ws/install/nav_msgs/include/nav_msgs/srv
[55.297s] -- Installing: /home/devpc/Desktop/microros_ws/install/nav_msgs/include/nav_msgs/srv/get_plan.hpp
[55.297s] -- Installing: /home/devpc/Desktop/microros_ws/install/nav_msgs/include/nav_msgs/srv/get_map.hpp
[55.298s] -- Installing: /home/devpc/Desktop/microros_ws/install/nav_msgs/include/nav_msgs/srv/set_map.hpp
[55.298s] -- Up-to-date: /home/devpc/Desktop/microros_ws/install/nav_msgs/include/nav_msgs/srv/detail
[55.298s] -- Installing: /home/devpc/Desktop/microros_ws/install/nav_msgs/include/nav_msgs/srv/detail/get_plan__traits.hpp
[55.298s] -- Installing: /home/devpc/Desktop/microros_ws/install/nav_msgs/include/nav_msgs/srv/detail/get_plan__struct.hpp
[55.298s] -- Installing: /home/devpc/Desktop/microros_ws/install/nav_msgs/include/nav_msgs/srv/detail/get_map__traits.hpp
[55.298s] -- Installing: /home/devpc/Desktop/microros_ws/install/nav_msgs/include/nav_msgs/srv/detail/set_map__struct.hpp
[55.298s] -- Installing: /home/devpc/Desktop/microros_ws/install/nav_msgs/include/nav_msgs/srv/detail/set_map__traits.hpp
[55.299s] -- Installing: /home/devpc/Desktop/microros_ws/install/nav_msgs/include/nav_msgs/srv/detail/set_map__builder.hpp
[55.299s] -- Installing: /home/devpc/Desktop/microros_ws/install/nav_msgs/include/nav_msgs/srv/detail/get_plan__builder.hpp
[55.299s] -- Installing: /home/devpc/Desktop/microros_ws/install/nav_msgs/include/nav_msgs/srv/detail/get_map__builder.hpp
[55.299s] -- Installing: /home/devpc/Desktop/microros_ws/install/nav_msgs/include/nav_msgs/srv/detail/get_map__struct.hpp
[55.299s] -- Up-to-date: /home/devpc/Desktop/microros_ws/install/nav_msgs/include/nav_msgs
[55.299s] -- Up-to-date: /home/devpc/Desktop/microros_ws/install/nav_msgs/include/nav_msgs/msg
[55.300s] -- Up-to-date: /home/devpc/Desktop/microros_ws/install/nav_msgs/include/nav_msgs/msg/detail
[55.300s] -- Installing: /home/devpc/Desktop/microros_ws/install/nav_msgs/include/nav_msgs/msg/detail/grid_cells__rosidl_typesupport_microxrcedds_cpp.hpp
[55.300s] -- Installing: /home/devpc/Desktop/microros_ws/install/nav_msgs/include/nav_msgs/msg/detail/path__rosidl_typesupport_microxrcedds_cpp.hpp
[55.300s] -- Installing: /home/devpc/Desktop/microros_ws/install/nav_msgs/include/nav_msgs/msg/detail/odometry__rosidl_typesupport_microxrcedds_cpp.hpp
[55.300s] -- Installing: /home/devpc/Desktop/microros_ws/install/nav_msgs/include/nav_msgs/msg/detail/map_meta_data__rosidl_typesupport_microxrcedds_cpp.hpp
[55.300s] -- Up-to-date: /home/devpc/Desktop/microros_ws/install/nav_msgs/include/nav_msgs/msg/detail/microxrcedds
[55.300s] -- Installing: /home/devpc/Desktop/microros_ws/install/nav_msgs/include/nav_msgs/msg/detail/microxrcedds/path__type_support_cpp.cpp
[55.300s] -- Installing: /home/devpc/Desktop/microros_ws/install/nav_msgs/include/nav_msgs/msg/detail/microxrcedds/odometry__type_support_cpp.cpp
[55.300s] -- Installing: /home/devpc/Desktop/microros_ws/install/nav_msgs/include/nav_msgs/msg/detail/microxrcedds/grid_cells__type_support_cpp.cpp
[55.300s] -- Installing: /home/devpc/Desktop/microros_ws/install/nav_msgs/include/nav_msgs/msg/detail/microxrcedds/map_meta_data__type_support_cpp.cpp
[55.301s] -- Installing: /home/devpc/Desktop/microros_ws/install/nav_msgs/include/nav_msgs/msg/detail/microxrcedds/occupancy_grid__type_support_cpp.cpp
[55.301s] -- Installing: /home/devpc/Desktop/microros_ws/install/nav_msgs/include/nav_msgs/msg/detail/occupancy_grid__rosidl_typesupport_microxrcedds_cpp.hpp
[55.301s] -- Installing: /home/devpc/Desktop/microros_ws/install/nav_msgs/include/nav_msgs/msg/rosidl_typesupport_microxrcedds_cpp__visibility_control.h
[55.301s] -- Up-to-date: /home/devpc/Desktop/microros_ws/install/nav_msgs/include/nav_msgs/srv
[55.301s] -- Up-to-date: /home/devpc/Desktop/microros_ws/install/nav_msgs/include/nav_msgs/srv/detail
[55.301s] -- Installing: /home/devpc/Desktop/microros_ws/install/nav_msgs/include/nav_msgs/srv/detail/get_plan__rosidl_typesupport_microxrcedds_cpp.hpp
[55.301s] -- Installing: /home/devpc/Desktop/microros_ws/install/nav_msgs/include/nav_msgs/srv/detail/set_map__rosidl_typesupport_microxrcedds_cpp.hpp
[55.301s] -- Installing: /home/devpc/Desktop/microros_ws/install/nav_msgs/include/nav_msgs/srv/detail/get_map__rosidl_typesupport_microxrcedds_cpp.hpp
[55.301s] -- Up-to-date: /home/devpc/Desktop/microros_ws/install/nav_msgs/include/nav_msgs/srv/detail/microxrcedds
[55.301s] -- Installing: /home/devpc/Desktop/microros_ws/install/nav_msgs/include/nav_msgs/srv/detail/microxrcedds/set_map__type_support_cpp.cpp
[55.301s] -- Installing: /home/devpc/Desktop/microros_ws/install/nav_msgs/include/nav_msgs/srv/detail/microxrcedds/get_map__type_support_cpp.cpp
[55.301s] -- Installing: /home/devpc/Desktop/microros_ws/install/nav_msgs/include/nav_msgs/srv/detail/microxrcedds/get_plan__type_support_cpp.cpp
[55.302s] -- Installing: /home/devpc/Desktop/microros_ws/install/nav_msgs/lib/libnav_msgs__rosidl_typesupport_microxrcedds_cpp.so
[55.302s] -- Set runtime path of "/home/devpc/Desktop/microros_ws/install/nav_msgs/lib/libnav_msgs__rosidl_typesupport_microxrcedds_cpp.so" to ""
[55.302s] -- Up-to-date: /home/devpc/Desktop/microros_ws/install/nav_msgs/include/nav_msgs
[55.302s] -- Up-to-date: /home/devpc/Desktop/microros_ws/install/nav_msgs/include/nav_msgs/msg
[55.302s] -- Up-to-date: /home/devpc/Desktop/microros_ws/install/nav_msgs/include/nav_msgs/msg/detail
[55.302s] -- Installing: /home/devpc/Desktop/microros_ws/install/nav_msgs/include/nav_msgs/msg/detail/map_meta_data__rosidl_typesupport_introspection_cpp.hpp
[55.302s] -- Installing: /home/devpc/Desktop/microros_ws/install/nav_msgs/include/nav_msgs/msg/detail/occupancy_grid__rosidl_typesupport_introspection_cpp.hpp
[55.302s] -- Installing: /home/devpc/Desktop/microros_ws/install/nav_msgs/include/nav_msgs/msg/detail/map_meta_data__type_support.cpp
[55.302s] -- Installing: /home/devpc/Desktop/microros_ws/install/nav_msgs/include/nav_msgs/msg/detail/occupancy_grid__type_support.cpp
[55.302s] -- Installing: /home/devpc/Desktop/microros_ws/install/nav_msgs/include/nav_msgs/msg/detail/grid_cells__rosidl_typesupport_introspection_cpp.hpp
[55.302s] -- Installing: /home/devpc/Desktop/microros_ws/install/nav_msgs/include/nav_msgs/msg/detail/path__rosidl_typesupport_introspection_cpp.hpp
[55.302s] -- Installing: /home/devpc/Desktop/microros_ws/install/nav_msgs/include/nav_msgs/msg/detail/odometry__type_support.cpp
[55.303s] -- Installing: /home/devpc/Desktop/microros_ws/install/nav_msgs/include/nav_msgs/msg/detail/path__type_support.cpp
[55.303s] -- Installing: /home/devpc/Desktop/microros_ws/install/nav_msgs/include/nav_msgs/msg/detail/grid_cells__type_support.cpp
[55.303s] -- Installing: /home/devpc/Desktop/microros_ws/install/nav_msgs/include/nav_msgs/msg/detail/odometry__rosidl_typesupport_introspection_cpp.hpp
[55.303s] -- Up-to-date: /home/devpc/Desktop/microros_ws/install/nav_msgs/include/nav_msgs/srv
[55.303s] -- Up-to-date: /home/devpc/Desktop/microros_ws/install/nav_msgs/include/nav_msgs/srv/detail
[55.303s] -- Installing: /home/devpc/Desktop/microros_ws/install/nav_msgs/include/nav_msgs/srv/detail/set_map__rosidl_typesupport_introspection_cpp.hpp
[55.303s] -- Installing: /home/devpc/Desktop/microros_ws/install/nav_msgs/include/nav_msgs/srv/detail/get_plan__rosidl_typesupport_introspection_cpp.hpp
[55.303s] -- Installing: /home/devpc/Desktop/microros_ws/install/nav_msgs/include/nav_msgs/srv/detail/set_map__type_support.cpp
[55.303s] -- Installing: /home/devpc/Desktop/microros_ws/install/nav_msgs/include/nav_msgs/srv/detail/get_map__type_support.cpp
[55.303s] -- Installing: /home/devpc/Desktop/microros_ws/install/nav_msgs/include/nav_msgs/srv/detail/get_plan__type_support.cpp
[55.303s] -- Installing: /home/devpc/Desktop/microros_ws/install/nav_msgs/include/nav_msgs/srv/detail/get_map__rosidl_typesupport_introspection_cpp.hpp
[55.304s] -- Installing: /home/devpc/Desktop/microros_ws/install/nav_msgs/lib/libnav_msgs__rosidl_typesupport_introspection_cpp.so
[55.304s] -- Set runtime path of "/home/devpc/Desktop/microros_ws/install/nav_msgs/lib/libnav_msgs__rosidl_typesupport_introspection_cpp.so" to ""
[55.304s] -- Installing: /home/devpc/Desktop/microros_ws/install/nav_msgs/lib/libnav_msgs__rosidl_typesupport_cpp.so
[55.304s] -- Set runtime path of "/home/devpc/Desktop/microros_ws/install/nav_msgs/lib/libnav_msgs__rosidl_typesupport_cpp.so" to ""
[55.304s] -- Installing: /home/devpc/Desktop/microros_ws/install/nav_msgs/share/nav_msgs/environment/pythonpath.sh
[55.304s] -- Installing: /home/devpc/Desktop/microros_ws/install/nav_msgs/share/nav_msgs/environment/pythonpath.dsv
[55.304s] -- Installing: /home/devpc/Desktop/microros_ws/install/nav_msgs/lib/python3.8/site-packages/nav_msgs/__init__.py
[55.315s] Compiling '/home/devpc/Desktop/microros_ws/install/nav_msgs/lib/python3.8/site-packages/nav_msgs/__init__.py'...
[55.319s] -- Installing: /home/devpc/Desktop/microros_ws/install/nav_msgs/lib/python3.8/site-packages/nav_msgs/msg
[55.319s] -- Installing: /home/devpc/Desktop/microros_ws/install/nav_msgs/lib/python3.8/site-packages/nav_msgs/msg/_path_s.c
[55.320s] -- Installing: /home/devpc/Desktop/microros_ws/install/nav_msgs/lib/python3.8/site-packages/nav_msgs/msg/_odometry.py
[55.320s] -- Installing: /home/devpc/Desktop/microros_ws/install/nav_msgs/lib/python3.8/site-packages/nav_msgs/msg/__init__.py
[55.321s] -- Installing: /home/devpc/Desktop/microros_ws/install/nav_msgs/lib/python3.8/site-packages/nav_msgs/msg/_grid_cells.py
[55.321s] -- Installing: /home/devpc/Desktop/microros_ws/install/nav_msgs/lib/python3.8/site-packages/nav_msgs/msg/_odometry_s.c
[55.321s] -- Installing: /home/devpc/Desktop/microros_ws/install/nav_msgs/lib/python3.8/site-packages/nav_msgs/msg/_map_meta_data_s.c
[55.322s] -- Installing: /home/devpc/Desktop/microros_ws/install/nav_msgs/lib/python3.8/site-packages/nav_msgs/msg/_occupancy_grid.py
[55.322s] -- Installing: /home/devpc/Desktop/microros_ws/install/nav_msgs/lib/python3.8/site-packages/nav_msgs/msg/_grid_cells_s.c
[55.322s] -- Installing: /home/devpc/Desktop/microros_ws/install/nav_msgs/lib/python3.8/site-packages/nav_msgs/msg/_map_meta_data.py
[55.323s] -- Installing: /home/devpc/Desktop/microros_ws/install/nav_msgs/lib/python3.8/site-packages/nav_msgs/msg/_path.py
[55.323s] -- Installing: /home/devpc/Desktop/microros_ws/install/nav_msgs/lib/python3.8/site-packages/nav_msgs/msg/_occupancy_grid_s.c
[55.323s] -- Installing: /home/devpc/Desktop/microros_ws/install/nav_msgs/lib/python3.8/site-packages/nav_msgs/srv
[55.323s] -- Installing: /home/devpc/Desktop/microros_ws/install/nav_msgs/lib/python3.8/site-packages/nav_msgs/srv/_get_plan_s.c
[55.324s] -- Installing: /home/devpc/Desktop/microros_ws/install/nav_msgs/lib/python3.8/site-packages/nav_msgs/srv/__init__.py
[55.324s] -- Installing: /home/devpc/Desktop/microros_ws/install/nav_msgs/lib/python3.8/site-packages/nav_msgs/srv/_set_map_s.c
[55.324s] -- Installing: /home/devpc/Desktop/microros_ws/install/nav_msgs/lib/python3.8/site-packages/nav_msgs/srv/_get_plan.py
[55.324s] -- Installing: /home/devpc/Desktop/microros_ws/install/nav_msgs/lib/python3.8/site-packages/nav_msgs/srv/_set_map.py
[55.324s] -- Installing: /home/devpc/Desktop/microros_ws/install/nav_msgs/lib/python3.8/site-packages/nav_msgs/srv/_get_map.py
[55.324s] -- Installing: /home/devpc/Desktop/microros_ws/install/nav_msgs/lib/python3.8/site-packages/nav_msgs/srv/_get_map_s.c
[55.324s] -- Installing: /home/devpc/Desktop/microros_ws/install/nav_msgs/lib/python3.8/site-packages/nav_msgs/nav_msgs_s__rosidl_typesupport_microxrcedds_c.cpython-38-x86_64-linux-gnu.so
[55.325s] -- Set runtime path of "/home/devpc/Desktop/microros_ws/install/nav_msgs/lib/python3.8/site-packages/nav_msgs/nav_msgs_s__rosidl_typesupport_microxrcedds_c.cpython-38-x86_64-linux-gnu.so" to ""
[55.325s] -- Installing: /home/devpc/Desktop/microros_ws/install/nav_msgs/lib/python3.8/site-packages/nav_msgs/nav_msgs_s__rosidl_typesupport_fastrtps_c.cpython-38-x86_64-linux-gnu.so
[55.325s] -- Set runtime path of "/home/devpc/Desktop/microros_ws/install/nav_msgs/lib/python3.8/site-packages/nav_msgs/nav_msgs_s__rosidl_typesupport_fastrtps_c.cpython-38-x86_64-linux-gnu.so" to ""
[55.326s] -- Installing: /home/devpc/Desktop/microros_ws/install/nav_msgs/lib/python3.8/site-packages/nav_msgs/nav_msgs_s__rosidl_typesupport_introspection_c.cpython-38-x86_64-linux-gnu.so
[55.326s] -- Set runtime path of "/home/devpc/Desktop/microros_ws/install/nav_msgs/lib/python3.8/site-packages/nav_msgs/nav_msgs_s__rosidl_typesupport_introspection_c.cpython-38-x86_64-linux-gnu.so" to ""
[55.326s] -- Installing: /home/devpc/Desktop/microros_ws/install/nav_msgs/lib/python3.8/site-packages/nav_msgs/nav_msgs_s__rosidl_typesupport_c.cpython-38-x86_64-linux-gnu.so
[55.326s] -- Set runtime path of "/home/devpc/Desktop/microros_ws/install/nav_msgs/lib/python3.8/site-packages/nav_msgs/nav_msgs_s__rosidl_typesupport_c.cpython-38-x86_64-linux-gnu.so" to ""
[55.326s] -- Installing: /home/devpc/Desktop/microros_ws/install/nav_msgs/lib/libnav_msgs__python.so
[55.327s] -- Set runtime path of "/home/devpc/Desktop/microros_ws/install/nav_msgs/lib/libnav_msgs__python.so" to ""
[55.327s] -- Installing: /home/devpc/Desktop/microros_ws/install/nav_msgs/share/nav_msgs/msg/GridCells.idl
[55.327s] -- Installing: /home/devpc/Desktop/microros_ws/install/nav_msgs/share/nav_msgs/msg/MapMetaData.idl
[55.327s] -- Installing: /home/devpc/Desktop/microros_ws/install/nav_msgs/share/nav_msgs/msg/OccupancyGrid.idl
[55.328s] -- Installing: /home/devpc/Desktop/microros_ws/install/nav_msgs/share/nav_msgs/msg/Odometry.idl
[55.328s] -- Installing: /home/devpc/Desktop/microros_ws/install/nav_msgs/share/nav_msgs/msg/Path.idl
[55.328s] -- Installing: /home/devpc/Desktop/microros_ws/install/nav_msgs/share/nav_msgs/srv/GetMap.idl
[55.328s] -- Installing: /home/devpc/Desktop/microros_ws/install/nav_msgs/share/nav_msgs/srv/GetPlan.idl
[55.328s] -- Installing: /home/devpc/Desktop/microros_ws/install/nav_msgs/share/nav_msgs/srv/SetMap.idl
[55.329s] -- Installing: /home/devpc/Desktop/microros_ws/install/nav_msgs/share/nav_msgs/msg/GridCells.msg
[55.329s] -- Installing: /home/devpc/Desktop/microros_ws/install/nav_msgs/share/nav_msgs/msg/MapMetaData.msg
[55.329s] -- Installing: /home/devpc/Desktop/microros_ws/install/nav_msgs/share/nav_msgs/msg/OccupancyGrid.msg
[55.329s] -- Installing: /home/devpc/Desktop/microros_ws/install/nav_msgs/share/nav_msgs/msg/Odometry.msg
[55.329s] -- Installing: /home/devpc/Desktop/microros_ws/install/nav_msgs/share/nav_msgs/msg/Path.msg
[55.330s] -- Installing: /home/devpc/Desktop/microros_ws/install/nav_msgs/share/nav_msgs/srv/GetMap.srv
[55.330s] -- Installing: /home/devpc/Desktop/microros_ws/install/nav_msgs/share/nav_msgs/srv/GetMap_Request.msg
[55.330s] -- Installing: /home/devpc/Desktop/microros_ws/install/nav_msgs/share/nav_msgs/srv/GetMap_Response.msg
[55.330s] -- Installing: /home/devpc/Desktop/microros_ws/install/nav_msgs/share/nav_msgs/srv/GetPlan.srv
[55.330s] -- Installing: /home/devpc/Desktop/microros_ws/install/nav_msgs/share/nav_msgs/srv/GetPlan_Request.msg
[55.331s] -- Installing: /home/devpc/Desktop/microros_ws/install/nav_msgs/share/nav_msgs/srv/GetPlan_Response.msg
[55.331s] -- Installing: /home/devpc/Desktop/microros_ws/install/nav_msgs/share/nav_msgs/srv/SetMap.srv
[55.331s] -- Installing: /home/devpc/Desktop/microros_ws/install/nav_msgs/share/nav_msgs/srv/SetMap_Request.msg
[55.331s] -- Installing: /home/devpc/Desktop/microros_ws/install/nav_msgs/share/nav_msgs/srv/SetMap_Response.msg
[55.331s] -- Installing: /home/devpc/Desktop/microros_ws/install/nav_msgs/share/ament_index/resource_index/package_run_dependencies/nav_msgs
[55.332s] -- Installing: /home/devpc/Desktop/microros_ws/install/nav_msgs/share/ament_index/resource_index/parent_prefix_path/nav_msgs
[55.332s] -- Installing: /home/devpc/Desktop/microros_ws/install/nav_msgs/share/nav_msgs/environment/ament_prefix_path.sh
[55.332s] -- Installing: /home/devpc/Desktop/microros_ws/install/nav_msgs/share/nav_msgs/environment/ament_prefix_path.dsv
[55.332s] -- Installing: /home/devpc/Desktop/microros_ws/install/nav_msgs/share/nav_msgs/environment/path.sh
[55.332s] -- Installing: /home/devpc/Desktop/microros_ws/install/nav_msgs/share/nav_msgs/environment/path.dsv
[55.333s] -- Installing: /home/devpc/Desktop/microros_ws/install/nav_msgs/share/nav_msgs/local_setup.bash
[55.333s] -- Installing: /home/devpc/Desktop/microros_ws/install/nav_msgs/share/nav_msgs/local_setup.sh
[55.333s] -- Installing: /home/devpc/Desktop/microros_ws/install/nav_msgs/share/nav_msgs/local_setup.zsh
[55.333s] -- Installing: /home/devpc/Desktop/microros_ws/install/nav_msgs/share/nav_msgs/local_setup.dsv
[55.333s] -- Installing: /home/devpc/Desktop/microros_ws/install/nav_msgs/share/nav_msgs/package.dsv
[55.334s] -- Installing: /home/devpc/Desktop/microros_ws/install/nav_msgs/share/ament_index/resource_index/packages/nav_msgs
[55.334s] -- Installing: /home/devpc/Desktop/microros_ws/install/nav_msgs/share/nav_msgs/cmake/nav_msgs__rosidl_generator_cExport.cmake
[55.334s] -- Installing: /home/devpc/Desktop/microros_ws/install/nav_msgs/share/nav_msgs/cmake/nav_msgs__rosidl_generator_cExport-noconfig.cmake
[55.334s] -- Installing: /home/devpc/Desktop/microros_ws/install/nav_msgs/share/nav_msgs/cmake/nav_msgs__rosidl_typesupport_introspection_cExport.cmake
[55.335s] -- Installing: /home/devpc/Desktop/microros_ws/install/nav_msgs/share/nav_msgs/cmake/nav_msgs__rosidl_typesupport_introspection_cExport-noconfig.cmake
[55.335s] -- Installing: /home/devpc/Desktop/microros_ws/install/nav_msgs/share/nav_msgs/cmake/nav_msgs__rosidl_typesupport_cExport.cmake
[55.335s] -- Installing: /home/devpc/Desktop/microros_ws/install/nav_msgs/share/nav_msgs/cmake/nav_msgs__rosidl_typesupport_cExport-noconfig.cmake
[55.335s] -- Installing: /home/devpc/Desktop/microros_ws/install/nav_msgs/share/nav_msgs/cmake/nav_msgs__rosidl_generator_cppExport.cmake
[55.336s] -- Installing: /home/devpc/Desktop/microros_ws/install/nav_msgs/share/nav_msgs/cmake/nav_msgs__rosidl_typesupport_introspection_cppExport.cmake
[55.336s] -- Installing: /home/devpc/Desktop/microros_ws/install/nav_msgs/share/nav_msgs/cmake/nav_msgs__rosidl_typesupport_introspection_cppExport-noconfig.cmake
[55.336s] -- Installing: /home/devpc/Desktop/microros_ws/install/nav_msgs/share/nav_msgs/cmake/nav_msgs__rosidl_typesupport_cppExport.cmake
[55.336s] -- Installing: /home/devpc/Desktop/microros_ws/install/nav_msgs/share/nav_msgs/cmake/nav_msgs__rosidl_typesupport_cppExport-noconfig.cmake
[55.337s] -- Installing: /home/devpc/Desktop/microros_ws/install/nav_msgs/share/nav_msgs/cmake/rosidl_cmake-extras.cmake
[55.337s] -- Installing: /home/devpc/Desktop/microros_ws/install/nav_msgs/share/nav_msgs/cmake/ament_cmake_export_dependencies-extras.cmake
[55.337s] -- Installing: /home/devpc/Desktop/microros_ws/install/nav_msgs/share/nav_msgs/cmake/ament_cmake_export_libraries-extras.cmake
[55.337s] -- Installing: /home/devpc/Desktop/microros_ws/install/nav_msgs/share/nav_msgs/cmake/ament_cmake_export_targets-extras.cmake
[55.337s] -- Installing: /home/devpc/Desktop/microros_ws/install/nav_msgs/share/nav_msgs/cmake/ament_cmake_export_include_directories-extras.cmake
[55.338s] -- Installing: /home/devpc/Desktop/microros_ws/install/nav_msgs/share/nav_msgs/cmake/rosidl_cmake_export_typesupport_libraries-extras.cmake
[55.338s] -- Installing: /home/devpc/Desktop/microros_ws/install/nav_msgs/share/nav_msgs/cmake/rosidl_cmake_export_typesupport_targets-extras.cmake
[55.338s] -- Installing: /home/devpc/Desktop/microros_ws/install/nav_msgs/share/nav_msgs/cmake/nav_msgsConfig.cmake
[55.338s] -- Installing: /home/devpc/Desktop/microros_ws/install/nav_msgs/share/nav_msgs/cmake/nav_msgsConfig-version.cmake
[55.338s] -- Installing: /home/devpc/Desktop/microros_ws/install/nav_msgs/share/nav_msgs/package.xml
[55.343s] Invoked command in '/home/devpc/Desktop/microros_ws/build/nav_msgs' returned '0': AMENT_PREFIX_PATH=/home/devpc/Desktop/microros_ws/install/geometry_msgs:/home/devpc/Desktop/microros_ws/install/std_msgs:/home/devpc/Desktop/microros_ws/install/builtin_interfaces:${AMENT_PREFIX_PATH} CMAKE_PREFIX_PATH=/home/devpc/Desktop/microros_ws/install/geometry_msgs:/home/devpc/Desktop/microros_ws/install/std_msgs:/home/devpc/Desktop/microros_ws/install/builtin_interfaces:/home/devpc/Desktop/microros_ws/install/rosidl_typesupport_microxrcedds_cpp:/home/devpc/Desktop/microros_ws/install/rosidl_typesupport_microxrcedds_c:/home/devpc/Desktop/microros_ws/install/microcdr:/home/devpc/Desktop/microros_ws/install/micro_ros_agent:/home/devpc/Desktop/microros_ws/install/microxrcedds_agent:/home/devpc/Desktop/microros_ws/install/micro_ros_setup:/home/devpc/Desktop/microros_ws/install/micro_ros_msgs:/home/devpc/Desktop/quad_ws/install/quad_interfaces:/home/devpc/Desktop/quad_ws/install/quad:/opt/ros/foxy LD_LIBRARY_PATH=/home/devpc/Desktop/microros_ws/install/geometry_msgs/lib:/home/devpc/Desktop/microros_ws/install/std_msgs/lib:/home/devpc/Desktop/microros_ws/install/builtin_interfaces/lib:${LD_LIBRARY_PATH} PYTHONPATH=/home/devpc/Desktop/microros_ws/install/geometry_msgs/lib/python3.8/site-packages:/home/devpc/Desktop/microros_ws/install/std_msgs/lib/python3.8/site-packages:/home/devpc/Desktop/microros_ws/install/builtin_interfaces/lib/python3.8/site-packages:${PYTHONPATH} /usr/bin/cmake --install /home/devpc/Desktop/microros_ws/build/nav_msgs
