[0.063s] Invoking command in '/home/devpc/Desktop/microros_ws/build/diagnostic_msgs': AMENT_PREFIX_PATH=/home/devpc/Desktop/microros_ws/install/geometry_msgs:/home/devpc/Desktop/microros_ws/install/std_msgs:/home/devpc/Desktop/microros_ws/install/builtin_interfaces:${AMENT_PREFIX_PATH} CMAKE_PREFIX_PATH=/home/devpc/Desktop/microros_ws/install/geometry_msgs:/home/devpc/Desktop/microros_ws/install/std_msgs:/home/devpc/Desktop/microros_ws/install/builtin_interfaces:/home/devpc/Desktop/microros_ws/install/rosidl_typesupport_microxrcedds_cpp:/home/devpc/Desktop/microros_ws/install/rosidl_typesupport_microxrcedds_c:/home/devpc/Desktop/microros_ws/install/microcdr:/home/devpc/Desktop/microros_ws/install/micro_ros_agent:/home/devpc/Desktop/microros_ws/install/microxrcedds_agent:/home/devpc/Desktop/microros_ws/install/micro_ros_setup:/home/devpc/Desktop/microros_ws/install/micro_ros_msgs:/home/devpc/Desktop/quad_ws/install/quad_interfaces:/home/devpc/Desktop/quad_ws/install/quad:/opt/ros/foxy LD_LIBRARY_PATH=/home/devpc/Desktop/microros_ws/install/geometry_msgs/lib:/home/devpc/Desktop/microros_ws/install/std_msgs/lib:/home/devpc/Desktop/microros_ws/install/builtin_interfaces/lib:${LD_LIBRARY_PATH} PYTHONPATH=/home/devpc/Desktop/microros_ws/install/geometry_msgs/lib/python3.8/site-packages:/home/devpc/Desktop/microros_ws/install/std_msgs/lib/python3.8/site-packages:/home/devpc/Desktop/microros_ws/install/builtin_interfaces/lib/python3.8/site-packages:${PYTHONPATH} /usr/bin/cmake /home/devpc/Desktop/microros_ws/src/ros2/common_interfaces/diagnostic_msgs -DCMAKE_INSTALL_PREFIX=/home/devpc/Desktop/microros_ws/install/diagnostic_msgs
[0.165s] -- The C compiler identification is GNU 9.3.0
[0.274s] -- The CXX compiler identification is GNU 9.3.0
[0.282s] -- Check for working C compiler: /usr/bin/cc
[0.403s] -- Check for working C compiler: /usr/bin/cc -- works
[0.405s] -- Detecting C compiler ABI info
[0.528s] -- Detecting C compiler ABI info - done
[0.549s] -- Detecting C compile features
[0.549s] -- Detecting C compile features - done
[0.554s] -- Check for working CXX compiler: /usr/bin/c++
[0.668s] -- Check for working CXX compiler: /usr/bin/c++ -- works
[0.670s] -- Detecting CXX compiler ABI info
[0.805s] -- Detecting CXX compiler ABI info - done
[0.826s] -- Detecting CXX compile features
[0.827s] -- Detecting CXX compile features - done
[0.835s] -- Found ament_cmake: 0.9.8 (/opt/ros/foxy/share/ament_cmake/cmake)
[0.874s] -- Found PythonInterp: /usr/bin/python3 (found suitable version "3.8.10", minimum required is "3") 
[0.874s] -- Using PYTHON_EXECUTABLE: /usr/bin/python3
[1.337s] -- Found rosidl_default_generators: 1.0.1 (/opt/ros/foxy/share/rosidl_default_generators/cmake)
[1.348s] -- Using all available rosidl_typesupport_c: rosidl_typesupport_microxrcedds_c;rosidl_typesupport_fastrtps_c;rosidl_typesupport_introspection_c
[1.364s] -- Found rosidl_adapter: 1.2.1 (/opt/ros/foxy/share/rosidl_adapter/cmake)
[1.666s] -- Found OpenSSL: /usr/lib/x86_64-linux-gnu/libcrypto.so (found version "1.1.1f")  
[1.752s] -- Found FastRTPS: /opt/ros/foxy/include  
[1.959s] -- Using all available rosidl_typesupport_cpp: rosidl_typesupport_microxrcedds_cpp;rosidl_typesupport_fastrtps_cpp;rosidl_typesupport_introspection_cpp
[2.099s] -- Found std_msgs: 2.0.4 (/home/devpc/Desktop/microros_ws/install/std_msgs/share/std_msgs/cmake)
[2.199s] -- Found PythonInterp: /usr/bin/python3 (found version "3.8.10") 
[2.534s] -- Found ament_cmake_cppcheck: 0.9.6 (/opt/ros/foxy/share/ament_cmake_cppcheck/cmake)
[2.539s] -- Found ament_cmake_cpplint: 0.9.6 (/opt/ros/foxy/share/ament_cmake_cpplint/cmake)
[2.544s] -- Found ament_cmake_uncrustify: 0.9.6 (/opt/ros/foxy/share/ament_cmake_uncrustify/cmake)
[2.549s] -- Found ament_cmake_ros: 0.9.2 (/opt/ros/foxy/share/ament_cmake_ros/cmake)
[2.991s] -- Using all available rosidl_typesupport_c: rosidl_typesupport_microxrcedds_c;rosidl_typesupport_fastrtps_c;rosidl_typesupport_introspection_c
[3.176s] -- Using all available rosidl_typesupport_cpp: rosidl_typesupport_microxrcedds_cpp;rosidl_typesupport_fastrtps_cpp;rosidl_typesupport_introspection_cpp
[3.219s] -- Found PythonInterp: /usr/bin/python3 (found suitable version "3.8.10", minimum required is "3.5") 
[3.222s] -- Found python_cmake_module: 0.8.1 (/opt/ros/foxy/share/python_cmake_module/cmake)
[3.264s] -- Found PythonLibs: /usr/lib/x86_64-linux-gnu/libpython3.8.so (found suitable version "3.8.10", minimum required is "3.5") 
[3.265s] -- Using PYTHON_EXECUTABLE: /usr/bin/python3
[3.265s] -- Using PYTHON_INCLUDE_DIRS: /usr/include/python3.8
[3.265s] -- Using PYTHON_LIBRARIES: /usr/lib/x86_64-linux-gnu/libpython3.8.so
[3.300s] -- Found PythonExtra: .so  
[3.439s] -- Found ament_cmake_flake8: 0.9.6 (/opt/ros/foxy/share/ament_cmake_flake8/cmake)
[3.443s] -- Found ament_cmake_pep257: 0.9.6 (/opt/ros/foxy/share/ament_cmake_pep257/cmake)
[3.461s] -- Configuring done
[3.642s] -- Generating done
[3.652s] -- Build files have been written to: /home/devpc/Desktop/microros_ws/build/diagnostic_msgs
[3.693s] Invoked command in '/home/devpc/Desktop/microros_ws/build/diagnostic_msgs' returned '0': AMENT_PREFIX_PATH=/home/devpc/Desktop/microros_ws/install/geometry_msgs:/home/devpc/Desktop/microros_ws/install/std_msgs:/home/devpc/Desktop/microros_ws/install/builtin_interfaces:${AMENT_PREFIX_PATH} CMAKE_PREFIX_PATH=/home/devpc/Desktop/microros_ws/install/geometry_msgs:/home/devpc/Desktop/microros_ws/install/std_msgs:/home/devpc/Desktop/microros_ws/install/builtin_interfaces:/home/devpc/Desktop/microros_ws/install/rosidl_typesupport_microxrcedds_cpp:/home/devpc/Desktop/microros_ws/install/rosidl_typesupport_microxrcedds_c:/home/devpc/Desktop/microros_ws/install/microcdr:/home/devpc/Desktop/microros_ws/install/micro_ros_agent:/home/devpc/Desktop/microros_ws/install/microxrcedds_agent:/home/devpc/Desktop/microros_ws/install/micro_ros_setup:/home/devpc/Desktop/microros_ws/install/micro_ros_msgs:/home/devpc/Desktop/quad_ws/install/quad_interfaces:/home/devpc/Desktop/quad_ws/install/quad:/opt/ros/foxy LD_LIBRARY_PATH=/home/devpc/Desktop/microros_ws/install/geometry_msgs/lib:/home/devpc/Desktop/microros_ws/install/std_msgs/lib:/home/devpc/Desktop/microros_ws/install/builtin_interfaces/lib:${LD_LIBRARY_PATH} PYTHONPATH=/home/devpc/Desktop/microros_ws/install/geometry_msgs/lib/python3.8/site-packages:/home/devpc/Desktop/microros_ws/install/std_msgs/lib/python3.8/site-packages:/home/devpc/Desktop/microros_ws/install/builtin_interfaces/lib/python3.8/site-packages:${PYTHONPATH} /usr/bin/cmake /home/devpc/Desktop/microros_ws/src/ros2/common_interfaces/diagnostic_msgs -DCMAKE_INSTALL_PREFIX=/home/devpc/Desktop/microros_ws/install/diagnostic_msgs
[3.694s] Invoking command in '/home/devpc/Desktop/microros_ws/build/diagnostic_msgs': AMENT_PREFIX_PATH=/home/devpc/Desktop/microros_ws/install/geometry_msgs:/home/devpc/Desktop/microros_ws/install/std_msgs:/home/devpc/Desktop/microros_ws/install/builtin_interfaces:${AMENT_PREFIX_PATH} CMAKE_PREFIX_PATH=/home/devpc/Desktop/microros_ws/install/geometry_msgs:/home/devpc/Desktop/microros_ws/install/std_msgs:/home/devpc/Desktop/microros_ws/install/builtin_interfaces:/home/devpc/Desktop/microros_ws/install/rosidl_typesupport_microxrcedds_cpp:/home/devpc/Desktop/microros_ws/install/rosidl_typesupport_microxrcedds_c:/home/devpc/Desktop/microros_ws/install/microcdr:/home/devpc/Desktop/microros_ws/install/micro_ros_agent:/home/devpc/Desktop/microros_ws/install/microxrcedds_agent:/home/devpc/Desktop/microros_ws/install/micro_ros_setup:/home/devpc/Desktop/microros_ws/install/micro_ros_msgs:/home/devpc/Desktop/quad_ws/install/quad_interfaces:/home/devpc/Desktop/quad_ws/install/quad:/opt/ros/foxy LD_LIBRARY_PATH=/home/devpc/Desktop/microros_ws/install/geometry_msgs/lib:/home/devpc/Desktop/microros_ws/install/std_msgs/lib:/home/devpc/Desktop/microros_ws/install/builtin_interfaces/lib:${LD_LIBRARY_PATH} PYTHONPATH=/home/devpc/Desktop/microros_ws/install/geometry_msgs/lib/python3.8/site-packages:/home/devpc/Desktop/microros_ws/install/std_msgs/lib/python3.8/site-packages:/home/devpc/Desktop/microros_ws/install/builtin_interfaces/lib/python3.8/site-packages:${PYTHONPATH} /usr/bin/cmake --build /home/devpc/Desktop/microros_ws/build/diagnostic_msgs -- -j8 -l8
[3.778s] [35m[1mScanning dependencies of target diagnostic_msgs__cpp[0m
[3.807s] [  1%] [34m[1mGenerating C++ code for ROS interfaces[0m
[3.834s] [  2%] [34m[1mGenerating C code for ROS interfaces[0m
[6.992s] [  2%] Built target diagnostic_msgs__cpp
[7.154s] [35m[1mScanning dependencies of target diagnostic_msgs__rosidl_generator_c[0m
[7.188s] [  3%] [32mBuilding C object CMakeFiles/diagnostic_msgs__rosidl_generator_c.dir/rosidl_generator_c/diagnostic_msgs/msg/detail/diagnostic_array__functions.c.o[0m
[7.489s] [  5%] [32mBuilding C object CMakeFiles/diagnostic_msgs__rosidl_generator_c.dir/rosidl_generator_c/diagnostic_msgs/srv/detail/add_diagnostics__functions.c.o[0m
[7.689s] [  6%] [32mBuilding C object CMakeFiles/diagnostic_msgs__rosidl_generator_c.dir/rosidl_generator_c/diagnostic_msgs/srv/detail/self_test__functions.c.o[0m
[7.905s] [  7%] [32mBuilding C object CMakeFiles/diagnostic_msgs__rosidl_generator_c.dir/rosidl_generator_c/diagnostic_msgs/msg/detail/key_value__functions.c.o[0m
[8.087s] [  8%] [32mBuilding C object CMakeFiles/diagnostic_msgs__rosidl_generator_c.dir/rosidl_generator_c/diagnostic_msgs/msg/detail/diagnostic_status__functions.c.o[0m
[8.224s] [ 10%] [32m[1mLinking C shared library libdiagnostic_msgs__rosidl_generator_c.so[0m
[8.446s] [ 10%] Built target diagnostic_msgs__rosidl_generator_c
[8.508s] [ 11%] [34m[1mGenerating C++ type support for eProsima Fast-RTPS[0m
[10.537s] [35m[1mScanning dependencies of target diagnostic_msgs__rosidl_typesupport_fastrtps_cpp[0m
[10.647s] [ 12%] [32mBuilding CXX object CMakeFiles/diagnostic_msgs__rosidl_typesupport_fastrtps_cpp.dir/rosidl_typesupport_fastrtps_cpp/diagnostic_msgs/msg/detail/dds_fastrtps/diagnostic_array__type_support.cpp.o[0m
[12.243s] [ 13%] [32mBuilding CXX object CMakeFiles/diagnostic_msgs__rosidl_typesupport_fastrtps_cpp.dir/rosidl_typesupport_fastrtps_cpp/diagnostic_msgs/msg/detail/dds_fastrtps/diagnostic_status__type_support.cpp.o[0m
[13.127s] [ 15%] [32mBuilding CXX object CMakeFiles/diagnostic_msgs__rosidl_typesupport_fastrtps_cpp.dir/rosidl_typesupport_fastrtps_cpp/diagnostic_msgs/msg/detail/dds_fastrtps/key_value__type_support.cpp.o[0m
[14.057s] [ 16%] [32mBuilding CXX object CMakeFiles/diagnostic_msgs__rosidl_typesupport_fastrtps_cpp.dir/rosidl_typesupport_fastrtps_cpp/diagnostic_msgs/srv/detail/dds_fastrtps/add_diagnostics__type_support.cpp.o[0m
[14.904s] [ 17%] [32mBuilding CXX object CMakeFiles/diagnostic_msgs__rosidl_typesupport_fastrtps_cpp.dir/rosidl_typesupport_fastrtps_cpp/diagnostic_msgs/srv/detail/dds_fastrtps/self_test__type_support.cpp.o[0m
[15.987s] [ 18%] [32m[1mLinking CXX shared library libdiagnostic_msgs__rosidl_typesupport_fastrtps_cpp.so[0m
[16.210s] [ 18%] Built target diagnostic_msgs__rosidl_typesupport_fastrtps_cpp
[16.263s] [ 20%] [34m[1mGenerating C type support dispatch for ROS interfaces[0m
[17.217s] [35m[1mScanning dependencies of target diagnostic_msgs__rosidl_typesupport_c[0m
[17.236s] [ 21%] [32mBuilding CXX object CMakeFiles/diagnostic_msgs__rosidl_typesupport_c.dir/rosidl_typesupport_c/diagnostic_msgs/msg/diagnostic_array__type_support.cpp.o[0m
[17.306s] [ 22%] [32mBuilding CXX object CMakeFiles/diagnostic_msgs__rosidl_typesupport_c.dir/rosidl_typesupport_c/diagnostic_msgs/msg/diagnostic_status__type_support.cpp.o[0m
[17.365s] [ 24%] [32mBuilding CXX object CMakeFiles/diagnostic_msgs__rosidl_typesupport_c.dir/rosidl_typesupport_c/diagnostic_msgs/msg/key_value__type_support.cpp.o[0m
[17.410s] [ 25%] [32mBuilding CXX object CMakeFiles/diagnostic_msgs__rosidl_typesupport_c.dir/rosidl_typesupport_c/diagnostic_msgs/srv/add_diagnostics__type_support.cpp.o[0m
[17.480s] [ 26%] [32mBuilding CXX object CMakeFiles/diagnostic_msgs__rosidl_typesupport_c.dir/rosidl_typesupport_c/diagnostic_msgs/srv/self_test__type_support.cpp.o[0m
[17.587s] [ 27%] [32m[1mLinking CXX shared library libdiagnostic_msgs__rosidl_typesupport_c.so[0m
[17.681s] [ 27%] Built target diagnostic_msgs__rosidl_typesupport_c
[17.740s] [ 29%] [34m[1mGenerating C type support for eProsima Fast-RTPS[0m
[19.046s] [35m[1mScanning dependencies of target diagnostic_msgs__rosidl_typesupport_fastrtps_c[0m
[19.093s] [ 30%] [32mBuilding CXX object CMakeFiles/diagnostic_msgs__rosidl_typesupport_fastrtps_c.dir/rosidl_typesupport_fastrtps_c/diagnostic_msgs/msg/detail/diagnostic_array__type_support_c.cpp.o[0m
[19.808s] [ 31%] [32mBuilding CXX object CMakeFiles/diagnostic_msgs__rosidl_typesupport_fastrtps_c.dir/rosidl_typesupport_fastrtps_c/diagnostic_msgs/msg/detail/key_value__type_support_c.cpp.o[0m
[20.554s] [ 32%] [32mBuilding CXX object CMakeFiles/diagnostic_msgs__rosidl_typesupport_fastrtps_c.dir/rosidl_typesupport_fastrtps_c/diagnostic_msgs/srv/detail/add_diagnostics__type_support_c.cpp.o[0m
[21.302s] [ 34%] [32mBuilding CXX object CMakeFiles/diagnostic_msgs__rosidl_typesupport_fastrtps_c.dir/rosidl_typesupport_fastrtps_c/diagnostic_msgs/srv/detail/self_test__type_support_c.cpp.o[0m
[22.130s] [ 35%] [32mBuilding CXX object CMakeFiles/diagnostic_msgs__rosidl_typesupport_fastrtps_c.dir/rosidl_typesupport_fastrtps_c/diagnostic_msgs/msg/detail/diagnostic_status__type_support_c.cpp.o[0m
[22.777s] [ 36%] [32m[1mLinking CXX shared library libdiagnostic_msgs__rosidl_typesupport_fastrtps_c.so[0m
[22.946s] [ 36%] Built target diagnostic_msgs__rosidl_typesupport_fastrtps_c
[22.965s] [ 37%] [34m[1mGenerating C introspection for ROS interfaces[0m
[24.131s] [35m[1mScanning dependencies of target diagnostic_msgs__rosidl_typesupport_introspection_c[0m
[24.154s] [ 39%] [32mBuilding C object CMakeFiles/diagnostic_msgs__rosidl_typesupport_introspection_c.dir/rosidl_typesupport_introspection_c/diagnostic_msgs/msg/detail/diagnostic_array__type_support.c.o[0m
[24.210s] [ 40%] [32mBuilding C object CMakeFiles/diagnostic_msgs__rosidl_typesupport_introspection_c.dir/rosidl_typesupport_introspection_c/diagnostic_msgs/srv/detail/add_diagnostics__type_support.c.o[0m
[24.266s] [ 41%] [32mBuilding C object CMakeFiles/diagnostic_msgs__rosidl_typesupport_introspection_c.dir/rosidl_typesupport_introspection_c/diagnostic_msgs/srv/detail/self_test__type_support.c.o[0m
[24.344s] [ 43%] [32mBuilding C object CMakeFiles/diagnostic_msgs__rosidl_typesupport_introspection_c.dir/rosidl_typesupport_introspection_c/diagnostic_msgs/msg/detail/key_value__type_support.c.o[0m
[24.396s] [ 44%] [32mBuilding C object CMakeFiles/diagnostic_msgs__rosidl_typesupport_introspection_c.dir/rosidl_typesupport_introspection_c/diagnostic_msgs/msg/detail/diagnostic_status__type_support.c.o[0m
[24.449s] [ 45%] [32m[1mLinking C shared library libdiagnostic_msgs__rosidl_typesupport_introspection_c.so[0m
[24.502s] [ 45%] Built target diagnostic_msgs__rosidl_typesupport_introspection_c
[24.517s] [ 46%] [34m[1mGenerating C type support for eProsima Micro XRCE-DDS[0m
[25.678s] [35m[1mScanning dependencies of target diagnostic_msgs__rosidl_typesupport_microxrcedds_c[0m
[25.702s] [ 48%] [32mBuilding C object CMakeFiles/diagnostic_msgs__rosidl_typesupport_microxrcedds_c.dir/rosidl_typesupport_microxrcedds_c/diagnostic_msgs/msg/detail/microxrcedds/diagnostic_array__type_support_c.c.o[0m
[25.774s] [ 49%] [32mBuilding C object CMakeFiles/diagnostic_msgs__rosidl_typesupport_microxrcedds_c.dir/rosidl_typesupport_microxrcedds_c/diagnostic_msgs/srv/detail/microxrcedds/self_test__type_support_c.c.o[0m
[25.857s] [ 50%] [32mBuilding C object CMakeFiles/diagnostic_msgs__rosidl_typesupport_microxrcedds_c.dir/rosidl_typesupport_microxrcedds_c/diagnostic_msgs/srv/detail/microxrcedds/add_diagnostics__type_support_c.c.o[0m
[25.949s] [ 51%] [32mBuilding C object CMakeFiles/diagnostic_msgs__rosidl_typesupport_microxrcedds_c.dir/rosidl_typesupport_microxrcedds_c/diagnostic_msgs/msg/detail/microxrcedds/key_value__type_support_c.c.o[0m
[26.016s] [ 53%] [32mBuilding C object CMakeFiles/diagnostic_msgs__rosidl_typesupport_microxrcedds_c.dir/rosidl_typesupport_microxrcedds_c/diagnostic_msgs/msg/detail/microxrcedds/diagnostic_status__type_support_c.c.o[0m
[26.091s] [ 54%] [32m[1mLinking C shared library libdiagnostic_msgs__rosidl_typesupport_microxrcedds_c.so[0m
[26.157s] [ 54%] Built target diagnostic_msgs__rosidl_typesupport_microxrcedds_c
[26.174s] [ 55%] [34m[1mGenerating C++ type support for eProsima Micro XRCE-DDS[0m
[27.418s] [35m[1mScanning dependencies of target diagnostic_msgs__rosidl_typesupport_microxrcedds_cpp[0m
[27.448s] [ 56%] [32mBuilding CXX object CMakeFiles/diagnostic_msgs__rosidl_typesupport_microxrcedds_cpp.dir/rosidl_typesupport_microxrcedds_cpp/diagnostic_msgs/msg/detail/microxrcedds/diagnostic_array__type_support_cpp.cpp.o[0m
[28.138s] [ 58%] [32mBuilding CXX object CMakeFiles/diagnostic_msgs__rosidl_typesupport_microxrcedds_cpp.dir/rosidl_typesupport_microxrcedds_cpp/diagnostic_msgs/srv/detail/microxrcedds/self_test__type_support_cpp.cpp.o[0m
[28.835s] [ 59%] [32mBuilding CXX object CMakeFiles/diagnostic_msgs__rosidl_typesupport_microxrcedds_cpp.dir/rosidl_typesupport_microxrcedds_cpp/diagnostic_msgs/srv/detail/microxrcedds/add_diagnostics__type_support_cpp.cpp.o[0m
[29.410s] [ 60%] [32mBuilding CXX object CMakeFiles/diagnostic_msgs__rosidl_typesupport_microxrcedds_cpp.dir/rosidl_typesupport_microxrcedds_cpp/diagnostic_msgs/msg/detail/microxrcedds/key_value__type_support_cpp.cpp.o[0m
[29.932s] [ 62%] [32mBuilding CXX object CMakeFiles/diagnostic_msgs__rosidl_typesupport_microxrcedds_cpp.dir/rosidl_typesupport_microxrcedds_cpp/diagnostic_msgs/msg/detail/microxrcedds/diagnostic_status__type_support_cpp.cpp.o[0m
[30.568s] [ 63%] [32m[1mLinking CXX shared library libdiagnostic_msgs__rosidl_typesupport_microxrcedds_cpp.so[0m
[30.715s] [ 63%] Built target diagnostic_msgs__rosidl_typesupport_microxrcedds_cpp
[30.731s] [ 64%] [34m[1mGenerating C++ type support dispatch for ROS interfaces[0m
[31.675s] [35m[1mScanning dependencies of target diagnostic_msgs__rosidl_typesupport_cpp[0m
[31.699s] [ 65%] [32mBuilding CXX object CMakeFiles/diagnostic_msgs__rosidl_typesupport_cpp.dir/rosidl_typesupport_cpp/diagnostic_msgs/msg/diagnostic_array__type_support.cpp.o[0m
[32.229s] [ 67%] [32mBuilding CXX object CMakeFiles/diagnostic_msgs__rosidl_typesupport_cpp.dir/rosidl_typesupport_cpp/diagnostic_msgs/srv/self_test__type_support.cpp.o[0m
[32.741s] [ 68%] [32mBuilding CXX object CMakeFiles/diagnostic_msgs__rosidl_typesupport_cpp.dir/rosidl_typesupport_cpp/diagnostic_msgs/srv/add_diagnostics__type_support.cpp.o[0m
[33.269s] [ 69%] [32mBuilding CXX object CMakeFiles/diagnostic_msgs__rosidl_typesupport_cpp.dir/rosidl_typesupport_cpp/diagnostic_msgs/msg/key_value__type_support.cpp.o[0m
[33.768s] [ 70%] [32mBuilding CXX object CMakeFiles/diagnostic_msgs__rosidl_typesupport_cpp.dir/rosidl_typesupport_cpp/diagnostic_msgs/msg/diagnostic_status__type_support.cpp.o[0m
[34.290s] [ 72%] [32m[1mLinking CXX shared library libdiagnostic_msgs__rosidl_typesupport_cpp.so[0m
[34.356s] [ 72%] Built target diagnostic_msgs__rosidl_typesupport_cpp
[34.374s] [ 73%] [34m[1mGenerating C++ introspection for ROS interfaces[0m
[35.469s] [35m[1mScanning dependencies of target diagnostic_msgs__rosidl_typesupport_introspection_cpp[0m
[35.493s] [ 74%] [32mBuilding CXX object CMakeFiles/diagnostic_msgs__rosidl_typesupport_introspection_cpp.dir/rosidl_typesupport_introspection_cpp/diagnostic_msgs/msg/detail/diagnostic_array__type_support.cpp.o[0m
[36.134s] [ 75%] [32mBuilding CXX object CMakeFiles/diagnostic_msgs__rosidl_typesupport_introspection_cpp.dir/rosidl_typesupport_introspection_cpp/diagnostic_msgs/srv/detail/self_test__type_support.cpp.o[0m
[36.767s] [ 77%] [32mBuilding CXX object CMakeFiles/diagnostic_msgs__rosidl_typesupport_introspection_cpp.dir/rosidl_typesupport_introspection_cpp/diagnostic_msgs/srv/detail/add_diagnostics__type_support.cpp.o[0m
[37.290s] [ 78%] [32mBuilding CXX object CMakeFiles/diagnostic_msgs__rosidl_typesupport_introspection_cpp.dir/rosidl_typesupport_introspection_cpp/diagnostic_msgs/msg/detail/key_value__type_support.cpp.o[0m
[37.679s] [ 79%] [32mBuilding CXX object CMakeFiles/diagnostic_msgs__rosidl_typesupport_introspection_cpp.dir/rosidl_typesupport_introspection_cpp/diagnostic_msgs/msg/detail/diagnostic_status__type_support.cpp.o[0m
[38.152s] [ 81%] [32m[1mLinking CXX shared library libdiagnostic_msgs__rosidl_typesupport_introspection_cpp.so[0m
[38.277s] [ 81%] Built target diagnostic_msgs__rosidl_typesupport_introspection_cpp
[38.287s] [35m[1mScanning dependencies of target diagnostic_msgs[0m
[38.297s] [ 81%] Built target diagnostic_msgs
[38.308s] [35m[1mScanning dependencies of target diagnostic_msgs__py[0m
[38.319s] [ 82%] [34m[1mGenerating Python code for ROS interfaces[0m
[40.346s] [ 82%] Built target diagnostic_msgs__py
[40.361s] [35m[1mScanning dependencies of target diagnostic_msgs__python[0m
[40.404s] [ 83%] [32mBuilding C object CMakeFiles/diagnostic_msgs__python.dir/rosidl_generator_py/diagnostic_msgs/msg/_diagnostic_array_s.c.o[0m
[40.573s] [ 84%] [32mBuilding C object CMakeFiles/diagnostic_msgs__python.dir/rosidl_generator_py/diagnostic_msgs/srv/_self_test_s.c.o[0m
[40.735s] [ 86%] [32mBuilding C object CMakeFiles/diagnostic_msgs__python.dir/rosidl_generator_py/diagnostic_msgs/srv/_add_diagnostics_s.c.o[0m
[40.875s] [ 87%] [32mBuilding C object CMakeFiles/diagnostic_msgs__python.dir/rosidl_generator_py/diagnostic_msgs/msg/_key_value_s.c.o[0m
[41.036s] [ 88%] [32mBuilding C object CMakeFiles/diagnostic_msgs__python.dir/rosidl_generator_py/diagnostic_msgs/msg/_diagnostic_status_s.c.o[0m
[41.208s] [ 89%] [32m[1mLinking C shared library rosidl_generator_py/diagnostic_msgs/libdiagnostic_msgs__python.so[0m
[41.268s] [ 89%] Built target diagnostic_msgs__python
[41.282s] [35m[1mScanning dependencies of target diagnostic_msgs__rosidl_typesupport_introspection_c__pyext[0m
[41.308s] [ 91%] [32mBuilding C object CMakeFiles/diagnostic_msgs__rosidl_typesupport_introspection_c__pyext.dir/rosidl_generator_py/diagnostic_msgs/_diagnostic_msgs_s.ep.rosidl_typesupport_introspection_c.c.o[0m
[41.440s] [ 92%] [32m[1mLinking C shared library rosidl_generator_py/diagnostic_msgs/diagnostic_msgs_s__rosidl_typesupport_introspection_c.cpython-38-x86_64-linux-gnu.so[0m
[41.478s] [ 92%] Built target diagnostic_msgs__rosidl_typesupport_introspection_c__pyext
[41.488s] [35m[1mScanning dependencies of target diagnostic_msgs__rosidl_typesupport_microxrcedds_c__pyext[0m
[41.515s] [ 93%] [32mBuilding C object CMakeFiles/diagnostic_msgs__rosidl_typesupport_microxrcedds_c__pyext.dir/rosidl_generator_py/diagnostic_msgs/_diagnostic_msgs_s.ep.rosidl_typesupport_microxrcedds_c.c.o[0m
[41.637s] [ 94%] [32m[1mLinking C shared library rosidl_generator_py/diagnostic_msgs/diagnostic_msgs_s__rosidl_typesupport_microxrcedds_c.cpython-38-x86_64-linux-gnu.so[0m
[41.685s] [ 94%] Built target diagnostic_msgs__rosidl_typesupport_microxrcedds_c__pyext
[41.696s] [35m[1mScanning dependencies of target diagnostic_msgs__rosidl_typesupport_fastrtps_c__pyext[0m
[41.727s] [ 96%] [32mBuilding C object CMakeFiles/diagnostic_msgs__rosidl_typesupport_fastrtps_c__pyext.dir/rosidl_generator_py/diagnostic_msgs/_diagnostic_msgs_s.ep.rosidl_typesupport_fastrtps_c.c.o[0m
[41.841s] [ 97%] [32m[1mLinking CXX shared library rosidl_generator_py/diagnostic_msgs/diagnostic_msgs_s__rosidl_typesupport_fastrtps_c.cpython-38-x86_64-linux-gnu.so[0m
[41.912s] [ 97%] Built target diagnostic_msgs__rosidl_typesupport_fastrtps_c__pyext
[41.925s] [35m[1mScanning dependencies of target diagnostic_msgs__rosidl_typesupport_c__pyext[0m
[41.947s] [ 98%] [32mBuilding C object CMakeFiles/diagnostic_msgs__rosidl_typesupport_c__pyext.dir/rosidl_generator_py/diagnostic_msgs/_diagnostic_msgs_s.ep.rosidl_typesupport_c.c.o[0m
[42.068s] [100%] [32m[1mLinking C shared library rosidl_generator_py/diagnostic_msgs/diagnostic_msgs_s__rosidl_typesupport_c.cpython-38-x86_64-linux-gnu.so[0m
[42.109s] [100%] Built target diagnostic_msgs__rosidl_typesupport_c__pyext
[42.125s] Invoked command in '/home/devpc/Desktop/microros_ws/build/diagnostic_msgs' returned '0': AMENT_PREFIX_PATH=/home/devpc/Desktop/microros_ws/install/geometry_msgs:/home/devpc/Desktop/microros_ws/install/std_msgs:/home/devpc/Desktop/microros_ws/install/builtin_interfaces:${AMENT_PREFIX_PATH} CMAKE_PREFIX_PATH=/home/devpc/Desktop/microros_ws/install/geometry_msgs:/home/devpc/Desktop/microros_ws/install/std_msgs:/home/devpc/Desktop/microros_ws/install/builtin_interfaces:/home/devpc/Desktop/microros_ws/install/rosidl_typesupport_microxrcedds_cpp:/home/devpc/Desktop/microros_ws/install/rosidl_typesupport_microxrcedds_c:/home/devpc/Desktop/microros_ws/install/microcdr:/home/devpc/Desktop/microros_ws/install/micro_ros_agent:/home/devpc/Desktop/microros_ws/install/microxrcedds_agent:/home/devpc/Desktop/microros_ws/install/micro_ros_setup:/home/devpc/Desktop/microros_ws/install/micro_ros_msgs:/home/devpc/Desktop/quad_ws/install/quad_interfaces:/home/devpc/Desktop/quad_ws/install/quad:/opt/ros/foxy LD_LIBRARY_PATH=/home/devpc/Desktop/microros_ws/install/geometry_msgs/lib:/home/devpc/Desktop/microros_ws/install/std_msgs/lib:/home/devpc/Desktop/microros_ws/install/builtin_interfaces/lib:${LD_LIBRARY_PATH} PYTHONPATH=/home/devpc/Desktop/microros_ws/install/geometry_msgs/lib/python3.8/site-packages:/home/devpc/Desktop/microros_ws/install/std_msgs/lib/python3.8/site-packages:/home/devpc/Desktop/microros_ws/install/builtin_interfaces/lib/python3.8/site-packages:${PYTHONPATH} /usr/bin/cmake --build /home/devpc/Desktop/microros_ws/build/diagnostic_msgs -- -j8 -l8
[42.336s] Invoking command in '/home/devpc/Desktop/microros_ws/build/diagnostic_msgs': AMENT_PREFIX_PATH=/home/devpc/Desktop/microros_ws/install/geometry_msgs:/home/devpc/Desktop/microros_ws/install/std_msgs:/home/devpc/Desktop/microros_ws/install/builtin_interfaces:${AMENT_PREFIX_PATH} CMAKE_PREFIX_PATH=/home/devpc/Desktop/microros_ws/install/geometry_msgs:/home/devpc/Desktop/microros_ws/install/std_msgs:/home/devpc/Desktop/microros_ws/install/builtin_interfaces:/home/devpc/Desktop/microros_ws/install/rosidl_typesupport_microxrcedds_cpp:/home/devpc/Desktop/microros_ws/install/rosidl_typesupport_microxrcedds_c:/home/devpc/Desktop/microros_ws/install/microcdr:/home/devpc/Desktop/microros_ws/install/micro_ros_agent:/home/devpc/Desktop/microros_ws/install/microxrcedds_agent:/home/devpc/Desktop/microros_ws/install/micro_ros_setup:/home/devpc/Desktop/microros_ws/install/micro_ros_msgs:/home/devpc/Desktop/quad_ws/install/quad_interfaces:/home/devpc/Desktop/quad_ws/install/quad:/opt/ros/foxy LD_LIBRARY_PATH=/home/devpc/Desktop/microros_ws/install/geometry_msgs/lib:/home/devpc/Desktop/microros_ws/install/std_msgs/lib:/home/devpc/Desktop/microros_ws/install/builtin_interfaces/lib:${LD_LIBRARY_PATH} PYTHONPATH=/home/devpc/Desktop/microros_ws/install/geometry_msgs/lib/python3.8/site-packages:/home/devpc/Desktop/microros_ws/install/std_msgs/lib/python3.8/site-packages:/home/devpc/Desktop/microros_ws/install/builtin_interfaces/lib/python3.8/site-packages:${PYTHONPATH} /usr/bin/cmake --install /home/devpc/Desktop/microros_ws/build/diagnostic_msgs
[42.349s] -- Install configuration: ""
[42.349s] -- Installing: /home/devpc/Desktop/microros_ws/install/diagnostic_msgs/share/ament_index/resource_index/rosidl_interfaces/diagnostic_msgs
[42.350s] -- Installing: /home/devpc/Desktop/microros_ws/install/diagnostic_msgs/include/diagnostic_msgs
[42.350s] -- Installing: /home/devpc/Desktop/microros_ws/install/diagnostic_msgs/include/diagnostic_msgs/msg
[42.350s] -- Installing: /home/devpc/Desktop/microros_ws/install/diagnostic_msgs/include/diagnostic_msgs/msg/diagnostic_status.h
[42.351s] -- Installing: /home/devpc/Desktop/microros_ws/install/diagnostic_msgs/include/diagnostic_msgs/msg/detail
[42.351s] -- Installing: /home/devpc/Desktop/microros_ws/install/diagnostic_msgs/include/diagnostic_msgs/msg/detail/diagnostic_status__type_support.h
[42.352s] -- Installing: /home/devpc/Desktop/microros_ws/install/diagnostic_msgs/include/diagnostic_msgs/msg/detail/diagnostic_status__functions.h
[42.352s] -- Installing: /home/devpc/Desktop/microros_ws/install/diagnostic_msgs/include/diagnostic_msgs/msg/detail/diagnostic_array__functions.h
[42.352s] -- Installing: /home/devpc/Desktop/microros_ws/install/diagnostic_msgs/include/diagnostic_msgs/msg/detail/diagnostic_array__functions.c
[42.352s] -- Installing: /home/devpc/Desktop/microros_ws/install/diagnostic_msgs/include/diagnostic_msgs/msg/detail/diagnostic_status__struct.h
[42.352s] -- Installing: /home/devpc/Desktop/microros_ws/install/diagnostic_msgs/include/diagnostic_msgs/msg/detail/diagnostic_array__type_support.h
[42.352s] -- Installing: /home/devpc/Desktop/microros_ws/install/diagnostic_msgs/include/diagnostic_msgs/msg/detail/key_value__struct.h
[42.352s] -- Installing: /home/devpc/Desktop/microros_ws/install/diagnostic_msgs/include/diagnostic_msgs/msg/detail/diagnostic_status__functions.c
[42.353s] -- Installing: /home/devpc/Desktop/microros_ws/install/diagnostic_msgs/include/diagnostic_msgs/msg/detail/diagnostic_array__struct.h
[42.353s] -- Installing: /home/devpc/Desktop/microros_ws/install/diagnostic_msgs/include/diagnostic_msgs/msg/detail/key_value__type_support.h
[42.353s] -- Installing: /home/devpc/Desktop/microros_ws/install/diagnostic_msgs/include/diagnostic_msgs/msg/detail/key_value__functions.h
[42.353s] -- Installing: /home/devpc/Desktop/microros_ws/install/diagnostic_msgs/include/diagnostic_msgs/msg/detail/key_value__functions.c
[42.353s] -- Installing: /home/devpc/Desktop/microros_ws/install/diagnostic_msgs/include/diagnostic_msgs/msg/diagnostic_array.h
[42.353s] -- Installing: /home/devpc/Desktop/microros_ws/install/diagnostic_msgs/include/diagnostic_msgs/msg/key_value.h
[42.354s] -- Installing: /home/devpc/Desktop/microros_ws/install/diagnostic_msgs/include/diagnostic_msgs/msg/rosidl_generator_c__visibility_control.h
[42.354s] -- Installing: /home/devpc/Desktop/microros_ws/install/diagnostic_msgs/include/diagnostic_msgs/srv
[42.354s] -- Installing: /home/devpc/Desktop/microros_ws/install/diagnostic_msgs/include/diagnostic_msgs/srv/detail
[42.354s] -- Installing: /home/devpc/Desktop/microros_ws/install/diagnostic_msgs/include/diagnostic_msgs/srv/detail/add_diagnostics__struct.h
[42.354s] -- Installing: /home/devpc/Desktop/microros_ws/install/diagnostic_msgs/include/diagnostic_msgs/srv/detail/self_test__functions.h
[42.354s] -- Installing: /home/devpc/Desktop/microros_ws/install/diagnostic_msgs/include/diagnostic_msgs/srv/detail/add_diagnostics__type_support.h
[42.354s] -- Installing: /home/devpc/Desktop/microros_ws/install/diagnostic_msgs/include/diagnostic_msgs/srv/detail/self_test__struct.h
[42.355s] -- Installing: /home/devpc/Desktop/microros_ws/install/diagnostic_msgs/include/diagnostic_msgs/srv/detail/self_test__type_support.h
[42.355s] -- Installing: /home/devpc/Desktop/microros_ws/install/diagnostic_msgs/include/diagnostic_msgs/srv/detail/add_diagnostics__functions.h
[42.355s] -- Installing: /home/devpc/Desktop/microros_ws/install/diagnostic_msgs/include/diagnostic_msgs/srv/detail/self_test__functions.c
[42.355s] -- Installing: /home/devpc/Desktop/microros_ws/install/diagnostic_msgs/include/diagnostic_msgs/srv/detail/add_diagnostics__functions.c
[42.355s] -- Installing: /home/devpc/Desktop/microros_ws/install/diagnostic_msgs/include/diagnostic_msgs/srv/add_diagnostics.h
[42.355s] -- Installing: /home/devpc/Desktop/microros_ws/install/diagnostic_msgs/include/diagnostic_msgs/srv/self_test.h
[42.356s] -- Installing: /home/devpc/Desktop/microros_ws/install/diagnostic_msgs/share/diagnostic_msgs/environment/library_path.sh
[42.356s] -- Installing: /home/devpc/Desktop/microros_ws/install/diagnostic_msgs/share/diagnostic_msgs/environment/library_path.dsv
[42.356s] -- Installing: /home/devpc/Desktop/microros_ws/install/diagnostic_msgs/lib/libdiagnostic_msgs__rosidl_generator_c.so
[42.356s] -- Set runtime path of "/home/devpc/Desktop/microros_ws/install/diagnostic_msgs/lib/libdiagnostic_msgs__rosidl_generator_c.so" to ""
[42.356s] -- Up-to-date: /home/devpc/Desktop/microros_ws/install/diagnostic_msgs/include/diagnostic_msgs
[42.357s] -- Up-to-date: /home/devpc/Desktop/microros_ws/install/diagnostic_msgs/include/diagnostic_msgs/msg
[42.357s] -- Up-to-date: /home/devpc/Desktop/microros_ws/install/diagnostic_msgs/include/diagnostic_msgs/msg/detail
[42.357s] -- Installing: /home/devpc/Desktop/microros_ws/install/diagnostic_msgs/include/diagnostic_msgs/msg/detail/key_value__rosidl_typesupport_microxrcedds_c.h
[42.357s] -- Installing: /home/devpc/Desktop/microros_ws/install/diagnostic_msgs/include/diagnostic_msgs/msg/detail/diagnostic_array__rosidl_typesupport_microxrcedds_c.h
[42.358s] -- Installing: /home/devpc/Desktop/microros_ws/install/diagnostic_msgs/include/diagnostic_msgs/msg/detail/diagnostic_status__rosidl_typesupport_microxrcedds_c.h
[42.359s] -- Installing: /home/devpc/Desktop/microros_ws/install/diagnostic_msgs/include/diagnostic_msgs/msg/detail/microxrcedds
[42.359s] -- Installing: /home/devpc/Desktop/microros_ws/install/diagnostic_msgs/include/diagnostic_msgs/msg/rosidl_typesupport_microxrcedds_c__visibility_control.h
[42.359s] -- Up-to-date: /home/devpc/Desktop/microros_ws/install/diagnostic_msgs/include/diagnostic_msgs/srv
[42.360s] -- Up-to-date: /home/devpc/Desktop/microros_ws/install/diagnostic_msgs/include/diagnostic_msgs/srv/detail
[42.360s] -- Installing: /home/devpc/Desktop/microros_ws/install/diagnostic_msgs/include/diagnostic_msgs/srv/detail/add_diagnostics__rosidl_typesupport_microxrcedds_c.h
[42.360s] -- Installing: /home/devpc/Desktop/microros_ws/install/diagnostic_msgs/include/diagnostic_msgs/srv/detail/self_test__rosidl_typesupport_microxrcedds_c.h
[42.360s] -- Installing: /home/devpc/Desktop/microros_ws/install/diagnostic_msgs/include/diagnostic_msgs/srv/detail/microxrcedds
[42.360s] -- Installing: /home/devpc/Desktop/microros_ws/install/diagnostic_msgs/lib/libdiagnostic_msgs__rosidl_typesupport_microxrcedds_c.so
[42.361s] -- Set runtime path of "/home/devpc/Desktop/microros_ws/install/diagnostic_msgs/lib/libdiagnostic_msgs__rosidl_typesupport_microxrcedds_c.so" to ""
[42.361s] -- Up-to-date: /home/devpc/Desktop/microros_ws/install/diagnostic_msgs/include/diagnostic_msgs
[42.361s] -- Up-to-date: /home/devpc/Desktop/microros_ws/install/diagnostic_msgs/include/diagnostic_msgs/msg
[42.361s] -- Up-to-date: /home/devpc/Desktop/microros_ws/install/diagnostic_msgs/include/diagnostic_msgs/msg/detail
[42.362s] -- Installing: /home/devpc/Desktop/microros_ws/install/diagnostic_msgs/include/diagnostic_msgs/msg/detail/key_value__rosidl_typesupport_fastrtps_c.h
[42.362s] -- Installing: /home/devpc/Desktop/microros_ws/install/diagnostic_msgs/include/diagnostic_msgs/msg/detail/diagnostic_status__rosidl_typesupport_fastrtps_c.h
[42.362s] -- Installing: /home/devpc/Desktop/microros_ws/install/diagnostic_msgs/include/diagnostic_msgs/msg/detail/diagnostic_array__rosidl_typesupport_fastrtps_c.h
[42.362s] -- Installing: /home/devpc/Desktop/microros_ws/install/diagnostic_msgs/include/diagnostic_msgs/msg/rosidl_typesupport_fastrtps_c__visibility_control.h
[42.362s] -- Up-to-date: /home/devpc/Desktop/microros_ws/install/diagnostic_msgs/include/diagnostic_msgs/srv
[42.362s] -- Up-to-date: /home/devpc/Desktop/microros_ws/install/diagnostic_msgs/include/diagnostic_msgs/srv/detail
[42.363s] -- Installing: /home/devpc/Desktop/microros_ws/install/diagnostic_msgs/include/diagnostic_msgs/srv/detail/add_diagnostics__rosidl_typesupport_fastrtps_c.h
[42.363s] -- Installing: /home/devpc/Desktop/microros_ws/install/diagnostic_msgs/include/diagnostic_msgs/srv/detail/self_test__rosidl_typesupport_fastrtps_c.h
[42.363s] -- Installing: /home/devpc/Desktop/microros_ws/install/diagnostic_msgs/lib/libdiagnostic_msgs__rosidl_typesupport_fastrtps_c.so
[42.363s] -- Set runtime path of "/home/devpc/Desktop/microros_ws/install/diagnostic_msgs/lib/libdiagnostic_msgs__rosidl_typesupport_fastrtps_c.so" to ""
[42.363s] -- Up-to-date: /home/devpc/Desktop/microros_ws/install/diagnostic_msgs/include/diagnostic_msgs
[42.363s] -- Up-to-date: /home/devpc/Desktop/microros_ws/install/diagnostic_msgs/include/diagnostic_msgs/msg
[42.364s] -- Up-to-date: /home/devpc/Desktop/microros_ws/install/diagnostic_msgs/include/diagnostic_msgs/msg/detail
[42.364s] -- Installing: /home/devpc/Desktop/microros_ws/install/diagnostic_msgs/include/diagnostic_msgs/msg/detail/diagnostic_status__rosidl_typesupport_fastrtps_cpp.hpp
[42.364s] -- Installing: /home/devpc/Desktop/microros_ws/install/diagnostic_msgs/include/diagnostic_msgs/msg/detail/key_value__rosidl_typesupport_fastrtps_cpp.hpp
[42.364s] -- Installing: /home/devpc/Desktop/microros_ws/install/diagnostic_msgs/include/diagnostic_msgs/msg/detail/diagnostic_array__rosidl_typesupport_fastrtps_cpp.hpp
[42.364s] -- Installing: /home/devpc/Desktop/microros_ws/install/diagnostic_msgs/include/diagnostic_msgs/msg/detail/dds_fastrtps
[42.364s] -- Installing: /home/devpc/Desktop/microros_ws/install/diagnostic_msgs/include/diagnostic_msgs/msg/rosidl_typesupport_fastrtps_cpp__visibility_control.h
[42.364s] -- Up-to-date: /home/devpc/Desktop/microros_ws/install/diagnostic_msgs/include/diagnostic_msgs/srv
[42.364s] -- Up-to-date: /home/devpc/Desktop/microros_ws/install/diagnostic_msgs/include/diagnostic_msgs/srv/detail
[42.365s] -- Installing: /home/devpc/Desktop/microros_ws/install/diagnostic_msgs/include/diagnostic_msgs/srv/detail/add_diagnostics__rosidl_typesupport_fastrtps_cpp.hpp
[42.365s] -- Installing: /home/devpc/Desktop/microros_ws/install/diagnostic_msgs/include/diagnostic_msgs/srv/detail/dds_fastrtps
[42.365s] -- Installing: /home/devpc/Desktop/microros_ws/install/diagnostic_msgs/include/diagnostic_msgs/srv/detail/self_test__rosidl_typesupport_fastrtps_cpp.hpp
[42.365s] -- Installing: /home/devpc/Desktop/microros_ws/install/diagnostic_msgs/lib/libdiagnostic_msgs__rosidl_typesupport_fastrtps_cpp.so
[42.365s] -- Set runtime path of "/home/devpc/Desktop/microros_ws/install/diagnostic_msgs/lib/libdiagnostic_msgs__rosidl_typesupport_fastrtps_cpp.so" to ""
[42.365s] -- Up-to-date: /home/devpc/Desktop/microros_ws/install/diagnostic_msgs/include/diagnostic_msgs
[42.365s] -- Up-to-date: /home/devpc/Desktop/microros_ws/install/diagnostic_msgs/include/diagnostic_msgs/msg
[42.366s] -- Up-to-date: /home/devpc/Desktop/microros_ws/install/diagnostic_msgs/include/diagnostic_msgs/msg/detail
[42.366s] -- Installing: /home/devpc/Desktop/microros_ws/install/diagnostic_msgs/include/diagnostic_msgs/msg/detail/diagnostic_array__type_support.c
[42.366s] -- Installing: /home/devpc/Desktop/microros_ws/install/diagnostic_msgs/include/diagnostic_msgs/msg/detail/diagnostic_status__type_support.c
[42.371s] -- Installing: /home/devpc/Desktop/microros_ws/install/diagnostic_msgs/include/diagnostic_msgs/msg/detail/key_value__rosidl_typesupport_introspection_c.h
[42.371s] -- Installing: /home/devpc/Desktop/microros_ws/install/diagnostic_msgs/include/diagnostic_msgs/msg/detail/diagnostic_array__rosidl_typesupport_introspection_c.h
[42.371s] -- Installing: /home/devpc/Desktop/microros_ws/install/diagnostic_msgs/include/diagnostic_msgs/msg/detail/diagnostic_status__rosidl_typesupport_introspection_c.h
[42.372s] -- Installing: /home/devpc/Desktop/microros_ws/install/diagnostic_msgs/include/diagnostic_msgs/msg/detail/key_value__type_support.c
[42.372s] -- Installing: /home/devpc/Desktop/microros_ws/install/diagnostic_msgs/include/diagnostic_msgs/msg/rosidl_typesupport_introspection_c__visibility_control.h
[42.372s] -- Up-to-date: /home/devpc/Desktop/microros_ws/install/diagnostic_msgs/include/diagnostic_msgs/srv
[42.372s] -- Up-to-date: /home/devpc/Desktop/microros_ws/install/diagnostic_msgs/include/diagnostic_msgs/srv/detail
[42.372s] -- Installing: /home/devpc/Desktop/microros_ws/install/diagnostic_msgs/include/diagnostic_msgs/srv/detail/self_test__rosidl_typesupport_introspection_c.h
[42.372s] -- Installing: /home/devpc/Desktop/microros_ws/install/diagnostic_msgs/include/diagnostic_msgs/srv/detail/add_diagnostics__rosidl_typesupport_introspection_c.h
[42.372s] -- Installing: /home/devpc/Desktop/microros_ws/install/diagnostic_msgs/include/diagnostic_msgs/srv/detail/add_diagnostics__type_support.c
[42.373s] -- Installing: /home/devpc/Desktop/microros_ws/install/diagnostic_msgs/include/diagnostic_msgs/srv/detail/self_test__type_support.c
[42.373s] -- Installing: /home/devpc/Desktop/microros_ws/install/diagnostic_msgs/lib/libdiagnostic_msgs__rosidl_typesupport_introspection_c.so
[42.373s] -- Set runtime path of "/home/devpc/Desktop/microros_ws/install/diagnostic_msgs/lib/libdiagnostic_msgs__rosidl_typesupport_introspection_c.so" to ""
[42.373s] -- Installing: /home/devpc/Desktop/microros_ws/install/diagnostic_msgs/lib/libdiagnostic_msgs__rosidl_typesupport_c.so
[42.373s] -- Set runtime path of "/home/devpc/Desktop/microros_ws/install/diagnostic_msgs/lib/libdiagnostic_msgs__rosidl_typesupport_c.so" to ""
[42.373s] -- Up-to-date: /home/devpc/Desktop/microros_ws/install/diagnostic_msgs/include/diagnostic_msgs
[42.373s] -- Up-to-date: /home/devpc/Desktop/microros_ws/install/diagnostic_msgs/include/diagnostic_msgs/msg
[42.374s] -- Installing: /home/devpc/Desktop/microros_ws/install/diagnostic_msgs/include/diagnostic_msgs/msg/diagnostic_array.hpp
[42.374s] -- Up-to-date: /home/devpc/Desktop/microros_ws/install/diagnostic_msgs/include/diagnostic_msgs/msg/detail
[42.374s] -- Installing: /home/devpc/Desktop/microros_ws/install/diagnostic_msgs/include/diagnostic_msgs/msg/detail/diagnostic_array__traits.hpp
[42.374s] -- Installing: /home/devpc/Desktop/microros_ws/install/diagnostic_msgs/include/diagnostic_msgs/msg/detail/key_value__struct.hpp
[42.374s] -- Installing: /home/devpc/Desktop/microros_ws/install/diagnostic_msgs/include/diagnostic_msgs/msg/detail/diagnostic_array__struct.hpp
[42.374s] -- Installing: /home/devpc/Desktop/microros_ws/install/diagnostic_msgs/include/diagnostic_msgs/msg/detail/diagnostic_status__struct.hpp
[42.374s] -- Installing: /home/devpc/Desktop/microros_ws/install/diagnostic_msgs/include/diagnostic_msgs/msg/detail/diagnostic_array__builder.hpp
[42.374s] -- Installing: /home/devpc/Desktop/microros_ws/install/diagnostic_msgs/include/diagnostic_msgs/msg/detail/diagnostic_status__builder.hpp
[42.375s] -- Installing: /home/devpc/Desktop/microros_ws/install/diagnostic_msgs/include/diagnostic_msgs/msg/detail/key_value__builder.hpp
[42.375s] -- Installing: /home/devpc/Desktop/microros_ws/install/diagnostic_msgs/include/diagnostic_msgs/msg/detail/diagnostic_status__traits.hpp
[42.375s] -- Installing: /home/devpc/Desktop/microros_ws/install/diagnostic_msgs/include/diagnostic_msgs/msg/detail/key_value__traits.hpp
[42.375s] -- Installing: /home/devpc/Desktop/microros_ws/install/diagnostic_msgs/include/diagnostic_msgs/msg/key_value.hpp
[42.375s] -- Installing: /home/devpc/Desktop/microros_ws/install/diagnostic_msgs/include/diagnostic_msgs/msg/diagnostic_status.hpp
[42.375s] -- Up-to-date: /home/devpc/Desktop/microros_ws/install/diagnostic_msgs/include/diagnostic_msgs/srv
[42.375s] -- Installing: /home/devpc/Desktop/microros_ws/install/diagnostic_msgs/include/diagnostic_msgs/srv/add_diagnostics.hpp
[42.376s] -- Up-to-date: /home/devpc/Desktop/microros_ws/install/diagnostic_msgs/include/diagnostic_msgs/srv/detail
[42.376s] -- Installing: /home/devpc/Desktop/microros_ws/install/diagnostic_msgs/include/diagnostic_msgs/srv/detail/add_diagnostics__builder.hpp
[42.376s] -- Installing: /home/devpc/Desktop/microros_ws/install/diagnostic_msgs/include/diagnostic_msgs/srv/detail/self_test__traits.hpp
[42.376s] -- Installing: /home/devpc/Desktop/microros_ws/install/diagnostic_msgs/include/diagnostic_msgs/srv/detail/self_test__builder.hpp
[42.376s] -- Installing: /home/devpc/Desktop/microros_ws/install/diagnostic_msgs/include/diagnostic_msgs/srv/detail/add_diagnostics__struct.hpp
[42.376s] -- Installing: /home/devpc/Desktop/microros_ws/install/diagnostic_msgs/include/diagnostic_msgs/srv/detail/add_diagnostics__traits.hpp
[42.376s] -- Installing: /home/devpc/Desktop/microros_ws/install/diagnostic_msgs/include/diagnostic_msgs/srv/detail/self_test__struct.hpp
[42.376s] -- Installing: /home/devpc/Desktop/microros_ws/install/diagnostic_msgs/include/diagnostic_msgs/srv/self_test.hpp
[42.377s] -- Up-to-date: /home/devpc/Desktop/microros_ws/install/diagnostic_msgs/include/diagnostic_msgs
[42.377s] -- Up-to-date: /home/devpc/Desktop/microros_ws/install/diagnostic_msgs/include/diagnostic_msgs/msg
[42.377s] -- Up-to-date: /home/devpc/Desktop/microros_ws/install/diagnostic_msgs/include/diagnostic_msgs/msg/detail
[42.377s] -- Installing: /home/devpc/Desktop/microros_ws/install/diagnostic_msgs/include/diagnostic_msgs/msg/detail/key_value__rosidl_typesupport_microxrcedds_cpp.hpp
[42.377s] -- Installing: /home/devpc/Desktop/microros_ws/install/diagnostic_msgs/include/diagnostic_msgs/msg/detail/diagnostic_array__rosidl_typesupport_microxrcedds_cpp.hpp
[42.377s] -- Up-to-date: /home/devpc/Desktop/microros_ws/install/diagnostic_msgs/include/diagnostic_msgs/msg/detail/microxrcedds
[42.377s] -- Installing: /home/devpc/Desktop/microros_ws/install/diagnostic_msgs/include/diagnostic_msgs/msg/detail/microxrcedds/diagnostic_array__type_support_cpp.cpp
[42.378s] -- Installing: /home/devpc/Desktop/microros_ws/install/diagnostic_msgs/include/diagnostic_msgs/msg/detail/microxrcedds/diagnostic_status__type_support_cpp.cpp
[42.378s] -- Installing: /home/devpc/Desktop/microros_ws/install/diagnostic_msgs/include/diagnostic_msgs/msg/detail/microxrcedds/key_value__type_support_cpp.cpp
[42.378s] -- Installing: /home/devpc/Desktop/microros_ws/install/diagnostic_msgs/include/diagnostic_msgs/msg/detail/diagnostic_status__rosidl_typesupport_microxrcedds_cpp.hpp
[42.378s] -- Installing: /home/devpc/Desktop/microros_ws/install/diagnostic_msgs/include/diagnostic_msgs/msg/rosidl_typesupport_microxrcedds_cpp__visibility_control.h
[42.378s] -- Up-to-date: /home/devpc/Desktop/microros_ws/install/diagnostic_msgs/include/diagnostic_msgs/srv
[42.378s] -- Up-to-date: /home/devpc/Desktop/microros_ws/install/diagnostic_msgs/include/diagnostic_msgs/srv/detail
[42.378s] -- Installing: /home/devpc/Desktop/microros_ws/install/diagnostic_msgs/include/diagnostic_msgs/srv/detail/add_diagnostics__rosidl_typesupport_microxrcedds_cpp.hpp
[42.378s] -- Installing: /home/devpc/Desktop/microros_ws/install/diagnostic_msgs/include/diagnostic_msgs/srv/detail/self_test__rosidl_typesupport_microxrcedds_cpp.hpp
[42.379s] -- Up-to-date: /home/devpc/Desktop/microros_ws/install/diagnostic_msgs/include/diagnostic_msgs/srv/detail/microxrcedds
[42.381s] -- Installing: /home/devpc/Desktop/microros_ws/install/diagnostic_msgs/include/diagnostic_msgs/srv/detail/microxrcedds/add_diagnostics__type_support_cpp.cpp
[42.381s] -- Installing: /home/devpc/Desktop/microros_ws/install/diagnostic_msgs/include/diagnostic_msgs/srv/detail/microxrcedds/self_test__type_support_cpp.cpp
[42.381s] -- Installing: /home/devpc/Desktop/microros_ws/install/diagnostic_msgs/lib/libdiagnostic_msgs__rosidl_typesupport_microxrcedds_cpp.so
[42.381s] -- Set runtime path of "/home/devpc/Desktop/microros_ws/install/diagnostic_msgs/lib/libdiagnostic_msgs__rosidl_typesupport_microxrcedds_cpp.so" to ""
[42.381s] -- Up-to-date: /home/devpc/Desktop/microros_ws/install/diagnostic_msgs/include/diagnostic_msgs
[42.382s] -- Up-to-date: /home/devpc/Desktop/microros_ws/install/diagnostic_msgs/include/diagnostic_msgs/msg
[42.382s] -- Up-to-date: /home/devpc/Desktop/microros_ws/install/diagnostic_msgs/include/diagnostic_msgs/msg/detail
[42.382s] -- Installing: /home/devpc/Desktop/microros_ws/install/diagnostic_msgs/include/diagnostic_msgs/msg/detail/key_value__rosidl_typesupport_introspection_cpp.hpp
[42.382s] -- Installing: /home/devpc/Desktop/microros_ws/install/diagnostic_msgs/include/diagnostic_msgs/msg/detail/diagnostic_status__rosidl_typesupport_introspection_cpp.hpp
[42.383s] -- Installing: /home/devpc/Desktop/microros_ws/install/diagnostic_msgs/include/diagnostic_msgs/msg/detail/diagnostic_array__type_support.cpp
[42.383s] -- Installing: /home/devpc/Desktop/microros_ws/install/diagnostic_msgs/include/diagnostic_msgs/msg/detail/key_value__type_support.cpp
[42.383s] -- Installing: /home/devpc/Desktop/microros_ws/install/diagnostic_msgs/include/diagnostic_msgs/msg/detail/diagnostic_status__type_support.cpp
[42.383s] -- Installing: /home/devpc/Desktop/microros_ws/install/diagnostic_msgs/include/diagnostic_msgs/msg/detail/diagnostic_array__rosidl_typesupport_introspection_cpp.hpp
[42.383s] -- Up-to-date: /home/devpc/Desktop/microros_ws/install/diagnostic_msgs/include/diagnostic_msgs/srv
[42.383s] -- Up-to-date: /home/devpc/Desktop/microros_ws/install/diagnostic_msgs/include/diagnostic_msgs/srv/detail
[42.383s] -- Installing: /home/devpc/Desktop/microros_ws/install/diagnostic_msgs/include/diagnostic_msgs/srv/detail/self_test__rosidl_typesupport_introspection_cpp.hpp
[42.383s] -- Installing: /home/devpc/Desktop/microros_ws/install/diagnostic_msgs/include/diagnostic_msgs/srv/detail/add_diagnostics__type_support.cpp
[42.384s] -- Installing: /home/devpc/Desktop/microros_ws/install/diagnostic_msgs/include/diagnostic_msgs/srv/detail/self_test__type_support.cpp
[42.384s] -- Installing: /home/devpc/Desktop/microros_ws/install/diagnostic_msgs/include/diagnostic_msgs/srv/detail/add_diagnostics__rosidl_typesupport_introspection_cpp.hpp
[42.384s] -- Installing: /home/devpc/Desktop/microros_ws/install/diagnostic_msgs/lib/libdiagnostic_msgs__rosidl_typesupport_introspection_cpp.so
[42.384s] -- Set runtime path of "/home/devpc/Desktop/microros_ws/install/diagnostic_msgs/lib/libdiagnostic_msgs__rosidl_typesupport_introspection_cpp.so" to ""
[42.384s] -- Installing: /home/devpc/Desktop/microros_ws/install/diagnostic_msgs/lib/libdiagnostic_msgs__rosidl_typesupport_cpp.so
[42.384s] -- Set runtime path of "/home/devpc/Desktop/microros_ws/install/diagnostic_msgs/lib/libdiagnostic_msgs__rosidl_typesupport_cpp.so" to ""
[42.384s] -- Installing: /home/devpc/Desktop/microros_ws/install/diagnostic_msgs/share/diagnostic_msgs/environment/pythonpath.sh
[42.385s] -- Installing: /home/devpc/Desktop/microros_ws/install/diagnostic_msgs/share/diagnostic_msgs/environment/pythonpath.dsv
[42.385s] -- Installing: /home/devpc/Desktop/microros_ws/install/diagnostic_msgs/lib/python3.8/site-packages/diagnostic_msgs/__init__.py
[42.428s] Compiling '/home/devpc/Desktop/microros_ws/install/diagnostic_msgs/lib/python3.8/site-packages/diagnostic_msgs/__init__.py'...
[42.434s] -- Installing: /home/devpc/Desktop/microros_ws/install/diagnostic_msgs/lib/python3.8/site-packages/diagnostic_msgs/msg
[42.434s] -- Installing: /home/devpc/Desktop/microros_ws/install/diagnostic_msgs/lib/python3.8/site-packages/diagnostic_msgs/msg/_key_value_s.c
[42.435s] -- Installing: /home/devpc/Desktop/microros_ws/install/diagnostic_msgs/lib/python3.8/site-packages/diagnostic_msgs/msg/_key_value.py
[42.435s] -- Installing: /home/devpc/Desktop/microros_ws/install/diagnostic_msgs/lib/python3.8/site-packages/diagnostic_msgs/msg/__init__.py
[42.435s] -- Installing: /home/devpc/Desktop/microros_ws/install/diagnostic_msgs/lib/python3.8/site-packages/diagnostic_msgs/msg/_diagnostic_status_s.c
[42.435s] -- Installing: /home/devpc/Desktop/microros_ws/install/diagnostic_msgs/lib/python3.8/site-packages/diagnostic_msgs/msg/_diagnostic_array_s.c
[42.435s] -- Installing: /home/devpc/Desktop/microros_ws/install/diagnostic_msgs/lib/python3.8/site-packages/diagnostic_msgs/msg/_diagnostic_array.py
[42.436s] -- Installing: /home/devpc/Desktop/microros_ws/install/diagnostic_msgs/lib/python3.8/site-packages/diagnostic_msgs/msg/_diagnostic_status.py
[42.436s] -- Installing: /home/devpc/Desktop/microros_ws/install/diagnostic_msgs/lib/python3.8/site-packages/diagnostic_msgs/srv
[42.436s] -- Installing: /home/devpc/Desktop/microros_ws/install/diagnostic_msgs/lib/python3.8/site-packages/diagnostic_msgs/srv/_self_test_s.c
[42.436s] -- Installing: /home/devpc/Desktop/microros_ws/install/diagnostic_msgs/lib/python3.8/site-packages/diagnostic_msgs/srv/__init__.py
[42.436s] -- Installing: /home/devpc/Desktop/microros_ws/install/diagnostic_msgs/lib/python3.8/site-packages/diagnostic_msgs/srv/_add_diagnostics_s.c
[42.436s] -- Installing: /home/devpc/Desktop/microros_ws/install/diagnostic_msgs/lib/python3.8/site-packages/diagnostic_msgs/srv/_add_diagnostics.py
[42.437s] -- Installing: /home/devpc/Desktop/microros_ws/install/diagnostic_msgs/lib/python3.8/site-packages/diagnostic_msgs/srv/_self_test.py
[42.437s] -- Installing: /home/devpc/Desktop/microros_ws/install/diagnostic_msgs/lib/python3.8/site-packages/diagnostic_msgs/diagnostic_msgs_s__rosidl_typesupport_microxrcedds_c.cpython-38-x86_64-linux-gnu.so
[42.437s] -- Set runtime path of "/home/devpc/Desktop/microros_ws/install/diagnostic_msgs/lib/python3.8/site-packages/diagnostic_msgs/diagnostic_msgs_s__rosidl_typesupport_microxrcedds_c.cpython-38-x86_64-linux-gnu.so" to ""
[42.438s] -- Installing: /home/devpc/Desktop/microros_ws/install/diagnostic_msgs/lib/python3.8/site-packages/diagnostic_msgs/diagnostic_msgs_s__rosidl_typesupport_fastrtps_c.cpython-38-x86_64-linux-gnu.so
[42.438s] -- Set runtime path of "/home/devpc/Desktop/microros_ws/install/diagnostic_msgs/lib/python3.8/site-packages/diagnostic_msgs/diagnostic_msgs_s__rosidl_typesupport_fastrtps_c.cpython-38-x86_64-linux-gnu.so" to ""
[42.439s] -- Installing: /home/devpc/Desktop/microros_ws/install/diagnostic_msgs/lib/python3.8/site-packages/diagnostic_msgs/diagnostic_msgs_s__rosidl_typesupport_introspection_c.cpython-38-x86_64-linux-gnu.so
[42.439s] -- Set runtime path of "/home/devpc/Desktop/microros_ws/install/diagnostic_msgs/lib/python3.8/site-packages/diagnostic_msgs/diagnostic_msgs_s__rosidl_typesupport_introspection_c.cpython-38-x86_64-linux-gnu.so" to ""
[42.440s] -- Installing: /home/devpc/Desktop/microros_ws/install/diagnostic_msgs/lib/python3.8/site-packages/diagnostic_msgs/diagnostic_msgs_s__rosidl_typesupport_c.cpython-38-x86_64-linux-gnu.so
[42.440s] -- Set runtime path of "/home/devpc/Desktop/microros_ws/install/diagnostic_msgs/lib/python3.8/site-packages/diagnostic_msgs/diagnostic_msgs_s__rosidl_typesupport_c.cpython-38-x86_64-linux-gnu.so" to ""
[42.441s] -- Installing: /home/devpc/Desktop/microros_ws/install/diagnostic_msgs/lib/libdiagnostic_msgs__python.so
[42.442s] -- Set runtime path of "/home/devpc/Desktop/microros_ws/install/diagnostic_msgs/lib/libdiagnostic_msgs__python.so" to ""
[42.442s] -- Installing: /home/devpc/Desktop/microros_ws/install/diagnostic_msgs/share/diagnostic_msgs/msg/DiagnosticArray.idl
[42.442s] -- Installing: /home/devpc/Desktop/microros_ws/install/diagnostic_msgs/share/diagnostic_msgs/msg/DiagnosticStatus.idl
[42.443s] -- Installing: /home/devpc/Desktop/microros_ws/install/diagnostic_msgs/share/diagnostic_msgs/msg/KeyValue.idl
[42.443s] -- Installing: /home/devpc/Desktop/microros_ws/install/diagnostic_msgs/share/diagnostic_msgs/srv/AddDiagnostics.idl
[42.443s] -- Installing: /home/devpc/Desktop/microros_ws/install/diagnostic_msgs/share/diagnostic_msgs/srv/SelfTest.idl
[42.443s] -- Installing: /home/devpc/Desktop/microros_ws/install/diagnostic_msgs/share/diagnostic_msgs/msg/DiagnosticArray.msg
[42.444s] -- Installing: /home/devpc/Desktop/microros_ws/install/diagnostic_msgs/share/diagnostic_msgs/msg/DiagnosticStatus.msg
[42.444s] -- Installing: /home/devpc/Desktop/microros_ws/install/diagnostic_msgs/share/diagnostic_msgs/msg/KeyValue.msg
[42.444s] -- Installing: /home/devpc/Desktop/microros_ws/install/diagnostic_msgs/share/diagnostic_msgs/srv/AddDiagnostics.srv
[42.444s] -- Installing: /home/devpc/Desktop/microros_ws/install/diagnostic_msgs/share/diagnostic_msgs/srv/AddDiagnostics_Request.msg
[42.444s] -- Installing: /home/devpc/Desktop/microros_ws/install/diagnostic_msgs/share/diagnostic_msgs/srv/AddDiagnostics_Response.msg
[42.444s] -- Installing: /home/devpc/Desktop/microros_ws/install/diagnostic_msgs/share/diagnostic_msgs/srv/SelfTest.srv
[42.444s] -- Installing: /home/devpc/Desktop/microros_ws/install/diagnostic_msgs/share/diagnostic_msgs/srv/SelfTest_Request.msg
[42.444s] -- Installing: /home/devpc/Desktop/microros_ws/install/diagnostic_msgs/share/diagnostic_msgs/srv/SelfTest_Response.msg
[42.445s] -- Installing: /home/devpc/Desktop/microros_ws/install/diagnostic_msgs/share/ament_index/resource_index/package_run_dependencies/diagnostic_msgs
[42.445s] -- Installing: /home/devpc/Desktop/microros_ws/install/diagnostic_msgs/share/ament_index/resource_index/parent_prefix_path/diagnostic_msgs
[42.445s] -- Installing: /home/devpc/Desktop/microros_ws/install/diagnostic_msgs/share/diagnostic_msgs/environment/ament_prefix_path.sh
[42.445s] -- Installing: /home/devpc/Desktop/microros_ws/install/diagnostic_msgs/share/diagnostic_msgs/environment/ament_prefix_path.dsv
[42.445s] -- Installing: /home/devpc/Desktop/microros_ws/install/diagnostic_msgs/share/diagnostic_msgs/environment/path.sh
[42.445s] -- Installing: /home/devpc/Desktop/microros_ws/install/diagnostic_msgs/share/diagnostic_msgs/environment/path.dsv
[42.446s] -- Installing: /home/devpc/Desktop/microros_ws/install/diagnostic_msgs/share/diagnostic_msgs/local_setup.bash
[42.446s] -- Installing: /home/devpc/Desktop/microros_ws/install/diagnostic_msgs/share/diagnostic_msgs/local_setup.sh
[42.446s] -- Installing: /home/devpc/Desktop/microros_ws/install/diagnostic_msgs/share/diagnostic_msgs/local_setup.zsh
[42.446s] -- Installing: /home/devpc/Desktop/microros_ws/install/diagnostic_msgs/share/diagnostic_msgs/local_setup.dsv
[42.446s] -- Installing: /home/devpc/Desktop/microros_ws/install/diagnostic_msgs/share/diagnostic_msgs/package.dsv
[42.447s] -- Installing: /home/devpc/Desktop/microros_ws/install/diagnostic_msgs/share/ament_index/resource_index/packages/diagnostic_msgs
[42.447s] -- Installing: /home/devpc/Desktop/microros_ws/install/diagnostic_msgs/share/diagnostic_msgs/cmake/diagnostic_msgs__rosidl_generator_cExport.cmake
[42.447s] -- Installing: /home/devpc/Desktop/microros_ws/install/diagnostic_msgs/share/diagnostic_msgs/cmake/diagnostic_msgs__rosidl_generator_cExport-noconfig.cmake
[42.447s] -- Installing: /home/devpc/Desktop/microros_ws/install/diagnostic_msgs/share/diagnostic_msgs/cmake/diagnostic_msgs__rosidl_typesupport_introspection_cExport.cmake
[42.448s] -- Installing: /home/devpc/Desktop/microros_ws/install/diagnostic_msgs/share/diagnostic_msgs/cmake/diagnostic_msgs__rosidl_typesupport_introspection_cExport-noconfig.cmake
[42.448s] -- Installing: /home/devpc/Desktop/microros_ws/install/diagnostic_msgs/share/diagnostic_msgs/cmake/diagnostic_msgs__rosidl_typesupport_cExport.cmake
[42.448s] -- Installing: /home/devpc/Desktop/microros_ws/install/diagnostic_msgs/share/diagnostic_msgs/cmake/diagnostic_msgs__rosidl_typesupport_cExport-noconfig.cmake
[42.448s] -- Installing: /home/devpc/Desktop/microros_ws/install/diagnostic_msgs/share/diagnostic_msgs/cmake/diagnostic_msgs__rosidl_generator_cppExport.cmake
[42.449s] -- Installing: /home/devpc/Desktop/microros_ws/install/diagnostic_msgs/share/diagnostic_msgs/cmake/diagnostic_msgs__rosidl_typesupport_introspection_cppExport.cmake
[42.449s] -- Installing: /home/devpc/Desktop/microros_ws/install/diagnostic_msgs/share/diagnostic_msgs/cmake/diagnostic_msgs__rosidl_typesupport_introspection_cppExport-noconfig.cmake
[42.449s] -- Installing: /home/devpc/Desktop/microros_ws/install/diagnostic_msgs/share/diagnostic_msgs/cmake/diagnostic_msgs__rosidl_typesupport_cppExport.cmake
[42.449s] -- Installing: /home/devpc/Desktop/microros_ws/install/diagnostic_msgs/share/diagnostic_msgs/cmake/diagnostic_msgs__rosidl_typesupport_cppExport-noconfig.cmake
[42.449s] -- Installing: /home/devpc/Desktop/microros_ws/install/diagnostic_msgs/share/diagnostic_msgs/cmake/rosidl_cmake-extras.cmake
[42.450s] -- Installing: /home/devpc/Desktop/microros_ws/install/diagnostic_msgs/share/diagnostic_msgs/cmake/ament_cmake_export_dependencies-extras.cmake
[42.450s] -- Installing: /home/devpc/Desktop/microros_ws/install/diagnostic_msgs/share/diagnostic_msgs/cmake/ament_cmake_export_libraries-extras.cmake
[42.450s] -- Installing: /home/devpc/Desktop/microros_ws/install/diagnostic_msgs/share/diagnostic_msgs/cmake/ament_cmake_export_targets-extras.cmake
[42.450s] -- Installing: /home/devpc/Desktop/microros_ws/install/diagnostic_msgs/share/diagnostic_msgs/cmake/ament_cmake_export_include_directories-extras.cmake
[42.450s] -- Installing: /home/devpc/Desktop/microros_ws/install/diagnostic_msgs/share/diagnostic_msgs/cmake/rosidl_cmake_export_typesupport_libraries-extras.cmake
[42.451s] -- Installing: /home/devpc/Desktop/microros_ws/install/diagnostic_msgs/share/diagnostic_msgs/cmake/rosidl_cmake_export_typesupport_targets-extras.cmake
[42.451s] -- Installing: /home/devpc/Desktop/microros_ws/install/diagnostic_msgs/share/diagnostic_msgs/cmake/diagnostic_msgsConfig.cmake
[42.451s] -- Installing: /home/devpc/Desktop/microros_ws/install/diagnostic_msgs/share/diagnostic_msgs/cmake/diagnostic_msgsConfig-version.cmake
[42.451s] -- Installing: /home/devpc/Desktop/microros_ws/install/diagnostic_msgs/share/diagnostic_msgs/package.xml
[42.456s] Invoked command in '/home/devpc/Desktop/microros_ws/build/diagnostic_msgs' returned '0': AMENT_PREFIX_PATH=/home/devpc/Desktop/microros_ws/install/geometry_msgs:/home/devpc/Desktop/microros_ws/install/std_msgs:/home/devpc/Desktop/microros_ws/install/builtin_interfaces:${AMENT_PREFIX_PATH} CMAKE_PREFIX_PATH=/home/devpc/Desktop/microros_ws/install/geometry_msgs:/home/devpc/Desktop/microros_ws/install/std_msgs:/home/devpc/Desktop/microros_ws/install/builtin_interfaces:/home/devpc/Desktop/microros_ws/install/rosidl_typesupport_microxrcedds_cpp:/home/devpc/Desktop/microros_ws/install/rosidl_typesupport_microxrcedds_c:/home/devpc/Desktop/microros_ws/install/microcdr:/home/devpc/Desktop/microros_ws/install/micro_ros_agent:/home/devpc/Desktop/microros_ws/install/microxrcedds_agent:/home/devpc/Desktop/microros_ws/install/micro_ros_setup:/home/devpc/Desktop/microros_ws/install/micro_ros_msgs:/home/devpc/Desktop/quad_ws/install/quad_interfaces:/home/devpc/Desktop/quad_ws/install/quad:/opt/ros/foxy LD_LIBRARY_PATH=/home/devpc/Desktop/microros_ws/install/geometry_msgs/lib:/home/devpc/Desktop/microros_ws/install/std_msgs/lib:/home/devpc/Desktop/microros_ws/install/builtin_interfaces/lib:${LD_LIBRARY_PATH} PYTHONPATH=/home/devpc/Desktop/microros_ws/install/geometry_msgs/lib/python3.8/site-packages:/home/devpc/Desktop/microros_ws/install/std_msgs/lib/python3.8/site-packages:/home/devpc/Desktop/microros_ws/install/builtin_interfaces/lib/python3.8/site-packages:${PYTHONPATH} /usr/bin/cmake --install /home/devpc/Desktop/microros_ws/build/diagnostic_msgs
