[0.021s] Invoking command in '/home/devpc/Desktop/microros_ws/build/quad_interfaces': CMAKE_PREFIX_PATH=${CMAKE_PREFIX_PATH}:/home/devpc/Desktop/microros_ws/install/sensor_msgs_py:/home/devpc/Desktop/quad_ws/install/quad:/opt/ros/foxy /usr/bin/cmake /home/devpc/Desktop/microros_ws/src/quad_interfaces -DCMAKE_INSTALL_PREFIX=/home/devpc/Desktop/microros_ws/install/quad_interfaces
[0.105s] -- The C compiler identification is GNU 9.3.0
[0.242s] -- The CXX compiler identification is GNU 9.3.0
[0.242s] -- Check for working C compiler: /usr/bin/cc
[0.282s] -- Check for working C compiler: /usr/bin/cc -- works
[0.283s] -- Detecting C compiler ABI info
[0.386s] -- Detecting C compiler ABI info - done
[0.435s] -- Detecting C compile features
[0.435s] -- Detecting C compile features - done
[0.449s] -- Check for working CXX compiler: /usr/bin/c++
[0.510s] -- Check for working CXX compiler: /usr/bin/c++ -- works
[0.511s] -- Detecting CXX compiler ABI info
[0.618s] -- Detecting CXX compiler ABI info - done
[0.644s] -- Detecting CXX compile features
[0.644s] -- Detecting CXX compile features - done
[0.651s] -- Found ament_cmake: 0.9.8 (/opt/ros/foxy/share/ament_cmake/cmake)
[0.732s] -- Found PythonInterp: /usr/bin/python3 (found suitable version "3.8.10", minimum required is "3") 
[0.732s] -- Using PYTHON_EXECUTABLE: /usr/bin/python3
[1.261s] -- Found ament_lint_auto: 0.9.6 (/opt/ros/foxy/share/ament_lint_auto/cmake)
[1.477s] -- Found rosidl_default_generators: 1.0.1 (/opt/ros/foxy/share/rosidl_default_generators/cmake)
[1.504s] -- Using all available rosidl_typesupport_c: rosidl_typesupport_microxrcedds_c;rosidl_typesupport_fastrtps_c;rosidl_typesupport_introspection_c
[1.527s] -- Found rosidl_adapter: 1.2.1 (/opt/ros/foxy/share/rosidl_adapter/cmake)
[1.797s] -- Found OpenSSL: /usr/lib/x86_64-linux-gnu/libcrypto.so (found version "1.1.1f")  
[1.841s] -- Found FastRTPS: /opt/ros/foxy/include  
[1.980s] -- Using all available rosidl_typesupport_cpp: rosidl_typesupport_microxrcedds_cpp;rosidl_typesupport_fastrtps_cpp;rosidl_typesupport_introspection_cpp
[2.093s] -- Found PythonInterp: /usr/bin/python3 (found version "3.8.10") 
[2.238s] -- Found ament_cmake_ros: 0.9.2 (/opt/ros/foxy/share/ament_cmake_ros/cmake)
[2.504s] -- Using all available rosidl_typesupport_c: rosidl_typesupport_microxrcedds_c;rosidl_typesupport_fastrtps_c;rosidl_typesupport_introspection_c
[2.526s] -- Using all available rosidl_typesupport_cpp: rosidl_typesupport_microxrcedds_cpp;rosidl_typesupport_fastrtps_cpp;rosidl_typesupport_introspection_cpp
[2.571s] -- Found PythonInterp: /usr/bin/python3 (found suitable version "3.8.10", minimum required is "3.5") 
[2.577s] -- Found python_cmake_module: 0.8.1 (/opt/ros/foxy/share/python_cmake_module/cmake)
[2.627s] -- Found PythonLibs: /usr/lib/x86_64-linux-gnu/libpython3.8.so (found suitable version "3.8.10", minimum required is "3.5") 
[2.627s] -- Using PYTHON_EXECUTABLE: /usr/bin/python3
[2.628s] -- Using PYTHON_INCLUDE_DIRS: /usr/include/python3.8
[2.628s] -- Using PYTHON_LIBRARIES: /usr/lib/x86_64-linux-gnu/libpython3.8.so
[2.675s] -- Found PythonExtra: .so  
[2.792s] -- Added test 'copyright' to check source files copyright and LICENSE
[2.796s] -- Added test 'lint_cmake' to check CMake code style
[2.799s] -- Added test 'xmllint' to check XML markup files
[2.808s] -- Configuring done
[2.854s] -- Generating done
[2.859s] -- Build files have been written to: /home/devpc/Desktop/microros_ws/build/quad_interfaces
[2.867s] Invoked command in '/home/devpc/Desktop/microros_ws/build/quad_interfaces' returned '0': CMAKE_PREFIX_PATH=${CMAKE_PREFIX_PATH}:/home/devpc/Desktop/microros_ws/install/sensor_msgs_py:/home/devpc/Desktop/quad_ws/install/quad:/opt/ros/foxy /usr/bin/cmake /home/devpc/Desktop/microros_ws/src/quad_interfaces -DCMAKE_INSTALL_PREFIX=/home/devpc/Desktop/microros_ws/install/quad_interfaces
[2.870s] Invoking command in '/home/devpc/Desktop/microros_ws/build/quad_interfaces': CMAKE_PREFIX_PATH=${CMAKE_PREFIX_PATH}:/home/devpc/Desktop/microros_ws/install/sensor_msgs_py:/home/devpc/Desktop/quad_ws/install/quad:/opt/ros/foxy /usr/bin/cmake --build /home/devpc/Desktop/microros_ws/build/quad_interfaces -- -j8 -l8
[2.950s] [35m[1mScanning dependencies of target quad_interfaces__cpp[0m
[2.950s] [  2%] [34m[1mGenerating C code for ROS interfaces[0m
[2.964s] [  5%] [34m[1mGenerating C++ code for ROS interfaces[0m
[3.394s] [35m[1mScanning dependencies of target quad_interfaces__rosidl_generator_c[0m
[3.413s] [  7%] [32mBuilding C object CMakeFiles/quad_interfaces__rosidl_generator_c.dir/rosidl_generator_c/quad_interfaces/msg/detail/motion_servos__functions.c.o[0m
[3.416s] [  7%] Built target quad_interfaces__cpp
[3.436s] [ 10%] [34m[1mGenerating C++ type support dispatch for ROS interfaces[0m
[3.444s] [ 12%] [34m[1mGenerating C++ type support for eProsima Fast-RTPS[0m
[3.444s] [ 15%] [34m[1mGenerating C++ type support for eProsima Micro XRCE-DDS[0m
[3.444s] [ 17%] [34m[1mGenerating C++ introspection for ROS interfaces[0m
[3.476s] [ 20%] [32m[1mLinking C shared library libquad_interfaces__rosidl_generator_c.so[0m
[3.556s] [ 20%] Built target quad_interfaces__rosidl_generator_c
[3.587s] [ 23%] [34m[1mGenerating C introspection for ROS interfaces[0m
[3.602s] [ 25%] [34m[1mGenerating C type support for eProsima Micro XRCE-DDS[0m
[3.614s] [ 28%] [34m[1mGenerating C type support dispatch for ROS interfaces[0m
[3.920s] [35m[1mScanning dependencies of target quad_interfaces__rosidl_typesupport_cpp[0m
[3.954s] [ 30%] [32mBuilding CXX object CMakeFiles/quad_interfaces__rosidl_typesupport_cpp.dir/rosidl_typesupport_cpp/quad_interfaces/msg/motion_servos__type_support.cpp.o[0m
[3.972s] [35m[1mScanning dependencies of target quad_interfaces__rosidl_typesupport_introspection_cpp[0m
[4.078s] [ 33%] [32mBuilding CXX object CMakeFiles/quad_interfaces__rosidl_typesupport_introspection_cpp.dir/rosidl_typesupport_introspection_cpp/quad_interfaces/msg/detail/motion_servos__type_support.cpp.o[0m
[4.078s] [35m[1mScanning dependencies of target quad_interfaces__rosidl_typesupport_fastrtps_cpp[0m
[4.096s] [35m[1mScanning dependencies of target quad_interfaces__rosidl_typesupport_c[0m
[4.096s] [35m[1mScanning dependencies of target quad_interfaces__rosidl_typesupport_microxrcedds_cpp[0m
[4.114s] [ 35%] [32mBuilding CXX object CMakeFiles/quad_interfaces__rosidl_typesupport_fastrtps_cpp.dir/rosidl_typesupport_fastrtps_cpp/quad_interfaces/msg/detail/dds_fastrtps/motion_servos__type_support.cpp.o[0m
[4.124s] [ 38%] [32mBuilding CXX object CMakeFiles/quad_interfaces__rosidl_typesupport_c.dir/rosidl_typesupport_c/quad_interfaces/msg/motion_servos__type_support.cpp.o[0m
[4.132s] [ 41%] [32mBuilding CXX object CMakeFiles/quad_interfaces__rosidl_typesupport_microxrcedds_cpp.dir/rosidl_typesupport_microxrcedds_cpp/quad_interfaces/msg/detail/microxrcedds/motion_servos__type_support_cpp.cpp.o[0m
[4.181s] [35m[1mScanning dependencies of target quad_interfaces__rosidl_typesupport_introspection_c[0m
[4.198s] [ 43%] [32mBuilding C object CMakeFiles/quad_interfaces__rosidl_typesupport_introspection_c.dir/rosidl_typesupport_introspection_c/quad_interfaces/msg/detail/motion_servos__type_support.c.o[0m
[4.227s] [ 46%] [32m[1mLinking CXX shared library libquad_interfaces__rosidl_typesupport_c.so[0m
[4.249s] [35m[1mScanning dependencies of target quad_interfaces__rosidl_typesupport_microxrcedds_c[0m
[4.257s] [ 48%] [32m[1mLinking C shared library libquad_interfaces__rosidl_typesupport_introspection_c.so[0m
[4.306s] [ 51%] [32mBuilding C object CMakeFiles/quad_interfaces__rosidl_typesupport_microxrcedds_c.dir/rosidl_typesupport_microxrcedds_c/quad_interfaces/msg/detail/microxrcedds/motion_servos__type_support_c.c.o[0m
[4.331s] [ 51%] Built target quad_interfaces__rosidl_typesupport_c
[4.347s] [ 51%] Built target quad_interfaces__rosidl_typesupport_introspection_c
[4.381s] [ 53%] [32m[1mLinking C shared library libquad_interfaces__rosidl_typesupport_microxrcedds_c.so[0m
[4.468s] [ 53%] Built target quad_interfaces__rosidl_typesupport_microxrcedds_c
[4.507s] [ 56%] [32m[1mLinking CXX shared library libquad_interfaces__rosidl_typesupport_cpp.so[0m
[4.580s] [ 56%] Built target quad_interfaces__rosidl_typesupport_cpp
[4.588s] [ 58%] [32m[1mLinking CXX shared library libquad_interfaces__rosidl_typesupport_introspection_cpp.so[0m
[4.707s] [ 58%] Built target quad_interfaces__rosidl_typesupport_introspection_cpp
[4.740s] [ 61%] [32m[1mLinking CXX shared library libquad_interfaces__rosidl_typesupport_microxrcedds_cpp.so[0m
[4.814s] [ 61%] Built target quad_interfaces__rosidl_typesupport_microxrcedds_cpp
[4.843s] [ 64%] [32m[1mLinking CXX shared library libquad_interfaces__rosidl_typesupport_fastrtps_cpp.so[0m
[4.945s] [ 64%] Built target quad_interfaces__rosidl_typesupport_fastrtps_cpp
[4.959s] [ 66%] [34m[1mGenerating C type support for eProsima Fast-RTPS[0m
[5.300s] [35m[1mScanning dependencies of target quad_interfaces__rosidl_typesupport_fastrtps_c[0m
[5.317s] [ 69%] [32mBuilding CXX object CMakeFiles/quad_interfaces__rosidl_typesupport_fastrtps_c.dir/rosidl_typesupport_fastrtps_c/quad_interfaces/msg/detail/motion_servos__type_support_c.cpp.o[0m
[5.874s] [ 71%] [32m[1mLinking CXX shared library libquad_interfaces__rosidl_typesupport_fastrtps_c.so[0m
[6.001s] [ 71%] Built target quad_interfaces__rosidl_typesupport_fastrtps_c
[6.015s] [35m[1mScanning dependencies of target quad_interfaces[0m
[6.032s] [ 71%] Built target quad_interfaces
[6.046s] [35m[1mScanning dependencies of target quad_interfaces__py[0m
[6.063s] [ 74%] [34m[1mGenerating Python code for ROS interfaces[0m
[6.606s] [ 74%] Built target quad_interfaces__py
[6.621s] [35m[1mScanning dependencies of target quad_interfaces__python[0m
[6.642s] [ 76%] [32mBuilding C object CMakeFiles/quad_interfaces__python.dir/rosidl_generator_py/quad_interfaces/msg/_motion_servos_s.c.o[0m
[6.755s] [ 79%] [32m[1mLinking C shared library rosidl_generator_py/quad_interfaces/libquad_interfaces__python.so[0m
[6.798s] [ 79%] Built target quad_interfaces__python
[6.812s] [35m[1mScanning dependencies of target quad_interfaces__rosidl_typesupport_microxrcedds_c__pyext[0m
[6.815s] [35m[1mScanning dependencies of target quad_interfaces__rosidl_typesupport_fastrtps_c__pyext[0m
[6.815s] [35m[1mScanning dependencies of target quad_interfaces__rosidl_typesupport_c__pyext[0m
[6.815s] [35m[1mScanning dependencies of target quad_interfaces__rosidl_typesupport_introspection_c__pyext[0m
[6.839s] [ 82%] [32mBuilding C object CMakeFiles/quad_interfaces__rosidl_typesupport_microxrcedds_c__pyext.dir/rosidl_generator_py/quad_interfaces/_quad_interfaces_s.ep.rosidl_typesupport_microxrcedds_c.c.o[0m
[6.840s] [ 84%] [32mBuilding C object CMakeFiles/quad_interfaces__rosidl_typesupport_fastrtps_c__pyext.dir/rosidl_generator_py/quad_interfaces/_quad_interfaces_s.ep.rosidl_typesupport_fastrtps_c.c.o[0m
[6.842s] [ 87%] [32mBuilding C object CMakeFiles/quad_interfaces__rosidl_typesupport_c__pyext.dir/rosidl_generator_py/quad_interfaces/_quad_interfaces_s.ep.rosidl_typesupport_c.c.o[0m
[6.847s] [ 89%] [32mBuilding C object CMakeFiles/quad_interfaces__rosidl_typesupport_introspection_c__pyext.dir/rosidl_generator_py/quad_interfaces/_quad_interfaces_s.ep.rosidl_typesupport_introspection_c.c.o[0m
[6.951s] [ 92%] [32m[1mLinking C shared library rosidl_generator_py/quad_interfaces/quad_interfaces_s__rosidl_typesupport_introspection_c.cpython-38-x86_64-linux-gnu.so[0m
[6.951s] [ 94%] [32m[1mLinking CXX shared library rosidl_generator_py/quad_interfaces/quad_interfaces_s__rosidl_typesupport_fastrtps_c.cpython-38-x86_64-linux-gnu.so[0m
[6.974s] [ 97%] [32m[1mLinking C shared library rosidl_generator_py/quad_interfaces/quad_interfaces_s__rosidl_typesupport_c.cpython-38-x86_64-linux-gnu.so[0m
[6.974s] [100%] [32m[1mLinking C shared library rosidl_generator_py/quad_interfaces/quad_interfaces_s__rosidl_typesupport_microxrcedds_c.cpython-38-x86_64-linux-gnu.so[0m
[7.004s] [100%] Built target quad_interfaces__rosidl_typesupport_introspection_c__pyext
[7.022s] [100%] Built target quad_interfaces__rosidl_typesupport_microxrcedds_c__pyext
[7.023s] [100%] Built target quad_interfaces__rosidl_typesupport_c__pyext
[7.037s] [100%] Built target quad_interfaces__rosidl_typesupport_fastrtps_c__pyext
[7.079s] Invoked command in '/home/devpc/Desktop/microros_ws/build/quad_interfaces' returned '0': CMAKE_PREFIX_PATH=${CMAKE_PREFIX_PATH}:/home/devpc/Desktop/microros_ws/install/sensor_msgs_py:/home/devpc/Desktop/quad_ws/install/quad:/opt/ros/foxy /usr/bin/cmake --build /home/devpc/Desktop/microros_ws/build/quad_interfaces -- -j8 -l8
[7.146s] Invoking command in '/home/devpc/Desktop/microros_ws/build/quad_interfaces': CMAKE_PREFIX_PATH=${CMAKE_PREFIX_PATH}:/home/devpc/Desktop/microros_ws/install/sensor_msgs_py:/home/devpc/Desktop/quad_ws/install/quad:/opt/ros/foxy /usr/bin/cmake --install /home/devpc/Desktop/microros_ws/build/quad_interfaces
[7.159s] -- Install configuration: ""
[7.160s] -- Installing: /home/devpc/Desktop/microros_ws/install/quad_interfaces/share/ament_index/resource_index/rosidl_interfaces/quad_interfaces
[7.160s] -- Installing: /home/devpc/Desktop/microros_ws/install/quad_interfaces/include/quad_interfaces
[7.160s] -- Installing: /home/devpc/Desktop/microros_ws/install/quad_interfaces/include/quad_interfaces/msg
[7.160s] -- Installing: /home/devpc/Desktop/microros_ws/install/quad_interfaces/include/quad_interfaces/msg/detail
[7.160s] -- Installing: /home/devpc/Desktop/microros_ws/install/quad_interfaces/include/quad_interfaces/msg/detail/motion_servos__functions.h
[7.161s] -- Installing: /home/devpc/Desktop/microros_ws/install/quad_interfaces/include/quad_interfaces/msg/detail/motion_servos__functions.c
[7.161s] -- Installing: /home/devpc/Desktop/microros_ws/install/quad_interfaces/include/quad_interfaces/msg/detail/motion_servos__type_support.h
[7.161s] -- Installing: /home/devpc/Desktop/microros_ws/install/quad_interfaces/include/quad_interfaces/msg/detail/motion_servos__struct.h
[7.161s] -- Installing: /home/devpc/Desktop/microros_ws/install/quad_interfaces/include/quad_interfaces/msg/motion_servos.h
[7.161s] -- Installing: /home/devpc/Desktop/microros_ws/install/quad_interfaces/include/quad_interfaces/msg/rosidl_generator_c__visibility_control.h
[7.161s] -- Installing: /home/devpc/Desktop/microros_ws/install/quad_interfaces/share/quad_interfaces/environment/library_path.sh
[7.161s] -- Installing: /home/devpc/Desktop/microros_ws/install/quad_interfaces/share/quad_interfaces/environment/library_path.dsv
[7.161s] -- Installing: /home/devpc/Desktop/microros_ws/install/quad_interfaces/lib/libquad_interfaces__rosidl_generator_c.so
[7.161s] -- Set runtime path of "/home/devpc/Desktop/microros_ws/install/quad_interfaces/lib/libquad_interfaces__rosidl_generator_c.so" to ""
[7.161s] -- Up-to-date: /home/devpc/Desktop/microros_ws/install/quad_interfaces/include/quad_interfaces
[7.162s] -- Up-to-date: /home/devpc/Desktop/microros_ws/install/quad_interfaces/include/quad_interfaces/msg
[7.162s] -- Up-to-date: /home/devpc/Desktop/microros_ws/install/quad_interfaces/include/quad_interfaces/msg/detail
[7.162s] -- Installing: /home/devpc/Desktop/microros_ws/install/quad_interfaces/include/quad_interfaces/msg/detail/motion_servos__rosidl_typesupport_microxrcedds_c.h
[7.162s] -- Installing: /home/devpc/Desktop/microros_ws/install/quad_interfaces/include/quad_interfaces/msg/detail/microxrcedds
[7.162s] -- Installing: /home/devpc/Desktop/microros_ws/install/quad_interfaces/include/quad_interfaces/msg/rosidl_typesupport_microxrcedds_c__visibility_control.h
[7.162s] -- Installing: /home/devpc/Desktop/microros_ws/install/quad_interfaces/lib/libquad_interfaces__rosidl_typesupport_microxrcedds_c.so
[7.162s] -- Set runtime path of "/home/devpc/Desktop/microros_ws/install/quad_interfaces/lib/libquad_interfaces__rosidl_typesupport_microxrcedds_c.so" to ""
[7.162s] -- Up-to-date: /home/devpc/Desktop/microros_ws/install/quad_interfaces/include/quad_interfaces
[7.162s] -- Up-to-date: /home/devpc/Desktop/microros_ws/install/quad_interfaces/include/quad_interfaces/msg
[7.163s] -- Up-to-date: /home/devpc/Desktop/microros_ws/install/quad_interfaces/include/quad_interfaces/msg/detail
[7.163s] -- Installing: /home/devpc/Desktop/microros_ws/install/quad_interfaces/include/quad_interfaces/msg/detail/motion_servos__rosidl_typesupport_fastrtps_c.h
[7.163s] -- Installing: /home/devpc/Desktop/microros_ws/install/quad_interfaces/include/quad_interfaces/msg/rosidl_typesupport_fastrtps_c__visibility_control.h
[7.163s] -- Installing: /home/devpc/Desktop/microros_ws/install/quad_interfaces/lib/libquad_interfaces__rosidl_typesupport_fastrtps_c.so
[7.163s] -- Set runtime path of "/home/devpc/Desktop/microros_ws/install/quad_interfaces/lib/libquad_interfaces__rosidl_typesupport_fastrtps_c.so" to ""
[7.163s] -- Up-to-date: /home/devpc/Desktop/microros_ws/install/quad_interfaces/include/quad_interfaces
[7.163s] -- Up-to-date: /home/devpc/Desktop/microros_ws/install/quad_interfaces/include/quad_interfaces/msg
[7.163s] -- Up-to-date: /home/devpc/Desktop/microros_ws/install/quad_interfaces/include/quad_interfaces/msg/detail
[7.164s] -- Installing: /home/devpc/Desktop/microros_ws/install/quad_interfaces/include/quad_interfaces/msg/detail/motion_servos__rosidl_typesupport_fastrtps_cpp.hpp
[7.164s] -- Installing: /home/devpc/Desktop/microros_ws/install/quad_interfaces/include/quad_interfaces/msg/detail/dds_fastrtps
[7.164s] -- Installing: /home/devpc/Desktop/microros_ws/install/quad_interfaces/include/quad_interfaces/msg/rosidl_typesupport_fastrtps_cpp__visibility_control.h
[7.164s] -- Installing: /home/devpc/Desktop/microros_ws/install/quad_interfaces/lib/libquad_interfaces__rosidl_typesupport_fastrtps_cpp.so
[7.164s] -- Set runtime path of "/home/devpc/Desktop/microros_ws/install/quad_interfaces/lib/libquad_interfaces__rosidl_typesupport_fastrtps_cpp.so" to ""
[7.164s] -- Up-to-date: /home/devpc/Desktop/microros_ws/install/quad_interfaces/include/quad_interfaces
[7.164s] -- Up-to-date: /home/devpc/Desktop/microros_ws/install/quad_interfaces/include/quad_interfaces/msg
[7.164s] -- Up-to-date: /home/devpc/Desktop/microros_ws/install/quad_interfaces/include/quad_interfaces/msg/detail
[7.164s] -- Installing: /home/devpc/Desktop/microros_ws/install/quad_interfaces/include/quad_interfaces/msg/detail/motion_servos__type_support.c
[7.164s] -- Installing: /home/devpc/Desktop/microros_ws/install/quad_interfaces/include/quad_interfaces/msg/detail/motion_servos__rosidl_typesupport_introspection_c.h
[7.165s] -- Installing: /home/devpc/Desktop/microros_ws/install/quad_interfaces/include/quad_interfaces/msg/rosidl_typesupport_introspection_c__visibility_control.h
[7.165s] -- Installing: /home/devpc/Desktop/microros_ws/install/quad_interfaces/lib/libquad_interfaces__rosidl_typesupport_introspection_c.so
[7.165s] -- Set runtime path of "/home/devpc/Desktop/microros_ws/install/quad_interfaces/lib/libquad_interfaces__rosidl_typesupport_introspection_c.so" to ""
[7.165s] -- Installing: /home/devpc/Desktop/microros_ws/install/quad_interfaces/lib/libquad_interfaces__rosidl_typesupport_c.so
[7.165s] -- Set runtime path of "/home/devpc/Desktop/microros_ws/install/quad_interfaces/lib/libquad_interfaces__rosidl_typesupport_c.so" to ""
[7.165s] -- Up-to-date: /home/devpc/Desktop/microros_ws/install/quad_interfaces/include/quad_interfaces
[7.165s] -- Up-to-date: /home/devpc/Desktop/microros_ws/install/quad_interfaces/include/quad_interfaces/msg
[7.166s] -- Installing: /home/devpc/Desktop/microros_ws/install/quad_interfaces/include/quad_interfaces/msg/motion_servos.hpp
[7.166s] -- Up-to-date: /home/devpc/Desktop/microros_ws/install/quad_interfaces/include/quad_interfaces/msg/detail
[7.166s] -- Installing: /home/devpc/Desktop/microros_ws/install/quad_interfaces/include/quad_interfaces/msg/detail/motion_servos__struct.hpp
[7.166s] -- Installing: /home/devpc/Desktop/microros_ws/install/quad_interfaces/include/quad_interfaces/msg/detail/motion_servos__builder.hpp
[7.166s] -- Installing: /home/devpc/Desktop/microros_ws/install/quad_interfaces/include/quad_interfaces/msg/detail/motion_servos__traits.hpp
[7.166s] -- Up-to-date: /home/devpc/Desktop/microros_ws/install/quad_interfaces/include/quad_interfaces
[7.166s] -- Up-to-date: /home/devpc/Desktop/microros_ws/install/quad_interfaces/include/quad_interfaces/msg
[7.166s] -- Up-to-date: /home/devpc/Desktop/microros_ws/install/quad_interfaces/include/quad_interfaces/msg/detail
[7.166s] -- Up-to-date: /home/devpc/Desktop/microros_ws/install/quad_interfaces/include/quad_interfaces/msg/detail/microxrcedds
[7.166s] -- Installing: /home/devpc/Desktop/microros_ws/install/quad_interfaces/include/quad_interfaces/msg/detail/microxrcedds/motion_servos__type_support_cpp.cpp
[7.166s] -- Installing: /home/devpc/Desktop/microros_ws/install/quad_interfaces/include/quad_interfaces/msg/detail/motion_servos__rosidl_typesupport_microxrcedds_cpp.hpp
[7.166s] -- Installing: /home/devpc/Desktop/microros_ws/install/quad_interfaces/include/quad_interfaces/msg/rosidl_typesupport_microxrcedds_cpp__visibility_control.h
[7.167s] -- Installing: /home/devpc/Desktop/microros_ws/install/quad_interfaces/lib/libquad_interfaces__rosidl_typesupport_microxrcedds_cpp.so
[7.167s] -- Set runtime path of "/home/devpc/Desktop/microros_ws/install/quad_interfaces/lib/libquad_interfaces__rosidl_typesupport_microxrcedds_cpp.so" to ""
[7.167s] -- Up-to-date: /home/devpc/Desktop/microros_ws/install/quad_interfaces/include/quad_interfaces
[7.167s] -- Up-to-date: /home/devpc/Desktop/microros_ws/install/quad_interfaces/include/quad_interfaces/msg
[7.167s] -- Up-to-date: /home/devpc/Desktop/microros_ws/install/quad_interfaces/include/quad_interfaces/msg/detail
[7.167s] -- Installing: /home/devpc/Desktop/microros_ws/install/quad_interfaces/include/quad_interfaces/msg/detail/motion_servos__rosidl_typesupport_introspection_cpp.hpp
[7.167s] -- Installing: /home/devpc/Desktop/microros_ws/install/quad_interfaces/include/quad_interfaces/msg/detail/motion_servos__type_support.cpp
[7.167s] -- Installing: /home/devpc/Desktop/microros_ws/install/quad_interfaces/lib/libquad_interfaces__rosidl_typesupport_introspection_cpp.so
[7.167s] -- Set runtime path of "/home/devpc/Desktop/microros_ws/install/quad_interfaces/lib/libquad_interfaces__rosidl_typesupport_introspection_cpp.so" to ""
[7.167s] -- Installing: /home/devpc/Desktop/microros_ws/install/quad_interfaces/lib/libquad_interfaces__rosidl_typesupport_cpp.so
[7.168s] -- Set runtime path of "/home/devpc/Desktop/microros_ws/install/quad_interfaces/lib/libquad_interfaces__rosidl_typesupport_cpp.so" to ""
[7.168s] -- Installing: /home/devpc/Desktop/microros_ws/install/quad_interfaces/share/quad_interfaces/environment/pythonpath.sh
[7.168s] -- Installing: /home/devpc/Desktop/microros_ws/install/quad_interfaces/share/quad_interfaces/environment/pythonpath.dsv
[7.168s] -- Installing: /home/devpc/Desktop/microros_ws/install/quad_interfaces/lib/python3.8/site-packages/quad_interfaces/__init__.py
[7.213s] Compiling '/home/devpc/Desktop/microros_ws/install/quad_interfaces/lib/python3.8/site-packages/quad_interfaces/__init__.py'...
[7.216s] -- Installing: /home/devpc/Desktop/microros_ws/install/quad_interfaces/lib/python3.8/site-packages/quad_interfaces/msg
[7.216s] -- Installing: /home/devpc/Desktop/microros_ws/install/quad_interfaces/lib/python3.8/site-packages/quad_interfaces/msg/_motion_servos_s.c
[7.216s] -- Installing: /home/devpc/Desktop/microros_ws/install/quad_interfaces/lib/python3.8/site-packages/quad_interfaces/msg/_motion_servos.py
[7.217s] -- Installing: /home/devpc/Desktop/microros_ws/install/quad_interfaces/lib/python3.8/site-packages/quad_interfaces/msg/__init__.py
[7.217s] -- Installing: /home/devpc/Desktop/microros_ws/install/quad_interfaces/lib/python3.8/site-packages/quad_interfaces/quad_interfaces_s__rosidl_typesupport_microxrcedds_c.cpython-38-x86_64-linux-gnu.so
[7.218s] -- Set runtime path of "/home/devpc/Desktop/microros_ws/install/quad_interfaces/lib/python3.8/site-packages/quad_interfaces/quad_interfaces_s__rosidl_typesupport_microxrcedds_c.cpython-38-x86_64-linux-gnu.so" to ""
[7.219s] -- Installing: /home/devpc/Desktop/microros_ws/install/quad_interfaces/lib/python3.8/site-packages/quad_interfaces/quad_interfaces_s__rosidl_typesupport_fastrtps_c.cpython-38-x86_64-linux-gnu.so
[7.220s] -- Set runtime path of "/home/devpc/Desktop/microros_ws/install/quad_interfaces/lib/python3.8/site-packages/quad_interfaces/quad_interfaces_s__rosidl_typesupport_fastrtps_c.cpython-38-x86_64-linux-gnu.so" to ""
[7.220s] -- Installing: /home/devpc/Desktop/microros_ws/install/quad_interfaces/lib/python3.8/site-packages/quad_interfaces/quad_interfaces_s__rosidl_typesupport_introspection_c.cpython-38-x86_64-linux-gnu.so
[7.221s] -- Set runtime path of "/home/devpc/Desktop/microros_ws/install/quad_interfaces/lib/python3.8/site-packages/quad_interfaces/quad_interfaces_s__rosidl_typesupport_introspection_c.cpython-38-x86_64-linux-gnu.so" to ""
[7.221s] -- Installing: /home/devpc/Desktop/microros_ws/install/quad_interfaces/lib/python3.8/site-packages/quad_interfaces/quad_interfaces_s__rosidl_typesupport_c.cpython-38-x86_64-linux-gnu.so
[7.222s] -- Set runtime path of "/home/devpc/Desktop/microros_ws/install/quad_interfaces/lib/python3.8/site-packages/quad_interfaces/quad_interfaces_s__rosidl_typesupport_c.cpython-38-x86_64-linux-gnu.so" to ""
[7.223s] -- Installing: /home/devpc/Desktop/microros_ws/install/quad_interfaces/lib/libquad_interfaces__python.so
[7.223s] -- Set runtime path of "/home/devpc/Desktop/microros_ws/install/quad_interfaces/lib/libquad_interfaces__python.so" to ""
[7.224s] -- Installing: /home/devpc/Desktop/microros_ws/install/quad_interfaces/share/quad_interfaces/msg/MotionServos.idl
[7.224s] -- Installing: /home/devpc/Desktop/microros_ws/install/quad_interfaces/share/quad_interfaces/msg/MotionServos.msg
[7.224s] -- Installing: /home/devpc/Desktop/microros_ws/install/quad_interfaces/share/ament_index/resource_index/package_run_dependencies/quad_interfaces
[7.224s] -- Installing: /home/devpc/Desktop/microros_ws/install/quad_interfaces/share/ament_index/resource_index/parent_prefix_path/quad_interfaces
[7.225s] -- Installing: /home/devpc/Desktop/microros_ws/install/quad_interfaces/share/quad_interfaces/environment/ament_prefix_path.sh
[7.225s] -- Installing: /home/devpc/Desktop/microros_ws/install/quad_interfaces/share/quad_interfaces/environment/ament_prefix_path.dsv
[7.225s] -- Installing: /home/devpc/Desktop/microros_ws/install/quad_interfaces/share/quad_interfaces/environment/path.sh
[7.225s] -- Installing: /home/devpc/Desktop/microros_ws/install/quad_interfaces/share/quad_interfaces/environment/path.dsv
[7.225s] -- Installing: /home/devpc/Desktop/microros_ws/install/quad_interfaces/share/quad_interfaces/local_setup.bash
[7.226s] -- Installing: /home/devpc/Desktop/microros_ws/install/quad_interfaces/share/quad_interfaces/local_setup.sh
[7.226s] -- Installing: /home/devpc/Desktop/microros_ws/install/quad_interfaces/share/quad_interfaces/local_setup.zsh
[7.226s] -- Installing: /home/devpc/Desktop/microros_ws/install/quad_interfaces/share/quad_interfaces/local_setup.dsv
[7.226s] -- Installing: /home/devpc/Desktop/microros_ws/install/quad_interfaces/share/quad_interfaces/package.dsv
[7.226s] -- Installing: /home/devpc/Desktop/microros_ws/install/quad_interfaces/share/ament_index/resource_index/packages/quad_interfaces
[7.227s] -- Installing: /home/devpc/Desktop/microros_ws/install/quad_interfaces/share/quad_interfaces/cmake/quad_interfaces__rosidl_generator_cExport.cmake
[7.227s] -- Installing: /home/devpc/Desktop/microros_ws/install/quad_interfaces/share/quad_interfaces/cmake/quad_interfaces__rosidl_generator_cExport-noconfig.cmake
[7.227s] -- Installing: /home/devpc/Desktop/microros_ws/install/quad_interfaces/share/quad_interfaces/cmake/quad_interfaces__rosidl_typesupport_introspection_cExport.cmake
[7.227s] -- Installing: /home/devpc/Desktop/microros_ws/install/quad_interfaces/share/quad_interfaces/cmake/quad_interfaces__rosidl_typesupport_introspection_cExport-noconfig.cmake
[7.227s] -- Installing: /home/devpc/Desktop/microros_ws/install/quad_interfaces/share/quad_interfaces/cmake/quad_interfaces__rosidl_typesupport_cExport.cmake
[7.227s] -- Installing: /home/devpc/Desktop/microros_ws/install/quad_interfaces/share/quad_interfaces/cmake/quad_interfaces__rosidl_typesupport_cExport-noconfig.cmake
[7.228s] -- Installing: /home/devpc/Desktop/microros_ws/install/quad_interfaces/share/quad_interfaces/cmake/quad_interfaces__rosidl_generator_cppExport.cmake
[7.228s] -- Installing: /home/devpc/Desktop/microros_ws/install/quad_interfaces/share/quad_interfaces/cmake/quad_interfaces__rosidl_typesupport_introspection_cppExport.cmake
[7.228s] -- Installing: /home/devpc/Desktop/microros_ws/install/quad_interfaces/share/quad_interfaces/cmake/quad_interfaces__rosidl_typesupport_introspection_cppExport-noconfig.cmake
[7.228s] -- Installing: /home/devpc/Desktop/microros_ws/install/quad_interfaces/share/quad_interfaces/cmake/quad_interfaces__rosidl_typesupport_cppExport.cmake
[7.228s] -- Installing: /home/devpc/Desktop/microros_ws/install/quad_interfaces/share/quad_interfaces/cmake/quad_interfaces__rosidl_typesupport_cppExport-noconfig.cmake
[7.228s] -- Installing: /home/devpc/Desktop/microros_ws/install/quad_interfaces/share/quad_interfaces/cmake/rosidl_cmake-extras.cmake
[7.229s] -- Installing: /home/devpc/Desktop/microros_ws/install/quad_interfaces/share/quad_interfaces/cmake/ament_cmake_export_dependencies-extras.cmake
[7.229s] -- Installing: /home/devpc/Desktop/microros_ws/install/quad_interfaces/share/quad_interfaces/cmake/ament_cmake_export_libraries-extras.cmake
[7.229s] -- Installing: /home/devpc/Desktop/microros_ws/install/quad_interfaces/share/quad_interfaces/cmake/ament_cmake_export_targets-extras.cmake
[7.229s] -- Installing: /home/devpc/Desktop/microros_ws/install/quad_interfaces/share/quad_interfaces/cmake/ament_cmake_export_include_directories-extras.cmake
[7.229s] -- Installing: /home/devpc/Desktop/microros_ws/install/quad_interfaces/share/quad_interfaces/cmake/rosidl_cmake_export_typesupport_libraries-extras.cmake
[7.229s] -- Installing: /home/devpc/Desktop/microros_ws/install/quad_interfaces/share/quad_interfaces/cmake/rosidl_cmake_export_typesupport_targets-extras.cmake
[7.229s] -- Installing: /home/devpc/Desktop/microros_ws/install/quad_interfaces/share/quad_interfaces/cmake/quad_interfacesConfig.cmake
[7.229s] -- Installing: /home/devpc/Desktop/microros_ws/install/quad_interfaces/share/quad_interfaces/cmake/quad_interfacesConfig-version.cmake
[7.230s] -- Installing: /home/devpc/Desktop/microros_ws/install/quad_interfaces/share/quad_interfaces/package.xml
[7.233s] Invoked command in '/home/devpc/Desktop/microros_ws/build/quad_interfaces' returned '0': CMAKE_PREFIX_PATH=${CMAKE_PREFIX_PATH}:/home/devpc/Desktop/microros_ws/install/sensor_msgs_py:/home/devpc/Desktop/quad_ws/install/quad:/opt/ros/foxy /usr/bin/cmake --install /home/devpc/Desktop/microros_ws/build/quad_interfaces
