[0.784s] Invoking command in '/home/devpc/Desktop/quad_ws/src/quad': PYTHONPATH=/home/devpc/Desktop/quad_ws/install/quad/lib/python3.8/site-packages:${PYTHONPATH} /usr/bin/python3 setup.py egg_info --egg-base ../../build/quad build --build-base /home/devpc/Desktop/quad_ws/build/quad/build install --prefix /home/devpc/Desktop/quad_ws/install/quad --record /home/devpc/Desktop/quad_ws/build/quad/install.log --single-version-externally-managed
[1.093s] running egg_info
[1.094s] writing ../../build/quad/quad.egg-info/PKG-INFO
[1.094s] writing dependency_links to ../../build/quad/quad.egg-info/dependency_links.txt
[1.095s] writing entry points to ../../build/quad/quad.egg-info/entry_points.txt
[1.095s] writing requirements to ../../build/quad/quad.egg-info/requires.txt
[1.095s] writing top-level names to ../../build/quad/quad.egg-info/top_level.txt
[1.143s] reading manifest file '../../build/quad/quad.egg-info/SOURCES.txt'
[1.146s] writing manifest file '../../build/quad/quad.egg-info/SOURCES.txt'
[1.146s] running build
[1.146s] running build_py
[1.147s] running install
[1.148s] running install_lib
[1.151s] running install_data
[1.153s] creating /home/devpc/Desktop/quad_ws/install/quad/lib/quad/src
[1.153s] copying quad/src/gui_param_control.py -> /home/devpc/Desktop/quad_ws/install/quad/lib/quad/src
[1.153s] copying quad/src/gym_env.py -> /home/devpc/Desktop/quad_ws/install/quad/lib/quad/src
[1.153s] copying quad/src/env_randomizer.py -> /home/devpc/Desktop/quad_ws/install/quad/lib/quad/src
[1.153s] copying quad/src/__init__.py -> /home/devpc/Desktop/quad_ws/install/quad/lib/quad/src
[1.153s] copying quad/src/model.py -> /home/devpc/Desktop/quad_ws/install/quad/lib/quad/src
[1.153s] copying quad/src/beizer_stepper.py -> /home/devpc/Desktop/quad_ws/install/quad/lib/quad/src
[1.153s] copying quad/src/env_tester.py -> /home/devpc/Desktop/quad_ws/install/quad/lib/quad/src
[1.154s] copying quad/src/kinematics.py -> /home/devpc/Desktop/quad_ws/install/quad/lib/quad/src
[1.154s] copying quad/src/heightfield.py -> /home/devpc/Desktop/quad_ws/install/quad/lib/quad/src
[1.154s] copying quad/src/motor_model.py -> /home/devpc/Desktop/quad_ws/install/quad/lib/quad/src
[1.154s] copying quad/src/bezier_gait.py -> /home/devpc/Desktop/quad_ws/install/quad/lib/quad/src
[1.154s] copying quad/src/env_randomizer_base.py -> /home/devpc/Desktop/quad_ws/install/quad/lib/quad/src
[1.154s] copying quad/src/matrix_transforms.py -> /home/devpc/Desktop/quad_ws/install/quad/lib/quad/src
[1.155s] running install_egg_info
[1.157s] removing '/home/devpc/Desktop/quad_ws/install/quad/lib/python3.8/site-packages/quad-0.0.1-py3.8.egg-info' (and everything under it)
[1.158s] Copying ../../build/quad/quad.egg-info to /home/devpc/Desktop/quad_ws/install/quad/lib/python3.8/site-packages/quad-0.0.1-py3.8.egg-info
[1.159s] running install_scripts
[1.188s] Installing motion_servos_calibration script to /home/devpc/Desktop/quad_ws/install/quad/lib/quad
[1.188s] Installing quad script to /home/devpc/Desktop/quad_ws/install/quad/lib/quad
[1.189s] writing list of installed files to '/home/devpc/Desktop/quad_ws/build/quad/install.log'
[1.219s] Invoked command in '/home/devpc/Desktop/quad_ws/src/quad' returned '0': PYTHONPATH=/home/devpc/Desktop/quad_ws/install/quad/lib/python3.8/site-packages:${PYTHONPATH} /usr/bin/python3 setup.py egg_info --egg-base ../../build/quad build --build-base /home/devpc/Desktop/quad_ws/build/quad/build install --prefix /home/devpc/Desktop/quad_ws/install/quad --record /home/devpc/Desktop/quad_ws/build/quad/install.log --single-version-externally-managed
