[0.029s] Invoking command in '/home/devpc/Desktop/microros_ws/build/actionlib_msgs': AMENT_PREFIX_PATH=/home/devpc/Desktop/microros_ws/install/std_msgs:/home/devpc/Desktop/microros_ws/install/builtin_interfaces:${AMENT_PREFIX_PATH} CMAKE_PREFIX_PATH=/home/devpc/Desktop/microros_ws/install/std_msgs:/home/devpc/Desktop/microros_ws/install/builtin_interfaces:/home/devpc/Desktop/microros_ws/install/rosidl_typesupport_microxrcedds_cpp:/home/devpc/Desktop/microros_ws/install/rosidl_typesupport_microxrcedds_c:/home/devpc/Desktop/microros_ws/install/microcdr:/home/devpc/Desktop/microros_ws/install/micro_ros_agent:/home/devpc/Desktop/microros_ws/install/microxrcedds_agent:/home/devpc/Desktop/microros_ws/install/micro_ros_setup:/home/devpc/Desktop/microros_ws/install/micro_ros_msgs:/home/devpc/Desktop/quad_ws/install/quad_interfaces:/home/devpc/Desktop/quad_ws/install/quad:/opt/ros/foxy LD_LIBRARY_PATH=/home/devpc/Desktop/microros_ws/install/std_msgs/lib:/home/devpc/Desktop/microros_ws/install/builtin_interfaces/lib:${LD_LIBRARY_PATH} PYTHONPATH=/home/devpc/Desktop/microros_ws/install/std_msgs/lib/python3.8/site-packages:/home/devpc/Desktop/microros_ws/install/builtin_interfaces/lib/python3.8/site-packages:${PYTHONPATH} /usr/bin/cmake /home/devpc/Desktop/microros_ws/src/ros2/common_interfaces/actionlib_msgs -DCMAKE_INSTALL_PREFIX=/home/devpc/Desktop/microros_ws/install/actionlib_msgs
[0.090s] -- The C compiler identification is GNU 9.3.0
[0.151s] -- The CXX compiler identification is GNU 9.3.0
[0.158s] -- Check for working C compiler: /usr/bin/cc
[0.239s] -- Check for working C compiler: /usr/bin/cc -- works
[0.240s] -- Detecting C compiler ABI info
[0.318s] -- Detecting C compiler ABI info - done
[0.331s] -- Detecting C compile features
[0.331s] -- Detecting C compile features - done
[0.334s] -- Check for working CXX compiler: /usr/bin/c++
[0.423s] -- Check for working CXX compiler: /usr/bin/c++ -- works
[0.425s] -- Detecting CXX compiler ABI info
[0.509s] -- Detecting CXX compiler ABI info - done
[0.522s] -- Detecting CXX compile features
[0.523s] -- Detecting CXX compile features - done
[0.527s] -- Found ament_cmake: 0.9.8 (/opt/ros/foxy/share/ament_cmake/cmake)
[0.554s] -- Found PythonInterp: /usr/bin/python3 (found suitable version "3.8.10", minimum required is "3") 
[0.554s] -- Using PYTHON_EXECUTABLE: /usr/bin/python3
[0.867s] -- Found builtin_interfaces: 1.0.0 (/home/devpc/Desktop/microros_ws/install/builtin_interfaces/share/builtin_interfaces/cmake)
[0.904s] -- Using all available rosidl_typesupport_c: rosidl_typesupport_microxrcedds_c;rosidl_typesupport_fastrtps_c;rosidl_typesupport_introspection_c
[0.917s] -- Found rosidl_adapter: 1.2.1 (/opt/ros/foxy/share/rosidl_adapter/cmake)
[1.036s] -- Found OpenSSL: /usr/lib/x86_64-linux-gnu/libcrypto.so (found version "1.1.1f")  
[1.063s] -- Found FastRTPS: /opt/ros/foxy/include  
[1.171s] -- Using all available rosidl_typesupport_cpp: rosidl_typesupport_microxrcedds_cpp;rosidl_typesupport_fastrtps_cpp;rosidl_typesupport_introspection_cpp
[1.236s] -- Found rosidl_default_generators: 1.0.1 (/opt/ros/foxy/share/rosidl_default_generators/cmake)
[1.258s] -- Found std_msgs: 2.0.4 (/home/devpc/Desktop/microros_ws/install/std_msgs/share/std_msgs/cmake)
[1.324s] -- Found PythonInterp: /usr/bin/python3 (found version "3.8.10") 
[1.653s] -- Found ament_cmake_cppcheck: 0.9.6 (/opt/ros/foxy/share/ament_cmake_cppcheck/cmake)
[1.658s] -- Found ament_cmake_cpplint: 0.9.6 (/opt/ros/foxy/share/ament_cmake_cpplint/cmake)
[1.663s] -- Found ament_cmake_uncrustify: 0.9.6 (/opt/ros/foxy/share/ament_cmake_uncrustify/cmake)
[1.667s] -- Found ament_cmake_ros: 0.9.2 (/opt/ros/foxy/share/ament_cmake_ros/cmake)
[2.103s] -- Using all available rosidl_typesupport_c: rosidl_typesupport_microxrcedds_c;rosidl_typesupport_fastrtps_c;rosidl_typesupport_introspection_c
[2.296s] -- Using all available rosidl_typesupport_cpp: rosidl_typesupport_microxrcedds_cpp;rosidl_typesupport_fastrtps_cpp;rosidl_typesupport_introspection_cpp
[2.340s] -- Found PythonInterp: /usr/bin/python3 (found suitable version "3.8.10", minimum required is "3.5") 
[2.343s] -- Found python_cmake_module: 0.8.1 (/opt/ros/foxy/share/python_cmake_module/cmake)
[2.385s] -- Found PythonLibs: /usr/lib/x86_64-linux-gnu/libpython3.8.so (found suitable version "3.8.10", minimum required is "3.5") 
[2.385s] -- Using PYTHON_EXECUTABLE: /usr/bin/python3
[2.386s] -- Using PYTHON_INCLUDE_DIRS: /usr/include/python3.8
[2.386s] -- Using PYTHON_LIBRARIES: /usr/lib/x86_64-linux-gnu/libpython3.8.so
[2.420s] -- Found PythonExtra: .so  
[2.565s] -- Found ament_cmake_flake8: 0.9.6 (/opt/ros/foxy/share/ament_cmake_flake8/cmake)
[2.570s] -- Found ament_cmake_pep257: 0.9.6 (/opt/ros/foxy/share/ament_cmake_pep257/cmake)
[2.589s] -- Configuring done
[2.706s] -- Generating done
[2.711s] -- Build files have been written to: /home/devpc/Desktop/microros_ws/build/actionlib_msgs
[2.730s] Invoked command in '/home/devpc/Desktop/microros_ws/build/actionlib_msgs' returned '0': AMENT_PREFIX_PATH=/home/devpc/Desktop/microros_ws/install/std_msgs:/home/devpc/Desktop/microros_ws/install/builtin_interfaces:${AMENT_PREFIX_PATH} CMAKE_PREFIX_PATH=/home/devpc/Desktop/microros_ws/install/std_msgs:/home/devpc/Desktop/microros_ws/install/builtin_interfaces:/home/devpc/Desktop/microros_ws/install/rosidl_typesupport_microxrcedds_cpp:/home/devpc/Desktop/microros_ws/install/rosidl_typesupport_microxrcedds_c:/home/devpc/Desktop/microros_ws/install/microcdr:/home/devpc/Desktop/microros_ws/install/micro_ros_agent:/home/devpc/Desktop/microros_ws/install/microxrcedds_agent:/home/devpc/Desktop/microros_ws/install/micro_ros_setup:/home/devpc/Desktop/microros_ws/install/micro_ros_msgs:/home/devpc/Desktop/quad_ws/install/quad_interfaces:/home/devpc/Desktop/quad_ws/install/quad:/opt/ros/foxy LD_LIBRARY_PATH=/home/devpc/Desktop/microros_ws/install/std_msgs/lib:/home/devpc/Desktop/microros_ws/install/builtin_interfaces/lib:${LD_LIBRARY_PATH} PYTHONPATH=/home/devpc/Desktop/microros_ws/install/std_msgs/lib/python3.8/site-packages:/home/devpc/Desktop/microros_ws/install/builtin_interfaces/lib/python3.8/site-packages:${PYTHONPATH} /usr/bin/cmake /home/devpc/Desktop/microros_ws/src/ros2/common_interfaces/actionlib_msgs -DCMAKE_INSTALL_PREFIX=/home/devpc/Desktop/microros_ws/install/actionlib_msgs
[2.731s] Invoking command in '/home/devpc/Desktop/microros_ws/build/actionlib_msgs': AMENT_PREFIX_PATH=/home/devpc/Desktop/microros_ws/install/std_msgs:/home/devpc/Desktop/microros_ws/install/builtin_interfaces:${AMENT_PREFIX_PATH} CMAKE_PREFIX_PATH=/home/devpc/Desktop/microros_ws/install/std_msgs:/home/devpc/Desktop/microros_ws/install/builtin_interfaces:/home/devpc/Desktop/microros_ws/install/rosidl_typesupport_microxrcedds_cpp:/home/devpc/Desktop/microros_ws/install/rosidl_typesupport_microxrcedds_c:/home/devpc/Desktop/microros_ws/install/microcdr:/home/devpc/Desktop/microros_ws/install/micro_ros_agent:/home/devpc/Desktop/microros_ws/install/microxrcedds_agent:/home/devpc/Desktop/microros_ws/install/micro_ros_setup:/home/devpc/Desktop/microros_ws/install/micro_ros_msgs:/home/devpc/Desktop/quad_ws/install/quad_interfaces:/home/devpc/Desktop/quad_ws/install/quad:/opt/ros/foxy LD_LIBRARY_PATH=/home/devpc/Desktop/microros_ws/install/std_msgs/lib:/home/devpc/Desktop/microros_ws/install/builtin_interfaces/lib:${LD_LIBRARY_PATH} PYTHONPATH=/home/devpc/Desktop/microros_ws/install/std_msgs/lib/python3.8/site-packages:/home/devpc/Desktop/microros_ws/install/builtin_interfaces/lib/python3.8/site-packages:${PYTHONPATH} /usr/bin/cmake --build /home/devpc/Desktop/microros_ws/build/actionlib_msgs -- -j8 -l8
[2.907s] [35m[1mScanning dependencies of target actionlib_msgs__cpp[0m
[2.942s] [  1%] [34m[1mGenerating C code for ROS interfaces[0m
[2.953s] [  3%] [34m[1mGenerating C++ code for ROS interfaces[0m
[3.982s] [  3%] Built target actionlib_msgs__cpp
[4.064s] [  5%] [34m[1mGenerating C++ introspection for ROS interfaces[0m
[4.110s] [  6%] [34m[1mGenerating C++ type support dispatch for ROS interfaces[0m
[4.321s] [35m[1mScanning dependencies of target actionlib_msgs__rosidl_generator_c[0m
[4.388s] [  8%] [32mBuilding C object CMakeFiles/actionlib_msgs__rosidl_generator_c.dir/rosidl_generator_c/actionlib_msgs/msg/detail/goal_status__functions.c.o[0m
[4.397s] [ 10%] [32mBuilding C object CMakeFiles/actionlib_msgs__rosidl_generator_c.dir/rosidl_generator_c/actionlib_msgs/msg/detail/goal_id__functions.c.o[0m
[4.410s] [ 11%] [32mBuilding C object CMakeFiles/actionlib_msgs__rosidl_generator_c.dir/rosidl_generator_c/actionlib_msgs/msg/detail/goal_status_array__functions.c.o[0m
[4.653s] [ 13%] [32m[1mLinking C shared library libactionlib_msgs__rosidl_generator_c.so[0m
[4.821s] [ 13%] Built target actionlib_msgs__rosidl_generator_c
[4.876s] [ 15%] [34m[1mGenerating C++ type support for eProsima Micro XRCE-DDS[0m
[5.419s] [35m[1mScanning dependencies of target actionlib_msgs__rosidl_typesupport_cpp[0m
[5.444s] [ 16%] [32mBuilding CXX object CMakeFiles/actionlib_msgs__rosidl_typesupport_cpp.dir/rosidl_typesupport_cpp/actionlib_msgs/msg/goal_id__type_support.cpp.o[0m
[5.641s] [35m[1mScanning dependencies of target actionlib_msgs__rosidl_typesupport_introspection_cpp[0m
[5.641s] [ 18%] [32mBuilding CXX object CMakeFiles/actionlib_msgs__rosidl_typesupport_cpp.dir/rosidl_typesupport_cpp/actionlib_msgs/msg/goal_status__type_support.cpp.o[0m
[5.721s] [ 20%] [32mBuilding CXX object CMakeFiles/actionlib_msgs__rosidl_typesupport_introspection_cpp.dir/rosidl_typesupport_introspection_cpp/actionlib_msgs/msg/detail/goal_id__type_support.cpp.o[0m
[6.461s] [35m[1mScanning dependencies of target actionlib_msgs__rosidl_typesupport_microxrcedds_cpp[0m
[6.496s] [ 22%] [32mBuilding CXX object CMakeFiles/actionlib_msgs__rosidl_typesupport_microxrcedds_cpp.dir/rosidl_typesupport_microxrcedds_cpp/actionlib_msgs/msg/detail/microxrcedds/goal_id__type_support_cpp.cpp.o[0m
[6.761s] [ 23%] [32mBuilding CXX object CMakeFiles/actionlib_msgs__rosidl_typesupport_introspection_cpp.dir/rosidl_typesupport_introspection_cpp/actionlib_msgs/msg/detail/goal_status__type_support.cpp.o[0m
[7.270s] [ 25%] [32mBuilding CXX object CMakeFiles/actionlib_msgs__rosidl_typesupport_cpp.dir/rosidl_typesupport_cpp/actionlib_msgs/msg/goal_status_array__type_support.cpp.o[0m
[7.461s] [ 27%] [32mBuilding CXX object CMakeFiles/actionlib_msgs__rosidl_typesupport_microxrcedds_cpp.dir/rosidl_typesupport_microxrcedds_cpp/actionlib_msgs/msg/detail/microxrcedds/goal_status__type_support_cpp.cpp.o[0m
[7.799s] [ 28%] [32mBuilding CXX object CMakeFiles/actionlib_msgs__rosidl_typesupport_introspection_cpp.dir/rosidl_typesupport_introspection_cpp/actionlib_msgs/msg/detail/goal_status_array__type_support.cpp.o[0m
[8.040s] [ 30%] [32m[1mLinking CXX shared library libactionlib_msgs__rosidl_typesupport_cpp.so[0m
[8.239s] [ 30%] Built target actionlib_msgs__rosidl_typesupport_cpp
[8.405s] [ 32%] [32mBuilding CXX object CMakeFiles/actionlib_msgs__rosidl_typesupport_microxrcedds_cpp.dir/rosidl_typesupport_microxrcedds_cpp/actionlib_msgs/msg/detail/microxrcedds/goal_status_array__type_support_cpp.cpp.o[0m
[8.884s] [ 33%] [32m[1mLinking CXX shared library libactionlib_msgs__rosidl_typesupport_introspection_cpp.so[0m
[9.093s] [ 33%] Built target actionlib_msgs__rosidl_typesupport_introspection_cpp
[9.344s] [ 35%] [32m[1mLinking CXX shared library libactionlib_msgs__rosidl_typesupport_microxrcedds_cpp.so[0m
[9.526s] [ 35%] Built target actionlib_msgs__rosidl_typesupport_microxrcedds_cpp
[9.566s] [ 37%] [34m[1mGenerating C introspection for ROS interfaces[0m
[10.440s] [35m[1mScanning dependencies of target actionlib_msgs__rosidl_typesupport_introspection_c[0m
[10.463s] [ 38%] [32mBuilding C object CMakeFiles/actionlib_msgs__rosidl_typesupport_introspection_c.dir/rosidl_typesupport_introspection_c/actionlib_msgs/msg/detail/goal_id__type_support.c.o[0m
[10.520s] [ 40%] [32mBuilding C object CMakeFiles/actionlib_msgs__rosidl_typesupport_introspection_c.dir/rosidl_typesupport_introspection_c/actionlib_msgs/msg/detail/goal_status_array__type_support.c.o[0m
[10.573s] [ 42%] [32mBuilding C object CMakeFiles/actionlib_msgs__rosidl_typesupport_introspection_c.dir/rosidl_typesupport_introspection_c/actionlib_msgs/msg/detail/goal_status__type_support.c.o[0m
[10.624s] [ 44%] [32m[1mLinking C shared library libactionlib_msgs__rosidl_typesupport_introspection_c.so[0m
[10.668s] [ 44%] Built target actionlib_msgs__rosidl_typesupport_introspection_c
[10.682s] [ 45%] [34m[1mGenerating C type support for eProsima Micro XRCE-DDS[0m
[11.320s] [35m[1mScanning dependencies of target actionlib_msgs__rosidl_typesupport_microxrcedds_c[0m
[11.337s] [ 47%] [32mBuilding C object CMakeFiles/actionlib_msgs__rosidl_typesupport_microxrcedds_c.dir/rosidl_typesupport_microxrcedds_c/actionlib_msgs/msg/detail/microxrcedds/goal_id__type_support_c.c.o[0m
[11.381s] [ 49%] [32mBuilding C object CMakeFiles/actionlib_msgs__rosidl_typesupport_microxrcedds_c.dir/rosidl_typesupport_microxrcedds_c/actionlib_msgs/msg/detail/microxrcedds/goal_status_array__type_support_c.c.o[0m
[11.430s] [ 50%] [32mBuilding C object CMakeFiles/actionlib_msgs__rosidl_typesupport_microxrcedds_c.dir/rosidl_typesupport_microxrcedds_c/actionlib_msgs/msg/detail/microxrcedds/goal_status__type_support_c.c.o[0m
[11.488s] [ 52%] [32m[1mLinking C shared library libactionlib_msgs__rosidl_typesupport_microxrcedds_c.so[0m
[11.546s] [ 52%] Built target actionlib_msgs__rosidl_typesupport_microxrcedds_c
[11.560s] [ 54%] [34m[1mGenerating C type support dispatch for ROS interfaces[0m
[11.997s] [35m[1mScanning dependencies of target actionlib_msgs__rosidl_typesupport_c[0m
[12.012s] [ 55%] [32mBuilding CXX object CMakeFiles/actionlib_msgs__rosidl_typesupport_c.dir/rosidl_typesupport_c/actionlib_msgs/msg/goal_id__type_support.cpp.o[0m
[12.042s] [ 57%] [32mBuilding CXX object CMakeFiles/actionlib_msgs__rosidl_typesupport_c.dir/rosidl_typesupport_c/actionlib_msgs/msg/goal_status_array__type_support.cpp.o[0m
[12.072s] [ 59%] [32mBuilding CXX object CMakeFiles/actionlib_msgs__rosidl_typesupport_c.dir/rosidl_typesupport_c/actionlib_msgs/msg/goal_status__type_support.cpp.o[0m
[12.107s] [ 61%] [32m[1mLinking CXX shared library libactionlib_msgs__rosidl_typesupport_c.so[0m
[12.156s] [ 61%] Built target actionlib_msgs__rosidl_typesupport_c
[12.168s] [ 62%] [34m[1mGenerating C++ type support for eProsima Fast-RTPS[0m
[12.665s] [35m[1mScanning dependencies of target actionlib_msgs__rosidl_typesupport_fastrtps_cpp[0m
[12.686s] [ 64%] [32mBuilding CXX object CMakeFiles/actionlib_msgs__rosidl_typesupport_fastrtps_cpp.dir/rosidl_typesupport_fastrtps_cpp/actionlib_msgs/msg/detail/dds_fastrtps/goal_id__type_support.cpp.o[0m
[13.285s] [ 66%] [32mBuilding CXX object CMakeFiles/actionlib_msgs__rosidl_typesupport_fastrtps_cpp.dir/rosidl_typesupport_fastrtps_cpp/actionlib_msgs/msg/detail/dds_fastrtps/goal_status_array__type_support.cpp.o[0m
[14.014s] [ 67%] [32mBuilding CXX object CMakeFiles/actionlib_msgs__rosidl_typesupport_fastrtps_cpp.dir/rosidl_typesupport_fastrtps_cpp/actionlib_msgs/msg/detail/dds_fastrtps/goal_status__type_support.cpp.o[0m
[14.747s] [ 69%] [32m[1mLinking CXX shared library libactionlib_msgs__rosidl_typesupport_fastrtps_cpp.so[0m
[14.884s] [ 69%] Built target actionlib_msgs__rosidl_typesupport_fastrtps_cpp
[14.900s] [ 71%] [34m[1mGenerating C type support for eProsima Fast-RTPS[0m
[15.558s] [35m[1mScanning dependencies of target actionlib_msgs__rosidl_typesupport_fastrtps_c[0m
[15.586s] [ 72%] [32mBuilding CXX object CMakeFiles/actionlib_msgs__rosidl_typesupport_fastrtps_c.dir/rosidl_typesupport_fastrtps_c/actionlib_msgs/msg/detail/goal_id__type_support_c.cpp.o[0m
[16.220s] [ 74%] [32mBuilding CXX object CMakeFiles/actionlib_msgs__rosidl_typesupport_fastrtps_c.dir/rosidl_typesupport_fastrtps_c/actionlib_msgs/msg/detail/goal_status_array__type_support_c.cpp.o[0m
[16.820s] [ 76%] [32mBuilding CXX object CMakeFiles/actionlib_msgs__rosidl_typesupport_fastrtps_c.dir/rosidl_typesupport_fastrtps_c/actionlib_msgs/msg/detail/goal_status__type_support_c.cpp.o[0m
[17.458s] [ 77%] [32m[1mLinking CXX shared library libactionlib_msgs__rosidl_typesupport_fastrtps_c.so[0m
[17.592s] [ 77%] Built target actionlib_msgs__rosidl_typesupport_fastrtps_c
[17.607s] [35m[1mScanning dependencies of target actionlib_msgs[0m
[17.622s] [ 77%] Built target actionlib_msgs
[17.637s] [35m[1mScanning dependencies of target actionlib_msgs__py[0m
[17.655s] [ 79%] [34m[1mGenerating Python code for ROS interfaces[0m
[19.012s] [ 79%] Built target actionlib_msgs__py
[19.026s] [35m[1mScanning dependencies of target actionlib_msgs__python[0m
[19.053s] [ 81%] [32mBuilding C object CMakeFiles/actionlib_msgs__python.dir/rosidl_generator_py/actionlib_msgs/msg/_goal_id_s.c.o[0m
[19.151s] [ 83%] [32mBuilding C object CMakeFiles/actionlib_msgs__python.dir/rosidl_generator_py/actionlib_msgs/msg/_goal_status_array_s.c.o[0m
[19.326s] [ 84%] [32mBuilding C object CMakeFiles/actionlib_msgs__python.dir/rosidl_generator_py/actionlib_msgs/msg/_goal_status_s.c.o[0m
[19.491s] [ 86%] [32m[1mLinking C shared library rosidl_generator_py/actionlib_msgs/libactionlib_msgs__python.so[0m
[19.554s] [ 86%] Built target actionlib_msgs__python
[19.570s] [35m[1mScanning dependencies of target actionlib_msgs__rosidl_typesupport_fastrtps_c__pyext[0m
[19.605s] [ 88%] [32mBuilding C object CMakeFiles/actionlib_msgs__rosidl_typesupport_fastrtps_c__pyext.dir/rosidl_generator_py/actionlib_msgs/_actionlib_msgs_s.ep.rosidl_typesupport_fastrtps_c.c.o[0m
[19.745s] [ 89%] [32m[1mLinking CXX shared library rosidl_generator_py/actionlib_msgs/actionlib_msgs_s__rosidl_typesupport_fastrtps_c.cpython-38-x86_64-linux-gnu.so[0m
[19.840s] [ 89%] Built target actionlib_msgs__rosidl_typesupport_fastrtps_c__pyext
[19.857s] [35m[1mScanning dependencies of target actionlib_msgs__rosidl_typesupport_c__pyext[0m
[19.885s] [ 91%] [32mBuilding C object CMakeFiles/actionlib_msgs__rosidl_typesupport_c__pyext.dir/rosidl_generator_py/actionlib_msgs/_actionlib_msgs_s.ep.rosidl_typesupport_c.c.o[0m
[20.033s] [ 93%] [32m[1mLinking C shared library rosidl_generator_py/actionlib_msgs/actionlib_msgs_s__rosidl_typesupport_c.cpython-38-x86_64-linux-gnu.so[0m
[20.095s] [ 93%] Built target actionlib_msgs__rosidl_typesupport_c__pyext
[20.113s] [35m[1mScanning dependencies of target actionlib_msgs__rosidl_typesupport_introspection_c__pyext[0m
[20.144s] [ 94%] [32mBuilding C object CMakeFiles/actionlib_msgs__rosidl_typesupport_introspection_c__pyext.dir/rosidl_generator_py/actionlib_msgs/_actionlib_msgs_s.ep.rosidl_typesupport_introspection_c.c.o[0m
[20.261s] [ 96%] [32m[1mLinking C shared library rosidl_generator_py/actionlib_msgs/actionlib_msgs_s__rosidl_typesupport_introspection_c.cpython-38-x86_64-linux-gnu.so[0m
[20.301s] [ 96%] Built target actionlib_msgs__rosidl_typesupport_introspection_c__pyext
[20.312s] [35m[1mScanning dependencies of target actionlib_msgs__rosidl_typesupport_microxrcedds_c__pyext[0m
[20.332s] [ 98%] [32mBuilding C object CMakeFiles/actionlib_msgs__rosidl_typesupport_microxrcedds_c__pyext.dir/rosidl_generator_py/actionlib_msgs/_actionlib_msgs_s.ep.rosidl_typesupport_microxrcedds_c.c.o[0m
[20.425s] [100%] [32m[1mLinking C shared library rosidl_generator_py/actionlib_msgs/actionlib_msgs_s__rosidl_typesupport_microxrcedds_c.cpython-38-x86_64-linux-gnu.so[0m
[20.468s] [100%] Built target actionlib_msgs__rosidl_typesupport_microxrcedds_c__pyext
[20.483s] Invoked command in '/home/devpc/Desktop/microros_ws/build/actionlib_msgs' returned '0': AMENT_PREFIX_PATH=/home/devpc/Desktop/microros_ws/install/std_msgs:/home/devpc/Desktop/microros_ws/install/builtin_interfaces:${AMENT_PREFIX_PATH} CMAKE_PREFIX_PATH=/home/devpc/Desktop/microros_ws/install/std_msgs:/home/devpc/Desktop/microros_ws/install/builtin_interfaces:/home/devpc/Desktop/microros_ws/install/rosidl_typesupport_microxrcedds_cpp:/home/devpc/Desktop/microros_ws/install/rosidl_typesupport_microxrcedds_c:/home/devpc/Desktop/microros_ws/install/microcdr:/home/devpc/Desktop/microros_ws/install/micro_ros_agent:/home/devpc/Desktop/microros_ws/install/microxrcedds_agent:/home/devpc/Desktop/microros_ws/install/micro_ros_setup:/home/devpc/Desktop/microros_ws/install/micro_ros_msgs:/home/devpc/Desktop/quad_ws/install/quad_interfaces:/home/devpc/Desktop/quad_ws/install/quad:/opt/ros/foxy LD_LIBRARY_PATH=/home/devpc/Desktop/microros_ws/install/std_msgs/lib:/home/devpc/Desktop/microros_ws/install/builtin_interfaces/lib:${LD_LIBRARY_PATH} PYTHONPATH=/home/devpc/Desktop/microros_ws/install/std_msgs/lib/python3.8/site-packages:/home/devpc/Desktop/microros_ws/install/builtin_interfaces/lib/python3.8/site-packages:${PYTHONPATH} /usr/bin/cmake --build /home/devpc/Desktop/microros_ws/build/actionlib_msgs -- -j8 -l8
[20.585s] Invoking command in '/home/devpc/Desktop/microros_ws/build/actionlib_msgs': AMENT_PREFIX_PATH=/home/devpc/Desktop/microros_ws/install/std_msgs:/home/devpc/Desktop/microros_ws/install/builtin_interfaces:${AMENT_PREFIX_PATH} CMAKE_PREFIX_PATH=/home/devpc/Desktop/microros_ws/install/std_msgs:/home/devpc/Desktop/microros_ws/install/builtin_interfaces:/home/devpc/Desktop/microros_ws/install/rosidl_typesupport_microxrcedds_cpp:/home/devpc/Desktop/microros_ws/install/rosidl_typesupport_microxrcedds_c:/home/devpc/Desktop/microros_ws/install/microcdr:/home/devpc/Desktop/microros_ws/install/micro_ros_agent:/home/devpc/Desktop/microros_ws/install/microxrcedds_agent:/home/devpc/Desktop/microros_ws/install/micro_ros_setup:/home/devpc/Desktop/microros_ws/install/micro_ros_msgs:/home/devpc/Desktop/quad_ws/install/quad_interfaces:/home/devpc/Desktop/quad_ws/install/quad:/opt/ros/foxy LD_LIBRARY_PATH=/home/devpc/Desktop/microros_ws/install/std_msgs/lib:/home/devpc/Desktop/microros_ws/install/builtin_interfaces/lib:${LD_LIBRARY_PATH} PYTHONPATH=/home/devpc/Desktop/microros_ws/install/std_msgs/lib/python3.8/site-packages:/home/devpc/Desktop/microros_ws/install/builtin_interfaces/lib/python3.8/site-packages:${PYTHONPATH} /usr/bin/cmake --install /home/devpc/Desktop/microros_ws/build/actionlib_msgs
[20.595s] -- Install configuration: ""
[20.596s] -- Installing: /home/devpc/Desktop/microros_ws/install/actionlib_msgs/share/ament_index/resource_index/rosidl_interfaces/actionlib_msgs
[20.596s] -- Installing: /home/devpc/Desktop/microros_ws/install/actionlib_msgs/include/actionlib_msgs
[20.597s] -- Installing: /home/devpc/Desktop/microros_ws/install/actionlib_msgs/include/actionlib_msgs/msg
[20.597s] -- Installing: /home/devpc/Desktop/microros_ws/install/actionlib_msgs/include/actionlib_msgs/msg/detail
[20.597s] -- Installing: /home/devpc/Desktop/microros_ws/install/actionlib_msgs/include/actionlib_msgs/msg/detail/goal_status__functions.h
[20.597s] -- Installing: /home/devpc/Desktop/microros_ws/install/actionlib_msgs/include/actionlib_msgs/msg/detail/goal_status_array__type_support.h
[20.597s] -- Installing: /home/devpc/Desktop/microros_ws/install/actionlib_msgs/include/actionlib_msgs/msg/detail/goal_status_array__struct.h
[20.597s] -- Installing: /home/devpc/Desktop/microros_ws/install/actionlib_msgs/include/actionlib_msgs/msg/detail/goal_id__functions.c
[20.598s] -- Installing: /home/devpc/Desktop/microros_ws/install/actionlib_msgs/include/actionlib_msgs/msg/detail/goal_status__type_support.h
[20.598s] -- Installing: /home/devpc/Desktop/microros_ws/install/actionlib_msgs/include/actionlib_msgs/msg/detail/goal_status_array__functions.c
[20.598s] -- Installing: /home/devpc/Desktop/microros_ws/install/actionlib_msgs/include/actionlib_msgs/msg/detail/goal_id__type_support.h
[20.598s] -- Installing: /home/devpc/Desktop/microros_ws/install/actionlib_msgs/include/actionlib_msgs/msg/detail/goal_status__functions.c
[20.598s] -- Installing: /home/devpc/Desktop/microros_ws/install/actionlib_msgs/include/actionlib_msgs/msg/detail/goal_status__struct.h
[20.598s] -- Installing: /home/devpc/Desktop/microros_ws/install/actionlib_msgs/include/actionlib_msgs/msg/detail/goal_status_array__functions.h
[20.599s] -- Installing: /home/devpc/Desktop/microros_ws/install/actionlib_msgs/include/actionlib_msgs/msg/detail/goal_id__functions.h
[20.599s] -- Installing: /home/devpc/Desktop/microros_ws/install/actionlib_msgs/include/actionlib_msgs/msg/detail/goal_id__struct.h
[20.599s] -- Installing: /home/devpc/Desktop/microros_ws/install/actionlib_msgs/include/actionlib_msgs/msg/goal_status.h
[20.599s] -- Installing: /home/devpc/Desktop/microros_ws/install/actionlib_msgs/include/actionlib_msgs/msg/goal_id.h
[20.599s] -- Installing: /home/devpc/Desktop/microros_ws/install/actionlib_msgs/include/actionlib_msgs/msg/goal_status_array.h
[20.599s] -- Installing: /home/devpc/Desktop/microros_ws/install/actionlib_msgs/include/actionlib_msgs/msg/rosidl_generator_c__visibility_control.h
[20.600s] -- Installing: /home/devpc/Desktop/microros_ws/install/actionlib_msgs/share/actionlib_msgs/environment/library_path.sh
[20.600s] -- Installing: /home/devpc/Desktop/microros_ws/install/actionlib_msgs/share/actionlib_msgs/environment/library_path.dsv
[20.600s] -- Installing: /home/devpc/Desktop/microros_ws/install/actionlib_msgs/lib/libactionlib_msgs__rosidl_generator_c.so
[20.600s] -- Set runtime path of "/home/devpc/Desktop/microros_ws/install/actionlib_msgs/lib/libactionlib_msgs__rosidl_generator_c.so" to ""
[20.600s] -- Up-to-date: /home/devpc/Desktop/microros_ws/install/actionlib_msgs/include/actionlib_msgs
[20.600s] -- Up-to-date: /home/devpc/Desktop/microros_ws/install/actionlib_msgs/include/actionlib_msgs/msg
[20.600s] -- Up-to-date: /home/devpc/Desktop/microros_ws/install/actionlib_msgs/include/actionlib_msgs/msg/detail
[20.601s] -- Installing: /home/devpc/Desktop/microros_ws/install/actionlib_msgs/include/actionlib_msgs/msg/detail/goal_status_array__rosidl_typesupport_microxrcedds_c.h
[20.601s] -- Installing: /home/devpc/Desktop/microros_ws/install/actionlib_msgs/include/actionlib_msgs/msg/detail/goal_status__rosidl_typesupport_microxrcedds_c.h
[20.601s] -- Installing: /home/devpc/Desktop/microros_ws/install/actionlib_msgs/include/actionlib_msgs/msg/detail/goal_id__rosidl_typesupport_microxrcedds_c.h
[20.601s] -- Installing: /home/devpc/Desktop/microros_ws/install/actionlib_msgs/include/actionlib_msgs/msg/detail/microxrcedds
[20.601s] -- Installing: /home/devpc/Desktop/microros_ws/install/actionlib_msgs/include/actionlib_msgs/msg/rosidl_typesupport_microxrcedds_c__visibility_control.h
[20.601s] -- Installing: /home/devpc/Desktop/microros_ws/install/actionlib_msgs/lib/libactionlib_msgs__rosidl_typesupport_microxrcedds_c.so
[20.602s] -- Set runtime path of "/home/devpc/Desktop/microros_ws/install/actionlib_msgs/lib/libactionlib_msgs__rosidl_typesupport_microxrcedds_c.so" to ""
[20.602s] -- Up-to-date: /home/devpc/Desktop/microros_ws/install/actionlib_msgs/include/actionlib_msgs
[20.602s] -- Up-to-date: /home/devpc/Desktop/microros_ws/install/actionlib_msgs/include/actionlib_msgs/msg
[20.602s] -- Up-to-date: /home/devpc/Desktop/microros_ws/install/actionlib_msgs/include/actionlib_msgs/msg/detail
[20.602s] -- Installing: /home/devpc/Desktop/microros_ws/install/actionlib_msgs/include/actionlib_msgs/msg/detail/goal_status_array__rosidl_typesupport_fastrtps_c.h
[20.602s] -- Installing: /home/devpc/Desktop/microros_ws/install/actionlib_msgs/include/actionlib_msgs/msg/detail/goal_status__rosidl_typesupport_fastrtps_c.h
[20.602s] -- Installing: /home/devpc/Desktop/microros_ws/install/actionlib_msgs/include/actionlib_msgs/msg/detail/goal_id__rosidl_typesupport_fastrtps_c.h
[20.603s] -- Installing: /home/devpc/Desktop/microros_ws/install/actionlib_msgs/include/actionlib_msgs/msg/rosidl_typesupport_fastrtps_c__visibility_control.h
[20.603s] -- Installing: /home/devpc/Desktop/microros_ws/install/actionlib_msgs/lib/libactionlib_msgs__rosidl_typesupport_fastrtps_c.so
[20.603s] -- Set runtime path of "/home/devpc/Desktop/microros_ws/install/actionlib_msgs/lib/libactionlib_msgs__rosidl_typesupport_fastrtps_c.so" to ""
[20.603s] -- Up-to-date: /home/devpc/Desktop/microros_ws/install/actionlib_msgs/include/actionlib_msgs
[20.603s] -- Up-to-date: /home/devpc/Desktop/microros_ws/install/actionlib_msgs/include/actionlib_msgs/msg
[20.603s] -- Up-to-date: /home/devpc/Desktop/microros_ws/install/actionlib_msgs/include/actionlib_msgs/msg/detail
[20.604s] -- Installing: /home/devpc/Desktop/microros_ws/install/actionlib_msgs/include/actionlib_msgs/msg/detail/goal_status__rosidl_typesupport_fastrtps_cpp.hpp
[20.604s] -- Installing: /home/devpc/Desktop/microros_ws/install/actionlib_msgs/include/actionlib_msgs/msg/detail/goal_id__rosidl_typesupport_fastrtps_cpp.hpp
[20.604s] -- Installing: /home/devpc/Desktop/microros_ws/install/actionlib_msgs/include/actionlib_msgs/msg/detail/goal_status_array__rosidl_typesupport_fastrtps_cpp.hpp
[20.604s] -- Installing: /home/devpc/Desktop/microros_ws/install/actionlib_msgs/include/actionlib_msgs/msg/detail/dds_fastrtps
[20.604s] -- Installing: /home/devpc/Desktop/microros_ws/install/actionlib_msgs/include/actionlib_msgs/msg/rosidl_typesupport_fastrtps_cpp__visibility_control.h
[20.605s] -- Installing: /home/devpc/Desktop/microros_ws/install/actionlib_msgs/lib/libactionlib_msgs__rosidl_typesupport_fastrtps_cpp.so
[20.605s] -- Set runtime path of "/home/devpc/Desktop/microros_ws/install/actionlib_msgs/lib/libactionlib_msgs__rosidl_typesupport_fastrtps_cpp.so" to ""
[20.605s] -- Up-to-date: /home/devpc/Desktop/microros_ws/install/actionlib_msgs/include/actionlib_msgs
[20.605s] -- Up-to-date: /home/devpc/Desktop/microros_ws/install/actionlib_msgs/include/actionlib_msgs/msg
[20.605s] -- Up-to-date: /home/devpc/Desktop/microros_ws/install/actionlib_msgs/include/actionlib_msgs/msg/detail
[20.605s] -- Installing: /home/devpc/Desktop/microros_ws/install/actionlib_msgs/include/actionlib_msgs/msg/detail/goal_status_array__type_support.c
[20.605s] -- Installing: /home/devpc/Desktop/microros_ws/install/actionlib_msgs/include/actionlib_msgs/msg/detail/goal_id__type_support.c
[20.606s] -- Installing: /home/devpc/Desktop/microros_ws/install/actionlib_msgs/include/actionlib_msgs/msg/detail/goal_status__type_support.c
[20.606s] -- Installing: /home/devpc/Desktop/microros_ws/install/actionlib_msgs/include/actionlib_msgs/msg/detail/goal_id__rosidl_typesupport_introspection_c.h
[20.606s] -- Installing: /home/devpc/Desktop/microros_ws/install/actionlib_msgs/include/actionlib_msgs/msg/detail/goal_status__rosidl_typesupport_introspection_c.h
[20.606s] -- Installing: /home/devpc/Desktop/microros_ws/install/actionlib_msgs/include/actionlib_msgs/msg/detail/goal_status_array__rosidl_typesupport_introspection_c.h
[20.606s] -- Installing: /home/devpc/Desktop/microros_ws/install/actionlib_msgs/include/actionlib_msgs/msg/rosidl_typesupport_introspection_c__visibility_control.h
[20.606s] -- Installing: /home/devpc/Desktop/microros_ws/install/actionlib_msgs/lib/libactionlib_msgs__rosidl_typesupport_introspection_c.so
[20.607s] -- Set runtime path of "/home/devpc/Desktop/microros_ws/install/actionlib_msgs/lib/libactionlib_msgs__rosidl_typesupport_introspection_c.so" to ""
[20.607s] -- Installing: /home/devpc/Desktop/microros_ws/install/actionlib_msgs/lib/libactionlib_msgs__rosidl_typesupport_c.so
[20.607s] -- Set runtime path of "/home/devpc/Desktop/microros_ws/install/actionlib_msgs/lib/libactionlib_msgs__rosidl_typesupport_c.so" to ""
[20.607s] -- Up-to-date: /home/devpc/Desktop/microros_ws/install/actionlib_msgs/include/actionlib_msgs
[20.607s] -- Up-to-date: /home/devpc/Desktop/microros_ws/install/actionlib_msgs/include/actionlib_msgs/msg
[20.607s] -- Installing: /home/devpc/Desktop/microros_ws/install/actionlib_msgs/include/actionlib_msgs/msg/goal_id.hpp
[20.607s] -- Up-to-date: /home/devpc/Desktop/microros_ws/install/actionlib_msgs/include/actionlib_msgs/msg/detail
[20.608s] -- Installing: /home/devpc/Desktop/microros_ws/install/actionlib_msgs/include/actionlib_msgs/msg/detail/goal_status__builder.hpp
[20.608s] -- Installing: /home/devpc/Desktop/microros_ws/install/actionlib_msgs/include/actionlib_msgs/msg/detail/goal_status_array__traits.hpp
[20.608s] -- Installing: /home/devpc/Desktop/microros_ws/install/actionlib_msgs/include/actionlib_msgs/msg/detail/goal_status__traits.hpp
[20.608s] -- Installing: /home/devpc/Desktop/microros_ws/install/actionlib_msgs/include/actionlib_msgs/msg/detail/goal_status__struct.hpp
[20.608s] -- Installing: /home/devpc/Desktop/microros_ws/install/actionlib_msgs/include/actionlib_msgs/msg/detail/goal_id__builder.hpp
[20.608s] -- Installing: /home/devpc/Desktop/microros_ws/install/actionlib_msgs/include/actionlib_msgs/msg/detail/goal_status_array__struct.hpp
[20.608s] -- Installing: /home/devpc/Desktop/microros_ws/install/actionlib_msgs/include/actionlib_msgs/msg/detail/goal_status_array__builder.hpp
[20.609s] -- Installing: /home/devpc/Desktop/microros_ws/install/actionlib_msgs/include/actionlib_msgs/msg/detail/goal_id__traits.hpp
[20.609s] -- Installing: /home/devpc/Desktop/microros_ws/install/actionlib_msgs/include/actionlib_msgs/msg/detail/goal_id__struct.hpp
[20.609s] -- Installing: /home/devpc/Desktop/microros_ws/install/actionlib_msgs/include/actionlib_msgs/msg/goal_status.hpp
[20.609s] -- Installing: /home/devpc/Desktop/microros_ws/install/actionlib_msgs/include/actionlib_msgs/msg/goal_status_array.hpp
[20.609s] -- Up-to-date: /home/devpc/Desktop/microros_ws/install/actionlib_msgs/include/actionlib_msgs
[20.609s] -- Up-to-date: /home/devpc/Desktop/microros_ws/install/actionlib_msgs/include/actionlib_msgs/msg
[20.609s] -- Up-to-date: /home/devpc/Desktop/microros_ws/install/actionlib_msgs/include/actionlib_msgs/msg/detail
[20.609s] -- Installing: /home/devpc/Desktop/microros_ws/install/actionlib_msgs/include/actionlib_msgs/msg/detail/goal_status_array__rosidl_typesupport_microxrcedds_cpp.hpp
[20.610s] -- Installing: /home/devpc/Desktop/microros_ws/install/actionlib_msgs/include/actionlib_msgs/msg/detail/goal_status__rosidl_typesupport_microxrcedds_cpp.hpp
[20.610s] -- Up-to-date: /home/devpc/Desktop/microros_ws/install/actionlib_msgs/include/actionlib_msgs/msg/detail/microxrcedds
[20.610s] -- Installing: /home/devpc/Desktop/microros_ws/install/actionlib_msgs/include/actionlib_msgs/msg/detail/microxrcedds/goal_status_array__type_support_cpp.cpp
[20.610s] -- Installing: /home/devpc/Desktop/microros_ws/install/actionlib_msgs/include/actionlib_msgs/msg/detail/microxrcedds/goal_status__type_support_cpp.cpp
[20.610s] -- Installing: /home/devpc/Desktop/microros_ws/install/actionlib_msgs/include/actionlib_msgs/msg/detail/microxrcedds/goal_id__type_support_cpp.cpp
[20.610s] -- Installing: /home/devpc/Desktop/microros_ws/install/actionlib_msgs/include/actionlib_msgs/msg/detail/goal_id__rosidl_typesupport_microxrcedds_cpp.hpp
[20.610s] -- Installing: /home/devpc/Desktop/microros_ws/install/actionlib_msgs/include/actionlib_msgs/msg/rosidl_typesupport_microxrcedds_cpp__visibility_control.h
[20.610s] -- Installing: /home/devpc/Desktop/microros_ws/install/actionlib_msgs/lib/libactionlib_msgs__rosidl_typesupport_microxrcedds_cpp.so
[20.610s] -- Set runtime path of "/home/devpc/Desktop/microros_ws/install/actionlib_msgs/lib/libactionlib_msgs__rosidl_typesupport_microxrcedds_cpp.so" to ""
[20.611s] -- Up-to-date: /home/devpc/Desktop/microros_ws/install/actionlib_msgs/include/actionlib_msgs
[20.611s] -- Up-to-date: /home/devpc/Desktop/microros_ws/install/actionlib_msgs/include/actionlib_msgs/msg
[20.611s] -- Up-to-date: /home/devpc/Desktop/microros_ws/install/actionlib_msgs/include/actionlib_msgs/msg/detail
[20.611s] -- Installing: /home/devpc/Desktop/microros_ws/install/actionlib_msgs/include/actionlib_msgs/msg/detail/goal_status__type_support.cpp
[20.611s] -- Installing: /home/devpc/Desktop/microros_ws/install/actionlib_msgs/include/actionlib_msgs/msg/detail/goal_id__rosidl_typesupport_introspection_cpp.hpp
[20.611s] -- Installing: /home/devpc/Desktop/microros_ws/install/actionlib_msgs/include/actionlib_msgs/msg/detail/goal_status__rosidl_typesupport_introspection_cpp.hpp
[20.611s] -- Installing: /home/devpc/Desktop/microros_ws/install/actionlib_msgs/include/actionlib_msgs/msg/detail/goal_id__type_support.cpp
[20.611s] -- Installing: /home/devpc/Desktop/microros_ws/install/actionlib_msgs/include/actionlib_msgs/msg/detail/goal_status_array__type_support.cpp
[20.612s] -- Installing: /home/devpc/Desktop/microros_ws/install/actionlib_msgs/include/actionlib_msgs/msg/detail/goal_status_array__rosidl_typesupport_introspection_cpp.hpp
[20.612s] -- Installing: /home/devpc/Desktop/microros_ws/install/actionlib_msgs/lib/libactionlib_msgs__rosidl_typesupport_introspection_cpp.so
[20.612s] -- Set runtime path of "/home/devpc/Desktop/microros_ws/install/actionlib_msgs/lib/libactionlib_msgs__rosidl_typesupport_introspection_cpp.so" to ""
[20.612s] -- Installing: /home/devpc/Desktop/microros_ws/install/actionlib_msgs/lib/libactionlib_msgs__rosidl_typesupport_cpp.so
[20.612s] -- Set runtime path of "/home/devpc/Desktop/microros_ws/install/actionlib_msgs/lib/libactionlib_msgs__rosidl_typesupport_cpp.so" to ""
[20.612s] -- Installing: /home/devpc/Desktop/microros_ws/install/actionlib_msgs/share/actionlib_msgs/environment/pythonpath.sh
[20.612s] -- Installing: /home/devpc/Desktop/microros_ws/install/actionlib_msgs/share/actionlib_msgs/environment/pythonpath.dsv
[20.612s] -- Installing: /home/devpc/Desktop/microros_ws/install/actionlib_msgs/lib/python3.8/site-packages/actionlib_msgs/__init__.py
[20.639s] Compiling '/home/devpc/Desktop/microros_ws/install/actionlib_msgs/lib/python3.8/site-packages/actionlib_msgs/__init__.py'...
[20.643s] -- Installing: /home/devpc/Desktop/microros_ws/install/actionlib_msgs/lib/python3.8/site-packages/actionlib_msgs/msg
[20.643s] -- Installing: /home/devpc/Desktop/microros_ws/install/actionlib_msgs/lib/python3.8/site-packages/actionlib_msgs/msg/_goal_status.py
[20.643s] -- Installing: /home/devpc/Desktop/microros_ws/install/actionlib_msgs/lib/python3.8/site-packages/actionlib_msgs/msg/_goal_status_s.c
[20.643s] -- Installing: /home/devpc/Desktop/microros_ws/install/actionlib_msgs/lib/python3.8/site-packages/actionlib_msgs/msg/__init__.py
[20.644s] -- Installing: /home/devpc/Desktop/microros_ws/install/actionlib_msgs/lib/python3.8/site-packages/actionlib_msgs/msg/_goal_id_s.c
[20.644s] -- Installing: /home/devpc/Desktop/microros_ws/install/actionlib_msgs/lib/python3.8/site-packages/actionlib_msgs/msg/_goal_status_array_s.c
[20.644s] -- Installing: /home/devpc/Desktop/microros_ws/install/actionlib_msgs/lib/python3.8/site-packages/actionlib_msgs/msg/_goal_id.py
[20.644s] -- Installing: /home/devpc/Desktop/microros_ws/install/actionlib_msgs/lib/python3.8/site-packages/actionlib_msgs/msg/_goal_status_array.py
[20.644s] -- Installing: /home/devpc/Desktop/microros_ws/install/actionlib_msgs/lib/python3.8/site-packages/actionlib_msgs/actionlib_msgs_s__rosidl_typesupport_microxrcedds_c.cpython-38-x86_64-linux-gnu.so
[20.644s] -- Set runtime path of "/home/devpc/Desktop/microros_ws/install/actionlib_msgs/lib/python3.8/site-packages/actionlib_msgs/actionlib_msgs_s__rosidl_typesupport_microxrcedds_c.cpython-38-x86_64-linux-gnu.so" to ""
[20.645s] -- Installing: /home/devpc/Desktop/microros_ws/install/actionlib_msgs/lib/python3.8/site-packages/actionlib_msgs/actionlib_msgs_s__rosidl_typesupport_fastrtps_c.cpython-38-x86_64-linux-gnu.so
[20.645s] -- Set runtime path of "/home/devpc/Desktop/microros_ws/install/actionlib_msgs/lib/python3.8/site-packages/actionlib_msgs/actionlib_msgs_s__rosidl_typesupport_fastrtps_c.cpython-38-x86_64-linux-gnu.so" to ""
[20.645s] -- Installing: /home/devpc/Desktop/microros_ws/install/actionlib_msgs/lib/python3.8/site-packages/actionlib_msgs/actionlib_msgs_s__rosidl_typesupport_introspection_c.cpython-38-x86_64-linux-gnu.so
[20.646s] -- Set runtime path of "/home/devpc/Desktop/microros_ws/install/actionlib_msgs/lib/python3.8/site-packages/actionlib_msgs/actionlib_msgs_s__rosidl_typesupport_introspection_c.cpython-38-x86_64-linux-gnu.so" to ""
[20.646s] -- Installing: /home/devpc/Desktop/microros_ws/install/actionlib_msgs/lib/python3.8/site-packages/actionlib_msgs/actionlib_msgs_s__rosidl_typesupport_c.cpython-38-x86_64-linux-gnu.so
[20.647s] -- Set runtime path of "/home/devpc/Desktop/microros_ws/install/actionlib_msgs/lib/python3.8/site-packages/actionlib_msgs/actionlib_msgs_s__rosidl_typesupport_c.cpython-38-x86_64-linux-gnu.so" to ""
[20.647s] -- Installing: /home/devpc/Desktop/microros_ws/install/actionlib_msgs/lib/libactionlib_msgs__python.so
[20.647s] -- Set runtime path of "/home/devpc/Desktop/microros_ws/install/actionlib_msgs/lib/libactionlib_msgs__python.so" to ""
[20.647s] -- Installing: /home/devpc/Desktop/microros_ws/install/actionlib_msgs/share/actionlib_msgs/msg/GoalID.idl
[20.648s] -- Installing: /home/devpc/Desktop/microros_ws/install/actionlib_msgs/share/actionlib_msgs/msg/GoalStatus.idl
[20.648s] -- Installing: /home/devpc/Desktop/microros_ws/install/actionlib_msgs/share/actionlib_msgs/msg/GoalStatusArray.idl
[20.648s] -- Installing: /home/devpc/Desktop/microros_ws/install/actionlib_msgs/share/actionlib_msgs/msg/GoalID.msg
[20.648s] -- Installing: /home/devpc/Desktop/microros_ws/install/actionlib_msgs/share/actionlib_msgs/msg/GoalStatus.msg
[20.648s] -- Installing: /home/devpc/Desktop/microros_ws/install/actionlib_msgs/share/actionlib_msgs/msg/GoalStatusArray.msg
[20.649s] -- Installing: /home/devpc/Desktop/microros_ws/install/actionlib_msgs/share/ament_index/resource_index/package_run_dependencies/actionlib_msgs
[20.649s] -- Installing: /home/devpc/Desktop/microros_ws/install/actionlib_msgs/share/ament_index/resource_index/parent_prefix_path/actionlib_msgs
[20.649s] -- Installing: /home/devpc/Desktop/microros_ws/install/actionlib_msgs/share/actionlib_msgs/environment/ament_prefix_path.sh
[20.649s] -- Installing: /home/devpc/Desktop/microros_ws/install/actionlib_msgs/share/actionlib_msgs/environment/ament_prefix_path.dsv
[20.649s] -- Installing: /home/devpc/Desktop/microros_ws/install/actionlib_msgs/share/actionlib_msgs/environment/path.sh
[20.650s] -- Installing: /home/devpc/Desktop/microros_ws/install/actionlib_msgs/share/actionlib_msgs/environment/path.dsv
[20.650s] -- Installing: /home/devpc/Desktop/microros_ws/install/actionlib_msgs/share/actionlib_msgs/local_setup.bash
[20.650s] -- Installing: /home/devpc/Desktop/microros_ws/install/actionlib_msgs/share/actionlib_msgs/local_setup.sh
[20.650s] -- Installing: /home/devpc/Desktop/microros_ws/install/actionlib_msgs/share/actionlib_msgs/local_setup.zsh
[20.650s] -- Installing: /home/devpc/Desktop/microros_ws/install/actionlib_msgs/share/actionlib_msgs/local_setup.dsv
[20.651s] -- Installing: /home/devpc/Desktop/microros_ws/install/actionlib_msgs/share/actionlib_msgs/package.dsv
[20.651s] -- Installing: /home/devpc/Desktop/microros_ws/install/actionlib_msgs/share/ament_index/resource_index/packages/actionlib_msgs
[20.651s] -- Installing: /home/devpc/Desktop/microros_ws/install/actionlib_msgs/share/actionlib_msgs/cmake/actionlib_msgs__rosidl_generator_cExport.cmake
[20.651s] -- Installing: /home/devpc/Desktop/microros_ws/install/actionlib_msgs/share/actionlib_msgs/cmake/actionlib_msgs__rosidl_generator_cExport-noconfig.cmake
[20.652s] -- Installing: /home/devpc/Desktop/microros_ws/install/actionlib_msgs/share/actionlib_msgs/cmake/actionlib_msgs__rosidl_typesupport_introspection_cExport.cmake
[20.652s] -- Installing: /home/devpc/Desktop/microros_ws/install/actionlib_msgs/share/actionlib_msgs/cmake/actionlib_msgs__rosidl_typesupport_introspection_cExport-noconfig.cmake
[20.652s] -- Installing: /home/devpc/Desktop/microros_ws/install/actionlib_msgs/share/actionlib_msgs/cmake/actionlib_msgs__rosidl_typesupport_cExport.cmake
[20.652s] -- Installing: /home/devpc/Desktop/microros_ws/install/actionlib_msgs/share/actionlib_msgs/cmake/actionlib_msgs__rosidl_typesupport_cExport-noconfig.cmake
[20.652s] -- Installing: /home/devpc/Desktop/microros_ws/install/actionlib_msgs/share/actionlib_msgs/cmake/actionlib_msgs__rosidl_generator_cppExport.cmake
[20.653s] -- Installing: /home/devpc/Desktop/microros_ws/install/actionlib_msgs/share/actionlib_msgs/cmake/actionlib_msgs__rosidl_typesupport_introspection_cppExport.cmake
[20.653s] -- Installing: /home/devpc/Desktop/microros_ws/install/actionlib_msgs/share/actionlib_msgs/cmake/actionlib_msgs__rosidl_typesupport_introspection_cppExport-noconfig.cmake
[20.653s] -- Installing: /home/devpc/Desktop/microros_ws/install/actionlib_msgs/share/actionlib_msgs/cmake/actionlib_msgs__rosidl_typesupport_cppExport.cmake
[20.653s] -- Installing: /home/devpc/Desktop/microros_ws/install/actionlib_msgs/share/actionlib_msgs/cmake/actionlib_msgs__rosidl_typesupport_cppExport-noconfig.cmake
[20.654s] -- Installing: /home/devpc/Desktop/microros_ws/install/actionlib_msgs/share/actionlib_msgs/cmake/rosidl_cmake-extras.cmake
[20.654s] -- Installing: /home/devpc/Desktop/microros_ws/install/actionlib_msgs/share/actionlib_msgs/cmake/ament_cmake_export_dependencies-extras.cmake
[20.654s] -- Installing: /home/devpc/Desktop/microros_ws/install/actionlib_msgs/share/actionlib_msgs/cmake/ament_cmake_export_libraries-extras.cmake
[20.654s] -- Installing: /home/devpc/Desktop/microros_ws/install/actionlib_msgs/share/actionlib_msgs/cmake/ament_cmake_export_targets-extras.cmake
[20.654s] -- Installing: /home/devpc/Desktop/microros_ws/install/actionlib_msgs/share/actionlib_msgs/cmake/ament_cmake_export_include_directories-extras.cmake
[20.655s] -- Installing: /home/devpc/Desktop/microros_ws/install/actionlib_msgs/share/actionlib_msgs/cmake/rosidl_cmake_export_typesupport_libraries-extras.cmake
[20.655s] -- Installing: /home/devpc/Desktop/microros_ws/install/actionlib_msgs/share/actionlib_msgs/cmake/rosidl_cmake_export_typesupport_targets-extras.cmake
[20.655s] -- Installing: /home/devpc/Desktop/microros_ws/install/actionlib_msgs/share/actionlib_msgs/cmake/actionlib_msgsConfig.cmake
[20.656s] -- Installing: /home/devpc/Desktop/microros_ws/install/actionlib_msgs/share/actionlib_msgs/cmake/actionlib_msgsConfig-version.cmake
[20.656s] -- Installing: /home/devpc/Desktop/microros_ws/install/actionlib_msgs/share/actionlib_msgs/package.xml
[20.660s] Invoked command in '/home/devpc/Desktop/microros_ws/build/actionlib_msgs' returned '0': AMENT_PREFIX_PATH=/home/devpc/Desktop/microros_ws/install/std_msgs:/home/devpc/Desktop/microros_ws/install/builtin_interfaces:${AMENT_PREFIX_PATH} CMAKE_PREFIX_PATH=/home/devpc/Desktop/microros_ws/install/std_msgs:/home/devpc/Desktop/microros_ws/install/builtin_interfaces:/home/devpc/Desktop/microros_ws/install/rosidl_typesupport_microxrcedds_cpp:/home/devpc/Desktop/microros_ws/install/rosidl_typesupport_microxrcedds_c:/home/devpc/Desktop/microros_ws/install/microcdr:/home/devpc/Desktop/microros_ws/install/micro_ros_agent:/home/devpc/Desktop/microros_ws/install/microxrcedds_agent:/home/devpc/Desktop/microros_ws/install/micro_ros_setup:/home/devpc/Desktop/microros_ws/install/micro_ros_msgs:/home/devpc/Desktop/quad_ws/install/quad_interfaces:/home/devpc/Desktop/quad_ws/install/quad:/opt/ros/foxy LD_LIBRARY_PATH=/home/devpc/Desktop/microros_ws/install/std_msgs/lib:/home/devpc/Desktop/microros_ws/install/builtin_interfaces/lib:${LD_LIBRARY_PATH} PYTHONPATH=/home/devpc/Desktop/microros_ws/install/std_msgs/lib/python3.8/site-packages:/home/devpc/Desktop/microros_ws/install/builtin_interfaces/lib/python3.8/site-packages:${PYTHONPATH} /usr/bin/cmake --install /home/devpc/Desktop/microros_ws/build/actionlib_msgs
