[0.246s] Invoking command in '/home/devpc/Desktop/quad_ws/build/quad_interfaces': CMAKE_PREFIX_PATH=${CMAKE_PREFIX_PATH}:/home/devpc/Desktop/quad_ws/install/quad:/opt/ros/foxy /usr/bin/cmake --build /home/devpc/Desktop/quad_ws/build/quad_interfaces -- -j8 -l8
[0.270s] -- Found ament_cmake: 0.9.8 (/opt/ros/foxy/share/ament_cmake/cmake)
[0.289s] -- Found PythonInterp: /usr/bin/python3 (found suitable version "3.8.10", minimum required is "3") 
[0.289s] -- Using PYTHON_EXECUTABLE: /usr/bin/python3
[0.463s] -- Found ament_lint_auto: 0.9.6 (/opt/ros/foxy/share/ament_lint_auto/cmake)
[0.522s] -- Found rosidl_default_generators: 1.0.1 (/opt/ros/foxy/share/rosidl_default_generators/cmake)
[0.525s] -- Using all available rosidl_typesupport_c: rosidl_typesupport_fastrtps_c;rosidl_typesupport_introspection_c
[0.532s] -- Found rosidl_adapter: 1.2.1 (/opt/ros/foxy/share/rosidl_adapter/cmake)
[0.662s] -- Using all available rosidl_typesupport_cpp: rosidl_typesupport_fastrtps_cpp;rosidl_typesupport_introspection_cpp
[0.715s] -- Found PythonInterp: /usr/bin/python3 (found version "3.8.10") 
[0.781s] -- Found ament_cmake_ros: 0.9.2 (/opt/ros/foxy/share/ament_cmake_ros/cmake)
[0.861s] -- Using all available rosidl_typesupport_c: rosidl_typesupport_fastrtps_c;rosidl_typesupport_introspection_c
[0.869s] -- Using all available rosidl_typesupport_cpp: rosidl_typesupport_fastrtps_cpp;rosidl_typesupport_introspection_cpp
[0.889s] -- Found PythonInterp: /usr/bin/python3 (found suitable version "3.8.10", minimum required is "3.5") 
[0.889s] -- Found python_cmake_module: 0.8.1 (/opt/ros/foxy/share/python_cmake_module/cmake)
[0.909s] -- Using PYTHON_EXECUTABLE: /usr/bin/python3
[0.909s] -- Using PYTHON_INCLUDE_DIRS: /usr/include/python3.8
[0.909s] -- Using PYTHON_LIBRARIES: /usr/lib/x86_64-linux-gnu/libpython3.8.so
[0.926s] -- Added test 'copyright' to check source files copyright and LICENSE
[0.928s] -- Added test 'lint_cmake' to check CMake code style
[0.929s] -- Added test 'xmllint' to check XML markup files
[0.934s] -- Configuring done
[0.967s] -- Generating done
[0.970s] -- Build files have been written to: /home/devpc/Desktop/quad_ws/build/quad_interfaces
[0.992s] [  2%] [34m[1mGenerating C code for ROS interfaces[0m
[0.992s] [35m[1mScanning dependencies of target quad_interfaces__cpp[0m
[1.002s] [  4%] [34m[1mGenerating C++ code for ROS interfaces[0m
[1.380s] [35m[1mScanning dependencies of target quad_interfaces__rosidl_generator_c[0m
[1.394s] [  6%] [32mBuilding C object CMakeFiles/quad_interfaces__rosidl_generator_c.dir/rosidl_generator_c/quad_interfaces/msg/detail/motion_servos__functions.c.o[0m
[1.395s] [  8%] [32mBuilding C object CMakeFiles/quad_interfaces__rosidl_generator_c.dir/rosidl_generator_c/quad_interfaces/msg/detail/motion_servos_calibration__functions.c.o[0m
[1.403s] [ 10%] [32mBuilding C object CMakeFiles/quad_interfaces__rosidl_generator_c.dir/rosidl_generator_c/quad_interfaces/msg/detail/emergency_stop__functions.c.o[0m
[1.406s] [ 10%] Built target quad_interfaces__cpp
[1.418s] [ 12%] [34m[1mGenerating C++ type support dispatch for ROS interfaces[0m
[1.418s] [ 14%] [34m[1mGenerating C++ type support for eProsima Fast-RTPS[0m
[1.425s] [ 17%] [34m[1mGenerating C++ introspection for ROS interfaces[0m
[1.456s] [ 19%] [32m[1mLinking C shared library libquad_interfaces__rosidl_generator_c.so[0m
[1.491s] [ 19%] Built target quad_interfaces__rosidl_generator_c
[1.505s] [ 21%] [34m[1mGenerating C type support dispatch for ROS interfaces[0m
[1.506s] [ 23%] [34m[1mGenerating C introspection for ROS interfaces[0m
[1.832s] [35m[1mScanning dependencies of target quad_interfaces__rosidl_typesupport_introspection_cpp[0m
[1.836s] [35m[1mScanning dependencies of target quad_interfaces__rosidl_typesupport_cpp[0m
[1.849s] [ 25%] [32mBuilding CXX object CMakeFiles/quad_interfaces__rosidl_typesupport_introspection_cpp.dir/rosidl_typesupport_introspection_cpp/quad_interfaces/msg/detail/motion_servos_calibration__type_support.cpp.o[0m
[1.860s] [ 29%] [32mBuilding CXX object CMakeFiles/quad_interfaces__rosidl_typesupport_introspection_cpp.dir/rosidl_typesupport_introspection_cpp/quad_interfaces/msg/detail/motion_servos__type_support.cpp.o[0m
[1.860s] [ 29%] [32mBuilding CXX object CMakeFiles/quad_interfaces__rosidl_typesupport_cpp.dir/rosidl_typesupport_cpp/quad_interfaces/msg/motion_servos__type_support.cpp.o[0m
[1.860s] [ 31%] [32mBuilding CXX object CMakeFiles/quad_interfaces__rosidl_typesupport_introspection_cpp.dir/rosidl_typesupport_introspection_cpp/quad_interfaces/msg/detail/emergency_stop__type_support.cpp.o[0m
[1.860s] [ 34%] [32mBuilding CXX object CMakeFiles/quad_interfaces__rosidl_typesupport_cpp.dir/rosidl_typesupport_cpp/quad_interfaces/msg/motion_servos_calibration__type_support.cpp.o[0m
[1.869s] [35m[1mScanning dependencies of target quad_interfaces__rosidl_typesupport_c[0m
[1.883s] [ 36%] [32mBuilding CXX object CMakeFiles/quad_interfaces__rosidl_typesupport_c.dir/rosidl_typesupport_c/quad_interfaces/msg/motion_servos__type_support.cpp.o[0m
[1.965s] [ 38%] [32mBuilding CXX object CMakeFiles/quad_interfaces__rosidl_typesupport_c.dir/rosidl_typesupport_c/quad_interfaces/msg/motion_servos_calibration__type_support.cpp.o[0m
[1.973s] [35m[1mScanning dependencies of target quad_interfaces__rosidl_typesupport_fastrtps_cpp[0m
[1.990s] [ 40%] [32mBuilding CXX object CMakeFiles/quad_interfaces__rosidl_typesupport_fastrtps_cpp.dir/rosidl_typesupport_fastrtps_cpp/quad_interfaces/msg/detail/dds_fastrtps/motion_servos__type_support.cpp.o[0m
[2.048s] [ 42%] [32mBuilding CXX object CMakeFiles/quad_interfaces__rosidl_typesupport_c.dir/rosidl_typesupport_c/quad_interfaces/msg/emergency_stop__type_support.cpp.o[0m
[2.073s] [35m[1mScanning dependencies of target quad_interfaces__rosidl_typesupport_introspection_c[0m
[2.096s] [ 44%] [32mBuilding C object CMakeFiles/quad_interfaces__rosidl_typesupport_introspection_c.dir/rosidl_typesupport_introspection_c/quad_interfaces/msg/detail/motion_servos__type_support.c.o[0m
[2.108s] [ 46%] [32m[1mLinking CXX shared library libquad_interfaces__rosidl_typesupport_c.so[0m
[2.142s] [ 48%] [32mBuilding C object CMakeFiles/quad_interfaces__rosidl_typesupport_introspection_c.dir/rosidl_typesupport_introspection_c/quad_interfaces/msg/detail/motion_servos_calibration__type_support.c.o[0m
[2.189s] [ 51%] [32mBuilding C object CMakeFiles/quad_interfaces__rosidl_typesupport_introspection_c.dir/rosidl_typesupport_introspection_c/quad_interfaces/msg/detail/emergency_stop__type_support.c.o[0m
[2.217s] [ 51%] Built target quad_interfaces__rosidl_typesupport_c
[2.235s] [ 53%] [32m[1mLinking C shared library libquad_interfaces__rosidl_typesupport_introspection_c.so[0m
[2.248s] [ 55%] [32mBuilding CXX object CMakeFiles/quad_interfaces__rosidl_typesupport_cpp.dir/rosidl_typesupport_cpp/quad_interfaces/msg/emergency_stop__type_support.cpp.o[0m
[2.313s] [ 55%] Built target quad_interfaces__rosidl_typesupport_introspection_c
[2.326s] [ 57%] [32mBuilding CXX object CMakeFiles/quad_interfaces__rosidl_typesupport_fastrtps_cpp.dir/rosidl_typesupport_fastrtps_cpp/quad_interfaces/msg/detail/dds_fastrtps/motion_servos_calibration__type_support.cpp.o[0m
[2.334s] [ 59%] [32mBuilding CXX object CMakeFiles/quad_interfaces__rosidl_typesupport_fastrtps_cpp.dir/rosidl_typesupport_fastrtps_cpp/quad_interfaces/msg/detail/dds_fastrtps/emergency_stop__type_support.cpp.o[0m
[2.386s] [ 61%] [32m[1mLinking CXX shared library libquad_interfaces__rosidl_typesupport_introspection_cpp.so[0m
[2.453s] [ 61%] Built target quad_interfaces__rosidl_typesupport_introspection_cpp
[2.635s] [ 63%] [32m[1mLinking CXX shared library libquad_interfaces__rosidl_typesupport_cpp.so[0m
[2.669s] [ 63%] Built target quad_interfaces__rosidl_typesupport_cpp
[2.825s] [ 65%] [32m[1mLinking CXX shared library libquad_interfaces__rosidl_typesupport_fastrtps_cpp.so[0m
[2.897s] [ 65%] Built target quad_interfaces__rosidl_typesupport_fastrtps_cpp
[2.906s] [ 68%] [34m[1mGenerating C type support for eProsima Fast-RTPS[0m
[3.198s] [35m[1mScanning dependencies of target quad_interfaces__rosidl_typesupport_fastrtps_c[0m
[3.210s] [ 70%] [32mBuilding CXX object CMakeFiles/quad_interfaces__rosidl_typesupport_fastrtps_c.dir/rosidl_typesupport_fastrtps_c/quad_interfaces/msg/detail/emergency_stop__type_support_c.cpp.o[0m
[3.212s] [ 74%] [32mBuilding CXX object CMakeFiles/quad_interfaces__rosidl_typesupport_fastrtps_c.dir/rosidl_typesupport_fastrtps_c/quad_interfaces/msg/detail/motion_servos_calibration__type_support_c.cpp.o[0m
[3.213s] [ 74%] [32mBuilding CXX object CMakeFiles/quad_interfaces__rosidl_typesupport_fastrtps_c.dir/rosidl_typesupport_fastrtps_c/quad_interfaces/msg/detail/motion_servos__type_support_c.cpp.o[0m
[3.584s] [ 76%] [32m[1mLinking CXX shared library libquad_interfaces__rosidl_typesupport_fastrtps_c.so[0m
[3.674s] [ 76%] Built target quad_interfaces__rosidl_typesupport_fastrtps_c
[3.695s] [ 76%] Built target quad_interfaces
[3.708s] [35m[1mScanning dependencies of target quad_interfaces__py[0m
[3.720s] [ 78%] [34m[1mGenerating Python code for ROS interfaces[0m
[4.312s] [ 78%] Built target quad_interfaces__py
[4.324s] [35m[1mScanning dependencies of target quad_interfaces__python[0m
[4.343s] [ 80%] [32mBuilding C object CMakeFiles/quad_interfaces__python.dir/rosidl_generator_py/quad_interfaces/msg/_emergency_stop_s.c.o[0m
[4.344s] [ 85%] [32mBuilding C object CMakeFiles/quad_interfaces__python.dir/rosidl_generator_py/quad_interfaces/msg/_motion_servos_calibration_s.c.o[0m
[4.344s] [ 85%] [32mBuilding C object CMakeFiles/quad_interfaces__python.dir/rosidl_generator_py/quad_interfaces/msg/_motion_servos_s.c.o[0m
[4.472s] [ 87%] [32m[1mLinking C shared library rosidl_generator_py/quad_interfaces/libquad_interfaces__python.so[0m
[4.516s] [ 87%] Built target quad_interfaces__python
[4.527s] [35m[1mScanning dependencies of target quad_interfaces__rosidl_typesupport_introspection_c__pyext[0m
[4.527s] [35m[1mScanning dependencies of target quad_interfaces__rosidl_typesupport_fastrtps_c__pyext[0m
[4.528s] [35m[1mScanning dependencies of target quad_interfaces__rosidl_typesupport_c__pyext[0m
[4.542s] [ 91%] [32mBuilding C object CMakeFiles/quad_interfaces__rosidl_typesupport_fastrtps_c__pyext.dir/rosidl_generator_py/quad_interfaces/_quad_interfaces_s.ep.rosidl_typesupport_fastrtps_c.c.o[0m
[4.542s] [ 91%] [32mBuilding C object CMakeFiles/quad_interfaces__rosidl_typesupport_introspection_c__pyext.dir/rosidl_generator_py/quad_interfaces/_quad_interfaces_s.ep.rosidl_typesupport_introspection_c.c.o[0m
[4.543s] [ 93%] [32mBuilding C object CMakeFiles/quad_interfaces__rosidl_typesupport_c__pyext.dir/rosidl_generator_py/quad_interfaces/_quad_interfaces_s.ep.rosidl_typesupport_c.c.o[0m
[4.640s] [ 95%] [32m[1mLinking C shared library rosidl_generator_py/quad_interfaces/quad_interfaces_s__rosidl_typesupport_introspection_c.cpython-38-x86_64-linux-gnu.so[0m
[4.642s] [ 97%] [32m[1mLinking C shared library rosidl_generator_py/quad_interfaces/quad_interfaces_s__rosidl_typesupport_c.cpython-38-x86_64-linux-gnu.so[0m
[4.651s] [100%] [32m[1mLinking CXX shared library rosidl_generator_py/quad_interfaces/quad_interfaces_s__rosidl_typesupport_fastrtps_c.cpython-38-x86_64-linux-gnu.so[0m
[4.671s] [100%] Built target quad_interfaces__rosidl_typesupport_c__pyext
[4.672s] [100%] Built target quad_interfaces__rosidl_typesupport_introspection_c__pyext
[4.706s] [100%] Built target quad_interfaces__rosidl_typesupport_fastrtps_c__pyext
[4.717s] Invoked command in '/home/devpc/Desktop/quad_ws/build/quad_interfaces' returned '0': CMAKE_PREFIX_PATH=${CMAKE_PREFIX_PATH}:/home/devpc/Desktop/quad_ws/install/quad:/opt/ros/foxy /usr/bin/cmake --build /home/devpc/Desktop/quad_ws/build/quad_interfaces -- -j8 -l8
[4.785s] Invoking command in '/home/devpc/Desktop/quad_ws/build/quad_interfaces': CMAKE_PREFIX_PATH=${CMAKE_PREFIX_PATH}:/home/devpc/Desktop/quad_ws/install/quad:/opt/ros/foxy /usr/bin/cmake --install /home/devpc/Desktop/quad_ws/build/quad_interfaces
[4.798s] -- Install configuration: ""
[4.798s] -- Installing: /home/devpc/Desktop/quad_ws/install/quad_interfaces/share/ament_index/resource_index/rosidl_interfaces/quad_interfaces
[4.798s] -- Up-to-date: /home/devpc/Desktop/quad_ws/install/quad_interfaces/include/quad_interfaces
[4.798s] -- Up-to-date: /home/devpc/Desktop/quad_ws/install/quad_interfaces/include/quad_interfaces/msg
[4.798s] -- Installing: /home/devpc/Desktop/quad_ws/install/quad_interfaces/include/quad_interfaces/msg/emergency_stop.h
[4.798s] -- Up-to-date: /home/devpc/Desktop/quad_ws/install/quad_interfaces/include/quad_interfaces/msg/detail
[4.799s] -- Installing: /home/devpc/Desktop/quad_ws/install/quad_interfaces/include/quad_interfaces/msg/detail/emergency_stop__functions.h
[4.799s] -- Installing: /home/devpc/Desktop/quad_ws/install/quad_interfaces/include/quad_interfaces/msg/detail/motion_servos_calibration__type_support.h
[4.799s] -- Installing: /home/devpc/Desktop/quad_ws/install/quad_interfaces/include/quad_interfaces/msg/detail/motion_servos__functions.h
[4.799s] -- Installing: /home/devpc/Desktop/quad_ws/install/quad_interfaces/include/quad_interfaces/msg/detail/motion_servos__functions.c
[4.799s] -- Installing: /home/devpc/Desktop/quad_ws/install/quad_interfaces/include/quad_interfaces/msg/detail/emergency_stop__functions.c
[4.800s] -- Installing: /home/devpc/Desktop/quad_ws/install/quad_interfaces/include/quad_interfaces/msg/detail/motion_servos__type_support.h
[4.800s] -- Installing: /home/devpc/Desktop/quad_ws/install/quad_interfaces/include/quad_interfaces/msg/detail/motion_servos_calibration__functions.h
[4.800s] -- Installing: /home/devpc/Desktop/quad_ws/install/quad_interfaces/include/quad_interfaces/msg/detail/motion_servos_calibration__struct.h
[4.800s] -- Installing: /home/devpc/Desktop/quad_ws/install/quad_interfaces/include/quad_interfaces/msg/detail/motion_servos_calibration__functions.c
[4.800s] -- Installing: /home/devpc/Desktop/quad_ws/install/quad_interfaces/include/quad_interfaces/msg/detail/motion_servos__struct.h
[4.800s] -- Installing: /home/devpc/Desktop/quad_ws/install/quad_interfaces/include/quad_interfaces/msg/detail/emergency_stop__struct.h
[4.800s] -- Installing: /home/devpc/Desktop/quad_ws/install/quad_interfaces/include/quad_interfaces/msg/detail/emergency_stop__type_support.h
[4.801s] -- Installing: /home/devpc/Desktop/quad_ws/install/quad_interfaces/include/quad_interfaces/msg/motion_servos.h
[4.801s] -- Installing: /home/devpc/Desktop/quad_ws/install/quad_interfaces/include/quad_interfaces/msg/motion_servos_calibration.h
[4.801s] -- Up-to-date: /home/devpc/Desktop/quad_ws/install/quad_interfaces/include/quad_interfaces/msg/rosidl_generator_c__visibility_control.h
[4.801s] -- Up-to-date: /home/devpc/Desktop/quad_ws/install/quad_interfaces/share/quad_interfaces/environment/library_path.sh
[4.801s] -- Installing: /home/devpc/Desktop/quad_ws/install/quad_interfaces/share/quad_interfaces/environment/library_path.dsv
[4.802s] -- Installing: /home/devpc/Desktop/quad_ws/install/quad_interfaces/lib/libquad_interfaces__rosidl_generator_c.so
[4.802s] -- Set runtime path of "/home/devpc/Desktop/quad_ws/install/quad_interfaces/lib/libquad_interfaces__rosidl_generator_c.so" to ""
[4.802s] -- Up-to-date: /home/devpc/Desktop/quad_ws/install/quad_interfaces/include/quad_interfaces
[4.802s] -- Up-to-date: /home/devpc/Desktop/quad_ws/install/quad_interfaces/include/quad_interfaces/msg
[4.802s] -- Up-to-date: /home/devpc/Desktop/quad_ws/install/quad_interfaces/include/quad_interfaces/msg/detail
[4.802s] -- Installing: /home/devpc/Desktop/quad_ws/install/quad_interfaces/include/quad_interfaces/msg/detail/motion_servos__rosidl_typesupport_fastrtps_c.h
[4.803s] -- Installing: /home/devpc/Desktop/quad_ws/install/quad_interfaces/include/quad_interfaces/msg/detail/motion_servos_calibration__rosidl_typesupport_fastrtps_c.h
[4.803s] -- Installing: /home/devpc/Desktop/quad_ws/install/quad_interfaces/include/quad_interfaces/msg/detail/emergency_stop__rosidl_typesupport_fastrtps_c.h
[4.803s] -- Up-to-date: /home/devpc/Desktop/quad_ws/install/quad_interfaces/include/quad_interfaces/msg/rosidl_typesupport_fastrtps_c__visibility_control.h
[4.803s] -- Installing: /home/devpc/Desktop/quad_ws/install/quad_interfaces/lib/libquad_interfaces__rosidl_typesupport_fastrtps_c.so
[4.803s] -- Set runtime path of "/home/devpc/Desktop/quad_ws/install/quad_interfaces/lib/libquad_interfaces__rosidl_typesupport_fastrtps_c.so" to ""
[4.803s] -- Up-to-date: /home/devpc/Desktop/quad_ws/install/quad_interfaces/include/quad_interfaces
[4.804s] -- Up-to-date: /home/devpc/Desktop/quad_ws/install/quad_interfaces/include/quad_interfaces/msg
[4.804s] -- Up-to-date: /home/devpc/Desktop/quad_ws/install/quad_interfaces/include/quad_interfaces/msg/detail
[4.804s] -- Installing: /home/devpc/Desktop/quad_ws/install/quad_interfaces/include/quad_interfaces/msg/detail/emergency_stop__rosidl_typesupport_fastrtps_cpp.hpp
[4.804s] -- Installing: /home/devpc/Desktop/quad_ws/install/quad_interfaces/include/quad_interfaces/msg/detail/motion_servos_calibration__rosidl_typesupport_fastrtps_cpp.hpp
[4.804s] -- Installing: /home/devpc/Desktop/quad_ws/install/quad_interfaces/include/quad_interfaces/msg/detail/motion_servos__rosidl_typesupport_fastrtps_cpp.hpp
[4.804s] -- Up-to-date: /home/devpc/Desktop/quad_ws/install/quad_interfaces/include/quad_interfaces/msg/detail/dds_fastrtps
[4.804s] -- Up-to-date: /home/devpc/Desktop/quad_ws/install/quad_interfaces/include/quad_interfaces/msg/rosidl_typesupport_fastrtps_cpp__visibility_control.h
[4.805s] -- Installing: /home/devpc/Desktop/quad_ws/install/quad_interfaces/lib/libquad_interfaces__rosidl_typesupport_fastrtps_cpp.so
[4.805s] -- Set runtime path of "/home/devpc/Desktop/quad_ws/install/quad_interfaces/lib/libquad_interfaces__rosidl_typesupport_fastrtps_cpp.so" to ""
[4.805s] -- Up-to-date: /home/devpc/Desktop/quad_ws/install/quad_interfaces/include/quad_interfaces
[4.805s] -- Up-to-date: /home/devpc/Desktop/quad_ws/install/quad_interfaces/include/quad_interfaces/msg
[4.805s] -- Up-to-date: /home/devpc/Desktop/quad_ws/install/quad_interfaces/include/quad_interfaces/msg/detail
[4.806s] -- Installing: /home/devpc/Desktop/quad_ws/install/quad_interfaces/include/quad_interfaces/msg/detail/emergency_stop__type_support.c
[4.806s] -- Installing: /home/devpc/Desktop/quad_ws/install/quad_interfaces/include/quad_interfaces/msg/detail/motion_servos_calibration__type_support.c
[4.806s] -- Installing: /home/devpc/Desktop/quad_ws/install/quad_interfaces/include/quad_interfaces/msg/detail/motion_servos_calibration__rosidl_typesupport_introspection_c.h
[4.806s] -- Installing: /home/devpc/Desktop/quad_ws/install/quad_interfaces/include/quad_interfaces/msg/detail/motion_servos__type_support.c
[4.806s] -- Installing: /home/devpc/Desktop/quad_ws/install/quad_interfaces/include/quad_interfaces/msg/detail/motion_servos__rosidl_typesupport_introspection_c.h
[4.806s] -- Installing: /home/devpc/Desktop/quad_ws/install/quad_interfaces/include/quad_interfaces/msg/detail/emergency_stop__rosidl_typesupport_introspection_c.h
[4.807s] -- Up-to-date: /home/devpc/Desktop/quad_ws/install/quad_interfaces/include/quad_interfaces/msg/rosidl_typesupport_introspection_c__visibility_control.h
[4.807s] -- Installing: /home/devpc/Desktop/quad_ws/install/quad_interfaces/lib/libquad_interfaces__rosidl_typesupport_introspection_c.so
[4.807s] -- Set runtime path of "/home/devpc/Desktop/quad_ws/install/quad_interfaces/lib/libquad_interfaces__rosidl_typesupport_introspection_c.so" to ""
[4.807s] -- Installing: /home/devpc/Desktop/quad_ws/install/quad_interfaces/lib/libquad_interfaces__rosidl_typesupport_c.so
[4.807s] -- Set runtime path of "/home/devpc/Desktop/quad_ws/install/quad_interfaces/lib/libquad_interfaces__rosidl_typesupport_c.so" to ""
[4.807s] -- Up-to-date: /home/devpc/Desktop/quad_ws/install/quad_interfaces/include/quad_interfaces
[4.807s] -- Up-to-date: /home/devpc/Desktop/quad_ws/install/quad_interfaces/include/quad_interfaces/msg
[4.808s] -- Installing: /home/devpc/Desktop/quad_ws/install/quad_interfaces/include/quad_interfaces/msg/motion_servos.hpp
[4.808s] -- Up-to-date: /home/devpc/Desktop/quad_ws/install/quad_interfaces/include/quad_interfaces/msg/detail
[4.808s] -- Installing: /home/devpc/Desktop/quad_ws/install/quad_interfaces/include/quad_interfaces/msg/detail/motion_servos__struct.hpp
[4.808s] -- Installing: /home/devpc/Desktop/quad_ws/install/quad_interfaces/include/quad_interfaces/msg/detail/motion_servos__builder.hpp
[4.808s] -- Installing: /home/devpc/Desktop/quad_ws/install/quad_interfaces/include/quad_interfaces/msg/detail/emergency_stop__builder.hpp
[4.808s] -- Installing: /home/devpc/Desktop/quad_ws/install/quad_interfaces/include/quad_interfaces/msg/detail/motion_servos__traits.hpp
[4.808s] -- Installing: /home/devpc/Desktop/quad_ws/install/quad_interfaces/include/quad_interfaces/msg/detail/emergency_stop__struct.hpp
[4.809s] -- Installing: /home/devpc/Desktop/quad_ws/install/quad_interfaces/include/quad_interfaces/msg/detail/motion_servos_calibration__builder.hpp
[4.809s] -- Installing: /home/devpc/Desktop/quad_ws/install/quad_interfaces/include/quad_interfaces/msg/detail/emergency_stop__traits.hpp
[4.809s] -- Installing: /home/devpc/Desktop/quad_ws/install/quad_interfaces/include/quad_interfaces/msg/detail/motion_servos_calibration__traits.hpp
[4.809s] -- Installing: /home/devpc/Desktop/quad_ws/install/quad_interfaces/include/quad_interfaces/msg/detail/motion_servos_calibration__struct.hpp
[4.809s] -- Installing: /home/devpc/Desktop/quad_ws/install/quad_interfaces/include/quad_interfaces/msg/emergency_stop.hpp
[4.809s] -- Installing: /home/devpc/Desktop/quad_ws/install/quad_interfaces/include/quad_interfaces/msg/motion_servos_calibration.hpp
[4.809s] -- Up-to-date: /home/devpc/Desktop/quad_ws/install/quad_interfaces/include/quad_interfaces
[4.810s] -- Up-to-date: /home/devpc/Desktop/quad_ws/install/quad_interfaces/include/quad_interfaces/msg
[4.810s] -- Up-to-date: /home/devpc/Desktop/quad_ws/install/quad_interfaces/include/quad_interfaces/msg/detail
[4.810s] -- Installing: /home/devpc/Desktop/quad_ws/install/quad_interfaces/include/quad_interfaces/msg/detail/motion_servos__rosidl_typesupport_introspection_cpp.hpp
[4.810s] -- Installing: /home/devpc/Desktop/quad_ws/install/quad_interfaces/include/quad_interfaces/msg/detail/motion_servos__type_support.cpp
[4.810s] -- Installing: /home/devpc/Desktop/quad_ws/install/quad_interfaces/include/quad_interfaces/msg/detail/emergency_stop__type_support.cpp
[4.810s] -- Installing: /home/devpc/Desktop/quad_ws/install/quad_interfaces/include/quad_interfaces/msg/detail/motion_servos_calibration__rosidl_typesupport_introspection_cpp.hpp
[4.810s] -- Installing: /home/devpc/Desktop/quad_ws/install/quad_interfaces/include/quad_interfaces/msg/detail/motion_servos_calibration__type_support.cpp
[4.811s] -- Installing: /home/devpc/Desktop/quad_ws/install/quad_interfaces/include/quad_interfaces/msg/detail/emergency_stop__rosidl_typesupport_introspection_cpp.hpp
[4.811s] -- Installing: /home/devpc/Desktop/quad_ws/install/quad_interfaces/lib/libquad_interfaces__rosidl_typesupport_introspection_cpp.so
[4.811s] -- Set runtime path of "/home/devpc/Desktop/quad_ws/install/quad_interfaces/lib/libquad_interfaces__rosidl_typesupport_introspection_cpp.so" to ""
[4.811s] -- Installing: /home/devpc/Desktop/quad_ws/install/quad_interfaces/lib/libquad_interfaces__rosidl_typesupport_cpp.so
[4.811s] -- Set runtime path of "/home/devpc/Desktop/quad_ws/install/quad_interfaces/lib/libquad_interfaces__rosidl_typesupport_cpp.so" to ""
[4.811s] -- Up-to-date: /home/devpc/Desktop/quad_ws/install/quad_interfaces/share/quad_interfaces/environment/pythonpath.sh
[4.812s] -- Installing: /home/devpc/Desktop/quad_ws/install/quad_interfaces/share/quad_interfaces/environment/pythonpath.dsv
[4.812s] -- Installing: /home/devpc/Desktop/quad_ws/install/quad_interfaces/lib/python3.8/site-packages/quad_interfaces/__init__.py
[4.836s] Compiling '/home/devpc/Desktop/quad_ws/install/quad_interfaces/lib/python3.8/site-packages/quad_interfaces/__init__.py'...
[4.840s] -- Up-to-date: /home/devpc/Desktop/quad_ws/install/quad_interfaces/lib/python3.8/site-packages/quad_interfaces/msg
[4.840s] -- Installing: /home/devpc/Desktop/quad_ws/install/quad_interfaces/lib/python3.8/site-packages/quad_interfaces/msg/_emergency_stop_s.c
[4.841s] -- Installing: /home/devpc/Desktop/quad_ws/install/quad_interfaces/lib/python3.8/site-packages/quad_interfaces/msg/_motion_servos_s.c
[4.841s] -- Installing: /home/devpc/Desktop/quad_ws/install/quad_interfaces/lib/python3.8/site-packages/quad_interfaces/msg/_motion_servos.py
[4.842s] -- Installing: /home/devpc/Desktop/quad_ws/install/quad_interfaces/lib/python3.8/site-packages/quad_interfaces/msg/__init__.py
[4.842s] -- Installing: /home/devpc/Desktop/quad_ws/install/quad_interfaces/lib/python3.8/site-packages/quad_interfaces/msg/_emergency_stop.py
[4.842s] -- Installing: /home/devpc/Desktop/quad_ws/install/quad_interfaces/lib/python3.8/site-packages/quad_interfaces/msg/_motion_servos_calibration_s.c
[4.842s] -- Installing: /home/devpc/Desktop/quad_ws/install/quad_interfaces/lib/python3.8/site-packages/quad_interfaces/msg/_motion_servos_calibration.py
[4.842s] -- Installing: /home/devpc/Desktop/quad_ws/install/quad_interfaces/lib/python3.8/site-packages/quad_interfaces/quad_interfaces_s__rosidl_typesupport_fastrtps_c.cpython-38-x86_64-linux-gnu.so
[4.844s] -- Set runtime path of "/home/devpc/Desktop/quad_ws/install/quad_interfaces/lib/python3.8/site-packages/quad_interfaces/quad_interfaces_s__rosidl_typesupport_fastrtps_c.cpython-38-x86_64-linux-gnu.so" to ""
[4.844s] -- Installing: /home/devpc/Desktop/quad_ws/install/quad_interfaces/lib/python3.8/site-packages/quad_interfaces/quad_interfaces_s__rosidl_typesupport_introspection_c.cpython-38-x86_64-linux-gnu.so
[4.845s] -- Set runtime path of "/home/devpc/Desktop/quad_ws/install/quad_interfaces/lib/python3.8/site-packages/quad_interfaces/quad_interfaces_s__rosidl_typesupport_introspection_c.cpython-38-x86_64-linux-gnu.so" to ""
[4.845s] -- Installing: /home/devpc/Desktop/quad_ws/install/quad_interfaces/lib/python3.8/site-packages/quad_interfaces/quad_interfaces_s__rosidl_typesupport_c.cpython-38-x86_64-linux-gnu.so
[4.846s] -- Set runtime path of "/home/devpc/Desktop/quad_ws/install/quad_interfaces/lib/python3.8/site-packages/quad_interfaces/quad_interfaces_s__rosidl_typesupport_c.cpython-38-x86_64-linux-gnu.so" to ""
[4.846s] -- Installing: /home/devpc/Desktop/quad_ws/install/quad_interfaces/lib/libquad_interfaces__python.so
[4.847s] -- Set runtime path of "/home/devpc/Desktop/quad_ws/install/quad_interfaces/lib/libquad_interfaces__python.so" to ""
[4.847s] -- Up-to-date: /home/devpc/Desktop/quad_ws/install/quad_interfaces/share/quad_interfaces/msg/MotionServos.idl
[4.847s] -- Installing: /home/devpc/Desktop/quad_ws/install/quad_interfaces/share/quad_interfaces/msg/MotionServosCalibration.idl
[4.847s] -- Installing: /home/devpc/Desktop/quad_ws/install/quad_interfaces/share/quad_interfaces/msg/EmergencyStop.idl
[4.847s] -- Up-to-date: /home/devpc/Desktop/quad_ws/install/quad_interfaces/share/quad_interfaces/msg/MotionServos.msg
[4.847s] -- Installing: /home/devpc/Desktop/quad_ws/install/quad_interfaces/share/quad_interfaces/msg/MotionServosCalibration.msg
[4.848s] -- Installing: /home/devpc/Desktop/quad_ws/install/quad_interfaces/share/quad_interfaces/msg/EmergencyStop.msg
[4.848s] -- Up-to-date: /home/devpc/Desktop/quad_ws/install/quad_interfaces/share/ament_index/resource_index/package_run_dependencies/quad_interfaces
[4.848s] -- Installing: /home/devpc/Desktop/quad_ws/install/quad_interfaces/share/ament_index/resource_index/parent_prefix_path/quad_interfaces
[4.848s] -- Up-to-date: /home/devpc/Desktop/quad_ws/install/quad_interfaces/share/quad_interfaces/environment/ament_prefix_path.sh
[4.848s] -- Installing: /home/devpc/Desktop/quad_ws/install/quad_interfaces/share/quad_interfaces/environment/ament_prefix_path.dsv
[4.848s] -- Up-to-date: /home/devpc/Desktop/quad_ws/install/quad_interfaces/share/quad_interfaces/environment/path.sh
[4.848s] -- Installing: /home/devpc/Desktop/quad_ws/install/quad_interfaces/share/quad_interfaces/environment/path.dsv
[4.849s] -- Up-to-date: /home/devpc/Desktop/quad_ws/install/quad_interfaces/share/quad_interfaces/local_setup.bash
[4.849s] -- Up-to-date: /home/devpc/Desktop/quad_ws/install/quad_interfaces/share/quad_interfaces/local_setup.sh
[4.849s] -- Up-to-date: /home/devpc/Desktop/quad_ws/install/quad_interfaces/share/quad_interfaces/local_setup.zsh
[4.849s] -- Installing: /home/devpc/Desktop/quad_ws/install/quad_interfaces/share/quad_interfaces/local_setup.dsv
[4.849s] -- Installing: /home/devpc/Desktop/quad_ws/install/quad_interfaces/share/quad_interfaces/package.dsv
[4.849s] -- Up-to-date: /home/devpc/Desktop/quad_ws/install/quad_interfaces/share/ament_index/resource_index/packages/quad_interfaces
[4.849s] -- Up-to-date: /home/devpc/Desktop/quad_ws/install/quad_interfaces/share/quad_interfaces/cmake/quad_interfaces__rosidl_generator_cExport.cmake
[4.849s] -- Installing: /home/devpc/Desktop/quad_ws/install/quad_interfaces/share/quad_interfaces/cmake/quad_interfaces__rosidl_generator_cExport-noconfig.cmake
[4.850s] -- Up-to-date: /home/devpc/Desktop/quad_ws/install/quad_interfaces/share/quad_interfaces/cmake/quad_interfaces__rosidl_typesupport_introspection_cExport.cmake
[4.850s] -- Installing: /home/devpc/Desktop/quad_ws/install/quad_interfaces/share/quad_interfaces/cmake/quad_interfaces__rosidl_typesupport_introspection_cExport-noconfig.cmake
[4.850s] -- Up-to-date: /home/devpc/Desktop/quad_ws/install/quad_interfaces/share/quad_interfaces/cmake/quad_interfaces__rosidl_typesupport_cExport.cmake
[4.850s] -- Installing: /home/devpc/Desktop/quad_ws/install/quad_interfaces/share/quad_interfaces/cmake/quad_interfaces__rosidl_typesupport_cExport-noconfig.cmake
[4.850s] -- Up-to-date: /home/devpc/Desktop/quad_ws/install/quad_interfaces/share/quad_interfaces/cmake/quad_interfaces__rosidl_generator_cppExport.cmake
[4.850s] -- Up-to-date: /home/devpc/Desktop/quad_ws/install/quad_interfaces/share/quad_interfaces/cmake/quad_interfaces__rosidl_typesupport_introspection_cppExport.cmake
[4.850s] -- Installing: /home/devpc/Desktop/quad_ws/install/quad_interfaces/share/quad_interfaces/cmake/quad_interfaces__rosidl_typesupport_introspection_cppExport-noconfig.cmake
[4.851s] -- Up-to-date: /home/devpc/Desktop/quad_ws/install/quad_interfaces/share/quad_interfaces/cmake/quad_interfaces__rosidl_typesupport_cppExport.cmake
[4.851s] -- Installing: /home/devpc/Desktop/quad_ws/install/quad_interfaces/share/quad_interfaces/cmake/quad_interfaces__rosidl_typesupport_cppExport-noconfig.cmake
[4.851s] -- Installing: /home/devpc/Desktop/quad_ws/install/quad_interfaces/share/quad_interfaces/cmake/rosidl_cmake-extras.cmake
[4.851s] -- Up-to-date: /home/devpc/Desktop/quad_ws/install/quad_interfaces/share/quad_interfaces/cmake/ament_cmake_export_dependencies-extras.cmake
[4.851s] -- Up-to-date: /home/devpc/Desktop/quad_ws/install/quad_interfaces/share/quad_interfaces/cmake/ament_cmake_export_libraries-extras.cmake
[4.851s] -- Up-to-date: /home/devpc/Desktop/quad_ws/install/quad_interfaces/share/quad_interfaces/cmake/ament_cmake_export_targets-extras.cmake
[4.851s] -- Up-to-date: /home/devpc/Desktop/quad_ws/install/quad_interfaces/share/quad_interfaces/cmake/ament_cmake_export_include_directories-extras.cmake
[4.851s] -- Up-to-date: /home/devpc/Desktop/quad_ws/install/quad_interfaces/share/quad_interfaces/cmake/rosidl_cmake_export_typesupport_libraries-extras.cmake
[4.852s] -- Up-to-date: /home/devpc/Desktop/quad_ws/install/quad_interfaces/share/quad_interfaces/cmake/rosidl_cmake_export_typesupport_targets-extras.cmake
[4.852s] -- Up-to-date: /home/devpc/Desktop/quad_ws/install/quad_interfaces/share/quad_interfaces/cmake/quad_interfacesConfig.cmake
[4.852s] -- Up-to-date: /home/devpc/Desktop/quad_ws/install/quad_interfaces/share/quad_interfaces/cmake/quad_interfacesConfig-version.cmake
[4.852s] -- Up-to-date: /home/devpc/Desktop/quad_ws/install/quad_interfaces/share/quad_interfaces/package.xml
[4.855s] Invoked command in '/home/devpc/Desktop/quad_ws/build/quad_interfaces' returned '0': CMAKE_PREFIX_PATH=${CMAKE_PREFIX_PATH}:/home/devpc/Desktop/quad_ws/install/quad:/opt/ros/foxy /usr/bin/cmake --install /home/devpc/Desktop/quad_ws/build/quad_interfaces
