[0.105s] Invoking command in '/home/devpc/Desktop/microros_ws/build/statistics_msgs': AMENT_PREFIX_PATH=/home/devpc/Desktop/microros_ws/install/builtin_interfaces:${AMENT_PREFIX_PATH} CMAKE_PREFIX_PATH=/home/devpc/Desktop/microros_ws/install/builtin_interfaces:/home/devpc/Desktop/microros_ws/install/rosidl_typesupport_microxrcedds_cpp:/home/devpc/Desktop/microros_ws/install/rosidl_typesupport_microxrcedds_c:/home/devpc/Desktop/microros_ws/install/microcdr:/home/devpc/Desktop/microros_ws/install/micro_ros_agent:/home/devpc/Desktop/microros_ws/install/microxrcedds_agent:/home/devpc/Desktop/microros_ws/install/micro_ros_setup:/home/devpc/Desktop/microros_ws/install/micro_ros_msgs:/home/devpc/Desktop/quad_ws/install/quad_interfaces:/home/devpc/Desktop/quad_ws/install/quad:/opt/ros/foxy LD_LIBRARY_PATH=/home/devpc/Desktop/microros_ws/install/builtin_interfaces/lib:${LD_LIBRARY_PATH} PYTHONPATH=/home/devpc/Desktop/microros_ws/install/builtin_interfaces/lib/python3.8/site-packages:${PYTHONPATH} /usr/bin/cmake /home/devpc/Desktop/microros_ws/src/ros2/rcl_interfaces/statistics_msgs -DCMAKE_INSTALL_PREFIX=/home/devpc/Desktop/microros_ws/install/statistics_msgs
[0.268s] -- The C compiler identification is GNU 9.3.0
[0.425s] -- The CXX compiler identification is GNU 9.3.0
[0.435s] -- Check for working C compiler: /usr/bin/cc
[0.735s] -- Check for working C compiler: /usr/bin/cc -- works
[0.736s] -- Detecting C compiler ABI info
[1.058s] -- Detecting C compiler ABI info - done
[1.098s] -- Detecting C compile features
[1.099s] -- Detecting C compile features - done
[1.119s] -- Check for working CXX compiler: /usr/bin/c++
[1.496s] -- Check for working CXX compiler: /usr/bin/c++ -- works
[1.498s] -- Detecting CXX compiler ABI info
[1.872s] -- Detecting CXX compiler ABI info - done
[1.903s] -- Detecting CXX compile features
[1.903s] -- Detecting CXX compile features - done
[1.922s] -- Found ament_cmake: 0.9.8 (/opt/ros/foxy/share/ament_cmake/cmake)
[2.001s] -- Found PythonInterp: /usr/bin/python3 (found suitable version "3.8.10", minimum required is "3") 
[2.001s] -- Using PYTHON_EXECUTABLE: /usr/bin/python3
[2.854s] -- Found builtin_interfaces: 1.0.0 (/home/devpc/Desktop/microros_ws/install/builtin_interfaces/share/builtin_interfaces/cmake)
[2.964s] -- Using all available rosidl_typesupport_c: rosidl_typesupport_microxrcedds_c;rosidl_typesupport_fastrtps_c;rosidl_typesupport_introspection_c
[3.008s] -- Found rosidl_adapter: 1.2.1 (/opt/ros/foxy/share/rosidl_adapter/cmake)
[3.575s] -- Found OpenSSL: /usr/lib/x86_64-linux-gnu/libcrypto.so (found version "1.1.1f")  
[3.687s] -- Found FastRTPS: /opt/ros/foxy/include  
[3.943s] -- Using all available rosidl_typesupport_cpp: rosidl_typesupport_microxrcedds_cpp;rosidl_typesupport_fastrtps_cpp;rosidl_typesupport_introspection_cpp
[4.048s] -- Found rosidl_default_generators: 1.0.1 (/opt/ros/foxy/share/rosidl_default_generators/cmake)
[4.204s] -- Found PythonInterp: /usr/bin/python3 (found version "3.8.10") 
[4.792s] -- Found ament_cmake_ros: 0.9.2 (/opt/ros/foxy/share/ament_cmake_ros/cmake)
[5.334s] -- Using all available rosidl_typesupport_c: rosidl_typesupport_microxrcedds_c;rosidl_typesupport_fastrtps_c;rosidl_typesupport_introspection_c
[5.410s] -- Using all available rosidl_typesupport_cpp: rosidl_typesupport_microxrcedds_cpp;rosidl_typesupport_fastrtps_cpp;rosidl_typesupport_introspection_cpp
[5.499s] -- Found PythonInterp: /usr/bin/python3 (found suitable version "3.8.10", minimum required is "3.5") 
[5.502s] -- Found python_cmake_module: 0.8.1 (/opt/ros/foxy/share/python_cmake_module/cmake)
[5.597s] -- Found PythonLibs: /usr/lib/x86_64-linux-gnu/libpython3.8.so (found suitable version "3.8.10", minimum required is "3.5") 
[5.598s] -- Using PYTHON_EXECUTABLE: /usr/bin/python3
[5.598s] -- Using PYTHON_INCLUDE_DIRS: /usr/include/python3.8
[5.598s] -- Using PYTHON_LIBRARIES: /usr/lib/x86_64-linux-gnu/libpython3.8.so
[5.733s] -- Found PythonExtra: .so  
[5.955s] -- Configuring done
[6.201s] -- Generating done
[6.214s] -- Build files have been written to: /home/devpc/Desktop/microros_ws/build/statistics_msgs
[6.237s] Invoked command in '/home/devpc/Desktop/microros_ws/build/statistics_msgs' returned '0': AMENT_PREFIX_PATH=/home/devpc/Desktop/microros_ws/install/builtin_interfaces:${AMENT_PREFIX_PATH} CMAKE_PREFIX_PATH=/home/devpc/Desktop/microros_ws/install/builtin_interfaces:/home/devpc/Desktop/microros_ws/install/rosidl_typesupport_microxrcedds_cpp:/home/devpc/Desktop/microros_ws/install/rosidl_typesupport_microxrcedds_c:/home/devpc/Desktop/microros_ws/install/microcdr:/home/devpc/Desktop/microros_ws/install/micro_ros_agent:/home/devpc/Desktop/microros_ws/install/microxrcedds_agent:/home/devpc/Desktop/microros_ws/install/micro_ros_setup:/home/devpc/Desktop/microros_ws/install/micro_ros_msgs:/home/devpc/Desktop/quad_ws/install/quad_interfaces:/home/devpc/Desktop/quad_ws/install/quad:/opt/ros/foxy LD_LIBRARY_PATH=/home/devpc/Desktop/microros_ws/install/builtin_interfaces/lib:${LD_LIBRARY_PATH} PYTHONPATH=/home/devpc/Desktop/microros_ws/install/builtin_interfaces/lib/python3.8/site-packages:${PYTHONPATH} /usr/bin/cmake /home/devpc/Desktop/microros_ws/src/ros2/rcl_interfaces/statistics_msgs -DCMAKE_INSTALL_PREFIX=/home/devpc/Desktop/microros_ws/install/statistics_msgs
[6.240s] Invoking command in '/home/devpc/Desktop/microros_ws/build/statistics_msgs': AMENT_PREFIX_PATH=/home/devpc/Desktop/microros_ws/install/builtin_interfaces:${AMENT_PREFIX_PATH} CMAKE_PREFIX_PATH=/home/devpc/Desktop/microros_ws/install/builtin_interfaces:/home/devpc/Desktop/microros_ws/install/rosidl_typesupport_microxrcedds_cpp:/home/devpc/Desktop/microros_ws/install/rosidl_typesupport_microxrcedds_c:/home/devpc/Desktop/microros_ws/install/microcdr:/home/devpc/Desktop/microros_ws/install/micro_ros_agent:/home/devpc/Desktop/microros_ws/install/microxrcedds_agent:/home/devpc/Desktop/microros_ws/install/micro_ros_setup:/home/devpc/Desktop/microros_ws/install/micro_ros_msgs:/home/devpc/Desktop/quad_ws/install/quad_interfaces:/home/devpc/Desktop/quad_ws/install/quad:/opt/ros/foxy LD_LIBRARY_PATH=/home/devpc/Desktop/microros_ws/install/builtin_interfaces/lib:${LD_LIBRARY_PATH} PYTHONPATH=/home/devpc/Desktop/microros_ws/install/builtin_interfaces/lib/python3.8/site-packages:${PYTHONPATH} /usr/bin/cmake --build /home/devpc/Desktop/microros_ws/build/statistics_msgs -- -j8 -l8
[6.973s] [35m[1mScanning dependencies of target statistics_msgs__cpp[0m
[6.973s] [  1%] [34m[1mGenerating C code for ROS interfaces[0m
[6.974s] [  3%] [34m[1mGenerating C++ code for ROS interfaces[0m
[10.567s] [  3%] Built target statistics_msgs__cpp
[10.632s] [  5%] [34m[1mGenerating C++ type support for eProsima Fast-RTPS[0m
[10.684s] [  6%] [34m[1mGenerating C++ type support for eProsima Micro XRCE-DDS[0m
[10.692s] [  8%] [34m[1mGenerating C++ type support dispatch for ROS interfaces[0m
[10.871s] [35m[1mScanning dependencies of target statistics_msgs__rosidl_generator_c[0m
[10.965s] [ 10%] [32mBuilding C object CMakeFiles/statistics_msgs__rosidl_generator_c.dir/rosidl_generator_c/statistics_msgs/msg/detail/statistic_data_point__functions.c.o[0m
[10.971s] [ 11%] [32mBuilding C object CMakeFiles/statistics_msgs__rosidl_generator_c.dir/rosidl_generator_c/statistics_msgs/msg/detail/metrics_message__functions.c.o[0m
[10.976s] [ 13%] [32mBuilding C object CMakeFiles/statistics_msgs__rosidl_generator_c.dir/rosidl_generator_c/statistics_msgs/msg/detail/statistic_data_type__functions.c.o[0m
[11.294s] [ 15%] [32m[1mLinking C shared library libstatistics_msgs__rosidl_generator_c.so[0m
[11.518s] [ 15%] Built target statistics_msgs__rosidl_generator_c
[12.226s] [35m[1mScanning dependencies of target statistics_msgs__rosidl_typesupport_cpp[0m
[12.284s] [ 16%] [32mBuilding CXX object CMakeFiles/statistics_msgs__rosidl_typesupport_cpp.dir/rosidl_typesupport_cpp/statistics_msgs/msg/metrics_message__type_support.cpp.o[0m
[12.711s] [35m[1mScanning dependencies of target statistics_msgs__rosidl_typesupport_fastrtps_cpp[0m
[12.760s] [ 18%] [32mBuilding CXX object CMakeFiles/statistics_msgs__rosidl_typesupport_fastrtps_cpp.dir/rosidl_typesupport_fastrtps_cpp/statistics_msgs/msg/detail/dds_fastrtps/metrics_message__type_support.cpp.o[0m
[13.177s] [35m[1mScanning dependencies of target statistics_msgs__rosidl_typesupport_microxrcedds_cpp[0m
[13.250s] [ 20%] [32mBuilding CXX object CMakeFiles/statistics_msgs__rosidl_typesupport_microxrcedds_cpp.dir/rosidl_typesupport_microxrcedds_cpp/statistics_msgs/msg/detail/microxrcedds/metrics_message__type_support_cpp.cpp.o[0m
[13.587s] [ 22%] [32mBuilding CXX object CMakeFiles/statistics_msgs__rosidl_typesupport_cpp.dir/rosidl_typesupport_cpp/statistics_msgs/msg/statistic_data_point__type_support.cpp.o[0m
[14.014s] [ 23%] [32mBuilding CXX object CMakeFiles/statistics_msgs__rosidl_typesupport_fastrtps_cpp.dir/rosidl_typesupport_fastrtps_cpp/statistics_msgs/msg/detail/dds_fastrtps/statistic_data_point__type_support.cpp.o[0m
[14.249s] [ 25%] [32mBuilding CXX object CMakeFiles/statistics_msgs__rosidl_typesupport_microxrcedds_cpp.dir/rosidl_typesupport_microxrcedds_cpp/statistics_msgs/msg/detail/microxrcedds/statistic_data_point__type_support_cpp.cpp.o[0m
[14.625s] [ 27%] [32mBuilding CXX object CMakeFiles/statistics_msgs__rosidl_typesupport_cpp.dir/rosidl_typesupport_cpp/statistics_msgs/msg/statistic_data_type__type_support.cpp.o[0m
[14.982s] [ 28%] [32mBuilding CXX object CMakeFiles/statistics_msgs__rosidl_typesupport_microxrcedds_cpp.dir/rosidl_typesupport_microxrcedds_cpp/statistics_msgs/msg/detail/microxrcedds/statistic_data_type__type_support_cpp.cpp.o[0m
[15.178s] [ 30%] [32mBuilding CXX object CMakeFiles/statistics_msgs__rosidl_typesupport_fastrtps_cpp.dir/rosidl_typesupport_fastrtps_cpp/statistics_msgs/msg/detail/dds_fastrtps/statistic_data_type__type_support.cpp.o[0m
[15.262s] [ 32%] [32m[1mLinking CXX shared library libstatistics_msgs__rosidl_typesupport_cpp.so[0m
[15.402s] [ 32%] Built target statistics_msgs__rosidl_typesupport_cpp
[15.555s] [ 33%] [32m[1mLinking CXX shared library libstatistics_msgs__rosidl_typesupport_microxrcedds_cpp.so[0m
[15.768s] [ 33%] Built target statistics_msgs__rosidl_typesupport_microxrcedds_cpp
[15.940s] [ 35%] [32m[1mLinking CXX shared library libstatistics_msgs__rosidl_typesupport_fastrtps_cpp.so[0m
[16.086s] [ 35%] Built target statistics_msgs__rosidl_typesupport_fastrtps_cpp
[16.104s] [ 37%] [34m[1mGenerating C type support dispatch for ROS interfaces[0m
[16.909s] [35m[1mScanning dependencies of target statistics_msgs__rosidl_typesupport_c[0m
[16.933s] [ 38%] [32mBuilding CXX object CMakeFiles/statistics_msgs__rosidl_typesupport_c.dir/rosidl_typesupport_c/statistics_msgs/msg/metrics_message__type_support.cpp.o[0m
[16.995s] [ 40%] [32mBuilding CXX object CMakeFiles/statistics_msgs__rosidl_typesupport_c.dir/rosidl_typesupport_c/statistics_msgs/msg/statistic_data_type__type_support.cpp.o[0m
[17.040s] [ 42%] [32mBuilding CXX object CMakeFiles/statistics_msgs__rosidl_typesupport_c.dir/rosidl_typesupport_c/statistics_msgs/msg/statistic_data_point__type_support.cpp.o[0m
[17.082s] [ 44%] [32m[1mLinking CXX shared library libstatistics_msgs__rosidl_typesupport_c.so[0m
[17.153s] [ 44%] Built target statistics_msgs__rosidl_typesupport_c
[17.171s] [ 45%] [34m[1mGenerating C type support for eProsima Fast-RTPS[0m
[18.085s] [35m[1mScanning dependencies of target statistics_msgs__rosidl_typesupport_fastrtps_c[0m
[18.136s] [ 47%] [32mBuilding CXX object CMakeFiles/statistics_msgs__rosidl_typesupport_fastrtps_c.dir/rosidl_typesupport_fastrtps_c/statistics_msgs/msg/detail/metrics_message__type_support_c.cpp.o[0m
[18.834s] [ 49%] [32mBuilding CXX object CMakeFiles/statistics_msgs__rosidl_typesupport_fastrtps_c.dir/rosidl_typesupport_fastrtps_c/statistics_msgs/msg/detail/statistic_data_type__type_support_c.cpp.o[0m
[19.549s] [ 50%] [32mBuilding CXX object CMakeFiles/statistics_msgs__rosidl_typesupport_fastrtps_c.dir/rosidl_typesupport_fastrtps_c/statistics_msgs/msg/detail/statistic_data_point__type_support_c.cpp.o[0m
[20.185s] [ 52%] [32m[1mLinking CXX shared library libstatistics_msgs__rosidl_typesupport_fastrtps_c.so[0m
[20.327s] [ 52%] Built target statistics_msgs__rosidl_typesupport_fastrtps_c
[20.342s] [ 54%] [34m[1mGenerating C type support for eProsima Micro XRCE-DDS[0m
[21.193s] [35m[1mScanning dependencies of target statistics_msgs__rosidl_typesupport_microxrcedds_c[0m
[21.220s] [ 55%] [32mBuilding C object CMakeFiles/statistics_msgs__rosidl_typesupport_microxrcedds_c.dir/rosidl_typesupport_microxrcedds_c/statistics_msgs/msg/detail/microxrcedds/metrics_message__type_support_c.c.o[0m
[21.289s] [ 57%] [32mBuilding C object CMakeFiles/statistics_msgs__rosidl_typesupport_microxrcedds_c.dir/rosidl_typesupport_microxrcedds_c/statistics_msgs/msg/detail/microxrcedds/statistic_data_type__type_support_c.c.o[0m
[21.392s] [ 59%] [32mBuilding C object CMakeFiles/statistics_msgs__rosidl_typesupport_microxrcedds_c.dir/rosidl_typesupport_microxrcedds_c/statistics_msgs/msg/detail/microxrcedds/statistic_data_point__type_support_c.c.o[0m
[21.523s] [ 61%] [32m[1mLinking C shared library libstatistics_msgs__rosidl_typesupport_microxrcedds_c.so[0m
[21.590s] [ 61%] Built target statistics_msgs__rosidl_typesupport_microxrcedds_c
[21.619s] [ 62%] [34m[1mGenerating C introspection for ROS interfaces[0m
[22.595s] [35m[1mScanning dependencies of target statistics_msgs__rosidl_typesupport_introspection_c[0m
[22.643s] [ 64%] [32mBuilding C object CMakeFiles/statistics_msgs__rosidl_typesupport_introspection_c.dir/rosidl_typesupport_introspection_c/statistics_msgs/msg/detail/metrics_message__type_support.c.o[0m
[22.773s] [ 66%] [32mBuilding C object CMakeFiles/statistics_msgs__rosidl_typesupport_introspection_c.dir/rosidl_typesupport_introspection_c/statistics_msgs/msg/detail/statistic_data_type__type_support.c.o[0m
[22.838s] [ 67%] [32mBuilding C object CMakeFiles/statistics_msgs__rosidl_typesupport_introspection_c.dir/rosidl_typesupport_introspection_c/statistics_msgs/msg/detail/statistic_data_point__type_support.c.o[0m
[22.925s] [ 69%] [32m[1mLinking C shared library libstatistics_msgs__rosidl_typesupport_introspection_c.so[0m
[23.011s] [ 69%] Built target statistics_msgs__rosidl_typesupport_introspection_c
[23.031s] [ 71%] [34m[1mGenerating C++ introspection for ROS interfaces[0m
[23.958s] [35m[1mScanning dependencies of target statistics_msgs__rosidl_typesupport_introspection_cpp[0m
[24.005s] [ 72%] [32mBuilding CXX object CMakeFiles/statistics_msgs__rosidl_typesupport_introspection_cpp.dir/rosidl_typesupport_introspection_cpp/statistics_msgs/msg/detail/metrics_message__type_support.cpp.o[0m
[24.616s] [ 74%] [32mBuilding CXX object CMakeFiles/statistics_msgs__rosidl_typesupport_introspection_cpp.dir/rosidl_typesupport_introspection_cpp/statistics_msgs/msg/detail/statistic_data_type__type_support.cpp.o[0m
[25.137s] [ 76%] [32mBuilding CXX object CMakeFiles/statistics_msgs__rosidl_typesupport_introspection_cpp.dir/rosidl_typesupport_introspection_cpp/statistics_msgs/msg/detail/statistic_data_point__type_support.cpp.o[0m
[25.643s] [ 77%] [32m[1mLinking CXX shared library libstatistics_msgs__rosidl_typesupport_introspection_cpp.so[0m
[25.756s] [ 77%] Built target statistics_msgs__rosidl_typesupport_introspection_cpp
[25.779s] [35m[1mScanning dependencies of target statistics_msgs[0m
[25.794s] [ 77%] Built target statistics_msgs
[25.810s] [35m[1mScanning dependencies of target statistics_msgs__py[0m
[25.827s] [ 79%] [34m[1mGenerating Python code for ROS interfaces[0m
[27.699s] [ 79%] Built target statistics_msgs__py
[27.709s] [35m[1mScanning dependencies of target statistics_msgs__python[0m
[27.732s] [ 81%] [32mBuilding C object CMakeFiles/statistics_msgs__python.dir/rosidl_generator_py/statistics_msgs/msg/_metrics_message_s.c.o[0m
[27.830s] [ 83%] [32mBuilding C object CMakeFiles/statistics_msgs__python.dir/rosidl_generator_py/statistics_msgs/msg/_statistic_data_type_s.c.o[0m
[27.920s] [ 84%] [32mBuilding C object CMakeFiles/statistics_msgs__python.dir/rosidl_generator_py/statistics_msgs/msg/_statistic_data_point_s.c.o[0m
[28.009s] [ 86%] [32m[1mLinking C shared library rosidl_generator_py/statistics_msgs/libstatistics_msgs__python.so[0m
[28.049s] [ 86%] Built target statistics_msgs__python
[28.059s] [35m[1mScanning dependencies of target statistics_msgs__rosidl_typesupport_c__pyext[0m
[28.078s] [ 88%] [32mBuilding C object CMakeFiles/statistics_msgs__rosidl_typesupport_c__pyext.dir/rosidl_generator_py/statistics_msgs/_statistics_msgs_s.ep.rosidl_typesupport_c.c.o[0m
[28.168s] [ 89%] [32m[1mLinking C shared library rosidl_generator_py/statistics_msgs/statistics_msgs_s__rosidl_typesupport_c.cpython-38-x86_64-linux-gnu.so[0m
[28.206s] [ 89%] Built target statistics_msgs__rosidl_typesupport_c__pyext
[28.220s] [35m[1mScanning dependencies of target statistics_msgs__rosidl_typesupport_introspection_c__pyext[0m
[28.247s] [ 91%] [32mBuilding C object CMakeFiles/statistics_msgs__rosidl_typesupport_introspection_c__pyext.dir/rosidl_generator_py/statistics_msgs/_statistics_msgs_s.ep.rosidl_typesupport_introspection_c.c.o[0m
[28.403s] [ 93%] [32m[1mLinking C shared library rosidl_generator_py/statistics_msgs/statistics_msgs_s__rosidl_typesupport_introspection_c.cpython-38-x86_64-linux-gnu.so[0m
[28.454s] [ 93%] Built target statistics_msgs__rosidl_typesupport_introspection_c__pyext
[28.468s] [35m[1mScanning dependencies of target statistics_msgs__rosidl_typesupport_microxrcedds_c__pyext[0m
[28.495s] [ 94%] [32mBuilding C object CMakeFiles/statistics_msgs__rosidl_typesupport_microxrcedds_c__pyext.dir/rosidl_generator_py/statistics_msgs/_statistics_msgs_s.ep.rosidl_typesupport_microxrcedds_c.c.o[0m
[28.649s] [ 96%] [32m[1mLinking C shared library rosidl_generator_py/statistics_msgs/statistics_msgs_s__rosidl_typesupport_microxrcedds_c.cpython-38-x86_64-linux-gnu.so[0m
[28.700s] [ 96%] Built target statistics_msgs__rosidl_typesupport_microxrcedds_c__pyext
[28.715s] [35m[1mScanning dependencies of target statistics_msgs__rosidl_typesupport_fastrtps_c__pyext[0m
[28.744s] [ 98%] [32mBuilding C object CMakeFiles/statistics_msgs__rosidl_typesupport_fastrtps_c__pyext.dir/rosidl_generator_py/statistics_msgs/_statistics_msgs_s.ep.rosidl_typesupport_fastrtps_c.c.o[0m
[28.894s] [100%] [32m[1mLinking CXX shared library rosidl_generator_py/statistics_msgs/statistics_msgs_s__rosidl_typesupport_fastrtps_c.cpython-38-x86_64-linux-gnu.so[0m
[28.987s] [100%] Built target statistics_msgs__rosidl_typesupport_fastrtps_c__pyext
[29.004s] Invoked command in '/home/devpc/Desktop/microros_ws/build/statistics_msgs' returned '0': AMENT_PREFIX_PATH=/home/devpc/Desktop/microros_ws/install/builtin_interfaces:${AMENT_PREFIX_PATH} CMAKE_PREFIX_PATH=/home/devpc/Desktop/microros_ws/install/builtin_interfaces:/home/devpc/Desktop/microros_ws/install/rosidl_typesupport_microxrcedds_cpp:/home/devpc/Desktop/microros_ws/install/rosidl_typesupport_microxrcedds_c:/home/devpc/Desktop/microros_ws/install/microcdr:/home/devpc/Desktop/microros_ws/install/micro_ros_agent:/home/devpc/Desktop/microros_ws/install/microxrcedds_agent:/home/devpc/Desktop/microros_ws/install/micro_ros_setup:/home/devpc/Desktop/microros_ws/install/micro_ros_msgs:/home/devpc/Desktop/quad_ws/install/quad_interfaces:/home/devpc/Desktop/quad_ws/install/quad:/opt/ros/foxy LD_LIBRARY_PATH=/home/devpc/Desktop/microros_ws/install/builtin_interfaces/lib:${LD_LIBRARY_PATH} PYTHONPATH=/home/devpc/Desktop/microros_ws/install/builtin_interfaces/lib/python3.8/site-packages:${PYTHONPATH} /usr/bin/cmake --build /home/devpc/Desktop/microros_ws/build/statistics_msgs -- -j8 -l8
[29.152s] Invoking command in '/home/devpc/Desktop/microros_ws/build/statistics_msgs': AMENT_PREFIX_PATH=/home/devpc/Desktop/microros_ws/install/builtin_interfaces:${AMENT_PREFIX_PATH} CMAKE_PREFIX_PATH=/home/devpc/Desktop/microros_ws/install/builtin_interfaces:/home/devpc/Desktop/microros_ws/install/rosidl_typesupport_microxrcedds_cpp:/home/devpc/Desktop/microros_ws/install/rosidl_typesupport_microxrcedds_c:/home/devpc/Desktop/microros_ws/install/microcdr:/home/devpc/Desktop/microros_ws/install/micro_ros_agent:/home/devpc/Desktop/microros_ws/install/microxrcedds_agent:/home/devpc/Desktop/microros_ws/install/micro_ros_setup:/home/devpc/Desktop/microros_ws/install/micro_ros_msgs:/home/devpc/Desktop/quad_ws/install/quad_interfaces:/home/devpc/Desktop/quad_ws/install/quad:/opt/ros/foxy LD_LIBRARY_PATH=/home/devpc/Desktop/microros_ws/install/builtin_interfaces/lib:${LD_LIBRARY_PATH} PYTHONPATH=/home/devpc/Desktop/microros_ws/install/builtin_interfaces/lib/python3.8/site-packages:${PYTHONPATH} /usr/bin/cmake --install /home/devpc/Desktop/microros_ws/build/statistics_msgs
[54.604s] -- Install configuration: ""
[54.605s] -- Installing: /home/devpc/Desktop/microros_ws/install/statistics_msgs/share/ament_index/resource_index/rosidl_interfaces/statistics_msgs
[54.605s] -- Installing: /home/devpc/Desktop/microros_ws/install/statistics_msgs/include/statistics_msgs
[54.605s] -- Installing: /home/devpc/Desktop/microros_ws/install/statistics_msgs/include/statistics_msgs/msg
[54.605s] -- Installing: /home/devpc/Desktop/microros_ws/install/statistics_msgs/include/statistics_msgs/msg/statistic_data_type.h
[54.605s] -- Installing: /home/devpc/Desktop/microros_ws/install/statistics_msgs/include/statistics_msgs/msg/detail
[54.606s] -- Installing: /home/devpc/Desktop/microros_ws/install/statistics_msgs/include/statistics_msgs/msg/detail/statistic_data_type__functions.h
[54.606s] -- Installing: /home/devpc/Desktop/microros_ws/install/statistics_msgs/include/statistics_msgs/msg/detail/statistic_data_type__struct.h
[54.606s] -- Installing: /home/devpc/Desktop/microros_ws/install/statistics_msgs/include/statistics_msgs/msg/detail/metrics_message__type_support.h
[54.606s] -- Installing: /home/devpc/Desktop/microros_ws/install/statistics_msgs/include/statistics_msgs/msg/detail/metrics_message__functions.c
[54.606s] -- Installing: /home/devpc/Desktop/microros_ws/install/statistics_msgs/include/statistics_msgs/msg/detail/statistic_data_point__functions.c
[54.606s] -- Installing: /home/devpc/Desktop/microros_ws/install/statistics_msgs/include/statistics_msgs/msg/detail/statistic_data_point__type_support.h
[54.607s] -- Installing: /home/devpc/Desktop/microros_ws/install/statistics_msgs/include/statistics_msgs/msg/detail/statistic_data_point__struct.h
[54.607s] -- Installing: /home/devpc/Desktop/microros_ws/install/statistics_msgs/include/statistics_msgs/msg/detail/statistic_data_type__functions.c
[54.607s] -- Installing: /home/devpc/Desktop/microros_ws/install/statistics_msgs/include/statistics_msgs/msg/detail/statistic_data_point__functions.h
[54.607s] -- Installing: /home/devpc/Desktop/microros_ws/install/statistics_msgs/include/statistics_msgs/msg/detail/statistic_data_type__type_support.h
[54.607s] -- Installing: /home/devpc/Desktop/microros_ws/install/statistics_msgs/include/statistics_msgs/msg/detail/metrics_message__struct.h
[54.609s] -- Installing: /home/devpc/Desktop/microros_ws/install/statistics_msgs/include/statistics_msgs/msg/detail/metrics_message__functions.h
[54.610s] -- Installing: /home/devpc/Desktop/microros_ws/install/statistics_msgs/include/statistics_msgs/msg/statistic_data_point.h
[54.610s] -- Installing: /home/devpc/Desktop/microros_ws/install/statistics_msgs/include/statistics_msgs/msg/metrics_message.h
[54.611s] -- Installing: /home/devpc/Desktop/microros_ws/install/statistics_msgs/include/statistics_msgs/msg/rosidl_generator_c__visibility_control.h
[54.611s] -- Installing: /home/devpc/Desktop/microros_ws/install/statistics_msgs/share/statistics_msgs/environment/library_path.sh
[54.611s] -- Installing: /home/devpc/Desktop/microros_ws/install/statistics_msgs/share/statistics_msgs/environment/library_path.dsv
[54.611s] -- Installing: /home/devpc/Desktop/microros_ws/install/statistics_msgs/lib/libstatistics_msgs__rosidl_generator_c.so
[54.611s] -- Set runtime path of "/home/devpc/Desktop/microros_ws/install/statistics_msgs/lib/libstatistics_msgs__rosidl_generator_c.so" to ""
[54.612s] -- Up-to-date: /home/devpc/Desktop/microros_ws/install/statistics_msgs/include/statistics_msgs
[54.612s] -- Up-to-date: /home/devpc/Desktop/microros_ws/install/statistics_msgs/include/statistics_msgs/msg
[54.612s] -- Up-to-date: /home/devpc/Desktop/microros_ws/install/statistics_msgs/include/statistics_msgs/msg/detail
[54.612s] -- Installing: /home/devpc/Desktop/microros_ws/install/statistics_msgs/include/statistics_msgs/msg/detail/metrics_message__rosidl_typesupport_microxrcedds_c.h
[54.612s] -- Installing: /home/devpc/Desktop/microros_ws/install/statistics_msgs/include/statistics_msgs/msg/detail/statistic_data_type__rosidl_typesupport_microxrcedds_c.h
[54.613s] -- Installing: /home/devpc/Desktop/microros_ws/install/statistics_msgs/include/statistics_msgs/msg/detail/microxrcedds
[54.613s] -- Installing: /home/devpc/Desktop/microros_ws/install/statistics_msgs/include/statistics_msgs/msg/detail/statistic_data_point__rosidl_typesupport_microxrcedds_c.h
[54.614s] -- Installing: /home/devpc/Desktop/microros_ws/install/statistics_msgs/include/statistics_msgs/msg/rosidl_typesupport_microxrcedds_c__visibility_control.h
[54.614s] -- Installing: /home/devpc/Desktop/microros_ws/install/statistics_msgs/lib/libstatistics_msgs__rosidl_typesupport_microxrcedds_c.so
[54.614s] -- Set runtime path of "/home/devpc/Desktop/microros_ws/install/statistics_msgs/lib/libstatistics_msgs__rosidl_typesupport_microxrcedds_c.so" to ""
[54.614s] -- Up-to-date: /home/devpc/Desktop/microros_ws/install/statistics_msgs/include/statistics_msgs
[54.614s] -- Up-to-date: /home/devpc/Desktop/microros_ws/install/statistics_msgs/include/statistics_msgs/msg
[54.615s] -- Up-to-date: /home/devpc/Desktop/microros_ws/install/statistics_msgs/include/statistics_msgs/msg/detail
[54.615s] -- Installing: /home/devpc/Desktop/microros_ws/install/statistics_msgs/include/statistics_msgs/msg/detail/statistic_data_type__rosidl_typesupport_fastrtps_c.h
[54.616s] -- Installing: /home/devpc/Desktop/microros_ws/install/statistics_msgs/include/statistics_msgs/msg/detail/statistic_data_point__rosidl_typesupport_fastrtps_c.h
[54.627s] -- Installing: /home/devpc/Desktop/microros_ws/install/statistics_msgs/include/statistics_msgs/msg/detail/metrics_message__rosidl_typesupport_fastrtps_c.h
[54.631s] -- Installing: /home/devpc/Desktop/microros_ws/install/statistics_msgs/include/statistics_msgs/msg/rosidl_typesupport_fastrtps_c__visibility_control.h
[54.632s] -- Installing: /home/devpc/Desktop/microros_ws/install/statistics_msgs/lib/libstatistics_msgs__rosidl_typesupport_fastrtps_c.so
[54.632s] -- Set runtime path of "/home/devpc/Desktop/microros_ws/install/statistics_msgs/lib/libstatistics_msgs__rosidl_typesupport_fastrtps_c.so" to ""
[54.632s] -- Up-to-date: /home/devpc/Desktop/microros_ws/install/statistics_msgs/include/statistics_msgs
[54.632s] -- Up-to-date: /home/devpc/Desktop/microros_ws/install/statistics_msgs/include/statistics_msgs/msg
[54.632s] -- Up-to-date: /home/devpc/Desktop/microros_ws/install/statistics_msgs/include/statistics_msgs/msg/detail
[54.632s] -- Installing: /home/devpc/Desktop/microros_ws/install/statistics_msgs/include/statistics_msgs/msg/detail/statistic_data_type__rosidl_typesupport_fastrtps_cpp.hpp
[54.632s] -- Installing: /home/devpc/Desktop/microros_ws/install/statistics_msgs/include/statistics_msgs/msg/detail/statistic_data_point__rosidl_typesupport_fastrtps_cpp.hpp
[54.633s] -- Installing: /home/devpc/Desktop/microros_ws/install/statistics_msgs/include/statistics_msgs/msg/detail/metrics_message__rosidl_typesupport_fastrtps_cpp.hpp
[54.633s] -- Installing: /home/devpc/Desktop/microros_ws/install/statistics_msgs/include/statistics_msgs/msg/detail/dds_fastrtps
[54.633s] -- Installing: /home/devpc/Desktop/microros_ws/install/statistics_msgs/include/statistics_msgs/msg/rosidl_typesupport_fastrtps_cpp__visibility_control.h
[54.633s] -- Installing: /home/devpc/Desktop/microros_ws/install/statistics_msgs/lib/libstatistics_msgs__rosidl_typesupport_fastrtps_cpp.so
[54.633s] -- Set runtime path of "/home/devpc/Desktop/microros_ws/install/statistics_msgs/lib/libstatistics_msgs__rosidl_typesupport_fastrtps_cpp.so" to ""
[54.633s] -- Up-to-date: /home/devpc/Desktop/microros_ws/install/statistics_msgs/include/statistics_msgs
[54.633s] -- Up-to-date: /home/devpc/Desktop/microros_ws/install/statistics_msgs/include/statistics_msgs/msg
[54.633s] -- Up-to-date: /home/devpc/Desktop/microros_ws/install/statistics_msgs/include/statistics_msgs/msg/detail
[54.634s] -- Installing: /home/devpc/Desktop/microros_ws/install/statistics_msgs/include/statistics_msgs/msg/detail/statistic_data_point__type_support.c
[54.634s] -- Installing: /home/devpc/Desktop/microros_ws/install/statistics_msgs/include/statistics_msgs/msg/detail/metrics_message__type_support.c
[54.634s] -- Installing: /home/devpc/Desktop/microros_ws/install/statistics_msgs/include/statistics_msgs/msg/detail/statistic_data_type__rosidl_typesupport_introspection_c.h
[54.634s] -- Installing: /home/devpc/Desktop/microros_ws/install/statistics_msgs/include/statistics_msgs/msg/detail/statistic_data_type__type_support.c
[54.634s] -- Installing: /home/devpc/Desktop/microros_ws/install/statistics_msgs/include/statistics_msgs/msg/detail/metrics_message__rosidl_typesupport_introspection_c.h
[54.634s] -- Installing: /home/devpc/Desktop/microros_ws/install/statistics_msgs/include/statistics_msgs/msg/detail/statistic_data_point__rosidl_typesupport_introspection_c.h
[54.634s] -- Installing: /home/devpc/Desktop/microros_ws/install/statistics_msgs/include/statistics_msgs/msg/rosidl_typesupport_introspection_c__visibility_control.h
[54.635s] -- Installing: /home/devpc/Desktop/microros_ws/install/statistics_msgs/lib/libstatistics_msgs__rosidl_typesupport_introspection_c.so
[54.635s] -- Set runtime path of "/home/devpc/Desktop/microros_ws/install/statistics_msgs/lib/libstatistics_msgs__rosidl_typesupport_introspection_c.so" to ""
[54.635s] -- Installing: /home/devpc/Desktop/microros_ws/install/statistics_msgs/lib/libstatistics_msgs__rosidl_typesupport_c.so
[54.635s] -- Set runtime path of "/home/devpc/Desktop/microros_ws/install/statistics_msgs/lib/libstatistics_msgs__rosidl_typesupport_c.so" to ""
[54.635s] -- Up-to-date: /home/devpc/Desktop/microros_ws/install/statistics_msgs/include/statistics_msgs
[54.635s] -- Up-to-date: /home/devpc/Desktop/microros_ws/install/statistics_msgs/include/statistics_msgs/msg
[54.635s] -- Installing: /home/devpc/Desktop/microros_ws/install/statistics_msgs/include/statistics_msgs/msg/metrics_message.hpp
[54.635s] -- Up-to-date: /home/devpc/Desktop/microros_ws/install/statistics_msgs/include/statistics_msgs/msg/detail
[54.636s] -- Installing: /home/devpc/Desktop/microros_ws/install/statistics_msgs/include/statistics_msgs/msg/detail/metrics_message__builder.hpp
[54.636s] -- Installing: /home/devpc/Desktop/microros_ws/install/statistics_msgs/include/statistics_msgs/msg/detail/statistic_data_point__traits.hpp
[54.636s] -- Installing: /home/devpc/Desktop/microros_ws/install/statistics_msgs/include/statistics_msgs/msg/detail/statistic_data_type__builder.hpp
[54.636s] -- Installing: /home/devpc/Desktop/microros_ws/install/statistics_msgs/include/statistics_msgs/msg/detail/metrics_message__struct.hpp
[54.636s] -- Installing: /home/devpc/Desktop/microros_ws/install/statistics_msgs/include/statistics_msgs/msg/detail/statistic_data_type__traits.hpp
[54.636s] -- Installing: /home/devpc/Desktop/microros_ws/install/statistics_msgs/include/statistics_msgs/msg/detail/metrics_message__traits.hpp
[54.636s] -- Installing: /home/devpc/Desktop/microros_ws/install/statistics_msgs/include/statistics_msgs/msg/detail/statistic_data_point__builder.hpp
[54.637s] -- Installing: /home/devpc/Desktop/microros_ws/install/statistics_msgs/include/statistics_msgs/msg/detail/statistic_data_type__struct.hpp
[54.637s] -- Installing: /home/devpc/Desktop/microros_ws/install/statistics_msgs/include/statistics_msgs/msg/detail/statistic_data_point__struct.hpp
[54.637s] -- Installing: /home/devpc/Desktop/microros_ws/install/statistics_msgs/include/statistics_msgs/msg/statistic_data_point.hpp
[54.637s] -- Installing: /home/devpc/Desktop/microros_ws/install/statistics_msgs/include/statistics_msgs/msg/statistic_data_type.hpp
[54.637s] -- Up-to-date: /home/devpc/Desktop/microros_ws/install/statistics_msgs/include/statistics_msgs
[54.637s] -- Up-to-date: /home/devpc/Desktop/microros_ws/install/statistics_msgs/include/statistics_msgs/msg
[54.637s] -- Up-to-date: /home/devpc/Desktop/microros_ws/install/statistics_msgs/include/statistics_msgs/msg/detail
[54.638s] -- Installing: /home/devpc/Desktop/microros_ws/install/statistics_msgs/include/statistics_msgs/msg/detail/metrics_message__rosidl_typesupport_microxrcedds_cpp.hpp
[54.638s] -- Installing: /home/devpc/Desktop/microros_ws/install/statistics_msgs/include/statistics_msgs/msg/detail/statistic_data_type__rosidl_typesupport_microxrcedds_cpp.hpp
[54.638s] -- Installing: /home/devpc/Desktop/microros_ws/install/statistics_msgs/include/statistics_msgs/msg/detail/statistic_data_point__rosidl_typesupport_microxrcedds_cpp.hpp
[54.638s] -- Up-to-date: /home/devpc/Desktop/microros_ws/install/statistics_msgs/include/statistics_msgs/msg/detail/microxrcedds
[54.638s] -- Installing: /home/devpc/Desktop/microros_ws/install/statistics_msgs/include/statistics_msgs/msg/detail/microxrcedds/statistic_data_point__type_support_cpp.cpp
[54.638s] -- Installing: /home/devpc/Desktop/microros_ws/install/statistics_msgs/include/statistics_msgs/msg/detail/microxrcedds/statistic_data_type__type_support_cpp.cpp
[54.638s] -- Installing: /home/devpc/Desktop/microros_ws/install/statistics_msgs/include/statistics_msgs/msg/detail/microxrcedds/metrics_message__type_support_cpp.cpp
[54.638s] -- Installing: /home/devpc/Desktop/microros_ws/install/statistics_msgs/include/statistics_msgs/msg/rosidl_typesupport_microxrcedds_cpp__visibility_control.h
[54.639s] -- Installing: /home/devpc/Desktop/microros_ws/install/statistics_msgs/lib/libstatistics_msgs__rosidl_typesupport_microxrcedds_cpp.so
[54.639s] -- Set runtime path of "/home/devpc/Desktop/microros_ws/install/statistics_msgs/lib/libstatistics_msgs__rosidl_typesupport_microxrcedds_cpp.so" to ""
[54.639s] -- Up-to-date: /home/devpc/Desktop/microros_ws/install/statistics_msgs/include/statistics_msgs
[54.639s] -- Up-to-date: /home/devpc/Desktop/microros_ws/install/statistics_msgs/include/statistics_msgs/msg
[54.640s] -- Up-to-date: /home/devpc/Desktop/microros_ws/install/statistics_msgs/include/statistics_msgs/msg/detail
[54.640s] -- Installing: /home/devpc/Desktop/microros_ws/install/statistics_msgs/include/statistics_msgs/msg/detail/metrics_message__rosidl_typesupport_introspection_cpp.hpp
[54.640s] -- Installing: /home/devpc/Desktop/microros_ws/install/statistics_msgs/include/statistics_msgs/msg/detail/statistic_data_type__type_support.cpp
[54.640s] -- Installing: /home/devpc/Desktop/microros_ws/install/statistics_msgs/include/statistics_msgs/msg/detail/statistic_data_type__rosidl_typesupport_introspection_cpp.hpp
[54.641s] -- Installing: /home/devpc/Desktop/microros_ws/install/statistics_msgs/include/statistics_msgs/msg/detail/statistic_data_point__rosidl_typesupport_introspection_cpp.hpp
[54.641s] -- Installing: /home/devpc/Desktop/microros_ws/install/statistics_msgs/include/statistics_msgs/msg/detail/metrics_message__type_support.cpp
[54.641s] -- Installing: /home/devpc/Desktop/microros_ws/install/statistics_msgs/include/statistics_msgs/msg/detail/statistic_data_point__type_support.cpp
[54.642s] -- Installing: /home/devpc/Desktop/microros_ws/install/statistics_msgs/lib/libstatistics_msgs__rosidl_typesupport_introspection_cpp.so
[54.642s] -- Set runtime path of "/home/devpc/Desktop/microros_ws/install/statistics_msgs/lib/libstatistics_msgs__rosidl_typesupport_introspection_cpp.so" to ""
[54.642s] -- Installing: /home/devpc/Desktop/microros_ws/install/statistics_msgs/lib/libstatistics_msgs__rosidl_typesupport_cpp.so
[54.642s] -- Set runtime path of "/home/devpc/Desktop/microros_ws/install/statistics_msgs/lib/libstatistics_msgs__rosidl_typesupport_cpp.so" to ""
[54.642s] -- Installing: /home/devpc/Desktop/microros_ws/install/statistics_msgs/share/statistics_msgs/environment/pythonpath.sh
[54.644s] -- Installing: /home/devpc/Desktop/microros_ws/install/statistics_msgs/share/statistics_msgs/environment/pythonpath.dsv
[54.645s] -- Installing: /home/devpc/Desktop/microros_ws/install/statistics_msgs/lib/python3.8/site-packages/statistics_msgs/__init__.py
[54.645s] Compiling '/home/devpc/Desktop/microros_ws/install/statistics_msgs/lib/python3.8/site-packages/statistics_msgs/__init__.py'...
[54.645s] -- Installing: /home/devpc/Desktop/microros_ws/install/statistics_msgs/lib/python3.8/site-packages/statistics_msgs/msg
[54.645s] -- Installing: /home/devpc/Desktop/microros_ws/install/statistics_msgs/lib/python3.8/site-packages/statistics_msgs/msg/_statistic_data_point_s.c
[54.646s] -- Installing: /home/devpc/Desktop/microros_ws/install/statistics_msgs/lib/python3.8/site-packages/statistics_msgs/msg/_statistic_data_type_s.c
[54.646s] -- Installing: /home/devpc/Desktop/microros_ws/install/statistics_msgs/lib/python3.8/site-packages/statistics_msgs/msg/_statistic_data_point.py
[54.646s] -- Installing: /home/devpc/Desktop/microros_ws/install/statistics_msgs/lib/python3.8/site-packages/statistics_msgs/msg/_metrics_message_s.c
[54.646s] -- Installing: /home/devpc/Desktop/microros_ws/install/statistics_msgs/lib/python3.8/site-packages/statistics_msgs/msg/__init__.py
[54.646s] -- Installing: /home/devpc/Desktop/microros_ws/install/statistics_msgs/lib/python3.8/site-packages/statistics_msgs/msg/_metrics_message.py
[54.646s] -- Installing: /home/devpc/Desktop/microros_ws/install/statistics_msgs/lib/python3.8/site-packages/statistics_msgs/msg/_statistic_data_type.py
[54.646s] -- Installing: /home/devpc/Desktop/microros_ws/install/statistics_msgs/lib/python3.8/site-packages/statistics_msgs/statistics_msgs_s__rosidl_typesupport_microxrcedds_c.cpython-38-x86_64-linux-gnu.so
[54.646s] -- Set runtime path of "/home/devpc/Desktop/microros_ws/install/statistics_msgs/lib/python3.8/site-packages/statistics_msgs/statistics_msgs_s__rosidl_typesupport_microxrcedds_c.cpython-38-x86_64-linux-gnu.so" to ""
[54.647s] -- Installing: /home/devpc/Desktop/microros_ws/install/statistics_msgs/lib/python3.8/site-packages/statistics_msgs/statistics_msgs_s__rosidl_typesupport_fastrtps_c.cpython-38-x86_64-linux-gnu.so
[54.647s] -- Set runtime path of "/home/devpc/Desktop/microros_ws/install/statistics_msgs/lib/python3.8/site-packages/statistics_msgs/statistics_msgs_s__rosidl_typesupport_fastrtps_c.cpython-38-x86_64-linux-gnu.so" to ""
[54.647s] -- Installing: /home/devpc/Desktop/microros_ws/install/statistics_msgs/lib/python3.8/site-packages/statistics_msgs/statistics_msgs_s__rosidl_typesupport_introspection_c.cpython-38-x86_64-linux-gnu.so
[54.647s] -- Set runtime path of "/home/devpc/Desktop/microros_ws/install/statistics_msgs/lib/python3.8/site-packages/statistics_msgs/statistics_msgs_s__rosidl_typesupport_introspection_c.cpython-38-x86_64-linux-gnu.so" to ""
[54.647s] -- Installing: /home/devpc/Desktop/microros_ws/install/statistics_msgs/lib/python3.8/site-packages/statistics_msgs/statistics_msgs_s__rosidl_typesupport_c.cpython-38-x86_64-linux-gnu.so
[54.647s] -- Set runtime path of "/home/devpc/Desktop/microros_ws/install/statistics_msgs/lib/python3.8/site-packages/statistics_msgs/statistics_msgs_s__rosidl_typesupport_c.cpython-38-x86_64-linux-gnu.so" to ""
[54.647s] -- Installing: /home/devpc/Desktop/microros_ws/install/statistics_msgs/lib/libstatistics_msgs__python.so
[54.648s] -- Set runtime path of "/home/devpc/Desktop/microros_ws/install/statistics_msgs/lib/libstatistics_msgs__python.so" to ""
[54.648s] -- Installing: /home/devpc/Desktop/microros_ws/install/statistics_msgs/share/statistics_msgs/msg/MetricsMessage.idl
[54.648s] -- Installing: /home/devpc/Desktop/microros_ws/install/statistics_msgs/share/statistics_msgs/msg/StatisticDataPoint.idl
[54.648s] -- Installing: /home/devpc/Desktop/microros_ws/install/statistics_msgs/share/statistics_msgs/msg/StatisticDataType.idl
[54.648s] -- Installing: /home/devpc/Desktop/microros_ws/install/statistics_msgs/share/statistics_msgs/msg/MetricsMessage.msg
[54.648s] -- Installing: /home/devpc/Desktop/microros_ws/install/statistics_msgs/share/statistics_msgs/msg/StatisticDataPoint.msg
[54.648s] -- Installing: /home/devpc/Desktop/microros_ws/install/statistics_msgs/share/statistics_msgs/msg/StatisticDataType.msg
[54.649s] -- Installing: /home/devpc/Desktop/microros_ws/install/statistics_msgs/share/ament_index/resource_index/package_run_dependencies/statistics_msgs
[54.649s] -- Installing: /home/devpc/Desktop/microros_ws/install/statistics_msgs/share/ament_index/resource_index/parent_prefix_path/statistics_msgs
[54.649s] -- Installing: /home/devpc/Desktop/microros_ws/install/statistics_msgs/share/statistics_msgs/environment/ament_prefix_path.sh
[54.649s] -- Installing: /home/devpc/Desktop/microros_ws/install/statistics_msgs/share/statistics_msgs/environment/ament_prefix_path.dsv
[54.649s] -- Installing: /home/devpc/Desktop/microros_ws/install/statistics_msgs/share/statistics_msgs/environment/path.sh
[54.649s] -- Installing: /home/devpc/Desktop/microros_ws/install/statistics_msgs/share/statistics_msgs/environment/path.dsv
[54.649s] -- Installing: /home/devpc/Desktop/microros_ws/install/statistics_msgs/share/statistics_msgs/local_setup.bash
[54.650s] -- Installing: /home/devpc/Desktop/microros_ws/install/statistics_msgs/share/statistics_msgs/local_setup.sh
[54.650s] -- Installing: /home/devpc/Desktop/microros_ws/install/statistics_msgs/share/statistics_msgs/local_setup.zsh
[54.650s] -- Installing: /home/devpc/Desktop/microros_ws/install/statistics_msgs/share/statistics_msgs/local_setup.dsv
[54.650s] -- Installing: /home/devpc/Desktop/microros_ws/install/statistics_msgs/share/statistics_msgs/package.dsv
[54.650s] -- Installing: /home/devpc/Desktop/microros_ws/install/statistics_msgs/share/ament_index/resource_index/packages/statistics_msgs
[54.650s] -- Installing: /home/devpc/Desktop/microros_ws/install/statistics_msgs/share/statistics_msgs/cmake/statistics_msgs__rosidl_generator_cExport.cmake
[54.650s] -- Installing: /home/devpc/Desktop/microros_ws/install/statistics_msgs/share/statistics_msgs/cmake/statistics_msgs__rosidl_generator_cExport-noconfig.cmake
[54.650s] -- Installing: /home/devpc/Desktop/microros_ws/install/statistics_msgs/share/statistics_msgs/cmake/statistics_msgs__rosidl_typesupport_introspection_cExport.cmake
[54.651s] -- Installing: /home/devpc/Desktop/microros_ws/install/statistics_msgs/share/statistics_msgs/cmake/statistics_msgs__rosidl_typesupport_introspection_cExport-noconfig.cmake
[54.651s] -- Installing: /home/devpc/Desktop/microros_ws/install/statistics_msgs/share/statistics_msgs/cmake/statistics_msgs__rosidl_typesupport_cExport.cmake
[54.651s] -- Installing: /home/devpc/Desktop/microros_ws/install/statistics_msgs/share/statistics_msgs/cmake/statistics_msgs__rosidl_typesupport_cExport-noconfig.cmake
[54.651s] -- Installing: /home/devpc/Desktop/microros_ws/install/statistics_msgs/share/statistics_msgs/cmake/statistics_msgs__rosidl_generator_cppExport.cmake
[54.651s] -- Installing: /home/devpc/Desktop/microros_ws/install/statistics_msgs/share/statistics_msgs/cmake/statistics_msgs__rosidl_typesupport_introspection_cppExport.cmake
[54.651s] -- Installing: /home/devpc/Desktop/microros_ws/install/statistics_msgs/share/statistics_msgs/cmake/statistics_msgs__rosidl_typesupport_introspection_cppExport-noconfig.cmake
[54.651s] -- Installing: /home/devpc/Desktop/microros_ws/install/statistics_msgs/share/statistics_msgs/cmake/statistics_msgs__rosidl_typesupport_cppExport.cmake
[54.651s] -- Installing: /home/devpc/Desktop/microros_ws/install/statistics_msgs/share/statistics_msgs/cmake/statistics_msgs__rosidl_typesupport_cppExport-noconfig.cmake
[54.652s] -- Installing: /home/devpc/Desktop/microros_ws/install/statistics_msgs/share/statistics_msgs/cmake/rosidl_cmake-extras.cmake
[54.652s] -- Installing: /home/devpc/Desktop/microros_ws/install/statistics_msgs/share/statistics_msgs/cmake/ament_cmake_export_dependencies-extras.cmake
[54.652s] -- Installing: /home/devpc/Desktop/microros_ws/install/statistics_msgs/share/statistics_msgs/cmake/ament_cmake_export_libraries-extras.cmake
[54.652s] -- Installing: /home/devpc/Desktop/microros_ws/install/statistics_msgs/share/statistics_msgs/cmake/ament_cmake_export_targets-extras.cmake
[54.652s] -- Installing: /home/devpc/Desktop/microros_ws/install/statistics_msgs/share/statistics_msgs/cmake/ament_cmake_export_include_directories-extras.cmake
[54.652s] -- Installing: /home/devpc/Desktop/microros_ws/install/statistics_msgs/share/statistics_msgs/cmake/rosidl_cmake_export_typesupport_libraries-extras.cmake
[54.652s] -- Installing: /home/devpc/Desktop/microros_ws/install/statistics_msgs/share/statistics_msgs/cmake/rosidl_cmake_export_typesupport_targets-extras.cmake
[54.652s] -- Installing: /home/devpc/Desktop/microros_ws/install/statistics_msgs/share/statistics_msgs/cmake/statistics_msgsConfig.cmake
[54.654s] -- Installing: /home/devpc/Desktop/microros_ws/install/statistics_msgs/share/statistics_msgs/cmake/statistics_msgsConfig-version.cmake
[54.654s] -- Installing: /home/devpc/Desktop/microros_ws/install/statistics_msgs/share/statistics_msgs/package.xml
[54.654s] Invoked command in '/home/devpc/Desktop/microros_ws/build/statistics_msgs' returned '0': AMENT_PREFIX_PATH=/home/devpc/Desktop/microros_ws/install/builtin_interfaces:${AMENT_PREFIX_PATH} CMAKE_PREFIX_PATH=/home/devpc/Desktop/microros_ws/install/builtin_interfaces:/home/devpc/Desktop/microros_ws/install/rosidl_typesupport_microxrcedds_cpp:/home/devpc/Desktop/microros_ws/install/rosidl_typesupport_microxrcedds_c:/home/devpc/Desktop/microros_ws/install/microcdr:/home/devpc/Desktop/microros_ws/install/micro_ros_agent:/home/devpc/Desktop/microros_ws/install/microxrcedds_agent:/home/devpc/Desktop/microros_ws/install/micro_ros_setup:/home/devpc/Desktop/microros_ws/install/micro_ros_msgs:/home/devpc/Desktop/quad_ws/install/quad_interfaces:/home/devpc/Desktop/quad_ws/install/quad:/opt/ros/foxy LD_LIBRARY_PATH=/home/devpc/Desktop/microros_ws/install/builtin_interfaces/lib:${LD_LIBRARY_PATH} PYTHONPATH=/home/devpc/Desktop/microros_ws/install/builtin_interfaces/lib/python3.8/site-packages:${PYTHONPATH} /usr/bin/cmake --install /home/devpc/Desktop/microros_ws/build/statistics_msgs
