[0.442s] Invoking command in '/home/devpc/Desktop/quad_ws/src/quad': PYTHONPATH=/home/devpc/Desktop/quad_ws/install/quad/lib/python3.8/site-packages:${PYTHONPATH} /usr/bin/python3 setup.py egg_info --egg-base ../../build/quad build --build-base /home/devpc/Desktop/quad_ws/build/quad/build install --prefix /home/devpc/Desktop/quad_ws/install/quad --record /home/devpc/Desktop/quad_ws/build/quad/install.log --single-version-externally-managed
[0.661s] running egg_info
[0.662s] writing ../../build/quad/quad.egg-info/PKG-INFO
[0.662s] writing dependency_links to ../../build/quad/quad.egg-info/dependency_links.txt
[0.663s] writing entry points to ../../build/quad/quad.egg-info/entry_points.txt
[0.663s] writing requirements to ../../build/quad/quad.egg-info/requires.txt
[0.663s] writing top-level names to ../../build/quad/quad.egg-info/top_level.txt
[0.700s] reading manifest file '../../build/quad/quad.egg-info/SOURCES.txt'
[0.701s] writing manifest file '../../build/quad/quad.egg-info/SOURCES.txt'
[0.701s] running build
[0.701s] running build_py
[0.701s] copying quad/quad.py -> /home/devpc/Desktop/quad_ws/build/quad/build/lib/quad
[0.701s] running install
[0.702s] running install_lib
[0.703s] copying /home/devpc/Desktop/quad_ws/build/quad/build/lib/quad/quad.py -> /home/devpc/Desktop/quad_ws/install/quad/lib/python3.8/site-packages/quad
[0.704s] byte-compiling /home/devpc/Desktop/quad_ws/install/quad/lib/python3.8/site-packages/quad/quad.py to quad.cpython-38.pyc
[0.705s] running install_data
[0.706s] copying config/quad_params.yaml -> /home/devpc/Desktop/quad_ws/install/quad/share/quad/config
[0.706s] running install_egg_info
[0.708s] removing '/home/devpc/Desktop/quad_ws/install/quad/lib/python3.8/site-packages/quad-0.0.1-py3.8.egg-info' (and everything under it)
[0.708s] Copying ../../build/quad/quad.egg-info to /home/devpc/Desktop/quad_ws/install/quad/lib/python3.8/site-packages/quad-0.0.1-py3.8.egg-info
[0.709s] running install_scripts
[0.726s] Installing quad script to /home/devpc/Desktop/quad_ws/install/quad/lib/quad
[0.727s] writing list of installed files to '/home/devpc/Desktop/quad_ws/build/quad/install.log'
[0.759s] Invoked command in '/home/devpc/Desktop/quad_ws/src/quad' returned '0': PYTHONPATH=/home/devpc/Desktop/quad_ws/install/quad/lib/python3.8/site-packages:${PYTHONPATH} /usr/bin/python3 setup.py egg_info --egg-base ../../build/quad build --build-base /home/devpc/Desktop/quad_ws/build/quad/build install --prefix /home/devpc/Desktop/quad_ws/install/quad --record /home/devpc/Desktop/quad_ws/build/quad/install.log --single-version-externally-managed
