[0.552s] Invoking command in '/home/devpc/Desktop/quad_ws/src/quad': PYTHONPATH=/home/devpc/Desktop/quad_ws/install/quad/lib/python3.8/site-packages:${PYTHONPATH} /usr/bin/python3 setup.py egg_info --egg-base ../../build/quad build --build-base /home/devpc/Desktop/quad_ws/build/quad/build install --prefix /home/devpc/Desktop/quad_ws/install/quad --record /home/devpc/Desktop/quad_ws/build/quad/install.log --single-version-externally-managed
[0.819s] running egg_info
[0.820s] writing ../../build/quad/quad.egg-info/PKG-INFO
[0.820s] writing dependency_links to ../../build/quad/quad.egg-info/dependency_links.txt
[0.820s] writing entry points to ../../build/quad/quad.egg-info/entry_points.txt
[0.821s] writing requirements to ../../build/quad/quad.egg-info/requires.txt
[0.821s] writing top-level names to ../../build/quad/quad.egg-info/top_level.txt
[0.859s] reading manifest file '../../build/quad/quad.egg-info/SOURCES.txt'
[0.860s] writing manifest file '../../build/quad/quad.egg-info/SOURCES.txt'
[0.860s] running build
[0.860s] running build_py
[0.861s] running install
[0.862s] running install_lib
[0.863s] running install_data
[0.864s] running install_egg_info
[0.865s] removing '/home/devpc/Desktop/quad_ws/install/quad/lib/python3.8/site-packages/quad-0.0.1-py3.8.egg-info' (and everything under it)
[0.866s] Copying ../../build/quad/quad.egg-info to /home/devpc/Desktop/quad_ws/install/quad/lib/python3.8/site-packages/quad-0.0.1-py3.8.egg-info
[0.866s] running install_scripts
[0.883s] Installing motion_servos_calibration script to /home/devpc/Desktop/quad_ws/install/quad/lib/quad
[0.883s] Installing quad script to /home/devpc/Desktop/quad_ws/install/quad/lib/quad
[0.883s] writing list of installed files to '/home/devpc/Desktop/quad_ws/build/quad/install.log'
[0.906s] Invoked command in '/home/devpc/Desktop/quad_ws/src/quad' returned '0': PYTHONPATH=/home/devpc/Desktop/quad_ws/install/quad/lib/python3.8/site-packages:${PYTHONPATH} /usr/bin/python3 setup.py egg_info --egg-base ../../build/quad build --build-base /home/devpc/Desktop/quad_ws/build/quad/build install --prefix /home/devpc/Desktop/quad_ws/install/quad --record /home/devpc/Desktop/quad_ws/build/quad/install.log --single-version-externally-managed
