[0.547s] Invoking command in '/home/devpc/Desktop/quad_ws/src/quad': PYTHONPATH=/home/devpc/Desktop/quad_ws/install/quad/lib/python3.8/site-packages:${PYTHONPATH} /usr/bin/python3 setup.py egg_info --egg-base ../../build/quad build --build-base /home/devpc/Desktop/quad_ws/build/quad/build install --prefix /home/devpc/Desktop/quad_ws/install/quad --record /home/devpc/Desktop/quad_ws/build/quad/install.log --single-version-externally-managed
[0.801s] running egg_info
[0.801s] writing ../../build/quad/quad.egg-info/PKG-INFO
[0.802s] writing dependency_links to ../../build/quad/quad.egg-info/dependency_links.txt
[0.802s] writing entry points to ../../build/quad/quad.egg-info/entry_points.txt
[0.802s] writing requirements to ../../build/quad/quad.egg-info/requires.txt
[0.802s] writing top-level names to ../../build/quad/quad.egg-info/top_level.txt
[0.851s] reading manifest file '../../build/quad/quad.egg-info/SOURCES.txt'
[0.851s] writing manifest file '../../build/quad/quad.egg-info/SOURCES.txt'
[0.852s] running build
[0.852s] running build_py
[0.852s] running install
[0.853s] running install_lib
[0.854s] running install_data
[0.855s] creating /home/devpc/Desktop/quad_ws/install/quad/share/quad/configs
[0.855s] copying config/quad_params.yaml -> /home/devpc/Desktop/quad_ws/install/quad/share/quad/configs
[0.855s] running install_egg_info
[0.857s] removing '/home/devpc/Desktop/quad_ws/install/quad/lib/python3.8/site-packages/quad-0.0.1-py3.8.egg-info' (and everything under it)
[0.857s] Copying ../../build/quad/quad.egg-info to /home/devpc/Desktop/quad_ws/install/quad/lib/python3.8/site-packages/quad-0.0.1-py3.8.egg-info
[0.858s] running install_scripts
[0.876s] Installing motion_servos_calibration script to /home/devpc/Desktop/quad_ws/install/quad/lib/quad
[0.876s] Installing quad script to /home/devpc/Desktop/quad_ws/install/quad/lib/quad
[0.876s] writing list of installed files to '/home/devpc/Desktop/quad_ws/build/quad/install.log'
[0.897s] Invoked command in '/home/devpc/Desktop/quad_ws/src/quad' returned '0': PYTHONPATH=/home/devpc/Desktop/quad_ws/install/quad/lib/python3.8/site-packages:${PYTHONPATH} /usr/bin/python3 setup.py egg_info --egg-base ../../build/quad build --build-base /home/devpc/Desktop/quad_ws/build/quad/build install --prefix /home/devpc/Desktop/quad_ws/install/quad --record /home/devpc/Desktop/quad_ws/build/quad/install.log --single-version-externally-managed
