[0.267s] Invoking command in '/home/devpc/Desktop/quad_ws/src/quad': PYTHONPATH=/home/devpc/Desktop/quad_ws/install/quad/lib/python3.8/site-packages:${PYTHONPATH} /usr/bin/python3 setup.py egg_info --egg-base ../../build/quad build --build-base /home/devpc/Desktop/quad_ws/build/quad/build install --prefix /home/devpc/Desktop/quad_ws/install/quad --record /home/devpc/Desktop/quad_ws/build/quad/install.log --single-version-externally-managed
[0.493s] running egg_info
[0.493s] writing ../../build/quad/quad.egg-info/PKG-INFO
[0.494s] writing dependency_links to ../../build/quad/quad.egg-info/dependency_links.txt
[0.494s] writing entry points to ../../build/quad/quad.egg-info/entry_points.txt
[0.494s] writing requirements to ../../build/quad/quad.egg-info/requires.txt
[0.494s] writing top-level names to ../../build/quad/quad.egg-info/top_level.txt
[0.529s] reading manifest file '../../build/quad/quad.egg-info/SOURCES.txt'
[0.530s] writing manifest file '../../build/quad/quad.egg-info/SOURCES.txt'
[0.530s] running build
[0.531s] running build_py
[0.531s] copying quad/quad.py -> /home/devpc/Desktop/quad_ws/build/quad/build/lib/quad
[0.531s] running install
[0.532s] running install_lib
[0.532s] copying /home/devpc/Desktop/quad_ws/build/quad/build/lib/quad/quad.py -> /home/devpc/Desktop/quad_ws/install/quad/lib/python3.8/site-packages/quad
[0.533s] byte-compiling /home/devpc/Desktop/quad_ws/install/quad/lib/python3.8/site-packages/quad/quad.py to quad.cpython-38.pyc
[0.534s] running install_data
[0.535s] running install_egg_info
[0.536s] removing '/home/devpc/Desktop/quad_ws/install/quad/lib/python3.8/site-packages/quad-0.0.1-py3.8.egg-info' (and everything under it)
[0.536s] Copying ../../build/quad/quad.egg-info to /home/devpc/Desktop/quad_ws/install/quad/lib/python3.8/site-packages/quad-0.0.1-py3.8.egg-info
[0.537s] running install_scripts
[0.552s] Installing motion_servos_calibration script to /home/devpc/Desktop/quad_ws/install/quad/lib/quad
[0.552s] Installing quad script to /home/devpc/Desktop/quad_ws/install/quad/lib/quad
[0.552s] writing list of installed files to '/home/devpc/Desktop/quad_ws/build/quad/install.log'
[0.570s] Invoked command in '/home/devpc/Desktop/quad_ws/src/quad' returned '0': PYTHONPATH=/home/devpc/Desktop/quad_ws/install/quad/lib/python3.8/site-packages:${PYTHONPATH} /usr/bin/python3 setup.py egg_info --egg-base ../../build/quad build --build-base /home/devpc/Desktop/quad_ws/build/quad/build install --prefix /home/devpc/Desktop/quad_ws/install/quad --record /home/devpc/Desktop/quad_ws/build/quad/install.log --single-version-externally-managed
