[0.262s] Invoking command in '/home/devpc/Desktop/quad_ws/src/quad': PYTHONPATH=/home/devpc/Desktop/quad_ws/install/quad/lib/python3.8/site-packages:${PYTHONPATH} /usr/bin/python3 setup.py egg_info --egg-base ../../build/quad build --build-base /home/devpc/Desktop/quad_ws/build/quad/build install --prefix /home/devpc/Desktop/quad_ws/install/quad --record /home/devpc/Desktop/quad_ws/build/quad/install.log --single-version-externally-managed
[0.474s] running egg_info
[0.474s] writing ../../build/quad/quad.egg-info/PKG-INFO
[0.475s] writing dependency_links to ../../build/quad/quad.egg-info/dependency_links.txt
[0.475s] writing entry points to ../../build/quad/quad.egg-info/entry_points.txt
[0.475s] writing requirements to ../../build/quad/quad.egg-info/requires.txt
[0.475s] writing top-level names to ../../build/quad/quad.egg-info/top_level.txt
[0.511s] reading manifest file '../../build/quad/quad.egg-info/SOURCES.txt'
[0.512s] writing manifest file '../../build/quad/quad.egg-info/SOURCES.txt'
[0.513s] running build
[0.513s] running build_py
[0.513s] copying quad/quad_commander.py -> /home/devpc/Desktop/quad_ws/build/quad/build/lib/quad
[0.513s] running install
[0.514s] running install_lib
[0.515s] copying /home/devpc/Desktop/quad_ws/build/quad/build/lib/quad/quad_commander.py -> /home/devpc/Desktop/quad_ws/install/quad/lib/python3.8/site-packages/quad
[0.515s] byte-compiling /home/devpc/Desktop/quad_ws/install/quad/lib/python3.8/site-packages/quad/quad_commander.py to quad_commander.cpython-38.pyc
[0.516s] running install_data
[0.517s] running install_egg_info
[0.518s] removing '/home/devpc/Desktop/quad_ws/install/quad/lib/python3.8/site-packages/quad-0.0.1-py3.8.egg-info' (and everything under it)
[0.518s] Copying ../../build/quad/quad.egg-info to /home/devpc/Desktop/quad_ws/install/quad/lib/python3.8/site-packages/quad-0.0.1-py3.8.egg-info
[0.519s] running install_scripts
[0.536s] Installing motion_servos_calibration script to /home/devpc/Desktop/quad_ws/install/quad/lib/quad
[0.536s] Installing quad script to /home/devpc/Desktop/quad_ws/install/quad/lib/quad
[0.536s] writing list of installed files to '/home/devpc/Desktop/quad_ws/build/quad/install.log'
[0.553s] Invoked command in '/home/devpc/Desktop/quad_ws/src/quad' returned '0': PYTHONPATH=/home/devpc/Desktop/quad_ws/install/quad/lib/python3.8/site-packages:${PYTHONPATH} /usr/bin/python3 setup.py egg_info --egg-base ../../build/quad build --build-base /home/devpc/Desktop/quad_ws/build/quad/build install --prefix /home/devpc/Desktop/quad_ws/install/quad --record /home/devpc/Desktop/quad_ws/build/quad/install.log --single-version-externally-managed
