[0.286s] DEBUG:colcon:Command line arguments: ['/usr/bin/colcon', 'build']
[0.286s] DEBUG:colcon:Parsed command line arguments: Namespace(ament_cmake_args=None, base_paths=['.'], build_base='build', catkin_cmake_args=None, catkin_skip_building_tests=False, cmake_args=None, cmake_clean_cache=False, cmake_clean_first=False, cmake_force_configure=False, cmake_target=None, cmake_target_skip_unavailable=False, continue_on_error=False, event_handlers=None, executor='parallel', ignore_user_meta=False, install_base='install', log_base=None, log_level=None, main=<bound method BuildVerb.main of <colcon_core.verb.build.BuildVerb object at 0x7fd5eafa9e80>>, merge_install=False, metas=['./colcon.meta'], packages_above=None, packages_above_and_dependencies=None, packages_above_depth=None, packages_end=None, packages_ignore=None, packages_ignore_regex=None, packages_select=None, packages_select_build_failed=False, packages_select_by_dep=None, packages_select_regex=None, packages_select_test_failures=False, packages_skip=None, packages_skip_build_finished=False, packages_skip_by_dep=None, packages_skip_regex=None, packages_skip_test_passed=False, packages_skip_up_to=None, packages_start=None, packages_up_to=None, packages_up_to_regex=None, parallel_workers=8, paths=None, symlink_install=False, test_result_base=None, verb_extension=<colcon_core.verb.build.BuildVerb object at 0x7fd5eafa9e80>, verb_name='build', verb_parser=<colcon_defaults.argument_parser.defaults.DefaultArgumentsDecorator object at 0x7fd5eafb6430>)
[0.291s] Level 1:colcon.colcon_core.package_discovery:discover_packages(colcon_meta) check parameters
[0.291s] Level 1:colcon.colcon_core.package_discovery:discover_packages(recursive) check parameters
[0.291s] Level 1:colcon.colcon_core.package_discovery:discover_packages(ignore) check parameters
[0.291s] Level 1:colcon.colcon_core.package_discovery:discover_packages(path) check parameters
[0.291s] Level 1:colcon.colcon_core.package_discovery:discover_packages(colcon_meta) discover
[0.291s] Level 1:colcon.colcon_core.package_discovery:discover_packages(recursive) discover
[0.291s] INFO:colcon.colcon_core.package_discovery:Crawling recursively for packages in '/home/devpc/Desktop/quad_ws'
[0.291s] Level 1:colcon.colcon_core.package_identification:_identify(.) by extensions ['ignore', 'ignore_ament_install']
[0.291s] Level 1:colcon.colcon_core.package_identification:_identify(.) by extension 'ignore'
[0.292s] Level 1:colcon.colcon_core.package_identification:_identify(.) by extension 'ignore_ament_install'
[0.292s] Level 1:colcon.colcon_core.package_identification:_identify(.) by extensions ['colcon_pkg']
[0.292s] Level 1:colcon.colcon_core.package_identification:_identify(.) by extension 'colcon_pkg'
[0.292s] Level 1:colcon.colcon_core.package_identification:_identify(.) by extensions ['colcon_meta']
[0.292s] Level 1:colcon.colcon_core.package_identification:_identify(.) by extension 'colcon_meta'
[0.292s] Level 1:colcon.colcon_core.package_identification:_identify(.) by extensions ['ros']
[0.292s] Level 1:colcon.colcon_core.package_identification:_identify(.) by extension 'ros'
[0.303s] Level 1:colcon.colcon_core.package_identification:_identify(.) by extensions ['cmake', 'python']
[0.303s] Level 1:colcon.colcon_core.package_identification:_identify(.) by extension 'cmake'
[0.303s] Level 1:colcon.colcon_core.package_identification:_identify(.) by extension 'python'
[0.303s] Level 1:colcon.colcon_core.package_identification:_identify(.) by extensions ['python_setup_py']
[0.303s] Level 1:colcon.colcon_core.package_identification:_identify(.) by extension 'python_setup_py'
[0.303s] Level 1:colcon.colcon_core.package_identification:_identify(build) by extensions ['ignore', 'ignore_ament_install']
[0.303s] Level 1:colcon.colcon_core.package_identification:_identify(build) by extension 'ignore'
[0.303s] Level 1:colcon.colcon_core.package_identification:_identify(build) ignored
[0.303s] Level 1:colcon.colcon_core.package_identification:_identify(install) by extensions ['ignore', 'ignore_ament_install']
[0.304s] Level 1:colcon.colcon_core.package_identification:_identify(install) by extension 'ignore'
[0.304s] Level 1:colcon.colcon_core.package_identification:_identify(install) ignored
[0.304s] Level 1:colcon.colcon_core.package_identification:_identify(log) by extensions ['ignore', 'ignore_ament_install']
[0.304s] Level 1:colcon.colcon_core.package_identification:_identify(log) by extension 'ignore'
[0.304s] Level 1:colcon.colcon_core.package_identification:_identify(log) ignored
[0.304s] Level 1:colcon.colcon_core.package_identification:_identify(src) by extensions ['ignore', 'ignore_ament_install']
[0.304s] Level 1:colcon.colcon_core.package_identification:_identify(src) by extension 'ignore'
[0.304s] Level 1:colcon.colcon_core.package_identification:_identify(src) by extension 'ignore_ament_install'
[0.304s] Level 1:colcon.colcon_core.package_identification:_identify(src) by extensions ['colcon_pkg']
[0.304s] Level 1:colcon.colcon_core.package_identification:_identify(src) by extension 'colcon_pkg'
[0.304s] Level 1:colcon.colcon_core.package_identification:_identify(src) by extensions ['colcon_meta']
[0.304s] Level 1:colcon.colcon_core.package_identification:_identify(src) by extension 'colcon_meta'
[0.304s] Level 1:colcon.colcon_core.package_identification:_identify(src) by extensions ['ros']
[0.304s] Level 1:colcon.colcon_core.package_identification:_identify(src) by extension 'ros'
[0.305s] Level 1:colcon.colcon_core.package_identification:_identify(src) by extensions ['cmake', 'python']
[0.305s] Level 1:colcon.colcon_core.package_identification:_identify(src) by extension 'cmake'
[0.305s] Level 1:colcon.colcon_core.package_identification:_identify(src) by extension 'python'
[0.305s] Level 1:colcon.colcon_core.package_identification:_identify(src) by extensions ['python_setup_py']
[0.305s] Level 1:colcon.colcon_core.package_identification:_identify(src) by extension 'python_setup_py'
[0.305s] Level 1:colcon.colcon_core.package_identification:_identify(src/build) by extensions ['ignore', 'ignore_ament_install']
[0.305s] Level 1:colcon.colcon_core.package_identification:_identify(src/build) by extension 'ignore'
[0.305s] Level 1:colcon.colcon_core.package_identification:_identify(src/build) ignored
[0.305s] Level 1:colcon.colcon_core.package_identification:_identify(src/install) by extensions ['ignore', 'ignore_ament_install']
[0.305s] Level 1:colcon.colcon_core.package_identification:_identify(src/install) by extension 'ignore'
[0.305s] Level 1:colcon.colcon_core.package_identification:_identify(src/install) ignored
[0.305s] Level 1:colcon.colcon_core.package_identification:_identify(src/log) by extensions ['ignore', 'ignore_ament_install']
[0.305s] Level 1:colcon.colcon_core.package_identification:_identify(src/log) by extension 'ignore'
[0.305s] Level 1:colcon.colcon_core.package_identification:_identify(src/log) ignored
[0.305s] Level 1:colcon.colcon_core.package_identification:_identify(src/quad) by extensions ['ignore', 'ignore_ament_install']
[0.306s] Level 1:colcon.colcon_core.package_identification:_identify(src/quad) by extension 'ignore'
[0.306s] Level 1:colcon.colcon_core.package_identification:_identify(src/quad) by extension 'ignore_ament_install'
[0.306s] Level 1:colcon.colcon_core.package_identification:_identify(src/quad) by extensions ['colcon_pkg']
[0.306s] Level 1:colcon.colcon_core.package_identification:_identify(src/quad) by extension 'colcon_pkg'
[0.306s] Level 1:colcon.colcon_core.package_identification:_identify(src/quad) by extensions ['colcon_meta']
[0.306s] Level 1:colcon.colcon_core.package_identification:_identify(src/quad) by extension 'colcon_meta'
[0.306s] Level 1:colcon.colcon_core.package_identification:_identify(src/quad) by extensions ['ros']
[0.306s] Level 1:colcon.colcon_core.package_identification:_identify(src/quad) by extension 'ros'
[0.310s] DEBUG:colcon.colcon_core.package_identification:Package 'src/quad' with type 'ros.ament_python' and name 'quad'
[0.310s] Level 1:colcon.colcon_core.package_identification:_identify(src/quad_interfaces) by extensions ['ignore', 'ignore_ament_install']
[0.310s] Level 1:colcon.colcon_core.package_identification:_identify(src/quad_interfaces) by extension 'ignore'
[0.310s] Level 1:colcon.colcon_core.package_identification:_identify(src/quad_interfaces) by extension 'ignore_ament_install'
[0.310s] Level 1:colcon.colcon_core.package_identification:_identify(src/quad_interfaces) by extensions ['colcon_pkg']
[0.310s] Level 1:colcon.colcon_core.package_identification:_identify(src/quad_interfaces) by extension 'colcon_pkg'
[0.310s] Level 1:colcon.colcon_core.package_identification:_identify(src/quad_interfaces) by extensions ['colcon_meta']
[0.310s] Level 1:colcon.colcon_core.package_identification:_identify(src/quad_interfaces) by extension 'colcon_meta'
[0.310s] Level 1:colcon.colcon_core.package_identification:_identify(src/quad_interfaces) by extensions ['ros']
[0.310s] Level 1:colcon.colcon_core.package_identification:_identify(src/quad_interfaces) by extension 'ros'
[0.311s] DEBUG:colcon.colcon_core.package_identification:Package 'src/quad_interfaces' with type 'ros.ament_cmake' and name 'quad_interfaces'
[0.311s] Level 1:colcon.colcon_core.package_identification:_identify(src/teleop) by extensions ['ignore', 'ignore_ament_install']
[0.311s] Level 1:colcon.colcon_core.package_identification:_identify(src/teleop) by extension 'ignore'
[0.311s] Level 1:colcon.colcon_core.package_identification:_identify(src/teleop) by extension 'ignore_ament_install'
[0.311s] Level 1:colcon.colcon_core.package_identification:_identify(src/teleop) by extensions ['colcon_pkg']
[0.311s] Level 1:colcon.colcon_core.package_identification:_identify(src/teleop) by extension 'colcon_pkg'
[0.311s] Level 1:colcon.colcon_core.package_identification:_identify(src/teleop) by extensions ['colcon_meta']
[0.311s] Level 1:colcon.colcon_core.package_identification:_identify(src/teleop) by extension 'colcon_meta'
[0.311s] Level 1:colcon.colcon_core.package_identification:_identify(src/teleop) by extensions ['ros']
[0.311s] Level 1:colcon.colcon_core.package_identification:_identify(src/teleop) by extension 'ros'
[0.312s] DEBUG:colcon.colcon_core.package_identification:Package 'src/teleop' with type 'ros.ament_python' and name 'teleop'
[0.312s] Level 1:colcon.colcon_core.package_identification:_identify(src/xacro-ros2) by extensions ['ignore', 'ignore_ament_install']
[0.312s] Level 1:colcon.colcon_core.package_identification:_identify(src/xacro-ros2) by extension 'ignore'
[0.313s] Level 1:colcon.colcon_core.package_identification:_identify(src/xacro-ros2) by extension 'ignore_ament_install'
[0.313s] Level 1:colcon.colcon_core.package_identification:_identify(src/xacro-ros2) by extensions ['colcon_pkg']
[0.313s] Level 1:colcon.colcon_core.package_identification:_identify(src/xacro-ros2) by extension 'colcon_pkg'
[0.313s] Level 1:colcon.colcon_core.package_identification:_identify(src/xacro-ros2) by extensions ['colcon_meta']
[0.314s] Level 1:colcon.colcon_core.package_identification:_identify(src/xacro-ros2) by extension 'colcon_meta'
[0.314s] Level 1:colcon.colcon_core.package_identification:_identify(src/xacro-ros2) by extensions ['ros']
[0.314s] Level 1:colcon.colcon_core.package_identification:_identify(src/xacro-ros2) by extension 'ros'
[0.315s] DEBUG:colcon.colcon_core.package_identification:Package 'src/xacro-ros2' with type 'ros.ament_cmake' and name 'xacro'
[0.315s] Level 1:colcon.colcon_core.package_discovery:discover_packages(recursive) using defaults
[0.315s] Level 1:colcon.colcon_core.package_discovery:discover_packages(ignore) discover
[0.315s] Level 1:colcon.colcon_core.package_discovery:discover_packages(ignore) using defaults
[0.315s] Level 1:colcon.colcon_core.package_discovery:discover_packages(path) discover
[0.315s] Level 1:colcon.colcon_core.package_discovery:discover_packages(path) using defaults
[0.343s] INFO:colcon.colcon_metadata.metadata.colcon_pkg:Updating descriptor of package 'src/xacro-ros2' from colcon.pkg: {'hooks': ['share/xacro/environment/completion.bash']}
[0.350s] Level 5:colcon.colcon_core.verb:set package 'quad' build argument 'cmake_args' from command line to 'None'
[0.350s] Level 5:colcon.colcon_core.verb:set package 'quad' build argument 'cmake_target' from command line to 'None'
[0.350s] Level 5:colcon.colcon_core.verb:set package 'quad' build argument 'cmake_target_skip_unavailable' from command line to 'False'
[0.350s] Level 5:colcon.colcon_core.verb:set package 'quad' build argument 'cmake_clean_cache' from command line to 'False'
[0.350s] Level 5:colcon.colcon_core.verb:set package 'quad' build argument 'cmake_clean_first' from command line to 'False'
[0.351s] Level 5:colcon.colcon_core.verb:set package 'quad' build argument 'cmake_force_configure' from command line to 'False'
[0.351s] Level 5:colcon.colcon_core.verb:set package 'quad' build argument 'ament_cmake_args' from command line to 'None'
[0.351s] Level 5:colcon.colcon_core.verb:set package 'quad' build argument 'catkin_cmake_args' from command line to 'None'
[0.351s] Level 5:colcon.colcon_core.verb:set package 'quad' build argument 'catkin_skip_building_tests' from command line to 'False'
[0.351s] DEBUG:colcon.colcon_core.verb:Building package 'quad' with the following arguments: {'ament_cmake_args': None, 'build_base': '/home/devpc/Desktop/quad_ws/build/quad', 'catkin_cmake_args': None, 'catkin_skip_building_tests': False, 'cmake_args': None, 'cmake_clean_cache': False, 'cmake_clean_first': False, 'cmake_force_configure': False, 'cmake_target': None, 'cmake_target_skip_unavailable': False, 'install_base': '/home/devpc/Desktop/quad_ws/install/quad', 'merge_install': False, 'path': '/home/devpc/Desktop/quad_ws/src/quad', 'symlink_install': False, 'test_result_base': None}
[0.356s] Level 5:colcon.colcon_core.verb:set package 'quad_interfaces' build argument 'cmake_args' from command line to 'None'
[0.356s] Level 5:colcon.colcon_core.verb:set package 'quad_interfaces' build argument 'cmake_target' from command line to 'None'
[0.356s] Level 5:colcon.colcon_core.verb:set package 'quad_interfaces' build argument 'cmake_target_skip_unavailable' from command line to 'False'
[0.356s] Level 5:colcon.colcon_core.verb:set package 'quad_interfaces' build argument 'cmake_clean_cache' from command line to 'False'
[0.356s] Level 5:colcon.colcon_core.verb:set package 'quad_interfaces' build argument 'cmake_clean_first' from command line to 'False'
[0.356s] Level 5:colcon.colcon_core.verb:set package 'quad_interfaces' build argument 'cmake_force_configure' from command line to 'False'
[0.357s] Level 5:colcon.colcon_core.verb:set package 'quad_interfaces' build argument 'ament_cmake_args' from command line to 'None'
[0.357s] Level 5:colcon.colcon_core.verb:set package 'quad_interfaces' build argument 'catkin_cmake_args' from command line to 'None'
[0.357s] Level 5:colcon.colcon_core.verb:set package 'quad_interfaces' build argument 'catkin_skip_building_tests' from command line to 'False'
[0.357s] DEBUG:colcon.colcon_core.verb:Building package 'quad_interfaces' with the following arguments: {'ament_cmake_args': None, 'build_base': '/home/devpc/Desktop/quad_ws/build/quad_interfaces', 'catkin_cmake_args': None, 'catkin_skip_building_tests': False, 'cmake_args': None, 'cmake_clean_cache': False, 'cmake_clean_first': False, 'cmake_force_configure': False, 'cmake_target': None, 'cmake_target_skip_unavailable': False, 'install_base': '/home/devpc/Desktop/quad_ws/install/quad_interfaces', 'merge_install': False, 'path': '/home/devpc/Desktop/quad_ws/src/quad_interfaces', 'symlink_install': False, 'test_result_base': None}
[0.362s] Level 5:colcon.colcon_core.verb:set package 'teleop' build argument 'cmake_args' from command line to 'None'
[0.362s] Level 5:colcon.colcon_core.verb:set package 'teleop' build argument 'cmake_target' from command line to 'None'
[0.362s] Level 5:colcon.colcon_core.verb:set package 'teleop' build argument 'cmake_target_skip_unavailable' from command line to 'False'
[0.362s] Level 5:colcon.colcon_core.verb:set package 'teleop' build argument 'cmake_clean_cache' from command line to 'False'
[0.362s] Level 5:colcon.colcon_core.verb:set package 'teleop' build argument 'cmake_clean_first' from command line to 'False'
[0.362s] Level 5:colcon.colcon_core.verb:set package 'teleop' build argument 'cmake_force_configure' from command line to 'False'
[0.363s] Level 5:colcon.colcon_core.verb:set package 'teleop' build argument 'ament_cmake_args' from command line to 'None'
[0.363s] Level 5:colcon.colcon_core.verb:set package 'teleop' build argument 'catkin_cmake_args' from command line to 'None'
[0.363s] Level 5:colcon.colcon_core.verb:set package 'teleop' build argument 'catkin_skip_building_tests' from command line to 'False'
[0.363s] DEBUG:colcon.colcon_core.verb:Building package 'teleop' with the following arguments: {'ament_cmake_args': None, 'build_base': '/home/devpc/Desktop/quad_ws/build/teleop', 'catkin_cmake_args': None, 'catkin_skip_building_tests': False, 'cmake_args': None, 'cmake_clean_cache': False, 'cmake_clean_first': False, 'cmake_force_configure': False, 'cmake_target': None, 'cmake_target_skip_unavailable': False, 'install_base': '/home/devpc/Desktop/quad_ws/install/teleop', 'merge_install': False, 'path': '/home/devpc/Desktop/quad_ws/src/teleop', 'symlink_install': False, 'test_result_base': None}
[0.368s] Level 5:colcon.colcon_core.verb:set package 'xacro' build argument 'cmake_args' from command line to 'None'
[0.368s] Level 5:colcon.colcon_core.verb:set package 'xacro' build argument 'cmake_target' from command line to 'None'
[0.368s] Level 5:colcon.colcon_core.verb:set package 'xacro' build argument 'cmake_target_skip_unavailable' from command line to 'False'
[0.368s] Level 5:colcon.colcon_core.verb:set package 'xacro' build argument 'cmake_clean_cache' from command line to 'False'
[0.368s] Level 5:colcon.colcon_core.verb:set package 'xacro' build argument 'cmake_clean_first' from command line to 'False'
[0.368s] Level 5:colcon.colcon_core.verb:set package 'xacro' build argument 'cmake_force_configure' from command line to 'False'
[0.369s] Level 5:colcon.colcon_core.verb:set package 'xacro' build argument 'ament_cmake_args' from command line to 'None'
[0.369s] Level 5:colcon.colcon_core.verb:set package 'xacro' build argument 'catkin_cmake_args' from command line to 'None'
[0.369s] Level 5:colcon.colcon_core.verb:set package 'xacro' build argument 'catkin_skip_building_tests' from command line to 'False'
[0.369s] DEBUG:colcon.colcon_core.verb:Building package 'xacro' with the following arguments: {'ament_cmake_args': None, 'build_base': '/home/devpc/Desktop/quad_ws/build/xacro', 'catkin_cmake_args': None, 'catkin_skip_building_tests': False, 'cmake_args': None, 'cmake_clean_cache': False, 'cmake_clean_first': False, 'cmake_force_configure': False, 'cmake_target': None, 'cmake_target_skip_unavailable': False, 'install_base': '/home/devpc/Desktop/quad_ws/install/xacro', 'merge_install': False, 'path': '/home/devpc/Desktop/quad_ws/src/xacro-ros2', 'symlink_install': False, 'test_result_base': None}
[0.369s] INFO:colcon.colcon_core.executor:Executing jobs using 'parallel' executor
[0.373s] DEBUG:colcon.colcon_parallel_executor.executor.parallel:run_until_complete
[0.373s] INFO:colcon.colcon_ros.task.ament_python.build:Building ROS package in '/home/devpc/Desktop/quad_ws/src/quad' with build type 'ament_python'
[0.373s] Level 1:colcon.colcon_core.shell:create_environment_hook('quad', 'ament_prefix_path')
[0.379s] INFO:colcon.colcon_core.plugin_system:Skipping extension 'colcon_core.shell.bat': Not used on non-Windows systems
[0.380s] INFO:colcon.colcon_core.shell:Creating environment hook '/home/devpc/Desktop/quad_ws/install/quad/share/quad/hook/ament_prefix_path.ps1'
[0.381s] INFO:colcon.colcon_core.shell:Creating environment descriptor '/home/devpc/Desktop/quad_ws/install/quad/share/quad/hook/ament_prefix_path.dsv'
[0.381s] INFO:colcon.colcon_core.shell:Creating environment hook '/home/devpc/Desktop/quad_ws/install/quad/share/quad/hook/ament_prefix_path.sh'
[0.383s] INFO:colcon.colcon_core.shell:Skip shell extension 'powershell' for command environment: Not usable outside of PowerShell
[0.383s] DEBUG:colcon.colcon_core.shell:Skip shell extension 'dsv' for command environment
[0.388s] DEBUG:colcon.colcon_core.shell:Ignoring prefix path '/opt/ros/foxy'
[0.392s] INFO:colcon.colcon_ros.task.ament_cmake.build:Building ROS package in '/home/devpc/Desktop/quad_ws/src/quad_interfaces' with build type 'ament_cmake'
[0.393s] INFO:colcon.colcon_cmake.task.cmake.build:Building CMake package in '/home/devpc/Desktop/quad_ws/src/quad_interfaces'
[0.394s] INFO:colcon.colcon_core.shell:Skip shell extension 'powershell' for command environment: Not usable outside of PowerShell
[0.394s] DEBUG:colcon.colcon_core.shell:Skip shell extension 'dsv' for command environment
[0.398s] DEBUG:colcon.colcon_core.shell:Ignoring prefix path '/opt/ros/foxy'
[0.401s] INFO:colcon.colcon_ros.task.ament_python.build:Building ROS package in '/home/devpc/Desktop/quad_ws/src/teleop' with build type 'ament_python'
[0.401s] Level 1:colcon.colcon_core.shell:create_environment_hook('teleop', 'ament_prefix_path')
[0.402s] INFO:colcon.colcon_core.shell:Creating environment hook '/home/devpc/Desktop/quad_ws/install/teleop/share/teleop/hook/ament_prefix_path.ps1'
[0.403s] INFO:colcon.colcon_core.shell:Creating environment descriptor '/home/devpc/Desktop/quad_ws/install/teleop/share/teleop/hook/ament_prefix_path.dsv'
[0.403s] INFO:colcon.colcon_core.shell:Creating environment hook '/home/devpc/Desktop/quad_ws/install/teleop/share/teleop/hook/ament_prefix_path.sh'
[0.404s] INFO:colcon.colcon_core.shell:Skip shell extension 'powershell' for command environment: Not usable outside of PowerShell
[0.404s] DEBUG:colcon.colcon_core.shell:Skip shell extension 'dsv' for command environment
[0.407s] DEBUG:colcon.colcon_core.shell:Ignoring prefix path '/opt/ros/foxy'
[0.410s] INFO:colcon.colcon_ros.task.ament_cmake.build:Building ROS package in '/home/devpc/Desktop/quad_ws/src/xacro-ros2' with build type 'ament_cmake'
[0.410s] INFO:colcon.colcon_cmake.task.cmake.build:Building CMake package in '/home/devpc/Desktop/quad_ws/src/xacro-ros2'
[0.411s] INFO:colcon.colcon_core.shell:Skip shell extension 'powershell' for command environment: Not usable outside of PowerShell
[0.411s] DEBUG:colcon.colcon_core.shell:Skip shell extension 'dsv' for command environment
[0.414s] DEBUG:colcon.colcon_core.shell:Ignoring prefix path '/opt/ros/foxy'
[0.656s] INFO:colcon.colcon_core.task.python.build:Building Python package in '/home/devpc/Desktop/quad_ws/src/quad'
[0.657s] INFO:colcon.colcon_core.shell:Skip shell extension 'powershell' for command environment: Not usable outside of PowerShell
[0.657s] DEBUG:colcon.colcon_core.shell:Skip shell extension 'dsv' for command environment
[0.660s] DEBUG:colcon.colcon_core.shell:Ignoring prefix path '/opt/ros/foxy'
[0.668s] DEBUG:colcon.colcon_core.event_handler.log_command:Invoking command in '/home/devpc/Desktop/quad_ws/build/quad_interfaces': CMAKE_PREFIX_PATH=${CMAKE_PREFIX_PATH}:/home/devpc/Desktop/quad_ws/install/teleop_twist_keyboard:/home/devpc/Desktop/quad_ws/install/teleop:/home/devpc/Desktop/quad_ws/install/quad:/home/devpc/Desktop/quad_ws/install/motion_servos_calibration:/opt/ros/foxy /usr/bin/cmake --build /home/devpc/Desktop/quad_ws/build/quad_interfaces -- -j8 -l8
[0.915s] INFO:colcon.colcon_core.task.python.build:Building Python package in '/home/devpc/Desktop/quad_ws/src/teleop'
[0.916s] INFO:colcon.colcon_core.shell:Skip shell extension 'powershell' for command environment: Not usable outside of PowerShell
[0.916s] DEBUG:colcon.colcon_core.shell:Skip shell extension 'dsv' for command environment
[0.918s] DEBUG:colcon.colcon_core.shell:Ignoring prefix path '/opt/ros/foxy'
[0.925s] DEBUG:colcon.colcon_core.event_handler.log_command:Invoking command in '/home/devpc/Desktop/quad_ws/build/xacro': CMAKE_PREFIX_PATH=${CMAKE_PREFIX_PATH}:/home/devpc/Desktop/quad_ws/install/teleop_twist_keyboard:/home/devpc/Desktop/quad_ws/install/teleop:/home/devpc/Desktop/quad_ws/install/quad:/home/devpc/Desktop/quad_ws/install/motion_servos_calibration:/opt/ros/foxy /usr/bin/cmake --build /home/devpc/Desktop/quad_ws/build/xacro -- -j8 -l8
[0.935s] DEBUG:colcon.colcon_core.event_handler.log_command:Invoked command in '/home/devpc/Desktop/quad_ws/build/quad_interfaces' returned '0': CMAKE_PREFIX_PATH=${CMAKE_PREFIX_PATH}:/home/devpc/Desktop/quad_ws/install/teleop_twist_keyboard:/home/devpc/Desktop/quad_ws/install/teleop:/home/devpc/Desktop/quad_ws/install/quad:/home/devpc/Desktop/quad_ws/install/motion_servos_calibration:/opt/ros/foxy /usr/bin/cmake --build /home/devpc/Desktop/quad_ws/build/quad_interfaces -- -j8 -l8
[0.938s] DEBUG:colcon.colcon_core.event_handler.log_command:Invoking command in '/home/devpc/Desktop/quad_ws/src/quad': PYTHONPATH=/home/devpc/Desktop/quad_ws/install/quad/lib/python3.8/site-packages:${PYTHONPATH} /usr/bin/python3 setup.py egg_info --egg-base ../../build/quad build --build-base /home/devpc/Desktop/quad_ws/build/quad/build install --prefix /home/devpc/Desktop/quad_ws/install/quad --record /home/devpc/Desktop/quad_ws/build/quad/install.log --single-version-externally-managed
[0.940s] DEBUG:colcon.colcon_core.event_handler.log_command:Invoking command in '/home/devpc/Desktop/quad_ws/src/teleop': PYTHONPATH=/home/devpc/Desktop/quad_ws/install/teleop/lib/python3.8/site-packages:${PYTHONPATH} /usr/bin/python3 setup.py egg_info --egg-base ../../build/teleop build --build-base /home/devpc/Desktop/quad_ws/build/teleop/build install --prefix /home/devpc/Desktop/quad_ws/install/teleop --record /home/devpc/Desktop/quad_ws/build/teleop/install.log --single-version-externally-managed
[0.965s] DEBUG:colcon.colcon_core.event_handler.log_command:Invoked command in '/home/devpc/Desktop/quad_ws/build/xacro' returned '0': CMAKE_PREFIX_PATH=${CMAKE_PREFIX_PATH}:/home/devpc/Desktop/quad_ws/install/teleop_twist_keyboard:/home/devpc/Desktop/quad_ws/install/teleop:/home/devpc/Desktop/quad_ws/install/quad:/home/devpc/Desktop/quad_ws/install/motion_servos_calibration:/opt/ros/foxy /usr/bin/cmake --build /home/devpc/Desktop/quad_ws/build/xacro -- -j8 -l8
[0.998s] DEBUG:colcon.colcon_core.event_handler.log_command:Invoking command in '/home/devpc/Desktop/quad_ws/build/xacro': CMAKE_PREFIX_PATH=${CMAKE_PREFIX_PATH}:/home/devpc/Desktop/quad_ws/install/teleop_twist_keyboard:/home/devpc/Desktop/quad_ws/install/teleop:/home/devpc/Desktop/quad_ws/install/quad:/home/devpc/Desktop/quad_ws/install/motion_servos_calibration:/opt/ros/foxy /usr/bin/cmake --install /home/devpc/Desktop/quad_ws/build/xacro
[1.024s] DEBUG:colcon.colcon_core.event_handler.log_command:Invoking command in '/home/devpc/Desktop/quad_ws/build/quad_interfaces': CMAKE_PREFIX_PATH=${CMAKE_PREFIX_PATH}:/home/devpc/Desktop/quad_ws/install/teleop_twist_keyboard:/home/devpc/Desktop/quad_ws/install/teleop:/home/devpc/Desktop/quad_ws/install/quad:/home/devpc/Desktop/quad_ws/install/motion_servos_calibration:/opt/ros/foxy /usr/bin/cmake --install /home/devpc/Desktop/quad_ws/build/quad_interfaces
[1.052s] Level 1:colcon.colcon_core.environment:create_environment_scripts_only(xacro)
[1.063s] Level 1:colcon.colcon_core.environment:checking '/home/devpc/Desktop/quad_ws/install/xacro' for CMake module files
[1.065s] Level 1:colcon.colcon_core.environment:checking '/home/devpc/Desktop/quad_ws/install/xacro' for CMake config files
[1.066s] Level 1:colcon.colcon_core.shell:create_environment_hook('xacro', 'cmake_prefix_path')
[1.067s] INFO:colcon.colcon_core.shell:Creating environment hook '/home/devpc/Desktop/quad_ws/install/xacro/share/xacro/hook/cmake_prefix_path.ps1'
[1.068s] INFO:colcon.colcon_core.shell:Creating environment descriptor '/home/devpc/Desktop/quad_ws/install/xacro/share/xacro/hook/cmake_prefix_path.dsv'
[1.069s] INFO:colcon.colcon_core.shell:Creating environment hook '/home/devpc/Desktop/quad_ws/install/xacro/share/xacro/hook/cmake_prefix_path.sh'
[1.071s] Level 1:colcon.colcon_core.environment:checking '/home/devpc/Desktop/quad_ws/install/xacro/lib'
[1.072s] Level 1:colcon.colcon_core.environment:checking '/home/devpc/Desktop/quad_ws/install/xacro/bin'
[1.072s] Level 1:colcon.colcon_core.shell:create_environment_hook('xacro', 'path')
[1.073s] INFO:colcon.colcon_core.shell:Creating environment hook '/home/devpc/Desktop/quad_ws/install/xacro/share/xacro/hook/path.ps1'
[1.074s] INFO:colcon.colcon_core.shell:Creating environment descriptor '/home/devpc/Desktop/quad_ws/install/xacro/share/xacro/hook/path.dsv'
[1.075s] INFO:colcon.colcon_core.shell:Creating environment hook '/home/devpc/Desktop/quad_ws/install/xacro/share/xacro/hook/path.sh'
[1.076s] Level 1:colcon.colcon_core.environment:checking '/home/devpc/Desktop/quad_ws/install/xacro/lib/pkgconfig/xacro.pc'
[1.076s] Level 1:colcon.colcon_core.environment:checking '/home/devpc/Desktop/quad_ws/install/xacro/lib/python3.8/site-packages'
[1.076s] Level 1:colcon.colcon_core.shell:create_environment_hook('xacro', 'pythonpath')
[1.077s] INFO:colcon.colcon_core.shell:Creating environment hook '/home/devpc/Desktop/quad_ws/install/xacro/share/xacro/hook/pythonpath.ps1'
[1.078s] INFO:colcon.colcon_core.shell:Creating environment descriptor '/home/devpc/Desktop/quad_ws/install/xacro/share/xacro/hook/pythonpath.dsv'
[1.079s] INFO:colcon.colcon_core.shell:Creating environment hook '/home/devpc/Desktop/quad_ws/install/xacro/share/xacro/hook/pythonpath.sh'
[1.080s] INFO:colcon.colcon_core.shell:Creating package script '/home/devpc/Desktop/quad_ws/install/xacro/share/xacro/package.ps1'
[1.082s] INFO:colcon.colcon_core.shell:Creating package descriptor '/home/devpc/Desktop/quad_ws/install/xacro/share/xacro/package.dsv'
[1.083s] INFO:colcon.colcon_core.shell:Creating package script '/home/devpc/Desktop/quad_ws/install/xacro/share/xacro/package.sh'
[1.085s] INFO:colcon.colcon_core.shell:Creating package script '/home/devpc/Desktop/quad_ws/install/xacro/share/xacro/package.bash'
[1.087s] INFO:colcon.colcon_core.shell:Creating package script '/home/devpc/Desktop/quad_ws/install/xacro/share/xacro/package.zsh'
[1.089s] DEBUG:colcon.colcon_core.event_handler.log_command:Invoked command in '/home/devpc/Desktop/quad_ws/build/xacro' returned '0': CMAKE_PREFIX_PATH=${CMAKE_PREFIX_PATH}:/home/devpc/Desktop/quad_ws/install/teleop_twist_keyboard:/home/devpc/Desktop/quad_ws/install/teleop:/home/devpc/Desktop/quad_ws/install/quad:/home/devpc/Desktop/quad_ws/install/motion_servos_calibration:/opt/ros/foxy /usr/bin/cmake --install /home/devpc/Desktop/quad_ws/build/xacro
[1.089s] Level 1:colcon.colcon_core.environment:create_file_with_runtime_dependencies(/home/devpc/Desktop/quad_ws/install/xacro/share/colcon-core/packages/xacro)
[1.117s] Level 1:colcon.colcon_core.environment:create_environment_scripts_only(xacro)
[1.118s] Level 1:colcon.colcon_core.environment:checking '/home/devpc/Desktop/quad_ws/install/xacro' for CMake module files
[1.119s] Level 1:colcon.colcon_core.environment:checking '/home/devpc/Desktop/quad_ws/install/xacro' for CMake config files
[1.119s] Level 1:colcon.colcon_core.shell:create_environment_hook('xacro', 'cmake_prefix_path')
[1.120s] INFO:colcon.colcon_core.shell:Creating environment hook '/home/devpc/Desktop/quad_ws/install/xacro/share/xacro/hook/cmake_prefix_path.ps1'
[1.121s] INFO:colcon.colcon_core.shell:Creating environment descriptor '/home/devpc/Desktop/quad_ws/install/xacro/share/xacro/hook/cmake_prefix_path.dsv'
[1.121s] INFO:colcon.colcon_core.shell:Creating environment hook '/home/devpc/Desktop/quad_ws/install/xacro/share/xacro/hook/cmake_prefix_path.sh'
[1.122s] Level 1:colcon.colcon_core.environment:checking '/home/devpc/Desktop/quad_ws/install/xacro/lib'
[1.122s] Level 1:colcon.colcon_core.environment:checking '/home/devpc/Desktop/quad_ws/install/xacro/bin'
[1.122s] Level 1:colcon.colcon_core.shell:create_environment_hook('xacro', 'path')
[1.123s] INFO:colcon.colcon_core.shell:Creating environment hook '/home/devpc/Desktop/quad_ws/install/xacro/share/xacro/hook/path.ps1'
[1.124s] INFO:colcon.colcon_core.shell:Creating environment descriptor '/home/devpc/Desktop/quad_ws/install/xacro/share/xacro/hook/path.dsv'
[1.124s] INFO:colcon.colcon_core.shell:Creating environment hook '/home/devpc/Desktop/quad_ws/install/xacro/share/xacro/hook/path.sh'
[1.125s] Level 1:colcon.colcon_core.environment:checking '/home/devpc/Desktop/quad_ws/install/xacro/lib/pkgconfig/xacro.pc'
[1.125s] Level 1:colcon.colcon_core.environment:checking '/home/devpc/Desktop/quad_ws/install/xacro/lib/python3.8/site-packages'
[1.125s] Level 1:colcon.colcon_core.shell:create_environment_hook('xacro', 'pythonpath')
[1.126s] INFO:colcon.colcon_core.shell:Creating environment hook '/home/devpc/Desktop/quad_ws/install/xacro/share/xacro/hook/pythonpath.ps1'
[1.126s] INFO:colcon.colcon_core.shell:Creating environment descriptor '/home/devpc/Desktop/quad_ws/install/xacro/share/xacro/hook/pythonpath.dsv'
[1.127s] INFO:colcon.colcon_core.shell:Creating environment hook '/home/devpc/Desktop/quad_ws/install/xacro/share/xacro/hook/pythonpath.sh'
[1.128s] INFO:colcon.colcon_core.shell:Creating package script '/home/devpc/Desktop/quad_ws/install/xacro/share/xacro/package.ps1'
[1.129s] INFO:colcon.colcon_core.shell:Creating package descriptor '/home/devpc/Desktop/quad_ws/install/xacro/share/xacro/package.dsv'
[1.131s] INFO:colcon.colcon_core.shell:Creating package script '/home/devpc/Desktop/quad_ws/install/xacro/share/xacro/package.sh'
[1.132s] INFO:colcon.colcon_core.shell:Creating package script '/home/devpc/Desktop/quad_ws/install/xacro/share/xacro/package.bash'
[1.132s] INFO:colcon.colcon_core.shell:Creating package script '/home/devpc/Desktop/quad_ws/install/xacro/share/xacro/package.zsh'
[1.133s] Level 1:colcon.colcon_core.environment:create_file_with_runtime_dependencies(/home/devpc/Desktop/quad_ws/install/xacro/share/colcon-core/packages/xacro)
[1.134s] Level 1:colcon.colcon_core.environment:create_environment_scripts_only(quad_interfaces)
[1.135s] Level 1:colcon.colcon_core.environment:checking '/home/devpc/Desktop/quad_ws/install/quad_interfaces' for CMake module files
[1.137s] DEBUG:colcon.colcon_core.event_handler.log_command:Invoked command in '/home/devpc/Desktop/quad_ws/build/quad_interfaces' returned '0': CMAKE_PREFIX_PATH=${CMAKE_PREFIX_PATH}:/home/devpc/Desktop/quad_ws/install/teleop_twist_keyboard:/home/devpc/Desktop/quad_ws/install/teleop:/home/devpc/Desktop/quad_ws/install/quad:/home/devpc/Desktop/quad_ws/install/motion_servos_calibration:/opt/ros/foxy /usr/bin/cmake --install /home/devpc/Desktop/quad_ws/build/quad_interfaces
[1.138s] Level 1:colcon.colcon_core.environment:checking '/home/devpc/Desktop/quad_ws/install/quad_interfaces' for CMake config files
[1.138s] Level 1:colcon.colcon_core.shell:create_environment_hook('quad_interfaces', 'cmake_prefix_path')
[1.140s] INFO:colcon.colcon_core.shell:Creating environment hook '/home/devpc/Desktop/quad_ws/install/quad_interfaces/share/quad_interfaces/hook/cmake_prefix_path.ps1'
[1.140s] INFO:colcon.colcon_core.shell:Creating environment descriptor '/home/devpc/Desktop/quad_ws/install/quad_interfaces/share/quad_interfaces/hook/cmake_prefix_path.dsv'
[1.140s] INFO:colcon.colcon_core.shell:Creating environment hook '/home/devpc/Desktop/quad_ws/install/quad_interfaces/share/quad_interfaces/hook/cmake_prefix_path.sh'
[1.141s] Level 1:colcon.colcon_core.environment:checking '/home/devpc/Desktop/quad_ws/install/quad_interfaces/lib'
[1.141s] Level 1:colcon.colcon_core.shell:create_environment_hook('quad_interfaces', 'ld_library_path_lib')
[1.142s] INFO:colcon.colcon_core.shell:Creating environment hook '/home/devpc/Desktop/quad_ws/install/quad_interfaces/share/quad_interfaces/hook/ld_library_path_lib.ps1'
[1.142s] INFO:colcon.colcon_core.shell:Creating environment descriptor '/home/devpc/Desktop/quad_ws/install/quad_interfaces/share/quad_interfaces/hook/ld_library_path_lib.dsv'
[1.143s] INFO:colcon.colcon_core.shell:Creating environment hook '/home/devpc/Desktop/quad_ws/install/quad_interfaces/share/quad_interfaces/hook/ld_library_path_lib.sh'
[1.143s] Level 1:colcon.colcon_core.environment:checking '/home/devpc/Desktop/quad_ws/install/quad_interfaces/bin'
[1.143s] Level 1:colcon.colcon_core.environment:checking '/home/devpc/Desktop/quad_ws/install/quad_interfaces/lib/pkgconfig/quad_interfaces.pc'
[1.143s] Level 1:colcon.colcon_core.environment:checking '/home/devpc/Desktop/quad_ws/install/quad_interfaces/lib/python3.8/site-packages'
[1.143s] Level 1:colcon.colcon_core.shell:create_environment_hook('quad_interfaces', 'pythonpath')
[1.144s] INFO:colcon.colcon_core.shell:Creating environment hook '/home/devpc/Desktop/quad_ws/install/quad_interfaces/share/quad_interfaces/hook/pythonpath.ps1'
[1.144s] INFO:colcon.colcon_core.shell:Creating environment descriptor '/home/devpc/Desktop/quad_ws/install/quad_interfaces/share/quad_interfaces/hook/pythonpath.dsv'
[1.145s] INFO:colcon.colcon_core.shell:Creating environment hook '/home/devpc/Desktop/quad_ws/install/quad_interfaces/share/quad_interfaces/hook/pythonpath.sh'
[1.146s] INFO:colcon.colcon_core.shell:Creating package script '/home/devpc/Desktop/quad_ws/install/quad_interfaces/share/quad_interfaces/package.ps1'
[1.146s] INFO:colcon.colcon_core.shell:Creating package descriptor '/home/devpc/Desktop/quad_ws/install/quad_interfaces/share/quad_interfaces/package.dsv'
[1.147s] INFO:colcon.colcon_core.shell:Creating package script '/home/devpc/Desktop/quad_ws/install/quad_interfaces/share/quad_interfaces/package.sh'
[1.148s] INFO:colcon.colcon_core.shell:Creating package script '/home/devpc/Desktop/quad_ws/install/quad_interfaces/share/quad_interfaces/package.bash'
[1.148s] INFO:colcon.colcon_core.shell:Creating package script '/home/devpc/Desktop/quad_ws/install/quad_interfaces/share/quad_interfaces/package.zsh'
[1.149s] Level 1:colcon.colcon_core.environment:create_file_with_runtime_dependencies(/home/devpc/Desktop/quad_ws/install/quad_interfaces/share/colcon-core/packages/quad_interfaces)
[1.239s] Level 1:colcon.colcon_core.environment:create_environment_scripts_only(quad_interfaces)
[1.241s] Level 1:colcon.colcon_core.environment:checking '/home/devpc/Desktop/quad_ws/install/quad_interfaces' for CMake module files
[1.243s] Level 1:colcon.colcon_core.environment:checking '/home/devpc/Desktop/quad_ws/install/quad_interfaces' for CMake config files
[1.244s] Level 1:colcon.colcon_core.shell:create_environment_hook('quad_interfaces', 'cmake_prefix_path')
[1.245s] INFO:colcon.colcon_core.shell:Creating environment hook '/home/devpc/Desktop/quad_ws/install/quad_interfaces/share/quad_interfaces/hook/cmake_prefix_path.ps1'
[1.245s] INFO:colcon.colcon_core.shell:Creating environment descriptor '/home/devpc/Desktop/quad_ws/install/quad_interfaces/share/quad_interfaces/hook/cmake_prefix_path.dsv'
[1.246s] INFO:colcon.colcon_core.shell:Creating environment hook '/home/devpc/Desktop/quad_ws/install/quad_interfaces/share/quad_interfaces/hook/cmake_prefix_path.sh'
[1.246s] Level 1:colcon.colcon_core.environment:checking '/home/devpc/Desktop/quad_ws/install/quad_interfaces/lib'
[1.246s] Level 1:colcon.colcon_core.shell:create_environment_hook('quad_interfaces', 'ld_library_path_lib')
[1.247s] INFO:colcon.colcon_core.shell:Creating environment hook '/home/devpc/Desktop/quad_ws/install/quad_interfaces/share/quad_interfaces/hook/ld_library_path_lib.ps1'
[1.247s] INFO:colcon.colcon_core.shell:Creating environment descriptor '/home/devpc/Desktop/quad_ws/install/quad_interfaces/share/quad_interfaces/hook/ld_library_path_lib.dsv'
[1.248s] INFO:colcon.colcon_core.shell:Creating environment hook '/home/devpc/Desktop/quad_ws/install/quad_interfaces/share/quad_interfaces/hook/ld_library_path_lib.sh'
[1.248s] Level 1:colcon.colcon_core.environment:checking '/home/devpc/Desktop/quad_ws/install/quad_interfaces/bin'
[1.248s] Level 1:colcon.colcon_core.environment:checking '/home/devpc/Desktop/quad_ws/install/quad_interfaces/lib/pkgconfig/quad_interfaces.pc'
[1.248s] Level 1:colcon.colcon_core.environment:checking '/home/devpc/Desktop/quad_ws/install/quad_interfaces/lib/python3.8/site-packages'
[1.248s] Level 1:colcon.colcon_core.shell:create_environment_hook('quad_interfaces', 'pythonpath')
[1.249s] INFO:colcon.colcon_core.shell:Creating environment hook '/home/devpc/Desktop/quad_ws/install/quad_interfaces/share/quad_interfaces/hook/pythonpath.ps1'
[1.250s] INFO:colcon.colcon_core.shell:Creating environment descriptor '/home/devpc/Desktop/quad_ws/install/quad_interfaces/share/quad_interfaces/hook/pythonpath.dsv'
[1.250s] INFO:colcon.colcon_core.shell:Creating environment hook '/home/devpc/Desktop/quad_ws/install/quad_interfaces/share/quad_interfaces/hook/pythonpath.sh'
[1.252s] INFO:colcon.colcon_core.shell:Creating package script '/home/devpc/Desktop/quad_ws/install/quad_interfaces/share/quad_interfaces/package.ps1'
[1.253s] INFO:colcon.colcon_core.shell:Creating package descriptor '/home/devpc/Desktop/quad_ws/install/quad_interfaces/share/quad_interfaces/package.dsv'
[1.254s] INFO:colcon.colcon_core.shell:Creating package script '/home/devpc/Desktop/quad_ws/install/quad_interfaces/share/quad_interfaces/package.sh'
[1.255s] INFO:colcon.colcon_core.shell:Creating package script '/home/devpc/Desktop/quad_ws/install/quad_interfaces/share/quad_interfaces/package.bash'
[1.255s] INFO:colcon.colcon_core.shell:Creating package script '/home/devpc/Desktop/quad_ws/install/quad_interfaces/share/quad_interfaces/package.zsh'
[1.256s] Level 1:colcon.colcon_core.environment:create_file_with_runtime_dependencies(/home/devpc/Desktop/quad_ws/install/quad_interfaces/share/colcon-core/packages/quad_interfaces)
[1.278s] Level 1:colcon.colcon_core.environment:checking '/home/devpc/Desktop/quad_ws/install/quad' for CMake module files
[1.279s] DEBUG:colcon.colcon_core.event_handler.log_command:Invoked command in '/home/devpc/Desktop/quad_ws/src/quad' returned '0': PYTHONPATH=/home/devpc/Desktop/quad_ws/install/quad/lib/python3.8/site-packages:${PYTHONPATH} /usr/bin/python3 setup.py egg_info --egg-base ../../build/quad build --build-base /home/devpc/Desktop/quad_ws/build/quad/build install --prefix /home/devpc/Desktop/quad_ws/install/quad --record /home/devpc/Desktop/quad_ws/build/quad/install.log --single-version-externally-managed
[1.279s] Level 1:colcon.colcon_core.environment:checking '/home/devpc/Desktop/quad_ws/install/quad' for CMake config files
[1.280s] Level 1:colcon.colcon_core.environment:checking '/home/devpc/Desktop/quad_ws/install/quad/lib'
[1.281s] Level 1:colcon.colcon_core.environment:checking '/home/devpc/Desktop/quad_ws/install/quad/bin'
[1.281s] Level 1:colcon.colcon_core.environment:checking '/home/devpc/Desktop/quad_ws/install/quad/lib/pkgconfig/quad.pc'
[1.281s] Level 1:colcon.colcon_core.environment:checking '/home/devpc/Desktop/quad_ws/install/quad/lib/python3.8/site-packages'
[1.281s] Level 1:colcon.colcon_core.shell:create_environment_hook('quad', 'pythonpath')
[1.282s] INFO:colcon.colcon_core.shell:Creating environment hook '/home/devpc/Desktop/quad_ws/install/quad/share/quad/hook/pythonpath.ps1'
[1.283s] INFO:colcon.colcon_core.shell:Creating environment descriptor '/home/devpc/Desktop/quad_ws/install/quad/share/quad/hook/pythonpath.dsv'
[1.283s] INFO:colcon.colcon_core.shell:Creating environment hook '/home/devpc/Desktop/quad_ws/install/quad/share/quad/hook/pythonpath.sh'
[1.284s] Level 1:colcon.colcon_core.environment:create_environment_scripts_only(quad)
[1.285s] INFO:colcon.colcon_core.shell:Creating package script '/home/devpc/Desktop/quad_ws/install/quad/share/quad/package.ps1'
[1.286s] INFO:colcon.colcon_core.shell:Creating package descriptor '/home/devpc/Desktop/quad_ws/install/quad/share/quad/package.dsv'
[1.287s] INFO:colcon.colcon_core.shell:Creating package script '/home/devpc/Desktop/quad_ws/install/quad/share/quad/package.sh'
[1.288s] INFO:colcon.colcon_core.shell:Creating package script '/home/devpc/Desktop/quad_ws/install/quad/share/quad/package.bash'
[1.288s] INFO:colcon.colcon_core.shell:Creating package script '/home/devpc/Desktop/quad_ws/install/quad/share/quad/package.zsh'
[1.289s] Level 1:colcon.colcon_core.environment:create_file_with_runtime_dependencies(/home/devpc/Desktop/quad_ws/install/quad/share/colcon-core/packages/quad)
[1.302s] Level 1:colcon.colcon_core.environment:checking '/home/devpc/Desktop/quad_ws/install/teleop' for CMake module files
[1.303s] DEBUG:colcon.colcon_core.event_handler.log_command:Invoked command in '/home/devpc/Desktop/quad_ws/src/teleop' returned '0': PYTHONPATH=/home/devpc/Desktop/quad_ws/install/teleop/lib/python3.8/site-packages:${PYTHONPATH} /usr/bin/python3 setup.py egg_info --egg-base ../../build/teleop build --build-base /home/devpc/Desktop/quad_ws/build/teleop/build install --prefix /home/devpc/Desktop/quad_ws/install/teleop --record /home/devpc/Desktop/quad_ws/build/teleop/install.log --single-version-externally-managed
[1.304s] Level 1:colcon.colcon_core.environment:checking '/home/devpc/Desktop/quad_ws/install/teleop' for CMake config files
[1.304s] Level 1:colcon.colcon_core.environment:checking '/home/devpc/Desktop/quad_ws/install/teleop/lib'
[1.304s] Level 1:colcon.colcon_core.environment:checking '/home/devpc/Desktop/quad_ws/install/teleop/bin'
[1.304s] Level 1:colcon.colcon_core.environment:checking '/home/devpc/Desktop/quad_ws/install/teleop/lib/pkgconfig/teleop.pc'
[1.304s] Level 1:colcon.colcon_core.environment:checking '/home/devpc/Desktop/quad_ws/install/teleop/lib/python3.8/site-packages'
[1.304s] Level 1:colcon.colcon_core.shell:create_environment_hook('teleop', 'pythonpath')
[1.305s] INFO:colcon.colcon_core.shell:Creating environment hook '/home/devpc/Desktop/quad_ws/install/teleop/share/teleop/hook/pythonpath.ps1'
[1.305s] INFO:colcon.colcon_core.shell:Creating environment descriptor '/home/devpc/Desktop/quad_ws/install/teleop/share/teleop/hook/pythonpath.dsv'
[1.306s] INFO:colcon.colcon_core.shell:Creating environment hook '/home/devpc/Desktop/quad_ws/install/teleop/share/teleop/hook/pythonpath.sh'
[1.306s] Level 1:colcon.colcon_core.environment:create_environment_scripts_only(teleop)
[1.306s] INFO:colcon.colcon_core.shell:Creating package script '/home/devpc/Desktop/quad_ws/install/teleop/share/teleop/package.ps1'
[1.307s] INFO:colcon.colcon_core.shell:Creating package descriptor '/home/devpc/Desktop/quad_ws/install/teleop/share/teleop/package.dsv'
[1.307s] INFO:colcon.colcon_core.shell:Creating package script '/home/devpc/Desktop/quad_ws/install/teleop/share/teleop/package.sh'
[1.308s] INFO:colcon.colcon_core.shell:Creating package script '/home/devpc/Desktop/quad_ws/install/teleop/share/teleop/package.bash'
[1.308s] INFO:colcon.colcon_core.shell:Creating package script '/home/devpc/Desktop/quad_ws/install/teleop/share/teleop/package.zsh'
[1.308s] Level 1:colcon.colcon_core.environment:create_file_with_runtime_dependencies(/home/devpc/Desktop/quad_ws/install/teleop/share/colcon-core/packages/teleop)
[1.308s] DEBUG:colcon.colcon_parallel_executor.executor.parallel:closing loop
[1.309s] DEBUG:colcon.colcon_parallel_executor.executor.parallel:loop closed
[1.309s] DEBUG:colcon.colcon_parallel_executor.executor.parallel:run_until_complete finished with '0'
[1.309s] DEBUG:colcon.colcon_core.event_reactor:joining thread
[1.315s] INFO:colcon.colcon_core.plugin_system:Skipping extension 'colcon_notification.desktop_notification.terminal_notifier': Not used on non-Darwin systems
[1.315s] INFO:colcon.colcon_core.plugin_system:Skipping extension 'colcon_notification.desktop_notification.win32': Not used on non-Windows systems
[1.315s] INFO:colcon.colcon_notification.desktop_notification:Sending desktop notification using 'notify2'
[1.328s] DEBUG:colcon.colcon_core.event_reactor:joined thread
[1.330s] INFO:colcon.colcon_core.shell:Creating prefix script '/home/devpc/Desktop/quad_ws/install/local_setup.ps1'
[1.331s] INFO:colcon.colcon_core.shell:Creating prefix util module '/home/devpc/Desktop/quad_ws/install/_local_setup_util_ps1.py'
[1.333s] INFO:colcon.colcon_core.shell:Creating prefix chain script '/home/devpc/Desktop/quad_ws/install/setup.ps1'
[1.338s] INFO:colcon.colcon_core.shell:Creating prefix script '/home/devpc/Desktop/quad_ws/install/local_setup.sh'
[1.338s] INFO:colcon.colcon_core.shell:Creating prefix util module '/home/devpc/Desktop/quad_ws/install/_local_setup_util_sh.py'
[1.339s] INFO:colcon.colcon_core.shell:Creating prefix chain script '/home/devpc/Desktop/quad_ws/install/setup.sh'
[1.343s] INFO:colcon.colcon_core.shell:Creating prefix script '/home/devpc/Desktop/quad_ws/install/local_setup.bash'
[1.344s] INFO:colcon.colcon_core.shell:Creating prefix chain script '/home/devpc/Desktop/quad_ws/install/setup.bash'
[1.348s] INFO:colcon.colcon_core.shell:Creating prefix script '/home/devpc/Desktop/quad_ws/install/local_setup.zsh'
[1.349s] INFO:colcon.colcon_core.shell:Creating prefix chain script '/home/devpc/Desktop/quad_ws/install/setup.zsh'
