[  1%] Built target statistics_msgs__cpp
[ 10%] Built target statistics_msgs__rosidl_generator_c
[ 18%] Built target statistics_msgs__rosidl_typesupport_cpp
[ 27%] Built target statistics_msgs__rosidl_typesupport_fastrtps_cpp
[ 35%] Built target statistics_msgs__rosidl_typesupport_microxrcedds_cpp
[ 44%] Built target statistics_msgs__rosidl_typesupport_introspection_cpp
[ 52%] Built target statistics_msgs__rosidl_typesupport_c
[ 61%] Built target statistics_msgs__rosidl_typesupport_introspection_c
[ 69%] Built target statistics_msgs__rosidl_typesupport_fastrtps_c
[ 77%] Built target statistics_msgs__rosidl_typesupport_microxrcedds_c
[ 77%] Built target statistics_msgs
[ 79%] Built target statistics_msgs__py
[ 86%] Built target statistics_msgs__python
[ 89%] Built target statistics_msgs__rosidl_typesupport_c__pyext
[ 93%] Built target statistics_msgs__rosidl_typesupport_fastrtps_c__pyext
[ 96%] Built target statistics_msgs__rosidl_typesupport_introspection_c__pyext
[100%] Built target statistics_msgs__rosidl_typesupport_microxrcedds_c__pyext
-- Install configuration: ""
-- Up-to-date: /home/devpc/Desktop/microros_ws/install/statistics_msgs/share/ament_index/resource_index/rosidl_interfaces/statistics_msgs
-- Up-to-date: /home/devpc/Desktop/microros_ws/install/statistics_msgs/include/statistics_msgs
-- Up-to-date: /home/devpc/Desktop/microros_ws/install/statistics_msgs/include/statistics_msgs/msg
-- Up-to-date: /home/devpc/Desktop/microros_ws/install/statistics_msgs/include/statistics_msgs/msg/statistic_data_type.h
-- Up-to-date: /home/devpc/Desktop/microros_ws/install/statistics_msgs/include/statistics_msgs/msg/detail
-- Up-to-date: /home/devpc/Desktop/microros_ws/install/statistics_msgs/include/statistics_msgs/msg/detail/statistic_data_type__functions.h
-- Up-to-date: /home/devpc/Desktop/microros_ws/install/statistics_msgs/include/statistics_msgs/msg/detail/statistic_data_type__struct.h
-- Up-to-date: /home/devpc/Desktop/microros_ws/install/statistics_msgs/include/statistics_msgs/msg/detail/metrics_message__type_support.h
-- Up-to-date: /home/devpc/Desktop/microros_ws/install/statistics_msgs/include/statistics_msgs/msg/detail/metrics_message__functions.c
-- Up-to-date: /home/devpc/Desktop/microros_ws/install/statistics_msgs/include/statistics_msgs/msg/detail/statistic_data_point__functions.c
-- Up-to-date: /home/devpc/Desktop/microros_ws/install/statistics_msgs/include/statistics_msgs/msg/detail/statistic_data_point__type_support.h
-- Up-to-date: /home/devpc/Desktop/microros_ws/install/statistics_msgs/include/statistics_msgs/msg/detail/statistic_data_point__struct.h
-- Up-to-date: /home/devpc/Desktop/microros_ws/install/statistics_msgs/include/statistics_msgs/msg/detail/statistic_data_type__functions.c
-- Up-to-date: /home/devpc/Desktop/microros_ws/install/statistics_msgs/include/statistics_msgs/msg/detail/statistic_data_point__functions.h
-- Up-to-date: /home/devpc/Desktop/microros_ws/install/statistics_msgs/include/statistics_msgs/msg/detail/statistic_data_type__type_support.h
-- Up-to-date: /home/devpc/Desktop/microros_ws/install/statistics_msgs/include/statistics_msgs/msg/detail/metrics_message__struct.h
-- Up-to-date: /home/devpc/Desktop/microros_ws/install/statistics_msgs/include/statistics_msgs/msg/detail/metrics_message__functions.h
-- Up-to-date: /home/devpc/Desktop/microros_ws/install/statistics_msgs/include/statistics_msgs/msg/statistic_data_point.h
-- Up-to-date: /home/devpc/Desktop/microros_ws/install/statistics_msgs/include/statistics_msgs/msg/metrics_message.h
-- Up-to-date: /home/devpc/Desktop/microros_ws/install/statistics_msgs/include/statistics_msgs/msg/rosidl_generator_c__visibility_control.h
-- Up-to-date: /home/devpc/Desktop/microros_ws/install/statistics_msgs/share/statistics_msgs/environment/library_path.sh
-- Up-to-date: /home/devpc/Desktop/microros_ws/install/statistics_msgs/share/statistics_msgs/environment/library_path.dsv
-- Up-to-date: /home/devpc/Desktop/microros_ws/install/statistics_msgs/lib/libstatistics_msgs__rosidl_generator_c.so
-- Up-to-date: /home/devpc/Desktop/microros_ws/install/statistics_msgs/include/statistics_msgs
-- Up-to-date: /home/devpc/Desktop/microros_ws/install/statistics_msgs/include/statistics_msgs/msg
-- Up-to-date: /home/devpc/Desktop/microros_ws/install/statistics_msgs/include/statistics_msgs/msg/detail
-- Up-to-date: /home/devpc/Desktop/microros_ws/install/statistics_msgs/include/statistics_msgs/msg/detail/metrics_message__rosidl_typesupport_microxrcedds_c.h
-- Up-to-date: /home/devpc/Desktop/microros_ws/install/statistics_msgs/include/statistics_msgs/msg/detail/statistic_data_type__rosidl_typesupport_microxrcedds_c.h
-- Up-to-date: /home/devpc/Desktop/microros_ws/install/statistics_msgs/include/statistics_msgs/msg/detail/microxrcedds
-- Up-to-date: /home/devpc/Desktop/microros_ws/install/statistics_msgs/include/statistics_msgs/msg/detail/statistic_data_point__rosidl_typesupport_microxrcedds_c.h
-- Up-to-date: /home/devpc/Desktop/microros_ws/install/statistics_msgs/include/statistics_msgs/msg/rosidl_typesupport_microxrcedds_c__visibility_control.h
-- Up-to-date: /home/devpc/Desktop/microros_ws/install/statistics_msgs/lib/libstatistics_msgs__rosidl_typesupport_microxrcedds_c.so
-- Up-to-date: /home/devpc/Desktop/microros_ws/install/statistics_msgs/include/statistics_msgs
-- Up-to-date: /home/devpc/Desktop/microros_ws/install/statistics_msgs/include/statistics_msgs/msg
-- Up-to-date: /home/devpc/Desktop/microros_ws/install/statistics_msgs/include/statistics_msgs/msg/detail
-- Up-to-date: /home/devpc/Desktop/microros_ws/install/statistics_msgs/include/statistics_msgs/msg/detail/statistic_data_type__rosidl_typesupport_fastrtps_c.h
-- Up-to-date: /home/devpc/Desktop/microros_ws/install/statistics_msgs/include/statistics_msgs/msg/detail/statistic_data_point__rosidl_typesupport_fastrtps_c.h
-- Up-to-date: /home/devpc/Desktop/microros_ws/install/statistics_msgs/include/statistics_msgs/msg/detail/metrics_message__rosidl_typesupport_fastrtps_c.h
-- Up-to-date: /home/devpc/Desktop/microros_ws/install/statistics_msgs/include/statistics_msgs/msg/rosidl_typesupport_fastrtps_c__visibility_control.h
-- Up-to-date: /home/devpc/Desktop/microros_ws/install/statistics_msgs/lib/libstatistics_msgs__rosidl_typesupport_fastrtps_c.so
-- Up-to-date: /home/devpc/Desktop/microros_ws/install/statistics_msgs/include/statistics_msgs
-- Up-to-date: /home/devpc/Desktop/microros_ws/install/statistics_msgs/include/statistics_msgs/msg
-- Up-to-date: /home/devpc/Desktop/microros_ws/install/statistics_msgs/include/statistics_msgs/msg/detail
-- Up-to-date: /home/devpc/Desktop/microros_ws/install/statistics_msgs/include/statistics_msgs/msg/detail/statistic_data_type__rosidl_typesupport_fastrtps_cpp.hpp
-- Up-to-date: /home/devpc/Desktop/microros_ws/install/statistics_msgs/include/statistics_msgs/msg/detail/statistic_data_point__rosidl_typesupport_fastrtps_cpp.hpp
-- Up-to-date: /home/devpc/Desktop/microros_ws/install/statistics_msgs/include/statistics_msgs/msg/detail/metrics_message__rosidl_typesupport_fastrtps_cpp.hpp
-- Up-to-date: /home/devpc/Desktop/microros_ws/install/statistics_msgs/include/statistics_msgs/msg/detail/dds_fastrtps
-- Up-to-date: /home/devpc/Desktop/microros_ws/install/statistics_msgs/include/statistics_msgs/msg/rosidl_typesupport_fastrtps_cpp__visibility_control.h
-- Up-to-date: /home/devpc/Desktop/microros_ws/install/statistics_msgs/lib/libstatistics_msgs__rosidl_typesupport_fastrtps_cpp.so
-- Up-to-date: /home/devpc/Desktop/microros_ws/install/statistics_msgs/include/statistics_msgs
-- Up-to-date: /home/devpc/Desktop/microros_ws/install/statistics_msgs/include/statistics_msgs/msg
-- Up-to-date: /home/devpc/Desktop/microros_ws/install/statistics_msgs/include/statistics_msgs/msg/detail
-- Up-to-date: /home/devpc/Desktop/microros_ws/install/statistics_msgs/include/statistics_msgs/msg/detail/statistic_data_point__type_support.c
-- Up-to-date: /home/devpc/Desktop/microros_ws/install/statistics_msgs/include/statistics_msgs/msg/detail/metrics_message__type_support.c
-- Up-to-date: /home/devpc/Desktop/microros_ws/install/statistics_msgs/include/statistics_msgs/msg/detail/statistic_data_type__rosidl_typesupport_introspection_c.h
-- Up-to-date: /home/devpc/Desktop/microros_ws/install/statistics_msgs/include/statistics_msgs/msg/detail/statistic_data_type__type_support.c
-- Up-to-date: /home/devpc/Desktop/microros_ws/install/statistics_msgs/include/statistics_msgs/msg/detail/metrics_message__rosidl_typesupport_introspection_c.h
-- Up-to-date: /home/devpc/Desktop/microros_ws/install/statistics_msgs/include/statistics_msgs/msg/detail/statistic_data_point__rosidl_typesupport_introspection_c.h
-- Up-to-date: /home/devpc/Desktop/microros_ws/install/statistics_msgs/include/statistics_msgs/msg/rosidl_typesupport_introspection_c__visibility_control.h
-- Up-to-date: /home/devpc/Desktop/microros_ws/install/statistics_msgs/lib/libstatistics_msgs__rosidl_typesupport_introspection_c.so
-- Up-to-date: /home/devpc/Desktop/microros_ws/install/statistics_msgs/lib/libstatistics_msgs__rosidl_typesupport_c.so
-- Up-to-date: /home/devpc/Desktop/microros_ws/install/statistics_msgs/include/statistics_msgs
-- Up-to-date: /home/devpc/Desktop/microros_ws/install/statistics_msgs/include/statistics_msgs/msg
-- Up-to-date: /home/devpc/Desktop/microros_ws/install/statistics_msgs/include/statistics_msgs/msg/metrics_message.hpp
-- Up-to-date: /home/devpc/Desktop/microros_ws/install/statistics_msgs/include/statistics_msgs/msg/detail
-- Up-to-date: /home/devpc/Desktop/microros_ws/install/statistics_msgs/include/statistics_msgs/msg/detail/metrics_message__builder.hpp
-- Up-to-date: /home/devpc/Desktop/microros_ws/install/statistics_msgs/include/statistics_msgs/msg/detail/statistic_data_point__traits.hpp
-- Up-to-date: /home/devpc/Desktop/microros_ws/install/statistics_msgs/include/statistics_msgs/msg/detail/statistic_data_type__builder.hpp
-- Up-to-date: /home/devpc/Desktop/microros_ws/install/statistics_msgs/include/statistics_msgs/msg/detail/metrics_message__struct.hpp
-- Up-to-date: /home/devpc/Desktop/microros_ws/install/statistics_msgs/include/statistics_msgs/msg/detail/statistic_data_type__traits.hpp
-- Up-to-date: /home/devpc/Desktop/microros_ws/install/statistics_msgs/include/statistics_msgs/msg/detail/metrics_message__traits.hpp
-- Up-to-date: /home/devpc/Desktop/microros_ws/install/statistics_msgs/include/statistics_msgs/msg/detail/statistic_data_point__builder.hpp
-- Up-to-date: /home/devpc/Desktop/microros_ws/install/statistics_msgs/include/statistics_msgs/msg/detail/statistic_data_type__struct.hpp
-- Up-to-date: /home/devpc/Desktop/microros_ws/install/statistics_msgs/include/statistics_msgs/msg/detail/statistic_data_point__struct.hpp
-- Up-to-date: /home/devpc/Desktop/microros_ws/install/statistics_msgs/include/statistics_msgs/msg/statistic_data_point.hpp
-- Up-to-date: /home/devpc/Desktop/microros_ws/install/statistics_msgs/include/statistics_msgs/msg/statistic_data_type.hpp
-- Up-to-date: /home/devpc/Desktop/microros_ws/install/statistics_msgs/include/statistics_msgs
-- Up-to-date: /home/devpc/Desktop/microros_ws/install/statistics_msgs/include/statistics_msgs/msg
-- Up-to-date: /home/devpc/Desktop/microros_ws/install/statistics_msgs/include/statistics_msgs/msg/detail
-- Up-to-date: /home/devpc/Desktop/microros_ws/install/statistics_msgs/include/statistics_msgs/msg/detail/metrics_message__rosidl_typesupport_microxrcedds_cpp.hpp
-- Up-to-date: /home/devpc/Desktop/microros_ws/install/statistics_msgs/include/statistics_msgs/msg/detail/statistic_data_type__rosidl_typesupport_microxrcedds_cpp.hpp
-- Up-to-date: /home/devpc/Desktop/microros_ws/install/statistics_msgs/include/statistics_msgs/msg/detail/statistic_data_point__rosidl_typesupport_microxrcedds_cpp.hpp
-- Up-to-date: /home/devpc/Desktop/microros_ws/install/statistics_msgs/include/statistics_msgs/msg/detail/microxrcedds
-- Up-to-date: /home/devpc/Desktop/microros_ws/install/statistics_msgs/include/statistics_msgs/msg/detail/microxrcedds/statistic_data_point__type_support_cpp.cpp
-- Up-to-date: /home/devpc/Desktop/microros_ws/install/statistics_msgs/include/statistics_msgs/msg/detail/microxrcedds/statistic_data_type__type_support_cpp.cpp
-- Up-to-date: /home/devpc/Desktop/microros_ws/install/statistics_msgs/include/statistics_msgs/msg/detail/microxrcedds/metrics_message__type_support_cpp.cpp
-- Up-to-date: /home/devpc/Desktop/microros_ws/install/statistics_msgs/include/statistics_msgs/msg/rosidl_typesupport_microxrcedds_cpp__visibility_control.h
-- Up-to-date: /home/devpc/Desktop/microros_ws/install/statistics_msgs/lib/libstatistics_msgs__rosidl_typesupport_microxrcedds_cpp.so
-- Up-to-date: /home/devpc/Desktop/microros_ws/install/statistics_msgs/include/statistics_msgs
-- Up-to-date: /home/devpc/Desktop/microros_ws/install/statistics_msgs/include/statistics_msgs/msg
-- Up-to-date: /home/devpc/Desktop/microros_ws/install/statistics_msgs/include/statistics_msgs/msg/detail
-- Up-to-date: /home/devpc/Desktop/microros_ws/install/statistics_msgs/include/statistics_msgs/msg/detail/metrics_message__rosidl_typesupport_introspection_cpp.hpp
-- Up-to-date: /home/devpc/Desktop/microros_ws/install/statistics_msgs/include/statistics_msgs/msg/detail/statistic_data_type__type_support.cpp
-- Up-to-date: /home/devpc/Desktop/microros_ws/install/statistics_msgs/include/statistics_msgs/msg/detail/statistic_data_type__rosidl_typesupport_introspection_cpp.hpp
-- Up-to-date: /home/devpc/Desktop/microros_ws/install/statistics_msgs/include/statistics_msgs/msg/detail/statistic_data_point__rosidl_typesupport_introspection_cpp.hpp
-- Up-to-date: /home/devpc/Desktop/microros_ws/install/statistics_msgs/include/statistics_msgs/msg/detail/metrics_message__type_support.cpp
-- Up-to-date: /home/devpc/Desktop/microros_ws/install/statistics_msgs/include/statistics_msgs/msg/detail/statistic_data_point__type_support.cpp
-- Up-to-date: /home/devpc/Desktop/microros_ws/install/statistics_msgs/lib/libstatistics_msgs__rosidl_typesupport_introspection_cpp.so
-- Up-to-date: /home/devpc/Desktop/microros_ws/install/statistics_msgs/lib/libstatistics_msgs__rosidl_typesupport_cpp.so
-- Up-to-date: /home/devpc/Desktop/microros_ws/install/statistics_msgs/share/statistics_msgs/environment/pythonpath.sh
-- Up-to-date: /home/devpc/Desktop/microros_ws/install/statistics_msgs/share/statistics_msgs/environment/pythonpath.dsv
-- Up-to-date: /home/devpc/Desktop/microros_ws/install/statistics_msgs/lib/python3.8/site-packages/statistics_msgs/__init__.py
-- Up-to-date: /home/devpc/Desktop/microros_ws/install/statistics_msgs/lib/python3.8/site-packages/statistics_msgs/msg
-- Up-to-date: /home/devpc/Desktop/microros_ws/install/statistics_msgs/lib/python3.8/site-packages/statistics_msgs/msg/_statistic_data_point_s.c
-- Up-to-date: /home/devpc/Desktop/microros_ws/install/statistics_msgs/lib/python3.8/site-packages/statistics_msgs/msg/_statistic_data_type_s.c
-- Up-to-date: /home/devpc/Desktop/microros_ws/install/statistics_msgs/lib/python3.8/site-packages/statistics_msgs/msg/_statistic_data_point.py
-- Up-to-date: /home/devpc/Desktop/microros_ws/install/statistics_msgs/lib/python3.8/site-packages/statistics_msgs/msg/_metrics_message_s.c
-- Up-to-date: /home/devpc/Desktop/microros_ws/install/statistics_msgs/lib/python3.8/site-packages/statistics_msgs/msg/__init__.py
-- Up-to-date: /home/devpc/Desktop/microros_ws/install/statistics_msgs/lib/python3.8/site-packages/statistics_msgs/msg/_metrics_message.py
-- Up-to-date: /home/devpc/Desktop/microros_ws/install/statistics_msgs/lib/python3.8/site-packages/statistics_msgs/msg/_statistic_data_type.py
-- Up-to-date: /home/devpc/Desktop/microros_ws/install/statistics_msgs/lib/python3.8/site-packages/statistics_msgs/statistics_msgs_s__rosidl_typesupport_microxrcedds_c.cpython-38-x86_64-linux-gnu.so
-- Up-to-date: /home/devpc/Desktop/microros_ws/install/statistics_msgs/lib/python3.8/site-packages/statistics_msgs/statistics_msgs_s__rosidl_typesupport_fastrtps_c.cpython-38-x86_64-linux-gnu.so
-- Up-to-date: /home/devpc/Desktop/microros_ws/install/statistics_msgs/lib/python3.8/site-packages/statistics_msgs/statistics_msgs_s__rosidl_typesupport_introspection_c.cpython-38-x86_64-linux-gnu.so
-- Up-to-date: /home/devpc/Desktop/microros_ws/install/statistics_msgs/lib/python3.8/site-packages/statistics_msgs/statistics_msgs_s__rosidl_typesupport_c.cpython-38-x86_64-linux-gnu.so
-- Up-to-date: /home/devpc/Desktop/microros_ws/install/statistics_msgs/lib/libstatistics_msgs__python.so
-- Up-to-date: /home/devpc/Desktop/microros_ws/install/statistics_msgs/share/statistics_msgs/msg/MetricsMessage.idl
-- Up-to-date: /home/devpc/Desktop/microros_ws/install/statistics_msgs/share/statistics_msgs/msg/StatisticDataPoint.idl
-- Up-to-date: /home/devpc/Desktop/microros_ws/install/statistics_msgs/share/statistics_msgs/msg/StatisticDataType.idl
-- Up-to-date: /home/devpc/Desktop/microros_ws/install/statistics_msgs/share/statistics_msgs/msg/MetricsMessage.msg
-- Up-to-date: /home/devpc/Desktop/microros_ws/install/statistics_msgs/share/statistics_msgs/msg/StatisticDataPoint.msg
-- Up-to-date: /home/devpc/Desktop/microros_ws/install/statistics_msgs/share/statistics_msgs/msg/StatisticDataType.msg
-- Up-to-date: /home/devpc/Desktop/microros_ws/install/statistics_msgs/share/ament_index/resource_index/package_run_dependencies/statistics_msgs
-- Up-to-date: /home/devpc/Desktop/microros_ws/install/statistics_msgs/share/ament_index/resource_index/parent_prefix_path/statistics_msgs
-- Up-to-date: /home/devpc/Desktop/microros_ws/install/statistics_msgs/share/statistics_msgs/environment/ament_prefix_path.sh
-- Up-to-date: /home/devpc/Desktop/microros_ws/install/statistics_msgs/share/statistics_msgs/environment/ament_prefix_path.dsv
-- Up-to-date: /home/devpc/Desktop/microros_ws/install/statistics_msgs/share/statistics_msgs/environment/path.sh
-- Up-to-date: /home/devpc/Desktop/microros_ws/install/statistics_msgs/share/statistics_msgs/environment/path.dsv
-- Up-to-date: /home/devpc/Desktop/microros_ws/install/statistics_msgs/share/statistics_msgs/local_setup.bash
-- Up-to-date: /home/devpc/Desktop/microros_ws/install/statistics_msgs/share/statistics_msgs/local_setup.sh
-- Up-to-date: /home/devpc/Desktop/microros_ws/install/statistics_msgs/share/statistics_msgs/local_setup.zsh
-- Up-to-date: /home/devpc/Desktop/microros_ws/install/statistics_msgs/share/statistics_msgs/local_setup.dsv
-- Installing: /home/devpc/Desktop/microros_ws/install/statistics_msgs/share/statistics_msgs/package.dsv
-- Up-to-date: /home/devpc/Desktop/microros_ws/install/statistics_msgs/share/ament_index/resource_index/packages/statistics_msgs
-- Up-to-date: /home/devpc/Desktop/microros_ws/install/statistics_msgs/share/statistics_msgs/cmake/statistics_msgs__rosidl_generator_cExport.cmake
-- Up-to-date: /home/devpc/Desktop/microros_ws/install/statistics_msgs/share/statistics_msgs/cmake/statistics_msgs__rosidl_generator_cExport-noconfig.cmake
-- Up-to-date: /home/devpc/Desktop/microros_ws/install/statistics_msgs/share/statistics_msgs/cmake/statistics_msgs__rosidl_typesupport_introspection_cExport.cmake
-- Up-to-date: /home/devpc/Desktop/microros_ws/install/statistics_msgs/share/statistics_msgs/cmake/statistics_msgs__rosidl_typesupport_introspection_cExport-noconfig.cmake
-- Up-to-date: /home/devpc/Desktop/microros_ws/install/statistics_msgs/share/statistics_msgs/cmake/statistics_msgs__rosidl_typesupport_cExport.cmake
-- Up-to-date: /home/devpc/Desktop/microros_ws/install/statistics_msgs/share/statistics_msgs/cmake/statistics_msgs__rosidl_typesupport_cExport-noconfig.cmake
-- Up-to-date: /home/devpc/Desktop/microros_ws/install/statistics_msgs/share/statistics_msgs/cmake/statistics_msgs__rosidl_generator_cppExport.cmake
-- Up-to-date: /home/devpc/Desktop/microros_ws/install/statistics_msgs/share/statistics_msgs/cmake/statistics_msgs__rosidl_typesupport_introspection_cppExport.cmake
-- Up-to-date: /home/devpc/Desktop/microros_ws/install/statistics_msgs/share/statistics_msgs/cmake/statistics_msgs__rosidl_typesupport_introspection_cppExport-noconfig.cmake
-- Up-to-date: /home/devpc/Desktop/microros_ws/install/statistics_msgs/share/statistics_msgs/cmake/statistics_msgs__rosidl_typesupport_cppExport.cmake
-- Up-to-date: /home/devpc/Desktop/microros_ws/install/statistics_msgs/share/statistics_msgs/cmake/statistics_msgs__rosidl_typesupport_cppExport-noconfig.cmake
-- Up-to-date: /home/devpc/Desktop/microros_ws/install/statistics_msgs/share/statistics_msgs/cmake/rosidl_cmake-extras.cmake
-- Up-to-date: /home/devpc/Desktop/microros_ws/install/statistics_msgs/share/statistics_msgs/cmake/ament_cmake_export_dependencies-extras.cmake
-- Up-to-date: /home/devpc/Desktop/microros_ws/install/statistics_msgs/share/statistics_msgs/cmake/ament_cmake_export_libraries-extras.cmake
-- Up-to-date: /home/devpc/Desktop/microros_ws/install/statistics_msgs/share/statistics_msgs/cmake/ament_cmake_export_targets-extras.cmake
-- Up-to-date: /home/devpc/Desktop/microros_ws/install/statistics_msgs/share/statistics_msgs/cmake/ament_cmake_export_include_directories-extras.cmake
-- Up-to-date: /home/devpc/Desktop/microros_ws/install/statistics_msgs/share/statistics_msgs/cmake/rosidl_cmake_export_typesupport_libraries-extras.cmake
-- Up-to-date: /home/devpc/Desktop/microros_ws/install/statistics_msgs/share/statistics_msgs/cmake/rosidl_cmake_export_typesupport_targets-extras.cmake
-- Up-to-date: /home/devpc/Desktop/microros_ws/install/statistics_msgs/share/statistics_msgs/cmake/statistics_msgsConfig.cmake
-- Up-to-date: /home/devpc/Desktop/microros_ws/install/statistics_msgs/share/statistics_msgs/cmake/statistics_msgsConfig-version.cmake
-- Up-to-date: /home/devpc/Desktop/microros_ws/install/statistics_msgs/share/statistics_msgs/package.xml
