[0.086s] Invoking command in '/home/devpc/Desktop/microros_ws/build/statistics_msgs': CMAKE_PREFIX_PATH=/home/devpc/Desktop/microros_ws/install/builtin_interfaces:/home/devpc/Desktop/microros_ws/install/common_interfaces:/home/devpc/Desktop/microros_ws/install/visualization_msgs:/home/devpc/Desktop/microros_ws/install/test_msgs:/home/devpc/Desktop/microros_ws/install/micro_ros_demos_rclc:/home/devpc/Desktop/microros_ws/install/example_interfaces:/home/devpc/Desktop/microros_ws/install/action_msgs:/home/devpc/Desktop/microros_ws/install/unique_identifier_msgs:/home/devpc/Desktop/microros_ws/install/trajectory_msgs:/home/devpc/Desktop/microros_ws/install/stereo_msgs:/home/devpc/Desktop/microros_ws/install/std_srvs:/home/devpc/Desktop/microros_ws/install/shape_msgs:/home/devpc/Desktop/microros_ws/install/sensor_msgs:/home/devpc/Desktop/microros_ws/install/nav_msgs:/home/devpc/Desktop/microros_ws/install/diagnostic_msgs:/home/devpc/Desktop/microros_ws/install/geometry_msgs:/home/devpc/Desktop/microros_ws/install/drive_base_msgs:/home/devpc/Desktop/microros_ws/install/actionlib_msgs:/home/devpc/Desktop/microros_ws/install/std_msgs:/home/devpc/Desktop/microros_ws/install/statistics_msgs:/home/devpc/Desktop/microros_ws/install/rosidl_typesupport_microxrcedds_test_msg:/home/devpc/Desktop/microros_ws/install/rosidl_typesupport_microxrcedds_cpp_tests:/home/devpc/Desktop/microros_ws/install/rmw_microxrcedds:/home/devpc/Desktop/microros_ws/install/rosidl_typesupport_microxrcedds_cpp:/home/devpc/Desktop/microros_ws/install/rosidl_typesupport_microxrcedds_c_tests:/home/devpc/Desktop/microros_ws/install/rosidl_typesupport_microxrcedds_c:/home/devpc/Desktop/microros_ws/install/rosgraph_msgs:/home/devpc/Desktop/microros_ws/install/rclc:/home/devpc/Desktop/microros_ws/install/composition_interfaces:/home/devpc/Desktop/microros_ws/install/rcl_interfaces:/home/devpc/Desktop/microros_ws/install/microxrcedds_client:/home/devpc/Desktop/microros_ws/install/microcdr:/home/devpc/Desktop/microros_ws/install/micro_ros_demos_rclcpp:/home/devpc/Desktop/microros_ws/install/lifecycle_msgs:/home/devpc/Desktop/microros_ws/install/complex_msgs:/home/devpc/Desktop/microros_ws/install/micro_ros_agent:/home/devpc/Desktop/microros_ws/install/microxrcedds_agent:/home/devpc/Desktop/microros_ws/install/micro_ros_setup:/home/devpc/Desktop/microros_ws/install/micro_ros_msgs:/home/devpc/Desktop/quad_ws/install/quad_interfaces:/home/devpc/Desktop/microros_ws/install/sensor_msgs_py:/home/devpc/Desktop/quad_ws/install/quad:/opt/ros/foxy LD_LIBRARY_PATH=/home/devpc/Desktop/microros_ws/install/builtin_interfaces/lib:/home/devpc/Desktop/microros_ws/install/visualization_msgs/lib:/home/devpc/Desktop/microros_ws/install/test_msgs/lib:/home/devpc/Desktop/microros_ws/install/example_interfaces/lib:/home/devpc/Desktop/microros_ws/install/action_msgs/lib:/home/devpc/Desktop/microros_ws/install/unique_identifier_msgs/lib:/home/devpc/Desktop/microros_ws/install/trajectory_msgs/lib:/home/devpc/Desktop/microros_ws/install/stereo_msgs/lib:/home/devpc/Desktop/microros_ws/install/std_srvs/lib:/home/devpc/Desktop/microros_ws/install/shape_msgs/lib:/home/devpc/Desktop/microros_ws/install/sensor_msgs/lib:/home/devpc/Desktop/microros_ws/install/nav_msgs/lib:/home/devpc/Desktop/microros_ws/install/diagnostic_msgs/lib:/home/devpc/Desktop/microros_ws/install/geometry_msgs/lib:/home/devpc/Desktop/microros_ws/install/drive_base_msgs/lib:/home/devpc/Desktop/microros_ws/install/actionlib_msgs/lib:/home/devpc/Desktop/microros_ws/install/std_msgs/lib:/home/devpc/Desktop/microros_ws/install/statistics_msgs/lib:/home/devpc/Desktop/microros_ws/install/rosidl_typesupport_microxrcedds_test_msg/lib:/home/devpc/Desktop/microros_ws/install/rmw_microxrcedds/lib:/home/devpc/Desktop/microros_ws/install/rosidl_typesupport_microxrcedds_cpp/lib:/home/devpc/Desktop/microros_ws/install/rosidl_typesupport_microxrcedds_c/lib:/home/devpc/Desktop/microros_ws/install/rosgraph_msgs/lib:/home/devpc/Desktop/microros_ws/install/rclc/lib:/home/devpc/Desktop/microros_ws/install/composition_interfaces/lib:/home/devpc/Desktop/microros_ws/install/rcl_interfaces/lib:/home/devpc/Desktop/microros_ws/install/microxrcedds_client/lib:/home/devpc/Desktop/microros_ws/install/microcdr/lib:/home/devpc/Desktop/microros_ws/install/lifecycle_msgs/lib:/home/devpc/Desktop/microros_ws/install/complex_msgs/lib:/home/devpc/Desktop/microros_ws/install/microxrcedds_agent/lib:/home/devpc/Desktop/microros_ws/install/micro_ros_msgs/lib:/home/devpc/Desktop/quad_ws/install/quad_interfaces/lib:/opt/ros/foxy/opt/yaml_cpp_vendor/lib:/opt/ros/foxy/opt/rviz_ogre_vendor/lib:/opt/ros/foxy/lib/x86_64-linux-gnu:/opt/ros/foxy/lib PYTHONPATH=/home/devpc/Desktop/microros_ws/install/builtin_interfaces/lib/python3.8/site-packages:/home/devpc/Desktop/microros_ws/install/visualization_msgs/lib/python3.8/site-packages:/home/devpc/Desktop/microros_ws/install/test_msgs/lib/python3.8/site-packages:/home/devpc/Desktop/microros_ws/install/example_interfaces/lib/python3.8/site-packages:/home/devpc/Desktop/microros_ws/install/action_msgs/lib/python3.8/site-packages:/home/devpc/Desktop/microros_ws/install/unique_identifier_msgs/lib/python3.8/site-packages:/home/devpc/Desktop/microros_ws/install/trajectory_msgs/lib/python3.8/site-packages:/home/devpc/Desktop/microros_ws/install/stereo_msgs/lib/python3.8/site-packages:/home/devpc/Desktop/microros_ws/install/std_srvs/lib/python3.8/site-packages:/home/devpc/Desktop/microros_ws/install/shape_msgs/lib/python3.8/site-packages:/home/devpc/Desktop/microros_ws/install/sensor_msgs_py/lib/python3.8/site-packages:/home/devpc/Desktop/microros_ws/install/sensor_msgs/lib/python3.8/site-packages:/home/devpc/Desktop/microros_ws/install/nav_msgs/lib/python3.8/site-packages:/home/devpc/Desktop/microros_ws/install/diagnostic_msgs/lib/python3.8/site-packages:/home/devpc/Desktop/microros_ws/install/geometry_msgs/lib/python3.8/site-packages:/home/devpc/Desktop/microros_ws/install/drive_base_msgs/lib/python3.8/site-packages:/home/devpc/Desktop/microros_ws/install/actionlib_msgs/lib/python3.8/site-packages:/home/devpc/Desktop/microros_ws/install/std_msgs/lib/python3.8/site-packages:/home/devpc/Desktop/microros_ws/install/statistics_msgs/lib/python3.8/site-packages:/home/devpc/Desktop/microros_ws/install/rosidl_typesupport_microxrcedds_test_msg/lib/python3.8/site-packages:/home/devpc/Desktop/microros_ws/install/rosidl_typesupport_microxrcedds_cpp/lib/python3.8/site-packages:/home/devpc/Desktop/microros_ws/install/rosidl_typesupport_microxrcedds_c/lib/python3.8/site-packages:/home/devpc/Desktop/microros_ws/install/rosgraph_msgs/lib/python3.8/site-packages:/home/devpc/Desktop/microros_ws/install/composition_interfaces/lib/python3.8/site-packages:/home/devpc/Desktop/microros_ws/install/rcl_interfaces/lib/python3.8/site-packages:/home/devpc/Desktop/microros_ws/install/lifecycle_msgs/lib/python3.8/site-packages:/home/devpc/Desktop/microros_ws/install/complex_msgs/lib/python3.8/site-packages:/home/devpc/Desktop/microros_ws/install/micro_ros_msgs/lib/python3.8/site-packages:/home/devpc/Desktop/quad_ws/install/quad_interfaces/lib/python3.8/site-packages:/home/devpc/Desktop/quad_ws/install/quad/lib/python3.8/site-packages:/opt/ros/foxy/lib/python3.8/site-packages /usr/bin/cmake --build /home/devpc/Desktop/microros_ws/build/statistics_msgs -- -j8 -l8
[0.232s] [  1%] Built target statistics_msgs__cpp
[0.332s] [ 10%] Built target statistics_msgs__rosidl_generator_c
[0.361s] [ 18%] Built target statistics_msgs__rosidl_typesupport_cpp
[0.368s] [ 27%] Built target statistics_msgs__rosidl_typesupport_fastrtps_cpp
[0.390s] [ 35%] Built target statistics_msgs__rosidl_typesupport_microxrcedds_cpp
[0.423s] [ 44%] Built target statistics_msgs__rosidl_typesupport_introspection_cpp
[0.456s] [ 52%] Built target statistics_msgs__rosidl_typesupport_c
[0.460s] [ 61%] Built target statistics_msgs__rosidl_typesupport_introspection_c
[0.467s] [ 69%] Built target statistics_msgs__rosidl_typesupport_fastrtps_c
[0.472s] [ 77%] Built target statistics_msgs__rosidl_typesupport_microxrcedds_c
[0.518s] [ 77%] Built target statistics_msgs
[0.555s] [ 79%] Built target statistics_msgs__py
[0.603s] [ 86%] Built target statistics_msgs__python
[0.685s] [ 89%] Built target statistics_msgs__rosidl_typesupport_c__pyext
[0.722s] [ 93%] Built target statistics_msgs__rosidl_typesupport_fastrtps_c__pyext
[0.743s] [ 96%] Built target statistics_msgs__rosidl_typesupport_introspection_c__pyext
[0.752s] [100%] Built target statistics_msgs__rosidl_typesupport_microxrcedds_c__pyext
[0.788s] Invoked command in '/home/devpc/Desktop/microros_ws/build/statistics_msgs' returned '0': CMAKE_PREFIX_PATH=/home/devpc/Desktop/microros_ws/install/builtin_interfaces:/home/devpc/Desktop/microros_ws/install/common_interfaces:/home/devpc/Desktop/microros_ws/install/visualization_msgs:/home/devpc/Desktop/microros_ws/install/test_msgs:/home/devpc/Desktop/microros_ws/install/micro_ros_demos_rclc:/home/devpc/Desktop/microros_ws/install/example_interfaces:/home/devpc/Desktop/microros_ws/install/action_msgs:/home/devpc/Desktop/microros_ws/install/unique_identifier_msgs:/home/devpc/Desktop/microros_ws/install/trajectory_msgs:/home/devpc/Desktop/microros_ws/install/stereo_msgs:/home/devpc/Desktop/microros_ws/install/std_srvs:/home/devpc/Desktop/microros_ws/install/shape_msgs:/home/devpc/Desktop/microros_ws/install/sensor_msgs:/home/devpc/Desktop/microros_ws/install/nav_msgs:/home/devpc/Desktop/microros_ws/install/diagnostic_msgs:/home/devpc/Desktop/microros_ws/install/geometry_msgs:/home/devpc/Desktop/microros_ws/install/drive_base_msgs:/home/devpc/Desktop/microros_ws/install/actionlib_msgs:/home/devpc/Desktop/microros_ws/install/std_msgs:/home/devpc/Desktop/microros_ws/install/statistics_msgs:/home/devpc/Desktop/microros_ws/install/rosidl_typesupport_microxrcedds_test_msg:/home/devpc/Desktop/microros_ws/install/rosidl_typesupport_microxrcedds_cpp_tests:/home/devpc/Desktop/microros_ws/install/rmw_microxrcedds:/home/devpc/Desktop/microros_ws/install/rosidl_typesupport_microxrcedds_cpp:/home/devpc/Desktop/microros_ws/install/rosidl_typesupport_microxrcedds_c_tests:/home/devpc/Desktop/microros_ws/install/rosidl_typesupport_microxrcedds_c:/home/devpc/Desktop/microros_ws/install/rosgraph_msgs:/home/devpc/Desktop/microros_ws/install/rclc:/home/devpc/Desktop/microros_ws/install/composition_interfaces:/home/devpc/Desktop/microros_ws/install/rcl_interfaces:/home/devpc/Desktop/microros_ws/install/microxrcedds_client:/home/devpc/Desktop/microros_ws/install/microcdr:/home/devpc/Desktop/microros_ws/install/micro_ros_demos_rclcpp:/home/devpc/Desktop/microros_ws/install/lifecycle_msgs:/home/devpc/Desktop/microros_ws/install/complex_msgs:/home/devpc/Desktop/microros_ws/install/micro_ros_agent:/home/devpc/Desktop/microros_ws/install/microxrcedds_agent:/home/devpc/Desktop/microros_ws/install/micro_ros_setup:/home/devpc/Desktop/microros_ws/install/micro_ros_msgs:/home/devpc/Desktop/quad_ws/install/quad_interfaces:/home/devpc/Desktop/microros_ws/install/sensor_msgs_py:/home/devpc/Desktop/quad_ws/install/quad:/opt/ros/foxy LD_LIBRARY_PATH=/home/devpc/Desktop/microros_ws/install/builtin_interfaces/lib:/home/devpc/Desktop/microros_ws/install/visualization_msgs/lib:/home/devpc/Desktop/microros_ws/install/test_msgs/lib:/home/devpc/Desktop/microros_ws/install/example_interfaces/lib:/home/devpc/Desktop/microros_ws/install/action_msgs/lib:/home/devpc/Desktop/microros_ws/install/unique_identifier_msgs/lib:/home/devpc/Desktop/microros_ws/install/trajectory_msgs/lib:/home/devpc/Desktop/microros_ws/install/stereo_msgs/lib:/home/devpc/Desktop/microros_ws/install/std_srvs/lib:/home/devpc/Desktop/microros_ws/install/shape_msgs/lib:/home/devpc/Desktop/microros_ws/install/sensor_msgs/lib:/home/devpc/Desktop/microros_ws/install/nav_msgs/lib:/home/devpc/Desktop/microros_ws/install/diagnostic_msgs/lib:/home/devpc/Desktop/microros_ws/install/geometry_msgs/lib:/home/devpc/Desktop/microros_ws/install/drive_base_msgs/lib:/home/devpc/Desktop/microros_ws/install/actionlib_msgs/lib:/home/devpc/Desktop/microros_ws/install/std_msgs/lib:/home/devpc/Desktop/microros_ws/install/statistics_msgs/lib:/home/devpc/Desktop/microros_ws/install/rosidl_typesupport_microxrcedds_test_msg/lib:/home/devpc/Desktop/microros_ws/install/rmw_microxrcedds/lib:/home/devpc/Desktop/microros_ws/install/rosidl_typesupport_microxrcedds_cpp/lib:/home/devpc/Desktop/microros_ws/install/rosidl_typesupport_microxrcedds_c/lib:/home/devpc/Desktop/microros_ws/install/rosgraph_msgs/lib:/home/devpc/Desktop/microros_ws/install/rclc/lib:/home/devpc/Desktop/microros_ws/install/composition_interfaces/lib:/home/devpc/Desktop/microros_ws/install/rcl_interfaces/lib:/home/devpc/Desktop/microros_ws/install/microxrcedds_client/lib:/home/devpc/Desktop/microros_ws/install/microcdr/lib:/home/devpc/Desktop/microros_ws/install/lifecycle_msgs/lib:/home/devpc/Desktop/microros_ws/install/complex_msgs/lib:/home/devpc/Desktop/microros_ws/install/microxrcedds_agent/lib:/home/devpc/Desktop/microros_ws/install/micro_ros_msgs/lib:/home/devpc/Desktop/quad_ws/install/quad_interfaces/lib:/opt/ros/foxy/opt/yaml_cpp_vendor/lib:/opt/ros/foxy/opt/rviz_ogre_vendor/lib:/opt/ros/foxy/lib/x86_64-linux-gnu:/opt/ros/foxy/lib PYTHONPATH=/home/devpc/Desktop/microros_ws/install/builtin_interfaces/lib/python3.8/site-packages:/home/devpc/Desktop/microros_ws/install/visualization_msgs/lib/python3.8/site-packages:/home/devpc/Desktop/microros_ws/install/test_msgs/lib/python3.8/site-packages:/home/devpc/Desktop/microros_ws/install/example_interfaces/lib/python3.8/site-packages:/home/devpc/Desktop/microros_ws/install/action_msgs/lib/python3.8/site-packages:/home/devpc/Desktop/microros_ws/install/unique_identifier_msgs/lib/python3.8/site-packages:/home/devpc/Desktop/microros_ws/install/trajectory_msgs/lib/python3.8/site-packages:/home/devpc/Desktop/microros_ws/install/stereo_msgs/lib/python3.8/site-packages:/home/devpc/Desktop/microros_ws/install/std_srvs/lib/python3.8/site-packages:/home/devpc/Desktop/microros_ws/install/shape_msgs/lib/python3.8/site-packages:/home/devpc/Desktop/microros_ws/install/sensor_msgs_py/lib/python3.8/site-packages:/home/devpc/Desktop/microros_ws/install/sensor_msgs/lib/python3.8/site-packages:/home/devpc/Desktop/microros_ws/install/nav_msgs/lib/python3.8/site-packages:/home/devpc/Desktop/microros_ws/install/diagnostic_msgs/lib/python3.8/site-packages:/home/devpc/Desktop/microros_ws/install/geometry_msgs/lib/python3.8/site-packages:/home/devpc/Desktop/microros_ws/install/drive_base_msgs/lib/python3.8/site-packages:/home/devpc/Desktop/microros_ws/install/actionlib_msgs/lib/python3.8/site-packages:/home/devpc/Desktop/microros_ws/install/std_msgs/lib/python3.8/site-packages:/home/devpc/Desktop/microros_ws/install/statistics_msgs/lib/python3.8/site-packages:/home/devpc/Desktop/microros_ws/install/rosidl_typesupport_microxrcedds_test_msg/lib/python3.8/site-packages:/home/devpc/Desktop/microros_ws/install/rosidl_typesupport_microxrcedds_cpp/lib/python3.8/site-packages:/home/devpc/Desktop/microros_ws/install/rosidl_typesupport_microxrcedds_c/lib/python3.8/site-packages:/home/devpc/Desktop/microros_ws/install/rosgraph_msgs/lib/python3.8/site-packages:/home/devpc/Desktop/microros_ws/install/composition_interfaces/lib/python3.8/site-packages:/home/devpc/Desktop/microros_ws/install/rcl_interfaces/lib/python3.8/site-packages:/home/devpc/Desktop/microros_ws/install/lifecycle_msgs/lib/python3.8/site-packages:/home/devpc/Desktop/microros_ws/install/complex_msgs/lib/python3.8/site-packages:/home/devpc/Desktop/microros_ws/install/micro_ros_msgs/lib/python3.8/site-packages:/home/devpc/Desktop/quad_ws/install/quad_interfaces/lib/python3.8/site-packages:/home/devpc/Desktop/quad_ws/install/quad/lib/python3.8/site-packages:/opt/ros/foxy/lib/python3.8/site-packages /usr/bin/cmake --build /home/devpc/Desktop/microros_ws/build/statistics_msgs -- -j8 -l8
[1.017s] Invoking command in '/home/devpc/Desktop/microros_ws/build/statistics_msgs': CMAKE_PREFIX_PATH=/home/devpc/Desktop/microros_ws/install/builtin_interfaces:/home/devpc/Desktop/microros_ws/install/common_interfaces:/home/devpc/Desktop/microros_ws/install/visualization_msgs:/home/devpc/Desktop/microros_ws/install/test_msgs:/home/devpc/Desktop/microros_ws/install/micro_ros_demos_rclc:/home/devpc/Desktop/microros_ws/install/example_interfaces:/home/devpc/Desktop/microros_ws/install/action_msgs:/home/devpc/Desktop/microros_ws/install/unique_identifier_msgs:/home/devpc/Desktop/microros_ws/install/trajectory_msgs:/home/devpc/Desktop/microros_ws/install/stereo_msgs:/home/devpc/Desktop/microros_ws/install/std_srvs:/home/devpc/Desktop/microros_ws/install/shape_msgs:/home/devpc/Desktop/microros_ws/install/sensor_msgs:/home/devpc/Desktop/microros_ws/install/nav_msgs:/home/devpc/Desktop/microros_ws/install/diagnostic_msgs:/home/devpc/Desktop/microros_ws/install/geometry_msgs:/home/devpc/Desktop/microros_ws/install/drive_base_msgs:/home/devpc/Desktop/microros_ws/install/actionlib_msgs:/home/devpc/Desktop/microros_ws/install/std_msgs:/home/devpc/Desktop/microros_ws/install/statistics_msgs:/home/devpc/Desktop/microros_ws/install/rosidl_typesupport_microxrcedds_test_msg:/home/devpc/Desktop/microros_ws/install/rosidl_typesupport_microxrcedds_cpp_tests:/home/devpc/Desktop/microros_ws/install/rmw_microxrcedds:/home/devpc/Desktop/microros_ws/install/rosidl_typesupport_microxrcedds_cpp:/home/devpc/Desktop/microros_ws/install/rosidl_typesupport_microxrcedds_c_tests:/home/devpc/Desktop/microros_ws/install/rosidl_typesupport_microxrcedds_c:/home/devpc/Desktop/microros_ws/install/rosgraph_msgs:/home/devpc/Desktop/microros_ws/install/rclc:/home/devpc/Desktop/microros_ws/install/composition_interfaces:/home/devpc/Desktop/microros_ws/install/rcl_interfaces:/home/devpc/Desktop/microros_ws/install/microxrcedds_client:/home/devpc/Desktop/microros_ws/install/microcdr:/home/devpc/Desktop/microros_ws/install/micro_ros_demos_rclcpp:/home/devpc/Desktop/microros_ws/install/lifecycle_msgs:/home/devpc/Desktop/microros_ws/install/complex_msgs:/home/devpc/Desktop/microros_ws/install/micro_ros_agent:/home/devpc/Desktop/microros_ws/install/microxrcedds_agent:/home/devpc/Desktop/microros_ws/install/micro_ros_setup:/home/devpc/Desktop/microros_ws/install/micro_ros_msgs:/home/devpc/Desktop/quad_ws/install/quad_interfaces:/home/devpc/Desktop/microros_ws/install/sensor_msgs_py:/home/devpc/Desktop/quad_ws/install/quad:/opt/ros/foxy LD_LIBRARY_PATH=/home/devpc/Desktop/microros_ws/install/builtin_interfaces/lib:/home/devpc/Desktop/microros_ws/install/visualization_msgs/lib:/home/devpc/Desktop/microros_ws/install/test_msgs/lib:/home/devpc/Desktop/microros_ws/install/example_interfaces/lib:/home/devpc/Desktop/microros_ws/install/action_msgs/lib:/home/devpc/Desktop/microros_ws/install/unique_identifier_msgs/lib:/home/devpc/Desktop/microros_ws/install/trajectory_msgs/lib:/home/devpc/Desktop/microros_ws/install/stereo_msgs/lib:/home/devpc/Desktop/microros_ws/install/std_srvs/lib:/home/devpc/Desktop/microros_ws/install/shape_msgs/lib:/home/devpc/Desktop/microros_ws/install/sensor_msgs/lib:/home/devpc/Desktop/microros_ws/install/nav_msgs/lib:/home/devpc/Desktop/microros_ws/install/diagnostic_msgs/lib:/home/devpc/Desktop/microros_ws/install/geometry_msgs/lib:/home/devpc/Desktop/microros_ws/install/drive_base_msgs/lib:/home/devpc/Desktop/microros_ws/install/actionlib_msgs/lib:/home/devpc/Desktop/microros_ws/install/std_msgs/lib:/home/devpc/Desktop/microros_ws/install/statistics_msgs/lib:/home/devpc/Desktop/microros_ws/install/rosidl_typesupport_microxrcedds_test_msg/lib:/home/devpc/Desktop/microros_ws/install/rmw_microxrcedds/lib:/home/devpc/Desktop/microros_ws/install/rosidl_typesupport_microxrcedds_cpp/lib:/home/devpc/Desktop/microros_ws/install/rosidl_typesupport_microxrcedds_c/lib:/home/devpc/Desktop/microros_ws/install/rosgraph_msgs/lib:/home/devpc/Desktop/microros_ws/install/rclc/lib:/home/devpc/Desktop/microros_ws/install/composition_interfaces/lib:/home/devpc/Desktop/microros_ws/install/rcl_interfaces/lib:/home/devpc/Desktop/microros_ws/install/microxrcedds_client/lib:/home/devpc/Desktop/microros_ws/install/microcdr/lib:/home/devpc/Desktop/microros_ws/install/lifecycle_msgs/lib:/home/devpc/Desktop/microros_ws/install/complex_msgs/lib:/home/devpc/Desktop/microros_ws/install/microxrcedds_agent/lib:/home/devpc/Desktop/microros_ws/install/micro_ros_msgs/lib:/home/devpc/Desktop/quad_ws/install/quad_interfaces/lib:/opt/ros/foxy/opt/yaml_cpp_vendor/lib:/opt/ros/foxy/opt/rviz_ogre_vendor/lib:/opt/ros/foxy/lib/x86_64-linux-gnu:/opt/ros/foxy/lib PYTHONPATH=/home/devpc/Desktop/microros_ws/install/builtin_interfaces/lib/python3.8/site-packages:/home/devpc/Desktop/microros_ws/install/visualization_msgs/lib/python3.8/site-packages:/home/devpc/Desktop/microros_ws/install/test_msgs/lib/python3.8/site-packages:/home/devpc/Desktop/microros_ws/install/example_interfaces/lib/python3.8/site-packages:/home/devpc/Desktop/microros_ws/install/action_msgs/lib/python3.8/site-packages:/home/devpc/Desktop/microros_ws/install/unique_identifier_msgs/lib/python3.8/site-packages:/home/devpc/Desktop/microros_ws/install/trajectory_msgs/lib/python3.8/site-packages:/home/devpc/Desktop/microros_ws/install/stereo_msgs/lib/python3.8/site-packages:/home/devpc/Desktop/microros_ws/install/std_srvs/lib/python3.8/site-packages:/home/devpc/Desktop/microros_ws/install/shape_msgs/lib/python3.8/site-packages:/home/devpc/Desktop/microros_ws/install/sensor_msgs_py/lib/python3.8/site-packages:/home/devpc/Desktop/microros_ws/install/sensor_msgs/lib/python3.8/site-packages:/home/devpc/Desktop/microros_ws/install/nav_msgs/lib/python3.8/site-packages:/home/devpc/Desktop/microros_ws/install/diagnostic_msgs/lib/python3.8/site-packages:/home/devpc/Desktop/microros_ws/install/geometry_msgs/lib/python3.8/site-packages:/home/devpc/Desktop/microros_ws/install/drive_base_msgs/lib/python3.8/site-packages:/home/devpc/Desktop/microros_ws/install/actionlib_msgs/lib/python3.8/site-packages:/home/devpc/Desktop/microros_ws/install/std_msgs/lib/python3.8/site-packages:/home/devpc/Desktop/microros_ws/install/statistics_msgs/lib/python3.8/site-packages:/home/devpc/Desktop/microros_ws/install/rosidl_typesupport_microxrcedds_test_msg/lib/python3.8/site-packages:/home/devpc/Desktop/microros_ws/install/rosidl_typesupport_microxrcedds_cpp/lib/python3.8/site-packages:/home/devpc/Desktop/microros_ws/install/rosidl_typesupport_microxrcedds_c/lib/python3.8/site-packages:/home/devpc/Desktop/microros_ws/install/rosgraph_msgs/lib/python3.8/site-packages:/home/devpc/Desktop/microros_ws/install/composition_interfaces/lib/python3.8/site-packages:/home/devpc/Desktop/microros_ws/install/rcl_interfaces/lib/python3.8/site-packages:/home/devpc/Desktop/microros_ws/install/lifecycle_msgs/lib/python3.8/site-packages:/home/devpc/Desktop/microros_ws/install/complex_msgs/lib/python3.8/site-packages:/home/devpc/Desktop/microros_ws/install/micro_ros_msgs/lib/python3.8/site-packages:/home/devpc/Desktop/quad_ws/install/quad_interfaces/lib/python3.8/site-packages:/home/devpc/Desktop/quad_ws/install/quad/lib/python3.8/site-packages:/opt/ros/foxy/lib/python3.8/site-packages /usr/bin/cmake --install /home/devpc/Desktop/microros_ws/build/statistics_msgs
[1.035s] -- Install configuration: ""
[1.036s] -- Up-to-date: /home/devpc/Desktop/microros_ws/install/statistics_msgs/share/ament_index/resource_index/rosidl_interfaces/statistics_msgs
[1.036s] -- Up-to-date: /home/devpc/Desktop/microros_ws/install/statistics_msgs/include/statistics_msgs
[1.036s] -- Up-to-date: /home/devpc/Desktop/microros_ws/install/statistics_msgs/include/statistics_msgs/msg
[1.036s] -- Up-to-date: /home/devpc/Desktop/microros_ws/install/statistics_msgs/include/statistics_msgs/msg/statistic_data_type.h
[1.036s] -- Up-to-date: /home/devpc/Desktop/microros_ws/install/statistics_msgs/include/statistics_msgs/msg/detail
[1.036s] -- Up-to-date: /home/devpc/Desktop/microros_ws/install/statistics_msgs/include/statistics_msgs/msg/detail/statistic_data_type__functions.h
[1.036s] -- Up-to-date: /home/devpc/Desktop/microros_ws/install/statistics_msgs/include/statistics_msgs/msg/detail/statistic_data_type__struct.h
[1.037s] -- Up-to-date: /home/devpc/Desktop/microros_ws/install/statistics_msgs/include/statistics_msgs/msg/detail/metrics_message__type_support.h
[1.037s] -- Up-to-date: /home/devpc/Desktop/microros_ws/install/statistics_msgs/include/statistics_msgs/msg/detail/metrics_message__functions.c
[1.037s] -- Up-to-date: /home/devpc/Desktop/microros_ws/install/statistics_msgs/include/statistics_msgs/msg/detail/statistic_data_point__functions.c
[1.037s] -- Up-to-date: /home/devpc/Desktop/microros_ws/install/statistics_msgs/include/statistics_msgs/msg/detail/statistic_data_point__type_support.h
[1.037s] -- Up-to-date: /home/devpc/Desktop/microros_ws/install/statistics_msgs/include/statistics_msgs/msg/detail/statistic_data_point__struct.h
[1.037s] -- Up-to-date: /home/devpc/Desktop/microros_ws/install/statistics_msgs/include/statistics_msgs/msg/detail/statistic_data_type__functions.c
[1.037s] -- Up-to-date: /home/devpc/Desktop/microros_ws/install/statistics_msgs/include/statistics_msgs/msg/detail/statistic_data_point__functions.h
[1.038s] -- Up-to-date: /home/devpc/Desktop/microros_ws/install/statistics_msgs/include/statistics_msgs/msg/detail/statistic_data_type__type_support.h
[1.038s] -- Up-to-date: /home/devpc/Desktop/microros_ws/install/statistics_msgs/include/statistics_msgs/msg/detail/metrics_message__struct.h
[1.038s] -- Up-to-date: /home/devpc/Desktop/microros_ws/install/statistics_msgs/include/statistics_msgs/msg/detail/metrics_message__functions.h
[1.038s] -- Up-to-date: /home/devpc/Desktop/microros_ws/install/statistics_msgs/include/statistics_msgs/msg/statistic_data_point.h
[1.038s] -- Up-to-date: /home/devpc/Desktop/microros_ws/install/statistics_msgs/include/statistics_msgs/msg/metrics_message.h
[1.038s] -- Up-to-date: /home/devpc/Desktop/microros_ws/install/statistics_msgs/include/statistics_msgs/msg/rosidl_generator_c__visibility_control.h
[1.039s] -- Up-to-date: /home/devpc/Desktop/microros_ws/install/statistics_msgs/share/statistics_msgs/environment/library_path.sh
[1.039s] -- Up-to-date: /home/devpc/Desktop/microros_ws/install/statistics_msgs/share/statistics_msgs/environment/library_path.dsv
[1.039s] -- Up-to-date: /home/devpc/Desktop/microros_ws/install/statistics_msgs/lib/libstatistics_msgs__rosidl_generator_c.so
[1.039s] -- Up-to-date: /home/devpc/Desktop/microros_ws/install/statistics_msgs/include/statistics_msgs
[1.039s] -- Up-to-date: /home/devpc/Desktop/microros_ws/install/statistics_msgs/include/statistics_msgs/msg
[1.039s] -- Up-to-date: /home/devpc/Desktop/microros_ws/install/statistics_msgs/include/statistics_msgs/msg/detail
[1.040s] -- Up-to-date: /home/devpc/Desktop/microros_ws/install/statistics_msgs/include/statistics_msgs/msg/detail/metrics_message__rosidl_typesupport_microxrcedds_c.h
[1.040s] -- Up-to-date: /home/devpc/Desktop/microros_ws/install/statistics_msgs/include/statistics_msgs/msg/detail/statistic_data_type__rosidl_typesupport_microxrcedds_c.h
[1.040s] -- Up-to-date: /home/devpc/Desktop/microros_ws/install/statistics_msgs/include/statistics_msgs/msg/detail/microxrcedds
[1.040s] -- Up-to-date: /home/devpc/Desktop/microros_ws/install/statistics_msgs/include/statistics_msgs/msg/detail/statistic_data_point__rosidl_typesupport_microxrcedds_c.h
[1.040s] -- Up-to-date: /home/devpc/Desktop/microros_ws/install/statistics_msgs/include/statistics_msgs/msg/rosidl_typesupport_microxrcedds_c__visibility_control.h
[1.041s] -- Up-to-date: /home/devpc/Desktop/microros_ws/install/statistics_msgs/lib/libstatistics_msgs__rosidl_typesupport_microxrcedds_c.so
[1.041s] -- Up-to-date: /home/devpc/Desktop/microros_ws/install/statistics_msgs/include/statistics_msgs
[1.041s] -- Up-to-date: /home/devpc/Desktop/microros_ws/install/statistics_msgs/include/statistics_msgs/msg
[1.042s] -- Up-to-date: /home/devpc/Desktop/microros_ws/install/statistics_msgs/include/statistics_msgs/msg/detail
[1.043s] -- Up-to-date: /home/devpc/Desktop/microros_ws/install/statistics_msgs/include/statistics_msgs/msg/detail/statistic_data_type__rosidl_typesupport_fastrtps_c.h
[1.043s] -- Up-to-date: /home/devpc/Desktop/microros_ws/install/statistics_msgs/include/statistics_msgs/msg/detail/statistic_data_point__rosidl_typesupport_fastrtps_c.h
[1.043s] -- Up-to-date: /home/devpc/Desktop/microros_ws/install/statistics_msgs/include/statistics_msgs/msg/detail/metrics_message__rosidl_typesupport_fastrtps_c.h
[1.043s] -- Up-to-date: /home/devpc/Desktop/microros_ws/install/statistics_msgs/include/statistics_msgs/msg/rosidl_typesupport_fastrtps_c__visibility_control.h
[1.043s] -- Up-to-date: /home/devpc/Desktop/microros_ws/install/statistics_msgs/lib/libstatistics_msgs__rosidl_typesupport_fastrtps_c.so
[1.044s] -- Up-to-date: /home/devpc/Desktop/microros_ws/install/statistics_msgs/include/statistics_msgs
[1.044s] -- Up-to-date: /home/devpc/Desktop/microros_ws/install/statistics_msgs/include/statistics_msgs/msg
[1.044s] -- Up-to-date: /home/devpc/Desktop/microros_ws/install/statistics_msgs/include/statistics_msgs/msg/detail
[1.044s] -- Up-to-date: /home/devpc/Desktop/microros_ws/install/statistics_msgs/include/statistics_msgs/msg/detail/statistic_data_type__rosidl_typesupport_fastrtps_cpp.hpp
[1.045s] -- Up-to-date: /home/devpc/Desktop/microros_ws/install/statistics_msgs/include/statistics_msgs/msg/detail/statistic_data_point__rosidl_typesupport_fastrtps_cpp.hpp
[1.045s] -- Up-to-date: /home/devpc/Desktop/microros_ws/install/statistics_msgs/include/statistics_msgs/msg/detail/metrics_message__rosidl_typesupport_fastrtps_cpp.hpp
[1.045s] -- Up-to-date: /home/devpc/Desktop/microros_ws/install/statistics_msgs/include/statistics_msgs/msg/detail/dds_fastrtps
[1.045s] -- Up-to-date: /home/devpc/Desktop/microros_ws/install/statistics_msgs/include/statistics_msgs/msg/rosidl_typesupport_fastrtps_cpp__visibility_control.h
[1.046s] -- Up-to-date: /home/devpc/Desktop/microros_ws/install/statistics_msgs/lib/libstatistics_msgs__rosidl_typesupport_fastrtps_cpp.so
[1.046s] -- Up-to-date: /home/devpc/Desktop/microros_ws/install/statistics_msgs/include/statistics_msgs
[1.046s] -- Up-to-date: /home/devpc/Desktop/microros_ws/install/statistics_msgs/include/statistics_msgs/msg
[1.047s] -- Up-to-date: /home/devpc/Desktop/microros_ws/install/statistics_msgs/include/statistics_msgs/msg/detail
[1.047s] -- Up-to-date: /home/devpc/Desktop/microros_ws/install/statistics_msgs/include/statistics_msgs/msg/detail/statistic_data_point__type_support.c
[1.048s] -- Up-to-date: /home/devpc/Desktop/microros_ws/install/statistics_msgs/include/statistics_msgs/msg/detail/metrics_message__type_support.c
[1.049s] -- Up-to-date: /home/devpc/Desktop/microros_ws/install/statistics_msgs/include/statistics_msgs/msg/detail/statistic_data_type__rosidl_typesupport_introspection_c.h
[1.049s] -- Up-to-date: /home/devpc/Desktop/microros_ws/install/statistics_msgs/include/statistics_msgs/msg/detail/statistic_data_type__type_support.c
[1.050s] -- Up-to-date: /home/devpc/Desktop/microros_ws/install/statistics_msgs/include/statistics_msgs/msg/detail/metrics_message__rosidl_typesupport_introspection_c.h
[1.050s] -- Up-to-date: /home/devpc/Desktop/microros_ws/install/statistics_msgs/include/statistics_msgs/msg/detail/statistic_data_point__rosidl_typesupport_introspection_c.h
[1.050s] -- Up-to-date: /home/devpc/Desktop/microros_ws/install/statistics_msgs/include/statistics_msgs/msg/rosidl_typesupport_introspection_c__visibility_control.h
[1.050s] -- Up-to-date: /home/devpc/Desktop/microros_ws/install/statistics_msgs/lib/libstatistics_msgs__rosidl_typesupport_introspection_c.so
[1.051s] -- Up-to-date: /home/devpc/Desktop/microros_ws/install/statistics_msgs/lib/libstatistics_msgs__rosidl_typesupport_c.so
[1.051s] -- Up-to-date: /home/devpc/Desktop/microros_ws/install/statistics_msgs/include/statistics_msgs
[1.052s] -- Up-to-date: /home/devpc/Desktop/microros_ws/install/statistics_msgs/include/statistics_msgs/msg
[1.052s] -- Up-to-date: /home/devpc/Desktop/microros_ws/install/statistics_msgs/include/statistics_msgs/msg/metrics_message.hpp
[1.052s] -- Up-to-date: /home/devpc/Desktop/microros_ws/install/statistics_msgs/include/statistics_msgs/msg/detail
[1.053s] -- Up-to-date: /home/devpc/Desktop/microros_ws/install/statistics_msgs/include/statistics_msgs/msg/detail/metrics_message__builder.hpp
[1.053s] -- Up-to-date: /home/devpc/Desktop/microros_ws/install/statistics_msgs/include/statistics_msgs/msg/detail/statistic_data_point__traits.hpp
[1.053s] -- Up-to-date: /home/devpc/Desktop/microros_ws/install/statistics_msgs/include/statistics_msgs/msg/detail/statistic_data_type__builder.hpp
[1.053s] -- Up-to-date: /home/devpc/Desktop/microros_ws/install/statistics_msgs/include/statistics_msgs/msg/detail/metrics_message__struct.hpp
[1.054s] -- Up-to-date: /home/devpc/Desktop/microros_ws/install/statistics_msgs/include/statistics_msgs/msg/detail/statistic_data_type__traits.hpp
[1.054s] -- Up-to-date: /home/devpc/Desktop/microros_ws/install/statistics_msgs/include/statistics_msgs/msg/detail/metrics_message__traits.hpp
[1.054s] -- Up-to-date: /home/devpc/Desktop/microros_ws/install/statistics_msgs/include/statistics_msgs/msg/detail/statistic_data_point__builder.hpp
[1.054s] -- Up-to-date: /home/devpc/Desktop/microros_ws/install/statistics_msgs/include/statistics_msgs/msg/detail/statistic_data_type__struct.hpp
[1.054s] -- Up-to-date: /home/devpc/Desktop/microros_ws/install/statistics_msgs/include/statistics_msgs/msg/detail/statistic_data_point__struct.hpp
[1.054s] -- Up-to-date: /home/devpc/Desktop/microros_ws/install/statistics_msgs/include/statistics_msgs/msg/statistic_data_point.hpp
[1.054s] -- Up-to-date: /home/devpc/Desktop/microros_ws/install/statistics_msgs/include/statistics_msgs/msg/statistic_data_type.hpp
[1.055s] -- Up-to-date: /home/devpc/Desktop/microros_ws/install/statistics_msgs/include/statistics_msgs
[1.055s] -- Up-to-date: /home/devpc/Desktop/microros_ws/install/statistics_msgs/include/statistics_msgs/msg
[1.055s] -- Up-to-date: /home/devpc/Desktop/microros_ws/install/statistics_msgs/include/statistics_msgs/msg/detail
[1.055s] -- Up-to-date: /home/devpc/Desktop/microros_ws/install/statistics_msgs/include/statistics_msgs/msg/detail/metrics_message__rosidl_typesupport_microxrcedds_cpp.hpp
[1.055s] -- Up-to-date: /home/devpc/Desktop/microros_ws/install/statistics_msgs/include/statistics_msgs/msg/detail/statistic_data_type__rosidl_typesupport_microxrcedds_cpp.hpp
[1.055s] -- Up-to-date: /home/devpc/Desktop/microros_ws/install/statistics_msgs/include/statistics_msgs/msg/detail/statistic_data_point__rosidl_typesupport_microxrcedds_cpp.hpp
[1.055s] -- Up-to-date: /home/devpc/Desktop/microros_ws/install/statistics_msgs/include/statistics_msgs/msg/detail/microxrcedds
[1.056s] -- Up-to-date: /home/devpc/Desktop/microros_ws/install/statistics_msgs/include/statistics_msgs/msg/detail/microxrcedds/statistic_data_point__type_support_cpp.cpp
[1.056s] -- Up-to-date: /home/devpc/Desktop/microros_ws/install/statistics_msgs/include/statistics_msgs/msg/detail/microxrcedds/statistic_data_type__type_support_cpp.cpp
[1.056s] -- Up-to-date: /home/devpc/Desktop/microros_ws/install/statistics_msgs/include/statistics_msgs/msg/detail/microxrcedds/metrics_message__type_support_cpp.cpp
[1.056s] -- Up-to-date: /home/devpc/Desktop/microros_ws/install/statistics_msgs/include/statistics_msgs/msg/rosidl_typesupport_microxrcedds_cpp__visibility_control.h
[1.056s] -- Up-to-date: /home/devpc/Desktop/microros_ws/install/statistics_msgs/lib/libstatistics_msgs__rosidl_typesupport_microxrcedds_cpp.so
[1.056s] -- Up-to-date: /home/devpc/Desktop/microros_ws/install/statistics_msgs/include/statistics_msgs
[1.056s] -- Up-to-date: /home/devpc/Desktop/microros_ws/install/statistics_msgs/include/statistics_msgs/msg
[1.057s] -- Up-to-date: /home/devpc/Desktop/microros_ws/install/statistics_msgs/include/statistics_msgs/msg/detail
[1.057s] -- Up-to-date: /home/devpc/Desktop/microros_ws/install/statistics_msgs/include/statistics_msgs/msg/detail/metrics_message__rosidl_typesupport_introspection_cpp.hpp
[1.057s] -- Up-to-date: /home/devpc/Desktop/microros_ws/install/statistics_msgs/include/statistics_msgs/msg/detail/statistic_data_type__type_support.cpp
[1.057s] -- Up-to-date: /home/devpc/Desktop/microros_ws/install/statistics_msgs/include/statistics_msgs/msg/detail/statistic_data_type__rosidl_typesupport_introspection_cpp.hpp
[1.057s] -- Up-to-date: /home/devpc/Desktop/microros_ws/install/statistics_msgs/include/statistics_msgs/msg/detail/statistic_data_point__rosidl_typesupport_introspection_cpp.hpp
[1.058s] -- Up-to-date: /home/devpc/Desktop/microros_ws/install/statistics_msgs/include/statistics_msgs/msg/detail/metrics_message__type_support.cpp
[1.059s] -- Up-to-date: /home/devpc/Desktop/microros_ws/install/statistics_msgs/include/statistics_msgs/msg/detail/statistic_data_point__type_support.cpp
[1.060s] -- Up-to-date: /home/devpc/Desktop/microros_ws/install/statistics_msgs/lib/libstatistics_msgs__rosidl_typesupport_introspection_cpp.so
[1.060s] -- Up-to-date: /home/devpc/Desktop/microros_ws/install/statistics_msgs/lib/libstatistics_msgs__rosidl_typesupport_cpp.so
[1.060s] -- Up-to-date: /home/devpc/Desktop/microros_ws/install/statistics_msgs/share/statistics_msgs/environment/pythonpath.sh
[1.061s] -- Up-to-date: /home/devpc/Desktop/microros_ws/install/statistics_msgs/share/statistics_msgs/environment/pythonpath.dsv
[1.061s] -- Up-to-date: /home/devpc/Desktop/microros_ws/install/statistics_msgs/lib/python3.8/site-packages/statistics_msgs/__init__.py
[1.110s] -- Up-to-date: /home/devpc/Desktop/microros_ws/install/statistics_msgs/lib/python3.8/site-packages/statistics_msgs/msg
[1.110s] -- Up-to-date: /home/devpc/Desktop/microros_ws/install/statistics_msgs/lib/python3.8/site-packages/statistics_msgs/msg/_statistic_data_point_s.c
[1.110s] -- Up-to-date: /home/devpc/Desktop/microros_ws/install/statistics_msgs/lib/python3.8/site-packages/statistics_msgs/msg/_statistic_data_type_s.c
[1.110s] -- Up-to-date: /home/devpc/Desktop/microros_ws/install/statistics_msgs/lib/python3.8/site-packages/statistics_msgs/msg/_statistic_data_point.py
[1.110s] -- Up-to-date: /home/devpc/Desktop/microros_ws/install/statistics_msgs/lib/python3.8/site-packages/statistics_msgs/msg/_metrics_message_s.c
[1.110s] -- Up-to-date: /home/devpc/Desktop/microros_ws/install/statistics_msgs/lib/python3.8/site-packages/statistics_msgs/msg/__init__.py
[1.111s] -- Up-to-date: /home/devpc/Desktop/microros_ws/install/statistics_msgs/lib/python3.8/site-packages/statistics_msgs/msg/_metrics_message.py
[1.111s] -- Up-to-date: /home/devpc/Desktop/microros_ws/install/statistics_msgs/lib/python3.8/site-packages/statistics_msgs/msg/_statistic_data_type.py
[1.111s] -- Up-to-date: /home/devpc/Desktop/microros_ws/install/statistics_msgs/lib/python3.8/site-packages/statistics_msgs/statistics_msgs_s__rosidl_typesupport_microxrcedds_c.cpython-38-x86_64-linux-gnu.so
[1.111s] -- Up-to-date: /home/devpc/Desktop/microros_ws/install/statistics_msgs/lib/python3.8/site-packages/statistics_msgs/statistics_msgs_s__rosidl_typesupport_fastrtps_c.cpython-38-x86_64-linux-gnu.so
[1.112s] -- Up-to-date: /home/devpc/Desktop/microros_ws/install/statistics_msgs/lib/python3.8/site-packages/statistics_msgs/statistics_msgs_s__rosidl_typesupport_introspection_c.cpython-38-x86_64-linux-gnu.so
[1.113s] -- Up-to-date: /home/devpc/Desktop/microros_ws/install/statistics_msgs/lib/python3.8/site-packages/statistics_msgs/statistics_msgs_s__rosidl_typesupport_c.cpython-38-x86_64-linux-gnu.so
[1.114s] -- Up-to-date: /home/devpc/Desktop/microros_ws/install/statistics_msgs/lib/libstatistics_msgs__python.so
[1.114s] -- Up-to-date: /home/devpc/Desktop/microros_ws/install/statistics_msgs/share/statistics_msgs/msg/MetricsMessage.idl
[1.114s] -- Up-to-date: /home/devpc/Desktop/microros_ws/install/statistics_msgs/share/statistics_msgs/msg/StatisticDataPoint.idl
[1.114s] -- Up-to-date: /home/devpc/Desktop/microros_ws/install/statistics_msgs/share/statistics_msgs/msg/StatisticDataType.idl
[1.115s] -- Up-to-date: /home/devpc/Desktop/microros_ws/install/statistics_msgs/share/statistics_msgs/msg/MetricsMessage.msg
[1.115s] -- Up-to-date: /home/devpc/Desktop/microros_ws/install/statistics_msgs/share/statistics_msgs/msg/StatisticDataPoint.msg
[1.115s] -- Up-to-date: /home/devpc/Desktop/microros_ws/install/statistics_msgs/share/statistics_msgs/msg/StatisticDataType.msg
[1.115s] -- Up-to-date: /home/devpc/Desktop/microros_ws/install/statistics_msgs/share/ament_index/resource_index/package_run_dependencies/statistics_msgs
[1.115s] -- Up-to-date: /home/devpc/Desktop/microros_ws/install/statistics_msgs/share/ament_index/resource_index/parent_prefix_path/statistics_msgs
[1.116s] -- Up-to-date: /home/devpc/Desktop/microros_ws/install/statistics_msgs/share/statistics_msgs/environment/ament_prefix_path.sh
[1.116s] -- Up-to-date: /home/devpc/Desktop/microros_ws/install/statistics_msgs/share/statistics_msgs/environment/ament_prefix_path.dsv
[1.116s] -- Up-to-date: /home/devpc/Desktop/microros_ws/install/statistics_msgs/share/statistics_msgs/environment/path.sh
[1.116s] -- Up-to-date: /home/devpc/Desktop/microros_ws/install/statistics_msgs/share/statistics_msgs/environment/path.dsv
[1.116s] -- Up-to-date: /home/devpc/Desktop/microros_ws/install/statistics_msgs/share/statistics_msgs/local_setup.bash
[1.116s] -- Up-to-date: /home/devpc/Desktop/microros_ws/install/statistics_msgs/share/statistics_msgs/local_setup.sh
[1.117s] -- Up-to-date: /home/devpc/Desktop/microros_ws/install/statistics_msgs/share/statistics_msgs/local_setup.zsh
[1.117s] -- Up-to-date: /home/devpc/Desktop/microros_ws/install/statistics_msgs/share/statistics_msgs/local_setup.dsv
[1.117s] -- Installing: /home/devpc/Desktop/microros_ws/install/statistics_msgs/share/statistics_msgs/package.dsv
[1.117s] -- Up-to-date: /home/devpc/Desktop/microros_ws/install/statistics_msgs/share/ament_index/resource_index/packages/statistics_msgs
[1.118s] -- Up-to-date: /home/devpc/Desktop/microros_ws/install/statistics_msgs/share/statistics_msgs/cmake/statistics_msgs__rosidl_generator_cExport.cmake
[1.118s] -- Up-to-date: /home/devpc/Desktop/microros_ws/install/statistics_msgs/share/statistics_msgs/cmake/statistics_msgs__rosidl_generator_cExport-noconfig.cmake
[1.118s] -- Up-to-date: /home/devpc/Desktop/microros_ws/install/statistics_msgs/share/statistics_msgs/cmake/statistics_msgs__rosidl_typesupport_introspection_cExport.cmake
[1.118s] -- Up-to-date: /home/devpc/Desktop/microros_ws/install/statistics_msgs/share/statistics_msgs/cmake/statistics_msgs__rosidl_typesupport_introspection_cExport-noconfig.cmake
[1.118s] -- Up-to-date: /home/devpc/Desktop/microros_ws/install/statistics_msgs/share/statistics_msgs/cmake/statistics_msgs__rosidl_typesupport_cExport.cmake
[1.118s] -- Up-to-date: /home/devpc/Desktop/microros_ws/install/statistics_msgs/share/statistics_msgs/cmake/statistics_msgs__rosidl_typesupport_cExport-noconfig.cmake
[1.119s] -- Up-to-date: /home/devpc/Desktop/microros_ws/install/statistics_msgs/share/statistics_msgs/cmake/statistics_msgs__rosidl_generator_cppExport.cmake
[1.119s] -- Up-to-date: /home/devpc/Desktop/microros_ws/install/statistics_msgs/share/statistics_msgs/cmake/statistics_msgs__rosidl_typesupport_introspection_cppExport.cmake
[1.119s] -- Up-to-date: /home/devpc/Desktop/microros_ws/install/statistics_msgs/share/statistics_msgs/cmake/statistics_msgs__rosidl_typesupport_introspection_cppExport-noconfig.cmake
[1.119s] -- Up-to-date: /home/devpc/Desktop/microros_ws/install/statistics_msgs/share/statistics_msgs/cmake/statistics_msgs__rosidl_typesupport_cppExport.cmake
[1.119s] -- Up-to-date: /home/devpc/Desktop/microros_ws/install/statistics_msgs/share/statistics_msgs/cmake/statistics_msgs__rosidl_typesupport_cppExport-noconfig.cmake
[1.119s] -- Up-to-date: /home/devpc/Desktop/microros_ws/install/statistics_msgs/share/statistics_msgs/cmake/rosidl_cmake-extras.cmake
[1.119s] -- Up-to-date: /home/devpc/Desktop/microros_ws/install/statistics_msgs/share/statistics_msgs/cmake/ament_cmake_export_dependencies-extras.cmake
[1.119s] -- Up-to-date: /home/devpc/Desktop/microros_ws/install/statistics_msgs/share/statistics_msgs/cmake/ament_cmake_export_libraries-extras.cmake
[1.119s] -- Up-to-date: /home/devpc/Desktop/microros_ws/install/statistics_msgs/share/statistics_msgs/cmake/ament_cmake_export_targets-extras.cmake
[1.120s] -- Up-to-date: /home/devpc/Desktop/microros_ws/install/statistics_msgs/share/statistics_msgs/cmake/ament_cmake_export_include_directories-extras.cmake
[1.120s] -- Up-to-date: /home/devpc/Desktop/microros_ws/install/statistics_msgs/share/statistics_msgs/cmake/rosidl_cmake_export_typesupport_libraries-extras.cmake
[1.120s] -- Up-to-date: /home/devpc/Desktop/microros_ws/install/statistics_msgs/share/statistics_msgs/cmake/rosidl_cmake_export_typesupport_targets-extras.cmake
[1.120s] -- Up-to-date: /home/devpc/Desktop/microros_ws/install/statistics_msgs/share/statistics_msgs/cmake/statistics_msgsConfig.cmake
[1.122s] -- Up-to-date: /home/devpc/Desktop/microros_ws/install/statistics_msgs/share/statistics_msgs/cmake/statistics_msgsConfig-version.cmake
[1.122s] -- Up-to-date: /home/devpc/Desktop/microros_ws/install/statistics_msgs/share/statistics_msgs/package.xml
[1.123s] Invoked command in '/home/devpc/Desktop/microros_ws/build/statistics_msgs' returned '0': CMAKE_PREFIX_PATH=/home/devpc/Desktop/microros_ws/install/builtin_interfaces:/home/devpc/Desktop/microros_ws/install/common_interfaces:/home/devpc/Desktop/microros_ws/install/visualization_msgs:/home/devpc/Desktop/microros_ws/install/test_msgs:/home/devpc/Desktop/microros_ws/install/micro_ros_demos_rclc:/home/devpc/Desktop/microros_ws/install/example_interfaces:/home/devpc/Desktop/microros_ws/install/action_msgs:/home/devpc/Desktop/microros_ws/install/unique_identifier_msgs:/home/devpc/Desktop/microros_ws/install/trajectory_msgs:/home/devpc/Desktop/microros_ws/install/stereo_msgs:/home/devpc/Desktop/microros_ws/install/std_srvs:/home/devpc/Desktop/microros_ws/install/shape_msgs:/home/devpc/Desktop/microros_ws/install/sensor_msgs:/home/devpc/Desktop/microros_ws/install/nav_msgs:/home/devpc/Desktop/microros_ws/install/diagnostic_msgs:/home/devpc/Desktop/microros_ws/install/geometry_msgs:/home/devpc/Desktop/microros_ws/install/drive_base_msgs:/home/devpc/Desktop/microros_ws/install/actionlib_msgs:/home/devpc/Desktop/microros_ws/install/std_msgs:/home/devpc/Desktop/microros_ws/install/statistics_msgs:/home/devpc/Desktop/microros_ws/install/rosidl_typesupport_microxrcedds_test_msg:/home/devpc/Desktop/microros_ws/install/rosidl_typesupport_microxrcedds_cpp_tests:/home/devpc/Desktop/microros_ws/install/rmw_microxrcedds:/home/devpc/Desktop/microros_ws/install/rosidl_typesupport_microxrcedds_cpp:/home/devpc/Desktop/microros_ws/install/rosidl_typesupport_microxrcedds_c_tests:/home/devpc/Desktop/microros_ws/install/rosidl_typesupport_microxrcedds_c:/home/devpc/Desktop/microros_ws/install/rosgraph_msgs:/home/devpc/Desktop/microros_ws/install/rclc:/home/devpc/Desktop/microros_ws/install/composition_interfaces:/home/devpc/Desktop/microros_ws/install/rcl_interfaces:/home/devpc/Desktop/microros_ws/install/microxrcedds_client:/home/devpc/Desktop/microros_ws/install/microcdr:/home/devpc/Desktop/microros_ws/install/micro_ros_demos_rclcpp:/home/devpc/Desktop/microros_ws/install/lifecycle_msgs:/home/devpc/Desktop/microros_ws/install/complex_msgs:/home/devpc/Desktop/microros_ws/install/micro_ros_agent:/home/devpc/Desktop/microros_ws/install/microxrcedds_agent:/home/devpc/Desktop/microros_ws/install/micro_ros_setup:/home/devpc/Desktop/microros_ws/install/micro_ros_msgs:/home/devpc/Desktop/quad_ws/install/quad_interfaces:/home/devpc/Desktop/microros_ws/install/sensor_msgs_py:/home/devpc/Desktop/quad_ws/install/quad:/opt/ros/foxy LD_LIBRARY_PATH=/home/devpc/Desktop/microros_ws/install/builtin_interfaces/lib:/home/devpc/Desktop/microros_ws/install/visualization_msgs/lib:/home/devpc/Desktop/microros_ws/install/test_msgs/lib:/home/devpc/Desktop/microros_ws/install/example_interfaces/lib:/home/devpc/Desktop/microros_ws/install/action_msgs/lib:/home/devpc/Desktop/microros_ws/install/unique_identifier_msgs/lib:/home/devpc/Desktop/microros_ws/install/trajectory_msgs/lib:/home/devpc/Desktop/microros_ws/install/stereo_msgs/lib:/home/devpc/Desktop/microros_ws/install/std_srvs/lib:/home/devpc/Desktop/microros_ws/install/shape_msgs/lib:/home/devpc/Desktop/microros_ws/install/sensor_msgs/lib:/home/devpc/Desktop/microros_ws/install/nav_msgs/lib:/home/devpc/Desktop/microros_ws/install/diagnostic_msgs/lib:/home/devpc/Desktop/microros_ws/install/geometry_msgs/lib:/home/devpc/Desktop/microros_ws/install/drive_base_msgs/lib:/home/devpc/Desktop/microros_ws/install/actionlib_msgs/lib:/home/devpc/Desktop/microros_ws/install/std_msgs/lib:/home/devpc/Desktop/microros_ws/install/statistics_msgs/lib:/home/devpc/Desktop/microros_ws/install/rosidl_typesupport_microxrcedds_test_msg/lib:/home/devpc/Desktop/microros_ws/install/rmw_microxrcedds/lib:/home/devpc/Desktop/microros_ws/install/rosidl_typesupport_microxrcedds_cpp/lib:/home/devpc/Desktop/microros_ws/install/rosidl_typesupport_microxrcedds_c/lib:/home/devpc/Desktop/microros_ws/install/rosgraph_msgs/lib:/home/devpc/Desktop/microros_ws/install/rclc/lib:/home/devpc/Desktop/microros_ws/install/composition_interfaces/lib:/home/devpc/Desktop/microros_ws/install/rcl_interfaces/lib:/home/devpc/Desktop/microros_ws/install/microxrcedds_client/lib:/home/devpc/Desktop/microros_ws/install/microcdr/lib:/home/devpc/Desktop/microros_ws/install/lifecycle_msgs/lib:/home/devpc/Desktop/microros_ws/install/complex_msgs/lib:/home/devpc/Desktop/microros_ws/install/microxrcedds_agent/lib:/home/devpc/Desktop/microros_ws/install/micro_ros_msgs/lib:/home/devpc/Desktop/quad_ws/install/quad_interfaces/lib:/opt/ros/foxy/opt/yaml_cpp_vendor/lib:/opt/ros/foxy/opt/rviz_ogre_vendor/lib:/opt/ros/foxy/lib/x86_64-linux-gnu:/opt/ros/foxy/lib PYTHONPATH=/home/devpc/Desktop/microros_ws/install/builtin_interfaces/lib/python3.8/site-packages:/home/devpc/Desktop/microros_ws/install/visualization_msgs/lib/python3.8/site-packages:/home/devpc/Desktop/microros_ws/install/test_msgs/lib/python3.8/site-packages:/home/devpc/Desktop/microros_ws/install/example_interfaces/lib/python3.8/site-packages:/home/devpc/Desktop/microros_ws/install/action_msgs/lib/python3.8/site-packages:/home/devpc/Desktop/microros_ws/install/unique_identifier_msgs/lib/python3.8/site-packages:/home/devpc/Desktop/microros_ws/install/trajectory_msgs/lib/python3.8/site-packages:/home/devpc/Desktop/microros_ws/install/stereo_msgs/lib/python3.8/site-packages:/home/devpc/Desktop/microros_ws/install/std_srvs/lib/python3.8/site-packages:/home/devpc/Desktop/microros_ws/install/shape_msgs/lib/python3.8/site-packages:/home/devpc/Desktop/microros_ws/install/sensor_msgs_py/lib/python3.8/site-packages:/home/devpc/Desktop/microros_ws/install/sensor_msgs/lib/python3.8/site-packages:/home/devpc/Desktop/microros_ws/install/nav_msgs/lib/python3.8/site-packages:/home/devpc/Desktop/microros_ws/install/diagnostic_msgs/lib/python3.8/site-packages:/home/devpc/Desktop/microros_ws/install/geometry_msgs/lib/python3.8/site-packages:/home/devpc/Desktop/microros_ws/install/drive_base_msgs/lib/python3.8/site-packages:/home/devpc/Desktop/microros_ws/install/actionlib_msgs/lib/python3.8/site-packages:/home/devpc/Desktop/microros_ws/install/std_msgs/lib/python3.8/site-packages:/home/devpc/Desktop/microros_ws/install/statistics_msgs/lib/python3.8/site-packages:/home/devpc/Desktop/microros_ws/install/rosidl_typesupport_microxrcedds_test_msg/lib/python3.8/site-packages:/home/devpc/Desktop/microros_ws/install/rosidl_typesupport_microxrcedds_cpp/lib/python3.8/site-packages:/home/devpc/Desktop/microros_ws/install/rosidl_typesupport_microxrcedds_c/lib/python3.8/site-packages:/home/devpc/Desktop/microros_ws/install/rosgraph_msgs/lib/python3.8/site-packages:/home/devpc/Desktop/microros_ws/install/composition_interfaces/lib/python3.8/site-packages:/home/devpc/Desktop/microros_ws/install/rcl_interfaces/lib/python3.8/site-packages:/home/devpc/Desktop/microros_ws/install/lifecycle_msgs/lib/python3.8/site-packages:/home/devpc/Desktop/microros_ws/install/complex_msgs/lib/python3.8/site-packages:/home/devpc/Desktop/microros_ws/install/micro_ros_msgs/lib/python3.8/site-packages:/home/devpc/Desktop/quad_ws/install/quad_interfaces/lib/python3.8/site-packages:/home/devpc/Desktop/quad_ws/install/quad/lib/python3.8/site-packages:/opt/ros/foxy/lib/python3.8/site-packages /usr/bin/cmake --install /home/devpc/Desktop/microros_ws/build/statistics_msgs
