[0.287s] DEBUG:colcon:Command line arguments: ['/usr/bin/colcon', 'build']
[0.287s] DEBUG:colcon:Parsed command line arguments: Namespace(ament_cmake_args=None, base_paths=['.'], build_base='build', catkin_cmake_args=None, catkin_skip_building_tests=False, cmake_args=None, cmake_clean_cache=False, cmake_clean_first=False, cmake_force_configure=False, cmake_target=None, cmake_target_skip_unavailable=False, continue_on_error=False, event_handlers=None, executor='parallel', ignore_user_meta=False, install_base='install', log_base=None, log_level=None, main=<bound method BuildVerb.main of <colcon_core.verb.build.BuildVerb object at 0x7f6f81027100>>, merge_install=False, metas=['./colcon.meta'], packages_above=None, packages_above_and_dependencies=None, packages_above_depth=None, packages_end=None, packages_ignore=None, packages_ignore_regex=None, packages_select=None, packages_select_build_failed=False, packages_select_by_dep=None, packages_select_regex=None, packages_select_test_failures=False, packages_skip=None, packages_skip_build_finished=False, packages_skip_by_dep=None, packages_skip_regex=None, packages_skip_test_passed=False, packages_skip_up_to=None, packages_start=None, packages_up_to=None, packages_up_to_regex=None, parallel_workers=8, paths=None, symlink_install=False, test_result_base=None, verb_extension=<colcon_core.verb.build.BuildVerb object at 0x7f6f81027100>, verb_name='build', verb_parser=<colcon_defaults.argument_parser.defaults.DefaultArgumentsDecorator object at 0x7f6f81027580>)
[0.292s] Level 1:colcon.colcon_core.package_discovery:discover_packages(colcon_meta) check parameters
[0.292s] Level 1:colcon.colcon_core.package_discovery:discover_packages(recursive) check parameters
[0.292s] Level 1:colcon.colcon_core.package_discovery:discover_packages(ignore) check parameters
[0.293s] Level 1:colcon.colcon_core.package_discovery:discover_packages(path) check parameters
[0.293s] Level 1:colcon.colcon_core.package_discovery:discover_packages(colcon_meta) discover
[0.293s] Level 1:colcon.colcon_core.package_discovery:discover_packages(recursive) discover
[0.293s] INFO:colcon.colcon_core.package_discovery:Crawling recursively for packages in '/home/devpc/Desktop/quad_ws'
[0.293s] Level 1:colcon.colcon_core.package_identification:_identify(.) by extensions ['ignore', 'ignore_ament_install']
[0.293s] Level 1:colcon.colcon_core.package_identification:_identify(.) by extension 'ignore'
[0.293s] Level 1:colcon.colcon_core.package_identification:_identify(.) by extension 'ignore_ament_install'
[0.293s] Level 1:colcon.colcon_core.package_identification:_identify(.) by extensions ['colcon_pkg']
[0.293s] Level 1:colcon.colcon_core.package_identification:_identify(.) by extension 'colcon_pkg'
[0.293s] Level 1:colcon.colcon_core.package_identification:_identify(.) by extensions ['colcon_meta']
[0.293s] Level 1:colcon.colcon_core.package_identification:_identify(.) by extension 'colcon_meta'
[0.293s] Level 1:colcon.colcon_core.package_identification:_identify(.) by extensions ['ros']
[0.293s] Level 1:colcon.colcon_core.package_identification:_identify(.) by extension 'ros'
[0.304s] Level 1:colcon.colcon_core.package_identification:_identify(.) by extensions ['cmake', 'python']
[0.304s] Level 1:colcon.colcon_core.package_identification:_identify(.) by extension 'cmake'
[0.305s] Level 1:colcon.colcon_core.package_identification:_identify(.) by extension 'python'
[0.305s] Level 1:colcon.colcon_core.package_identification:_identify(.) by extensions ['python_setup_py']
[0.305s] Level 1:colcon.colcon_core.package_identification:_identify(.) by extension 'python_setup_py'
[0.305s] Level 1:colcon.colcon_core.package_identification:_identify(build) by extensions ['ignore', 'ignore_ament_install']
[0.305s] Level 1:colcon.colcon_core.package_identification:_identify(build) by extension 'ignore'
[0.305s] Level 1:colcon.colcon_core.package_identification:_identify(build) ignored
[0.305s] Level 1:colcon.colcon_core.package_identification:_identify(install) by extensions ['ignore', 'ignore_ament_install']
[0.305s] Level 1:colcon.colcon_core.package_identification:_identify(install) by extension 'ignore'
[0.305s] Level 1:colcon.colcon_core.package_identification:_identify(install) ignored
[0.305s] Level 1:colcon.colcon_core.package_identification:_identify(log) by extensions ['ignore', 'ignore_ament_install']
[0.305s] Level 1:colcon.colcon_core.package_identification:_identify(log) by extension 'ignore'
[0.306s] Level 1:colcon.colcon_core.package_identification:_identify(log) ignored
[0.306s] Level 1:colcon.colcon_core.package_identification:_identify(src) by extensions ['ignore', 'ignore_ament_install']
[0.306s] Level 1:colcon.colcon_core.package_identification:_identify(src) by extension 'ignore'
[0.306s] Level 1:colcon.colcon_core.package_identification:_identify(src) by extension 'ignore_ament_install'
[0.306s] Level 1:colcon.colcon_core.package_identification:_identify(src) by extensions ['colcon_pkg']
[0.306s] Level 1:colcon.colcon_core.package_identification:_identify(src) by extension 'colcon_pkg'
[0.306s] Level 1:colcon.colcon_core.package_identification:_identify(src) by extensions ['colcon_meta']
[0.306s] Level 1:colcon.colcon_core.package_identification:_identify(src) by extension 'colcon_meta'
[0.306s] Level 1:colcon.colcon_core.package_identification:_identify(src) by extensions ['ros']
[0.306s] Level 1:colcon.colcon_core.package_identification:_identify(src) by extension 'ros'
[0.306s] Level 1:colcon.colcon_core.package_identification:_identify(src) by extensions ['cmake', 'python']
[0.306s] Level 1:colcon.colcon_core.package_identification:_identify(src) by extension 'cmake'
[0.306s] Level 1:colcon.colcon_core.package_identification:_identify(src) by extension 'python'
[0.306s] Level 1:colcon.colcon_core.package_identification:_identify(src) by extensions ['python_setup_py']
[0.306s] Level 1:colcon.colcon_core.package_identification:_identify(src) by extension 'python_setup_py'
[0.306s] Level 1:colcon.colcon_core.package_identification:_identify(src/build) by extensions ['ignore', 'ignore_ament_install']
[0.306s] Level 1:colcon.colcon_core.package_identification:_identify(src/build) by extension 'ignore'
[0.307s] Level 1:colcon.colcon_core.package_identification:_identify(src/build) ignored
[0.307s] Level 1:colcon.colcon_core.package_identification:_identify(src/install) by extensions ['ignore', 'ignore_ament_install']
[0.307s] Level 1:colcon.colcon_core.package_identification:_identify(src/install) by extension 'ignore'
[0.307s] Level 1:colcon.colcon_core.package_identification:_identify(src/install) ignored
[0.307s] Level 1:colcon.colcon_core.package_identification:_identify(src/log) by extensions ['ignore', 'ignore_ament_install']
[0.307s] Level 1:colcon.colcon_core.package_identification:_identify(src/log) by extension 'ignore'
[0.307s] Level 1:colcon.colcon_core.package_identification:_identify(src/log) ignored
[0.307s] Level 1:colcon.colcon_core.package_identification:_identify(src/quad) by extensions ['ignore', 'ignore_ament_install']
[0.307s] Level 1:colcon.colcon_core.package_identification:_identify(src/quad) by extension 'ignore'
[0.307s] Level 1:colcon.colcon_core.package_identification:_identify(src/quad) by extension 'ignore_ament_install'
[0.307s] Level 1:colcon.colcon_core.package_identification:_identify(src/quad) by extensions ['colcon_pkg']
[0.307s] Level 1:colcon.colcon_core.package_identification:_identify(src/quad) by extension 'colcon_pkg'
[0.307s] Level 1:colcon.colcon_core.package_identification:_identify(src/quad) by extensions ['colcon_meta']
[0.307s] Level 1:colcon.colcon_core.package_identification:_identify(src/quad) by extension 'colcon_meta'
[0.307s] Level 1:colcon.colcon_core.package_identification:_identify(src/quad) by extensions ['ros']
[0.307s] Level 1:colcon.colcon_core.package_identification:_identify(src/quad) by extension 'ros'
[0.311s] DEBUG:colcon.colcon_core.package_identification:Package 'src/quad' with type 'ros.ament_python' and name 'quad'
[0.311s] Level 1:colcon.colcon_core.package_identification:_identify(src/quad_interfaces) by extensions ['ignore', 'ignore_ament_install']
[0.312s] Level 1:colcon.colcon_core.package_identification:_identify(src/quad_interfaces) by extension 'ignore'
[0.312s] Level 1:colcon.colcon_core.package_identification:_identify(src/quad_interfaces) by extension 'ignore_ament_install'
[0.312s] Level 1:colcon.colcon_core.package_identification:_identify(src/quad_interfaces) by extensions ['colcon_pkg']
[0.312s] Level 1:colcon.colcon_core.package_identification:_identify(src/quad_interfaces) by extension 'colcon_pkg'
[0.312s] Level 1:colcon.colcon_core.package_identification:_identify(src/quad_interfaces) by extensions ['colcon_meta']
[0.312s] Level 1:colcon.colcon_core.package_identification:_identify(src/quad_interfaces) by extension 'colcon_meta'
[0.312s] Level 1:colcon.colcon_core.package_identification:_identify(src/quad_interfaces) by extensions ['ros']
[0.312s] Level 1:colcon.colcon_core.package_identification:_identify(src/quad_interfaces) by extension 'ros'
[0.313s] DEBUG:colcon.colcon_core.package_identification:Package 'src/quad_interfaces' with type 'ros.ament_cmake' and name 'quad_interfaces'
[0.313s] Level 1:colcon.colcon_core.package_identification:_identify(src/teleop) by extensions ['ignore', 'ignore_ament_install']
[0.313s] Level 1:colcon.colcon_core.package_identification:_identify(src/teleop) by extension 'ignore'
[0.313s] Level 1:colcon.colcon_core.package_identification:_identify(src/teleop) by extension 'ignore_ament_install'
[0.313s] Level 1:colcon.colcon_core.package_identification:_identify(src/teleop) by extensions ['colcon_pkg']
[0.313s] Level 1:colcon.colcon_core.package_identification:_identify(src/teleop) by extension 'colcon_pkg'
[0.313s] Level 1:colcon.colcon_core.package_identification:_identify(src/teleop) by extensions ['colcon_meta']
[0.313s] Level 1:colcon.colcon_core.package_identification:_identify(src/teleop) by extension 'colcon_meta'
[0.313s] Level 1:colcon.colcon_core.package_identification:_identify(src/teleop) by extensions ['ros']
[0.313s] Level 1:colcon.colcon_core.package_identification:_identify(src/teleop) by extension 'ros'
[0.314s] DEBUG:colcon.colcon_core.package_identification:Package 'src/teleop' with type 'ros.ament_python' and name 'teleop'
[0.314s] Level 1:colcon.colcon_core.package_identification:_identify(src/xacro-ros2) by extensions ['ignore', 'ignore_ament_install']
[0.314s] Level 1:colcon.colcon_core.package_identification:_identify(src/xacro-ros2) by extension 'ignore'
[0.314s] Level 1:colcon.colcon_core.package_identification:_identify(src/xacro-ros2) by extension 'ignore_ament_install'
[0.314s] Level 1:colcon.colcon_core.package_identification:_identify(src/xacro-ros2) by extensions ['colcon_pkg']
[0.314s] Level 1:colcon.colcon_core.package_identification:_identify(src/xacro-ros2) by extension 'colcon_pkg'
[0.315s] Level 1:colcon.colcon_core.package_identification:_identify(src/xacro-ros2) by extensions ['colcon_meta']
[0.315s] Level 1:colcon.colcon_core.package_identification:_identify(src/xacro-ros2) by extension 'colcon_meta'
[0.315s] Level 1:colcon.colcon_core.package_identification:_identify(src/xacro-ros2) by extensions ['ros']
[0.315s] Level 1:colcon.colcon_core.package_identification:_identify(src/xacro-ros2) by extension 'ros'
[0.316s] DEBUG:colcon.colcon_core.package_identification:Package 'src/xacro-ros2' with type 'ros.ament_cmake' and name 'xacro'
[0.316s] Level 1:colcon.colcon_core.package_discovery:discover_packages(recursive) using defaults
[0.316s] Level 1:colcon.colcon_core.package_discovery:discover_packages(ignore) discover
[0.316s] Level 1:colcon.colcon_core.package_discovery:discover_packages(ignore) using defaults
[0.316s] Level 1:colcon.colcon_core.package_discovery:discover_packages(path) discover
[0.316s] Level 1:colcon.colcon_core.package_discovery:discover_packages(path) using defaults
[0.333s] INFO:colcon.colcon_metadata.metadata.colcon_pkg:Updating descriptor of package 'src/xacro-ros2' from colcon.pkg: {'hooks': ['share/xacro/environment/completion.bash']}
[0.337s] Level 5:colcon.colcon_core.verb:set package 'quad' build argument 'cmake_args' from command line to 'None'
[0.338s] Level 5:colcon.colcon_core.verb:set package 'quad' build argument 'cmake_target' from command line to 'None'
[0.338s] Level 5:colcon.colcon_core.verb:set package 'quad' build argument 'cmake_target_skip_unavailable' from command line to 'False'
[0.338s] Level 5:colcon.colcon_core.verb:set package 'quad' build argument 'cmake_clean_cache' from command line to 'False'
[0.338s] Level 5:colcon.colcon_core.verb:set package 'quad' build argument 'cmake_clean_first' from command line to 'False'
[0.338s] Level 5:colcon.colcon_core.verb:set package 'quad' build argument 'cmake_force_configure' from command line to 'False'
[0.338s] Level 5:colcon.colcon_core.verb:set package 'quad' build argument 'ament_cmake_args' from command line to 'None'
[0.338s] Level 5:colcon.colcon_core.verb:set package 'quad' build argument 'catkin_cmake_args' from command line to 'None'
[0.338s] Level 5:colcon.colcon_core.verb:set package 'quad' build argument 'catkin_skip_building_tests' from command line to 'False'
[0.338s] DEBUG:colcon.colcon_core.verb:Building package 'quad' with the following arguments: {'ament_cmake_args': None, 'build_base': '/home/devpc/Desktop/quad_ws/build/quad', 'catkin_cmake_args': None, 'catkin_skip_building_tests': False, 'cmake_args': None, 'cmake_clean_cache': False, 'cmake_clean_first': False, 'cmake_force_configure': False, 'cmake_target': None, 'cmake_target_skip_unavailable': False, 'install_base': '/home/devpc/Desktop/quad_ws/install/quad', 'merge_install': False, 'path': '/home/devpc/Desktop/quad_ws/src/quad', 'symlink_install': False, 'test_result_base': None}
[0.341s] Level 5:colcon.colcon_core.verb:set package 'quad_interfaces' build argument 'cmake_args' from command line to 'None'
[0.341s] Level 5:colcon.colcon_core.verb:set package 'quad_interfaces' build argument 'cmake_target' from command line to 'None'
[0.341s] Level 5:colcon.colcon_core.verb:set package 'quad_interfaces' build argument 'cmake_target_skip_unavailable' from command line to 'False'
[0.341s] Level 5:colcon.colcon_core.verb:set package 'quad_interfaces' build argument 'cmake_clean_cache' from command line to 'False'
[0.341s] Level 5:colcon.colcon_core.verb:set package 'quad_interfaces' build argument 'cmake_clean_first' from command line to 'False'
[0.341s] Level 5:colcon.colcon_core.verb:set package 'quad_interfaces' build argument 'cmake_force_configure' from command line to 'False'
[0.341s] Level 5:colcon.colcon_core.verb:set package 'quad_interfaces' build argument 'ament_cmake_args' from command line to 'None'
[0.341s] Level 5:colcon.colcon_core.verb:set package 'quad_interfaces' build argument 'catkin_cmake_args' from command line to 'None'
[0.341s] Level 5:colcon.colcon_core.verb:set package 'quad_interfaces' build argument 'catkin_skip_building_tests' from command line to 'False'
[0.341s] DEBUG:colcon.colcon_core.verb:Building package 'quad_interfaces' with the following arguments: {'ament_cmake_args': None, 'build_base': '/home/devpc/Desktop/quad_ws/build/quad_interfaces', 'catkin_cmake_args': None, 'catkin_skip_building_tests': False, 'cmake_args': None, 'cmake_clean_cache': False, 'cmake_clean_first': False, 'cmake_force_configure': False, 'cmake_target': None, 'cmake_target_skip_unavailable': False, 'install_base': '/home/devpc/Desktop/quad_ws/install/quad_interfaces', 'merge_install': False, 'path': '/home/devpc/Desktop/quad_ws/src/quad_interfaces', 'symlink_install': False, 'test_result_base': None}
[0.344s] Level 5:colcon.colcon_core.verb:set package 'teleop' build argument 'cmake_args' from command line to 'None'
[0.344s] Level 5:colcon.colcon_core.verb:set package 'teleop' build argument 'cmake_target' from command line to 'None'
[0.344s] Level 5:colcon.colcon_core.verb:set package 'teleop' build argument 'cmake_target_skip_unavailable' from command line to 'False'
[0.344s] Level 5:colcon.colcon_core.verb:set package 'teleop' build argument 'cmake_clean_cache' from command line to 'False'
[0.344s] Level 5:colcon.colcon_core.verb:set package 'teleop' build argument 'cmake_clean_first' from command line to 'False'
[0.345s] Level 5:colcon.colcon_core.verb:set package 'teleop' build argument 'cmake_force_configure' from command line to 'False'
[0.345s] Level 5:colcon.colcon_core.verb:set package 'teleop' build argument 'ament_cmake_args' from command line to 'None'
[0.345s] Level 5:colcon.colcon_core.verb:set package 'teleop' build argument 'catkin_cmake_args' from command line to 'None'
[0.345s] Level 5:colcon.colcon_core.verb:set package 'teleop' build argument 'catkin_skip_building_tests' from command line to 'False'
[0.345s] DEBUG:colcon.colcon_core.verb:Building package 'teleop' with the following arguments: {'ament_cmake_args': None, 'build_base': '/home/devpc/Desktop/quad_ws/build/teleop', 'catkin_cmake_args': None, 'catkin_skip_building_tests': False, 'cmake_args': None, 'cmake_clean_cache': False, 'cmake_clean_first': False, 'cmake_force_configure': False, 'cmake_target': None, 'cmake_target_skip_unavailable': False, 'install_base': '/home/devpc/Desktop/quad_ws/install/teleop', 'merge_install': False, 'path': '/home/devpc/Desktop/quad_ws/src/teleop', 'symlink_install': False, 'test_result_base': None}
[0.348s] Level 5:colcon.colcon_core.verb:set package 'xacro' build argument 'cmake_args' from command line to 'None'
[0.348s] Level 5:colcon.colcon_core.verb:set package 'xacro' build argument 'cmake_target' from command line to 'None'
[0.348s] Level 5:colcon.colcon_core.verb:set package 'xacro' build argument 'cmake_target_skip_unavailable' from command line to 'False'
[0.348s] Level 5:colcon.colcon_core.verb:set package 'xacro' build argument 'cmake_clean_cache' from command line to 'False'
[0.348s] Level 5:colcon.colcon_core.verb:set package 'xacro' build argument 'cmake_clean_first' from command line to 'False'
[0.348s] Level 5:colcon.colcon_core.verb:set package 'xacro' build argument 'cmake_force_configure' from command line to 'False'
[0.348s] Level 5:colcon.colcon_core.verb:set package 'xacro' build argument 'ament_cmake_args' from command line to 'None'
[0.348s] Level 5:colcon.colcon_core.verb:set package 'xacro' build argument 'catkin_cmake_args' from command line to 'None'
[0.348s] Level 5:colcon.colcon_core.verb:set package 'xacro' build argument 'catkin_skip_building_tests' from command line to 'False'
[0.348s] DEBUG:colcon.colcon_core.verb:Building package 'xacro' with the following arguments: {'ament_cmake_args': None, 'build_base': '/home/devpc/Desktop/quad_ws/build/xacro', 'catkin_cmake_args': None, 'catkin_skip_building_tests': False, 'cmake_args': None, 'cmake_clean_cache': False, 'cmake_clean_first': False, 'cmake_force_configure': False, 'cmake_target': None, 'cmake_target_skip_unavailable': False, 'install_base': '/home/devpc/Desktop/quad_ws/install/xacro', 'merge_install': False, 'path': '/home/devpc/Desktop/quad_ws/src/xacro-ros2', 'symlink_install': False, 'test_result_base': None}
[0.349s] INFO:colcon.colcon_core.executor:Executing jobs using 'parallel' executor
[0.351s] DEBUG:colcon.colcon_parallel_executor.executor.parallel:run_until_complete
[0.351s] INFO:colcon.colcon_ros.task.ament_python.build:Building ROS package in '/home/devpc/Desktop/quad_ws/src/quad' with build type 'ament_python'
[0.351s] Level 1:colcon.colcon_core.shell:create_environment_hook('quad', 'ament_prefix_path')
[0.355s] INFO:colcon.colcon_core.plugin_system:Skipping extension 'colcon_core.shell.bat': Not used on non-Windows systems
[0.356s] INFO:colcon.colcon_core.shell:Creating environment hook '/home/devpc/Desktop/quad_ws/install/quad/share/quad/hook/ament_prefix_path.ps1'
[0.356s] INFO:colcon.colcon_core.shell:Creating environment descriptor '/home/devpc/Desktop/quad_ws/install/quad/share/quad/hook/ament_prefix_path.dsv'
[0.357s] INFO:colcon.colcon_core.shell:Creating environment hook '/home/devpc/Desktop/quad_ws/install/quad/share/quad/hook/ament_prefix_path.sh'
[0.358s] INFO:colcon.colcon_core.shell:Skip shell extension 'powershell' for command environment: Not usable outside of PowerShell
[0.358s] DEBUG:colcon.colcon_core.shell:Skip shell extension 'dsv' for command environment
[0.361s] DEBUG:colcon.colcon_core.shell:Ignoring prefix path '/opt/ros/foxy'
[0.363s] INFO:colcon.colcon_ros.task.ament_cmake.build:Building ROS package in '/home/devpc/Desktop/quad_ws/src/quad_interfaces' with build type 'ament_cmake'
[0.364s] INFO:colcon.colcon_cmake.task.cmake.build:Building CMake package in '/home/devpc/Desktop/quad_ws/src/quad_interfaces'
[0.365s] INFO:colcon.colcon_core.shell:Skip shell extension 'powershell' for command environment: Not usable outside of PowerShell
[0.365s] DEBUG:colcon.colcon_core.shell:Skip shell extension 'dsv' for command environment
[0.367s] DEBUG:colcon.colcon_core.shell:Ignoring prefix path '/opt/ros/foxy'
[0.371s] INFO:colcon.colcon_ros.task.ament_python.build:Building ROS package in '/home/devpc/Desktop/quad_ws/src/teleop' with build type 'ament_python'
[0.371s] Level 1:colcon.colcon_core.shell:create_environment_hook('teleop', 'ament_prefix_path')
[0.372s] INFO:colcon.colcon_core.shell:Creating environment hook '/home/devpc/Desktop/quad_ws/install/teleop/share/teleop/hook/ament_prefix_path.ps1'
[0.373s] INFO:colcon.colcon_core.shell:Creating environment descriptor '/home/devpc/Desktop/quad_ws/install/teleop/share/teleop/hook/ament_prefix_path.dsv'
[0.373s] INFO:colcon.colcon_core.shell:Creating environment hook '/home/devpc/Desktop/quad_ws/install/teleop/share/teleop/hook/ament_prefix_path.sh'
[0.374s] INFO:colcon.colcon_core.shell:Skip shell extension 'powershell' for command environment: Not usable outside of PowerShell
[0.374s] DEBUG:colcon.colcon_core.shell:Skip shell extension 'dsv' for command environment
[0.377s] DEBUG:colcon.colcon_core.shell:Ignoring prefix path '/opt/ros/foxy'
[0.379s] INFO:colcon.colcon_ros.task.ament_cmake.build:Building ROS package in '/home/devpc/Desktop/quad_ws/src/xacro-ros2' with build type 'ament_cmake'
[0.380s] INFO:colcon.colcon_cmake.task.cmake.build:Building CMake package in '/home/devpc/Desktop/quad_ws/src/xacro-ros2'
[0.381s] INFO:colcon.colcon_core.shell:Skip shell extension 'powershell' for command environment: Not usable outside of PowerShell
[0.381s] DEBUG:colcon.colcon_core.shell:Skip shell extension 'dsv' for command environment
[0.384s] DEBUG:colcon.colcon_core.shell:Ignoring prefix path '/opt/ros/foxy'
[0.622s] INFO:colcon.colcon_core.task.python.build:Building Python package in '/home/devpc/Desktop/quad_ws/src/quad'
[0.623s] INFO:colcon.colcon_core.shell:Skip shell extension 'powershell' for command environment: Not usable outside of PowerShell
[0.623s] DEBUG:colcon.colcon_core.shell:Skip shell extension 'dsv' for command environment
[0.626s] DEBUG:colcon.colcon_core.shell:Ignoring prefix path '/opt/ros/foxy'
[0.632s] DEBUG:colcon.colcon_core.event_handler.log_command:Invoking command in '/home/devpc/Desktop/quad_ws/build/quad_interfaces': CMAKE_PREFIX_PATH=${CMAKE_PREFIX_PATH}:/home/devpc/Desktop/quad_ws/install/teleop_twist_keyboard:/home/devpc/Desktop/quad_ws/install/teleop:/home/devpc/Desktop/quad_ws/install/quad:/home/devpc/Desktop/quad_ws/install/motion_servos_calibration:/opt/ros/foxy /usr/bin/cmake --build /home/devpc/Desktop/quad_ws/build/quad_interfaces -- -j8 -l8
[0.879s] INFO:colcon.colcon_core.task.python.build:Building Python package in '/home/devpc/Desktop/quad_ws/src/teleop'
[0.880s] INFO:colcon.colcon_core.shell:Skip shell extension 'powershell' for command environment: Not usable outside of PowerShell
[0.880s] DEBUG:colcon.colcon_core.shell:Skip shell extension 'dsv' for command environment
[0.882s] DEBUG:colcon.colcon_core.shell:Ignoring prefix path '/opt/ros/foxy'
[0.890s] DEBUG:colcon.colcon_core.event_handler.log_command:Invoking command in '/home/devpc/Desktop/quad_ws/build/xacro': CMAKE_PREFIX_PATH=${CMAKE_PREFIX_PATH}:/home/devpc/Desktop/quad_ws/install/teleop_twist_keyboard:/home/devpc/Desktop/quad_ws/install/teleop:/home/devpc/Desktop/quad_ws/install/quad:/home/devpc/Desktop/quad_ws/install/motion_servos_calibration:/opt/ros/foxy /usr/bin/cmake --build /home/devpc/Desktop/quad_ws/build/xacro -- -j8 -l8
[0.903s] DEBUG:colcon.colcon_core.event_handler.log_command:Invoked command in '/home/devpc/Desktop/quad_ws/build/quad_interfaces' returned '0': CMAKE_PREFIX_PATH=${CMAKE_PREFIX_PATH}:/home/devpc/Desktop/quad_ws/install/teleop_twist_keyboard:/home/devpc/Desktop/quad_ws/install/teleop:/home/devpc/Desktop/quad_ws/install/quad:/home/devpc/Desktop/quad_ws/install/motion_servos_calibration:/opt/ros/foxy /usr/bin/cmake --build /home/devpc/Desktop/quad_ws/build/quad_interfaces -- -j8 -l8
[0.904s] DEBUG:colcon.colcon_core.event_handler.log_command:Invoking command in '/home/devpc/Desktop/quad_ws/src/quad': PYTHONPATH=/home/devpc/Desktop/quad_ws/install/quad/lib/python3.8/site-packages:${PYTHONPATH} /usr/bin/python3 setup.py egg_info --egg-base ../../build/quad build --build-base /home/devpc/Desktop/quad_ws/build/quad/build install --prefix /home/devpc/Desktop/quad_ws/install/quad --record /home/devpc/Desktop/quad_ws/build/quad/install.log --single-version-externally-managed
[0.904s] DEBUG:colcon.colcon_core.event_handler.log_command:Invoking command in '/home/devpc/Desktop/quad_ws/src/teleop': PYTHONPATH=/home/devpc/Desktop/quad_ws/install/teleop/lib/python3.8/site-packages:${PYTHONPATH} /usr/bin/python3 setup.py egg_info --egg-base ../../build/teleop build --build-base /home/devpc/Desktop/quad_ws/build/teleop/build install --prefix /home/devpc/Desktop/quad_ws/install/teleop --record /home/devpc/Desktop/quad_ws/build/teleop/install.log --single-version-externally-managed
[0.932s] DEBUG:colcon.colcon_core.event_handler.log_command:Invoked command in '/home/devpc/Desktop/quad_ws/build/xacro' returned '0': CMAKE_PREFIX_PATH=${CMAKE_PREFIX_PATH}:/home/devpc/Desktop/quad_ws/install/teleop_twist_keyboard:/home/devpc/Desktop/quad_ws/install/teleop:/home/devpc/Desktop/quad_ws/install/quad:/home/devpc/Desktop/quad_ws/install/motion_servos_calibration:/opt/ros/foxy /usr/bin/cmake --build /home/devpc/Desktop/quad_ws/build/xacro -- -j8 -l8
[0.967s] DEBUG:colcon.colcon_core.event_handler.log_command:Invoking command in '/home/devpc/Desktop/quad_ws/build/xacro': CMAKE_PREFIX_PATH=${CMAKE_PREFIX_PATH}:/home/devpc/Desktop/quad_ws/install/teleop_twist_keyboard:/home/devpc/Desktop/quad_ws/install/teleop:/home/devpc/Desktop/quad_ws/install/quad:/home/devpc/Desktop/quad_ws/install/motion_servos_calibration:/opt/ros/foxy /usr/bin/cmake --install /home/devpc/Desktop/quad_ws/build/xacro
[0.977s] DEBUG:colcon.colcon_core.event_handler.log_command:Invoking command in '/home/devpc/Desktop/quad_ws/build/quad_interfaces': CMAKE_PREFIX_PATH=${CMAKE_PREFIX_PATH}:/home/devpc/Desktop/quad_ws/install/teleop_twist_keyboard:/home/devpc/Desktop/quad_ws/install/teleop:/home/devpc/Desktop/quad_ws/install/quad:/home/devpc/Desktop/quad_ws/install/motion_servos_calibration:/opt/ros/foxy /usr/bin/cmake --install /home/devpc/Desktop/quad_ws/build/quad_interfaces
[1.025s] Level 1:colcon.colcon_core.environment:create_environment_scripts_only(xacro)
[1.026s] DEBUG:colcon.colcon_core.event_handler.log_command:Invoked command in '/home/devpc/Desktop/quad_ws/build/xacro' returned '0': CMAKE_PREFIX_PATH=${CMAKE_PREFIX_PATH}:/home/devpc/Desktop/quad_ws/install/teleop_twist_keyboard:/home/devpc/Desktop/quad_ws/install/teleop:/home/devpc/Desktop/quad_ws/install/quad:/home/devpc/Desktop/quad_ws/install/motion_servos_calibration:/opt/ros/foxy /usr/bin/cmake --install /home/devpc/Desktop/quad_ws/build/xacro
[1.029s] Level 1:colcon.colcon_core.environment:checking '/home/devpc/Desktop/quad_ws/install/xacro' for CMake module files
[1.030s] Level 1:colcon.colcon_core.environment:checking '/home/devpc/Desktop/quad_ws/install/xacro' for CMake config files
[1.030s] Level 1:colcon.colcon_core.shell:create_environment_hook('xacro', 'cmake_prefix_path')
[1.031s] INFO:colcon.colcon_core.shell:Creating environment hook '/home/devpc/Desktop/quad_ws/install/xacro/share/xacro/hook/cmake_prefix_path.ps1'
[1.032s] INFO:colcon.colcon_core.shell:Creating environment descriptor '/home/devpc/Desktop/quad_ws/install/xacro/share/xacro/hook/cmake_prefix_path.dsv'
[1.033s] INFO:colcon.colcon_core.shell:Creating environment hook '/home/devpc/Desktop/quad_ws/install/xacro/share/xacro/hook/cmake_prefix_path.sh'
[1.034s] Level 1:colcon.colcon_core.environment:checking '/home/devpc/Desktop/quad_ws/install/xacro/lib'
[1.034s] Level 1:colcon.colcon_core.environment:checking '/home/devpc/Desktop/quad_ws/install/xacro/bin'
[1.034s] Level 1:colcon.colcon_core.shell:create_environment_hook('xacro', 'path')
[1.035s] INFO:colcon.colcon_core.shell:Creating environment hook '/home/devpc/Desktop/quad_ws/install/xacro/share/xacro/hook/path.ps1'
[1.035s] INFO:colcon.colcon_core.shell:Creating environment descriptor '/home/devpc/Desktop/quad_ws/install/xacro/share/xacro/hook/path.dsv'
[1.036s] INFO:colcon.colcon_core.shell:Creating environment hook '/home/devpc/Desktop/quad_ws/install/xacro/share/xacro/hook/path.sh'
[1.036s] Level 1:colcon.colcon_core.environment:checking '/home/devpc/Desktop/quad_ws/install/xacro/lib/pkgconfig/xacro.pc'
[1.036s] Level 1:colcon.colcon_core.environment:checking '/home/devpc/Desktop/quad_ws/install/xacro/lib/python3.8/site-packages'
[1.036s] Level 1:colcon.colcon_core.shell:create_environment_hook('xacro', 'pythonpath')
[1.037s] INFO:colcon.colcon_core.shell:Creating environment hook '/home/devpc/Desktop/quad_ws/install/xacro/share/xacro/hook/pythonpath.ps1'
[1.037s] INFO:colcon.colcon_core.shell:Creating environment descriptor '/home/devpc/Desktop/quad_ws/install/xacro/share/xacro/hook/pythonpath.dsv'
[1.038s] INFO:colcon.colcon_core.shell:Creating environment hook '/home/devpc/Desktop/quad_ws/install/xacro/share/xacro/hook/pythonpath.sh'
[1.039s] INFO:colcon.colcon_core.shell:Creating package script '/home/devpc/Desktop/quad_ws/install/xacro/share/xacro/package.ps1'
[1.040s] INFO:colcon.colcon_core.shell:Creating package descriptor '/home/devpc/Desktop/quad_ws/install/xacro/share/xacro/package.dsv'
[1.041s] INFO:colcon.colcon_core.shell:Creating package script '/home/devpc/Desktop/quad_ws/install/xacro/share/xacro/package.sh'
[1.042s] INFO:colcon.colcon_core.shell:Creating package script '/home/devpc/Desktop/quad_ws/install/xacro/share/xacro/package.bash'
[1.043s] INFO:colcon.colcon_core.shell:Creating package script '/home/devpc/Desktop/quad_ws/install/xacro/share/xacro/package.zsh'
[1.043s] Level 1:colcon.colcon_core.environment:create_file_with_runtime_dependencies(/home/devpc/Desktop/quad_ws/install/xacro/share/colcon-core/packages/xacro)
[1.068s] Level 1:colcon.colcon_core.environment:create_environment_scripts_only(xacro)
[1.069s] Level 1:colcon.colcon_core.environment:checking '/home/devpc/Desktop/quad_ws/install/xacro' for CMake module files
[1.071s] Level 1:colcon.colcon_core.environment:checking '/home/devpc/Desktop/quad_ws/install/xacro' for CMake config files
[1.071s] Level 1:colcon.colcon_core.shell:create_environment_hook('xacro', 'cmake_prefix_path')
[1.072s] INFO:colcon.colcon_core.shell:Creating environment hook '/home/devpc/Desktop/quad_ws/install/xacro/share/xacro/hook/cmake_prefix_path.ps1'
[1.073s] INFO:colcon.colcon_core.shell:Creating environment descriptor '/home/devpc/Desktop/quad_ws/install/xacro/share/xacro/hook/cmake_prefix_path.dsv'
[1.073s] INFO:colcon.colcon_core.shell:Creating environment hook '/home/devpc/Desktop/quad_ws/install/xacro/share/xacro/hook/cmake_prefix_path.sh'
[1.074s] Level 1:colcon.colcon_core.environment:checking '/home/devpc/Desktop/quad_ws/install/xacro/lib'
[1.075s] Level 1:colcon.colcon_core.environment:checking '/home/devpc/Desktop/quad_ws/install/xacro/bin'
[1.075s] Level 1:colcon.colcon_core.shell:create_environment_hook('xacro', 'path')
[1.075s] INFO:colcon.colcon_core.shell:Creating environment hook '/home/devpc/Desktop/quad_ws/install/xacro/share/xacro/hook/path.ps1'
[1.076s] INFO:colcon.colcon_core.shell:Creating environment descriptor '/home/devpc/Desktop/quad_ws/install/xacro/share/xacro/hook/path.dsv'
[1.077s] INFO:colcon.colcon_core.shell:Creating environment hook '/home/devpc/Desktop/quad_ws/install/xacro/share/xacro/hook/path.sh'
[1.077s] Level 1:colcon.colcon_core.environment:checking '/home/devpc/Desktop/quad_ws/install/xacro/lib/pkgconfig/xacro.pc'
[1.077s] Level 1:colcon.colcon_core.environment:checking '/home/devpc/Desktop/quad_ws/install/xacro/lib/python3.8/site-packages'
[1.077s] Level 1:colcon.colcon_core.shell:create_environment_hook('xacro', 'pythonpath')
[1.078s] INFO:colcon.colcon_core.shell:Creating environment hook '/home/devpc/Desktop/quad_ws/install/xacro/share/xacro/hook/pythonpath.ps1'
[1.078s] INFO:colcon.colcon_core.shell:Creating environment descriptor '/home/devpc/Desktop/quad_ws/install/xacro/share/xacro/hook/pythonpath.dsv'
[1.079s] INFO:colcon.colcon_core.shell:Creating environment hook '/home/devpc/Desktop/quad_ws/install/xacro/share/xacro/hook/pythonpath.sh'
[1.080s] INFO:colcon.colcon_core.shell:Creating package script '/home/devpc/Desktop/quad_ws/install/xacro/share/xacro/package.ps1'
[1.081s] INFO:colcon.colcon_core.shell:Creating package descriptor '/home/devpc/Desktop/quad_ws/install/xacro/share/xacro/package.dsv'
[1.081s] INFO:colcon.colcon_core.shell:Creating package script '/home/devpc/Desktop/quad_ws/install/xacro/share/xacro/package.sh'
[1.082s] INFO:colcon.colcon_core.shell:Creating package script '/home/devpc/Desktop/quad_ws/install/xacro/share/xacro/package.bash'
[1.082s] INFO:colcon.colcon_core.shell:Creating package script '/home/devpc/Desktop/quad_ws/install/xacro/share/xacro/package.zsh'
[1.083s] Level 1:colcon.colcon_core.environment:create_file_with_runtime_dependencies(/home/devpc/Desktop/quad_ws/install/xacro/share/colcon-core/packages/xacro)
[1.084s] Level 1:colcon.colcon_core.environment:create_environment_scripts_only(quad_interfaces)
[1.085s] Level 1:colcon.colcon_core.environment:checking '/home/devpc/Desktop/quad_ws/install/quad_interfaces' for CMake module files
[1.086s] DEBUG:colcon.colcon_core.event_handler.log_command:Invoked command in '/home/devpc/Desktop/quad_ws/build/quad_interfaces' returned '0': CMAKE_PREFIX_PATH=${CMAKE_PREFIX_PATH}:/home/devpc/Desktop/quad_ws/install/teleop_twist_keyboard:/home/devpc/Desktop/quad_ws/install/teleop:/home/devpc/Desktop/quad_ws/install/quad:/home/devpc/Desktop/quad_ws/install/motion_servos_calibration:/opt/ros/foxy /usr/bin/cmake --install /home/devpc/Desktop/quad_ws/build/quad_interfaces
[1.086s] Level 1:colcon.colcon_core.environment:checking '/home/devpc/Desktop/quad_ws/install/quad_interfaces' for CMake config files
[1.087s] Level 1:colcon.colcon_core.shell:create_environment_hook('quad_interfaces', 'cmake_prefix_path')
[1.087s] INFO:colcon.colcon_core.shell:Creating environment hook '/home/devpc/Desktop/quad_ws/install/quad_interfaces/share/quad_interfaces/hook/cmake_prefix_path.ps1'
[1.088s] INFO:colcon.colcon_core.shell:Creating environment descriptor '/home/devpc/Desktop/quad_ws/install/quad_interfaces/share/quad_interfaces/hook/cmake_prefix_path.dsv'
[1.088s] INFO:colcon.colcon_core.shell:Creating environment hook '/home/devpc/Desktop/quad_ws/install/quad_interfaces/share/quad_interfaces/hook/cmake_prefix_path.sh'
[1.089s] Level 1:colcon.colcon_core.environment:checking '/home/devpc/Desktop/quad_ws/install/quad_interfaces/lib'
[1.089s] Level 1:colcon.colcon_core.shell:create_environment_hook('quad_interfaces', 'ld_library_path_lib')
[1.090s] INFO:colcon.colcon_core.shell:Creating environment hook '/home/devpc/Desktop/quad_ws/install/quad_interfaces/share/quad_interfaces/hook/ld_library_path_lib.ps1'
[1.090s] INFO:colcon.colcon_core.shell:Creating environment descriptor '/home/devpc/Desktop/quad_ws/install/quad_interfaces/share/quad_interfaces/hook/ld_library_path_lib.dsv'
[1.090s] INFO:colcon.colcon_core.shell:Creating environment hook '/home/devpc/Desktop/quad_ws/install/quad_interfaces/share/quad_interfaces/hook/ld_library_path_lib.sh'
[1.091s] Level 1:colcon.colcon_core.environment:checking '/home/devpc/Desktop/quad_ws/install/quad_interfaces/bin'
[1.091s] Level 1:colcon.colcon_core.environment:checking '/home/devpc/Desktop/quad_ws/install/quad_interfaces/lib/pkgconfig/quad_interfaces.pc'
[1.091s] Level 1:colcon.colcon_core.environment:checking '/home/devpc/Desktop/quad_ws/install/quad_interfaces/lib/python3.8/site-packages'
[1.091s] Level 1:colcon.colcon_core.shell:create_environment_hook('quad_interfaces', 'pythonpath')
[1.092s] INFO:colcon.colcon_core.shell:Creating environment hook '/home/devpc/Desktop/quad_ws/install/quad_interfaces/share/quad_interfaces/hook/pythonpath.ps1'
[1.092s] INFO:colcon.colcon_core.shell:Creating environment descriptor '/home/devpc/Desktop/quad_ws/install/quad_interfaces/share/quad_interfaces/hook/pythonpath.dsv'
[1.092s] INFO:colcon.colcon_core.shell:Creating environment hook '/home/devpc/Desktop/quad_ws/install/quad_interfaces/share/quad_interfaces/hook/pythonpath.sh'
[1.093s] INFO:colcon.colcon_core.shell:Creating package script '/home/devpc/Desktop/quad_ws/install/quad_interfaces/share/quad_interfaces/package.ps1'
[1.094s] INFO:colcon.colcon_core.shell:Creating package descriptor '/home/devpc/Desktop/quad_ws/install/quad_interfaces/share/quad_interfaces/package.dsv'
[1.095s] INFO:colcon.colcon_core.shell:Creating package script '/home/devpc/Desktop/quad_ws/install/quad_interfaces/share/quad_interfaces/package.sh'
[1.095s] INFO:colcon.colcon_core.shell:Creating package script '/home/devpc/Desktop/quad_ws/install/quad_interfaces/share/quad_interfaces/package.bash'
[1.096s] INFO:colcon.colcon_core.shell:Creating package script '/home/devpc/Desktop/quad_ws/install/quad_interfaces/share/quad_interfaces/package.zsh'
[1.096s] Level 1:colcon.colcon_core.environment:create_file_with_runtime_dependencies(/home/devpc/Desktop/quad_ws/install/quad_interfaces/share/colcon-core/packages/quad_interfaces)
[1.190s] Level 1:colcon.colcon_core.environment:create_environment_scripts_only(quad_interfaces)
[1.191s] Level 1:colcon.colcon_core.environment:checking '/home/devpc/Desktop/quad_ws/install/quad_interfaces' for CMake module files
[1.192s] Level 1:colcon.colcon_core.environment:checking '/home/devpc/Desktop/quad_ws/install/quad_interfaces' for CMake config files
[1.193s] Level 1:colcon.colcon_core.shell:create_environment_hook('quad_interfaces', 'cmake_prefix_path')
[1.193s] INFO:colcon.colcon_core.shell:Creating environment hook '/home/devpc/Desktop/quad_ws/install/quad_interfaces/share/quad_interfaces/hook/cmake_prefix_path.ps1'
[1.194s] INFO:colcon.colcon_core.shell:Creating environment descriptor '/home/devpc/Desktop/quad_ws/install/quad_interfaces/share/quad_interfaces/hook/cmake_prefix_path.dsv'
[1.195s] INFO:colcon.colcon_core.shell:Creating environment hook '/home/devpc/Desktop/quad_ws/install/quad_interfaces/share/quad_interfaces/hook/cmake_prefix_path.sh'
[1.195s] Level 1:colcon.colcon_core.environment:checking '/home/devpc/Desktop/quad_ws/install/quad_interfaces/lib'
[1.195s] Level 1:colcon.colcon_core.shell:create_environment_hook('quad_interfaces', 'ld_library_path_lib')
[1.196s] INFO:colcon.colcon_core.shell:Creating environment hook '/home/devpc/Desktop/quad_ws/install/quad_interfaces/share/quad_interfaces/hook/ld_library_path_lib.ps1'
[1.197s] INFO:colcon.colcon_core.shell:Creating environment descriptor '/home/devpc/Desktop/quad_ws/install/quad_interfaces/share/quad_interfaces/hook/ld_library_path_lib.dsv'
[1.197s] INFO:colcon.colcon_core.shell:Creating environment hook '/home/devpc/Desktop/quad_ws/install/quad_interfaces/share/quad_interfaces/hook/ld_library_path_lib.sh'
[1.198s] Level 1:colcon.colcon_core.environment:checking '/home/devpc/Desktop/quad_ws/install/quad_interfaces/bin'
[1.198s] Level 1:colcon.colcon_core.environment:checking '/home/devpc/Desktop/quad_ws/install/quad_interfaces/lib/pkgconfig/quad_interfaces.pc'
[1.198s] Level 1:colcon.colcon_core.environment:checking '/home/devpc/Desktop/quad_ws/install/quad_interfaces/lib/python3.8/site-packages'
[1.198s] Level 1:colcon.colcon_core.shell:create_environment_hook('quad_interfaces', 'pythonpath')
[1.199s] INFO:colcon.colcon_core.shell:Creating environment hook '/home/devpc/Desktop/quad_ws/install/quad_interfaces/share/quad_interfaces/hook/pythonpath.ps1'
[1.199s] INFO:colcon.colcon_core.shell:Creating environment descriptor '/home/devpc/Desktop/quad_ws/install/quad_interfaces/share/quad_interfaces/hook/pythonpath.dsv'
[1.200s] INFO:colcon.colcon_core.shell:Creating environment hook '/home/devpc/Desktop/quad_ws/install/quad_interfaces/share/quad_interfaces/hook/pythonpath.sh'
[1.202s] INFO:colcon.colcon_core.shell:Creating package script '/home/devpc/Desktop/quad_ws/install/quad_interfaces/share/quad_interfaces/package.ps1'
[1.202s] INFO:colcon.colcon_core.shell:Creating package descriptor '/home/devpc/Desktop/quad_ws/install/quad_interfaces/share/quad_interfaces/package.dsv'
[1.203s] INFO:colcon.colcon_core.shell:Creating package script '/home/devpc/Desktop/quad_ws/install/quad_interfaces/share/quad_interfaces/package.sh'
[1.204s] INFO:colcon.colcon_core.shell:Creating package script '/home/devpc/Desktop/quad_ws/install/quad_interfaces/share/quad_interfaces/package.bash'
[1.204s] INFO:colcon.colcon_core.shell:Creating package script '/home/devpc/Desktop/quad_ws/install/quad_interfaces/share/quad_interfaces/package.zsh'
[1.205s] Level 1:colcon.colcon_core.environment:create_file_with_runtime_dependencies(/home/devpc/Desktop/quad_ws/install/quad_interfaces/share/colcon-core/packages/quad_interfaces)
[1.256s] Level 1:colcon.colcon_core.environment:checking '/home/devpc/Desktop/quad_ws/install/teleop' for CMake module files
[1.257s] DEBUG:colcon.colcon_core.event_handler.log_command:Invoked command in '/home/devpc/Desktop/quad_ws/src/teleop' returned '0': PYTHONPATH=/home/devpc/Desktop/quad_ws/install/teleop/lib/python3.8/site-packages:${PYTHONPATH} /usr/bin/python3 setup.py egg_info --egg-base ../../build/teleop build --build-base /home/devpc/Desktop/quad_ws/build/teleop/build install --prefix /home/devpc/Desktop/quad_ws/install/teleop --record /home/devpc/Desktop/quad_ws/build/teleop/install.log --single-version-externally-managed
[1.257s] Level 1:colcon.colcon_core.environment:checking '/home/devpc/Desktop/quad_ws/install/teleop' for CMake config files
[1.258s] Level 1:colcon.colcon_core.environment:checking '/home/devpc/Desktop/quad_ws/install/teleop/lib'
[1.258s] Level 1:colcon.colcon_core.environment:checking '/home/devpc/Desktop/quad_ws/install/teleop/bin'
[1.258s] Level 1:colcon.colcon_core.environment:checking '/home/devpc/Desktop/quad_ws/install/teleop/lib/pkgconfig/teleop.pc'
[1.259s] Level 1:colcon.colcon_core.environment:checking '/home/devpc/Desktop/quad_ws/install/teleop/lib/python3.8/site-packages'
[1.259s] Level 1:colcon.colcon_core.shell:create_environment_hook('teleop', 'pythonpath')
[1.259s] INFO:colcon.colcon_core.shell:Creating environment hook '/home/devpc/Desktop/quad_ws/install/teleop/share/teleop/hook/pythonpath.ps1'
[1.260s] INFO:colcon.colcon_core.shell:Creating environment descriptor '/home/devpc/Desktop/quad_ws/install/teleop/share/teleop/hook/pythonpath.dsv'
[1.260s] INFO:colcon.colcon_core.shell:Creating environment hook '/home/devpc/Desktop/quad_ws/install/teleop/share/teleop/hook/pythonpath.sh'
[1.261s] Level 1:colcon.colcon_core.environment:create_environment_scripts_only(teleop)
[1.262s] INFO:colcon.colcon_core.shell:Creating package script '/home/devpc/Desktop/quad_ws/install/teleop/share/teleop/package.ps1'
[1.262s] INFO:colcon.colcon_core.shell:Creating package descriptor '/home/devpc/Desktop/quad_ws/install/teleop/share/teleop/package.dsv'
[1.263s] INFO:colcon.colcon_core.shell:Creating package script '/home/devpc/Desktop/quad_ws/install/teleop/share/teleop/package.sh'
[1.263s] INFO:colcon.colcon_core.shell:Creating package script '/home/devpc/Desktop/quad_ws/install/teleop/share/teleop/package.bash'
[1.264s] INFO:colcon.colcon_core.shell:Creating package script '/home/devpc/Desktop/quad_ws/install/teleop/share/teleop/package.zsh'
[1.264s] Level 1:colcon.colcon_core.environment:create_file_with_runtime_dependencies(/home/devpc/Desktop/quad_ws/install/teleop/share/colcon-core/packages/teleop)
[1.269s] Level 1:colcon.colcon_core.environment:checking '/home/devpc/Desktop/quad_ws/install/quad' for CMake module files
[1.270s] DEBUG:colcon.colcon_core.event_handler.log_command:Invoked command in '/home/devpc/Desktop/quad_ws/src/quad' returned '0': PYTHONPATH=/home/devpc/Desktop/quad_ws/install/quad/lib/python3.8/site-packages:${PYTHONPATH} /usr/bin/python3 setup.py egg_info --egg-base ../../build/quad build --build-base /home/devpc/Desktop/quad_ws/build/quad/build install --prefix /home/devpc/Desktop/quad_ws/install/quad --record /home/devpc/Desktop/quad_ws/build/quad/install.log --single-version-externally-managed
[1.270s] Level 1:colcon.colcon_core.environment:checking '/home/devpc/Desktop/quad_ws/install/quad' for CMake config files
[1.270s] Level 1:colcon.colcon_core.environment:checking '/home/devpc/Desktop/quad_ws/install/quad/lib'
[1.271s] Level 1:colcon.colcon_core.environment:checking '/home/devpc/Desktop/quad_ws/install/quad/bin'
[1.271s] Level 1:colcon.colcon_core.environment:checking '/home/devpc/Desktop/quad_ws/install/quad/lib/pkgconfig/quad.pc'
[1.271s] Level 1:colcon.colcon_core.environment:checking '/home/devpc/Desktop/quad_ws/install/quad/lib/python3.8/site-packages'
[1.271s] Level 1:colcon.colcon_core.shell:create_environment_hook('quad', 'pythonpath')
[1.271s] INFO:colcon.colcon_core.shell:Creating environment hook '/home/devpc/Desktop/quad_ws/install/quad/share/quad/hook/pythonpath.ps1'
[1.272s] INFO:colcon.colcon_core.shell:Creating environment descriptor '/home/devpc/Desktop/quad_ws/install/quad/share/quad/hook/pythonpath.dsv'
[1.272s] INFO:colcon.colcon_core.shell:Creating environment hook '/home/devpc/Desktop/quad_ws/install/quad/share/quad/hook/pythonpath.sh'
[1.272s] Level 1:colcon.colcon_core.environment:create_environment_scripts_only(quad)
[1.273s] INFO:colcon.colcon_core.shell:Creating package script '/home/devpc/Desktop/quad_ws/install/quad/share/quad/package.ps1'
[1.273s] INFO:colcon.colcon_core.shell:Creating package descriptor '/home/devpc/Desktop/quad_ws/install/quad/share/quad/package.dsv'
[1.274s] INFO:colcon.colcon_core.shell:Creating package script '/home/devpc/Desktop/quad_ws/install/quad/share/quad/package.sh'
[1.274s] INFO:colcon.colcon_core.shell:Creating package script '/home/devpc/Desktop/quad_ws/install/quad/share/quad/package.bash'
[1.274s] INFO:colcon.colcon_core.shell:Creating package script '/home/devpc/Desktop/quad_ws/install/quad/share/quad/package.zsh'
[1.275s] Level 1:colcon.colcon_core.environment:create_file_with_runtime_dependencies(/home/devpc/Desktop/quad_ws/install/quad/share/colcon-core/packages/quad)
[1.275s] DEBUG:colcon.colcon_parallel_executor.executor.parallel:closing loop
[1.275s] DEBUG:colcon.colcon_parallel_executor.executor.parallel:loop closed
[1.275s] DEBUG:colcon.colcon_parallel_executor.executor.parallel:run_until_complete finished with '0'
[1.275s] DEBUG:colcon.colcon_core.event_reactor:joining thread
[1.281s] INFO:colcon.colcon_core.plugin_system:Skipping extension 'colcon_notification.desktop_notification.terminal_notifier': Not used on non-Darwin systems
[1.281s] INFO:colcon.colcon_core.plugin_system:Skipping extension 'colcon_notification.desktop_notification.win32': Not used on non-Windows systems
[1.281s] INFO:colcon.colcon_notification.desktop_notification:Sending desktop notification using 'notify2'
[1.297s] DEBUG:colcon.colcon_core.event_reactor:joined thread
[1.298s] INFO:colcon.colcon_core.shell:Creating prefix script '/home/devpc/Desktop/quad_ws/install/local_setup.ps1'
[1.299s] INFO:colcon.colcon_core.shell:Creating prefix util module '/home/devpc/Desktop/quad_ws/install/_local_setup_util_ps1.py'
[1.300s] INFO:colcon.colcon_core.shell:Creating prefix chain script '/home/devpc/Desktop/quad_ws/install/setup.ps1'
[1.303s] INFO:colcon.colcon_core.shell:Creating prefix script '/home/devpc/Desktop/quad_ws/install/local_setup.sh'
[1.303s] INFO:colcon.colcon_core.shell:Creating prefix util module '/home/devpc/Desktop/quad_ws/install/_local_setup_util_sh.py'
[1.304s] INFO:colcon.colcon_core.shell:Creating prefix chain script '/home/devpc/Desktop/quad_ws/install/setup.sh'
[1.307s] INFO:colcon.colcon_core.shell:Creating prefix script '/home/devpc/Desktop/quad_ws/install/local_setup.bash'
[1.307s] INFO:colcon.colcon_core.shell:Creating prefix chain script '/home/devpc/Desktop/quad_ws/install/setup.bash'
[1.310s] INFO:colcon.colcon_core.shell:Creating prefix script '/home/devpc/Desktop/quad_ws/install/local_setup.zsh'
[1.311s] INFO:colcon.colcon_core.shell:Creating prefix chain script '/home/devpc/Desktop/quad_ws/install/setup.zsh'
