[  4%] Built target quad_interfaces__cpp
[ 12%] Built target quad_interfaces__rosidl_generator_c
[ 23%] Built target quad_interfaces__rosidl_typesupport_introspection_c
[ 34%] Built target quad_interfaces__rosidl_typesupport_c
[ 46%] Built target quad_interfaces__rosidl_typesupport_cpp
[ 57%] Built target quad_interfaces__rosidl_typesupport_introspection_cpp
[ 68%] Built target quad_interfaces__rosidl_typesupport_fastrtps_cpp
[ 79%] Built target quad_interfaces__rosidl_typesupport_fastrtps_c
[ 79%] Built target quad_interfaces
[ 80%] Built target quad_interfaces__py
[ 90%] Built target quad_interfaces__python
[ 93%] Built target quad_interfaces__rosidl_typesupport_fastrtps_c__pyext
[ 96%] Built target quad_interfaces__rosidl_typesupport_introspection_c__pyext
[100%] Built target quad_interfaces__rosidl_typesupport_c__pyext
-- Install configuration: ""
-- Up-to-date: /home/devpc/Desktop/quad_ws/install/quad_interfaces/share/ament_index/resource_index/rosidl_interfaces/quad_interfaces
-- Up-to-date: /home/devpc/Desktop/quad_ws/install/quad_interfaces/include/quad_interfaces
-- Up-to-date: /home/devpc/Desktop/quad_ws/install/quad_interfaces/include/quad_interfaces/msg
-- Up-to-date: /home/devpc/Desktop/quad_ws/install/quad_interfaces/include/quad_interfaces/msg/aux_servos_parameters.h
-- Up-to-date: /home/devpc/Desktop/quad_ws/install/quad_interfaces/include/quad_interfaces/msg/emergency_stop.h
-- Up-to-date: /home/devpc/Desktop/quad_ws/install/quad_interfaces/include/quad_interfaces/msg/detail
-- Up-to-date: /home/devpc/Desktop/quad_ws/install/quad_interfaces/include/quad_interfaces/msg/detail/emergency_stop__functions.h
-- Up-to-date: /home/devpc/Desktop/quad_ws/install/quad_interfaces/include/quad_interfaces/msg/detail/motion_servos_parameters__type_support.h
-- Up-to-date: /home/devpc/Desktop/quad_ws/install/quad_interfaces/include/quad_interfaces/msg/detail/motion_servos_calibration__type_support.h
-- Up-to-date: /home/devpc/Desktop/quad_ws/install/quad_interfaces/include/quad_interfaces/msg/detail/motion_servos__functions.h
-- Up-to-date: /home/devpc/Desktop/quad_ws/install/quad_interfaces/include/quad_interfaces/msg/detail/aux_servos_calibration__type_support.h
-- Up-to-date: /home/devpc/Desktop/quad_ws/install/quad_interfaces/include/quad_interfaces/msg/detail/aux_servos_parameters__functions.c
-- Up-to-date: /home/devpc/Desktop/quad_ws/install/quad_interfaces/include/quad_interfaces/msg/detail/aux_servos__functions.c
-- Up-to-date: /home/devpc/Desktop/quad_ws/install/quad_interfaces/include/quad_interfaces/msg/detail/motion_servos__functions.c
-- Up-to-date: /home/devpc/Desktop/quad_ws/install/quad_interfaces/include/quad_interfaces/msg/detail/motion_servos_parameters__functions.h
-- Up-to-date: /home/devpc/Desktop/quad_ws/install/quad_interfaces/include/quad_interfaces/msg/detail/aux_servos_parameters__type_support.h
-- Up-to-date: /home/devpc/Desktop/quad_ws/install/quad_interfaces/include/quad_interfaces/msg/detail/aux_servos__functions.h
-- Up-to-date: /home/devpc/Desktop/quad_ws/install/quad_interfaces/include/quad_interfaces/msg/detail/emergency_stop__functions.c
-- Up-to-date: /home/devpc/Desktop/quad_ws/install/quad_interfaces/include/quad_interfaces/msg/detail/motion_servos__type_support.h
-- Up-to-date: /home/devpc/Desktop/quad_ws/install/quad_interfaces/include/quad_interfaces/msg/detail/motion_servos_calibration__functions.h
-- Up-to-date: /home/devpc/Desktop/quad_ws/install/quad_interfaces/include/quad_interfaces/msg/detail/aux_servos_parameters__functions.h
-- Up-to-date: /home/devpc/Desktop/quad_ws/install/quad_interfaces/include/quad_interfaces/msg/detail/aux_servos__struct.h
-- Up-to-date: /home/devpc/Desktop/quad_ws/install/quad_interfaces/include/quad_interfaces/msg/detail/aux_servos_parameters__struct.h
-- Up-to-date: /home/devpc/Desktop/quad_ws/install/quad_interfaces/include/quad_interfaces/msg/detail/aux_servos_calibration__struct.h
-- Up-to-date: /home/devpc/Desktop/quad_ws/install/quad_interfaces/include/quad_interfaces/msg/detail/motion_servos_calibration__struct.h
-- Up-to-date: /home/devpc/Desktop/quad_ws/install/quad_interfaces/include/quad_interfaces/msg/detail/motion_servos_parameters__functions.c
-- Up-to-date: /home/devpc/Desktop/quad_ws/install/quad_interfaces/include/quad_interfaces/msg/detail/motion_servos_calibration__functions.c
-- Up-to-date: /home/devpc/Desktop/quad_ws/install/quad_interfaces/include/quad_interfaces/msg/detail/motion_servos_parameters__struct.h
-- Up-to-date: /home/devpc/Desktop/quad_ws/install/quad_interfaces/include/quad_interfaces/msg/detail/aux_servos_calibration__functions.c
-- Up-to-date: /home/devpc/Desktop/quad_ws/install/quad_interfaces/include/quad_interfaces/msg/detail/motion_servos__struct.h
-- Up-to-date: /home/devpc/Desktop/quad_ws/install/quad_interfaces/include/quad_interfaces/msg/detail/emergency_stop__struct.h
-- Up-to-date: /home/devpc/Desktop/quad_ws/install/quad_interfaces/include/quad_interfaces/msg/detail/aux_servos_calibration__functions.h
-- Up-to-date: /home/devpc/Desktop/quad_ws/install/quad_interfaces/include/quad_interfaces/msg/detail/aux_servos__type_support.h
-- Up-to-date: /home/devpc/Desktop/quad_ws/install/quad_interfaces/include/quad_interfaces/msg/detail/emergency_stop__type_support.h
-- Up-to-date: /home/devpc/Desktop/quad_ws/install/quad_interfaces/include/quad_interfaces/msg/motion_servos.h
-- Up-to-date: /home/devpc/Desktop/quad_ws/install/quad_interfaces/include/quad_interfaces/msg/motion_servos_calibration.h
-- Up-to-date: /home/devpc/Desktop/quad_ws/install/quad_interfaces/include/quad_interfaces/msg/motion_servos_parameters.h
-- Up-to-date: /home/devpc/Desktop/quad_ws/install/quad_interfaces/include/quad_interfaces/msg/aux_servos_calibration.h
-- Up-to-date: /home/devpc/Desktop/quad_ws/install/quad_interfaces/include/quad_interfaces/msg/rosidl_generator_c__visibility_control.h
-- Up-to-date: /home/devpc/Desktop/quad_ws/install/quad_interfaces/include/quad_interfaces/msg/aux_servos.h
-- Up-to-date: /home/devpc/Desktop/quad_ws/install/quad_interfaces/share/quad_interfaces/environment/library_path.sh
-- Up-to-date: /home/devpc/Desktop/quad_ws/install/quad_interfaces/share/quad_interfaces/environment/library_path.dsv
-- Up-to-date: /home/devpc/Desktop/quad_ws/install/quad_interfaces/lib/libquad_interfaces__rosidl_generator_c.so
-- Up-to-date: /home/devpc/Desktop/quad_ws/install/quad_interfaces/include/quad_interfaces
-- Up-to-date: /home/devpc/Desktop/quad_ws/install/quad_interfaces/include/quad_interfaces/msg
-- Up-to-date: /home/devpc/Desktop/quad_ws/install/quad_interfaces/include/quad_interfaces/msg/detail
-- Up-to-date: /home/devpc/Desktop/quad_ws/install/quad_interfaces/include/quad_interfaces/msg/detail/aux_servos__rosidl_typesupport_fastrtps_c.h
-- Up-to-date: /home/devpc/Desktop/quad_ws/install/quad_interfaces/include/quad_interfaces/msg/detail/motion_servos__rosidl_typesupport_fastrtps_c.h
-- Up-to-date: /home/devpc/Desktop/quad_ws/install/quad_interfaces/include/quad_interfaces/msg/detail/motion_servos_calibration__rosidl_typesupport_fastrtps_c.h
-- Up-to-date: /home/devpc/Desktop/quad_ws/install/quad_interfaces/include/quad_interfaces/msg/detail/motion_servos_parameters__rosidl_typesupport_fastrtps_c.h
-- Up-to-date: /home/devpc/Desktop/quad_ws/install/quad_interfaces/include/quad_interfaces/msg/detail/aux_servos_parameters__rosidl_typesupport_fastrtps_c.h
-- Up-to-date: /home/devpc/Desktop/quad_ws/install/quad_interfaces/include/quad_interfaces/msg/detail/emergency_stop__rosidl_typesupport_fastrtps_c.h
-- Up-to-date: /home/devpc/Desktop/quad_ws/install/quad_interfaces/include/quad_interfaces/msg/detail/aux_servos_calibration__rosidl_typesupport_fastrtps_c.h
-- Up-to-date: /home/devpc/Desktop/quad_ws/install/quad_interfaces/include/quad_interfaces/msg/rosidl_typesupport_fastrtps_c__visibility_control.h
-- Up-to-date: /home/devpc/Desktop/quad_ws/install/quad_interfaces/lib/libquad_interfaces__rosidl_typesupport_fastrtps_c.so
-- Up-to-date: /home/devpc/Desktop/quad_ws/install/quad_interfaces/include/quad_interfaces
-- Up-to-date: /home/devpc/Desktop/quad_ws/install/quad_interfaces/include/quad_interfaces/msg
-- Up-to-date: /home/devpc/Desktop/quad_ws/install/quad_interfaces/include/quad_interfaces/msg/detail
-- Up-to-date: /home/devpc/Desktop/quad_ws/install/quad_interfaces/include/quad_interfaces/msg/detail/aux_servos__rosidl_typesupport_fastrtps_cpp.hpp
-- Up-to-date: /home/devpc/Desktop/quad_ws/install/quad_interfaces/include/quad_interfaces/msg/detail/emergency_stop__rosidl_typesupport_fastrtps_cpp.hpp
-- Up-to-date: /home/devpc/Desktop/quad_ws/install/quad_interfaces/include/quad_interfaces/msg/detail/motion_servos_parameters__rosidl_typesupport_fastrtps_cpp.hpp
-- Up-to-date: /home/devpc/Desktop/quad_ws/install/quad_interfaces/include/quad_interfaces/msg/detail/aux_servos_parameters__rosidl_typesupport_fastrtps_cpp.hpp
-- Up-to-date: /home/devpc/Desktop/quad_ws/install/quad_interfaces/include/quad_interfaces/msg/detail/aux_servos_calibration__rosidl_typesupport_fastrtps_cpp.hpp
-- Up-to-date: /home/devpc/Desktop/quad_ws/install/quad_interfaces/include/quad_interfaces/msg/detail/motion_servos_calibration__rosidl_typesupport_fastrtps_cpp.hpp
-- Up-to-date: /home/devpc/Desktop/quad_ws/install/quad_interfaces/include/quad_interfaces/msg/detail/motion_servos__rosidl_typesupport_fastrtps_cpp.hpp
-- Up-to-date: /home/devpc/Desktop/quad_ws/install/quad_interfaces/include/quad_interfaces/msg/detail/dds_fastrtps
-- Up-to-date: /home/devpc/Desktop/quad_ws/install/quad_interfaces/include/quad_interfaces/msg/rosidl_typesupport_fastrtps_cpp__visibility_control.h
-- Up-to-date: /home/devpc/Desktop/quad_ws/install/quad_interfaces/lib/libquad_interfaces__rosidl_typesupport_fastrtps_cpp.so
-- Up-to-date: /home/devpc/Desktop/quad_ws/install/quad_interfaces/include/quad_interfaces
-- Up-to-date: /home/devpc/Desktop/quad_ws/install/quad_interfaces/include/quad_interfaces/msg
-- Up-to-date: /home/devpc/Desktop/quad_ws/install/quad_interfaces/include/quad_interfaces/msg/detail
-- Up-to-date: /home/devpc/Desktop/quad_ws/install/quad_interfaces/include/quad_interfaces/msg/detail/emergency_stop__type_support.c
-- Up-to-date: /home/devpc/Desktop/quad_ws/install/quad_interfaces/include/quad_interfaces/msg/detail/motion_servos_calibration__type_support.c
-- Up-to-date: /home/devpc/Desktop/quad_ws/install/quad_interfaces/include/quad_interfaces/msg/detail/aux_servos_parameters__rosidl_typesupport_introspection_c.h
-- Up-to-date: /home/devpc/Desktop/quad_ws/install/quad_interfaces/include/quad_interfaces/msg/detail/aux_servos__rosidl_typesupport_introspection_c.h
-- Up-to-date: /home/devpc/Desktop/quad_ws/install/quad_interfaces/include/quad_interfaces/msg/detail/motion_servos_parameters__rosidl_typesupport_introspection_c.h
-- Up-to-date: /home/devpc/Desktop/quad_ws/install/quad_interfaces/include/quad_interfaces/msg/detail/motion_servos_calibration__rosidl_typesupport_introspection_c.h
-- Up-to-date: /home/devpc/Desktop/quad_ws/install/quad_interfaces/include/quad_interfaces/msg/detail/motion_servos__type_support.c
-- Up-to-date: /home/devpc/Desktop/quad_ws/install/quad_interfaces/include/quad_interfaces/msg/detail/aux_servos__type_support.c
-- Up-to-date: /home/devpc/Desktop/quad_ws/install/quad_interfaces/include/quad_interfaces/msg/detail/motion_servos__rosidl_typesupport_introspection_c.h
-- Up-to-date: /home/devpc/Desktop/quad_ws/install/quad_interfaces/include/quad_interfaces/msg/detail/aux_servos_calibration__rosidl_typesupport_introspection_c.h
-- Up-to-date: /home/devpc/Desktop/quad_ws/install/quad_interfaces/include/quad_interfaces/msg/detail/emergency_stop__rosidl_typesupport_introspection_c.h
-- Up-to-date: /home/devpc/Desktop/quad_ws/install/quad_interfaces/include/quad_interfaces/msg/detail/aux_servos_parameters__type_support.c
-- Up-to-date: /home/devpc/Desktop/quad_ws/install/quad_interfaces/include/quad_interfaces/msg/detail/motion_servos_parameters__type_support.c
-- Up-to-date: /home/devpc/Desktop/quad_ws/install/quad_interfaces/include/quad_interfaces/msg/detail/aux_servos_calibration__type_support.c
-- Up-to-date: /home/devpc/Desktop/quad_ws/install/quad_interfaces/include/quad_interfaces/msg/rosidl_typesupport_introspection_c__visibility_control.h
-- Up-to-date: /home/devpc/Desktop/quad_ws/install/quad_interfaces/lib/libquad_interfaces__rosidl_typesupport_introspection_c.so
-- Up-to-date: /home/devpc/Desktop/quad_ws/install/quad_interfaces/lib/libquad_interfaces__rosidl_typesupport_c.so
-- Up-to-date: /home/devpc/Desktop/quad_ws/install/quad_interfaces/include/quad_interfaces
-- Up-to-date: /home/devpc/Desktop/quad_ws/install/quad_interfaces/include/quad_interfaces/msg
-- Up-to-date: /home/devpc/Desktop/quad_ws/install/quad_interfaces/include/quad_interfaces/msg/aux_servos_parameters.hpp
-- Up-to-date: /home/devpc/Desktop/quad_ws/install/quad_interfaces/include/quad_interfaces/msg/aux_servos_calibration.hpp
-- Up-to-date: /home/devpc/Desktop/quad_ws/install/quad_interfaces/include/quad_interfaces/msg/motion_servos_parameters.hpp
-- Up-to-date: /home/devpc/Desktop/quad_ws/install/quad_interfaces/include/quad_interfaces/msg/motion_servos.hpp
-- Up-to-date: /home/devpc/Desktop/quad_ws/install/quad_interfaces/include/quad_interfaces/msg/detail
-- Up-to-date: /home/devpc/Desktop/quad_ws/install/quad_interfaces/include/quad_interfaces/msg/detail/aux_servos_calibration__traits.hpp
-- Up-to-date: /home/devpc/Desktop/quad_ws/install/quad_interfaces/include/quad_interfaces/msg/detail/aux_servos_calibration__builder.hpp
-- Up-to-date: /home/devpc/Desktop/quad_ws/install/quad_interfaces/include/quad_interfaces/msg/detail/motion_servos__struct.hpp
-- Up-to-date: /home/devpc/Desktop/quad_ws/install/quad_interfaces/include/quad_interfaces/msg/detail/motion_servos__builder.hpp
-- Up-to-date: /home/devpc/Desktop/quad_ws/install/quad_interfaces/include/quad_interfaces/msg/detail/emergency_stop__builder.hpp
-- Up-to-date: /home/devpc/Desktop/quad_ws/install/quad_interfaces/include/quad_interfaces/msg/detail/aux_servos__struct.hpp
-- Up-to-date: /home/devpc/Desktop/quad_ws/install/quad_interfaces/include/quad_interfaces/msg/detail/motion_servos_parameters__builder.hpp
-- Up-to-date: /home/devpc/Desktop/quad_ws/install/quad_interfaces/include/quad_interfaces/msg/detail/aux_servos_parameters__struct.hpp
-- Up-to-date: /home/devpc/Desktop/quad_ws/install/quad_interfaces/include/quad_interfaces/msg/detail/aux_servos_parameters__builder.hpp
-- Up-to-date: /home/devpc/Desktop/quad_ws/install/quad_interfaces/include/quad_interfaces/msg/detail/motion_servos__traits.hpp
-- Up-to-date: /home/devpc/Desktop/quad_ws/install/quad_interfaces/include/quad_interfaces/msg/detail/emergency_stop__struct.hpp
-- Up-to-date: /home/devpc/Desktop/quad_ws/install/quad_interfaces/include/quad_interfaces/msg/detail/motion_servos_parameters__traits.hpp
-- Up-to-date: /home/devpc/Desktop/quad_ws/install/quad_interfaces/include/quad_interfaces/msg/detail/aux_servos__builder.hpp
-- Up-to-date: /home/devpc/Desktop/quad_ws/install/quad_interfaces/include/quad_interfaces/msg/detail/motion_servos_calibration__builder.hpp
-- Up-to-date: /home/devpc/Desktop/quad_ws/install/quad_interfaces/include/quad_interfaces/msg/detail/aux_servos__traits.hpp
-- Up-to-date: /home/devpc/Desktop/quad_ws/install/quad_interfaces/include/quad_interfaces/msg/detail/aux_servos_parameters__traits.hpp
-- Up-to-date: /home/devpc/Desktop/quad_ws/install/quad_interfaces/include/quad_interfaces/msg/detail/emergency_stop__traits.hpp
-- Up-to-date: /home/devpc/Desktop/quad_ws/install/quad_interfaces/include/quad_interfaces/msg/detail/motion_servos_parameters__struct.hpp
-- Up-to-date: /home/devpc/Desktop/quad_ws/install/quad_interfaces/include/quad_interfaces/msg/detail/aux_servos_calibration__struct.hpp
-- Up-to-date: /home/devpc/Desktop/quad_ws/install/quad_interfaces/include/quad_interfaces/msg/detail/motion_servos_calibration__traits.hpp
-- Up-to-date: /home/devpc/Desktop/quad_ws/install/quad_interfaces/include/quad_interfaces/msg/detail/motion_servos_calibration__struct.hpp
-- Up-to-date: /home/devpc/Desktop/quad_ws/install/quad_interfaces/include/quad_interfaces/msg/emergency_stop.hpp
-- Up-to-date: /home/devpc/Desktop/quad_ws/install/quad_interfaces/include/quad_interfaces/msg/aux_servos.hpp
-- Up-to-date: /home/devpc/Desktop/quad_ws/install/quad_interfaces/include/quad_interfaces/msg/motion_servos_calibration.hpp
-- Up-to-date: /home/devpc/Desktop/quad_ws/install/quad_interfaces/include/quad_interfaces
-- Up-to-date: /home/devpc/Desktop/quad_ws/install/quad_interfaces/include/quad_interfaces/msg
-- Up-to-date: /home/devpc/Desktop/quad_ws/install/quad_interfaces/include/quad_interfaces/msg/detail
-- Up-to-date: /home/devpc/Desktop/quad_ws/install/quad_interfaces/include/quad_interfaces/msg/detail/aux_servos_parameters__rosidl_typesupport_introspection_cpp.hpp
-- Up-to-date: /home/devpc/Desktop/quad_ws/install/quad_interfaces/include/quad_interfaces/msg/detail/motion_servos__rosidl_typesupport_introspection_cpp.hpp
-- Up-to-date: /home/devpc/Desktop/quad_ws/install/quad_interfaces/include/quad_interfaces/msg/detail/aux_servos__rosidl_typesupport_introspection_cpp.hpp
-- Up-to-date: /home/devpc/Desktop/quad_ws/install/quad_interfaces/include/quad_interfaces/msg/detail/motion_servos__type_support.cpp
-- Up-to-date: /home/devpc/Desktop/quad_ws/install/quad_interfaces/include/quad_interfaces/msg/detail/aux_servos_calibration__rosidl_typesupport_introspection_cpp.hpp
-- Up-to-date: /home/devpc/Desktop/quad_ws/install/quad_interfaces/include/quad_interfaces/msg/detail/emergency_stop__type_support.cpp
-- Up-to-date: /home/devpc/Desktop/quad_ws/install/quad_interfaces/include/quad_interfaces/msg/detail/motion_servos_calibration__rosidl_typesupport_introspection_cpp.hpp
-- Up-to-date: /home/devpc/Desktop/quad_ws/install/quad_interfaces/include/quad_interfaces/msg/detail/aux_servos_calibration__type_support.cpp
-- Up-to-date: /home/devpc/Desktop/quad_ws/install/quad_interfaces/include/quad_interfaces/msg/detail/motion_servos_parameters__rosidl_typesupport_introspection_cpp.hpp
-- Up-to-date: /home/devpc/Desktop/quad_ws/install/quad_interfaces/include/quad_interfaces/msg/detail/motion_servos_calibration__type_support.cpp
-- Up-to-date: /home/devpc/Desktop/quad_ws/install/quad_interfaces/include/quad_interfaces/msg/detail/motion_servos_parameters__type_support.cpp
-- Up-to-date: /home/devpc/Desktop/quad_ws/install/quad_interfaces/include/quad_interfaces/msg/detail/aux_servos_parameters__type_support.cpp
-- Up-to-date: /home/devpc/Desktop/quad_ws/install/quad_interfaces/include/quad_interfaces/msg/detail/aux_servos__type_support.cpp
-- Up-to-date: /home/devpc/Desktop/quad_ws/install/quad_interfaces/include/quad_interfaces/msg/detail/emergency_stop__rosidl_typesupport_introspection_cpp.hpp
-- Up-to-date: /home/devpc/Desktop/quad_ws/install/quad_interfaces/lib/libquad_interfaces__rosidl_typesupport_introspection_cpp.so
-- Up-to-date: /home/devpc/Desktop/quad_ws/install/quad_interfaces/lib/libquad_interfaces__rosidl_typesupport_cpp.so
-- Up-to-date: /home/devpc/Desktop/quad_ws/install/quad_interfaces/share/quad_interfaces/environment/pythonpath.sh
-- Up-to-date: /home/devpc/Desktop/quad_ws/install/quad_interfaces/share/quad_interfaces/environment/pythonpath.dsv
-- Up-to-date: /home/devpc/Desktop/quad_ws/install/quad_interfaces/lib/python3.8/site-packages/quad_interfaces/__init__.py
-- Up-to-date: /home/devpc/Desktop/quad_ws/install/quad_interfaces/lib/python3.8/site-packages/quad_interfaces/msg
-- Up-to-date: /home/devpc/Desktop/quad_ws/install/quad_interfaces/lib/python3.8/site-packages/quad_interfaces/msg/_aux_servos_calibration.py
-- Up-to-date: /home/devpc/Desktop/quad_ws/install/quad_interfaces/lib/python3.8/site-packages/quad_interfaces/msg/_motion_servos_parameters_s.c
-- Up-to-date: /home/devpc/Desktop/quad_ws/install/quad_interfaces/lib/python3.8/site-packages/quad_interfaces/msg/_motion_servos_parameters.py
-- Up-to-date: /home/devpc/Desktop/quad_ws/install/quad_interfaces/lib/python3.8/site-packages/quad_interfaces/msg/_emergency_stop_s.c
-- Up-to-date: /home/devpc/Desktop/quad_ws/install/quad_interfaces/lib/python3.8/site-packages/quad_interfaces/msg/_aux_servos_parameters.py
-- Up-to-date: /home/devpc/Desktop/quad_ws/install/quad_interfaces/lib/python3.8/site-packages/quad_interfaces/msg/_motion_servos_s.c
-- Up-to-date: /home/devpc/Desktop/quad_ws/install/quad_interfaces/lib/python3.8/site-packages/quad_interfaces/msg/_aux_servos.py
-- Up-to-date: /home/devpc/Desktop/quad_ws/install/quad_interfaces/lib/python3.8/site-packages/quad_interfaces/msg/_motion_servos.py
-- Up-to-date: /home/devpc/Desktop/quad_ws/install/quad_interfaces/lib/python3.8/site-packages/quad_interfaces/msg/_aux_servos_calibration_s.c
-- Up-to-date: /home/devpc/Desktop/quad_ws/install/quad_interfaces/lib/python3.8/site-packages/quad_interfaces/msg/__init__.py
-- Up-to-date: /home/devpc/Desktop/quad_ws/install/quad_interfaces/lib/python3.8/site-packages/quad_interfaces/msg/_aux_servos_s.c
-- Up-to-date: /home/devpc/Desktop/quad_ws/install/quad_interfaces/lib/python3.8/site-packages/quad_interfaces/msg/_emergency_stop.py
-- Up-to-date: /home/devpc/Desktop/quad_ws/install/quad_interfaces/lib/python3.8/site-packages/quad_interfaces/msg/_motion_servos_calibration_s.c
-- Up-to-date: /home/devpc/Desktop/quad_ws/install/quad_interfaces/lib/python3.8/site-packages/quad_interfaces/msg/_motion_servos_calibration.py
-- Up-to-date: /home/devpc/Desktop/quad_ws/install/quad_interfaces/lib/python3.8/site-packages/quad_interfaces/msg/_aux_servos_parameters_s.c
-- Up-to-date: /home/devpc/Desktop/quad_ws/install/quad_interfaces/lib/python3.8/site-packages/quad_interfaces/quad_interfaces_s__rosidl_typesupport_fastrtps_c.cpython-38-x86_64-linux-gnu.so
-- Up-to-date: /home/devpc/Desktop/quad_ws/install/quad_interfaces/lib/python3.8/site-packages/quad_interfaces/quad_interfaces_s__rosidl_typesupport_introspection_c.cpython-38-x86_64-linux-gnu.so
-- Up-to-date: /home/devpc/Desktop/quad_ws/install/quad_interfaces/lib/python3.8/site-packages/quad_interfaces/quad_interfaces_s__rosidl_typesupport_c.cpython-38-x86_64-linux-gnu.so
-- Up-to-date: /home/devpc/Desktop/quad_ws/install/quad_interfaces/lib/libquad_interfaces__python.so
-- Up-to-date: /home/devpc/Desktop/quad_ws/install/quad_interfaces/share/quad_interfaces/msg/MotionServos.idl
-- Up-to-date: /home/devpc/Desktop/quad_ws/install/quad_interfaces/share/quad_interfaces/msg/MotionServosParameters.idl
-- Up-to-date: /home/devpc/Desktop/quad_ws/install/quad_interfaces/share/quad_interfaces/msg/EmergencyStop.idl
-- Up-to-date: /home/devpc/Desktop/quad_ws/install/quad_interfaces/share/quad_interfaces/msg/AuxServos.idl
-- Up-to-date: /home/devpc/Desktop/quad_ws/install/quad_interfaces/share/quad_interfaces/msg/AuxServosParameters.idl
-- Up-to-date: /home/devpc/Desktop/quad_ws/install/quad_interfaces/share/quad_interfaces/msg/MotionServos.msg
-- Up-to-date: /home/devpc/Desktop/quad_ws/install/quad_interfaces/share/quad_interfaces/msg/MotionServosParameters.msg
-- Up-to-date: /home/devpc/Desktop/quad_ws/install/quad_interfaces/share/quad_interfaces/msg/EmergencyStop.msg
-- Up-to-date: /home/devpc/Desktop/quad_ws/install/quad_interfaces/share/quad_interfaces/msg/AuxServos.msg
-- Up-to-date: /home/devpc/Desktop/quad_ws/install/quad_interfaces/share/quad_interfaces/msg/AuxServosParameters.msg
-- Up-to-date: /home/devpc/Desktop/quad_ws/install/quad_interfaces/share/ament_index/resource_index/package_run_dependencies/quad_interfaces
-- Up-to-date: /home/devpc/Desktop/quad_ws/install/quad_interfaces/share/ament_index/resource_index/parent_prefix_path/quad_interfaces
-- Up-to-date: /home/devpc/Desktop/quad_ws/install/quad_interfaces/share/quad_interfaces/environment/ament_prefix_path.sh
-- Up-to-date: /home/devpc/Desktop/quad_ws/install/quad_interfaces/share/quad_interfaces/environment/ament_prefix_path.dsv
-- Up-to-date: /home/devpc/Desktop/quad_ws/install/quad_interfaces/share/quad_interfaces/environment/path.sh
-- Up-to-date: /home/devpc/Desktop/quad_ws/install/quad_interfaces/share/quad_interfaces/environment/path.dsv
-- Up-to-date: /home/devpc/Desktop/quad_ws/install/quad_interfaces/share/quad_interfaces/local_setup.bash
-- Up-to-date: /home/devpc/Desktop/quad_ws/install/quad_interfaces/share/quad_interfaces/local_setup.sh
-- Up-to-date: /home/devpc/Desktop/quad_ws/install/quad_interfaces/share/quad_interfaces/local_setup.zsh
-- Up-to-date: /home/devpc/Desktop/quad_ws/install/quad_interfaces/share/quad_interfaces/local_setup.dsv
-- Installing: /home/devpc/Desktop/quad_ws/install/quad_interfaces/share/quad_interfaces/package.dsv
-- Up-to-date: /home/devpc/Desktop/quad_ws/install/quad_interfaces/share/ament_index/resource_index/packages/quad_interfaces
-- Up-to-date: /home/devpc/Desktop/quad_ws/install/quad_interfaces/share/quad_interfaces/cmake/quad_interfaces__rosidl_generator_cExport.cmake
-- Up-to-date: /home/devpc/Desktop/quad_ws/install/quad_interfaces/share/quad_interfaces/cmake/quad_interfaces__rosidl_generator_cExport-noconfig.cmake
-- Up-to-date: /home/devpc/Desktop/quad_ws/install/quad_interfaces/share/quad_interfaces/cmake/quad_interfaces__rosidl_typesupport_introspection_cExport.cmake
-- Up-to-date: /home/devpc/Desktop/quad_ws/install/quad_interfaces/share/quad_interfaces/cmake/quad_interfaces__rosidl_typesupport_introspection_cExport-noconfig.cmake
-- Up-to-date: /home/devpc/Desktop/quad_ws/install/quad_interfaces/share/quad_interfaces/cmake/quad_interfaces__rosidl_typesupport_cExport.cmake
-- Up-to-date: /home/devpc/Desktop/quad_ws/install/quad_interfaces/share/quad_interfaces/cmake/quad_interfaces__rosidl_typesupport_cExport-noconfig.cmake
-- Up-to-date: /home/devpc/Desktop/quad_ws/install/quad_interfaces/share/quad_interfaces/cmake/quad_interfaces__rosidl_generator_cppExport.cmake
-- Up-to-date: /home/devpc/Desktop/quad_ws/install/quad_interfaces/share/quad_interfaces/cmake/quad_interfaces__rosidl_typesupport_introspection_cppExport.cmake
-- Up-to-date: /home/devpc/Desktop/quad_ws/install/quad_interfaces/share/quad_interfaces/cmake/quad_interfaces__rosidl_typesupport_introspection_cppExport-noconfig.cmake
-- Up-to-date: /home/devpc/Desktop/quad_ws/install/quad_interfaces/share/quad_interfaces/cmake/quad_interfaces__rosidl_typesupport_cppExport.cmake
-- Up-to-date: /home/devpc/Desktop/quad_ws/install/quad_interfaces/share/quad_interfaces/cmake/quad_interfaces__rosidl_typesupport_cppExport-noconfig.cmake
-- Up-to-date: /home/devpc/Desktop/quad_ws/install/quad_interfaces/share/quad_interfaces/cmake/rosidl_cmake-extras.cmake
-- Up-to-date: /home/devpc/Desktop/quad_ws/install/quad_interfaces/share/quad_interfaces/cmake/ament_cmake_export_dependencies-extras.cmake
-- Up-to-date: /home/devpc/Desktop/quad_ws/install/quad_interfaces/share/quad_interfaces/cmake/ament_cmake_export_libraries-extras.cmake
-- Up-to-date: /home/devpc/Desktop/quad_ws/install/quad_interfaces/share/quad_interfaces/cmake/ament_cmake_export_targets-extras.cmake
-- Up-to-date: /home/devpc/Desktop/quad_ws/install/quad_interfaces/share/quad_interfaces/cmake/ament_cmake_export_include_directories-extras.cmake
-- Up-to-date: /home/devpc/Desktop/quad_ws/install/quad_interfaces/share/quad_interfaces/cmake/rosidl_cmake_export_typesupport_libraries-extras.cmake
-- Up-to-date: /home/devpc/Desktop/quad_ws/install/quad_interfaces/share/quad_interfaces/cmake/rosidl_cmake_export_typesupport_targets-extras.cmake
-- Up-to-date: /home/devpc/Desktop/quad_ws/install/quad_interfaces/share/quad_interfaces/cmake/quad_interfacesConfig.cmake
-- Up-to-date: /home/devpc/Desktop/quad_ws/install/quad_interfaces/share/quad_interfaces/cmake/quad_interfacesConfig-version.cmake
-- Up-to-date: /home/devpc/Desktop/quad_ws/install/quad_interfaces/share/quad_interfaces/package.xml
