[0.049s] Invoking command in '/home/devpc/Desktop/microros_ws/build/lifecycle_msgs': CMAKE_PREFIX_PATH=${CMAKE_PREFIX_PATH}:/home/devpc/Desktop/quad_ws/install/quad:/opt/ros/foxy /usr/bin/cmake /home/devpc/Desktop/microros_ws/src/ros2/rcl_interfaces/lifecycle_msgs -DCMAKE_INSTALL_PREFIX=/home/devpc/Desktop/microros_ws/install/lifecycle_msgs
[0.128s] -- The C compiler identification is GNU 9.3.0
[0.201s] -- The CXX compiler identification is GNU 9.3.0
[0.209s] -- Check for working C compiler: /usr/bin/cc
[0.313s] -- Check for working C compiler: /usr/bin/cc -- works
[0.313s] -- Detecting C compiler ABI info
[0.398s] -- Detecting C compiler ABI info - done
[0.421s] -- Detecting C compile features
[0.421s] -- Detecting C compile features - done
[0.441s] -- Check for working CXX compiler: /usr/bin/c++
[0.561s] -- Check for working CXX compiler: /usr/bin/c++ -- works
[0.562s] -- Detecting CXX compiler ABI info
[0.649s] -- Detecting CXX compiler ABI info - done
[0.666s] -- Detecting CXX compile features
[0.667s] -- Detecting CXX compile features - done
[0.671s] -- Found ament_cmake: 0.9.8 (/opt/ros/foxy/share/ament_cmake/cmake)
[0.703s] -- Found PythonInterp: /usr/bin/python3 (found suitable version "3.8.10", minimum required is "3") 
[0.703s] -- Using PYTHON_EXECUTABLE: /usr/bin/python3
[1.016s] -- Found rosidl_default_generators: 1.0.1 (/opt/ros/foxy/share/rosidl_default_generators/cmake)
[1.021s] -- Using all available rosidl_typesupport_c: rosidl_typesupport_microxrcedds_c;rosidl_typesupport_fastrtps_c;rosidl_typesupport_introspection_c
[1.029s] -- Found rosidl_adapter: 1.2.1 (/opt/ros/foxy/share/rosidl_adapter/cmake)
[1.266s] -- Found OpenSSL: /usr/lib/x86_64-linux-gnu/libcrypto.so (found version "1.1.1f")  
[1.372s] -- Found FastRTPS: /opt/ros/foxy/include  
[1.642s] -- Using all available rosidl_typesupport_cpp: rosidl_typesupport_microxrcedds_cpp;rosidl_typesupport_fastrtps_cpp;rosidl_typesupport_introspection_cpp
[1.791s] -- Found PythonInterp: /usr/bin/python3 (found version "3.8.10") 
[2.198s] -- Found ament_cmake_cppcheck: 0.9.6 (/opt/ros/foxy/share/ament_cmake_cppcheck/cmake)
[2.203s] -- Found ament_cmake_cpplint: 0.9.6 (/opt/ros/foxy/share/ament_cmake_cpplint/cmake)
[2.209s] -- Found ament_cmake_uncrustify: 0.9.6 (/opt/ros/foxy/share/ament_cmake_uncrustify/cmake)
[2.218s] -- Found ament_cmake_ros: 0.9.2 (/opt/ros/foxy/share/ament_cmake_ros/cmake)
[2.444s] -- Using all available rosidl_typesupport_c: rosidl_typesupport_microxrcedds_c;rosidl_typesupport_fastrtps_c;rosidl_typesupport_introspection_c
[2.478s] -- Using all available rosidl_typesupport_cpp: rosidl_typesupport_microxrcedds_cpp;rosidl_typesupport_fastrtps_cpp;rosidl_typesupport_introspection_cpp
[2.531s] -- Found PythonInterp: /usr/bin/python3 (found suitable version "3.8.10", minimum required is "3.5") 
[2.534s] -- Found python_cmake_module: 0.8.1 (/opt/ros/foxy/share/python_cmake_module/cmake)
[2.619s] -- Found PythonLibs: /usr/lib/x86_64-linux-gnu/libpython3.8.so (found suitable version "3.8.10", minimum required is "3.5") 
[2.620s] -- Using PYTHON_EXECUTABLE: /usr/bin/python3
[2.620s] -- Using PYTHON_INCLUDE_DIRS: /usr/include/python3.8
[2.620s] -- Using PYTHON_LIBRARIES: /usr/lib/x86_64-linux-gnu/libpython3.8.so
[2.691s] -- Found PythonExtra: .so  
[2.824s] -- Found ament_cmake_flake8: 0.9.6 (/opt/ros/foxy/share/ament_cmake_flake8/cmake)
[2.828s] -- Found ament_cmake_pep257: 0.9.6 (/opt/ros/foxy/share/ament_cmake_pep257/cmake)
[2.839s] -- Found ament_lint_auto: 0.9.6 (/opt/ros/foxy/share/ament_lint_auto/cmake)
[2.882s] -- Added test 'copyright' to check source files copyright and LICENSE
[2.884s] -- Added test 'lint_cmake' to check CMake code style
[2.885s] -- Added test 'xmllint' to check XML markup files
[2.894s] -- Configuring done
[3.087s] -- Generating done
[3.106s] -- Build files have been written to: /home/devpc/Desktop/microros_ws/build/lifecycle_msgs
[3.124s] Invoked command in '/home/devpc/Desktop/microros_ws/build/lifecycle_msgs' returned '0': CMAKE_PREFIX_PATH=${CMAKE_PREFIX_PATH}:/home/devpc/Desktop/quad_ws/install/quad:/opt/ros/foxy /usr/bin/cmake /home/devpc/Desktop/microros_ws/src/ros2/rcl_interfaces/lifecycle_msgs -DCMAKE_INSTALL_PREFIX=/home/devpc/Desktop/microros_ws/install/lifecycle_msgs
[3.125s] Invoking command in '/home/devpc/Desktop/microros_ws/build/lifecycle_msgs': CMAKE_PREFIX_PATH=${CMAKE_PREFIX_PATH}:/home/devpc/Desktop/quad_ws/install/quad:/opt/ros/foxy /usr/bin/cmake --build /home/devpc/Desktop/microros_ws/build/lifecycle_msgs -- -j8 -l8
[3.280s] [  1%] [34m[1mGenerating C code for ROS interfaces[0m
[3.302s] [35m[1mScanning dependencies of target lifecycle_msgs__cpp[0m
[3.321s] [  1%] [34m[1mGenerating C++ code for ROS interfaces[0m
[7.086s] [35m[1mScanning dependencies of target lifecycle_msgs__rosidl_generator_c[0m
[7.154s] [  2%] [32mBuilding C object CMakeFiles/lifecycle_msgs__rosidl_generator_c.dir/rosidl_generator_c/lifecycle_msgs/msg/detail/transition__functions.c.o[0m
[7.164s] [  3%] [32mBuilding C object CMakeFiles/lifecycle_msgs__rosidl_generator_c.dir/rosidl_generator_c/lifecycle_msgs/msg/detail/transition_description__functions.c.o[0m
[7.165s] [  3%] [32mBuilding C object CMakeFiles/lifecycle_msgs__rosidl_generator_c.dir/rosidl_generator_c/lifecycle_msgs/msg/detail/state__functions.c.o[0m
[7.218s] [  4%] [32mBuilding C object CMakeFiles/lifecycle_msgs__rosidl_generator_c.dir/rosidl_generator_c/lifecycle_msgs/msg/detail/transition_event__functions.c.o[0m
[7.249s] [  5%] [32mBuilding C object CMakeFiles/lifecycle_msgs__rosidl_generator_c.dir/rosidl_generator_c/lifecycle_msgs/srv/detail/change_state__functions.c.o[0m
[7.274s] [  6%] [32mBuilding C object CMakeFiles/lifecycle_msgs__rosidl_generator_c.dir/rosidl_generator_c/lifecycle_msgs/srv/detail/get_available_states__functions.c.o[0m
[7.278s] [  7%] [32mBuilding C object CMakeFiles/lifecycle_msgs__rosidl_generator_c.dir/rosidl_generator_c/lifecycle_msgs/srv/detail/get_available_transitions__functions.c.o[0m
[7.298s] [  7%] Built target lifecycle_msgs__cpp
[7.338s] [  8%] [32mBuilding C object CMakeFiles/lifecycle_msgs__rosidl_generator_c.dir/rosidl_generator_c/lifecycle_msgs/srv/detail/get_state__functions.c.o[0m
[7.356s] [  9%] [34m[1mGenerating C++ type support for eProsima Micro XRCE-DDS[0m
[7.393s] [ 10%] [34m[1mGenerating C++ type support for eProsima Fast-RTPS[0m
[7.398s] [ 11%] [34m[1mGenerating C++ introspection for ROS interfaces[0m
[7.400s] [ 12%] [34m[1mGenerating C++ type support dispatch for ROS interfaces[0m
[7.441s] [ 13%] [32m[1mLinking C shared library liblifecycle_msgs__rosidl_generator_c.so[0m
[7.562s] [ 13%] Built target lifecycle_msgs__rosidl_generator_c
[7.629s] [ 14%] [34m[1mGenerating C type support dispatch for ROS interfaces[0m
[7.674s] [ 15%] [34m[1mGenerating C type support for eProsima Micro XRCE-DDS[0m
[7.674s] [ 16%] [34m[1mGenerating C introspection for ROS interfaces[0m
[9.459s] [35m[1mScanning dependencies of target lifecycle_msgs__rosidl_typesupport_cpp[0m
[9.547s] [ 17%] [32mBuilding CXX object CMakeFiles/lifecycle_msgs__rosidl_typesupport_cpp.dir/rosidl_typesupport_cpp/lifecycle_msgs/msg/state__type_support.cpp.o[0m
[9.561s] [ 18%] [32mBuilding CXX object CMakeFiles/lifecycle_msgs__rosidl_typesupport_cpp.dir/rosidl_typesupport_cpp/lifecycle_msgs/msg/transition__type_support.cpp.o[0m
[10.115s] [35m[1mScanning dependencies of target lifecycle_msgs__rosidl_typesupport_c[0m
[10.172s] [ 19%] [32mBuilding CXX object CMakeFiles/lifecycle_msgs__rosidl_typesupport_c.dir/rosidl_typesupport_c/lifecycle_msgs/msg/state__type_support.cpp.o[0m
[10.229s] [ 19%] [32mBuilding CXX object CMakeFiles/lifecycle_msgs__rosidl_typesupport_cpp.dir/rosidl_typesupport_cpp/lifecycle_msgs/msg/transition_description__type_support.cpp.o[0m
[10.297s] [ 20%] [32mBuilding CXX object CMakeFiles/lifecycle_msgs__rosidl_typesupport_c.dir/rosidl_typesupport_c/lifecycle_msgs/msg/transition__type_support.cpp.o[0m
[10.419s] [ 20%] [32mBuilding CXX object CMakeFiles/lifecycle_msgs__rosidl_typesupport_c.dir/rosidl_typesupport_c/lifecycle_msgs/msg/transition_description__type_support.cpp.o[0m
[10.425s] [35m[1mScanning dependencies of target lifecycle_msgs__rosidl_typesupport_fastrtps_cpp[0m
[10.486s] [ 21%] [32mBuilding CXX object CMakeFiles/lifecycle_msgs__rosidl_typesupport_fastrtps_cpp.dir/rosidl_typesupport_fastrtps_cpp/lifecycle_msgs/msg/detail/dds_fastrtps/state__type_support.cpp.o[0m
[10.497s] [ 22%] [32mBuilding CXX object CMakeFiles/lifecycle_msgs__rosidl_typesupport_c.dir/rosidl_typesupport_c/lifecycle_msgs/msg/transition_event__type_support.cpp.o[0m
[10.620s] [ 23%] [32mBuilding CXX object CMakeFiles/lifecycle_msgs__rosidl_typesupport_c.dir/rosidl_typesupport_c/lifecycle_msgs/srv/change_state__type_support.cpp.o[0m
[10.681s] [ 24%] [32mBuilding CXX object CMakeFiles/lifecycle_msgs__rosidl_typesupport_fastrtps_cpp.dir/rosidl_typesupport_fastrtps_cpp/lifecycle_msgs/msg/detail/dds_fastrtps/transition__type_support.cpp.o[0m
[10.749s] [ 25%] [32mBuilding CXX object CMakeFiles/lifecycle_msgs__rosidl_typesupport_c.dir/rosidl_typesupport_c/lifecycle_msgs/srv/get_available_states__type_support.cpp.o[0m
[10.866s] [ 26%] [32mBuilding CXX object CMakeFiles/lifecycle_msgs__rosidl_typesupport_c.dir/rosidl_typesupport_c/lifecycle_msgs/srv/get_available_transitions__type_support.cpp.o[0m
[10.895s] [35m[1mScanning dependencies of target lifecycle_msgs__rosidl_typesupport_introspection_cpp[0m
[10.936s] [ 27%] [32mBuilding CXX object CMakeFiles/lifecycle_msgs__rosidl_typesupport_introspection_cpp.dir/rosidl_typesupport_introspection_cpp/lifecycle_msgs/msg/detail/state__type_support.cpp.o[0m
[10.964s] [ 28%] [32mBuilding CXX object CMakeFiles/lifecycle_msgs__rosidl_typesupport_c.dir/rosidl_typesupport_c/lifecycle_msgs/srv/get_state__type_support.cpp.o[0m
[10.965s] [35m[1mScanning dependencies of target lifecycle_msgs__rosidl_typesupport_microxrcedds_c[0m
[10.976s] [ 29%] [32mBuilding CXX object CMakeFiles/lifecycle_msgs__rosidl_typesupport_cpp.dir/rosidl_typesupport_cpp/lifecycle_msgs/msg/transition_event__type_support.cpp.o[0m
[11.037s] [ 30%] [32mBuilding C object CMakeFiles/lifecycle_msgs__rosidl_typesupport_microxrcedds_c.dir/rosidl_typesupport_microxrcedds_c/lifecycle_msgs/msg/detail/microxrcedds/state__type_support_c.c.o[0m
[11.113s] [ 31%] [32m[1mLinking CXX shared library liblifecycle_msgs__rosidl_typesupport_c.so[0m
[11.154s] [ 32%] [32mBuilding C object CMakeFiles/lifecycle_msgs__rosidl_typesupport_microxrcedds_c.dir/rosidl_typesupport_microxrcedds_c/lifecycle_msgs/msg/detail/microxrcedds/transition__type_support_c.c.o[0m
[11.188s] [35m[1mScanning dependencies of target lifecycle_msgs__rosidl_typesupport_microxrcedds_cpp[0m
[11.221s] [ 32%] Built target lifecycle_msgs__rosidl_typesupport_c
[11.238s] [ 33%] [32mBuilding CXX object CMakeFiles/lifecycle_msgs__rosidl_typesupport_microxrcedds_cpp.dir/rosidl_typesupport_microxrcedds_cpp/lifecycle_msgs/msg/detail/microxrcedds/state__type_support_cpp.cpp.o[0m
[11.253s] [ 34%] [32mBuilding CXX object CMakeFiles/lifecycle_msgs__rosidl_typesupport_introspection_cpp.dir/rosidl_typesupport_introspection_cpp/lifecycle_msgs/msg/detail/transition__type_support.cpp.o[0m
[11.253s] [35m[1mScanning dependencies of target lifecycle_msgs__rosidl_typesupport_introspection_c[0m
[11.298s] [ 35%] [32mBuilding C object CMakeFiles/lifecycle_msgs__rosidl_typesupport_microxrcedds_c.dir/rosidl_typesupport_microxrcedds_c/lifecycle_msgs/msg/detail/microxrcedds/transition_description__type_support_c.c.o[0m
[11.313s] [ 36%] [32mBuilding C object CMakeFiles/lifecycle_msgs__rosidl_typesupport_introspection_c.dir/rosidl_typesupport_introspection_c/lifecycle_msgs/msg/detail/state__type_support.c.o[0m
[11.412s] [ 37%] [32mBuilding CXX object CMakeFiles/lifecycle_msgs__rosidl_typesupport_fastrtps_cpp.dir/rosidl_typesupport_fastrtps_cpp/lifecycle_msgs/msg/detail/dds_fastrtps/transition_description__type_support.cpp.o[0m
[11.425s] [ 38%] [32mBuilding C object CMakeFiles/lifecycle_msgs__rosidl_typesupport_microxrcedds_c.dir/rosidl_typesupport_microxrcedds_c/lifecycle_msgs/msg/detail/microxrcedds/transition_event__type_support_c.c.o[0m
[11.469s] [ 39%] [32mBuilding C object CMakeFiles/lifecycle_msgs__rosidl_typesupport_introspection_c.dir/rosidl_typesupport_introspection_c/lifecycle_msgs/msg/detail/transition__type_support.c.o[0m
[11.493s] [ 40%] [32mBuilding C object CMakeFiles/lifecycle_msgs__rosidl_typesupport_microxrcedds_c.dir/rosidl_typesupport_microxrcedds_c/lifecycle_msgs/srv/detail/microxrcedds/change_state__type_support_c.c.o[0m
[11.531s] [ 41%] [32mBuilding CXX object CMakeFiles/lifecycle_msgs__rosidl_typesupport_fastrtps_cpp.dir/rosidl_typesupport_fastrtps_cpp/lifecycle_msgs/msg/detail/dds_fastrtps/transition_event__type_support.cpp.o[0m
[11.544s] [ 42%] [32mBuilding C object CMakeFiles/lifecycle_msgs__rosidl_typesupport_introspection_c.dir/rosidl_typesupport_introspection_c/lifecycle_msgs/msg/detail/transition_description__type_support.c.o[0m
[11.552s] [ 43%] [32mBuilding CXX object CMakeFiles/lifecycle_msgs__rosidl_typesupport_cpp.dir/rosidl_typesupport_cpp/lifecycle_msgs/srv/change_state__type_support.cpp.o[0m
[11.586s] [ 44%] [32mBuilding C object CMakeFiles/lifecycle_msgs__rosidl_typesupport_microxrcedds_c.dir/rosidl_typesupport_microxrcedds_c/lifecycle_msgs/srv/detail/microxrcedds/get_available_states__type_support_c.c.o[0m
[11.659s] [ 45%] [32mBuilding CXX object CMakeFiles/lifecycle_msgs__rosidl_typesupport_cpp.dir/rosidl_typesupport_cpp/lifecycle_msgs/srv/get_available_states__type_support.cpp.o[0m
[11.670s] [ 46%] [32mBuilding C object CMakeFiles/lifecycle_msgs__rosidl_typesupport_introspection_c.dir/rosidl_typesupport_introspection_c/lifecycle_msgs/msg/detail/transition_event__type_support.c.o[0m
[11.733s] [ 47%] [32mBuilding C object CMakeFiles/lifecycle_msgs__rosidl_typesupport_microxrcedds_c.dir/rosidl_typesupport_microxrcedds_c/lifecycle_msgs/srv/detail/microxrcedds/get_available_transitions__type_support_c.c.o[0m
[11.837s] [ 48%] [32mBuilding C object CMakeFiles/lifecycle_msgs__rosidl_typesupport_introspection_c.dir/rosidl_typesupport_introspection_c/lifecycle_msgs/srv/detail/change_state__type_support.c.o[0m
[11.916s] [ 49%] [32mBuilding CXX object CMakeFiles/lifecycle_msgs__rosidl_typesupport_microxrcedds_cpp.dir/rosidl_typesupport_microxrcedds_cpp/lifecycle_msgs/msg/detail/microxrcedds/transition__type_support_cpp.cpp.o[0m
[11.921s] [ 50%] [32mBuilding C object CMakeFiles/lifecycle_msgs__rosidl_typesupport_microxrcedds_c.dir/rosidl_typesupport_microxrcedds_c/lifecycle_msgs/srv/detail/microxrcedds/get_state__type_support_c.c.o[0m
[12.000s] [ 51%] [32mBuilding C object CMakeFiles/lifecycle_msgs__rosidl_typesupport_introspection_c.dir/rosidl_typesupport_introspection_c/lifecycle_msgs/srv/detail/get_available_states__type_support.c.o[0m
[12.017s] [ 52%] [32mBuilding CXX object CMakeFiles/lifecycle_msgs__rosidl_typesupport_introspection_cpp.dir/rosidl_typesupport_introspection_cpp/lifecycle_msgs/msg/detail/transition_description__type_support.cpp.o[0m
[12.125s] [ 52%] [32mBuilding C object CMakeFiles/lifecycle_msgs__rosidl_typesupport_introspection_c.dir/rosidl_typesupport_introspection_c/lifecycle_msgs/srv/detail/get_available_transitions__type_support.c.o[0m
[12.145s] [ 52%] [32m[1mLinking C shared library liblifecycle_msgs__rosidl_typesupport_microxrcedds_c.so[0m
[12.245s] [ 53%] [32mBuilding C object CMakeFiles/lifecycle_msgs__rosidl_typesupport_introspection_c.dir/rosidl_typesupport_introspection_c/lifecycle_msgs/srv/detail/get_state__type_support.c.o[0m
[12.276s] [ 53%] Built target lifecycle_msgs__rosidl_typesupport_microxrcedds_c
[12.308s] [ 54%] [32mBuilding CXX object CMakeFiles/lifecycle_msgs__rosidl_typesupport_microxrcedds_cpp.dir/rosidl_typesupport_microxrcedds_cpp/lifecycle_msgs/msg/detail/microxrcedds/transition_description__type_support_cpp.cpp.o[0m
[12.385s] [ 55%] [32m[1mLinking C shared library liblifecycle_msgs__rosidl_typesupport_introspection_c.so[0m
[12.411s] [ 56%] [32mBuilding CXX object CMakeFiles/lifecycle_msgs__rosidl_typesupport_cpp.dir/rosidl_typesupport_cpp/lifecycle_msgs/srv/get_available_transitions__type_support.cpp.o[0m
[12.449s] [ 56%] [32mBuilding CXX object CMakeFiles/lifecycle_msgs__rosidl_typesupport_fastrtps_cpp.dir/rosidl_typesupport_fastrtps_cpp/lifecycle_msgs/srv/detail/dds_fastrtps/change_state__type_support.cpp.o[0m
[12.517s] [ 56%] Built target lifecycle_msgs__rosidl_typesupport_introspection_c
[12.518s] [ 57%] [32mBuilding CXX object CMakeFiles/lifecycle_msgs__rosidl_typesupport_fastrtps_cpp.dir/rosidl_typesupport_fastrtps_cpp/lifecycle_msgs/srv/detail/dds_fastrtps/get_available_states__type_support.cpp.o[0m
[12.556s] [ 58%] [32mBuilding CXX object CMakeFiles/lifecycle_msgs__rosidl_typesupport_fastrtps_cpp.dir/rosidl_typesupport_fastrtps_cpp/lifecycle_msgs/srv/detail/dds_fastrtps/get_available_transitions__type_support.cpp.o[0m
[12.685s] [ 59%] [32mBuilding CXX object CMakeFiles/lifecycle_msgs__rosidl_typesupport_introspection_cpp.dir/rosidl_typesupport_introspection_cpp/lifecycle_msgs/msg/detail/transition_event__type_support.cpp.o[0m
[12.757s] [ 60%] [32mBuilding CXX object CMakeFiles/lifecycle_msgs__rosidl_typesupport_introspection_cpp.dir/rosidl_typesupport_introspection_cpp/lifecycle_msgs/srv/detail/change_state__type_support.cpp.o[0m
[12.852s] [ 61%] [32mBuilding CXX object CMakeFiles/lifecycle_msgs__rosidl_typesupport_fastrtps_cpp.dir/rosidl_typesupport_fastrtps_cpp/lifecycle_msgs/srv/detail/dds_fastrtps/get_state__type_support.cpp.o[0m
[12.966s] [ 62%] [32mBuilding CXX object CMakeFiles/lifecycle_msgs__rosidl_typesupport_microxrcedds_cpp.dir/rosidl_typesupport_microxrcedds_cpp/lifecycle_msgs/msg/detail/microxrcedds/transition_event__type_support_cpp.cpp.o[0m
[13.256s] [ 63%] [32mBuilding CXX object CMakeFiles/lifecycle_msgs__rosidl_typesupport_cpp.dir/rosidl_typesupport_cpp/lifecycle_msgs/srv/get_state__type_support.cpp.o[0m
[13.310s] [ 64%] [32mBuilding CXX object CMakeFiles/lifecycle_msgs__rosidl_typesupport_microxrcedds_cpp.dir/rosidl_typesupport_microxrcedds_cpp/lifecycle_msgs/srv/detail/microxrcedds/change_state__type_support_cpp.cpp.o[0m
[13.361s] [ 65%] [32mBuilding CXX object CMakeFiles/lifecycle_msgs__rosidl_typesupport_microxrcedds_cpp.dir/rosidl_typesupport_microxrcedds_cpp/lifecycle_msgs/srv/detail/microxrcedds/get_available_states__type_support_cpp.cpp.o[0m
[13.529s] [ 66%] [32mBuilding CXX object CMakeFiles/lifecycle_msgs__rosidl_typesupport_introspection_cpp.dir/rosidl_typesupport_introspection_cpp/lifecycle_msgs/srv/detail/get_available_states__type_support.cpp.o[0m
[13.621s] [ 67%] [32mBuilding CXX object CMakeFiles/lifecycle_msgs__rosidl_typesupport_microxrcedds_cpp.dir/rosidl_typesupport_microxrcedds_cpp/lifecycle_msgs/srv/detail/microxrcedds/get_available_transitions__type_support_cpp.cpp.o[0m
[13.713s] [ 68%] [32mBuilding CXX object CMakeFiles/lifecycle_msgs__rosidl_typesupport_microxrcedds_cpp.dir/rosidl_typesupport_microxrcedds_cpp/lifecycle_msgs/srv/detail/microxrcedds/get_state__type_support_cpp.cpp.o[0m
[13.931s] [ 68%] [32mBuilding CXX object CMakeFiles/lifecycle_msgs__rosidl_typesupport_introspection_cpp.dir/rosidl_typesupport_introspection_cpp/lifecycle_msgs/srv/detail/get_available_transitions__type_support.cpp.o[0m
[14.030s] [ 69%] [32m[1mLinking CXX shared library liblifecycle_msgs__rosidl_typesupport_fastrtps_cpp.so[0m
[14.079s] [ 70%] [32mBuilding CXX object CMakeFiles/lifecycle_msgs__rosidl_typesupport_introspection_cpp.dir/rosidl_typesupport_introspection_cpp/lifecycle_msgs/srv/detail/get_state__type_support.cpp.o[0m
[14.120s] [ 71%] [32m[1mLinking CXX shared library liblifecycle_msgs__rosidl_typesupport_cpp.so[0m
[14.181s] [ 71%] Built target lifecycle_msgs__rosidl_typesupport_cpp
[14.234s] [ 71%] Built target lifecycle_msgs__rosidl_typesupport_fastrtps_cpp
[14.266s] [ 72%] [34m[1mGenerating C type support for eProsima Fast-RTPS[0m
[14.489s] [ 73%] [32m[1mLinking CXX shared library liblifecycle_msgs__rosidl_typesupport_microxrcedds_cpp.so[0m
[14.651s] [ 73%] Built target lifecycle_msgs__rosidl_typesupport_microxrcedds_cpp
[14.698s] [ 74%] [32m[1mLinking CXX shared library liblifecycle_msgs__rosidl_typesupport_introspection_cpp.so[0m
[14.827s] [ 74%] Built target lifecycle_msgs__rosidl_typesupport_introspection_cpp
[16.345s] [35m[1mScanning dependencies of target lifecycle_msgs__rosidl_typesupport_fastrtps_c[0m
[16.379s] [ 75%] [32mBuilding CXX object CMakeFiles/lifecycle_msgs__rosidl_typesupport_fastrtps_c.dir/rosidl_typesupport_fastrtps_c/lifecycle_msgs/msg/detail/state__type_support_c.cpp.o[0m
[16.390s] [ 77%] [32mBuilding CXX object CMakeFiles/lifecycle_msgs__rosidl_typesupport_fastrtps_c.dir/rosidl_typesupport_fastrtps_c/lifecycle_msgs/msg/detail/transition_event__type_support_c.cpp.o[0m
[16.391s] [ 77%] [32mBuilding CXX object CMakeFiles/lifecycle_msgs__rosidl_typesupport_fastrtps_c.dir/rosidl_typesupport_fastrtps_c/lifecycle_msgs/msg/detail/transition__type_support_c.cpp.o[0m
[16.402s] [ 77%] [32mBuilding CXX object CMakeFiles/lifecycle_msgs__rosidl_typesupport_fastrtps_c.dir/rosidl_typesupport_fastrtps_c/lifecycle_msgs/srv/detail/change_state__type_support_c.cpp.o[0m
[16.409s] [ 78%] [32mBuilding CXX object CMakeFiles/lifecycle_msgs__rosidl_typesupport_fastrtps_c.dir/rosidl_typesupport_fastrtps_c/lifecycle_msgs/msg/detail/transition_description__type_support_c.cpp.o[0m
[16.410s] [ 79%] [32mBuilding CXX object CMakeFiles/lifecycle_msgs__rosidl_typesupport_fastrtps_c.dir/rosidl_typesupport_fastrtps_c/lifecycle_msgs/srv/detail/get_state__type_support_c.cpp.o[0m
[16.417s] [ 80%] [32mBuilding CXX object CMakeFiles/lifecycle_msgs__rosidl_typesupport_fastrtps_c.dir/rosidl_typesupport_fastrtps_c/lifecycle_msgs/srv/detail/get_available_transitions__type_support_c.cpp.o[0m
[16.441s] [ 81%] [32mBuilding CXX object CMakeFiles/lifecycle_msgs__rosidl_typesupport_fastrtps_c.dir/rosidl_typesupport_fastrtps_c/lifecycle_msgs/srv/detail/get_available_states__type_support_c.cpp.o[0m
[17.470s] [ 82%] [32m[1mLinking CXX shared library liblifecycle_msgs__rosidl_typesupport_fastrtps_c.so[0m
[17.580s] [ 82%] Built target lifecycle_msgs__rosidl_typesupport_fastrtps_c
[17.595s] [35m[1mScanning dependencies of target lifecycle_msgs[0m
[17.609s] [ 82%] Built target lifecycle_msgs
[17.623s] [35m[1mScanning dependencies of target lifecycle_msgs__py[0m
[17.638s] [ 83%] [34m[1mGenerating Python code for ROS interfaces[0m
[22.649s] [ 83%] Built target lifecycle_msgs__py
[22.718s] [35m[1mScanning dependencies of target lifecycle_msgs__python[0m
[22.895s] [ 84%] [32mBuilding C object CMakeFiles/lifecycle_msgs__python.dir/rosidl_generator_py/lifecycle_msgs/msg/_transition_description_s.c.o[0m
[22.898s] [ 85%] [32mBuilding C object CMakeFiles/lifecycle_msgs__python.dir/rosidl_generator_py/lifecycle_msgs/msg/_state_s.c.o[0m
[22.901s] [ 86%] [32mBuilding C object CMakeFiles/lifecycle_msgs__python.dir/rosidl_generator_py/lifecycle_msgs/msg/_transition_s.c.o[0m
[22.925s] [ 87%] [32mBuilding C object CMakeFiles/lifecycle_msgs__python.dir/rosidl_generator_py/lifecycle_msgs/msg/_transition_event_s.c.o[0m
[22.985s] [ 88%] [32mBuilding C object CMakeFiles/lifecycle_msgs__python.dir/rosidl_generator_py/lifecycle_msgs/srv/_change_state_s.c.o[0m
[23.059s] [ 89%] [32mBuilding C object CMakeFiles/lifecycle_msgs__python.dir/rosidl_generator_py/lifecycle_msgs/srv/_get_available_states_s.c.o[0m
[23.082s] [ 90%] [32mBuilding C object CMakeFiles/lifecycle_msgs__python.dir/rosidl_generator_py/lifecycle_msgs/srv/_get_available_transitions_s.c.o[0m
[23.099s] [ 91%] [32mBuilding C object CMakeFiles/lifecycle_msgs__python.dir/rosidl_generator_py/lifecycle_msgs/srv/_get_state_s.c.o[0m
[23.589s] [ 92%] [32m[1mLinking C shared library rosidl_generator_py/lifecycle_msgs/liblifecycle_msgs__python.so[0m
[23.751s] [ 92%] Built target lifecycle_msgs__python
[23.809s] [35m[1mScanning dependencies of target lifecycle_msgs__rosidl_typesupport_introspection_c__pyext[0m
[23.832s] [35m[1mScanning dependencies of target lifecycle_msgs__rosidl_typesupport_fastrtps_c__pyext[0m
[23.842s] [ 93%] [32mBuilding C object CMakeFiles/lifecycle_msgs__rosidl_typesupport_introspection_c__pyext.dir/rosidl_generator_py/lifecycle_msgs/_lifecycle_msgs_s.ep.rosidl_typesupport_introspection_c.c.o[0m
[23.854s] [35m[1mScanning dependencies of target lifecycle_msgs__rosidl_typesupport_microxrcedds_c__pyext[0m
[23.860s] [35m[1mScanning dependencies of target lifecycle_msgs__rosidl_typesupport_c__pyext[0m
[23.966s] [ 94%] [32mBuilding C object CMakeFiles/lifecycle_msgs__rosidl_typesupport_fastrtps_c__pyext.dir/rosidl_generator_py/lifecycle_msgs/_lifecycle_msgs_s.ep.rosidl_typesupport_fastrtps_c.c.o[0m
[23.982s] [ 95%] [32mBuilding C object CMakeFiles/lifecycle_msgs__rosidl_typesupport_microxrcedds_c__pyext.dir/rosidl_generator_py/lifecycle_msgs/_lifecycle_msgs_s.ep.rosidl_typesupport_microxrcedds_c.c.o[0m
[24.026s] [ 96%] [32mBuilding C object CMakeFiles/lifecycle_msgs__rosidl_typesupport_c__pyext.dir/rosidl_generator_py/lifecycle_msgs/_lifecycle_msgs_s.ep.rosidl_typesupport_c.c.o[0m
[24.560s] [ 97%] [32m[1mLinking C shared library rosidl_generator_py/lifecycle_msgs/lifecycle_msgs_s__rosidl_typesupport_introspection_c.cpython-38-x86_64-linux-gnu.so[0m
[24.566s] [ 98%] [32m[1mLinking CXX shared library rosidl_generator_py/lifecycle_msgs/lifecycle_msgs_s__rosidl_typesupport_fastrtps_c.cpython-38-x86_64-linux-gnu.so[0m
[24.783s] [ 98%] Built target lifecycle_msgs__rosidl_typesupport_introspection_c__pyext
[24.809s] [ 99%] [32m[1mLinking C shared library rosidl_generator_py/lifecycle_msgs/lifecycle_msgs_s__rosidl_typesupport_microxrcedds_c.cpython-38-x86_64-linux-gnu.so[0m
[24.907s] [100%] [32m[1mLinking C shared library rosidl_generator_py/lifecycle_msgs/lifecycle_msgs_s__rosidl_typesupport_c.cpython-38-x86_64-linux-gnu.so[0m
[25.033s] [100%] Built target lifecycle_msgs__rosidl_typesupport_fastrtps_c__pyext
[25.144s] [100%] Built target lifecycle_msgs__rosidl_typesupport_c__pyext
[25.185s] [100%] Built target lifecycle_msgs__rosidl_typesupport_microxrcedds_c__pyext
[25.231s] Invoked command in '/home/devpc/Desktop/microros_ws/build/lifecycle_msgs' returned '0': CMAKE_PREFIX_PATH=${CMAKE_PREFIX_PATH}:/home/devpc/Desktop/quad_ws/install/quad:/opt/ros/foxy /usr/bin/cmake --build /home/devpc/Desktop/microros_ws/build/lifecycle_msgs -- -j8 -l8
[30.843s] Invoking command in '/home/devpc/Desktop/microros_ws/build/lifecycle_msgs': CMAKE_PREFIX_PATH=${CMAKE_PREFIX_PATH}:/home/devpc/Desktop/quad_ws/install/quad:/opt/ros/foxy /usr/bin/cmake --install /home/devpc/Desktop/microros_ws/build/lifecycle_msgs
[36.703s] -- Install configuration: ""
[36.703s] -- Installing: /home/devpc/Desktop/microros_ws/install/lifecycle_msgs/share/ament_index/resource_index/rosidl_interfaces/lifecycle_msgs
[36.703s] -- Installing: /home/devpc/Desktop/microros_ws/install/lifecycle_msgs/include/lifecycle_msgs
[36.703s] -- Installing: /home/devpc/Desktop/microros_ws/install/lifecycle_msgs/include/lifecycle_msgs/msg
[36.704s] -- Installing: /home/devpc/Desktop/microros_ws/install/lifecycle_msgs/include/lifecycle_msgs/msg/detail
[36.704s] -- Installing: /home/devpc/Desktop/microros_ws/install/lifecycle_msgs/include/lifecycle_msgs/msg/detail/transition__functions.h
[36.704s] -- Installing: /home/devpc/Desktop/microros_ws/install/lifecycle_msgs/include/lifecycle_msgs/msg/detail/transition_description__functions.h
[36.704s] -- Installing: /home/devpc/Desktop/microros_ws/install/lifecycle_msgs/include/lifecycle_msgs/msg/detail/state__functions.c
[36.704s] -- Installing: /home/devpc/Desktop/microros_ws/install/lifecycle_msgs/include/lifecycle_msgs/msg/detail/state__functions.h
[36.704s] -- Installing: /home/devpc/Desktop/microros_ws/install/lifecycle_msgs/include/lifecycle_msgs/msg/detail/transition_event__functions.h
[36.704s] -- Installing: /home/devpc/Desktop/microros_ws/install/lifecycle_msgs/include/lifecycle_msgs/msg/detail/transition__type_support.h
[36.704s] -- Installing: /home/devpc/Desktop/microros_ws/install/lifecycle_msgs/include/lifecycle_msgs/msg/detail/transition_description__type_support.h
[36.705s] -- Installing: /home/devpc/Desktop/microros_ws/install/lifecycle_msgs/include/lifecycle_msgs/msg/detail/transition_event__functions.c
[36.705s] -- Installing: /home/devpc/Desktop/microros_ws/install/lifecycle_msgs/include/lifecycle_msgs/msg/detail/state__type_support.h
[36.705s] -- Installing: /home/devpc/Desktop/microros_ws/install/lifecycle_msgs/include/lifecycle_msgs/msg/detail/transition_event__struct.h
[36.705s] -- Installing: /home/devpc/Desktop/microros_ws/install/lifecycle_msgs/include/lifecycle_msgs/msg/detail/transition_description__struct.h
[36.705s] -- Installing: /home/devpc/Desktop/microros_ws/install/lifecycle_msgs/include/lifecycle_msgs/msg/detail/transition_description__functions.c
[36.705s] -- Installing: /home/devpc/Desktop/microros_ws/install/lifecycle_msgs/include/lifecycle_msgs/msg/detail/transition_event__type_support.h
[36.705s] -- Installing: /home/devpc/Desktop/microros_ws/install/lifecycle_msgs/include/lifecycle_msgs/msg/detail/transition__struct.h
[36.705s] -- Installing: /home/devpc/Desktop/microros_ws/install/lifecycle_msgs/include/lifecycle_msgs/msg/detail/transition__functions.c
[36.706s] -- Installing: /home/devpc/Desktop/microros_ws/install/lifecycle_msgs/include/lifecycle_msgs/msg/detail/state__struct.h
[36.706s] -- Installing: /home/devpc/Desktop/microros_ws/install/lifecycle_msgs/include/lifecycle_msgs/msg/state.h
[36.706s] -- Installing: /home/devpc/Desktop/microros_ws/install/lifecycle_msgs/include/lifecycle_msgs/msg/transition_description.h
[36.706s] -- Installing: /home/devpc/Desktop/microros_ws/install/lifecycle_msgs/include/lifecycle_msgs/msg/transition.h
[36.706s] -- Installing: /home/devpc/Desktop/microros_ws/install/lifecycle_msgs/include/lifecycle_msgs/msg/rosidl_generator_c__visibility_control.h
[36.706s] -- Installing: /home/devpc/Desktop/microros_ws/install/lifecycle_msgs/include/lifecycle_msgs/msg/transition_event.h
[36.706s] -- Installing: /home/devpc/Desktop/microros_ws/install/lifecycle_msgs/include/lifecycle_msgs/srv
[36.706s] -- Installing: /home/devpc/Desktop/microros_ws/install/lifecycle_msgs/include/lifecycle_msgs/srv/detail
[36.707s] -- Installing: /home/devpc/Desktop/microros_ws/install/lifecycle_msgs/include/lifecycle_msgs/srv/detail/get_available_transitions__functions.c
[36.707s] -- Installing: /home/devpc/Desktop/microros_ws/install/lifecycle_msgs/include/lifecycle_msgs/srv/detail/get_available_transitions__type_support.h
[36.707s] -- Installing: /home/devpc/Desktop/microros_ws/install/lifecycle_msgs/include/lifecycle_msgs/srv/detail/change_state__functions.c
[36.707s] -- Installing: /home/devpc/Desktop/microros_ws/install/lifecycle_msgs/include/lifecycle_msgs/srv/detail/get_available_states__type_support.h
[36.707s] -- Installing: /home/devpc/Desktop/microros_ws/install/lifecycle_msgs/include/lifecycle_msgs/srv/detail/get_state__struct.h
[36.720s] -- Installing: /home/devpc/Desktop/microros_ws/install/lifecycle_msgs/include/lifecycle_msgs/srv/detail/change_state__functions.h
[36.720s] -- Installing: /home/devpc/Desktop/microros_ws/install/lifecycle_msgs/include/lifecycle_msgs/srv/detail/get_available_transitions__struct.h
[36.720s] -- Installing: /home/devpc/Desktop/microros_ws/install/lifecycle_msgs/include/lifecycle_msgs/srv/detail/get_state__type_support.h
[36.720s] -- Installing: /home/devpc/Desktop/microros_ws/install/lifecycle_msgs/include/lifecycle_msgs/srv/detail/get_available_transitions__functions.h
[36.720s] -- Installing: /home/devpc/Desktop/microros_ws/install/lifecycle_msgs/include/lifecycle_msgs/srv/detail/get_state__functions.c
[36.720s] -- Installing: /home/devpc/Desktop/microros_ws/install/lifecycle_msgs/include/lifecycle_msgs/srv/detail/get_available_states__struct.h
[36.721s] -- Installing: /home/devpc/Desktop/microros_ws/install/lifecycle_msgs/include/lifecycle_msgs/srv/detail/change_state__struct.h
[36.721s] -- Installing: /home/devpc/Desktop/microros_ws/install/lifecycle_msgs/include/lifecycle_msgs/srv/detail/get_available_states__functions.h
[36.721s] -- Installing: /home/devpc/Desktop/microros_ws/install/lifecycle_msgs/include/lifecycle_msgs/srv/detail/get_state__functions.h
[36.721s] -- Installing: /home/devpc/Desktop/microros_ws/install/lifecycle_msgs/include/lifecycle_msgs/srv/detail/get_available_states__functions.c
[36.721s] -- Installing: /home/devpc/Desktop/microros_ws/install/lifecycle_msgs/include/lifecycle_msgs/srv/detail/change_state__type_support.h
[36.721s] -- Installing: /home/devpc/Desktop/microros_ws/install/lifecycle_msgs/include/lifecycle_msgs/srv/get_state.h
[36.721s] -- Installing: /home/devpc/Desktop/microros_ws/install/lifecycle_msgs/include/lifecycle_msgs/srv/get_available_transitions.h
[36.721s] -- Installing: /home/devpc/Desktop/microros_ws/install/lifecycle_msgs/include/lifecycle_msgs/srv/get_available_states.h
[36.722s] -- Installing: /home/devpc/Desktop/microros_ws/install/lifecycle_msgs/include/lifecycle_msgs/srv/change_state.h
[36.722s] -- Installing: /home/devpc/Desktop/microros_ws/install/lifecycle_msgs/share/lifecycle_msgs/environment/library_path.sh
[36.729s] -- Installing: /home/devpc/Desktop/microros_ws/install/lifecycle_msgs/share/lifecycle_msgs/environment/library_path.dsv
[36.729s] -- Installing: /home/devpc/Desktop/microros_ws/install/lifecycle_msgs/lib/liblifecycle_msgs__rosidl_generator_c.so
[36.729s] -- Set runtime path of "/home/devpc/Desktop/microros_ws/install/lifecycle_msgs/lib/liblifecycle_msgs__rosidl_generator_c.so" to ""
[36.730s] -- Up-to-date: /home/devpc/Desktop/microros_ws/install/lifecycle_msgs/include/lifecycle_msgs
[36.730s] -- Up-to-date: /home/devpc/Desktop/microros_ws/install/lifecycle_msgs/include/lifecycle_msgs/msg
[36.730s] -- Up-to-date: /home/devpc/Desktop/microros_ws/install/lifecycle_msgs/include/lifecycle_msgs/msg/detail
[36.730s] -- Installing: /home/devpc/Desktop/microros_ws/install/lifecycle_msgs/include/lifecycle_msgs/msg/detail/state__rosidl_typesupport_microxrcedds_c.h
[36.730s] -- Installing: /home/devpc/Desktop/microros_ws/install/lifecycle_msgs/include/lifecycle_msgs/msg/detail/transition_event__rosidl_typesupport_microxrcedds_c.h
[36.730s] -- Installing: /home/devpc/Desktop/microros_ws/install/lifecycle_msgs/include/lifecycle_msgs/msg/detail/transition__rosidl_typesupport_microxrcedds_c.h
[36.730s] -- Installing: /home/devpc/Desktop/microros_ws/install/lifecycle_msgs/include/lifecycle_msgs/msg/detail/microxrcedds
[36.730s] -- Installing: /home/devpc/Desktop/microros_ws/install/lifecycle_msgs/include/lifecycle_msgs/msg/detail/transition_description__rosidl_typesupport_microxrcedds_c.h
[36.731s] -- Installing: /home/devpc/Desktop/microros_ws/install/lifecycle_msgs/include/lifecycle_msgs/msg/rosidl_typesupport_microxrcedds_c__visibility_control.h
[36.731s] -- Up-to-date: /home/devpc/Desktop/microros_ws/install/lifecycle_msgs/include/lifecycle_msgs/srv
[36.731s] -- Up-to-date: /home/devpc/Desktop/microros_ws/install/lifecycle_msgs/include/lifecycle_msgs/srv/detail
[36.731s] -- Installing: /home/devpc/Desktop/microros_ws/install/lifecycle_msgs/include/lifecycle_msgs/srv/detail/get_available_states__rosidl_typesupport_microxrcedds_c.h
[36.731s] -- Installing: /home/devpc/Desktop/microros_ws/install/lifecycle_msgs/include/lifecycle_msgs/srv/detail/get_state__rosidl_typesupport_microxrcedds_c.h
[36.731s] -- Installing: /home/devpc/Desktop/microros_ws/install/lifecycle_msgs/include/lifecycle_msgs/srv/detail/get_available_transitions__rosidl_typesupport_microxrcedds_c.h
[36.731s] -- Installing: /home/devpc/Desktop/microros_ws/install/lifecycle_msgs/include/lifecycle_msgs/srv/detail/change_state__rosidl_typesupport_microxrcedds_c.h
[36.731s] -- Installing: /home/devpc/Desktop/microros_ws/install/lifecycle_msgs/include/lifecycle_msgs/srv/detail/microxrcedds
[36.732s] -- Installing: /home/devpc/Desktop/microros_ws/install/lifecycle_msgs/lib/liblifecycle_msgs__rosidl_typesupport_microxrcedds_c.so
[36.732s] -- Set runtime path of "/home/devpc/Desktop/microros_ws/install/lifecycle_msgs/lib/liblifecycle_msgs__rosidl_typesupport_microxrcedds_c.so" to ""
[36.732s] -- Up-to-date: /home/devpc/Desktop/microros_ws/install/lifecycle_msgs/include/lifecycle_msgs
[36.732s] -- Up-to-date: /home/devpc/Desktop/microros_ws/install/lifecycle_msgs/include/lifecycle_msgs/msg
[36.732s] -- Up-to-date: /home/devpc/Desktop/microros_ws/install/lifecycle_msgs/include/lifecycle_msgs/msg/detail
[36.732s] -- Installing: /home/devpc/Desktop/microros_ws/install/lifecycle_msgs/include/lifecycle_msgs/msg/detail/transition_event__rosidl_typesupport_fastrtps_c.h
[36.732s] -- Installing: /home/devpc/Desktop/microros_ws/install/lifecycle_msgs/include/lifecycle_msgs/msg/detail/transition_description__rosidl_typesupport_fastrtps_c.h
[36.732s] -- Installing: /home/devpc/Desktop/microros_ws/install/lifecycle_msgs/include/lifecycle_msgs/msg/detail/state__rosidl_typesupport_fastrtps_c.h
[36.733s] -- Installing: /home/devpc/Desktop/microros_ws/install/lifecycle_msgs/include/lifecycle_msgs/msg/detail/transition__rosidl_typesupport_fastrtps_c.h
[36.733s] -- Installing: /home/devpc/Desktop/microros_ws/install/lifecycle_msgs/include/lifecycle_msgs/msg/rosidl_typesupport_fastrtps_c__visibility_control.h
[36.733s] -- Up-to-date: /home/devpc/Desktop/microros_ws/install/lifecycle_msgs/include/lifecycle_msgs/srv
[36.733s] -- Up-to-date: /home/devpc/Desktop/microros_ws/install/lifecycle_msgs/include/lifecycle_msgs/srv/detail
[36.733s] -- Installing: /home/devpc/Desktop/microros_ws/install/lifecycle_msgs/include/lifecycle_msgs/srv/detail/get_available_transitions__rosidl_typesupport_fastrtps_c.h
[36.733s] -- Installing: /home/devpc/Desktop/microros_ws/install/lifecycle_msgs/include/lifecycle_msgs/srv/detail/change_state__rosidl_typesupport_fastrtps_c.h
[36.733s] -- Installing: /home/devpc/Desktop/microros_ws/install/lifecycle_msgs/include/lifecycle_msgs/srv/detail/get_available_states__rosidl_typesupport_fastrtps_c.h
[36.733s] -- Installing: /home/devpc/Desktop/microros_ws/install/lifecycle_msgs/include/lifecycle_msgs/srv/detail/get_state__rosidl_typesupport_fastrtps_c.h
[36.734s] -- Installing: /home/devpc/Desktop/microros_ws/install/lifecycle_msgs/lib/liblifecycle_msgs__rosidl_typesupport_fastrtps_c.so
[36.734s] -- Set runtime path of "/home/devpc/Desktop/microros_ws/install/lifecycle_msgs/lib/liblifecycle_msgs__rosidl_typesupport_fastrtps_c.so" to ""
[36.734s] -- Up-to-date: /home/devpc/Desktop/microros_ws/install/lifecycle_msgs/include/lifecycle_msgs
[36.734s] -- Up-to-date: /home/devpc/Desktop/microros_ws/install/lifecycle_msgs/include/lifecycle_msgs/msg
[36.734s] -- Up-to-date: /home/devpc/Desktop/microros_ws/install/lifecycle_msgs/include/lifecycle_msgs/msg/detail
[36.734s] -- Installing: /home/devpc/Desktop/microros_ws/install/lifecycle_msgs/include/lifecycle_msgs/msg/detail/transition_description__rosidl_typesupport_fastrtps_cpp.hpp
[36.734s] -- Installing: /home/devpc/Desktop/microros_ws/install/lifecycle_msgs/include/lifecycle_msgs/msg/detail/transition__rosidl_typesupport_fastrtps_cpp.hpp
[36.734s] -- Installing: /home/devpc/Desktop/microros_ws/install/lifecycle_msgs/include/lifecycle_msgs/msg/detail/state__rosidl_typesupport_fastrtps_cpp.hpp
[36.735s] -- Installing: /home/devpc/Desktop/microros_ws/install/lifecycle_msgs/include/lifecycle_msgs/msg/detail/transition_event__rosidl_typesupport_fastrtps_cpp.hpp
[36.735s] -- Installing: /home/devpc/Desktop/microros_ws/install/lifecycle_msgs/include/lifecycle_msgs/msg/detail/dds_fastrtps
[36.735s] -- Installing: /home/devpc/Desktop/microros_ws/install/lifecycle_msgs/include/lifecycle_msgs/msg/rosidl_typesupport_fastrtps_cpp__visibility_control.h
[36.735s] -- Up-to-date: /home/devpc/Desktop/microros_ws/install/lifecycle_msgs/include/lifecycle_msgs/srv
[36.735s] -- Up-to-date: /home/devpc/Desktop/microros_ws/install/lifecycle_msgs/include/lifecycle_msgs/srv/detail
[36.735s] -- Installing: /home/devpc/Desktop/microros_ws/install/lifecycle_msgs/include/lifecycle_msgs/srv/detail/change_state__rosidl_typesupport_fastrtps_cpp.hpp
[36.735s] -- Installing: /home/devpc/Desktop/microros_ws/install/lifecycle_msgs/include/lifecycle_msgs/srv/detail/get_available_transitions__rosidl_typesupport_fastrtps_cpp.hpp
[36.735s] -- Installing: /home/devpc/Desktop/microros_ws/install/lifecycle_msgs/include/lifecycle_msgs/srv/detail/get_state__rosidl_typesupport_fastrtps_cpp.hpp
[36.736s] -- Installing: /home/devpc/Desktop/microros_ws/install/lifecycle_msgs/include/lifecycle_msgs/srv/detail/dds_fastrtps
[36.736s] -- Installing: /home/devpc/Desktop/microros_ws/install/lifecycle_msgs/include/lifecycle_msgs/srv/detail/get_available_states__rosidl_typesupport_fastrtps_cpp.hpp
[36.736s] -- Installing: /home/devpc/Desktop/microros_ws/install/lifecycle_msgs/lib/liblifecycle_msgs__rosidl_typesupport_fastrtps_cpp.so
[36.736s] -- Set runtime path of "/home/devpc/Desktop/microros_ws/install/lifecycle_msgs/lib/liblifecycle_msgs__rosidl_typesupport_fastrtps_cpp.so" to ""
[36.736s] -- Up-to-date: /home/devpc/Desktop/microros_ws/install/lifecycle_msgs/include/lifecycle_msgs
[36.736s] -- Up-to-date: /home/devpc/Desktop/microros_ws/install/lifecycle_msgs/include/lifecycle_msgs/msg
[36.736s] -- Up-to-date: /home/devpc/Desktop/microros_ws/install/lifecycle_msgs/include/lifecycle_msgs/msg/detail
[36.736s] -- Installing: /home/devpc/Desktop/microros_ws/install/lifecycle_msgs/include/lifecycle_msgs/msg/detail/transition__rosidl_typesupport_introspection_c.h
[36.737s] -- Installing: /home/devpc/Desktop/microros_ws/install/lifecycle_msgs/include/lifecycle_msgs/msg/detail/transition_event__rosidl_typesupport_introspection_c.h
[36.737s] -- Installing: /home/devpc/Desktop/microros_ws/install/lifecycle_msgs/include/lifecycle_msgs/msg/detail/transition_description__type_support.c
[36.737s] -- Installing: /home/devpc/Desktop/microros_ws/install/lifecycle_msgs/include/lifecycle_msgs/msg/detail/state__rosidl_typesupport_introspection_c.h
[36.737s] -- Installing: /home/devpc/Desktop/microros_ws/install/lifecycle_msgs/include/lifecycle_msgs/msg/detail/state__type_support.c
[36.737s] -- Installing: /home/devpc/Desktop/microros_ws/install/lifecycle_msgs/include/lifecycle_msgs/msg/detail/transition__type_support.c
[36.737s] -- Installing: /home/devpc/Desktop/microros_ws/install/lifecycle_msgs/include/lifecycle_msgs/msg/detail/transition_description__rosidl_typesupport_introspection_c.h
[36.737s] -- Installing: /home/devpc/Desktop/microros_ws/install/lifecycle_msgs/include/lifecycle_msgs/msg/detail/transition_event__type_support.c
[36.737s] -- Installing: /home/devpc/Desktop/microros_ws/install/lifecycle_msgs/include/lifecycle_msgs/msg/rosidl_typesupport_introspection_c__visibility_control.h
[36.738s] -- Up-to-date: /home/devpc/Desktop/microros_ws/install/lifecycle_msgs/include/lifecycle_msgs/srv
[36.738s] -- Up-to-date: /home/devpc/Desktop/microros_ws/install/lifecycle_msgs/include/lifecycle_msgs/srv/detail
[36.738s] -- Installing: /home/devpc/Desktop/microros_ws/install/lifecycle_msgs/include/lifecycle_msgs/srv/detail/change_state__type_support.c
[36.738s] -- Installing: /home/devpc/Desktop/microros_ws/install/lifecycle_msgs/include/lifecycle_msgs/srv/detail/get_available_transitions__rosidl_typesupport_introspection_c.h
[36.738s] -- Installing: /home/devpc/Desktop/microros_ws/install/lifecycle_msgs/include/lifecycle_msgs/srv/detail/get_state__type_support.c
[36.739s] -- Installing: /home/devpc/Desktop/microros_ws/install/lifecycle_msgs/include/lifecycle_msgs/srv/detail/get_available_states__type_support.c
[36.739s] -- Installing: /home/devpc/Desktop/microros_ws/install/lifecycle_msgs/include/lifecycle_msgs/srv/detail/get_state__rosidl_typesupport_introspection_c.h
[36.739s] -- Installing: /home/devpc/Desktop/microros_ws/install/lifecycle_msgs/include/lifecycle_msgs/srv/detail/get_available_states__rosidl_typesupport_introspection_c.h
[36.739s] -- Installing: /home/devpc/Desktop/microros_ws/install/lifecycle_msgs/include/lifecycle_msgs/srv/detail/change_state__rosidl_typesupport_introspection_c.h
[36.739s] -- Installing: /home/devpc/Desktop/microros_ws/install/lifecycle_msgs/include/lifecycle_msgs/srv/detail/get_available_transitions__type_support.c
[36.739s] -- Installing: /home/devpc/Desktop/microros_ws/install/lifecycle_msgs/lib/liblifecycle_msgs__rosidl_typesupport_introspection_c.so
[36.739s] -- Set runtime path of "/home/devpc/Desktop/microros_ws/install/lifecycle_msgs/lib/liblifecycle_msgs__rosidl_typesupport_introspection_c.so" to ""
[36.739s] -- Installing: /home/devpc/Desktop/microros_ws/install/lifecycle_msgs/lib/liblifecycle_msgs__rosidl_typesupport_c.so
[36.740s] -- Set runtime path of "/home/devpc/Desktop/microros_ws/install/lifecycle_msgs/lib/liblifecycle_msgs__rosidl_typesupport_c.so" to ""
[36.740s] -- Up-to-date: /home/devpc/Desktop/microros_ws/install/lifecycle_msgs/include/lifecycle_msgs
[36.740s] -- Up-to-date: /home/devpc/Desktop/microros_ws/install/lifecycle_msgs/include/lifecycle_msgs/msg
[36.740s] -- Up-to-date: /home/devpc/Desktop/microros_ws/install/lifecycle_msgs/include/lifecycle_msgs/msg/detail
[36.740s] -- Installing: /home/devpc/Desktop/microros_ws/install/lifecycle_msgs/include/lifecycle_msgs/msg/detail/transition__traits.hpp
[36.740s] -- Installing: /home/devpc/Desktop/microros_ws/install/lifecycle_msgs/include/lifecycle_msgs/msg/detail/transition_event__builder.hpp
[36.741s] -- Installing: /home/devpc/Desktop/microros_ws/install/lifecycle_msgs/include/lifecycle_msgs/msg/detail/transition_event__struct.hpp
[36.741s] -- Installing: /home/devpc/Desktop/microros_ws/install/lifecycle_msgs/include/lifecycle_msgs/msg/detail/state__builder.hpp
[36.741s] -- Installing: /home/devpc/Desktop/microros_ws/install/lifecycle_msgs/include/lifecycle_msgs/msg/detail/transition_description__builder.hpp
[36.741s] -- Installing: /home/devpc/Desktop/microros_ws/install/lifecycle_msgs/include/lifecycle_msgs/msg/detail/state__struct.hpp
[36.741s] -- Installing: /home/devpc/Desktop/microros_ws/install/lifecycle_msgs/include/lifecycle_msgs/msg/detail/transition_event__traits.hpp
[36.741s] -- Installing: /home/devpc/Desktop/microros_ws/install/lifecycle_msgs/include/lifecycle_msgs/msg/detail/transition_description__struct.hpp
[36.741s] -- Installing: /home/devpc/Desktop/microros_ws/install/lifecycle_msgs/include/lifecycle_msgs/msg/detail/transition__struct.hpp
[36.741s] -- Installing: /home/devpc/Desktop/microros_ws/install/lifecycle_msgs/include/lifecycle_msgs/msg/detail/state__traits.hpp
[36.742s] -- Installing: /home/devpc/Desktop/microros_ws/install/lifecycle_msgs/include/lifecycle_msgs/msg/detail/transition__builder.hpp
[36.742s] -- Installing: /home/devpc/Desktop/microros_ws/install/lifecycle_msgs/include/lifecycle_msgs/msg/detail/transition_description__traits.hpp
[36.742s] -- Installing: /home/devpc/Desktop/microros_ws/install/lifecycle_msgs/include/lifecycle_msgs/msg/transition_event.hpp
[36.742s] -- Installing: /home/devpc/Desktop/microros_ws/install/lifecycle_msgs/include/lifecycle_msgs/msg/transition.hpp
[36.742s] -- Installing: /home/devpc/Desktop/microros_ws/install/lifecycle_msgs/include/lifecycle_msgs/msg/state.hpp
[36.742s] -- Installing: /home/devpc/Desktop/microros_ws/install/lifecycle_msgs/include/lifecycle_msgs/msg/transition_description.hpp
[36.742s] -- Up-to-date: /home/devpc/Desktop/microros_ws/install/lifecycle_msgs/include/lifecycle_msgs/srv
[36.742s] -- Installing: /home/devpc/Desktop/microros_ws/install/lifecycle_msgs/include/lifecycle_msgs/srv/get_available_transitions.hpp
[36.742s] -- Installing: /home/devpc/Desktop/microros_ws/install/lifecycle_msgs/include/lifecycle_msgs/srv/get_available_states.hpp
[36.743s] -- Up-to-date: /home/devpc/Desktop/microros_ws/install/lifecycle_msgs/include/lifecycle_msgs/srv/detail
[36.743s] -- Installing: /home/devpc/Desktop/microros_ws/install/lifecycle_msgs/include/lifecycle_msgs/srv/detail/get_state__traits.hpp
[36.743s] -- Installing: /home/devpc/Desktop/microros_ws/install/lifecycle_msgs/include/lifecycle_msgs/srv/detail/change_state__struct.hpp
[36.743s] -- Installing: /home/devpc/Desktop/microros_ws/install/lifecycle_msgs/include/lifecycle_msgs/srv/detail/get_state__builder.hpp
[36.743s] -- Installing: /home/devpc/Desktop/microros_ws/install/lifecycle_msgs/include/lifecycle_msgs/srv/detail/change_state__builder.hpp
[36.743s] -- Installing: /home/devpc/Desktop/microros_ws/install/lifecycle_msgs/include/lifecycle_msgs/srv/detail/get_available_states__struct.hpp
[36.743s] -- Installing: /home/devpc/Desktop/microros_ws/install/lifecycle_msgs/include/lifecycle_msgs/srv/detail/get_available_transitions__traits.hpp
[36.743s] -- Installing: /home/devpc/Desktop/microros_ws/install/lifecycle_msgs/include/lifecycle_msgs/srv/detail/get_available_transitions__struct.hpp
[36.744s] -- Installing: /home/devpc/Desktop/microros_ws/install/lifecycle_msgs/include/lifecycle_msgs/srv/detail/change_state__traits.hpp
[36.744s] -- Installing: /home/devpc/Desktop/microros_ws/install/lifecycle_msgs/include/lifecycle_msgs/srv/detail/get_available_states__traits.hpp
[36.744s] -- Installing: /home/devpc/Desktop/microros_ws/install/lifecycle_msgs/include/lifecycle_msgs/srv/detail/get_available_states__builder.hpp
[36.744s] -- Installing: /home/devpc/Desktop/microros_ws/install/lifecycle_msgs/include/lifecycle_msgs/srv/detail/get_state__struct.hpp
[36.744s] -- Installing: /home/devpc/Desktop/microros_ws/install/lifecycle_msgs/include/lifecycle_msgs/srv/detail/get_available_transitions__builder.hpp
[36.744s] -- Installing: /home/devpc/Desktop/microros_ws/install/lifecycle_msgs/include/lifecycle_msgs/srv/change_state.hpp
[36.744s] -- Installing: /home/devpc/Desktop/microros_ws/install/lifecycle_msgs/include/lifecycle_msgs/srv/get_state.hpp
[36.744s] -- Up-to-date: /home/devpc/Desktop/microros_ws/install/lifecycle_msgs/include/lifecycle_msgs
[36.744s] -- Up-to-date: /home/devpc/Desktop/microros_ws/install/lifecycle_msgs/include/lifecycle_msgs/msg
[36.745s] -- Up-to-date: /home/devpc/Desktop/microros_ws/install/lifecycle_msgs/include/lifecycle_msgs/msg/detail
[36.745s] -- Installing: /home/devpc/Desktop/microros_ws/install/lifecycle_msgs/include/lifecycle_msgs/msg/detail/transition__rosidl_typesupport_microxrcedds_cpp.hpp
[36.745s] -- Installing: /home/devpc/Desktop/microros_ws/install/lifecycle_msgs/include/lifecycle_msgs/msg/detail/state__rosidl_typesupport_microxrcedds_cpp.hpp
[36.745s] -- Installing: /home/devpc/Desktop/microros_ws/install/lifecycle_msgs/include/lifecycle_msgs/msg/detail/transition_description__rosidl_typesupport_microxrcedds_cpp.hpp
[36.745s] -- Up-to-date: /home/devpc/Desktop/microros_ws/install/lifecycle_msgs/include/lifecycle_msgs/msg/detail/microxrcedds
[36.745s] -- Installing: /home/devpc/Desktop/microros_ws/install/lifecycle_msgs/include/lifecycle_msgs/msg/detail/microxrcedds/state__type_support_cpp.cpp
[36.745s] -- Installing: /home/devpc/Desktop/microros_ws/install/lifecycle_msgs/include/lifecycle_msgs/msg/detail/microxrcedds/transition_description__type_support_cpp.cpp
[36.745s] -- Installing: /home/devpc/Desktop/microros_ws/install/lifecycle_msgs/include/lifecycle_msgs/msg/detail/microxrcedds/transition_event__type_support_cpp.cpp
[36.746s] -- Installing: /home/devpc/Desktop/microros_ws/install/lifecycle_msgs/include/lifecycle_msgs/msg/detail/microxrcedds/transition__type_support_cpp.cpp
[36.746s] -- Installing: /home/devpc/Desktop/microros_ws/install/lifecycle_msgs/include/lifecycle_msgs/msg/detail/transition_event__rosidl_typesupport_microxrcedds_cpp.hpp
[36.746s] -- Installing: /home/devpc/Desktop/microros_ws/install/lifecycle_msgs/include/lifecycle_msgs/msg/rosidl_typesupport_microxrcedds_cpp__visibility_control.h
[36.746s] -- Up-to-date: /home/devpc/Desktop/microros_ws/install/lifecycle_msgs/include/lifecycle_msgs/srv
[36.746s] -- Up-to-date: /home/devpc/Desktop/microros_ws/install/lifecycle_msgs/include/lifecycle_msgs/srv/detail
[36.746s] -- Installing: /home/devpc/Desktop/microros_ws/install/lifecycle_msgs/include/lifecycle_msgs/srv/detail/get_available_transitions__rosidl_typesupport_microxrcedds_cpp.hpp
[36.746s] -- Installing: /home/devpc/Desktop/microros_ws/install/lifecycle_msgs/include/lifecycle_msgs/srv/detail/get_state__rosidl_typesupport_microxrcedds_cpp.hpp
[36.746s] -- Installing: /home/devpc/Desktop/microros_ws/install/lifecycle_msgs/include/lifecycle_msgs/srv/detail/get_available_states__rosidl_typesupport_microxrcedds_cpp.hpp
[36.747s] -- Up-to-date: /home/devpc/Desktop/microros_ws/install/lifecycle_msgs/include/lifecycle_msgs/srv/detail/microxrcedds
[36.747s] -- Installing: /home/devpc/Desktop/microros_ws/install/lifecycle_msgs/include/lifecycle_msgs/srv/detail/microxrcedds/get_available_states__type_support_cpp.cpp
[36.747s] -- Installing: /home/devpc/Desktop/microros_ws/install/lifecycle_msgs/include/lifecycle_msgs/srv/detail/microxrcedds/get_state__type_support_cpp.cpp
[36.747s] -- Installing: /home/devpc/Desktop/microros_ws/install/lifecycle_msgs/include/lifecycle_msgs/srv/detail/microxrcedds/change_state__type_support_cpp.cpp
[36.747s] -- Installing: /home/devpc/Desktop/microros_ws/install/lifecycle_msgs/include/lifecycle_msgs/srv/detail/microxrcedds/get_available_transitions__type_support_cpp.cpp
[36.747s] -- Installing: /home/devpc/Desktop/microros_ws/install/lifecycle_msgs/include/lifecycle_msgs/srv/detail/change_state__rosidl_typesupport_microxrcedds_cpp.hpp
[36.747s] -- Installing: /home/devpc/Desktop/microros_ws/install/lifecycle_msgs/lib/liblifecycle_msgs__rosidl_typesupport_microxrcedds_cpp.so
[36.747s] -- Set runtime path of "/home/devpc/Desktop/microros_ws/install/lifecycle_msgs/lib/liblifecycle_msgs__rosidl_typesupport_microxrcedds_cpp.so" to ""
[36.747s] -- Up-to-date: /home/devpc/Desktop/microros_ws/install/lifecycle_msgs/include/lifecycle_msgs
[36.748s] -- Up-to-date: /home/devpc/Desktop/microros_ws/install/lifecycle_msgs/include/lifecycle_msgs/msg
[36.748s] -- Up-to-date: /home/devpc/Desktop/microros_ws/install/lifecycle_msgs/include/lifecycle_msgs/msg/detail
[36.748s] -- Installing: /home/devpc/Desktop/microros_ws/install/lifecycle_msgs/include/lifecycle_msgs/msg/detail/state__rosidl_typesupport_introspection_cpp.hpp
[36.748s] -- Installing: /home/devpc/Desktop/microros_ws/install/lifecycle_msgs/include/lifecycle_msgs/msg/detail/state__type_support.cpp
[36.748s] -- Installing: /home/devpc/Desktop/microros_ws/install/lifecycle_msgs/include/lifecycle_msgs/msg/detail/transition__type_support.cpp
[36.748s] -- Installing: /home/devpc/Desktop/microros_ws/install/lifecycle_msgs/include/lifecycle_msgs/msg/detail/transition_event__type_support.cpp
[36.748s] -- Installing: /home/devpc/Desktop/microros_ws/install/lifecycle_msgs/include/lifecycle_msgs/msg/detail/transition_description__rosidl_typesupport_introspection_cpp.hpp
[36.749s] -- Installing: /home/devpc/Desktop/microros_ws/install/lifecycle_msgs/include/lifecycle_msgs/msg/detail/transition_description__type_support.cpp
[36.749s] -- Installing: /home/devpc/Desktop/microros_ws/install/lifecycle_msgs/include/lifecycle_msgs/msg/detail/transition_event__rosidl_typesupport_introspection_cpp.hpp
[36.749s] -- Installing: /home/devpc/Desktop/microros_ws/install/lifecycle_msgs/include/lifecycle_msgs/msg/detail/transition__rosidl_typesupport_introspection_cpp.hpp
[36.749s] -- Up-to-date: /home/devpc/Desktop/microros_ws/install/lifecycle_msgs/include/lifecycle_msgs/srv
[36.749s] -- Up-to-date: /home/devpc/Desktop/microros_ws/install/lifecycle_msgs/include/lifecycle_msgs/srv/detail
[36.749s] -- Installing: /home/devpc/Desktop/microros_ws/install/lifecycle_msgs/include/lifecycle_msgs/srv/detail/change_state__type_support.cpp
[36.749s] -- Installing: /home/devpc/Desktop/microros_ws/install/lifecycle_msgs/include/lifecycle_msgs/srv/detail/get_available_transitions__type_support.cpp
[36.749s] -- Installing: /home/devpc/Desktop/microros_ws/install/lifecycle_msgs/include/lifecycle_msgs/srv/detail/change_state__rosidl_typesupport_introspection_cpp.hpp
[36.750s] -- Installing: /home/devpc/Desktop/microros_ws/install/lifecycle_msgs/include/lifecycle_msgs/srv/detail/get_state__type_support.cpp
[36.750s] -- Installing: /home/devpc/Desktop/microros_ws/install/lifecycle_msgs/include/lifecycle_msgs/srv/detail/get_state__rosidl_typesupport_introspection_cpp.hpp
[36.750s] -- Installing: /home/devpc/Desktop/microros_ws/install/lifecycle_msgs/include/lifecycle_msgs/srv/detail/get_available_states__type_support.cpp
[36.750s] -- Installing: /home/devpc/Desktop/microros_ws/install/lifecycle_msgs/include/lifecycle_msgs/srv/detail/get_available_transitions__rosidl_typesupport_introspection_cpp.hpp
[36.750s] -- Installing: /home/devpc/Desktop/microros_ws/install/lifecycle_msgs/include/lifecycle_msgs/srv/detail/get_available_states__rosidl_typesupport_introspection_cpp.hpp
[36.750s] -- Installing: /home/devpc/Desktop/microros_ws/install/lifecycle_msgs/lib/liblifecycle_msgs__rosidl_typesupport_introspection_cpp.so
[36.750s] -- Set runtime path of "/home/devpc/Desktop/microros_ws/install/lifecycle_msgs/lib/liblifecycle_msgs__rosidl_typesupport_introspection_cpp.so" to ""
[36.750s] -- Installing: /home/devpc/Desktop/microros_ws/install/lifecycle_msgs/lib/liblifecycle_msgs__rosidl_typesupport_cpp.so
[36.751s] -- Set runtime path of "/home/devpc/Desktop/microros_ws/install/lifecycle_msgs/lib/liblifecycle_msgs__rosidl_typesupport_cpp.so" to ""
[36.751s] -- Installing: /home/devpc/Desktop/microros_ws/install/lifecycle_msgs/share/lifecycle_msgs/environment/pythonpath.sh
[36.751s] -- Installing: /home/devpc/Desktop/microros_ws/install/lifecycle_msgs/share/lifecycle_msgs/environment/pythonpath.dsv
[36.751s] -- Installing: /home/devpc/Desktop/microros_ws/install/lifecycle_msgs/lib/python3.8/site-packages/lifecycle_msgs/__init__.py
[36.793s] Compiling '/home/devpc/Desktop/microros_ws/install/lifecycle_msgs/lib/python3.8/site-packages/lifecycle_msgs/__init__.py'...
[36.799s] -- Installing: /home/devpc/Desktop/microros_ws/install/lifecycle_msgs/lib/python3.8/site-packages/lifecycle_msgs/msg
[36.799s] -- Installing: /home/devpc/Desktop/microros_ws/install/lifecycle_msgs/lib/python3.8/site-packages/lifecycle_msgs/msg/_transition_event_s.c
[36.800s] -- Installing: /home/devpc/Desktop/microros_ws/install/lifecycle_msgs/lib/python3.8/site-packages/lifecycle_msgs/msg/_state_s.c
[36.800s] -- Installing: /home/devpc/Desktop/microros_ws/install/lifecycle_msgs/lib/python3.8/site-packages/lifecycle_msgs/msg/__init__.py
[36.801s] -- Installing: /home/devpc/Desktop/microros_ws/install/lifecycle_msgs/lib/python3.8/site-packages/lifecycle_msgs/msg/_transition_description.py
[36.801s] -- Installing: /home/devpc/Desktop/microros_ws/install/lifecycle_msgs/lib/python3.8/site-packages/lifecycle_msgs/msg/_state.py
[36.801s] -- Installing: /home/devpc/Desktop/microros_ws/install/lifecycle_msgs/lib/python3.8/site-packages/lifecycle_msgs/msg/_transition.py
[36.802s] -- Installing: /home/devpc/Desktop/microros_ws/install/lifecycle_msgs/lib/python3.8/site-packages/lifecycle_msgs/msg/_transition_description_s.c
[36.802s] -- Installing: /home/devpc/Desktop/microros_ws/install/lifecycle_msgs/lib/python3.8/site-packages/lifecycle_msgs/msg/_transition_event.py
[36.802s] -- Installing: /home/devpc/Desktop/microros_ws/install/lifecycle_msgs/lib/python3.8/site-packages/lifecycle_msgs/msg/_transition_s.c
[36.802s] -- Installing: /home/devpc/Desktop/microros_ws/install/lifecycle_msgs/lib/python3.8/site-packages/lifecycle_msgs/srv
[36.802s] -- Installing: /home/devpc/Desktop/microros_ws/install/lifecycle_msgs/lib/python3.8/site-packages/lifecycle_msgs/srv/_get_state_s.c
[36.803s] -- Installing: /home/devpc/Desktop/microros_ws/install/lifecycle_msgs/lib/python3.8/site-packages/lifecycle_msgs/srv/_change_state_s.c
[36.803s] -- Installing: /home/devpc/Desktop/microros_ws/install/lifecycle_msgs/lib/python3.8/site-packages/lifecycle_msgs/srv/__init__.py
[36.803s] -- Installing: /home/devpc/Desktop/microros_ws/install/lifecycle_msgs/lib/python3.8/site-packages/lifecycle_msgs/srv/_get_available_transitions.py
[36.803s] -- Installing: /home/devpc/Desktop/microros_ws/install/lifecycle_msgs/lib/python3.8/site-packages/lifecycle_msgs/srv/_get_state.py
[36.803s] -- Installing: /home/devpc/Desktop/microros_ws/install/lifecycle_msgs/lib/python3.8/site-packages/lifecycle_msgs/srv/_get_available_states_s.c
[36.803s] -- Installing: /home/devpc/Desktop/microros_ws/install/lifecycle_msgs/lib/python3.8/site-packages/lifecycle_msgs/srv/_get_available_transitions_s.c
[36.804s] -- Installing: /home/devpc/Desktop/microros_ws/install/lifecycle_msgs/lib/python3.8/site-packages/lifecycle_msgs/srv/_change_state.py
[36.804s] -- Installing: /home/devpc/Desktop/microros_ws/install/lifecycle_msgs/lib/python3.8/site-packages/lifecycle_msgs/srv/_get_available_states.py
[36.805s] -- Installing: /home/devpc/Desktop/microros_ws/install/lifecycle_msgs/lib/python3.8/site-packages/lifecycle_msgs/lifecycle_msgs_s__rosidl_typesupport_microxrcedds_c.cpython-38-x86_64-linux-gnu.so
[36.807s] -- Set runtime path of "/home/devpc/Desktop/microros_ws/install/lifecycle_msgs/lib/python3.8/site-packages/lifecycle_msgs/lifecycle_msgs_s__rosidl_typesupport_microxrcedds_c.cpython-38-x86_64-linux-gnu.so" to ""
[36.808s] -- Installing: /home/devpc/Desktop/microros_ws/install/lifecycle_msgs/lib/python3.8/site-packages/lifecycle_msgs/lifecycle_msgs_s__rosidl_typesupport_fastrtps_c.cpython-38-x86_64-linux-gnu.so
[36.808s] -- Set runtime path of "/home/devpc/Desktop/microros_ws/install/lifecycle_msgs/lib/python3.8/site-packages/lifecycle_msgs/lifecycle_msgs_s__rosidl_typesupport_fastrtps_c.cpython-38-x86_64-linux-gnu.so" to ""
[36.808s] -- Installing: /home/devpc/Desktop/microros_ws/install/lifecycle_msgs/lib/python3.8/site-packages/lifecycle_msgs/lifecycle_msgs_s__rosidl_typesupport_introspection_c.cpython-38-x86_64-linux-gnu.so
[36.808s] -- Set runtime path of "/home/devpc/Desktop/microros_ws/install/lifecycle_msgs/lib/python3.8/site-packages/lifecycle_msgs/lifecycle_msgs_s__rosidl_typesupport_introspection_c.cpython-38-x86_64-linux-gnu.so" to ""
[36.809s] -- Installing: /home/devpc/Desktop/microros_ws/install/lifecycle_msgs/lib/python3.8/site-packages/lifecycle_msgs/lifecycle_msgs_s__rosidl_typesupport_c.cpython-38-x86_64-linux-gnu.so
[36.809s] -- Set runtime path of "/home/devpc/Desktop/microros_ws/install/lifecycle_msgs/lib/python3.8/site-packages/lifecycle_msgs/lifecycle_msgs_s__rosidl_typesupport_c.cpython-38-x86_64-linux-gnu.so" to ""
[36.809s] -- Installing: /home/devpc/Desktop/microros_ws/install/lifecycle_msgs/lib/liblifecycle_msgs__python.so
[36.810s] -- Set runtime path of "/home/devpc/Desktop/microros_ws/install/lifecycle_msgs/lib/liblifecycle_msgs__python.so" to ""
[36.810s] -- Installing: /home/devpc/Desktop/microros_ws/install/lifecycle_msgs/share/lifecycle_msgs/msg/State.idl
[36.811s] -- Installing: /home/devpc/Desktop/microros_ws/install/lifecycle_msgs/share/lifecycle_msgs/msg/Transition.idl
[36.811s] -- Installing: /home/devpc/Desktop/microros_ws/install/lifecycle_msgs/share/lifecycle_msgs/msg/TransitionDescription.idl
[36.811s] -- Installing: /home/devpc/Desktop/microros_ws/install/lifecycle_msgs/share/lifecycle_msgs/msg/TransitionEvent.idl
[36.811s] -- Installing: /home/devpc/Desktop/microros_ws/install/lifecycle_msgs/share/lifecycle_msgs/srv/ChangeState.idl
[36.811s] -- Installing: /home/devpc/Desktop/microros_ws/install/lifecycle_msgs/share/lifecycle_msgs/srv/GetAvailableStates.idl
[36.812s] -- Installing: /home/devpc/Desktop/microros_ws/install/lifecycle_msgs/share/lifecycle_msgs/srv/GetAvailableTransitions.idl
[36.812s] -- Installing: /home/devpc/Desktop/microros_ws/install/lifecycle_msgs/share/lifecycle_msgs/srv/GetState.idl
[36.812s] -- Installing: /home/devpc/Desktop/microros_ws/install/lifecycle_msgs/share/lifecycle_msgs/msg/State.msg
[36.812s] -- Installing: /home/devpc/Desktop/microros_ws/install/lifecycle_msgs/share/lifecycle_msgs/msg/Transition.msg
[36.812s] -- Installing: /home/devpc/Desktop/microros_ws/install/lifecycle_msgs/share/lifecycle_msgs/msg/TransitionDescription.msg
[36.813s] -- Installing: /home/devpc/Desktop/microros_ws/install/lifecycle_msgs/share/lifecycle_msgs/msg/TransitionEvent.msg
[36.813s] -- Installing: /home/devpc/Desktop/microros_ws/install/lifecycle_msgs/share/lifecycle_msgs/srv/ChangeState.srv
[36.813s] -- Installing: /home/devpc/Desktop/microros_ws/install/lifecycle_msgs/share/lifecycle_msgs/srv/ChangeState_Request.msg
[36.813s] -- Installing: /home/devpc/Desktop/microros_ws/install/lifecycle_msgs/share/lifecycle_msgs/srv/ChangeState_Response.msg
[36.813s] -- Installing: /home/devpc/Desktop/microros_ws/install/lifecycle_msgs/share/lifecycle_msgs/srv/GetAvailableStates.srv
[36.814s] -- Installing: /home/devpc/Desktop/microros_ws/install/lifecycle_msgs/share/lifecycle_msgs/srv/GetAvailableStates_Request.msg
[36.814s] -- Installing: /home/devpc/Desktop/microros_ws/install/lifecycle_msgs/share/lifecycle_msgs/srv/GetAvailableStates_Response.msg
[36.814s] -- Installing: /home/devpc/Desktop/microros_ws/install/lifecycle_msgs/share/lifecycle_msgs/srv/GetAvailableTransitions.srv
[36.814s] -- Installing: /home/devpc/Desktop/microros_ws/install/lifecycle_msgs/share/lifecycle_msgs/srv/GetAvailableTransitions_Request.msg
[36.814s] -- Installing: /home/devpc/Desktop/microros_ws/install/lifecycle_msgs/share/lifecycle_msgs/srv/GetAvailableTransitions_Response.msg
[36.815s] -- Installing: /home/devpc/Desktop/microros_ws/install/lifecycle_msgs/share/lifecycle_msgs/srv/GetState.srv
[36.815s] -- Installing: /home/devpc/Desktop/microros_ws/install/lifecycle_msgs/share/lifecycle_msgs/srv/GetState_Request.msg
[36.815s] -- Installing: /home/devpc/Desktop/microros_ws/install/lifecycle_msgs/share/lifecycle_msgs/srv/GetState_Response.msg
[36.815s] -- Installing: /home/devpc/Desktop/microros_ws/install/lifecycle_msgs/share/ament_index/resource_index/package_run_dependencies/lifecycle_msgs
[36.816s] -- Installing: /home/devpc/Desktop/microros_ws/install/lifecycle_msgs/share/ament_index/resource_index/parent_prefix_path/lifecycle_msgs
[36.816s] -- Installing: /home/devpc/Desktop/microros_ws/install/lifecycle_msgs/share/lifecycle_msgs/environment/ament_prefix_path.sh
[36.816s] -- Installing: /home/devpc/Desktop/microros_ws/install/lifecycle_msgs/share/lifecycle_msgs/environment/ament_prefix_path.dsv
[36.816s] -- Installing: /home/devpc/Desktop/microros_ws/install/lifecycle_msgs/share/lifecycle_msgs/environment/path.sh
[36.816s] -- Installing: /home/devpc/Desktop/microros_ws/install/lifecycle_msgs/share/lifecycle_msgs/environment/path.dsv
[36.817s] -- Installing: /home/devpc/Desktop/microros_ws/install/lifecycle_msgs/share/lifecycle_msgs/local_setup.bash
[36.817s] -- Installing: /home/devpc/Desktop/microros_ws/install/lifecycle_msgs/share/lifecycle_msgs/local_setup.sh
[36.817s] -- Installing: /home/devpc/Desktop/microros_ws/install/lifecycle_msgs/share/lifecycle_msgs/local_setup.zsh
[36.817s] -- Installing: /home/devpc/Desktop/microros_ws/install/lifecycle_msgs/share/lifecycle_msgs/local_setup.dsv
[36.818s] -- Installing: /home/devpc/Desktop/microros_ws/install/lifecycle_msgs/share/lifecycle_msgs/package.dsv
[36.818s] -- Installing: /home/devpc/Desktop/microros_ws/install/lifecycle_msgs/share/ament_index/resource_index/packages/lifecycle_msgs
[36.818s] -- Installing: /home/devpc/Desktop/microros_ws/install/lifecycle_msgs/share/lifecycle_msgs/cmake/lifecycle_msgs__rosidl_generator_cExport.cmake
[36.818s] -- Installing: /home/devpc/Desktop/microros_ws/install/lifecycle_msgs/share/lifecycle_msgs/cmake/lifecycle_msgs__rosidl_generator_cExport-noconfig.cmake
[36.819s] -- Installing: /home/devpc/Desktop/microros_ws/install/lifecycle_msgs/share/lifecycle_msgs/cmake/lifecycle_msgs__rosidl_typesupport_introspection_cExport.cmake
[36.819s] -- Installing: /home/devpc/Desktop/microros_ws/install/lifecycle_msgs/share/lifecycle_msgs/cmake/lifecycle_msgs__rosidl_typesupport_introspection_cExport-noconfig.cmake
[36.819s] -- Installing: /home/devpc/Desktop/microros_ws/install/lifecycle_msgs/share/lifecycle_msgs/cmake/lifecycle_msgs__rosidl_typesupport_cExport.cmake
[36.819s] -- Installing: /home/devpc/Desktop/microros_ws/install/lifecycle_msgs/share/lifecycle_msgs/cmake/lifecycle_msgs__rosidl_typesupport_cExport-noconfig.cmake
[36.820s] -- Installing: /home/devpc/Desktop/microros_ws/install/lifecycle_msgs/share/lifecycle_msgs/cmake/lifecycle_msgs__rosidl_generator_cppExport.cmake
[36.820s] -- Installing: /home/devpc/Desktop/microros_ws/install/lifecycle_msgs/share/lifecycle_msgs/cmake/lifecycle_msgs__rosidl_typesupport_introspection_cppExport.cmake
[36.820s] -- Installing: /home/devpc/Desktop/microros_ws/install/lifecycle_msgs/share/lifecycle_msgs/cmake/lifecycle_msgs__rosidl_typesupport_introspection_cppExport-noconfig.cmake
[36.821s] -- Installing: /home/devpc/Desktop/microros_ws/install/lifecycle_msgs/share/lifecycle_msgs/cmake/lifecycle_msgs__rosidl_typesupport_cppExport.cmake
[36.822s] -- Installing: /home/devpc/Desktop/microros_ws/install/lifecycle_msgs/share/lifecycle_msgs/cmake/lifecycle_msgs__rosidl_typesupport_cppExport-noconfig.cmake
[36.822s] -- Installing: /home/devpc/Desktop/microros_ws/install/lifecycle_msgs/share/lifecycle_msgs/cmake/rosidl_cmake-extras.cmake
[36.823s] -- Installing: /home/devpc/Desktop/microros_ws/install/lifecycle_msgs/share/lifecycle_msgs/cmake/ament_cmake_export_dependencies-extras.cmake
[36.823s] -- Installing: /home/devpc/Desktop/microros_ws/install/lifecycle_msgs/share/lifecycle_msgs/cmake/ament_cmake_export_libraries-extras.cmake
[36.823s] -- Installing: /home/devpc/Desktop/microros_ws/install/lifecycle_msgs/share/lifecycle_msgs/cmake/ament_cmake_export_targets-extras.cmake
[36.823s] -- Installing: /home/devpc/Desktop/microros_ws/install/lifecycle_msgs/share/lifecycle_msgs/cmake/ament_cmake_export_include_directories-extras.cmake
[36.823s] -- Installing: /home/devpc/Desktop/microros_ws/install/lifecycle_msgs/share/lifecycle_msgs/cmake/rosidl_cmake_export_typesupport_libraries-extras.cmake
[36.823s] -- Installing: /home/devpc/Desktop/microros_ws/install/lifecycle_msgs/share/lifecycle_msgs/cmake/rosidl_cmake_export_typesupport_targets-extras.cmake
[36.823s] -- Installing: /home/devpc/Desktop/microros_ws/install/lifecycle_msgs/share/lifecycle_msgs/cmake/lifecycle_msgsConfig.cmake
[36.824s] -- Installing: /home/devpc/Desktop/microros_ws/install/lifecycle_msgs/share/lifecycle_msgs/cmake/lifecycle_msgsConfig-version.cmake
[36.824s] -- Installing: /home/devpc/Desktop/microros_ws/install/lifecycle_msgs/share/lifecycle_msgs/package.xml
[36.866s] Invoked command in '/home/devpc/Desktop/microros_ws/build/lifecycle_msgs' returned '0': CMAKE_PREFIX_PATH=${CMAKE_PREFIX_PATH}:/home/devpc/Desktop/quad_ws/install/quad:/opt/ros/foxy /usr/bin/cmake --install /home/devpc/Desktop/microros_ws/build/lifecycle_msgs
