[0.053s] Invoking command in '/home/devpc/Desktop/microros_ws/build/shape_msgs': CMAKE_PREFIX_PATH=/home/devpc/Desktop/microros_ws/install/geometry_msgs:/home/devpc/Desktop/microros_ws/install/std_msgs:/home/devpc/Desktop/microros_ws/install/builtin_interfaces:/home/devpc/Desktop/microros_ws/install/common_interfaces:/home/devpc/Desktop/microros_ws/install/visualization_msgs:/home/devpc/Desktop/microros_ws/install/test_msgs:/home/devpc/Desktop/microros_ws/install/micro_ros_demos_rclc:/home/devpc/Desktop/microros_ws/install/example_interfaces:/home/devpc/Desktop/microros_ws/install/action_msgs:/home/devpc/Desktop/microros_ws/install/unique_identifier_msgs:/home/devpc/Desktop/microros_ws/install/trajectory_msgs:/home/devpc/Desktop/microros_ws/install/stereo_msgs:/home/devpc/Desktop/microros_ws/install/std_srvs:/home/devpc/Desktop/microros_ws/install/shape_msgs:/home/devpc/Desktop/microros_ws/install/sensor_msgs:/home/devpc/Desktop/microros_ws/install/nav_msgs:/home/devpc/Desktop/microros_ws/install/diagnostic_msgs:/home/devpc/Desktop/microros_ws/install/drive_base_msgs:/home/devpc/Desktop/microros_ws/install/actionlib_msgs:/home/devpc/Desktop/microros_ws/install/statistics_msgs:/home/devpc/Desktop/microros_ws/install/rosidl_typesupport_microxrcedds_test_msg:/home/devpc/Desktop/microros_ws/install/rosidl_typesupport_microxrcedds_cpp_tests:/home/devpc/Desktop/microros_ws/install/rmw_microxrcedds:/home/devpc/Desktop/microros_ws/install/rosidl_typesupport_microxrcedds_cpp:/home/devpc/Desktop/microros_ws/install/rosidl_typesupport_microxrcedds_c_tests:/home/devpc/Desktop/microros_ws/install/rosidl_typesupport_microxrcedds_c:/home/devpc/Desktop/microros_ws/install/rosgraph_msgs:/home/devpc/Desktop/microros_ws/install/rclc:/home/devpc/Desktop/microros_ws/install/composition_interfaces:/home/devpc/Desktop/microros_ws/install/rcl_interfaces:/home/devpc/Desktop/microros_ws/install/microxrcedds_client:/home/devpc/Desktop/microros_ws/install/microcdr:/home/devpc/Desktop/microros_ws/install/micro_ros_demos_rclcpp:/home/devpc/Desktop/microros_ws/install/lifecycle_msgs:/home/devpc/Desktop/microros_ws/install/complex_msgs:/home/devpc/Desktop/microros_ws/install/micro_ros_agent:/home/devpc/Desktop/microros_ws/install/microxrcedds_agent:/home/devpc/Desktop/microros_ws/install/micro_ros_setup:/home/devpc/Desktop/microros_ws/install/micro_ros_msgs:/home/devpc/Desktop/quad_ws/install/quad_interfaces:/home/devpc/Desktop/microros_ws/install/sensor_msgs_py:/home/devpc/Desktop/quad_ws/install/quad:/opt/ros/foxy LD_LIBRARY_PATH=/home/devpc/Desktop/microros_ws/install/geometry_msgs/lib:/home/devpc/Desktop/microros_ws/install/std_msgs/lib:/home/devpc/Desktop/microros_ws/install/builtin_interfaces/lib:/home/devpc/Desktop/microros_ws/install/visualization_msgs/lib:/home/devpc/Desktop/microros_ws/install/test_msgs/lib:/home/devpc/Desktop/microros_ws/install/example_interfaces/lib:/home/devpc/Desktop/microros_ws/install/action_msgs/lib:/home/devpc/Desktop/microros_ws/install/unique_identifier_msgs/lib:/home/devpc/Desktop/microros_ws/install/trajectory_msgs/lib:/home/devpc/Desktop/microros_ws/install/stereo_msgs/lib:/home/devpc/Desktop/microros_ws/install/std_srvs/lib:/home/devpc/Desktop/microros_ws/install/shape_msgs/lib:/home/devpc/Desktop/microros_ws/install/sensor_msgs/lib:/home/devpc/Desktop/microros_ws/install/nav_msgs/lib:/home/devpc/Desktop/microros_ws/install/diagnostic_msgs/lib:/home/devpc/Desktop/microros_ws/install/drive_base_msgs/lib:/home/devpc/Desktop/microros_ws/install/actionlib_msgs/lib:/home/devpc/Desktop/microros_ws/install/statistics_msgs/lib:/home/devpc/Desktop/microros_ws/install/rosidl_typesupport_microxrcedds_test_msg/lib:/home/devpc/Desktop/microros_ws/install/rmw_microxrcedds/lib:/home/devpc/Desktop/microros_ws/install/rosidl_typesupport_microxrcedds_cpp/lib:/home/devpc/Desktop/microros_ws/install/rosidl_typesupport_microxrcedds_c/lib:/home/devpc/Desktop/microros_ws/install/rosgraph_msgs/lib:/home/devpc/Desktop/microros_ws/install/rclc/lib:/home/devpc/Desktop/microros_ws/install/composition_interfaces/lib:/home/devpc/Desktop/microros_ws/install/rcl_interfaces/lib:/home/devpc/Desktop/microros_ws/install/microxrcedds_client/lib:/home/devpc/Desktop/microros_ws/install/microcdr/lib:/home/devpc/Desktop/microros_ws/install/lifecycle_msgs/lib:/home/devpc/Desktop/microros_ws/install/complex_msgs/lib:/home/devpc/Desktop/microros_ws/install/microxrcedds_agent/lib:/home/devpc/Desktop/microros_ws/install/micro_ros_msgs/lib:/home/devpc/Desktop/quad_ws/install/quad_interfaces/lib:/opt/ros/foxy/opt/yaml_cpp_vendor/lib:/opt/ros/foxy/opt/rviz_ogre_vendor/lib:/opt/ros/foxy/lib/x86_64-linux-gnu:/opt/ros/foxy/lib PYTHONPATH=/home/devpc/Desktop/microros_ws/install/geometry_msgs/lib/python3.8/site-packages:/home/devpc/Desktop/microros_ws/install/std_msgs/lib/python3.8/site-packages:/home/devpc/Desktop/microros_ws/install/builtin_interfaces/lib/python3.8/site-packages:/home/devpc/Desktop/microros_ws/install/visualization_msgs/lib/python3.8/site-packages:/home/devpc/Desktop/microros_ws/install/test_msgs/lib/python3.8/site-packages:/home/devpc/Desktop/microros_ws/install/example_interfaces/lib/python3.8/site-packages:/home/devpc/Desktop/microros_ws/install/action_msgs/lib/python3.8/site-packages:/home/devpc/Desktop/microros_ws/install/unique_identifier_msgs/lib/python3.8/site-packages:/home/devpc/Desktop/microros_ws/install/trajectory_msgs/lib/python3.8/site-packages:/home/devpc/Desktop/microros_ws/install/stereo_msgs/lib/python3.8/site-packages:/home/devpc/Desktop/microros_ws/install/std_srvs/lib/python3.8/site-packages:/home/devpc/Desktop/microros_ws/install/shape_msgs/lib/python3.8/site-packages:/home/devpc/Desktop/microros_ws/install/sensor_msgs_py/lib/python3.8/site-packages:/home/devpc/Desktop/microros_ws/install/sensor_msgs/lib/python3.8/site-packages:/home/devpc/Desktop/microros_ws/install/nav_msgs/lib/python3.8/site-packages:/home/devpc/Desktop/microros_ws/install/diagnostic_msgs/lib/python3.8/site-packages:/home/devpc/Desktop/microros_ws/install/drive_base_msgs/lib/python3.8/site-packages:/home/devpc/Desktop/microros_ws/install/actionlib_msgs/lib/python3.8/site-packages:/home/devpc/Desktop/microros_ws/install/statistics_msgs/lib/python3.8/site-packages:/home/devpc/Desktop/microros_ws/install/rosidl_typesupport_microxrcedds_test_msg/lib/python3.8/site-packages:/home/devpc/Desktop/microros_ws/install/rosidl_typesupport_microxrcedds_cpp/lib/python3.8/site-packages:/home/devpc/Desktop/microros_ws/install/rosidl_typesupport_microxrcedds_c/lib/python3.8/site-packages:/home/devpc/Desktop/microros_ws/install/rosgraph_msgs/lib/python3.8/site-packages:/home/devpc/Desktop/microros_ws/install/composition_interfaces/lib/python3.8/site-packages:/home/devpc/Desktop/microros_ws/install/rcl_interfaces/lib/python3.8/site-packages:/home/devpc/Desktop/microros_ws/install/lifecycle_msgs/lib/python3.8/site-packages:/home/devpc/Desktop/microros_ws/install/complex_msgs/lib/python3.8/site-packages:/home/devpc/Desktop/microros_ws/install/micro_ros_msgs/lib/python3.8/site-packages:/home/devpc/Desktop/quad_ws/install/quad_interfaces/lib/python3.8/site-packages:/home/devpc/Desktop/quad_ws/install/quad/lib/python3.8/site-packages:/opt/ros/foxy/lib/python3.8/site-packages /usr/bin/cmake --build /home/devpc/Desktop/microros_ws/build/shape_msgs -- -j8 -l8
[0.193s] [  1%] Built target shape_msgs__cpp
[0.207s] [ 10%] Built target shape_msgs__rosidl_generator_c
[0.366s] [ 18%] Built target shape_msgs__rosidl_typesupport_cpp
[0.407s] [ 27%] Built target shape_msgs__rosidl_typesupport_introspection_cpp
[0.441s] [ 36%] Built target shape_msgs__rosidl_typesupport_c
[0.442s] [ 44%] Built target shape_msgs__rosidl_typesupport_fastrtps_cpp
[0.449s] [ 53%] Built target shape_msgs__rosidl_typesupport_microxrcedds_cpp
[0.451s] [ 62%] Built target shape_msgs__rosidl_typesupport_microxrcedds_c
[0.465s] [ 71%] Built target shape_msgs__rosidl_typesupport_introspection_c
[0.500s] [ 79%] Built target shape_msgs__rosidl_typesupport_fastrtps_c
[0.532s] [ 79%] Built target shape_msgs
[0.569s] [ 81%] Built target shape_msgs__py
[0.662s] [ 88%] Built target shape_msgs__python
[0.748s] [ 91%] Built target shape_msgs__rosidl_typesupport_introspection_c__pyext
[0.750s] [ 94%] Built target shape_msgs__rosidl_typesupport_microxrcedds_c__pyext
[0.756s] [ 97%] Built target shape_msgs__rosidl_typesupport_c__pyext
[0.760s] [100%] Built target shape_msgs__rosidl_typesupport_fastrtps_c__pyext
[0.780s] Invoked command in '/home/devpc/Desktop/microros_ws/build/shape_msgs' returned '0': CMAKE_PREFIX_PATH=/home/devpc/Desktop/microros_ws/install/geometry_msgs:/home/devpc/Desktop/microros_ws/install/std_msgs:/home/devpc/Desktop/microros_ws/install/builtin_interfaces:/home/devpc/Desktop/microros_ws/install/common_interfaces:/home/devpc/Desktop/microros_ws/install/visualization_msgs:/home/devpc/Desktop/microros_ws/install/test_msgs:/home/devpc/Desktop/microros_ws/install/micro_ros_demos_rclc:/home/devpc/Desktop/microros_ws/install/example_interfaces:/home/devpc/Desktop/microros_ws/install/action_msgs:/home/devpc/Desktop/microros_ws/install/unique_identifier_msgs:/home/devpc/Desktop/microros_ws/install/trajectory_msgs:/home/devpc/Desktop/microros_ws/install/stereo_msgs:/home/devpc/Desktop/microros_ws/install/std_srvs:/home/devpc/Desktop/microros_ws/install/shape_msgs:/home/devpc/Desktop/microros_ws/install/sensor_msgs:/home/devpc/Desktop/microros_ws/install/nav_msgs:/home/devpc/Desktop/microros_ws/install/diagnostic_msgs:/home/devpc/Desktop/microros_ws/install/drive_base_msgs:/home/devpc/Desktop/microros_ws/install/actionlib_msgs:/home/devpc/Desktop/microros_ws/install/statistics_msgs:/home/devpc/Desktop/microros_ws/install/rosidl_typesupport_microxrcedds_test_msg:/home/devpc/Desktop/microros_ws/install/rosidl_typesupport_microxrcedds_cpp_tests:/home/devpc/Desktop/microros_ws/install/rmw_microxrcedds:/home/devpc/Desktop/microros_ws/install/rosidl_typesupport_microxrcedds_cpp:/home/devpc/Desktop/microros_ws/install/rosidl_typesupport_microxrcedds_c_tests:/home/devpc/Desktop/microros_ws/install/rosidl_typesupport_microxrcedds_c:/home/devpc/Desktop/microros_ws/install/rosgraph_msgs:/home/devpc/Desktop/microros_ws/install/rclc:/home/devpc/Desktop/microros_ws/install/composition_interfaces:/home/devpc/Desktop/microros_ws/install/rcl_interfaces:/home/devpc/Desktop/microros_ws/install/microxrcedds_client:/home/devpc/Desktop/microros_ws/install/microcdr:/home/devpc/Desktop/microros_ws/install/micro_ros_demos_rclcpp:/home/devpc/Desktop/microros_ws/install/lifecycle_msgs:/home/devpc/Desktop/microros_ws/install/complex_msgs:/home/devpc/Desktop/microros_ws/install/micro_ros_agent:/home/devpc/Desktop/microros_ws/install/microxrcedds_agent:/home/devpc/Desktop/microros_ws/install/micro_ros_setup:/home/devpc/Desktop/microros_ws/install/micro_ros_msgs:/home/devpc/Desktop/quad_ws/install/quad_interfaces:/home/devpc/Desktop/microros_ws/install/sensor_msgs_py:/home/devpc/Desktop/quad_ws/install/quad:/opt/ros/foxy LD_LIBRARY_PATH=/home/devpc/Desktop/microros_ws/install/geometry_msgs/lib:/home/devpc/Desktop/microros_ws/install/std_msgs/lib:/home/devpc/Desktop/microros_ws/install/builtin_interfaces/lib:/home/devpc/Desktop/microros_ws/install/visualization_msgs/lib:/home/devpc/Desktop/microros_ws/install/test_msgs/lib:/home/devpc/Desktop/microros_ws/install/example_interfaces/lib:/home/devpc/Desktop/microros_ws/install/action_msgs/lib:/home/devpc/Desktop/microros_ws/install/unique_identifier_msgs/lib:/home/devpc/Desktop/microros_ws/install/trajectory_msgs/lib:/home/devpc/Desktop/microros_ws/install/stereo_msgs/lib:/home/devpc/Desktop/microros_ws/install/std_srvs/lib:/home/devpc/Desktop/microros_ws/install/shape_msgs/lib:/home/devpc/Desktop/microros_ws/install/sensor_msgs/lib:/home/devpc/Desktop/microros_ws/install/nav_msgs/lib:/home/devpc/Desktop/microros_ws/install/diagnostic_msgs/lib:/home/devpc/Desktop/microros_ws/install/drive_base_msgs/lib:/home/devpc/Desktop/microros_ws/install/actionlib_msgs/lib:/home/devpc/Desktop/microros_ws/install/statistics_msgs/lib:/home/devpc/Desktop/microros_ws/install/rosidl_typesupport_microxrcedds_test_msg/lib:/home/devpc/Desktop/microros_ws/install/rmw_microxrcedds/lib:/home/devpc/Desktop/microros_ws/install/rosidl_typesupport_microxrcedds_cpp/lib:/home/devpc/Desktop/microros_ws/install/rosidl_typesupport_microxrcedds_c/lib:/home/devpc/Desktop/microros_ws/install/rosgraph_msgs/lib:/home/devpc/Desktop/microros_ws/install/rclc/lib:/home/devpc/Desktop/microros_ws/install/composition_interfaces/lib:/home/devpc/Desktop/microros_ws/install/rcl_interfaces/lib:/home/devpc/Desktop/microros_ws/install/microxrcedds_client/lib:/home/devpc/Desktop/microros_ws/install/microcdr/lib:/home/devpc/Desktop/microros_ws/install/lifecycle_msgs/lib:/home/devpc/Desktop/microros_ws/install/complex_msgs/lib:/home/devpc/Desktop/microros_ws/install/microxrcedds_agent/lib:/home/devpc/Desktop/microros_ws/install/micro_ros_msgs/lib:/home/devpc/Desktop/quad_ws/install/quad_interfaces/lib:/opt/ros/foxy/opt/yaml_cpp_vendor/lib:/opt/ros/foxy/opt/rviz_ogre_vendor/lib:/opt/ros/foxy/lib/x86_64-linux-gnu:/opt/ros/foxy/lib PYTHONPATH=/home/devpc/Desktop/microros_ws/install/geometry_msgs/lib/python3.8/site-packages:/home/devpc/Desktop/microros_ws/install/std_msgs/lib/python3.8/site-packages:/home/devpc/Desktop/microros_ws/install/builtin_interfaces/lib/python3.8/site-packages:/home/devpc/Desktop/microros_ws/install/visualization_msgs/lib/python3.8/site-packages:/home/devpc/Desktop/microros_ws/install/test_msgs/lib/python3.8/site-packages:/home/devpc/Desktop/microros_ws/install/example_interfaces/lib/python3.8/site-packages:/home/devpc/Desktop/microros_ws/install/action_msgs/lib/python3.8/site-packages:/home/devpc/Desktop/microros_ws/install/unique_identifier_msgs/lib/python3.8/site-packages:/home/devpc/Desktop/microros_ws/install/trajectory_msgs/lib/python3.8/site-packages:/home/devpc/Desktop/microros_ws/install/stereo_msgs/lib/python3.8/site-packages:/home/devpc/Desktop/microros_ws/install/std_srvs/lib/python3.8/site-packages:/home/devpc/Desktop/microros_ws/install/shape_msgs/lib/python3.8/site-packages:/home/devpc/Desktop/microros_ws/install/sensor_msgs_py/lib/python3.8/site-packages:/home/devpc/Desktop/microros_ws/install/sensor_msgs/lib/python3.8/site-packages:/home/devpc/Desktop/microros_ws/install/nav_msgs/lib/python3.8/site-packages:/home/devpc/Desktop/microros_ws/install/diagnostic_msgs/lib/python3.8/site-packages:/home/devpc/Desktop/microros_ws/install/drive_base_msgs/lib/python3.8/site-packages:/home/devpc/Desktop/microros_ws/install/actionlib_msgs/lib/python3.8/site-packages:/home/devpc/Desktop/microros_ws/install/statistics_msgs/lib/python3.8/site-packages:/home/devpc/Desktop/microros_ws/install/rosidl_typesupport_microxrcedds_test_msg/lib/python3.8/site-packages:/home/devpc/Desktop/microros_ws/install/rosidl_typesupport_microxrcedds_cpp/lib/python3.8/site-packages:/home/devpc/Desktop/microros_ws/install/rosidl_typesupport_microxrcedds_c/lib/python3.8/site-packages:/home/devpc/Desktop/microros_ws/install/rosgraph_msgs/lib/python3.8/site-packages:/home/devpc/Desktop/microros_ws/install/composition_interfaces/lib/python3.8/site-packages:/home/devpc/Desktop/microros_ws/install/rcl_interfaces/lib/python3.8/site-packages:/home/devpc/Desktop/microros_ws/install/lifecycle_msgs/lib/python3.8/site-packages:/home/devpc/Desktop/microros_ws/install/complex_msgs/lib/python3.8/site-packages:/home/devpc/Desktop/microros_ws/install/micro_ros_msgs/lib/python3.8/site-packages:/home/devpc/Desktop/quad_ws/install/quad_interfaces/lib/python3.8/site-packages:/home/devpc/Desktop/quad_ws/install/quad/lib/python3.8/site-packages:/opt/ros/foxy/lib/python3.8/site-packages /usr/bin/cmake --build /home/devpc/Desktop/microros_ws/build/shape_msgs -- -j8 -l8
[1.041s] Invoking command in '/home/devpc/Desktop/microros_ws/build/shape_msgs': CMAKE_PREFIX_PATH=/home/devpc/Desktop/microros_ws/install/geometry_msgs:/home/devpc/Desktop/microros_ws/install/std_msgs:/home/devpc/Desktop/microros_ws/install/builtin_interfaces:/home/devpc/Desktop/microros_ws/install/common_interfaces:/home/devpc/Desktop/microros_ws/install/visualization_msgs:/home/devpc/Desktop/microros_ws/install/test_msgs:/home/devpc/Desktop/microros_ws/install/micro_ros_demos_rclc:/home/devpc/Desktop/microros_ws/install/example_interfaces:/home/devpc/Desktop/microros_ws/install/action_msgs:/home/devpc/Desktop/microros_ws/install/unique_identifier_msgs:/home/devpc/Desktop/microros_ws/install/trajectory_msgs:/home/devpc/Desktop/microros_ws/install/stereo_msgs:/home/devpc/Desktop/microros_ws/install/std_srvs:/home/devpc/Desktop/microros_ws/install/shape_msgs:/home/devpc/Desktop/microros_ws/install/sensor_msgs:/home/devpc/Desktop/microros_ws/install/nav_msgs:/home/devpc/Desktop/microros_ws/install/diagnostic_msgs:/home/devpc/Desktop/microros_ws/install/drive_base_msgs:/home/devpc/Desktop/microros_ws/install/actionlib_msgs:/home/devpc/Desktop/microros_ws/install/statistics_msgs:/home/devpc/Desktop/microros_ws/install/rosidl_typesupport_microxrcedds_test_msg:/home/devpc/Desktop/microros_ws/install/rosidl_typesupport_microxrcedds_cpp_tests:/home/devpc/Desktop/microros_ws/install/rmw_microxrcedds:/home/devpc/Desktop/microros_ws/install/rosidl_typesupport_microxrcedds_cpp:/home/devpc/Desktop/microros_ws/install/rosidl_typesupport_microxrcedds_c_tests:/home/devpc/Desktop/microros_ws/install/rosidl_typesupport_microxrcedds_c:/home/devpc/Desktop/microros_ws/install/rosgraph_msgs:/home/devpc/Desktop/microros_ws/install/rclc:/home/devpc/Desktop/microros_ws/install/composition_interfaces:/home/devpc/Desktop/microros_ws/install/rcl_interfaces:/home/devpc/Desktop/microros_ws/install/microxrcedds_client:/home/devpc/Desktop/microros_ws/install/microcdr:/home/devpc/Desktop/microros_ws/install/micro_ros_demos_rclcpp:/home/devpc/Desktop/microros_ws/install/lifecycle_msgs:/home/devpc/Desktop/microros_ws/install/complex_msgs:/home/devpc/Desktop/microros_ws/install/micro_ros_agent:/home/devpc/Desktop/microros_ws/install/microxrcedds_agent:/home/devpc/Desktop/microros_ws/install/micro_ros_setup:/home/devpc/Desktop/microros_ws/install/micro_ros_msgs:/home/devpc/Desktop/quad_ws/install/quad_interfaces:/home/devpc/Desktop/microros_ws/install/sensor_msgs_py:/home/devpc/Desktop/quad_ws/install/quad:/opt/ros/foxy LD_LIBRARY_PATH=/home/devpc/Desktop/microros_ws/install/geometry_msgs/lib:/home/devpc/Desktop/microros_ws/install/std_msgs/lib:/home/devpc/Desktop/microros_ws/install/builtin_interfaces/lib:/home/devpc/Desktop/microros_ws/install/visualization_msgs/lib:/home/devpc/Desktop/microros_ws/install/test_msgs/lib:/home/devpc/Desktop/microros_ws/install/example_interfaces/lib:/home/devpc/Desktop/microros_ws/install/action_msgs/lib:/home/devpc/Desktop/microros_ws/install/unique_identifier_msgs/lib:/home/devpc/Desktop/microros_ws/install/trajectory_msgs/lib:/home/devpc/Desktop/microros_ws/install/stereo_msgs/lib:/home/devpc/Desktop/microros_ws/install/std_srvs/lib:/home/devpc/Desktop/microros_ws/install/shape_msgs/lib:/home/devpc/Desktop/microros_ws/install/sensor_msgs/lib:/home/devpc/Desktop/microros_ws/install/nav_msgs/lib:/home/devpc/Desktop/microros_ws/install/diagnostic_msgs/lib:/home/devpc/Desktop/microros_ws/install/drive_base_msgs/lib:/home/devpc/Desktop/microros_ws/install/actionlib_msgs/lib:/home/devpc/Desktop/microros_ws/install/statistics_msgs/lib:/home/devpc/Desktop/microros_ws/install/rosidl_typesupport_microxrcedds_test_msg/lib:/home/devpc/Desktop/microros_ws/install/rmw_microxrcedds/lib:/home/devpc/Desktop/microros_ws/install/rosidl_typesupport_microxrcedds_cpp/lib:/home/devpc/Desktop/microros_ws/install/rosidl_typesupport_microxrcedds_c/lib:/home/devpc/Desktop/microros_ws/install/rosgraph_msgs/lib:/home/devpc/Desktop/microros_ws/install/rclc/lib:/home/devpc/Desktop/microros_ws/install/composition_interfaces/lib:/home/devpc/Desktop/microros_ws/install/rcl_interfaces/lib:/home/devpc/Desktop/microros_ws/install/microxrcedds_client/lib:/home/devpc/Desktop/microros_ws/install/microcdr/lib:/home/devpc/Desktop/microros_ws/install/lifecycle_msgs/lib:/home/devpc/Desktop/microros_ws/install/complex_msgs/lib:/home/devpc/Desktop/microros_ws/install/microxrcedds_agent/lib:/home/devpc/Desktop/microros_ws/install/micro_ros_msgs/lib:/home/devpc/Desktop/quad_ws/install/quad_interfaces/lib:/opt/ros/foxy/opt/yaml_cpp_vendor/lib:/opt/ros/foxy/opt/rviz_ogre_vendor/lib:/opt/ros/foxy/lib/x86_64-linux-gnu:/opt/ros/foxy/lib PYTHONPATH=/home/devpc/Desktop/microros_ws/install/geometry_msgs/lib/python3.8/site-packages:/home/devpc/Desktop/microros_ws/install/std_msgs/lib/python3.8/site-packages:/home/devpc/Desktop/microros_ws/install/builtin_interfaces/lib/python3.8/site-packages:/home/devpc/Desktop/microros_ws/install/visualization_msgs/lib/python3.8/site-packages:/home/devpc/Desktop/microros_ws/install/test_msgs/lib/python3.8/site-packages:/home/devpc/Desktop/microros_ws/install/example_interfaces/lib/python3.8/site-packages:/home/devpc/Desktop/microros_ws/install/action_msgs/lib/python3.8/site-packages:/home/devpc/Desktop/microros_ws/install/unique_identifier_msgs/lib/python3.8/site-packages:/home/devpc/Desktop/microros_ws/install/trajectory_msgs/lib/python3.8/site-packages:/home/devpc/Desktop/microros_ws/install/stereo_msgs/lib/python3.8/site-packages:/home/devpc/Desktop/microros_ws/install/std_srvs/lib/python3.8/site-packages:/home/devpc/Desktop/microros_ws/install/shape_msgs/lib/python3.8/site-packages:/home/devpc/Desktop/microros_ws/install/sensor_msgs_py/lib/python3.8/site-packages:/home/devpc/Desktop/microros_ws/install/sensor_msgs/lib/python3.8/site-packages:/home/devpc/Desktop/microros_ws/install/nav_msgs/lib/python3.8/site-packages:/home/devpc/Desktop/microros_ws/install/diagnostic_msgs/lib/python3.8/site-packages:/home/devpc/Desktop/microros_ws/install/drive_base_msgs/lib/python3.8/site-packages:/home/devpc/Desktop/microros_ws/install/actionlib_msgs/lib/python3.8/site-packages:/home/devpc/Desktop/microros_ws/install/statistics_msgs/lib/python3.8/site-packages:/home/devpc/Desktop/microros_ws/install/rosidl_typesupport_microxrcedds_test_msg/lib/python3.8/site-packages:/home/devpc/Desktop/microros_ws/install/rosidl_typesupport_microxrcedds_cpp/lib/python3.8/site-packages:/home/devpc/Desktop/microros_ws/install/rosidl_typesupport_microxrcedds_c/lib/python3.8/site-packages:/home/devpc/Desktop/microros_ws/install/rosgraph_msgs/lib/python3.8/site-packages:/home/devpc/Desktop/microros_ws/install/composition_interfaces/lib/python3.8/site-packages:/home/devpc/Desktop/microros_ws/install/rcl_interfaces/lib/python3.8/site-packages:/home/devpc/Desktop/microros_ws/install/lifecycle_msgs/lib/python3.8/site-packages:/home/devpc/Desktop/microros_ws/install/complex_msgs/lib/python3.8/site-packages:/home/devpc/Desktop/microros_ws/install/micro_ros_msgs/lib/python3.8/site-packages:/home/devpc/Desktop/quad_ws/install/quad_interfaces/lib/python3.8/site-packages:/home/devpc/Desktop/quad_ws/install/quad/lib/python3.8/site-packages:/opt/ros/foxy/lib/python3.8/site-packages /usr/bin/cmake --install /home/devpc/Desktop/microros_ws/build/shape_msgs
[1.063s] -- Install configuration: ""
[1.064s] -- Up-to-date: /home/devpc/Desktop/microros_ws/install/shape_msgs/share/ament_index/resource_index/rosidl_interfaces/shape_msgs
[1.064s] -- Up-to-date: /home/devpc/Desktop/microros_ws/install/shape_msgs/include/shape_msgs
[1.064s] -- Up-to-date: /home/devpc/Desktop/microros_ws/install/shape_msgs/include/shape_msgs/msg
[1.064s] -- Up-to-date: /home/devpc/Desktop/microros_ws/install/shape_msgs/include/shape_msgs/msg/mesh_triangle.h
[1.064s] -- Up-to-date: /home/devpc/Desktop/microros_ws/install/shape_msgs/include/shape_msgs/msg/plane.h
[1.064s] -- Up-to-date: /home/devpc/Desktop/microros_ws/install/shape_msgs/include/shape_msgs/msg/detail
[1.065s] -- Up-to-date: /home/devpc/Desktop/microros_ws/install/shape_msgs/include/shape_msgs/msg/detail/plane__functions.h
[1.065s] -- Up-to-date: /home/devpc/Desktop/microros_ws/install/shape_msgs/include/shape_msgs/msg/detail/plane__struct.h
[1.065s] -- Up-to-date: /home/devpc/Desktop/microros_ws/install/shape_msgs/include/shape_msgs/msg/detail/mesh_triangle__struct.h
[1.065s] -- Up-to-date: /home/devpc/Desktop/microros_ws/install/shape_msgs/include/shape_msgs/msg/detail/solid_primitive__type_support.h
[1.066s] -- Up-to-date: /home/devpc/Desktop/microros_ws/install/shape_msgs/include/shape_msgs/msg/detail/solid_primitive__functions.h
[1.066s] -- Up-to-date: /home/devpc/Desktop/microros_ws/install/shape_msgs/include/shape_msgs/msg/detail/mesh__functions.c
[1.066s] -- Up-to-date: /home/devpc/Desktop/microros_ws/install/shape_msgs/include/shape_msgs/msg/detail/mesh__functions.h
[1.066s] -- Up-to-date: /home/devpc/Desktop/microros_ws/install/shape_msgs/include/shape_msgs/msg/detail/solid_primitive__functions.c
[1.066s] -- Up-to-date: /home/devpc/Desktop/microros_ws/install/shape_msgs/include/shape_msgs/msg/detail/solid_primitive__struct.h
[1.066s] -- Up-to-date: /home/devpc/Desktop/microros_ws/install/shape_msgs/include/shape_msgs/msg/detail/mesh_triangle__functions.c
[1.067s] -- Up-to-date: /home/devpc/Desktop/microros_ws/install/shape_msgs/include/shape_msgs/msg/detail/plane__functions.c
[1.067s] -- Up-to-date: /home/devpc/Desktop/microros_ws/install/shape_msgs/include/shape_msgs/msg/detail/mesh_triangle__functions.h
[1.067s] -- Up-to-date: /home/devpc/Desktop/microros_ws/install/shape_msgs/include/shape_msgs/msg/detail/plane__type_support.h
[1.068s] -- Up-to-date: /home/devpc/Desktop/microros_ws/install/shape_msgs/include/shape_msgs/msg/detail/mesh__type_support.h
[1.068s] -- Up-to-date: /home/devpc/Desktop/microros_ws/install/shape_msgs/include/shape_msgs/msg/detail/mesh_triangle__type_support.h
[1.068s] -- Up-to-date: /home/devpc/Desktop/microros_ws/install/shape_msgs/include/shape_msgs/msg/detail/mesh__struct.h
[1.068s] -- Up-to-date: /home/devpc/Desktop/microros_ws/install/shape_msgs/include/shape_msgs/msg/solid_primitive.h
[1.068s] -- Up-to-date: /home/devpc/Desktop/microros_ws/install/shape_msgs/include/shape_msgs/msg/mesh.h
[1.068s] -- Up-to-date: /home/devpc/Desktop/microros_ws/install/shape_msgs/include/shape_msgs/msg/rosidl_generator_c__visibility_control.h
[1.069s] -- Up-to-date: /home/devpc/Desktop/microros_ws/install/shape_msgs/share/shape_msgs/environment/library_path.sh
[1.069s] -- Up-to-date: /home/devpc/Desktop/microros_ws/install/shape_msgs/share/shape_msgs/environment/library_path.dsv
[1.069s] -- Up-to-date: /home/devpc/Desktop/microros_ws/install/shape_msgs/lib/libshape_msgs__rosidl_generator_c.so
[1.069s] -- Up-to-date: /home/devpc/Desktop/microros_ws/install/shape_msgs/include/shape_msgs
[1.069s] -- Up-to-date: /home/devpc/Desktop/microros_ws/install/shape_msgs/include/shape_msgs/msg
[1.070s] -- Up-to-date: /home/devpc/Desktop/microros_ws/install/shape_msgs/include/shape_msgs/msg/detail
[1.070s] -- Up-to-date: /home/devpc/Desktop/microros_ws/install/shape_msgs/include/shape_msgs/msg/detail/plane__rosidl_typesupport_microxrcedds_c.h
[1.070s] -- Up-to-date: /home/devpc/Desktop/microros_ws/install/shape_msgs/include/shape_msgs/msg/detail/mesh__rosidl_typesupport_microxrcedds_c.h
[1.070s] -- Up-to-date: /home/devpc/Desktop/microros_ws/install/shape_msgs/include/shape_msgs/msg/detail/solid_primitive__rosidl_typesupport_microxrcedds_c.h
[1.070s] -- Up-to-date: /home/devpc/Desktop/microros_ws/install/shape_msgs/include/shape_msgs/msg/detail/microxrcedds
[1.071s] -- Up-to-date: /home/devpc/Desktop/microros_ws/install/shape_msgs/include/shape_msgs/msg/detail/mesh_triangle__rosidl_typesupport_microxrcedds_c.h
[1.071s] -- Up-to-date: /home/devpc/Desktop/microros_ws/install/shape_msgs/include/shape_msgs/msg/rosidl_typesupport_microxrcedds_c__visibility_control.h
[1.071s] -- Up-to-date: /home/devpc/Desktop/microros_ws/install/shape_msgs/lib/libshape_msgs__rosidl_typesupport_microxrcedds_c.so
[1.071s] -- Up-to-date: /home/devpc/Desktop/microros_ws/install/shape_msgs/include/shape_msgs
[1.071s] -- Up-to-date: /home/devpc/Desktop/microros_ws/install/shape_msgs/include/shape_msgs/msg
[1.071s] -- Up-to-date: /home/devpc/Desktop/microros_ws/install/shape_msgs/include/shape_msgs/msg/detail
[1.071s] -- Up-to-date: /home/devpc/Desktop/microros_ws/install/shape_msgs/include/shape_msgs/msg/detail/mesh__rosidl_typesupport_fastrtps_c.h
[1.071s] -- Up-to-date: /home/devpc/Desktop/microros_ws/install/shape_msgs/include/shape_msgs/msg/detail/solid_primitive__rosidl_typesupport_fastrtps_c.h
[1.072s] -- Up-to-date: /home/devpc/Desktop/microros_ws/install/shape_msgs/include/shape_msgs/msg/detail/mesh_triangle__rosidl_typesupport_fastrtps_c.h
[1.072s] -- Up-to-date: /home/devpc/Desktop/microros_ws/install/shape_msgs/include/shape_msgs/msg/detail/plane__rosidl_typesupport_fastrtps_c.h
[1.072s] -- Up-to-date: /home/devpc/Desktop/microros_ws/install/shape_msgs/include/shape_msgs/msg/rosidl_typesupport_fastrtps_c__visibility_control.h
[1.072s] -- Up-to-date: /home/devpc/Desktop/microros_ws/install/shape_msgs/lib/libshape_msgs__rosidl_typesupport_fastrtps_c.so
[1.072s] -- Up-to-date: /home/devpc/Desktop/microros_ws/install/shape_msgs/include/shape_msgs
[1.072s] -- Up-to-date: /home/devpc/Desktop/microros_ws/install/shape_msgs/include/shape_msgs/msg
[1.072s] -- Up-to-date: /home/devpc/Desktop/microros_ws/install/shape_msgs/include/shape_msgs/msg/detail
[1.072s] -- Up-to-date: /home/devpc/Desktop/microros_ws/install/shape_msgs/include/shape_msgs/msg/detail/plane__rosidl_typesupport_fastrtps_cpp.hpp
[1.072s] -- Up-to-date: /home/devpc/Desktop/microros_ws/install/shape_msgs/include/shape_msgs/msg/detail/solid_primitive__rosidl_typesupport_fastrtps_cpp.hpp
[1.073s] -- Up-to-date: /home/devpc/Desktop/microros_ws/install/shape_msgs/include/shape_msgs/msg/detail/mesh__rosidl_typesupport_fastrtps_cpp.hpp
[1.073s] -- Up-to-date: /home/devpc/Desktop/microros_ws/install/shape_msgs/include/shape_msgs/msg/detail/dds_fastrtps
[1.073s] -- Up-to-date: /home/devpc/Desktop/microros_ws/install/shape_msgs/include/shape_msgs/msg/detail/mesh_triangle__rosidl_typesupport_fastrtps_cpp.hpp
[1.073s] -- Up-to-date: /home/devpc/Desktop/microros_ws/install/shape_msgs/include/shape_msgs/msg/rosidl_typesupport_fastrtps_cpp__visibility_control.h
[1.073s] -- Up-to-date: /home/devpc/Desktop/microros_ws/install/shape_msgs/lib/libshape_msgs__rosidl_typesupport_fastrtps_cpp.so
[1.073s] -- Up-to-date: /home/devpc/Desktop/microros_ws/install/shape_msgs/include/shape_msgs
[1.073s] -- Up-to-date: /home/devpc/Desktop/microros_ws/install/shape_msgs/include/shape_msgs/msg
[1.073s] -- Up-to-date: /home/devpc/Desktop/microros_ws/install/shape_msgs/include/shape_msgs/msg/detail
[1.073s] -- Up-to-date: /home/devpc/Desktop/microros_ws/install/shape_msgs/include/shape_msgs/msg/detail/mesh_triangle__type_support.c
[1.073s] -- Up-to-date: /home/devpc/Desktop/microros_ws/install/shape_msgs/include/shape_msgs/msg/detail/plane__rosidl_typesupport_introspection_c.h
[1.073s] -- Up-to-date: /home/devpc/Desktop/microros_ws/install/shape_msgs/include/shape_msgs/msg/detail/mesh__type_support.c
[1.074s] -- Up-to-date: /home/devpc/Desktop/microros_ws/install/shape_msgs/include/shape_msgs/msg/detail/mesh_triangle__rosidl_typesupport_introspection_c.h
[1.074s] -- Up-to-date: /home/devpc/Desktop/microros_ws/install/shape_msgs/include/shape_msgs/msg/detail/solid_primitive__type_support.c
[1.074s] -- Up-to-date: /home/devpc/Desktop/microros_ws/install/shape_msgs/include/shape_msgs/msg/detail/mesh__rosidl_typesupport_introspection_c.h
[1.074s] -- Up-to-date: /home/devpc/Desktop/microros_ws/install/shape_msgs/include/shape_msgs/msg/detail/solid_primitive__rosidl_typesupport_introspection_c.h
[1.074s] -- Up-to-date: /home/devpc/Desktop/microros_ws/install/shape_msgs/include/shape_msgs/msg/detail/plane__type_support.c
[1.074s] -- Up-to-date: /home/devpc/Desktop/microros_ws/install/shape_msgs/include/shape_msgs/msg/rosidl_typesupport_introspection_c__visibility_control.h
[1.074s] -- Up-to-date: /home/devpc/Desktop/microros_ws/install/shape_msgs/lib/libshape_msgs__rosidl_typesupport_introspection_c.so
[1.074s] -- Up-to-date: /home/devpc/Desktop/microros_ws/install/shape_msgs/lib/libshape_msgs__rosidl_typesupport_c.so
[1.075s] -- Up-to-date: /home/devpc/Desktop/microros_ws/install/shape_msgs/include/shape_msgs
[1.075s] -- Up-to-date: /home/devpc/Desktop/microros_ws/install/shape_msgs/include/shape_msgs/msg
[1.075s] -- Up-to-date: /home/devpc/Desktop/microros_ws/install/shape_msgs/include/shape_msgs/msg/solid_primitive.hpp
[1.075s] -- Up-to-date: /home/devpc/Desktop/microros_ws/install/shape_msgs/include/shape_msgs/msg/mesh_triangle.hpp
[1.075s] -- Up-to-date: /home/devpc/Desktop/microros_ws/install/shape_msgs/include/shape_msgs/msg/detail
[1.075s] -- Up-to-date: /home/devpc/Desktop/microros_ws/install/shape_msgs/include/shape_msgs/msg/detail/mesh__builder.hpp
[1.075s] -- Up-to-date: /home/devpc/Desktop/microros_ws/install/shape_msgs/include/shape_msgs/msg/detail/plane__traits.hpp
[1.075s] -- Up-to-date: /home/devpc/Desktop/microros_ws/install/shape_msgs/include/shape_msgs/msg/detail/solid_primitive__builder.hpp
[1.075s] -- Up-to-date: /home/devpc/Desktop/microros_ws/install/shape_msgs/include/shape_msgs/msg/detail/plane__struct.hpp
[1.075s] -- Up-to-date: /home/devpc/Desktop/microros_ws/install/shape_msgs/include/shape_msgs/msg/detail/mesh__struct.hpp
[1.075s] -- Up-to-date: /home/devpc/Desktop/microros_ws/install/shape_msgs/include/shape_msgs/msg/detail/solid_primitive__traits.hpp
[1.076s] -- Up-to-date: /home/devpc/Desktop/microros_ws/install/shape_msgs/include/shape_msgs/msg/detail/mesh__traits.hpp
[1.076s] -- Up-to-date: /home/devpc/Desktop/microros_ws/install/shape_msgs/include/shape_msgs/msg/detail/solid_primitive__struct.hpp
[1.076s] -- Up-to-date: /home/devpc/Desktop/microros_ws/install/shape_msgs/include/shape_msgs/msg/detail/mesh_triangle__builder.hpp
[1.076s] -- Up-to-date: /home/devpc/Desktop/microros_ws/install/shape_msgs/include/shape_msgs/msg/detail/plane__builder.hpp
[1.076s] -- Up-to-date: /home/devpc/Desktop/microros_ws/install/shape_msgs/include/shape_msgs/msg/detail/mesh_triangle__struct.hpp
[1.076s] -- Up-to-date: /home/devpc/Desktop/microros_ws/install/shape_msgs/include/shape_msgs/msg/detail/mesh_triangle__traits.hpp
[1.076s] -- Up-to-date: /home/devpc/Desktop/microros_ws/install/shape_msgs/include/shape_msgs/msg/mesh.hpp
[1.076s] -- Up-to-date: /home/devpc/Desktop/microros_ws/install/shape_msgs/include/shape_msgs/msg/plane.hpp
[1.077s] -- Up-to-date: /home/devpc/Desktop/microros_ws/install/shape_msgs/include/shape_msgs
[1.077s] -- Up-to-date: /home/devpc/Desktop/microros_ws/install/shape_msgs/include/shape_msgs/msg
[1.077s] -- Up-to-date: /home/devpc/Desktop/microros_ws/install/shape_msgs/include/shape_msgs/msg/detail
[1.077s] -- Up-to-date: /home/devpc/Desktop/microros_ws/install/shape_msgs/include/shape_msgs/msg/detail/solid_primitive__rosidl_typesupport_microxrcedds_cpp.hpp
[1.077s] -- Up-to-date: /home/devpc/Desktop/microros_ws/install/shape_msgs/include/shape_msgs/msg/detail/mesh__rosidl_typesupport_microxrcedds_cpp.hpp
[1.077s] -- Up-to-date: /home/devpc/Desktop/microros_ws/install/shape_msgs/include/shape_msgs/msg/detail/microxrcedds
[1.077s] -- Up-to-date: /home/devpc/Desktop/microros_ws/install/shape_msgs/include/shape_msgs/msg/detail/microxrcedds/mesh__type_support_cpp.cpp
[1.077s] -- Up-to-date: /home/devpc/Desktop/microros_ws/install/shape_msgs/include/shape_msgs/msg/detail/microxrcedds/plane__type_support_cpp.cpp
[1.077s] -- Up-to-date: /home/devpc/Desktop/microros_ws/install/shape_msgs/include/shape_msgs/msg/detail/microxrcedds/solid_primitive__type_support_cpp.cpp
[1.077s] -- Up-to-date: /home/devpc/Desktop/microros_ws/install/shape_msgs/include/shape_msgs/msg/detail/microxrcedds/mesh_triangle__type_support_cpp.cpp
[1.077s] -- Up-to-date: /home/devpc/Desktop/microros_ws/install/shape_msgs/include/shape_msgs/msg/detail/plane__rosidl_typesupport_microxrcedds_cpp.hpp
[1.078s] -- Up-to-date: /home/devpc/Desktop/microros_ws/install/shape_msgs/include/shape_msgs/msg/detail/mesh_triangle__rosidl_typesupport_microxrcedds_cpp.hpp
[1.078s] -- Up-to-date: /home/devpc/Desktop/microros_ws/install/shape_msgs/include/shape_msgs/msg/rosidl_typesupport_microxrcedds_cpp__visibility_control.h
[1.078s] -- Up-to-date: /home/devpc/Desktop/microros_ws/install/shape_msgs/lib/libshape_msgs__rosidl_typesupport_microxrcedds_cpp.so
[1.078s] -- Up-to-date: /home/devpc/Desktop/microros_ws/install/shape_msgs/include/shape_msgs
[1.078s] -- Up-to-date: /home/devpc/Desktop/microros_ws/install/shape_msgs/include/shape_msgs/msg
[1.078s] -- Up-to-date: /home/devpc/Desktop/microros_ws/install/shape_msgs/include/shape_msgs/msg/detail
[1.078s] -- Up-to-date: /home/devpc/Desktop/microros_ws/install/shape_msgs/include/shape_msgs/msg/detail/mesh__rosidl_typesupport_introspection_cpp.hpp
[1.079s] -- Up-to-date: /home/devpc/Desktop/microros_ws/install/shape_msgs/include/shape_msgs/msg/detail/mesh_triangle__rosidl_typesupport_introspection_cpp.hpp
[1.079s] -- Up-to-date: /home/devpc/Desktop/microros_ws/install/shape_msgs/include/shape_msgs/msg/detail/plane__rosidl_typesupport_introspection_cpp.hpp
[1.079s] -- Up-to-date: /home/devpc/Desktop/microros_ws/install/shape_msgs/include/shape_msgs/msg/detail/solid_primitive__type_support.cpp
[1.079s] -- Up-to-date: /home/devpc/Desktop/microros_ws/install/shape_msgs/include/shape_msgs/msg/detail/plane__type_support.cpp
[1.079s] -- Up-to-date: /home/devpc/Desktop/microros_ws/install/shape_msgs/include/shape_msgs/msg/detail/solid_primitive__rosidl_typesupport_introspection_cpp.hpp
[1.079s] -- Up-to-date: /home/devpc/Desktop/microros_ws/install/shape_msgs/include/shape_msgs/msg/detail/mesh_triangle__type_support.cpp
[1.079s] -- Up-to-date: /home/devpc/Desktop/microros_ws/install/shape_msgs/include/shape_msgs/msg/detail/mesh__type_support.cpp
[1.079s] -- Up-to-date: /home/devpc/Desktop/microros_ws/install/shape_msgs/lib/libshape_msgs__rosidl_typesupport_introspection_cpp.so
[1.079s] -- Up-to-date: /home/devpc/Desktop/microros_ws/install/shape_msgs/lib/libshape_msgs__rosidl_typesupport_cpp.so
[1.079s] -- Up-to-date: /home/devpc/Desktop/microros_ws/install/shape_msgs/share/shape_msgs/environment/pythonpath.sh
[1.080s] -- Up-to-date: /home/devpc/Desktop/microros_ws/install/shape_msgs/share/shape_msgs/environment/pythonpath.dsv
[1.080s] -- Up-to-date: /home/devpc/Desktop/microros_ws/install/shape_msgs/lib/python3.8/site-packages/shape_msgs/__init__.py
[1.133s] -- Up-to-date: /home/devpc/Desktop/microros_ws/install/shape_msgs/lib/python3.8/site-packages/shape_msgs/msg
[1.134s] -- Up-to-date: /home/devpc/Desktop/microros_ws/install/shape_msgs/lib/python3.8/site-packages/shape_msgs/msg/_mesh_s.c
[1.135s] -- Up-to-date: /home/devpc/Desktop/microros_ws/install/shape_msgs/lib/python3.8/site-packages/shape_msgs/msg/_plane_s.c
[1.135s] -- Up-to-date: /home/devpc/Desktop/microros_ws/install/shape_msgs/lib/python3.8/site-packages/shape_msgs/msg/_mesh_triangle_s.c
[1.136s] -- Up-to-date: /home/devpc/Desktop/microros_ws/install/shape_msgs/lib/python3.8/site-packages/shape_msgs/msg/_mesh.py
[1.137s] -- Up-to-date: /home/devpc/Desktop/microros_ws/install/shape_msgs/lib/python3.8/site-packages/shape_msgs/msg/__init__.py
[1.137s] -- Up-to-date: /home/devpc/Desktop/microros_ws/install/shape_msgs/lib/python3.8/site-packages/shape_msgs/msg/_solid_primitive_s.c
[1.137s] -- Up-to-date: /home/devpc/Desktop/microros_ws/install/shape_msgs/lib/python3.8/site-packages/shape_msgs/msg/_mesh_triangle.py
[1.137s] -- Up-to-date: /home/devpc/Desktop/microros_ws/install/shape_msgs/lib/python3.8/site-packages/shape_msgs/msg/_plane.py
[1.140s] -- Up-to-date: /home/devpc/Desktop/microros_ws/install/shape_msgs/lib/python3.8/site-packages/shape_msgs/msg/_solid_primitive.py
[1.140s] -- Up-to-date: /home/devpc/Desktop/microros_ws/install/shape_msgs/lib/python3.8/site-packages/shape_msgs/shape_msgs_s__rosidl_typesupport_microxrcedds_c.cpython-38-x86_64-linux-gnu.so
[1.141s] -- Up-to-date: /home/devpc/Desktop/microros_ws/install/shape_msgs/lib/python3.8/site-packages/shape_msgs/shape_msgs_s__rosidl_typesupport_fastrtps_c.cpython-38-x86_64-linux-gnu.so
[1.142s] -- Up-to-date: /home/devpc/Desktop/microros_ws/install/shape_msgs/lib/python3.8/site-packages/shape_msgs/shape_msgs_s__rosidl_typesupport_introspection_c.cpython-38-x86_64-linux-gnu.so
[1.144s] -- Up-to-date: /home/devpc/Desktop/microros_ws/install/shape_msgs/lib/python3.8/site-packages/shape_msgs/shape_msgs_s__rosidl_typesupport_c.cpython-38-x86_64-linux-gnu.so
[1.145s] -- Up-to-date: /home/devpc/Desktop/microros_ws/install/shape_msgs/lib/libshape_msgs__python.so
[1.145s] -- Up-to-date: /home/devpc/Desktop/microros_ws/install/shape_msgs/share/shape_msgs/msg/Mesh.idl
[1.147s] -- Up-to-date: /home/devpc/Desktop/microros_ws/install/shape_msgs/share/shape_msgs/msg/MeshTriangle.idl
[1.147s] -- Up-to-date: /home/devpc/Desktop/microros_ws/install/shape_msgs/share/shape_msgs/msg/Plane.idl
[1.147s] -- Up-to-date: /home/devpc/Desktop/microros_ws/install/shape_msgs/share/shape_msgs/msg/SolidPrimitive.idl
[1.148s] -- Up-to-date: /home/devpc/Desktop/microros_ws/install/shape_msgs/share/shape_msgs/msg/Mesh.msg
[1.148s] -- Up-to-date: /home/devpc/Desktop/microros_ws/install/shape_msgs/share/shape_msgs/msg/MeshTriangle.msg
[1.148s] -- Up-to-date: /home/devpc/Desktop/microros_ws/install/shape_msgs/share/shape_msgs/msg/Plane.msg
[1.149s] -- Up-to-date: /home/devpc/Desktop/microros_ws/install/shape_msgs/share/shape_msgs/msg/SolidPrimitive.msg
[1.149s] -- Up-to-date: /home/devpc/Desktop/microros_ws/install/shape_msgs/share/ament_index/resource_index/package_run_dependencies/shape_msgs
[1.149s] -- Up-to-date: /home/devpc/Desktop/microros_ws/install/shape_msgs/share/ament_index/resource_index/parent_prefix_path/shape_msgs
[1.149s] -- Up-to-date: /home/devpc/Desktop/microros_ws/install/shape_msgs/share/shape_msgs/environment/ament_prefix_path.sh
[1.149s] -- Up-to-date: /home/devpc/Desktop/microros_ws/install/shape_msgs/share/shape_msgs/environment/ament_prefix_path.dsv
[1.149s] -- Up-to-date: /home/devpc/Desktop/microros_ws/install/shape_msgs/share/shape_msgs/environment/path.sh
[1.149s] -- Up-to-date: /home/devpc/Desktop/microros_ws/install/shape_msgs/share/shape_msgs/environment/path.dsv
[1.150s] -- Up-to-date: /home/devpc/Desktop/microros_ws/install/shape_msgs/share/shape_msgs/local_setup.bash
[1.150s] -- Up-to-date: /home/devpc/Desktop/microros_ws/install/shape_msgs/share/shape_msgs/local_setup.sh
[1.151s] -- Up-to-date: /home/devpc/Desktop/microros_ws/install/shape_msgs/share/shape_msgs/local_setup.zsh
[1.151s] -- Up-to-date: /home/devpc/Desktop/microros_ws/install/shape_msgs/share/shape_msgs/local_setup.dsv
[1.151s] -- Installing: /home/devpc/Desktop/microros_ws/install/shape_msgs/share/shape_msgs/package.dsv
[1.152s] -- Up-to-date: /home/devpc/Desktop/microros_ws/install/shape_msgs/share/ament_index/resource_index/packages/shape_msgs
[1.153s] -- Up-to-date: /home/devpc/Desktop/microros_ws/install/shape_msgs/share/shape_msgs/cmake/shape_msgs__rosidl_generator_cExport.cmake
[1.153s] -- Up-to-date: /home/devpc/Desktop/microros_ws/install/shape_msgs/share/shape_msgs/cmake/shape_msgs__rosidl_generator_cExport-noconfig.cmake
[1.153s] -- Up-to-date: /home/devpc/Desktop/microros_ws/install/shape_msgs/share/shape_msgs/cmake/shape_msgs__rosidl_typesupport_introspection_cExport.cmake
[1.154s] -- Up-to-date: /home/devpc/Desktop/microros_ws/install/shape_msgs/share/shape_msgs/cmake/shape_msgs__rosidl_typesupport_introspection_cExport-noconfig.cmake
[1.154s] -- Up-to-date: /home/devpc/Desktop/microros_ws/install/shape_msgs/share/shape_msgs/cmake/shape_msgs__rosidl_typesupport_cExport.cmake
[1.155s] -- Up-to-date: /home/devpc/Desktop/microros_ws/install/shape_msgs/share/shape_msgs/cmake/shape_msgs__rosidl_typesupport_cExport-noconfig.cmake
[1.155s] -- Up-to-date: /home/devpc/Desktop/microros_ws/install/shape_msgs/share/shape_msgs/cmake/shape_msgs__rosidl_generator_cppExport.cmake
[1.155s] -- Up-to-date: /home/devpc/Desktop/microros_ws/install/shape_msgs/share/shape_msgs/cmake/shape_msgs__rosidl_typesupport_introspection_cppExport.cmake
[1.155s] -- Up-to-date: /home/devpc/Desktop/microros_ws/install/shape_msgs/share/shape_msgs/cmake/shape_msgs__rosidl_typesupport_introspection_cppExport-noconfig.cmake
[1.156s] -- Up-to-date: /home/devpc/Desktop/microros_ws/install/shape_msgs/share/shape_msgs/cmake/shape_msgs__rosidl_typesupport_cppExport.cmake
[1.156s] -- Up-to-date: /home/devpc/Desktop/microros_ws/install/shape_msgs/share/shape_msgs/cmake/shape_msgs__rosidl_typesupport_cppExport-noconfig.cmake
[1.156s] -- Up-to-date: /home/devpc/Desktop/microros_ws/install/shape_msgs/share/shape_msgs/cmake/rosidl_cmake-extras.cmake
[1.157s] -- Up-to-date: /home/devpc/Desktop/microros_ws/install/shape_msgs/share/shape_msgs/cmake/ament_cmake_export_dependencies-extras.cmake
[1.157s] -- Up-to-date: /home/devpc/Desktop/microros_ws/install/shape_msgs/share/shape_msgs/cmake/ament_cmake_export_libraries-extras.cmake
[1.157s] -- Up-to-date: /home/devpc/Desktop/microros_ws/install/shape_msgs/share/shape_msgs/cmake/ament_cmake_export_targets-extras.cmake
[1.158s] -- Up-to-date: /home/devpc/Desktop/microros_ws/install/shape_msgs/share/shape_msgs/cmake/ament_cmake_export_include_directories-extras.cmake
[1.158s] -- Up-to-date: /home/devpc/Desktop/microros_ws/install/shape_msgs/share/shape_msgs/cmake/rosidl_cmake_export_typesupport_libraries-extras.cmake
[1.158s] -- Up-to-date: /home/devpc/Desktop/microros_ws/install/shape_msgs/share/shape_msgs/cmake/rosidl_cmake_export_typesupport_targets-extras.cmake
[1.158s] -- Up-to-date: /home/devpc/Desktop/microros_ws/install/shape_msgs/share/shape_msgs/cmake/shape_msgsConfig.cmake
[1.158s] -- Up-to-date: /home/devpc/Desktop/microros_ws/install/shape_msgs/share/shape_msgs/cmake/shape_msgsConfig-version.cmake
[1.159s] -- Up-to-date: /home/devpc/Desktop/microros_ws/install/shape_msgs/share/shape_msgs/package.xml
[1.159s] Invoked command in '/home/devpc/Desktop/microros_ws/build/shape_msgs' returned '0': CMAKE_PREFIX_PATH=/home/devpc/Desktop/microros_ws/install/geometry_msgs:/home/devpc/Desktop/microros_ws/install/std_msgs:/home/devpc/Desktop/microros_ws/install/builtin_interfaces:/home/devpc/Desktop/microros_ws/install/common_interfaces:/home/devpc/Desktop/microros_ws/install/visualization_msgs:/home/devpc/Desktop/microros_ws/install/test_msgs:/home/devpc/Desktop/microros_ws/install/micro_ros_demos_rclc:/home/devpc/Desktop/microros_ws/install/example_interfaces:/home/devpc/Desktop/microros_ws/install/action_msgs:/home/devpc/Desktop/microros_ws/install/unique_identifier_msgs:/home/devpc/Desktop/microros_ws/install/trajectory_msgs:/home/devpc/Desktop/microros_ws/install/stereo_msgs:/home/devpc/Desktop/microros_ws/install/std_srvs:/home/devpc/Desktop/microros_ws/install/shape_msgs:/home/devpc/Desktop/microros_ws/install/sensor_msgs:/home/devpc/Desktop/microros_ws/install/nav_msgs:/home/devpc/Desktop/microros_ws/install/diagnostic_msgs:/home/devpc/Desktop/microros_ws/install/drive_base_msgs:/home/devpc/Desktop/microros_ws/install/actionlib_msgs:/home/devpc/Desktop/microros_ws/install/statistics_msgs:/home/devpc/Desktop/microros_ws/install/rosidl_typesupport_microxrcedds_test_msg:/home/devpc/Desktop/microros_ws/install/rosidl_typesupport_microxrcedds_cpp_tests:/home/devpc/Desktop/microros_ws/install/rmw_microxrcedds:/home/devpc/Desktop/microros_ws/install/rosidl_typesupport_microxrcedds_cpp:/home/devpc/Desktop/microros_ws/install/rosidl_typesupport_microxrcedds_c_tests:/home/devpc/Desktop/microros_ws/install/rosidl_typesupport_microxrcedds_c:/home/devpc/Desktop/microros_ws/install/rosgraph_msgs:/home/devpc/Desktop/microros_ws/install/rclc:/home/devpc/Desktop/microros_ws/install/composition_interfaces:/home/devpc/Desktop/microros_ws/install/rcl_interfaces:/home/devpc/Desktop/microros_ws/install/microxrcedds_client:/home/devpc/Desktop/microros_ws/install/microcdr:/home/devpc/Desktop/microros_ws/install/micro_ros_demos_rclcpp:/home/devpc/Desktop/microros_ws/install/lifecycle_msgs:/home/devpc/Desktop/microros_ws/install/complex_msgs:/home/devpc/Desktop/microros_ws/install/micro_ros_agent:/home/devpc/Desktop/microros_ws/install/microxrcedds_agent:/home/devpc/Desktop/microros_ws/install/micro_ros_setup:/home/devpc/Desktop/microros_ws/install/micro_ros_msgs:/home/devpc/Desktop/quad_ws/install/quad_interfaces:/home/devpc/Desktop/microros_ws/install/sensor_msgs_py:/home/devpc/Desktop/quad_ws/install/quad:/opt/ros/foxy LD_LIBRARY_PATH=/home/devpc/Desktop/microros_ws/install/geometry_msgs/lib:/home/devpc/Desktop/microros_ws/install/std_msgs/lib:/home/devpc/Desktop/microros_ws/install/builtin_interfaces/lib:/home/devpc/Desktop/microros_ws/install/visualization_msgs/lib:/home/devpc/Desktop/microros_ws/install/test_msgs/lib:/home/devpc/Desktop/microros_ws/install/example_interfaces/lib:/home/devpc/Desktop/microros_ws/install/action_msgs/lib:/home/devpc/Desktop/microros_ws/install/unique_identifier_msgs/lib:/home/devpc/Desktop/microros_ws/install/trajectory_msgs/lib:/home/devpc/Desktop/microros_ws/install/stereo_msgs/lib:/home/devpc/Desktop/microros_ws/install/std_srvs/lib:/home/devpc/Desktop/microros_ws/install/shape_msgs/lib:/home/devpc/Desktop/microros_ws/install/sensor_msgs/lib:/home/devpc/Desktop/microros_ws/install/nav_msgs/lib:/home/devpc/Desktop/microros_ws/install/diagnostic_msgs/lib:/home/devpc/Desktop/microros_ws/install/drive_base_msgs/lib:/home/devpc/Desktop/microros_ws/install/actionlib_msgs/lib:/home/devpc/Desktop/microros_ws/install/statistics_msgs/lib:/home/devpc/Desktop/microros_ws/install/rosidl_typesupport_microxrcedds_test_msg/lib:/home/devpc/Desktop/microros_ws/install/rmw_microxrcedds/lib:/home/devpc/Desktop/microros_ws/install/rosidl_typesupport_microxrcedds_cpp/lib:/home/devpc/Desktop/microros_ws/install/rosidl_typesupport_microxrcedds_c/lib:/home/devpc/Desktop/microros_ws/install/rosgraph_msgs/lib:/home/devpc/Desktop/microros_ws/install/rclc/lib:/home/devpc/Desktop/microros_ws/install/composition_interfaces/lib:/home/devpc/Desktop/microros_ws/install/rcl_interfaces/lib:/home/devpc/Desktop/microros_ws/install/microxrcedds_client/lib:/home/devpc/Desktop/microros_ws/install/microcdr/lib:/home/devpc/Desktop/microros_ws/install/lifecycle_msgs/lib:/home/devpc/Desktop/microros_ws/install/complex_msgs/lib:/home/devpc/Desktop/microros_ws/install/microxrcedds_agent/lib:/home/devpc/Desktop/microros_ws/install/micro_ros_msgs/lib:/home/devpc/Desktop/quad_ws/install/quad_interfaces/lib:/opt/ros/foxy/opt/yaml_cpp_vendor/lib:/opt/ros/foxy/opt/rviz_ogre_vendor/lib:/opt/ros/foxy/lib/x86_64-linux-gnu:/opt/ros/foxy/lib PYTHONPATH=/home/devpc/Desktop/microros_ws/install/geometry_msgs/lib/python3.8/site-packages:/home/devpc/Desktop/microros_ws/install/std_msgs/lib/python3.8/site-packages:/home/devpc/Desktop/microros_ws/install/builtin_interfaces/lib/python3.8/site-packages:/home/devpc/Desktop/microros_ws/install/visualization_msgs/lib/python3.8/site-packages:/home/devpc/Desktop/microros_ws/install/test_msgs/lib/python3.8/site-packages:/home/devpc/Desktop/microros_ws/install/example_interfaces/lib/python3.8/site-packages:/home/devpc/Desktop/microros_ws/install/action_msgs/lib/python3.8/site-packages:/home/devpc/Desktop/microros_ws/install/unique_identifier_msgs/lib/python3.8/site-packages:/home/devpc/Desktop/microros_ws/install/trajectory_msgs/lib/python3.8/site-packages:/home/devpc/Desktop/microros_ws/install/stereo_msgs/lib/python3.8/site-packages:/home/devpc/Desktop/microros_ws/install/std_srvs/lib/python3.8/site-packages:/home/devpc/Desktop/microros_ws/install/shape_msgs/lib/python3.8/site-packages:/home/devpc/Desktop/microros_ws/install/sensor_msgs_py/lib/python3.8/site-packages:/home/devpc/Desktop/microros_ws/install/sensor_msgs/lib/python3.8/site-packages:/home/devpc/Desktop/microros_ws/install/nav_msgs/lib/python3.8/site-packages:/home/devpc/Desktop/microros_ws/install/diagnostic_msgs/lib/python3.8/site-packages:/home/devpc/Desktop/microros_ws/install/drive_base_msgs/lib/python3.8/site-packages:/home/devpc/Desktop/microros_ws/install/actionlib_msgs/lib/python3.8/site-packages:/home/devpc/Desktop/microros_ws/install/statistics_msgs/lib/python3.8/site-packages:/home/devpc/Desktop/microros_ws/install/rosidl_typesupport_microxrcedds_test_msg/lib/python3.8/site-packages:/home/devpc/Desktop/microros_ws/install/rosidl_typesupport_microxrcedds_cpp/lib/python3.8/site-packages:/home/devpc/Desktop/microros_ws/install/rosidl_typesupport_microxrcedds_c/lib/python3.8/site-packages:/home/devpc/Desktop/microros_ws/install/rosgraph_msgs/lib/python3.8/site-packages:/home/devpc/Desktop/microros_ws/install/composition_interfaces/lib/python3.8/site-packages:/home/devpc/Desktop/microros_ws/install/rcl_interfaces/lib/python3.8/site-packages:/home/devpc/Desktop/microros_ws/install/lifecycle_msgs/lib/python3.8/site-packages:/home/devpc/Desktop/microros_ws/install/complex_msgs/lib/python3.8/site-packages:/home/devpc/Desktop/microros_ws/install/micro_ros_msgs/lib/python3.8/site-packages:/home/devpc/Desktop/quad_ws/install/quad_interfaces/lib/python3.8/site-packages:/home/devpc/Desktop/quad_ws/install/quad/lib/python3.8/site-packages:/opt/ros/foxy/lib/python3.8/site-packages /usr/bin/cmake --install /home/devpc/Desktop/microros_ws/build/shape_msgs
