[0.794s] Invoking command in '/home/devpc/Desktop/quad_ws/src/quad': PYTHONPATH=/home/devpc/Desktop/quad_ws/install/quad/lib/python3.8/site-packages:${PYTHONPATH} /usr/bin/python3 setup.py egg_info --egg-base ../../build/quad build --build-base /home/devpc/Desktop/quad_ws/build/quad/build install --prefix /home/devpc/Desktop/quad_ws/install/quad --record /home/devpc/Desktop/quad_ws/build/quad/install.log --single-version-externally-managed
[1.085s] running egg_info
[1.085s] writing ../../build/quad/quad.egg-info/PKG-INFO
[1.086s] writing dependency_links to ../../build/quad/quad.egg-info/dependency_links.txt
[1.086s] writing entry points to ../../build/quad/quad.egg-info/entry_points.txt
[1.086s] writing requirements to ../../build/quad/quad.egg-info/requires.txt
[1.086s] writing top-level names to ../../build/quad/quad.egg-info/top_level.txt
[1.146s] reading manifest file '../../build/quad/quad.egg-info/SOURCES.txt'
[1.148s] writing manifest file '../../build/quad/quad.egg-info/SOURCES.txt'
[1.148s] running build
[1.148s] running build_py
[1.148s] copying quad/quad_commander.py -> /home/devpc/Desktop/quad_ws/build/quad/build/lib/quad
[1.149s] running install
[1.150s] running install_lib
[1.151s] copying /home/devpc/Desktop/quad_ws/build/quad/build/lib/quad/quad_commander.py -> /home/devpc/Desktop/quad_ws/install/quad/lib/python3.8/site-packages/quad
[1.152s] byte-compiling /home/devpc/Desktop/quad_ws/install/quad/lib/python3.8/site-packages/quad/quad_commander.py to quad_commander.cpython-38.pyc
[1.154s] running install_data
[1.155s] running install_egg_info
[1.158s] removing '/home/devpc/Desktop/quad_ws/install/quad/lib/python3.8/site-packages/quad-0.0.1-py3.8.egg-info' (and everything under it)
[1.158s] Copying ../../build/quad/quad.egg-info to /home/devpc/Desktop/quad_ws/install/quad/lib/python3.8/site-packages/quad-0.0.1-py3.8.egg-info
[1.159s] running install_scripts
[1.187s] Installing motion_servos_calibration script to /home/devpc/Desktop/quad_ws/install/quad/lib/quad
[1.187s] Installing quad script to /home/devpc/Desktop/quad_ws/install/quad/lib/quad
[1.188s] writing list of installed files to '/home/devpc/Desktop/quad_ws/build/quad/install.log'
[1.233s] Invoked command in '/home/devpc/Desktop/quad_ws/src/quad' returned '0': PYTHONPATH=/home/devpc/Desktop/quad_ws/install/quad/lib/python3.8/site-packages:${PYTHONPATH} /usr/bin/python3 setup.py egg_info --egg-base ../../build/quad build --build-base /home/devpc/Desktop/quad_ws/build/quad/build install --prefix /home/devpc/Desktop/quad_ws/install/quad --record /home/devpc/Desktop/quad_ws/build/quad/install.log --single-version-externally-managed
