[0.054s] Invoking command in '/home/devpc/Desktop/microros_ws/build/builtin_interfaces': CMAKE_PREFIX_PATH=${CMAKE_PREFIX_PATH}:/home/devpc/Desktop/quad_ws/install/quad:/opt/ros/foxy /usr/bin/cmake /home/devpc/Desktop/microros_ws/src/ros2/rcl_interfaces/builtin_interfaces -DCMAKE_INSTALL_PREFIX=/home/devpc/Desktop/microros_ws/install/builtin_interfaces
[0.123s] -- The C compiler identification is GNU 9.3.0
[0.212s] -- The CXX compiler identification is GNU 9.3.0
[0.218s] -- Check for working C compiler: /usr/bin/cc
[0.351s] -- Check for working C compiler: /usr/bin/cc -- works
[0.351s] -- Detecting C compiler ABI info
[0.407s] -- Detecting C compiler ABI info - done
[0.424s] -- Detecting C compile features
[0.424s] -- Detecting C compile features - done
[0.431s] -- Check for working CXX compiler: /usr/bin/c++
[0.599s] -- Check for working CXX compiler: /usr/bin/c++ -- works
[0.599s] -- Detecting CXX compiler ABI info
[0.676s] -- Detecting CXX compiler ABI info - done
[0.690s] -- Detecting CXX compile features
[0.690s] -- Detecting CXX compile features - done
[0.693s] -- Found ament_cmake: 0.9.8 (/opt/ros/foxy/share/ament_cmake/cmake)
[0.722s] -- Found PythonInterp: /usr/bin/python3 (found suitable version "3.8.10", minimum required is "3") 
[0.722s] -- Using PYTHON_EXECUTABLE: /usr/bin/python3
[1.031s] -- Found rosidl_default_generators: 1.0.1 (/opt/ros/foxy/share/rosidl_default_generators/cmake)
[1.036s] -- Using all available rosidl_typesupport_c: rosidl_typesupport_microxrcedds_c;rosidl_typesupport_fastrtps_c;rosidl_typesupport_introspection_c
[1.044s] -- Found rosidl_adapter: 1.2.1 (/opt/ros/foxy/share/rosidl_adapter/cmake)
[1.230s] -- Found OpenSSL: /usr/lib/x86_64-linux-gnu/libcrypto.so (found version "1.1.1f")  
[1.319s] -- Found FastRTPS: /opt/ros/foxy/include  
[1.520s] -- Using all available rosidl_typesupport_cpp: rosidl_typesupport_microxrcedds_cpp;rosidl_typesupport_fastrtps_cpp;rosidl_typesupport_introspection_cpp
[1.661s] -- Found PythonInterp: /usr/bin/python3 (found version "3.8.10") 
[1.991s] -- Found ament_cmake_cppcheck: 0.9.6 (/opt/ros/foxy/share/ament_cmake_cppcheck/cmake)
[1.996s] -- Found ament_cmake_cpplint: 0.9.6 (/opt/ros/foxy/share/ament_cmake_cpplint/cmake)
[1.999s] -- Found ament_cmake_uncrustify: 0.9.6 (/opt/ros/foxy/share/ament_cmake_uncrustify/cmake)
[2.009s] -- Found ament_cmake_ros: 0.9.2 (/opt/ros/foxy/share/ament_cmake_ros/cmake)
[2.231s] -- Using all available rosidl_typesupport_c: rosidl_typesupport_microxrcedds_c;rosidl_typesupport_fastrtps_c;rosidl_typesupport_introspection_c
[2.279s] -- Using all available rosidl_typesupport_cpp: rosidl_typesupport_microxrcedds_cpp;rosidl_typesupport_fastrtps_cpp;rosidl_typesupport_introspection_cpp
[2.318s] -- Found PythonInterp: /usr/bin/python3 (found suitable version "3.8.10", minimum required is "3.5") 
[2.320s] -- Found python_cmake_module: 0.8.1 (/opt/ros/foxy/share/python_cmake_module/cmake)
[2.404s] -- Found PythonLibs: /usr/lib/x86_64-linux-gnu/libpython3.8.so (found suitable version "3.8.10", minimum required is "3.5") 
[2.405s] -- Using PYTHON_EXECUTABLE: /usr/bin/python3
[2.405s] -- Using PYTHON_INCLUDE_DIRS: /usr/include/python3.8
[2.405s] -- Using PYTHON_LIBRARIES: /usr/lib/x86_64-linux-gnu/libpython3.8.so
[2.459s] -- Found PythonExtra: .so  
[2.560s] -- Found ament_cmake_flake8: 0.9.6 (/opt/ros/foxy/share/ament_cmake_flake8/cmake)
[2.571s] -- Found ament_cmake_pep257: 0.9.6 (/opt/ros/foxy/share/ament_cmake_pep257/cmake)
[2.599s] -- Configuring done
[2.685s] -- Generating done
[2.691s] -- Build files have been written to: /home/devpc/Desktop/microros_ws/build/builtin_interfaces
[2.715s] Invoked command in '/home/devpc/Desktop/microros_ws/build/builtin_interfaces' returned '0': CMAKE_PREFIX_PATH=${CMAKE_PREFIX_PATH}:/home/devpc/Desktop/quad_ws/install/quad:/opt/ros/foxy /usr/bin/cmake /home/devpc/Desktop/microros_ws/src/ros2/rcl_interfaces/builtin_interfaces -DCMAKE_INSTALL_PREFIX=/home/devpc/Desktop/microros_ws/install/builtin_interfaces
[2.716s] Invoking command in '/home/devpc/Desktop/microros_ws/build/builtin_interfaces': CMAKE_PREFIX_PATH=${CMAKE_PREFIX_PATH}:/home/devpc/Desktop/quad_ws/install/quad:/opt/ros/foxy /usr/bin/cmake --build /home/devpc/Desktop/microros_ws/build/builtin_interfaces -- -j8 -l8
[2.907s] [35m[1mScanning dependencies of target builtin_interfaces__cpp[0m
[2.920s] [  2%] [34m[1mGenerating C code for ROS interfaces[0m
[2.976s] [  4%] [34m[1mGenerating C++ code for ROS interfaces[0m
[3.754s] [35m[1mScanning dependencies of target builtin_interfaces__rosidl_generator_c[0m
[3.791s] [  6%] [32mBuilding C object CMakeFiles/builtin_interfaces__rosidl_generator_c.dir/rosidl_generator_c/builtin_interfaces/msg/detail/duration__functions.c.o[0m
[3.808s] [  8%] [32mBuilding C object CMakeFiles/builtin_interfaces__rosidl_generator_c.dir/rosidl_generator_c/builtin_interfaces/msg/detail/time__functions.c.o[0m
[3.838s] [  8%] Built target builtin_interfaces__cpp
[3.868s] [ 10%] [34m[1mGenerating C++ type support dispatch for ROS interfaces[0m
[3.889s] [ 12%] [34m[1mGenerating C++ introspection for ROS interfaces[0m
[3.894s] [ 14%] [34m[1mGenerating C++ type support for eProsima Micro XRCE-DDS[0m
[3.922s] [ 16%] [34m[1mGenerating C++ type support for eProsima Fast-RTPS[0m
[3.952s] [ 18%] [32m[1mLinking C shared library libbuiltin_interfaces__rosidl_generator_c.so[0m
[4.123s] [ 18%] Built target builtin_interfaces__rosidl_generator_c
[4.181s] [ 20%] [34m[1mGenerating C type support for eProsima Micro XRCE-DDS[0m
[4.234s] [ 22%] [34m[1mGenerating C introspection for ROS interfaces[0m
[4.241s] [ 24%] [34m[1mGenerating C type support dispatch for ROS interfaces[0m
[4.649s] [35m[1mScanning dependencies of target builtin_interfaces__rosidl_typesupport_microxrcedds_cpp[0m
[4.715s] [ 26%] [32mBuilding CXX object CMakeFiles/builtin_interfaces__rosidl_typesupport_microxrcedds_cpp.dir/rosidl_typesupport_microxrcedds_cpp/builtin_interfaces/msg/detail/microxrcedds/duration__type_support_cpp.cpp.o[0m
[4.745s] [ 28%] [32mBuilding CXX object CMakeFiles/builtin_interfaces__rosidl_typesupport_microxrcedds_cpp.dir/rosidl_typesupport_microxrcedds_cpp/builtin_interfaces/msg/detail/microxrcedds/time__type_support_cpp.cpp.o[0m
[4.979s] [35m[1mScanning dependencies of target builtin_interfaces__rosidl_typesupport_fastrtps_cpp[0m
[5.050s] [ 30%] [32mBuilding CXX object CMakeFiles/builtin_interfaces__rosidl_typesupport_fastrtps_cpp.dir/rosidl_typesupport_fastrtps_cpp/builtin_interfaces/msg/detail/dds_fastrtps/duration__type_support.cpp.o[0m
[5.096s] [35m[1mScanning dependencies of target builtin_interfaces__rosidl_typesupport_cpp[0m
[5.160s] [ 32%] [32mBuilding CXX object CMakeFiles/builtin_interfaces__rosidl_typesupport_cpp.dir/rosidl_typesupport_cpp/builtin_interfaces/msg/duration__type_support.cpp.o[0m
[5.225s] [35m[1mScanning dependencies of target builtin_interfaces__rosidl_typesupport_introspection_cpp[0m
[5.303s] [ 34%] [32mBuilding CXX object CMakeFiles/builtin_interfaces__rosidl_typesupport_introspection_cpp.dir/rosidl_typesupport_introspection_cpp/builtin_interfaces/msg/detail/duration__type_support.cpp.o[0m
[5.532s] [35m[1mScanning dependencies of target builtin_interfaces__rosidl_typesupport_microxrcedds_c[0m
[5.600s] [ 36%] [32mBuilding C object CMakeFiles/builtin_interfaces__rosidl_typesupport_microxrcedds_c.dir/rosidl_typesupport_microxrcedds_c/builtin_interfaces/msg/detail/microxrcedds/duration__type_support_c.c.o[0m
[5.704s] [35m[1mScanning dependencies of target builtin_interfaces__rosidl_typesupport_c[0m
[5.792s] [ 38%] [32mBuilding C object CMakeFiles/builtin_interfaces__rosidl_typesupport_microxrcedds_c.dir/rosidl_typesupport_microxrcedds_c/builtin_interfaces/msg/detail/microxrcedds/time__type_support_c.c.o[0m
[5.796s] [ 40%] [32mBuilding CXX object CMakeFiles/builtin_interfaces__rosidl_typesupport_c.dir/rosidl_typesupport_c/builtin_interfaces/msg/duration__type_support.cpp.o[0m
[5.943s] [ 42%] [32mBuilding CXX object CMakeFiles/builtin_interfaces__rosidl_typesupport_c.dir/rosidl_typesupport_c/builtin_interfaces/msg/time__type_support.cpp.o[0m
[5.944s] [ 44%] [32mBuilding CXX object CMakeFiles/builtin_interfaces__rosidl_typesupport_introspection_cpp.dir/rosidl_typesupport_introspection_cpp/builtin_interfaces/msg/detail/time__type_support.cpp.o[0m
[6.010s] [35m[1mScanning dependencies of target builtin_interfaces__rosidl_typesupport_introspection_c[0m
[6.068s] [ 46%] [32m[1mLinking C shared library libbuiltin_interfaces__rosidl_typesupport_microxrcedds_c.so[0m
[6.069s] [ 48%] [32mBuilding C object CMakeFiles/builtin_interfaces__rosidl_typesupport_introspection_c.dir/rosidl_typesupport_introspection_c/builtin_interfaces/msg/detail/duration__type_support.c.o[0m
[6.099s] [ 51%] [32m[1mLinking CXX shared library libbuiltin_interfaces__rosidl_typesupport_c.so[0m
[6.186s] [ 51%] Built target builtin_interfaces__rosidl_typesupport_microxrcedds_c
[6.230s] [ 53%] [32mBuilding CXX object CMakeFiles/builtin_interfaces__rosidl_typesupport_fastrtps_cpp.dir/rosidl_typesupport_fastrtps_cpp/builtin_interfaces/msg/detail/dds_fastrtps/time__type_support.cpp.o[0m
[6.321s] [ 55%] [32mBuilding C object CMakeFiles/builtin_interfaces__rosidl_typesupport_introspection_c.dir/rosidl_typesupport_introspection_c/builtin_interfaces/msg/detail/time__type_support.c.o[0m
[6.349s] [ 57%] [32mBuilding CXX object CMakeFiles/builtin_interfaces__rosidl_typesupport_cpp.dir/rosidl_typesupport_cpp/builtin_interfaces/msg/time__type_support.cpp.o[0m
[6.368s] [ 59%] [32m[1mLinking CXX shared library libbuiltin_interfaces__rosidl_typesupport_microxrcedds_cpp.so[0m
[6.396s] [ 59%] Built target builtin_interfaces__rosidl_typesupport_c
[6.541s] [ 61%] [32m[1mLinking C shared library libbuiltin_interfaces__rosidl_typesupport_introspection_c.so[0m
[6.613s] [ 63%] [32m[1mLinking CXX shared library libbuiltin_interfaces__rosidl_typesupport_introspection_cpp.so[0m
[6.636s] [ 63%] Built target builtin_interfaces__rosidl_typesupport_microxrcedds_cpp
[6.680s] [ 63%] Built target builtin_interfaces__rosidl_typesupport_introspection_c
[6.808s] [ 63%] Built target builtin_interfaces__rosidl_typesupport_introspection_cpp
[7.112s] [ 65%] [32m[1mLinking CXX shared library libbuiltin_interfaces__rosidl_typesupport_cpp.so[0m
[7.296s] [ 65%] Built target builtin_interfaces__rosidl_typesupport_cpp
[7.649s] [ 67%] [32m[1mLinking CXX shared library libbuiltin_interfaces__rosidl_typesupport_fastrtps_cpp.so[0m
[8.010s] [ 67%] Built target builtin_interfaces__rosidl_typesupport_fastrtps_cpp
[8.088s] [ 69%] [34m[1mGenerating C type support for eProsima Fast-RTPS[0m
[9.447s] [35m[1mScanning dependencies of target builtin_interfaces__rosidl_typesupport_fastrtps_c[0m
[9.485s] [ 71%] [32mBuilding CXX object CMakeFiles/builtin_interfaces__rosidl_typesupport_fastrtps_c.dir/rosidl_typesupport_fastrtps_c/builtin_interfaces/msg/detail/duration__type_support_c.cpp.o[0m
[9.536s] [ 73%] [32mBuilding CXX object CMakeFiles/builtin_interfaces__rosidl_typesupport_fastrtps_c.dir/rosidl_typesupport_fastrtps_c/builtin_interfaces/msg/detail/time__type_support_c.cpp.o[0m
[10.641s] [ 75%] [32m[1mLinking CXX shared library libbuiltin_interfaces__rosidl_typesupport_fastrtps_c.so[0m
[10.960s] [ 75%] Built target builtin_interfaces__rosidl_typesupport_fastrtps_c
[10.980s] [35m[1mScanning dependencies of target builtin_interfaces[0m
[11.016s] [ 75%] Built target builtin_interfaces
[11.072s] [35m[1mScanning dependencies of target builtin_interfaces__py[0m
[11.157s] [ 77%] [34m[1mGenerating Python code for ROS interfaces[0m
[12.544s] [ 77%] Built target builtin_interfaces__py
[12.570s] [35m[1mScanning dependencies of target builtin_interfaces__python[0m
[12.655s] [ 79%] [32mBuilding C object CMakeFiles/builtin_interfaces__python.dir/rosidl_generator_py/builtin_interfaces/msg/_duration_s.c.o[0m
[12.668s] [ 81%] [32mBuilding C object CMakeFiles/builtin_interfaces__python.dir/rosidl_generator_py/builtin_interfaces/msg/_time_s.c.o[0m
[13.015s] [ 83%] [32m[1mLinking C shared library rosidl_generator_py/builtin_interfaces/libbuiltin_interfaces__python.so[0m
[13.225s] [ 83%] Built target builtin_interfaces__python
[13.286s] [35m[1mScanning dependencies of target builtin_interfaces__rosidl_typesupport_c__pyext[0m
[13.304s] [35m[1mScanning dependencies of target builtin_interfaces__rosidl_typesupport_introspection_c__pyext[0m
[13.309s] [35m[1mScanning dependencies of target builtin_interfaces__rosidl_typesupport_fastrtps_c__pyext[0m
[13.330s] [35m[1mScanning dependencies of target builtin_interfaces__rosidl_typesupport_microxrcedds_c__pyext[0m
[13.365s] [ 85%] [32mBuilding C object CMakeFiles/builtin_interfaces__rosidl_typesupport_c__pyext.dir/rosidl_generator_py/builtin_interfaces/_builtin_interfaces_s.ep.rosidl_typesupport_c.c.o[0m
[13.385s] [ 87%] [32mBuilding C object CMakeFiles/builtin_interfaces__rosidl_typesupport_introspection_c__pyext.dir/rosidl_generator_py/builtin_interfaces/_builtin_interfaces_s.ep.rosidl_typesupport_introspection_c.c.o[0m
[13.396s] [ 89%] [32mBuilding C object CMakeFiles/builtin_interfaces__rosidl_typesupport_fastrtps_c__pyext.dir/rosidl_generator_py/builtin_interfaces/_builtin_interfaces_s.ep.rosidl_typesupport_fastrtps_c.c.o[0m
[13.399s] [ 91%] [32mBuilding C object CMakeFiles/builtin_interfaces__rosidl_typesupport_microxrcedds_c__pyext.dir/rosidl_generator_py/builtin_interfaces/_builtin_interfaces_s.ep.rosidl_typesupport_microxrcedds_c.c.o[0m
[13.658s] [ 93%] [32m[1mLinking C shared library rosidl_generator_py/builtin_interfaces/builtin_interfaces_s__rosidl_typesupport_microxrcedds_c.cpython-38-x86_64-linux-gnu.so[0m
[13.674s] [ 95%] [32m[1mLinking C shared library rosidl_generator_py/builtin_interfaces/builtin_interfaces_s__rosidl_typesupport_introspection_c.cpython-38-x86_64-linux-gnu.so[0m
[13.721s] [ 97%] [32m[1mLinking C shared library rosidl_generator_py/builtin_interfaces/builtin_interfaces_s__rosidl_typesupport_c.cpython-38-x86_64-linux-gnu.so[0m
[13.786s] [100%] [32m[1mLinking CXX shared library rosidl_generator_py/builtin_interfaces/builtin_interfaces_s__rosidl_typesupport_fastrtps_c.cpython-38-x86_64-linux-gnu.so[0m
[13.792s] [100%] Built target builtin_interfaces__rosidl_typesupport_microxrcedds_c__pyext
[13.811s] [100%] Built target builtin_interfaces__rosidl_typesupport_introspection_c__pyext
[13.883s] [100%] Built target builtin_interfaces__rosidl_typesupport_c__pyext
[13.942s] [100%] Built target builtin_interfaces__rosidl_typesupport_fastrtps_c__pyext
[13.986s] Invoked command in '/home/devpc/Desktop/microros_ws/build/builtin_interfaces' returned '0': CMAKE_PREFIX_PATH=${CMAKE_PREFIX_PATH}:/home/devpc/Desktop/quad_ws/install/quad:/opt/ros/foxy /usr/bin/cmake --build /home/devpc/Desktop/microros_ws/build/builtin_interfaces -- -j8 -l8
[14.268s] Invoking command in '/home/devpc/Desktop/microros_ws/build/builtin_interfaces': CMAKE_PREFIX_PATH=${CMAKE_PREFIX_PATH}:/home/devpc/Desktop/quad_ws/install/quad:/opt/ros/foxy /usr/bin/cmake --install /home/devpc/Desktop/microros_ws/build/builtin_interfaces
[14.287s] -- Install configuration: ""
[14.288s] -- Installing: /home/devpc/Desktop/microros_ws/install/builtin_interfaces/share/ament_index/resource_index/rosidl_interfaces/builtin_interfaces
[14.288s] -- Installing: /home/devpc/Desktop/microros_ws/install/builtin_interfaces/include/builtin_interfaces
[14.288s] -- Installing: /home/devpc/Desktop/microros_ws/install/builtin_interfaces/include/builtin_interfaces/msg
[14.288s] -- Installing: /home/devpc/Desktop/microros_ws/install/builtin_interfaces/include/builtin_interfaces/msg/detail
[14.288s] -- Installing: /home/devpc/Desktop/microros_ws/install/builtin_interfaces/include/builtin_interfaces/msg/detail/duration__type_support.h
[14.289s] -- Installing: /home/devpc/Desktop/microros_ws/install/builtin_interfaces/include/builtin_interfaces/msg/detail/time__type_support.h
[14.289s] -- Installing: /home/devpc/Desktop/microros_ws/install/builtin_interfaces/include/builtin_interfaces/msg/detail/time__functions.h
[14.289s] -- Installing: /home/devpc/Desktop/microros_ws/install/builtin_interfaces/include/builtin_interfaces/msg/detail/duration__functions.h
[14.289s] -- Installing: /home/devpc/Desktop/microros_ws/install/builtin_interfaces/include/builtin_interfaces/msg/detail/time__struct.h
[14.289s] -- Installing: /home/devpc/Desktop/microros_ws/install/builtin_interfaces/include/builtin_interfaces/msg/detail/time__functions.c
[14.289s] -- Installing: /home/devpc/Desktop/microros_ws/install/builtin_interfaces/include/builtin_interfaces/msg/detail/duration__struct.h
[14.289s] -- Installing: /home/devpc/Desktop/microros_ws/install/builtin_interfaces/include/builtin_interfaces/msg/detail/duration__functions.c
[14.290s] -- Installing: /home/devpc/Desktop/microros_ws/install/builtin_interfaces/include/builtin_interfaces/msg/time.h
[14.290s] -- Installing: /home/devpc/Desktop/microros_ws/install/builtin_interfaces/include/builtin_interfaces/msg/duration.h
[14.290s] -- Installing: /home/devpc/Desktop/microros_ws/install/builtin_interfaces/include/builtin_interfaces/msg/rosidl_generator_c__visibility_control.h
[14.290s] -- Installing: /home/devpc/Desktop/microros_ws/install/builtin_interfaces/share/builtin_interfaces/environment/library_path.sh
[14.290s] -- Installing: /home/devpc/Desktop/microros_ws/install/builtin_interfaces/share/builtin_interfaces/environment/library_path.dsv
[14.291s] -- Installing: /home/devpc/Desktop/microros_ws/install/builtin_interfaces/lib/libbuiltin_interfaces__rosidl_generator_c.so
[14.291s] -- Set runtime path of "/home/devpc/Desktop/microros_ws/install/builtin_interfaces/lib/libbuiltin_interfaces__rosidl_generator_c.so" to ""
[14.291s] -- Up-to-date: /home/devpc/Desktop/microros_ws/install/builtin_interfaces/include/builtin_interfaces
[14.291s] -- Up-to-date: /home/devpc/Desktop/microros_ws/install/builtin_interfaces/include/builtin_interfaces/msg
[14.291s] -- Up-to-date: /home/devpc/Desktop/microros_ws/install/builtin_interfaces/include/builtin_interfaces/msg/detail
[14.291s] -- Installing: /home/devpc/Desktop/microros_ws/install/builtin_interfaces/include/builtin_interfaces/msg/detail/time__rosidl_typesupport_microxrcedds_c.h
[14.291s] -- Installing: /home/devpc/Desktop/microros_ws/install/builtin_interfaces/include/builtin_interfaces/msg/detail/microxrcedds
[14.292s] -- Installing: /home/devpc/Desktop/microros_ws/install/builtin_interfaces/include/builtin_interfaces/msg/detail/duration__rosidl_typesupport_microxrcedds_c.h
[14.292s] -- Installing: /home/devpc/Desktop/microros_ws/install/builtin_interfaces/include/builtin_interfaces/msg/rosidl_typesupport_microxrcedds_c__visibility_control.h
[14.292s] -- Installing: /home/devpc/Desktop/microros_ws/install/builtin_interfaces/lib/libbuiltin_interfaces__rosidl_typesupport_microxrcedds_c.so
[14.292s] -- Set runtime path of "/home/devpc/Desktop/microros_ws/install/builtin_interfaces/lib/libbuiltin_interfaces__rosidl_typesupport_microxrcedds_c.so" to ""
[14.292s] -- Up-to-date: /home/devpc/Desktop/microros_ws/install/builtin_interfaces/include/builtin_interfaces
[14.292s] -- Up-to-date: /home/devpc/Desktop/microros_ws/install/builtin_interfaces/include/builtin_interfaces/msg
[14.294s] -- Up-to-date: /home/devpc/Desktop/microros_ws/install/builtin_interfaces/include/builtin_interfaces/msg/detail
[14.294s] -- Installing: /home/devpc/Desktop/microros_ws/install/builtin_interfaces/include/builtin_interfaces/msg/detail/duration__rosidl_typesupport_fastrtps_c.h
[14.294s] -- Installing: /home/devpc/Desktop/microros_ws/install/builtin_interfaces/include/builtin_interfaces/msg/detail/time__rosidl_typesupport_fastrtps_c.h
[14.294s] -- Installing: /home/devpc/Desktop/microros_ws/install/builtin_interfaces/include/builtin_interfaces/msg/rosidl_typesupport_fastrtps_c__visibility_control.h
[14.294s] -- Installing: /home/devpc/Desktop/microros_ws/install/builtin_interfaces/lib/libbuiltin_interfaces__rosidl_typesupport_fastrtps_c.so
[14.295s] -- Set runtime path of "/home/devpc/Desktop/microros_ws/install/builtin_interfaces/lib/libbuiltin_interfaces__rosidl_typesupport_fastrtps_c.so" to ""
[14.295s] -- Up-to-date: /home/devpc/Desktop/microros_ws/install/builtin_interfaces/include/builtin_interfaces
[14.295s] -- Up-to-date: /home/devpc/Desktop/microros_ws/install/builtin_interfaces/include/builtin_interfaces/msg
[14.295s] -- Up-to-date: /home/devpc/Desktop/microros_ws/install/builtin_interfaces/include/builtin_interfaces/msg/detail
[14.296s] -- Installing: /home/devpc/Desktop/microros_ws/install/builtin_interfaces/include/builtin_interfaces/msg/detail/duration__rosidl_typesupport_fastrtps_cpp.hpp
[14.296s] -- Installing: /home/devpc/Desktop/microros_ws/install/builtin_interfaces/include/builtin_interfaces/msg/detail/time__rosidl_typesupport_fastrtps_cpp.hpp
[14.296s] -- Installing: /home/devpc/Desktop/microros_ws/install/builtin_interfaces/include/builtin_interfaces/msg/detail/dds_fastrtps
[14.296s] -- Installing: /home/devpc/Desktop/microros_ws/install/builtin_interfaces/include/builtin_interfaces/msg/rosidl_typesupport_fastrtps_cpp__visibility_control.h
[14.296s] -- Installing: /home/devpc/Desktop/microros_ws/install/builtin_interfaces/lib/libbuiltin_interfaces__rosidl_typesupport_fastrtps_cpp.so
[14.297s] -- Set runtime path of "/home/devpc/Desktop/microros_ws/install/builtin_interfaces/lib/libbuiltin_interfaces__rosidl_typesupport_fastrtps_cpp.so" to ""
[14.297s] -- Up-to-date: /home/devpc/Desktop/microros_ws/install/builtin_interfaces/include/builtin_interfaces
[14.297s] -- Up-to-date: /home/devpc/Desktop/microros_ws/install/builtin_interfaces/include/builtin_interfaces/msg
[14.297s] -- Up-to-date: /home/devpc/Desktop/microros_ws/install/builtin_interfaces/include/builtin_interfaces/msg/detail
[14.297s] -- Installing: /home/devpc/Desktop/microros_ws/install/builtin_interfaces/include/builtin_interfaces/msg/detail/duration__type_support.c
[14.297s] -- Installing: /home/devpc/Desktop/microros_ws/install/builtin_interfaces/include/builtin_interfaces/msg/detail/time__type_support.c
[14.298s] -- Installing: /home/devpc/Desktop/microros_ws/install/builtin_interfaces/include/builtin_interfaces/msg/detail/time__rosidl_typesupport_introspection_c.h
[14.298s] -- Installing: /home/devpc/Desktop/microros_ws/install/builtin_interfaces/include/builtin_interfaces/msg/detail/duration__rosidl_typesupport_introspection_c.h
[14.300s] -- Installing: /home/devpc/Desktop/microros_ws/install/builtin_interfaces/include/builtin_interfaces/msg/rosidl_typesupport_introspection_c__visibility_control.h
[14.300s] -- Installing: /home/devpc/Desktop/microros_ws/install/builtin_interfaces/lib/libbuiltin_interfaces__rosidl_typesupport_introspection_c.so
[14.300s] -- Set runtime path of "/home/devpc/Desktop/microros_ws/install/builtin_interfaces/lib/libbuiltin_interfaces__rosidl_typesupport_introspection_c.so" to ""
[14.300s] -- Installing: /home/devpc/Desktop/microros_ws/install/builtin_interfaces/lib/libbuiltin_interfaces__rosidl_typesupport_c.so
[14.301s] -- Set runtime path of "/home/devpc/Desktop/microros_ws/install/builtin_interfaces/lib/libbuiltin_interfaces__rosidl_typesupport_c.so" to ""
[14.301s] -- Up-to-date: /home/devpc/Desktop/microros_ws/install/builtin_interfaces/include/builtin_interfaces
[14.301s] -- Up-to-date: /home/devpc/Desktop/microros_ws/install/builtin_interfaces/include/builtin_interfaces/msg
[14.302s] -- Installing: /home/devpc/Desktop/microros_ws/install/builtin_interfaces/include/builtin_interfaces/msg/time.hpp
[14.302s] -- Installing: /home/devpc/Desktop/microros_ws/install/builtin_interfaces/include/builtin_interfaces/msg/duration.hpp
[14.302s] -- Up-to-date: /home/devpc/Desktop/microros_ws/install/builtin_interfaces/include/builtin_interfaces/msg/detail
[14.302s] -- Installing: /home/devpc/Desktop/microros_ws/install/builtin_interfaces/include/builtin_interfaces/msg/detail/time__traits.hpp
[14.303s] -- Installing: /home/devpc/Desktop/microros_ws/install/builtin_interfaces/include/builtin_interfaces/msg/detail/time__struct.hpp
[14.303s] -- Installing: /home/devpc/Desktop/microros_ws/install/builtin_interfaces/include/builtin_interfaces/msg/detail/duration__builder.hpp
[14.303s] -- Installing: /home/devpc/Desktop/microros_ws/install/builtin_interfaces/include/builtin_interfaces/msg/detail/duration__traits.hpp
[14.303s] -- Installing: /home/devpc/Desktop/microros_ws/install/builtin_interfaces/include/builtin_interfaces/msg/detail/duration__struct.hpp
[14.303s] -- Installing: /home/devpc/Desktop/microros_ws/install/builtin_interfaces/include/builtin_interfaces/msg/detail/time__builder.hpp
[14.303s] -- Up-to-date: /home/devpc/Desktop/microros_ws/install/builtin_interfaces/include/builtin_interfaces
[14.304s] -- Up-to-date: /home/devpc/Desktop/microros_ws/install/builtin_interfaces/include/builtin_interfaces/msg
[14.304s] -- Up-to-date: /home/devpc/Desktop/microros_ws/install/builtin_interfaces/include/builtin_interfaces/msg/detail
[14.304s] -- Installing: /home/devpc/Desktop/microros_ws/install/builtin_interfaces/include/builtin_interfaces/msg/detail/time__rosidl_typesupport_microxrcedds_cpp.hpp
[14.304s] -- Up-to-date: /home/devpc/Desktop/microros_ws/install/builtin_interfaces/include/builtin_interfaces/msg/detail/microxrcedds
[14.304s] -- Installing: /home/devpc/Desktop/microros_ws/install/builtin_interfaces/include/builtin_interfaces/msg/detail/microxrcedds/time__type_support_cpp.cpp
[14.304s] -- Installing: /home/devpc/Desktop/microros_ws/install/builtin_interfaces/include/builtin_interfaces/msg/detail/microxrcedds/duration__type_support_cpp.cpp
[14.305s] -- Installing: /home/devpc/Desktop/microros_ws/install/builtin_interfaces/include/builtin_interfaces/msg/detail/duration__rosidl_typesupport_microxrcedds_cpp.hpp
[14.305s] -- Installing: /home/devpc/Desktop/microros_ws/install/builtin_interfaces/include/builtin_interfaces/msg/rosidl_typesupport_microxrcedds_cpp__visibility_control.h
[14.305s] -- Installing: /home/devpc/Desktop/microros_ws/install/builtin_interfaces/lib/libbuiltin_interfaces__rosidl_typesupport_microxrcedds_cpp.so
[14.305s] -- Set runtime path of "/home/devpc/Desktop/microros_ws/install/builtin_interfaces/lib/libbuiltin_interfaces__rosidl_typesupport_microxrcedds_cpp.so" to ""
[14.305s] -- Up-to-date: /home/devpc/Desktop/microros_ws/install/builtin_interfaces/include/builtin_interfaces
[14.305s] -- Up-to-date: /home/devpc/Desktop/microros_ws/install/builtin_interfaces/include/builtin_interfaces/msg
[14.306s] -- Up-to-date: /home/devpc/Desktop/microros_ws/install/builtin_interfaces/include/builtin_interfaces/msg/detail
[14.306s] -- Installing: /home/devpc/Desktop/microros_ws/install/builtin_interfaces/include/builtin_interfaces/msg/detail/duration__type_support.cpp
[14.306s] -- Installing: /home/devpc/Desktop/microros_ws/install/builtin_interfaces/include/builtin_interfaces/msg/detail/time__rosidl_typesupport_introspection_cpp.hpp
[14.306s] -- Installing: /home/devpc/Desktop/microros_ws/install/builtin_interfaces/include/builtin_interfaces/msg/detail/time__type_support.cpp
[14.310s] -- Installing: /home/devpc/Desktop/microros_ws/install/builtin_interfaces/include/builtin_interfaces/msg/detail/duration__rosidl_typesupport_introspection_cpp.hpp
[14.310s] -- Installing: /home/devpc/Desktop/microros_ws/install/builtin_interfaces/lib/libbuiltin_interfaces__rosidl_typesupport_introspection_cpp.so
[14.310s] -- Set runtime path of "/home/devpc/Desktop/microros_ws/install/builtin_interfaces/lib/libbuiltin_interfaces__rosidl_typesupport_introspection_cpp.so" to ""
[14.310s] -- Installing: /home/devpc/Desktop/microros_ws/install/builtin_interfaces/lib/libbuiltin_interfaces__rosidl_typesupport_cpp.so
[14.311s] -- Set runtime path of "/home/devpc/Desktop/microros_ws/install/builtin_interfaces/lib/libbuiltin_interfaces__rosidl_typesupport_cpp.so" to ""
[14.311s] -- Installing: /home/devpc/Desktop/microros_ws/install/builtin_interfaces/share/builtin_interfaces/environment/pythonpath.sh
[14.311s] -- Installing: /home/devpc/Desktop/microros_ws/install/builtin_interfaces/share/builtin_interfaces/environment/pythonpath.dsv
[14.311s] -- Installing: /home/devpc/Desktop/microros_ws/install/builtin_interfaces/lib/python3.8/site-packages/builtin_interfaces/__init__.py
[14.434s] Compiling '/home/devpc/Desktop/microros_ws/install/builtin_interfaces/lib/python3.8/site-packages/builtin_interfaces/__init__.py'...
[14.446s] -- Installing: /home/devpc/Desktop/microros_ws/install/builtin_interfaces/lib/python3.8/site-packages/builtin_interfaces/msg
[14.446s] -- Installing: /home/devpc/Desktop/microros_ws/install/builtin_interfaces/lib/python3.8/site-packages/builtin_interfaces/msg/_time_s.c
[14.447s] -- Installing: /home/devpc/Desktop/microros_ws/install/builtin_interfaces/lib/python3.8/site-packages/builtin_interfaces/msg/__init__.py
[14.447s] -- Installing: /home/devpc/Desktop/microros_ws/install/builtin_interfaces/lib/python3.8/site-packages/builtin_interfaces/msg/_duration.py
[14.448s] -- Installing: /home/devpc/Desktop/microros_ws/install/builtin_interfaces/lib/python3.8/site-packages/builtin_interfaces/msg/_duration_s.c
[14.448s] -- Installing: /home/devpc/Desktop/microros_ws/install/builtin_interfaces/lib/python3.8/site-packages/builtin_interfaces/msg/_time.py
[14.449s] -- Installing: /home/devpc/Desktop/microros_ws/install/builtin_interfaces/lib/python3.8/site-packages/builtin_interfaces/builtin_interfaces_s__rosidl_typesupport_microxrcedds_c.cpython-38-x86_64-linux-gnu.so
[14.450s] -- Set runtime path of "/home/devpc/Desktop/microros_ws/install/builtin_interfaces/lib/python3.8/site-packages/builtin_interfaces/builtin_interfaces_s__rosidl_typesupport_microxrcedds_c.cpython-38-x86_64-linux-gnu.so" to ""
[14.450s] -- Installing: /home/devpc/Desktop/microros_ws/install/builtin_interfaces/lib/python3.8/site-packages/builtin_interfaces/builtin_interfaces_s__rosidl_typesupport_fastrtps_c.cpython-38-x86_64-linux-gnu.so
[14.451s] -- Set runtime path of "/home/devpc/Desktop/microros_ws/install/builtin_interfaces/lib/python3.8/site-packages/builtin_interfaces/builtin_interfaces_s__rosidl_typesupport_fastrtps_c.cpython-38-x86_64-linux-gnu.so" to ""
[14.452s] -- Installing: /home/devpc/Desktop/microros_ws/install/builtin_interfaces/lib/python3.8/site-packages/builtin_interfaces/builtin_interfaces_s__rosidl_typesupport_introspection_c.cpython-38-x86_64-linux-gnu.so
[14.453s] -- Set runtime path of "/home/devpc/Desktop/microros_ws/install/builtin_interfaces/lib/python3.8/site-packages/builtin_interfaces/builtin_interfaces_s__rosidl_typesupport_introspection_c.cpython-38-x86_64-linux-gnu.so" to ""
[14.454s] -- Installing: /home/devpc/Desktop/microros_ws/install/builtin_interfaces/lib/python3.8/site-packages/builtin_interfaces/builtin_interfaces_s__rosidl_typesupport_c.cpython-38-x86_64-linux-gnu.so
[14.455s] -- Set runtime path of "/home/devpc/Desktop/microros_ws/install/builtin_interfaces/lib/python3.8/site-packages/builtin_interfaces/builtin_interfaces_s__rosidl_typesupport_c.cpython-38-x86_64-linux-gnu.so" to ""
[14.455s] -- Installing: /home/devpc/Desktop/microros_ws/install/builtin_interfaces/lib/libbuiltin_interfaces__python.so
[14.456s] -- Set runtime path of "/home/devpc/Desktop/microros_ws/install/builtin_interfaces/lib/libbuiltin_interfaces__python.so" to ""
[14.456s] -- Installing: /home/devpc/Desktop/microros_ws/install/builtin_interfaces/share/builtin_interfaces/msg/Duration.idl
[14.457s] -- Installing: /home/devpc/Desktop/microros_ws/install/builtin_interfaces/share/builtin_interfaces/msg/Time.idl
[14.457s] -- Installing: /home/devpc/Desktop/microros_ws/install/builtin_interfaces/share/builtin_interfaces/msg/Duration.msg
[14.458s] -- Installing: /home/devpc/Desktop/microros_ws/install/builtin_interfaces/share/builtin_interfaces/msg/Time.msg
[14.458s] -- Installing: /home/devpc/Desktop/microros_ws/install/builtin_interfaces/share/ament_index/resource_index/package_run_dependencies/builtin_interfaces
[14.459s] -- Installing: /home/devpc/Desktop/microros_ws/install/builtin_interfaces/share/ament_index/resource_index/parent_prefix_path/builtin_interfaces
[14.459s] -- Installing: /home/devpc/Desktop/microros_ws/install/builtin_interfaces/share/builtin_interfaces/environment/ament_prefix_path.sh
[14.460s] -- Installing: /home/devpc/Desktop/microros_ws/install/builtin_interfaces/share/builtin_interfaces/environment/ament_prefix_path.dsv
[14.460s] -- Installing: /home/devpc/Desktop/microros_ws/install/builtin_interfaces/share/builtin_interfaces/environment/path.sh
[14.461s] -- Installing: /home/devpc/Desktop/microros_ws/install/builtin_interfaces/share/builtin_interfaces/environment/path.dsv
[14.461s] -- Installing: /home/devpc/Desktop/microros_ws/install/builtin_interfaces/share/builtin_interfaces/local_setup.bash
[14.462s] -- Installing: /home/devpc/Desktop/microros_ws/install/builtin_interfaces/share/builtin_interfaces/local_setup.sh
[14.462s] -- Installing: /home/devpc/Desktop/microros_ws/install/builtin_interfaces/share/builtin_interfaces/local_setup.zsh
[14.463s] -- Installing: /home/devpc/Desktop/microros_ws/install/builtin_interfaces/share/builtin_interfaces/local_setup.dsv
[14.463s] -- Installing: /home/devpc/Desktop/microros_ws/install/builtin_interfaces/share/builtin_interfaces/package.dsv
[14.464s] -- Installing: /home/devpc/Desktop/microros_ws/install/builtin_interfaces/share/ament_index/resource_index/packages/builtin_interfaces
[14.464s] -- Installing: /home/devpc/Desktop/microros_ws/install/builtin_interfaces/share/builtin_interfaces/cmake/builtin_interfaces__rosidl_generator_cExport.cmake
[14.465s] -- Installing: /home/devpc/Desktop/microros_ws/install/builtin_interfaces/share/builtin_interfaces/cmake/builtin_interfaces__rosidl_generator_cExport-noconfig.cmake
[14.465s] -- Installing: /home/devpc/Desktop/microros_ws/install/builtin_interfaces/share/builtin_interfaces/cmake/builtin_interfaces__rosidl_typesupport_introspection_cExport.cmake
[14.466s] -- Installing: /home/devpc/Desktop/microros_ws/install/builtin_interfaces/share/builtin_interfaces/cmake/builtin_interfaces__rosidl_typesupport_introspection_cExport-noconfig.cmake
[14.467s] -- Installing: /home/devpc/Desktop/microros_ws/install/builtin_interfaces/share/builtin_interfaces/cmake/builtin_interfaces__rosidl_typesupport_cExport.cmake
[14.467s] -- Installing: /home/devpc/Desktop/microros_ws/install/builtin_interfaces/share/builtin_interfaces/cmake/builtin_interfaces__rosidl_typesupport_cExport-noconfig.cmake
[14.473s] -- Installing: /home/devpc/Desktop/microros_ws/install/builtin_interfaces/share/builtin_interfaces/cmake/builtin_interfaces__rosidl_generator_cppExport.cmake
[14.474s] -- Installing: /home/devpc/Desktop/microros_ws/install/builtin_interfaces/share/builtin_interfaces/cmake/builtin_interfaces__rosidl_typesupport_introspection_cppExport.cmake
[14.474s] -- Installing: /home/devpc/Desktop/microros_ws/install/builtin_interfaces/share/builtin_interfaces/cmake/builtin_interfaces__rosidl_typesupport_introspection_cppExport-noconfig.cmake
[14.475s] -- Installing: /home/devpc/Desktop/microros_ws/install/builtin_interfaces/share/builtin_interfaces/cmake/builtin_interfaces__rosidl_typesupport_cppExport.cmake
[14.475s] -- Installing: /home/devpc/Desktop/microros_ws/install/builtin_interfaces/share/builtin_interfaces/cmake/builtin_interfaces__rosidl_typesupport_cppExport-noconfig.cmake
[14.476s] -- Installing: /home/devpc/Desktop/microros_ws/install/builtin_interfaces/share/builtin_interfaces/cmake/rosidl_cmake-extras.cmake
[14.476s] -- Installing: /home/devpc/Desktop/microros_ws/install/builtin_interfaces/share/builtin_interfaces/cmake/ament_cmake_export_dependencies-extras.cmake
[14.477s] -- Installing: /home/devpc/Desktop/microros_ws/install/builtin_interfaces/share/builtin_interfaces/cmake/ament_cmake_export_libraries-extras.cmake
[14.477s] -- Installing: /home/devpc/Desktop/microros_ws/install/builtin_interfaces/share/builtin_interfaces/cmake/ament_cmake_export_targets-extras.cmake
[14.478s] -- Installing: /home/devpc/Desktop/microros_ws/install/builtin_interfaces/share/builtin_interfaces/cmake/ament_cmake_export_include_directories-extras.cmake
[14.478s] -- Installing: /home/devpc/Desktop/microros_ws/install/builtin_interfaces/share/builtin_interfaces/cmake/rosidl_cmake_export_typesupport_libraries-extras.cmake
[14.478s] -- Installing: /home/devpc/Desktop/microros_ws/install/builtin_interfaces/share/builtin_interfaces/cmake/rosidl_cmake_export_typesupport_targets-extras.cmake
[14.479s] -- Installing: /home/devpc/Desktop/microros_ws/install/builtin_interfaces/share/builtin_interfaces/cmake/builtin_interfacesConfig.cmake
[14.479s] -- Installing: /home/devpc/Desktop/microros_ws/install/builtin_interfaces/share/builtin_interfaces/cmake/builtin_interfacesConfig-version.cmake
[14.480s] -- Installing: /home/devpc/Desktop/microros_ws/install/builtin_interfaces/share/builtin_interfaces/package.xml
[14.494s] Invoked command in '/home/devpc/Desktop/microros_ws/build/builtin_interfaces' returned '0': CMAKE_PREFIX_PATH=${CMAKE_PREFIX_PATH}:/home/devpc/Desktop/quad_ws/install/quad:/opt/ros/foxy /usr/bin/cmake --install /home/devpc/Desktop/microros_ws/build/builtin_interfaces
