[0.658s] Invoking command in '/home/devpc/Desktop/quad_ws/src/quad': PYTHONPATH=/home/devpc/Desktop/quad_ws/install/quad/lib/python3.8/site-packages:${PYTHONPATH} /usr/bin/python3 setup.py egg_info --egg-base ../../build/quad build --build-base /home/devpc/Desktop/quad_ws/build/quad/build install --prefix /home/devpc/Desktop/quad_ws/install/quad --record /home/devpc/Desktop/quad_ws/build/quad/install.log --single-version-externally-managed
[0.973s] running egg_info
[0.974s] writing ../../build/quad/quad.egg-info/PKG-INFO
[0.974s] writing dependency_links to ../../build/quad/quad.egg-info/dependency_links.txt
[0.974s] writing entry points to ../../build/quad/quad.egg-info/entry_points.txt
[0.974s] writing requirements to ../../build/quad/quad.egg-info/requires.txt
[0.974s] writing top-level names to ../../build/quad/quad.egg-info/top_level.txt
[1.012s] reading manifest file '../../build/quad/quad.egg-info/SOURCES.txt'
[1.013s] writing manifest file '../../build/quad/quad.egg-info/SOURCES.txt'
[1.013s] running build
[1.013s] running build_py
[1.014s] running install
[1.015s] running install_lib
[1.016s] running install_data
[1.017s] copying quad/urdf/quad_macro.xacro -> /home/devpc/Desktop/quad_ws/install/quad/share/quad/urdf
[1.017s] copying quad/urdf/quad.urdf.xacro -> /home/devpc/Desktop/quad_ws/install/quad/share/quad/urdf
[1.017s] copying quad/urdf/quad_transmissions.xacro -> /home/devpc/Desktop/quad_ws/install/quad/share/quad/urdf
[1.018s] running install_egg_info
[1.019s] removing '/home/devpc/Desktop/quad_ws/install/quad/lib/python3.8/site-packages/quad-0.0.1-py3.8.egg-info' (and everything under it)
[1.020s] Copying ../../build/quad/quad.egg-info to /home/devpc/Desktop/quad_ws/install/quad/lib/python3.8/site-packages/quad-0.0.1-py3.8.egg-info
[1.021s] running install_scripts
[1.037s] Installing motion_servos_calibration script to /home/devpc/Desktop/quad_ws/install/quad/lib/quad
[1.037s] Installing quad script to /home/devpc/Desktop/quad_ws/install/quad/lib/quad
[1.037s] writing list of installed files to '/home/devpc/Desktop/quad_ws/build/quad/install.log'
[1.061s] Invoked command in '/home/devpc/Desktop/quad_ws/src/quad' returned '0': PYTHONPATH=/home/devpc/Desktop/quad_ws/install/quad/lib/python3.8/site-packages:${PYTHONPATH} /usr/bin/python3 setup.py egg_info --egg-base ../../build/quad build --build-base /home/devpc/Desktop/quad_ws/build/quad/build install --prefix /home/devpc/Desktop/quad_ws/install/quad --record /home/devpc/Desktop/quad_ws/build/quad/install.log --single-version-externally-managed
