[0.783s] Invoking command in '/home/devpc/Desktop/quad_ws/src/quad': PYTHONPATH=/home/devpc/Desktop/quad_ws/install/quad/lib/python3.8/site-packages:${PYTHONPATH} /usr/bin/python3 setup.py egg_info --egg-base ../../build/quad build --build-base /home/devpc/Desktop/quad_ws/build/quad/build install --prefix /home/devpc/Desktop/quad_ws/install/quad --record /home/devpc/Desktop/quad_ws/build/quad/install.log --single-version-externally-managed
[1.122s] running egg_info
[1.123s] writing ../../build/quad/quad.egg-info/PKG-INFO
[1.124s] writing dependency_links to ../../build/quad/quad.egg-info/dependency_links.txt
[1.124s] writing entry points to ../../build/quad/quad.egg-info/entry_points.txt
[1.124s] writing requirements to ../../build/quad/quad.egg-info/requires.txt
[1.125s] writing top-level names to ../../build/quad/quad.egg-info/top_level.txt
[1.171s] reading manifest file '../../build/quad/quad.egg-info/SOURCES.txt'
[1.172s] writing manifest file '../../build/quad/quad.egg-info/SOURCES.txt'
[1.173s] running build
[1.173s] running build_py
[1.173s] running install
[1.174s] running install_lib
[1.176s] running install_data
[1.177s] copying quad/src/__init__.py -> /home/devpc/Desktop/quad_ws/install/quad/share/quad/src
[1.177s] copying quad/src/model.py -> /home/devpc/Desktop/quad_ws/install/quad/share/quad/src
[1.178s] copying quad/src/beizer_stepper.py -> /home/devpc/Desktop/quad_ws/install/quad/share/quad/src
[1.178s] copying quad/src/env_tester.py -> /home/devpc/Desktop/quad_ws/install/quad/share/quad/src
[1.178s] copying quad/src/kinematics.py -> /home/devpc/Desktop/quad_ws/install/quad/share/quad/src
[1.179s] copying quad/src/heightfield.py -> /home/devpc/Desktop/quad_ws/install/quad/share/quad/src
[1.179s] copying quad/src/motor_model.py -> /home/devpc/Desktop/quad_ws/install/quad/share/quad/src
[1.179s] copying quad/src/bezier_gait.py -> /home/devpc/Desktop/quad_ws/install/quad/share/quad/src
[1.180s] copying quad/src/env_randomizer_base.py -> /home/devpc/Desktop/quad_ws/install/quad/share/quad/src
[1.180s] copying quad/src/matrix_transforms.py -> /home/devpc/Desktop/quad_ws/install/quad/share/quad/src
[1.180s] running install_egg_info
[1.181s] removing '/home/devpc/Desktop/quad_ws/install/quad/lib/python3.8/site-packages/quad-0.0.1-py3.8.egg-info' (and everything under it)
[1.181s] Copying ../../build/quad/quad.egg-info to /home/devpc/Desktop/quad_ws/install/quad/lib/python3.8/site-packages/quad-0.0.1-py3.8.egg-info
[1.181s] running install_scripts
[1.202s] Installing motion_servos_calibration script to /home/devpc/Desktop/quad_ws/install/quad/lib/quad
[1.203s] Installing quad script to /home/devpc/Desktop/quad_ws/install/quad/lib/quad
[1.206s] writing list of installed files to '/home/devpc/Desktop/quad_ws/build/quad/install.log'
[1.237s] Invoked command in '/home/devpc/Desktop/quad_ws/src/quad' returned '0': PYTHONPATH=/home/devpc/Desktop/quad_ws/install/quad/lib/python3.8/site-packages:${PYTHONPATH} /usr/bin/python3 setup.py egg_info --egg-base ../../build/quad build --build-base /home/devpc/Desktop/quad_ws/build/quad/build install --prefix /home/devpc/Desktop/quad_ws/install/quad --record /home/devpc/Desktop/quad_ws/build/quad/install.log --single-version-externally-managed
