-- Install configuration: ""
-- Up-to-date: /home/devpc/Desktop/quad_ws/install/xacro/share/xacro/environment/completion.bash
-- Up-to-date: /home/devpc/Desktop/quad_ws/install/xacro/share/xacro/environment/pythonpath.sh
-- Up-to-date: /home/devpc/Desktop/quad_ws/install/xacro/share/xacro/environment/pythonpath.dsv
-- Up-to-date: /home/devpc/Desktop/quad_ws/install/xacro/lib/python3.8/site-packages/xacro
-- Up-to-date: /home/devpc/Desktop/quad_ws/install/xacro/lib/python3.8/site-packages/xacro/substitution_args.py
-- Up-to-date: /home/devpc/Desktop/quad_ws/install/xacro/lib/python3.8/site-packages/xacro/__init__.py
-- Up-to-date: /home/devpc/Desktop/quad_ws/install/xacro/lib/python3.8/site-packages/xacro/xmlutils.py
-- Up-to-date: /home/devpc/Desktop/quad_ws/install/xacro/lib/python3.8/site-packages/xacro/cli.py
-- Up-to-date: /home/devpc/Desktop/quad_ws/install/xacro/lib/python3.8/site-packages/xacro/color.py
Listing '/home/devpc/Desktop/quad_ws/install/xacro/lib/python3.8/site-packages/xacro'...
-- Up-to-date: /home/devpc/Desktop/quad_ws/install/xacro/bin/xacro
-- Up-to-date: /home/devpc/Desktop/quad_ws/install/xacro/lib/xacro/xacro
-- Up-to-date: /home/devpc/Desktop/quad_ws/install/xacro/share/ament_index/resource_index/package_run_dependencies/xacro
-- Up-to-date: /home/devpc/Desktop/quad_ws/install/xacro/share/ament_index/resource_index/parent_prefix_path/xacro
-- Up-to-date: /home/devpc/Desktop/quad_ws/install/xacro/share/xacro/environment/ament_prefix_path.sh
-- Up-to-date: /home/devpc/Desktop/quad_ws/install/xacro/share/xacro/environment/ament_prefix_path.dsv
-- Up-to-date: /home/devpc/Desktop/quad_ws/install/xacro/share/xacro/environment/path.sh
-- Up-to-date: /home/devpc/Desktop/quad_ws/install/xacro/share/xacro/environment/path.dsv
-- Up-to-date: /home/devpc/Desktop/quad_ws/install/xacro/share/xacro/local_setup.bash
-- Up-to-date: /home/devpc/Desktop/quad_ws/install/xacro/share/xacro/local_setup.sh
-- Up-to-date: /home/devpc/Desktop/quad_ws/install/xacro/share/xacro/local_setup.zsh
-- Up-to-date: /home/devpc/Desktop/quad_ws/install/xacro/share/xacro/local_setup.dsv
-- Up-to-date: /home/devpc/Desktop/quad_ws/install/xacro/share/xacro/package.dsv
-- Up-to-date: /home/devpc/Desktop/quad_ws/install/xacro/share/ament_index/resource_index/packages/xacro
-- Up-to-date: /home/devpc/Desktop/quad_ws/install/xacro/share/xacro/cmake/xacro-extras.cmake
-- Up-to-date: /home/devpc/Desktop/quad_ws/install/xacro/share/xacro/cmake/xacroConfig.cmake
-- Up-to-date: /home/devpc/Desktop/quad_ws/install/xacro/share/xacro/cmake/xacroConfig-version.cmake
-- Up-to-date: /home/devpc/Desktop/quad_ws/install/xacro/share/xacro/package.xml
