[0.243s] Invoking command in '/home/devpc/Desktop/quad_ws/src/quad': PYTHONPATH=/home/devpc/Desktop/quad_ws/install/quad/lib/python3.8/site-packages:${PYTHONPATH} /usr/bin/python3 setup.py egg_info --egg-base ../../build/quad build --build-base /home/devpc/Desktop/quad_ws/build/quad/build install --prefix /home/devpc/Desktop/quad_ws/install/quad --record /home/devpc/Desktop/quad_ws/build/quad/install.log --single-version-externally-managed
[0.437s] running egg_info
[0.438s] writing ../../build/quad/quad.egg-info/PKG-INFO
[0.438s] writing dependency_links to ../../build/quad/quad.egg-info/dependency_links.txt
[0.438s] writing entry points to ../../build/quad/quad.egg-info/entry_points.txt
[0.438s] writing requirements to ../../build/quad/quad.egg-info/requires.txt
[0.438s] writing top-level names to ../../build/quad/quad.egg-info/top_level.txt
[0.475s] reading manifest file '../../build/quad/quad.egg-info/SOURCES.txt'
[0.475s] writing manifest file '../../build/quad/quad.egg-info/SOURCES.txt'
[0.475s] running build
[0.476s] running build_py
[0.476s] running install
[0.476s] running install_lib
[0.478s] running install_data
[0.478s] running install_egg_info
[0.479s] removing '/home/devpc/Desktop/quad_ws/install/quad/lib/python3.8/site-packages/quad-0.0.0-py3.8.egg-info' (and everything under it)
[0.480s] Copying ../../build/quad/quad.egg-info to /home/devpc/Desktop/quad_ws/install/quad/lib/python3.8/site-packages/quad-0.0.0-py3.8.egg-info
[0.481s] running install_scripts
[0.496s] Installing quad script to /home/devpc/Desktop/quad_ws/install/quad/lib/quad
[0.496s] writing list of installed files to '/home/devpc/Desktop/quad_ws/build/quad/install.log'
[0.515s] Invoked command in '/home/devpc/Desktop/quad_ws/src/quad' returned '0': PYTHONPATH=/home/devpc/Desktop/quad_ws/install/quad/lib/python3.8/site-packages:${PYTHONPATH} /usr/bin/python3 setup.py egg_info --egg-base ../../build/quad build --build-base /home/devpc/Desktop/quad_ws/build/quad/build install --prefix /home/devpc/Desktop/quad_ws/install/quad --record /home/devpc/Desktop/quad_ws/build/quad/install.log --single-version-externally-managed
