[0.698s] Invoking command in '/home/devpc/Desktop/quad_ws/src/teleop_twist_keyboard-dashing': PYTHONPATH=/home/devpc/Desktop/quad_ws/install/teleop_twist_keyboard/lib/python3.8/site-packages:${PYTHONPATH} /usr/bin/python3 setup.py egg_info --egg-base ../../build/teleop_twist_keyboard build --build-base /home/devpc/Desktop/quad_ws/build/teleop_twist_keyboard/build install --prefix /home/devpc/Desktop/quad_ws/install/teleop_twist_keyboard --record /home/devpc/Desktop/quad_ws/build/teleop_twist_keyboard/install.log --single-version-externally-managed
[0.947s] running egg_info
[0.950s] creating ../../build/teleop_twist_keyboard/teleop_twist_keyboard.egg-info
[0.950s] writing ../../build/teleop_twist_keyboard/teleop_twist_keyboard.egg-info/PKG-INFO
[0.950s] writing dependency_links to ../../build/teleop_twist_keyboard/teleop_twist_keyboard.egg-info/dependency_links.txt
[0.950s] writing entry points to ../../build/teleop_twist_keyboard/teleop_twist_keyboard.egg-info/entry_points.txt
[0.950s] writing requirements to ../../build/teleop_twist_keyboard/teleop_twist_keyboard.egg-info/requires.txt
[0.950s] writing top-level names to ../../build/teleop_twist_keyboard/teleop_twist_keyboard.egg-info/top_level.txt
[0.950s] writing manifest file '../../build/teleop_twist_keyboard/teleop_twist_keyboard.egg-info/SOURCES.txt'
[1.008s] reading manifest file '../../build/teleop_twist_keyboard/teleop_twist_keyboard.egg-info/SOURCES.txt'
[1.010s] writing manifest file '../../build/teleop_twist_keyboard/teleop_twist_keyboard.egg-info/SOURCES.txt'
[1.010s] running build
[1.010s] running build_py
[1.010s] creating /home/devpc/Desktop/quad_ws/build/teleop_twist_keyboard/build
[1.011s] creating /home/devpc/Desktop/quad_ws/build/teleop_twist_keyboard/build/lib
[1.011s] copying teleop_twist_keyboard.py -> /home/devpc/Desktop/quad_ws/build/teleop_twist_keyboard/build/lib
[1.011s] running install
[1.011s] running install_lib
[1.013s] copying /home/devpc/Desktop/quad_ws/build/teleop_twist_keyboard/build/lib/teleop_twist_keyboard.py -> /home/devpc/Desktop/quad_ws/install/teleop_twist_keyboard/lib/python3.8/site-packages
[1.013s] byte-compiling /home/devpc/Desktop/quad_ws/install/teleop_twist_keyboard/lib/python3.8/site-packages/teleop_twist_keyboard.py to teleop_twist_keyboard.cpython-38.pyc
[1.016s] running install_data
[1.017s] creating /home/devpc/Desktop/quad_ws/install/teleop_twist_keyboard/share/ament_index
[1.017s] creating /home/devpc/Desktop/quad_ws/install/teleop_twist_keyboard/share/ament_index/resource_index
[1.017s] creating /home/devpc/Desktop/quad_ws/install/teleop_twist_keyboard/share/ament_index/resource_index/packages
[1.017s] copying resource/teleop_twist_keyboard -> /home/devpc/Desktop/quad_ws/install/teleop_twist_keyboard/share/ament_index/resource_index/packages
[1.017s] copying package.xml -> /home/devpc/Desktop/quad_ws/install/teleop_twist_keyboard/share/teleop_twist_keyboard
[1.017s] running install_egg_info
[1.019s] Copying ../../build/teleop_twist_keyboard/teleop_twist_keyboard.egg-info to /home/devpc/Desktop/quad_ws/install/teleop_twist_keyboard/lib/python3.8/site-packages/teleop_twist_keyboard-2.3.2-py3.8.egg-info
[1.021s] running install_scripts
[1.045s] Installing teleop_twist_keyboard script to /home/devpc/Desktop/quad_ws/install/teleop_twist_keyboard/lib/teleop_twist_keyboard
[1.045s] writing list of installed files to '/home/devpc/Desktop/quad_ws/build/teleop_twist_keyboard/install.log'
[1.080s] Invoked command in '/home/devpc/Desktop/quad_ws/src/teleop_twist_keyboard-dashing' returned '0': PYTHONPATH=/home/devpc/Desktop/quad_ws/install/teleop_twist_keyboard/lib/python3.8/site-packages:${PYTHONPATH} /usr/bin/python3 setup.py egg_info --egg-base ../../build/teleop_twist_keyboard build --build-base /home/devpc/Desktop/quad_ws/build/teleop_twist_keyboard/build install --prefix /home/devpc/Desktop/quad_ws/install/teleop_twist_keyboard --record /home/devpc/Desktop/quad_ws/build/teleop_twist_keyboard/install.log --single-version-externally-managed
