[0.079s] Invoking command in '/home/devpc/Desktop/microros_ws/build/builtin_interfaces': CMAKE_PREFIX_PATH=${CMAKE_PREFIX_PATH}:/home/devpc/Desktop/microros_ws/install/sensor_msgs_py:/home/devpc/Desktop/quad_ws/install/quad:/opt/ros/foxy /usr/bin/cmake --build /home/devpc/Desktop/microros_ws/build/builtin_interfaces -- -j8 -l8
[0.165s] [  8%] Built target builtin_interfaces__rosidl_generator_c
[0.172s] [ 10%] Built target builtin_interfaces__cpp
[0.265s] [ 18%] Built target builtin_interfaces__rosidl_typesupport_microxrcedds_c
[0.276s] [ 26%] Built target builtin_interfaces__rosidl_typesupport_introspection_c
[0.295s] [ 34%] Built target builtin_interfaces__rosidl_typesupport_c
[0.298s] [ 42%] Built target builtin_interfaces__rosidl_typesupport_fastrtps_cpp
[0.338s] [ 51%] Built target builtin_interfaces__rosidl_typesupport_microxrcedds_cpp
[0.425s] [ 59%] Built target builtin_interfaces__rosidl_typesupport_introspection_cpp
[0.425s] [ 67%] Built target builtin_interfaces__rosidl_typesupport_fastrtps_c
[0.435s] [ 75%] Built target builtin_interfaces__rosidl_typesupport_cpp
[0.483s] [ 75%] Built target builtin_interfaces
[0.551s] [ 77%] Built target builtin_interfaces__py
[0.562s] [ 83%] Built target builtin_interfaces__python
[0.608s] [ 87%] Built target builtin_interfaces__rosidl_typesupport_c__pyext
[0.610s] [ 91%] Built target builtin_interfaces__rosidl_typesupport_introspection_c__pyext
[0.638s] [ 95%] Built target builtin_interfaces__rosidl_typesupport_microxrcedds_c__pyext
[0.648s] [100%] Built target builtin_interfaces__rosidl_typesupport_fastrtps_c__pyext
[0.710s] Invoked command in '/home/devpc/Desktop/microros_ws/build/builtin_interfaces' returned '0': CMAKE_PREFIX_PATH=${CMAKE_PREFIX_PATH}:/home/devpc/Desktop/microros_ws/install/sensor_msgs_py:/home/devpc/Desktop/quad_ws/install/quad:/opt/ros/foxy /usr/bin/cmake --build /home/devpc/Desktop/microros_ws/build/builtin_interfaces -- -j8 -l8
[0.919s] Invoking command in '/home/devpc/Desktop/microros_ws/build/builtin_interfaces': CMAKE_PREFIX_PATH=${CMAKE_PREFIX_PATH}:/home/devpc/Desktop/microros_ws/install/sensor_msgs_py:/home/devpc/Desktop/quad_ws/install/quad:/opt/ros/foxy /usr/bin/cmake --install /home/devpc/Desktop/microros_ws/build/builtin_interfaces
[0.940s] -- Install configuration: ""
[0.941s] -- Up-to-date: /home/devpc/Desktop/microros_ws/install/builtin_interfaces/share/ament_index/resource_index/rosidl_interfaces/builtin_interfaces
[0.941s] -- Up-to-date: /home/devpc/Desktop/microros_ws/install/builtin_interfaces/include/builtin_interfaces
[0.941s] -- Up-to-date: /home/devpc/Desktop/microros_ws/install/builtin_interfaces/include/builtin_interfaces/msg
[0.942s] -- Up-to-date: /home/devpc/Desktop/microros_ws/install/builtin_interfaces/include/builtin_interfaces/msg/detail
[0.942s] -- Up-to-date: /home/devpc/Desktop/microros_ws/install/builtin_interfaces/include/builtin_interfaces/msg/detail/duration__type_support.h
[0.942s] -- Up-to-date: /home/devpc/Desktop/microros_ws/install/builtin_interfaces/include/builtin_interfaces/msg/detail/time__type_support.h
[0.943s] -- Up-to-date: /home/devpc/Desktop/microros_ws/install/builtin_interfaces/include/builtin_interfaces/msg/detail/time__functions.h
[0.943s] -- Up-to-date: /home/devpc/Desktop/microros_ws/install/builtin_interfaces/include/builtin_interfaces/msg/detail/duration__functions.h
[0.943s] -- Up-to-date: /home/devpc/Desktop/microros_ws/install/builtin_interfaces/include/builtin_interfaces/msg/detail/time__struct.h
[0.943s] -- Up-to-date: /home/devpc/Desktop/microros_ws/install/builtin_interfaces/include/builtin_interfaces/msg/detail/time__functions.c
[0.943s] -- Up-to-date: /home/devpc/Desktop/microros_ws/install/builtin_interfaces/include/builtin_interfaces/msg/detail/duration__struct.h
[0.943s] -- Up-to-date: /home/devpc/Desktop/microros_ws/install/builtin_interfaces/include/builtin_interfaces/msg/detail/duration__functions.c
[0.944s] -- Up-to-date: /home/devpc/Desktop/microros_ws/install/builtin_interfaces/include/builtin_interfaces/msg/time.h
[0.944s] -- Up-to-date: /home/devpc/Desktop/microros_ws/install/builtin_interfaces/include/builtin_interfaces/msg/duration.h
[0.944s] -- Up-to-date: /home/devpc/Desktop/microros_ws/install/builtin_interfaces/include/builtin_interfaces/msg/rosidl_generator_c__visibility_control.h
[0.944s] -- Up-to-date: /home/devpc/Desktop/microros_ws/install/builtin_interfaces/share/builtin_interfaces/environment/library_path.sh
[0.945s] -- Up-to-date: /home/devpc/Desktop/microros_ws/install/builtin_interfaces/share/builtin_interfaces/environment/library_path.dsv
[0.945s] -- Up-to-date: /home/devpc/Desktop/microros_ws/install/builtin_interfaces/lib/libbuiltin_interfaces__rosidl_generator_c.so
[0.949s] -- Up-to-date: /home/devpc/Desktop/microros_ws/install/builtin_interfaces/include/builtin_interfaces
[0.950s] -- Up-to-date: /home/devpc/Desktop/microros_ws/install/builtin_interfaces/include/builtin_interfaces/msg
[0.950s] -- Up-to-date: /home/devpc/Desktop/microros_ws/install/builtin_interfaces/include/builtin_interfaces/msg/detail
[0.958s] -- Up-to-date: /home/devpc/Desktop/microros_ws/install/builtin_interfaces/include/builtin_interfaces/msg/detail/time__rosidl_typesupport_microxrcedds_c.h
[0.958s] -- Up-to-date: /home/devpc/Desktop/microros_ws/install/builtin_interfaces/include/builtin_interfaces/msg/detail/microxrcedds
[0.958s] -- Up-to-date: /home/devpc/Desktop/microros_ws/install/builtin_interfaces/include/builtin_interfaces/msg/detail/duration__rosidl_typesupport_microxrcedds_c.h
[0.958s] -- Up-to-date: /home/devpc/Desktop/microros_ws/install/builtin_interfaces/include/builtin_interfaces/msg/rosidl_typesupport_microxrcedds_c__visibility_control.h
[0.959s] -- Up-to-date: /home/devpc/Desktop/microros_ws/install/builtin_interfaces/lib/libbuiltin_interfaces__rosidl_typesupport_microxrcedds_c.so
[0.959s] -- Up-to-date: /home/devpc/Desktop/microros_ws/install/builtin_interfaces/include/builtin_interfaces
[0.959s] -- Up-to-date: /home/devpc/Desktop/microros_ws/install/builtin_interfaces/include/builtin_interfaces/msg
[0.959s] -- Up-to-date: /home/devpc/Desktop/microros_ws/install/builtin_interfaces/include/builtin_interfaces/msg/detail
[0.959s] -- Up-to-date: /home/devpc/Desktop/microros_ws/install/builtin_interfaces/include/builtin_interfaces/msg/detail/duration__rosidl_typesupport_fastrtps_c.h
[0.959s] -- Up-to-date: /home/devpc/Desktop/microros_ws/install/builtin_interfaces/include/builtin_interfaces/msg/detail/time__rosidl_typesupport_fastrtps_c.h
[0.959s] -- Up-to-date: /home/devpc/Desktop/microros_ws/install/builtin_interfaces/include/builtin_interfaces/msg/rosidl_typesupport_fastrtps_c__visibility_control.h
[0.960s] -- Up-to-date: /home/devpc/Desktop/microros_ws/install/builtin_interfaces/lib/libbuiltin_interfaces__rosidl_typesupport_fastrtps_c.so
[0.960s] -- Up-to-date: /home/devpc/Desktop/microros_ws/install/builtin_interfaces/include/builtin_interfaces
[0.960s] -- Up-to-date: /home/devpc/Desktop/microros_ws/install/builtin_interfaces/include/builtin_interfaces/msg
[0.960s] -- Up-to-date: /home/devpc/Desktop/microros_ws/install/builtin_interfaces/include/builtin_interfaces/msg/detail
[0.960s] -- Up-to-date: /home/devpc/Desktop/microros_ws/install/builtin_interfaces/include/builtin_interfaces/msg/detail/duration__rosidl_typesupport_fastrtps_cpp.hpp
[0.960s] -- Up-to-date: /home/devpc/Desktop/microros_ws/install/builtin_interfaces/include/builtin_interfaces/msg/detail/time__rosidl_typesupport_fastrtps_cpp.hpp
[0.960s] -- Up-to-date: /home/devpc/Desktop/microros_ws/install/builtin_interfaces/include/builtin_interfaces/msg/detail/dds_fastrtps
[0.961s] -- Up-to-date: /home/devpc/Desktop/microros_ws/install/builtin_interfaces/include/builtin_interfaces/msg/rosidl_typesupport_fastrtps_cpp__visibility_control.h
[0.961s] -- Up-to-date: /home/devpc/Desktop/microros_ws/install/builtin_interfaces/lib/libbuiltin_interfaces__rosidl_typesupport_fastrtps_cpp.so
[0.961s] -- Up-to-date: /home/devpc/Desktop/microros_ws/install/builtin_interfaces/include/builtin_interfaces
[0.961s] -- Up-to-date: /home/devpc/Desktop/microros_ws/install/builtin_interfaces/include/builtin_interfaces/msg
[0.961s] -- Up-to-date: /home/devpc/Desktop/microros_ws/install/builtin_interfaces/include/builtin_interfaces/msg/detail
[0.961s] -- Up-to-date: /home/devpc/Desktop/microros_ws/install/builtin_interfaces/include/builtin_interfaces/msg/detail/duration__type_support.c
[0.961s] -- Up-to-date: /home/devpc/Desktop/microros_ws/install/builtin_interfaces/include/builtin_interfaces/msg/detail/time__type_support.c
[0.962s] -- Up-to-date: /home/devpc/Desktop/microros_ws/install/builtin_interfaces/include/builtin_interfaces/msg/detail/time__rosidl_typesupport_introspection_c.h
[0.962s] -- Up-to-date: /home/devpc/Desktop/microros_ws/install/builtin_interfaces/include/builtin_interfaces/msg/detail/duration__rosidl_typesupport_introspection_c.h
[0.962s] -- Up-to-date: /home/devpc/Desktop/microros_ws/install/builtin_interfaces/include/builtin_interfaces/msg/rosidl_typesupport_introspection_c__visibility_control.h
[0.962s] -- Up-to-date: /home/devpc/Desktop/microros_ws/install/builtin_interfaces/lib/libbuiltin_interfaces__rosidl_typesupport_introspection_c.so
[0.962s] -- Up-to-date: /home/devpc/Desktop/microros_ws/install/builtin_interfaces/lib/libbuiltin_interfaces__rosidl_typesupport_c.so
[0.962s] -- Up-to-date: /home/devpc/Desktop/microros_ws/install/builtin_interfaces/include/builtin_interfaces
[0.963s] -- Up-to-date: /home/devpc/Desktop/microros_ws/install/builtin_interfaces/include/builtin_interfaces/msg
[0.964s] -- Up-to-date: /home/devpc/Desktop/microros_ws/install/builtin_interfaces/include/builtin_interfaces/msg/time.hpp
[0.965s] -- Up-to-date: /home/devpc/Desktop/microros_ws/install/builtin_interfaces/include/builtin_interfaces/msg/duration.hpp
[0.965s] -- Up-to-date: /home/devpc/Desktop/microros_ws/install/builtin_interfaces/include/builtin_interfaces/msg/detail
[0.965s] -- Up-to-date: /home/devpc/Desktop/microros_ws/install/builtin_interfaces/include/builtin_interfaces/msg/detail/time__traits.hpp
[0.965s] -- Up-to-date: /home/devpc/Desktop/microros_ws/install/builtin_interfaces/include/builtin_interfaces/msg/detail/time__struct.hpp
[0.965s] -- Up-to-date: /home/devpc/Desktop/microros_ws/install/builtin_interfaces/include/builtin_interfaces/msg/detail/duration__builder.hpp
[0.966s] -- Up-to-date: /home/devpc/Desktop/microros_ws/install/builtin_interfaces/include/builtin_interfaces/msg/detail/duration__traits.hpp
[0.966s] -- Up-to-date: /home/devpc/Desktop/microros_ws/install/builtin_interfaces/include/builtin_interfaces/msg/detail/duration__struct.hpp
[0.966s] -- Up-to-date: /home/devpc/Desktop/microros_ws/install/builtin_interfaces/include/builtin_interfaces/msg/detail/time__builder.hpp
[0.966s] -- Up-to-date: /home/devpc/Desktop/microros_ws/install/builtin_interfaces/include/builtin_interfaces
[0.966s] -- Up-to-date: /home/devpc/Desktop/microros_ws/install/builtin_interfaces/include/builtin_interfaces/msg
[0.966s] -- Up-to-date: /home/devpc/Desktop/microros_ws/install/builtin_interfaces/include/builtin_interfaces/msg/detail
[0.966s] -- Up-to-date: /home/devpc/Desktop/microros_ws/install/builtin_interfaces/include/builtin_interfaces/msg/detail/time__rosidl_typesupport_microxrcedds_cpp.hpp
[0.966s] -- Up-to-date: /home/devpc/Desktop/microros_ws/install/builtin_interfaces/include/builtin_interfaces/msg/detail/microxrcedds
[0.967s] -- Up-to-date: /home/devpc/Desktop/microros_ws/install/builtin_interfaces/include/builtin_interfaces/msg/detail/microxrcedds/time__type_support_cpp.cpp
[0.967s] -- Up-to-date: /home/devpc/Desktop/microros_ws/install/builtin_interfaces/include/builtin_interfaces/msg/detail/microxrcedds/duration__type_support_cpp.cpp
[0.967s] -- Up-to-date: /home/devpc/Desktop/microros_ws/install/builtin_interfaces/include/builtin_interfaces/msg/detail/duration__rosidl_typesupport_microxrcedds_cpp.hpp
[0.967s] -- Up-to-date: /home/devpc/Desktop/microros_ws/install/builtin_interfaces/include/builtin_interfaces/msg/rosidl_typesupport_microxrcedds_cpp__visibility_control.h
[0.968s] -- Up-to-date: /home/devpc/Desktop/microros_ws/install/builtin_interfaces/lib/libbuiltin_interfaces__rosidl_typesupport_microxrcedds_cpp.so
[0.968s] -- Up-to-date: /home/devpc/Desktop/microros_ws/install/builtin_interfaces/include/builtin_interfaces
[0.968s] -- Up-to-date: /home/devpc/Desktop/microros_ws/install/builtin_interfaces/include/builtin_interfaces/msg
[0.968s] -- Up-to-date: /home/devpc/Desktop/microros_ws/install/builtin_interfaces/include/builtin_interfaces/msg/detail
[0.968s] -- Up-to-date: /home/devpc/Desktop/microros_ws/install/builtin_interfaces/include/builtin_interfaces/msg/detail/duration__type_support.cpp
[0.969s] -- Up-to-date: /home/devpc/Desktop/microros_ws/install/builtin_interfaces/include/builtin_interfaces/msg/detail/time__rosidl_typesupport_introspection_cpp.hpp
[0.969s] -- Up-to-date: /home/devpc/Desktop/microros_ws/install/builtin_interfaces/include/builtin_interfaces/msg/detail/time__type_support.cpp
[0.969s] -- Up-to-date: /home/devpc/Desktop/microros_ws/install/builtin_interfaces/include/builtin_interfaces/msg/detail/duration__rosidl_typesupport_introspection_cpp.hpp
[0.969s] -- Up-to-date: /home/devpc/Desktop/microros_ws/install/builtin_interfaces/lib/libbuiltin_interfaces__rosidl_typesupport_introspection_cpp.so
[0.969s] -- Up-to-date: /home/devpc/Desktop/microros_ws/install/builtin_interfaces/lib/libbuiltin_interfaces__rosidl_typesupport_cpp.so
[0.969s] -- Up-to-date: /home/devpc/Desktop/microros_ws/install/builtin_interfaces/share/builtin_interfaces/environment/pythonpath.sh
[0.969s] -- Up-to-date: /home/devpc/Desktop/microros_ws/install/builtin_interfaces/share/builtin_interfaces/environment/pythonpath.dsv
[0.969s] -- Up-to-date: /home/devpc/Desktop/microros_ws/install/builtin_interfaces/lib/python3.8/site-packages/builtin_interfaces/__init__.py
[1.082s] -- Up-to-date: /home/devpc/Desktop/microros_ws/install/builtin_interfaces/lib/python3.8/site-packages/builtin_interfaces/msg
[1.082s] -- Up-to-date: /home/devpc/Desktop/microros_ws/install/builtin_interfaces/lib/python3.8/site-packages/builtin_interfaces/msg/_time_s.c
[1.082s] -- Up-to-date: /home/devpc/Desktop/microros_ws/install/builtin_interfaces/lib/python3.8/site-packages/builtin_interfaces/msg/__init__.py
[1.083s] -- Up-to-date: /home/devpc/Desktop/microros_ws/install/builtin_interfaces/lib/python3.8/site-packages/builtin_interfaces/msg/_duration.py
[1.083s] -- Up-to-date: /home/devpc/Desktop/microros_ws/install/builtin_interfaces/lib/python3.8/site-packages/builtin_interfaces/msg/_duration_s.c
[1.083s] -- Up-to-date: /home/devpc/Desktop/microros_ws/install/builtin_interfaces/lib/python3.8/site-packages/builtin_interfaces/msg/_time.py
[1.084s] -- Up-to-date: /home/devpc/Desktop/microros_ws/install/builtin_interfaces/lib/python3.8/site-packages/builtin_interfaces/builtin_interfaces_s__rosidl_typesupport_microxrcedds_c.cpython-38-x86_64-linux-gnu.so
[1.084s] -- Up-to-date: /home/devpc/Desktop/microros_ws/install/builtin_interfaces/lib/python3.8/site-packages/builtin_interfaces/builtin_interfaces_s__rosidl_typesupport_fastrtps_c.cpython-38-x86_64-linux-gnu.so
[1.084s] -- Up-to-date: /home/devpc/Desktop/microros_ws/install/builtin_interfaces/lib/python3.8/site-packages/builtin_interfaces/builtin_interfaces_s__rosidl_typesupport_introspection_c.cpython-38-x86_64-linux-gnu.so
[1.084s] -- Up-to-date: /home/devpc/Desktop/microros_ws/install/builtin_interfaces/lib/python3.8/site-packages/builtin_interfaces/builtin_interfaces_s__rosidl_typesupport_c.cpython-38-x86_64-linux-gnu.so
[1.084s] -- Up-to-date: /home/devpc/Desktop/microros_ws/install/builtin_interfaces/lib/libbuiltin_interfaces__python.so
[1.085s] -- Up-to-date: /home/devpc/Desktop/microros_ws/install/builtin_interfaces/share/builtin_interfaces/msg/Duration.idl
[1.085s] -- Up-to-date: /home/devpc/Desktop/microros_ws/install/builtin_interfaces/share/builtin_interfaces/msg/Time.idl
[1.085s] -- Up-to-date: /home/devpc/Desktop/microros_ws/install/builtin_interfaces/share/builtin_interfaces/msg/Duration.msg
[1.085s] -- Up-to-date: /home/devpc/Desktop/microros_ws/install/builtin_interfaces/share/builtin_interfaces/msg/Time.msg
[1.085s] -- Up-to-date: /home/devpc/Desktop/microros_ws/install/builtin_interfaces/share/ament_index/resource_index/package_run_dependencies/builtin_interfaces
[1.086s] -- Up-to-date: /home/devpc/Desktop/microros_ws/install/builtin_interfaces/share/ament_index/resource_index/parent_prefix_path/builtin_interfaces
[1.086s] -- Up-to-date: /home/devpc/Desktop/microros_ws/install/builtin_interfaces/share/builtin_interfaces/environment/ament_prefix_path.sh
[1.086s] -- Up-to-date: /home/devpc/Desktop/microros_ws/install/builtin_interfaces/share/builtin_interfaces/environment/ament_prefix_path.dsv
[1.086s] -- Up-to-date: /home/devpc/Desktop/microros_ws/install/builtin_interfaces/share/builtin_interfaces/environment/path.sh
[1.086s] -- Up-to-date: /home/devpc/Desktop/microros_ws/install/builtin_interfaces/share/builtin_interfaces/environment/path.dsv
[1.086s] -- Up-to-date: /home/devpc/Desktop/microros_ws/install/builtin_interfaces/share/builtin_interfaces/local_setup.bash
[1.086s] -- Up-to-date: /home/devpc/Desktop/microros_ws/install/builtin_interfaces/share/builtin_interfaces/local_setup.sh
[1.087s] -- Up-to-date: /home/devpc/Desktop/microros_ws/install/builtin_interfaces/share/builtin_interfaces/local_setup.zsh
[1.087s] -- Up-to-date: /home/devpc/Desktop/microros_ws/install/builtin_interfaces/share/builtin_interfaces/local_setup.dsv
[1.087s] -- Installing: /home/devpc/Desktop/microros_ws/install/builtin_interfaces/share/builtin_interfaces/package.dsv
[1.088s] -- Up-to-date: /home/devpc/Desktop/microros_ws/install/builtin_interfaces/share/ament_index/resource_index/packages/builtin_interfaces
[1.088s] -- Up-to-date: /home/devpc/Desktop/microros_ws/install/builtin_interfaces/share/builtin_interfaces/cmake/builtin_interfaces__rosidl_generator_cExport.cmake
[1.090s] -- Up-to-date: /home/devpc/Desktop/microros_ws/install/builtin_interfaces/share/builtin_interfaces/cmake/builtin_interfaces__rosidl_generator_cExport-noconfig.cmake
[1.091s] -- Up-to-date: /home/devpc/Desktop/microros_ws/install/builtin_interfaces/share/builtin_interfaces/cmake/builtin_interfaces__rosidl_typesupport_introspection_cExport.cmake
[1.091s] -- Up-to-date: /home/devpc/Desktop/microros_ws/install/builtin_interfaces/share/builtin_interfaces/cmake/builtin_interfaces__rosidl_typesupport_introspection_cExport-noconfig.cmake
[1.092s] -- Up-to-date: /home/devpc/Desktop/microros_ws/install/builtin_interfaces/share/builtin_interfaces/cmake/builtin_interfaces__rosidl_typesupport_cExport.cmake
[1.092s] -- Up-to-date: /home/devpc/Desktop/microros_ws/install/builtin_interfaces/share/builtin_interfaces/cmake/builtin_interfaces__rosidl_typesupport_cExport-noconfig.cmake
[1.092s] -- Up-to-date: /home/devpc/Desktop/microros_ws/install/builtin_interfaces/share/builtin_interfaces/cmake/builtin_interfaces__rosidl_generator_cppExport.cmake
[1.092s] -- Up-to-date: /home/devpc/Desktop/microros_ws/install/builtin_interfaces/share/builtin_interfaces/cmake/builtin_interfaces__rosidl_typesupport_introspection_cppExport.cmake
[1.092s] -- Up-to-date: /home/devpc/Desktop/microros_ws/install/builtin_interfaces/share/builtin_interfaces/cmake/builtin_interfaces__rosidl_typesupport_introspection_cppExport-noconfig.cmake
[1.092s] -- Up-to-date: /home/devpc/Desktop/microros_ws/install/builtin_interfaces/share/builtin_interfaces/cmake/builtin_interfaces__rosidl_typesupport_cppExport.cmake
[1.093s] -- Up-to-date: /home/devpc/Desktop/microros_ws/install/builtin_interfaces/share/builtin_interfaces/cmake/builtin_interfaces__rosidl_typesupport_cppExport-noconfig.cmake
[1.093s] -- Up-to-date: /home/devpc/Desktop/microros_ws/install/builtin_interfaces/share/builtin_interfaces/cmake/rosidl_cmake-extras.cmake
[1.093s] -- Up-to-date: /home/devpc/Desktop/microros_ws/install/builtin_interfaces/share/builtin_interfaces/cmake/ament_cmake_export_dependencies-extras.cmake
[1.093s] -- Up-to-date: /home/devpc/Desktop/microros_ws/install/builtin_interfaces/share/builtin_interfaces/cmake/ament_cmake_export_libraries-extras.cmake
[1.093s] -- Up-to-date: /home/devpc/Desktop/microros_ws/install/builtin_interfaces/share/builtin_interfaces/cmake/ament_cmake_export_targets-extras.cmake
[1.096s] -- Up-to-date: /home/devpc/Desktop/microros_ws/install/builtin_interfaces/share/builtin_interfaces/cmake/ament_cmake_export_include_directories-extras.cmake
[1.098s] -- Up-to-date: /home/devpc/Desktop/microros_ws/install/builtin_interfaces/share/builtin_interfaces/cmake/rosidl_cmake_export_typesupport_libraries-extras.cmake
[1.100s] -- Up-to-date: /home/devpc/Desktop/microros_ws/install/builtin_interfaces/share/builtin_interfaces/cmake/rosidl_cmake_export_typesupport_targets-extras.cmake
[1.100s] -- Up-to-date: /home/devpc/Desktop/microros_ws/install/builtin_interfaces/share/builtin_interfaces/cmake/builtin_interfacesConfig.cmake
[1.101s] -- Up-to-date: /home/devpc/Desktop/microros_ws/install/builtin_interfaces/share/builtin_interfaces/cmake/builtin_interfacesConfig-version.cmake
[1.101s] -- Up-to-date: /home/devpc/Desktop/microros_ws/install/builtin_interfaces/share/builtin_interfaces/package.xml
[1.171s] Invoked command in '/home/devpc/Desktop/microros_ws/build/builtin_interfaces' returned '0': CMAKE_PREFIX_PATH=${CMAKE_PREFIX_PATH}:/home/devpc/Desktop/microros_ws/install/sensor_msgs_py:/home/devpc/Desktop/quad_ws/install/quad:/opt/ros/foxy /usr/bin/cmake --install /home/devpc/Desktop/microros_ws/build/builtin_interfaces
